
WARNING: orio.module.loop.submodule.tile.transformation: tile size 8 must be greater than the stride value 8; tile index = iii
expected=268920.507472
actual=268920.445960
diff=0.000000
diff=1
expected=268920.029943
actual=268920.445960
diff=0.000000
diff=1
expected=268920.531615
actual=268920.445960
diff=0.000000
diff=1
expected=268920.517039
actual=268920.445960
diff=0.000000
diff=1
WARNING: orio.module.loop.submodule.tile.transformation: tile size 2048 must be greater than the stride value 2048; tile index = ttt
expected=268920.615768
actual=268920.445960
diff=0.000000
diff=1
Killed
[00;31mERROR: orio.main.tuner.ptest_driver:  failed to compile the testing code: "timeout --kill-after=30s --signal=9 20m gcc -O3 -fopenmp -DDYNAMIC  -DORIO_REPS=10 -o __orio_perftest6.exe __orio_perftest6.c timer_cpu.o -lm -lrt"[00m
[00;31mERROR: orio.main.tuner.ptest_driver:  the executable of the test code does not exist[00m
timeout: failed to run command ‘./__orio_perftest6.exe’: No such file or directory
[00;31mERROR: orio.main.tuner.ptest_driver: failed to execute the test code: "timeout --kill-after=30s --signal=9 20m  ./__orio_perftest6.exe  "
 --> CalledProcessError: Command 'timeout --kill-after=30s --signal=9 20m  ./__orio_perftest6.exe  ' returned non-zero exit status 127[00m
[00;31mERROR: orio.main.tuner.ptest_driver:  performance testing failed: "timeout --kill-after=30s --signal=9 20m  ./__orio_perftest6.exe  "[00m
expected=268919.329581
actual=268920.445960
diff=1.000000
diff=0
[00;31mERROR: orio.main.tuner.ptest_driver: failed to execute the test code: "timeout --kill-after=30s --signal=9 20m  ./__orio_perftest7.exe  "
 --> CalledProcessError: Command 'timeout --kill-after=30s --signal=9 20m  ./__orio_perftest7.exe  ' returned non-zero exit status 1[00m
[00;31mERROR: orio.main.tuner.ptest_driver:  performance testing failed: "timeout --kill-after=30s --signal=9 20m  ./__orio_perftest7.exe  "[00m
expected=268920.519961
actual=268920.445960
diff=0.000000
diff=1
expected=268920.701865
actual=268920.445960
diff=0.000000
diff=1
Killed
[00;31mERROR: orio.main.tuner.ptest_driver:  failed to compile the testing code: "timeout --kill-after=30s --signal=9 20m gcc -O3 -fopenmp -DDYNAMIC  -DORIO_REPS=10 -o __orio_perftest10.exe __orio_perftest10.c timer_cpu.o -lm -lrt"[00m
[00;31mERROR: orio.main.tuner.ptest_driver:  the executable of the test code does not exist[00m
timeout: failed to run command ‘./__orio_perftest10.exe’: No such file or directory
[00;31mERROR: orio.main.tuner.ptest_driver: failed to execute the test code: "timeout --kill-after=30s --signal=9 20m  ./__orio_perftest10.exe  "
 --> CalledProcessError: Command 'timeout --kill-after=30s --signal=9 20m  ./__orio_perftest10.exe  ' returned non-zero exit status 127[00m
[00;31mERROR: orio.main.tuner.ptest_driver:  performance testing failed: "timeout --kill-after=30s --signal=9 20m  ./__orio_perftest10.exe  "[00m
expected=268920.459133
actual=268920.445960
diff=0.000000
diff=1
expected=268920.466783
actual=268920.445960
diff=0.000000
diff=1
expected=268920.477765
actual=268920.445960
diff=0.000000
diff=1
expected=268920.758020
actual=268920.445960
diff=0.000000
diff=1
WARNING: orio.module.loop.submodule.tile.transformation: tile size 256 must be greater than the stride value 256; tile index = jjj
expected=268920.445615
actual=268920.445960
diff=0.000000
diff=1
WARNING: orio.module.loop.submodule.tile.transformation: tile size 4 must be greater than the stride value 4; tile index = jjj
expected=268920.598000
actual=268920.445960
diff=0.000000
diff=1
expected=268920.482603
actual=268920.445960
diff=0.000000
diff=1
expected=268920.513922
actual=268920.445960
diff=0.000000
diff=1
WARNING: orio.module.loop.submodule.tile.transformation: tile size 16 must be greater than the stride value 16; tile index = ttt
expected=268920.628206
actual=268920.445960
diff=0.000000
diff=1
expected=268920.500193
actual=268920.445960
diff=0.000000
diff=1
expected=268920.477095
actual=268920.445960
diff=0.000000
diff=1
expected=268920.604862
actual=268920.445960
diff=0.000000
diff=1
expected=268920.456531
actual=268920.445960
diff=0.000000
diff=1
WARNING: orio.module.loop.submodule.tile.transformation: tile size 8 must be greater than the stride value 8; tile index = iii
expected=268920.453363
actual=268920.445960
diff=0.000000
diff=1
WARNING: orio.module.loop.submodule.tile.transformation: tile size 2048 must be greater than the stride value 2048; tile index = iii
expected=268920.646929
actual=268920.445960
diff=0.000000
diff=1
expected=268920.688988
actual=268920.445960
diff=0.000000
diff=1
Killed
[00;31mERROR: orio.main.tuner.ptest_driver:  failed to compile the testing code: "timeout --kill-after=30s --signal=9 20m gcc -O3 -fopenmp -DDYNAMIC  -DORIO_REPS=10 -o __orio_perftest27.exe __orio_perftest27.c timer_cpu.o -lm -lrt"[00m
[00;31mERROR: orio.main.tuner.ptest_driver:  the executable of the test code does not exist[00m
timeout: failed to run command ‘./__orio_perftest27.exe’: No such file or directory
[00;31mERROR: orio.main.tuner.ptest_driver: failed to execute the test code: "timeout --kill-after=30s --signal=9 20m  ./__orio_perftest27.exe  "
 --> CalledProcessError: Command 'timeout --kill-after=30s --signal=9 20m  ./__orio_perftest27.exe  ' returned non-zero exit status 127[00m
[00;31mERROR: orio.main.tuner.ptest_driver:  performance testing failed: "timeout --kill-after=30s --signal=9 20m  ./__orio_perftest27.exe  "[00m
WARNING: orio.module.loop.submodule.tile.transformation: tile size 1024 must be greater than the stride value 1024; tile index = iii
Killed
[00;31mERROR: orio.main.tuner.ptest_driver:  failed to compile the testing code: "timeout --kill-after=30s --signal=9 20m gcc -O3 -fopenmp -DDYNAMIC  -DORIO_REPS=10 -o __orio_perftest28.exe __orio_perftest28.c timer_cpu.o -lm -lrt"[00m
[00;31mERROR: orio.main.tuner.ptest_driver:  the executable of the test code does not exist[00m
timeout: failed to run command ‘./__orio_perftest28.exe’: No such file or directory
[00;31mERROR: orio.main.tuner.ptest_driver: failed to execute the test code: "timeout --kill-after=30s --signal=9 20m  ./__orio_perftest28.exe  "
 --> CalledProcessError: Command 'timeout --kill-after=30s --signal=9 20m  ./__orio_perftest28.exe  ' returned non-zero exit status 127[00m
[00;31mERROR: orio.main.tuner.ptest_driver:  performance testing failed: "timeout --kill-after=30s --signal=9 20m  ./__orio_perftest28.exe  "[00m
WARNING: orio.module.loop.submodule.tile.transformation: tile size 256 must be greater than the stride value 256; tile index = ttt
expected=268920.595889
actual=268920.445960
diff=0.000000
diff=1
expected=268920.446046
actual=268920.445960
diff=0.000000
diff=1
WARNING: orio.module.loop.submodule.tile.transformation: tile size 16 must be greater than the stride value 16; tile index = ttt
expected=268920.446045
actual=268920.445960
diff=0.000000
diff=1
WARNING: orio.module.loop.submodule.tile.transformation: tile size 64 must be greater than the stride value 64; tile index = ttt
expected=268920.472303
actual=268920.445960
diff=0.000000
diff=1
WARNING: orio.module.loop.submodule.tile.transformation: tile size 8 must be greater than the stride value 8; tile index = iii
expected=268920.681944
actual=268920.445960
diff=0.000000
diff=1
expected=268920.503856
actual=268920.445960
diff=0.000000
diff=1
WARNING: orio.module.loop.submodule.tile.transformation: tile size 16 must be greater than the stride value 16; tile index = ttt
expected=268920.399172
actual=268920.445960
diff=0.000000
diff=1
WARNING: orio.module.loop.submodule.tile.transformation: tile size 256 must be greater than the stride value 256; tile index = ttt
expected=268920.592277
actual=268920.445960
diff=0.000000
diff=1
expected=268920.657466
actual=268920.445960
diff=0.000000
diff=1
WARNING: orio.module.loop.submodule.tile.transformation: tile size 64 must be greater than the stride value 64; tile index = iii
expected=268920.482614
actual=268920.445960
diff=0.000000
diff=1
expected=268920.515659
actual=268920.445960
diff=0.000000
diff=1
expected=268920.507105
actual=268920.445960
diff=0.000000
diff=1
expected=268920.453448
actual=268920.445960
diff=0.000000
diff=1
expected=268920.597234
actual=268920.445960
diff=0.000000
diff=1
WARNING: orio.module.loop.submodule.tile.transformation: tile size 256 must be greater than the stride value 256; tile index = ttt
WARNING: orio.module.loop.submodule.tile.transformation: tile size 2048 must be greater than the stride value 2048; tile index = jjj
expected=268920.555582
actual=268920.445960
diff=0.000000
diff=1
expected=268920.478676
actual=268920.445960
diff=0.000000
diff=1
WARNING: orio.module.loop.submodule.tile.transformation: tile size 8 must be greater than the stride value 8; tile index = jjj
expected=268920.767768
actual=268920.445960
diff=0.000000
diff=1
expected=268920.445960
actual=268920.445960
diff=0.000000
diff=1
expected=268920.477765
actual=268920.445960
diff=0.000000
diff=1
expected=268920.502714
actual=268920.445960
diff=0.000000
diff=1
expected=268920.445960
actual=268920.445960
diff=0.000000
diff=1
expected=268919.656393
actual=268920.445960
diff=0.000000
diff=1
expected=268920.414574
actual=268920.445960
diff=0.000000
diff=1
expected=268920.776157
actual=268920.445960
diff=0.000000
diff=1
WARNING: orio.module.loop.submodule.tile.transformation: tile size 32 must be greater than the stride value 32; tile index = iii
expected=268920.519599
actual=268920.445960
diff=0.000000
diff=1
expected=268920.440124
actual=268920.445960
diff=0.000000
diff=1
expected=268920.581647
actual=268920.445960
diff=0.000000
diff=1
expected=268920.473087
actual=268920.445960
diff=0.000000
diff=1
WARNING: orio.module.loop.submodule.tile.transformation: tile size 1024 must be greater than the stride value 1024; tile index = iii
WARNING: orio.module.loop.submodule.tile.transformation: tile size 2048 must be greater than the stride value 2048; tile index = jjj
expected=268920.473087
actual=268920.445960
diff=0.000000
diff=1
WARNING: orio.module.loop.submodule.tile.transformation: tile size 512 must be greater than the stride value 512; tile index = iii
expected=268920.624560
actual=268920.445960
diff=0.000000
diff=1
expected=268920.469037
actual=268920.445960
diff=0.000000
diff=1
WARNING: orio.module.loop.submodule.tile.transformation: tile size 512 must be greater than the stride value 512; tile index = jjj
expected=268920.503856
actual=268920.445960
diff=0.000000
diff=1
expected=268921.042844
actual=268920.445960
diff=0.000000
diff=1
expected=268920.491410
actual=268920.445960
diff=0.000000
diff=1
expected=268920.519599
actual=268920.445960
diff=0.000000
diff=1
expected=268920.517679
actual=268920.445960
diff=0.000000
diff=1
expected=268920.071417
actual=268920.445960
diff=0.000000
diff=1
expected=268921.198531
actual=268920.445960
diff=0.000000
diff=1
WARNING: orio.module.loop.submodule.tile.transformation: tile size 2048 must be greater than the stride value 2048; tile index = iii
expected=268920.503856
actual=268920.445960
diff=0.000000
diff=1
WARNING: orio.module.loop.submodule.tile.transformation: tile size 64 must be greater than the stride value 64; tile index = iii
expected=268920.503517
actual=268920.445960
diff=0.000000
diff=1
expected=268920.285171
actual=268920.445960
diff=0.000000
diff=1
WARNING: orio.module.loop.submodule.tile.transformation: tile size 16 must be greater than the stride value 16; tile index = jjj
expected=268920.519599
actual=268920.445960
diff=0.000000
diff=1
expected=268920.504784
actual=268920.445960
diff=0.000000
diff=1
WARNING: orio.module.loop.submodule.tile.transformation: tile size 16 must be greater than the stride value 16; tile index = iii
expected=268920.468268
actual=268920.445960
diff=0.000000
diff=1
WARNING: orio.module.loop.submodule.tile.transformation: tile size 256 must be greater than the stride value 256; tile index = iii
expected=268920.457953
actual=268920.445960
diff=0.000000
diff=1
expected=268920.636789
actual=268920.445960
diff=0.000000
diff=1
expected=268920.629835
actual=268920.445960
diff=0.000000
diff=1
expected=268920.628490
actual=268920.445960
diff=0.000000
diff=1
expected=268920.486111
actual=268920.445960
diff=0.000000
diff=1
expected=268920.473087
actual=268920.445960
diff=0.000000
diff=1
expected=268920.619913
actual=268920.445960
diff=0.000000
diff=1
WARNING: orio.module.loop.submodule.tile.transformation: tile size 2048 must be greater than the stride value 2048; tile index = jjj
expected=268921.272209
actual=268920.445960
diff=0.000000
diff=1
expected=268920.379376
actual=268920.445960
diff=0.000000
diff=1
WARNING: orio.module.loop.submodule.tile.transformation: tile size 128 must be greater than the stride value 128; tile index = iii
expected=268920.825279
actual=268920.445960
diff=0.000000
diff=1
expected=268920.453363
actual=268920.445960
diff=0.000000
diff=1
expected=268920.500053
actual=268920.445960
diff=0.000000
diff=1
WARNING: orio.module.loop.submodule.tile.transformation: tile size 2048 must be greater than the stride value 2048; tile index = jjj
expected=268920.512787
actual=268920.445960
diff=0.000000
diff=1
expected=268920.500053
actual=268920.445960
diff=0.000000
diff=1
expected=268919.638498
actual=268920.445960
diff=0.000000
diff=1
expected=268920.565125
actual=268920.445960
diff=0.000000
diff=1
expected=268920.432197
actual=268920.445960
diff=0.000000
diff=1
expected=268920.830662
actual=268920.445960
diff=0.000000
diff=1
expected=268920.512818
actual=268920.445960
diff=0.000000
diff=1
expected=268920.480748
actual=268920.445960
diff=0.000000
diff=1
expected=268920.473137
actual=268920.445960
diff=0.000000
diff=1
expected=268920.566492
actual=268920.445960
diff=0.000000
diff=1
expected=268920.605726
actual=268920.445960
diff=0.000000
diff=1
WARNING: orio.module.loop.submodule.tile.transformation: tile size 512 must be greater than the stride value 512; tile index = iii
expected=268918.329910
actual=268920.445960
diff=2.000000
diff=0
[00;31mERROR: orio.main.tuner.ptest_driver: failed to execute the test code: "timeout --kill-after=30s --signal=9 20m  ./__orio_perftest96.exe  "
 --> CalledProcessError: Command 'timeout --kill-after=30s --signal=9 20m  ./__orio_perftest96.exe  ' returned non-zero exit status 1[00m
[00;31mERROR: orio.main.tuner.ptest_driver:  performance testing failed: "timeout --kill-after=30s --signal=9 20m  ./__orio_perftest96.exe  "[00m
expected=268920.167885
actual=268920.445960
diff=0.000000
diff=1
expected=268918.066130
actual=268920.445960
diff=2.000000
diff=0
[00;31mERROR: orio.main.tuner.ptest_driver: failed to execute the test code: "timeout --kill-after=30s --signal=9 20m  ./__orio_perftest98.exe  "
 --> CalledProcessError: Command 'timeout --kill-after=30s --signal=9 20m  ./__orio_perftest98.exe  ' returned non-zero exit status 1[00m
[00;31mERROR: orio.main.tuner.ptest_driver:  performance testing failed: "timeout --kill-after=30s --signal=9 20m  ./__orio_perftest98.exe  "[00m
expected=268919.878216
actual=268920.445960
diff=0.000000
diff=1
expected=268920.500053
actual=268920.445960
diff=0.000000
diff=1
WARNING: orio.module.loop.submodule.tile.transformation: tile size 2048 must be greater than the stride value 2048; tile index = iii
expected=268919.633318
actual=268920.445960
diff=0.000000
diff=1
expected=268920.457528
actual=268920.445960
diff=0.000000
diff=1
expected=268920.671778
actual=268920.445960
diff=0.000000
diff=1
expected=268920.478880
actual=268920.445960
diff=0.000000
diff=1
expected=268920.473087
actual=268920.445960
diff=0.000000
diff=1
expected=268920.613945
actual=268920.445960
diff=0.000000
diff=1
WARNING: orio.module.loop.submodule.tile.transformation: tile size 256 must be greater than the stride value 256; tile index = iii
expected=268919.699009
actual=268920.445960
diff=0.000000
diff=1
WARNING: orio.module.loop.submodule.tile.transformation: tile size 2048 must be greater than the stride value 2048; tile index = iii
expected=268920.216332
actual=268920.445960
diff=0.000000
diff=1
WARNING: orio.module.loop.submodule.tile.transformation: tile size 64 must be greater than the stride value 64; tile index = iii
expected=268917.125412
actual=268920.445960
diff=3.000000
diff=0
[00;31mERROR: orio.main.tuner.ptest_driver: failed to execute the test code: "timeout --kill-after=30s --signal=9 20m  ./__orio_perftest109.exe  "
 --> CalledProcessError: Command 'timeout --kill-after=30s --signal=9 20m  ./__orio_perftest109.exe  ' returned non-zero exit status 1[00m
[00;31mERROR: orio.main.tuner.ptest_driver:  performance testing failed: "timeout --kill-after=30s --signal=9 20m  ./__orio_perftest109.exe  "[00m
expected=268920.612600
actual=268920.445960
diff=0.000000
diff=1
expected=268920.611170
actual=268920.445960
diff=0.000000
diff=1
expected=268920.523218
actual=268920.445960
diff=0.000000
diff=1
expected=268920.548559
actual=268920.445960
diff=0.000000
diff=1
expected=268920.503856
actual=268920.445960
diff=0.000000
diff=1
expected=268920.634664
actual=268920.445960
diff=0.000000
diff=1
expected=268920.473743
actual=268920.445960
diff=0.000000
diff=1
expected=268927.342749
actual=268920.445960
diff=6.000000
diff=0
[00;31mERROR: orio.main.tuner.ptest_driver: failed to execute the test code: "timeout --kill-after=30s --signal=9 20m  ./__orio_perftest117.exe  "
 --> CalledProcessError: Command 'timeout --kill-after=30s --signal=9 20m  ./__orio_perftest117.exe  ' returned non-zero exit status 1[00m
[00;31mERROR: orio.main.tuner.ptest_driver:  performance testing failed: "timeout --kill-after=30s --signal=9 20m  ./__orio_perftest117.exe  "[00m
WARNING: orio.module.loop.submodule.tile.transformation: tile size 64 must be greater than the stride value 64; tile index = iii
expected=268920.790693
actual=268920.445960
diff=0.000000
diff=1
expected=268920.272149
actual=268920.445960
diff=0.000000
diff=1
expected=268920.093245
actual=268920.445960
diff=0.000000
diff=1
expected=268920.477508
actual=268920.445960
diff=0.000000
diff=1
expected=268920.571311
actual=268920.445960
diff=0.000000
diff=1
expected=268920.519391
actual=268920.445960
diff=0.000000
diff=1
expected=268920.304520
actual=268920.445960
diff=0.000000
diff=1
expected=268920.633671
actual=268920.445960
diff=0.000000
diff=1
expected=268920.519599
actual=268920.445960
diff=0.000000
diff=1
expected=268920.762702
actual=268920.445960
diff=0.000000
diff=1
expected=268920.500053
actual=268920.445960
diff=0.000000
diff=1
WARNING: orio.module.loop.submodule.tile.transformation: tile size 2048 must be greater than the stride value 2048; tile index = iii
expected=268920.450525
actual=268920.445960
diff=0.000000
diff=1
expected=268920.519599
actual=268920.445960
diff=0.000000
diff=1
expected=268920.934379
actual=268920.445960
diff=0.000000
diff=1
expected=268920.506068
actual=268920.445960
diff=0.000000
diff=1
expected=268921.162588
actual=268920.445960
diff=0.000000
diff=1
expected=268920.340570
actual=268920.445960
diff=0.000000
diff=1
expected=268920.425928
actual=268920.445960
diff=0.000000
diff=1
expected=268920.147713
actual=268920.445960
diff=0.000000
diff=1
expected=268920.351606
actual=268920.445960
diff=0.000000
diff=1
expected=268920.466887
actual=268920.445960
diff=0.000000
diff=1
expected=268920.702291
actual=268920.445960
diff=0.000000
diff=1
expected=268920.856631
actual=268920.445960
diff=0.000000
diff=1
expected=268916.384757
actual=268920.445960
diff=4.000000
diff=0
[00;31mERROR: orio.main.tuner.ptest_driver: failed to execute the test code: "timeout --kill-after=30s --signal=9 20m  ./__orio_perftest141.exe  "
 --> CalledProcessError: Command 'timeout --kill-after=30s --signal=9 20m  ./__orio_perftest141.exe  ' returned non-zero exit status 1[00m
[00;31mERROR: orio.main.tuner.ptest_driver:  performance testing failed: "timeout --kill-after=30s --signal=9 20m  ./__orio_perftest141.exe  "[00m
WARNING: orio.module.loop.submodule.tile.transformation: tile size 256 must be greater than the stride value 256; tile index = iii
expected=268920.570866
actual=268920.445960
diff=0.000000
diff=1
expected=268920.431025
actual=268920.445960
diff=0.000000
diff=1
expected=268920.500053
actual=268920.445960
diff=0.000000
diff=1
expected=268920.490200
actual=268920.445960
diff=0.000000
diff=1
expected=268919.773597
actual=268920.445960
diff=0.000000
diff=1
expected=268920.999149
actual=268920.445960
diff=0.000000
diff=1
expected=268920.561963
actual=268920.445960
diff=0.000000
diff=1
expected=268919.845059
actual=268920.445960
diff=0.000000
diff=1
expected=268920.491410
actual=268920.445960
diff=0.000000
diff=1
expected=268920.472589
actual=268920.445960
diff=0.000000
diff=1
expected=268920.471646
actual=268920.445960
diff=0.000000
diff=1
