
Killed
[00;31mERROR: orio.main.tuner.ptest_driver:  failed to compile the original version of the code: "timeout --kill-after=30s --signal=9 20m gcc -O3 -fopenmp -DDYNAMIC  -DORIO_REPS=10 -DORIGINAL -o __orio_perftest_original.exe __orio_perftest1.c timer_cpu.o -lm -lrt"[00m
Killed
[00;31mERROR: orio.main.tuner.ptest_driver:  failed to compile the testing code: "timeout --kill-after=30s --signal=9 20m gcc -O3 -fopenmp -DDYNAMIC  -DORIO_REPS=10 -o __orio_perftest1.exe __orio_perftest1.c timer_cpu.o -lm -lrt"[00m
[00;31mERROR: orio.main.tuner.ptest_driver:  the executable of the test code does not exist[00m
timeout: failed to run command ‘./__orio_perftest1.exe’: No such file or directory
[00;31mERROR: orio.main.tuner.ptest_driver: failed to execute the test code: "timeout --kill-after=30s --signal=9 20m  ./__orio_perftest1.exe  "
 --> CalledProcessError: Command 'timeout --kill-after=30s --signal=9 20m  ./__orio_perftest1.exe  ' returned non-zero exit status 127[00m
[00;31mERROR: orio.main.tuner.ptest_driver:  performance testing failed: "timeout --kill-after=30s --signal=9 20m  ./__orio_perftest1.exe  "[00m
expected=268920.108470
actual=268920.445960
diff=0.000000
diff=1
expected=268920.445960
actual=268920.445960
diff=0.000000
diff=1
expected=268920.479841
actual=268920.445960
diff=0.000000
diff=1
expected=268920.445960
actual=268920.445960
diff=0.000000
diff=1
WARNING: orio.module.loop.submodule.tile.transformation: tile size 1024 must be greater than the stride value 1024; tile index = jjj
expected=268921.475878
actual=268920.445960
diff=1.000000
diff=0
[00;31mERROR: orio.main.tuner.ptest_driver: failed to execute the test code: "timeout --kill-after=30s --signal=9 20m  ./__orio_perftest6.exe  "
 --> CalledProcessError: Command 'timeout --kill-after=30s --signal=9 20m  ./__orio_perftest6.exe  ' returned non-zero exit status 1[00m
[00;31mERROR: orio.main.tuner.ptest_driver:  performance testing failed: "timeout --kill-after=30s --signal=9 20m  ./__orio_perftest6.exe  "[00m
WARNING: orio.module.loop.submodule.tile.transformation: tile size 256 must be greater than the stride value 256; tile index = jjj
Killed
[00;31mERROR: orio.main.tuner.ptest_driver:  failed to compile the testing code: "timeout --kill-after=30s --signal=9 20m gcc -O3 -fopenmp -DDYNAMIC  -DORIO_REPS=10 -o __orio_perftest7.exe __orio_perftest7.c timer_cpu.o -lm -lrt"[00m
[00;31mERROR: orio.main.tuner.ptest_driver:  the executable of the test code does not exist[00m
timeout: failed to run command ‘./__orio_perftest7.exe’: No such file or directory
[00;31mERROR: orio.main.tuner.ptest_driver: failed to execute the test code: "timeout --kill-after=30s --signal=9 20m  ./__orio_perftest7.exe  "
 --> CalledProcessError: Command 'timeout --kill-after=30s --signal=9 20m  ./__orio_perftest7.exe  ' returned non-zero exit status 127[00m
[00;31mERROR: orio.main.tuner.ptest_driver:  performance testing failed: "timeout --kill-after=30s --signal=9 20m  ./__orio_perftest7.exe  "[00m
expected=268920.519859
actual=268920.445960
diff=0.000000
diff=1
expected=268920.569150
actual=268920.445960
diff=0.000000
diff=1
WARNING: orio.module.loop.submodule.tile.transformation: tile size 2 must be greater than the stride value 2; tile index = ttt
WARNING: orio.module.loop.submodule.tile.transformation: tile size 2048 must be greater than the stride value 2048; tile index = iii
expected=268920.515164
actual=268920.445960
diff=0.000000
diff=1
expected=268920.525129
actual=268920.445960
diff=0.000000
diff=1
expected=268921.090058
actual=268920.445960
diff=0.000000
diff=1
expected=268920.445638
actual=268920.445960
diff=0.000000
diff=1
expected=268920.425795
actual=268920.445960
diff=0.000000
diff=1
WARNING: orio.module.loop.submodule.tile.transformation: tile size 16 must be greater than the stride value 16; tile index = ttt
WARNING: orio.module.loop.submodule.tile.transformation: tile size 256 must be greater than the stride value 256; tile index = jjj
Killed
[00;31mERROR: orio.main.tuner.ptest_driver:  failed to compile the testing code: "timeout --kill-after=30s --signal=9 20m gcc -O3 -fopenmp -DDYNAMIC  -DORIO_REPS=10 -o __orio_perftest15.exe __orio_perftest15.c timer_cpu.o -lm -lrt"[00m
[00;31mERROR: orio.main.tuner.ptest_driver:  the executable of the test code does not exist[00m
timeout: failed to run command ‘./__orio_perftest15.exe’: No such file or directory
[00;31mERROR: orio.main.tuner.ptest_driver: failed to execute the test code: "timeout --kill-after=30s --signal=9 20m  ./__orio_perftest15.exe  "
 --> CalledProcessError: Command 'timeout --kill-after=30s --signal=9 20m  ./__orio_perftest15.exe  ' returned non-zero exit status 127[00m
[00;31mERROR: orio.main.tuner.ptest_driver:  performance testing failed: "timeout --kill-after=30s --signal=9 20m  ./__orio_perftest15.exe  "[00m
expected=268920.599418
actual=268920.445960
diff=0.000000
diff=1
Killed
[00;31mERROR: orio.main.tuner.ptest_driver:  failed to compile the testing code: "timeout --kill-after=30s --signal=9 20m gcc -O3 -fopenmp -DDYNAMIC  -DORIO_REPS=10 -o __orio_perftest17.exe __orio_perftest17.c timer_cpu.o -lm -lrt"[00m
[00;31mERROR: orio.main.tuner.ptest_driver:  the executable of the test code does not exist[00m
timeout: failed to run command ‘./__orio_perftest17.exe’: No such file or directory
[00;31mERROR: orio.main.tuner.ptest_driver: failed to execute the test code: "timeout --kill-after=30s --signal=9 20m  ./__orio_perftest17.exe  "
 --> CalledProcessError: Command 'timeout --kill-after=30s --signal=9 20m  ./__orio_perftest17.exe  ' returned non-zero exit status 127[00m
[00;31mERROR: orio.main.tuner.ptest_driver:  performance testing failed: "timeout --kill-after=30s --signal=9 20m  ./__orio_perftest17.exe  "[00m
WARNING: orio.module.loop.submodule.tile.transformation: tile size 256 must be greater than the stride value 256; tile index = iii
WARNING: orio.module.loop.submodule.tile.transformation: tile size 2 must be greater than the stride value 2; tile index = jjj
expected=268920.626677
actual=268920.445960
diff=0.000000
diff=1
expected=268920.571816
actual=268920.445960
diff=0.000000
diff=1
WARNING: orio.module.loop.submodule.tile.transformation: tile size 512 must be greater than the stride value 512; tile index = iii
expected=268920.347466
actual=268920.445960
diff=0.000000
diff=1
expected=268920.560969
actual=268920.445960
diff=0.000000
diff=1
expected=268920.602745
actual=268920.445960
diff=0.000000
diff=1
expected=268920.544254
actual=268920.445960
diff=0.000000
diff=1
expected=268920.518862
actual=268920.445960
diff=0.000000
diff=1
WARNING: orio.module.loop.submodule.tile.transformation: tile size 64 must be greater than the stride value 64; tile index = iii
expected=268920.563713
actual=268920.445960
diff=0.000000
diff=1
expected=268920.386353
actual=268920.445960
diff=0.000000
diff=1
expected=268920.570151
actual=268920.445960
diff=0.000000
diff=1
WARNING: orio.module.loop.submodule.tile.transformation: tile size 2 must be greater than the stride value 2; tile index = jjj
expected=268920.047980
actual=268920.445960
diff=0.000000
diff=1
WARNING: orio.module.loop.submodule.tile.transformation: tile size 4 must be greater than the stride value 4; tile index = iii
expected=268920.617384
actual=268920.445960
diff=0.000000
diff=1
WARNING: orio.module.loop.submodule.tile.transformation: tile size 2 must be greater than the stride value 2; tile index = ttt
WARNING: orio.module.loop.submodule.tile.transformation: tile size 128 must be greater than the stride value 128; tile index = iii
expected=268920.422640
actual=268920.445960
diff=0.000000
diff=1
expected=268920.111441
actual=268920.445960
diff=0.000000
diff=1
WARNING: orio.module.loop.submodule.tile.transformation: tile size 128 must be greater than the stride value 128; tile index = iii
expected=268920.568367
actual=268920.445960
diff=0.000000
diff=1
WARNING: orio.module.loop.submodule.tile.transformation: tile size 16 must be greater than the stride value 16; tile index = ttt
expected=268920.509940
actual=268920.445960
diff=0.000000
diff=1
WARNING: orio.module.loop.submodule.tile.transformation: tile size 1024 must be greater than the stride value 1024; tile index = jjj
expected=268920.495173
actual=268920.445960
diff=0.000000
diff=1
Killed
[00;31mERROR: orio.main.tuner.ptest_driver:  failed to compile the testing code: "timeout --kill-after=30s --signal=9 20m gcc -O3 -fopenmp -DDYNAMIC  -DORIO_REPS=10 -o __orio_perftest35.exe __orio_perftest35.c timer_cpu.o -lm -lrt"[00m
[00;31mERROR: orio.main.tuner.ptest_driver:  the executable of the test code does not exist[00m
timeout: failed to run command ‘./__orio_perftest35.exe’: No such file or directory
[00;31mERROR: orio.main.tuner.ptest_driver: failed to execute the test code: "timeout --kill-after=30s --signal=9 20m  ./__orio_perftest35.exe  "
 --> CalledProcessError: Command 'timeout --kill-after=30s --signal=9 20m  ./__orio_perftest35.exe  ' returned non-zero exit status 127[00m
[00;31mERROR: orio.main.tuner.ptest_driver:  performance testing failed: "timeout --kill-after=30s --signal=9 20m  ./__orio_perftest35.exe  "[00m
expected=268920.454834
actual=268920.445960
diff=0.000000
diff=1
WARNING: orio.module.loop.submodule.tile.transformation: tile size 256 must be greater than the stride value 256; tile index = jjj
expected=268919.832485
actual=268920.445960
diff=0.000000
diff=1
expected=268920.442643
actual=268920.445960
diff=0.000000
diff=1
expected=268925.062307
actual=268920.445960
diff=4.000000
diff=0
[00;31mERROR: orio.main.tuner.ptest_driver: failed to execute the test code: "timeout --kill-after=30s --signal=9 20m  ./__orio_perftest39.exe  "
 --> CalledProcessError: Command 'timeout --kill-after=30s --signal=9 20m  ./__orio_perftest39.exe  ' returned non-zero exit status 1[00m
[00;31mERROR: orio.main.tuner.ptest_driver:  performance testing failed: "timeout --kill-after=30s --signal=9 20m  ./__orio_perftest39.exe  "[00m
expected=268920.536513
actual=268920.445960
diff=0.000000
diff=1
expected=268920.362930
actual=268920.445960
diff=0.000000
diff=1
expected=268920.647842
actual=268920.445960
diff=0.000000
diff=1
expected=268920.363989
actual=268920.445960
diff=0.000000
diff=1
expected=268920.142482
actual=268920.445960
diff=0.000000
diff=1
WARNING: orio.module.loop.submodule.tile.transformation: tile size 1024 must be greater than the stride value 1024; tile index = iii
expected=268920.574217
actual=268920.445960
diff=0.000000
diff=1
WARNING: orio.module.loop.submodule.tile.transformation: tile size 512 must be greater than the stride value 512; tile index = jjj
expected=268921.540364
actual=268920.445960
diff=1.000000
diff=0
[00;31mERROR: orio.main.tuner.ptest_driver: failed to execute the test code: "timeout --kill-after=30s --signal=9 20m  ./__orio_perftest46.exe  "
 --> CalledProcessError: Command 'timeout --kill-after=30s --signal=9 20m  ./__orio_perftest46.exe  ' returned non-zero exit status 1[00m
[00;31mERROR: orio.main.tuner.ptest_driver:  performance testing failed: "timeout --kill-after=30s --signal=9 20m  ./__orio_perftest46.exe  "[00m
WARNING: orio.module.loop.submodule.tile.transformation: tile size 4 must be greater than the stride value 4; tile index = jjj
expected=268920.456868
actual=268920.445960
diff=0.000000
diff=1
WARNING: orio.module.loop.submodule.tile.transformation: tile size 1024 must be greater than the stride value 1024; tile index = ttt
expected=268920.605411
actual=268920.445960
diff=0.000000
diff=1
expected=268920.468419
actual=268920.445960
diff=0.000000
diff=1
expected=268920.503468
actual=268920.445960
diff=0.000000
diff=1
expected=268921.853338
actual=268920.445960
diff=1.000000
diff=0
[00;31mERROR: orio.main.tuner.ptest_driver: failed to execute the test code: "timeout --kill-after=30s --signal=9 20m  ./__orio_perftest51.exe  "
 --> CalledProcessError: Command 'timeout --kill-after=30s --signal=9 20m  ./__orio_perftest51.exe  ' returned non-zero exit status 1[00m
[00;31mERROR: orio.main.tuner.ptest_driver:  performance testing failed: "timeout --kill-after=30s --signal=9 20m  ./__orio_perftest51.exe  "[00m
WARNING: orio.module.loop.submodule.tile.transformation: tile size 1024 must be greater than the stride value 1024; tile index = iii
expected=268920.445654
actual=268920.445960
diff=0.000000
diff=1
expected=268920.456531
actual=268920.445960
diff=0.000000
diff=1
expected=268920.989848
actual=268920.445960
diff=0.000000
diff=1
WARNING: orio.module.loop.submodule.tile.transformation: tile size 16 must be greater than the stride value 16; tile index = iii
expected=268919.993206
actual=268920.445960
diff=0.000000
diff=1
expected=268920.506239
actual=268920.445960
diff=0.000000
diff=1
WARNING: orio.module.loop.submodule.tile.transformation: tile size 2 must be greater than the stride value 2; tile index = iii
expected=268920.552400
actual=268920.445960
diff=0.000000
diff=1
expected=268920.491410
actual=268920.445960
diff=0.000000
diff=1
expected=268919.878053
actual=268920.445960
diff=0.000000
diff=1
expected=268919.857266
actual=268920.445960
diff=0.000000
diff=1
expected=268920.500053
actual=268920.445960
diff=0.000000
diff=1
expected=268920.510761
actual=268920.445960
diff=0.000000
diff=1
expected=268920.446045
actual=268920.445960
diff=0.000000
diff=1
expected=268920.562977
actual=268920.445960
diff=0.000000
diff=1
expected=268920.621464
actual=268920.445960
diff=0.000000
diff=1
expected=268920.770253
actual=268920.445960
diff=0.000000
diff=1
expected=268920.477095
actual=268920.445960
diff=0.000000
diff=1
WARNING: orio.module.loop.submodule.tile.transformation: tile size 2 must be greater than the stride value 2; tile index = iii
WARNING: orio.module.loop.submodule.tile.transformation: tile size 16 must be greater than the stride value 16; tile index = jjj
expected=268920.446011
actual=268920.445960
diff=0.000000
diff=1
WARNING: orio.module.loop.submodule.tile.transformation: tile size 256 must be greater than the stride value 256; tile index = ttt
expected=268920.511421
actual=268920.445960
diff=0.000000
diff=1
WARNING: orio.module.loop.submodule.tile.transformation: tile size 256 must be greater than the stride value 256; tile index = jjj
expected=268920.519726
actual=268920.445960
diff=0.000000
diff=1
expected=268920.701096
actual=268920.445960
diff=0.000000
diff=1
expected=268920.461405
actual=268920.445960
diff=0.000000
diff=1
expected=268920.453363
actual=268920.445960
diff=0.000000
diff=1
Killed
[00;31mERROR: orio.main.tuner.ptest_driver:  failed to compile the testing code: "timeout --kill-after=30s --signal=9 20m gcc -O3 -fopenmp -DDYNAMIC  -DORIO_REPS=10 -o __orio_perftest74.exe __orio_perftest74.c timer_cpu.o -lm -lrt"[00m
[00;31mERROR: orio.main.tuner.ptest_driver:  the executable of the test code does not exist[00m
timeout: failed to run command ‘./__orio_perftest74.exe’: No such file or directory
[00;31mERROR: orio.main.tuner.ptest_driver: failed to execute the test code: "timeout --kill-after=30s --signal=9 20m  ./__orio_perftest74.exe  "
 --> CalledProcessError: Command 'timeout --kill-after=30s --signal=9 20m  ./__orio_perftest74.exe  ' returned non-zero exit status 127[00m
[00;31mERROR: orio.main.tuner.ptest_driver:  performance testing failed: "timeout --kill-after=30s --signal=9 20m  ./__orio_perftest74.exe  "[00m
expected=268919.918113
actual=268920.445960
diff=0.000000
diff=1
expected=268920.711240
actual=268920.445960
diff=0.000000
diff=1
expected=268920.482542
actual=268920.445960
diff=0.000000
diff=1
WARNING: orio.module.loop.submodule.tile.transformation: tile size 4 must be greater than the stride value 4; tile index = jjj
expected=268920.520268
actual=268920.445960
diff=0.000000
diff=1
WARNING: orio.module.loop.submodule.tile.transformation: tile size 128 must be greater than the stride value 128; tile index = ttt
Killed
[00;31mERROR: orio.main.tuner.ptest_driver:  failed to compile the testing code: "timeout --kill-after=30s --signal=9 20m gcc -O3 -fopenmp -DDYNAMIC  -DORIO_REPS=10 -o __orio_perftest79.exe __orio_perftest79.c timer_cpu.o -lm -lrt"[00m
[00;31mERROR: orio.main.tuner.ptest_driver:  the executable of the test code does not exist[00m
timeout: failed to run command ‘./__orio_perftest79.exe’: No such file or directory
[00;31mERROR: orio.main.tuner.ptest_driver: failed to execute the test code: "timeout --kill-after=30s --signal=9 20m  ./__orio_perftest79.exe  "
 --> CalledProcessError: Command 'timeout --kill-after=30s --signal=9 20m  ./__orio_perftest79.exe  ' returned non-zero exit status 127[00m
[00;31mERROR: orio.main.tuner.ptest_driver:  performance testing failed: "timeout --kill-after=30s --signal=9 20m  ./__orio_perftest79.exe  "[00m
WARNING: orio.module.loop.submodule.tile.transformation: tile size 4 must be greater than the stride value 4; tile index = iii
Killed
[00;31mERROR: orio.main.tuner.ptest_driver:  failed to compile the testing code: "timeout --kill-after=30s --signal=9 20m gcc -O3 -fopenmp -DDYNAMIC  -DORIO_REPS=10 -o __orio_perftest80.exe __orio_perftest80.c timer_cpu.o -lm -lrt"[00m
[00;31mERROR: orio.main.tuner.ptest_driver:  the executable of the test code does not exist[00m
timeout: failed to run command ‘./__orio_perftest80.exe’: No such file or directory
[00;31mERROR: orio.main.tuner.ptest_driver: failed to execute the test code: "timeout --kill-after=30s --signal=9 20m  ./__orio_perftest80.exe  "
 --> CalledProcessError: Command 'timeout --kill-after=30s --signal=9 20m  ./__orio_perftest80.exe  ' returned non-zero exit status 127[00m
[00;31mERROR: orio.main.tuner.ptest_driver:  performance testing failed: "timeout --kill-after=30s --signal=9 20m  ./__orio_perftest80.exe  "[00m
expected=268920.500225
actual=268920.445960
diff=0.000000
diff=1
expected=268920.552400
actual=268920.445960
diff=0.000000
diff=1
expected=268920.617622
actual=268920.445960
diff=0.000000
diff=1
expected=268921.155489
actual=268920.445960
diff=0.000000
diff=1
expected=268919.779038
actual=268920.445960
diff=0.000000
diff=1
expected=268920.472552
actual=268920.445960
diff=0.000000
diff=1
expected=268920.446045
actual=268920.445960
diff=0.000000
diff=1
WARNING: orio.module.loop.submodule.tile.transformation: tile size 1024 must be greater than the stride value 1024; tile index = iii
expected=268920.461262
actual=268920.445960
diff=0.000000
diff=1
WARNING: orio.module.loop.submodule.tile.transformation: tile size 256 must be greater than the stride value 256; tile index = jjj
expected=268920.491592
actual=268920.445960
diff=0.000000
diff=1
WARNING: orio.module.loop.submodule.tile.transformation: tile size 4 must be greater than the stride value 4; tile index = jjj
expected=268920.491674
actual=268920.445960
diff=0.000000
diff=1
WARNING: orio.module.loop.submodule.tile.transformation: tile size 64 must be greater than the stride value 64; tile index = iii
expected=268920.611272
actual=268920.445960
diff=0.000000
diff=1
expected=268920.628924
actual=268920.445960
diff=0.000000
diff=1
expected=268920.477033
actual=268920.445960
diff=0.000000
diff=1
WARNING: orio.module.loop.submodule.tile.transformation: tile size 64 must be greater than the stride value 64; tile index = jjj
expected=268920.629746
actual=268920.445960
diff=0.000000
diff=1
expected=268920.452763
actual=268920.445960
diff=0.000000
diff=1
expected=268920.626677
actual=268920.445960
diff=0.000000
diff=1
Killed
[00;31mERROR: orio.main.tuner.ptest_driver:  failed to compile the testing code: "timeout --kill-after=30s --signal=9 20m gcc -O3 -fopenmp -DDYNAMIC  -DORIO_REPS=10 -o __orio_perftest97.exe __orio_perftest97.c timer_cpu.o -lm -lrt"[00m
[00;31mERROR: orio.main.tuner.ptest_driver:  the executable of the test code does not exist[00m
timeout: failed to run command ‘./__orio_perftest97.exe’: No such file or directory
[00;31mERROR: orio.main.tuner.ptest_driver: failed to execute the test code: "timeout --kill-after=30s --signal=9 20m  ./__orio_perftest97.exe  "
 --> CalledProcessError: Command 'timeout --kill-after=30s --signal=9 20m  ./__orio_perftest97.exe  ' returned non-zero exit status 127[00m
[00;31mERROR: orio.main.tuner.ptest_driver:  performance testing failed: "timeout --kill-after=30s --signal=9 20m  ./__orio_perftest97.exe  "[00m
expected=268920.445960
actual=268920.445960
diff=0.000000
diff=1
expected=268920.552400
actual=268920.445960
diff=0.000000
diff=1
WARNING: orio.module.loop.submodule.tile.transformation: tile size 2048 must be greater than the stride value 2048; tile index = ttt
expected=268920.652403
actual=268920.445960
diff=0.000000
diff=1
Killed
[00;31mERROR: orio.main.tuner.ptest_driver:  failed to compile the testing code: "timeout --kill-after=30s --signal=9 20m gcc -O3 -fopenmp -DDYNAMIC  -DORIO_REPS=10 -o __orio_perftest101.exe __orio_perftest101.c timer_cpu.o -lm -lrt"[00m
[00;31mERROR: orio.main.tuner.ptest_driver:  the executable of the test code does not exist[00m
timeout: failed to run command ‘./__orio_perftest101.exe’: No such file or directory
[00;31mERROR: orio.main.tuner.ptest_driver: failed to execute the test code: "timeout --kill-after=30s --signal=9 20m  ./__orio_perftest101.exe  "
 --> CalledProcessError: Command 'timeout --kill-after=30s --signal=9 20m  ./__orio_perftest101.exe  ' returned non-zero exit status 127[00m
[00;31mERROR: orio.main.tuner.ptest_driver:  performance testing failed: "timeout --kill-after=30s --signal=9 20m  ./__orio_perftest101.exe  "[00m
expected=268920.486037
actual=268920.445960
diff=0.000000
diff=1
expected=268920.582234
actual=268920.445960
diff=0.000000
diff=1
expected=268920.580421
actual=268920.445960
diff=0.000000
diff=1
expected=268920.446214
actual=268920.445960
diff=0.000000
diff=1
expected=268920.553732
actual=268920.445960
diff=0.000000
diff=1
WARNING: orio.module.loop.submodule.tile.transformation: tile size 32 must be greater than the stride value 32; tile index = jjj
expected=268920.138097
actual=268920.445960
diff=0.000000
diff=1
WARNING: orio.module.loop.submodule.tile.transformation: tile size 16 must be greater than the stride value 16; tile index = jjj
expected=268920.560868
actual=268920.445960
diff=0.000000
diff=1
WARNING: orio.module.loop.submodule.tile.transformation: tile size 32 must be greater than the stride value 32; tile index = jjj
expected=268920.504195
actual=268920.445960
diff=0.000000
diff=1
WARNING: orio.module.loop.submodule.tile.transformation: tile size 2048 must be greater than the stride value 2048; tile index = iii
expected=268920.446046
actual=268920.445960
diff=0.000000
diff=1
expected=268920.504164
actual=268920.445960
diff=0.000000
diff=1
expected=268920.491410
actual=268920.445960
diff=0.000000
diff=1
expected=268920.327286
actual=268920.445960
diff=0.000000
diff=1
expected=268920.552400
actual=268920.445960
diff=0.000000
diff=1
expected=268920.522325
actual=268920.445960
diff=0.000000
diff=1
WARNING: orio.module.loop.submodule.tile.transformation: tile size 32 must be greater than the stride value 32; tile index = ttt
expected=268920.408297
actual=268920.445960
diff=0.000000
diff=1
Killed
[00;31mERROR: orio.main.tuner.ptest_driver:  failed to compile the testing code: "timeout --kill-after=30s --signal=9 20m gcc -O3 -fopenmp -DDYNAMIC  -DORIO_REPS=10 -o __orio_perftest117.exe __orio_perftest117.c timer_cpu.o -lm -lrt"[00m
[00;31mERROR: orio.main.tuner.ptest_driver:  the executable of the test code does not exist[00m
timeout: failed to run command ‘./__orio_perftest117.exe’: No such file or directory
[00;31mERROR: orio.main.tuner.ptest_driver: failed to execute the test code: "timeout --kill-after=30s --signal=9 20m  ./__orio_perftest117.exe  "
 --> CalledProcessError: Command 'timeout --kill-after=30s --signal=9 20m  ./__orio_perftest117.exe  ' returned non-zero exit status 127[00m
[00;31mERROR: orio.main.tuner.ptest_driver:  performance testing failed: "timeout --kill-after=30s --signal=9 20m  ./__orio_perftest117.exe  "[00m
expected=268920.563754
actual=268920.445960
diff=0.000000
diff=1
WARNING: orio.module.loop.submodule.tile.transformation: tile size 128 must be greater than the stride value 128; tile index = ttt
expected=268920.500053
actual=268920.445960
diff=0.000000
diff=1
expected=268920.270588
actual=268920.445960
diff=0.000000
diff=1
expected=268920.690666
actual=268920.445960
diff=0.000000
diff=1
WARNING: orio.module.loop.submodule.tile.transformation: tile size 8 must be greater than the stride value 8; tile index = jjj
expected=268920.482603
actual=268920.445960
diff=0.000000
diff=1
WARNING: orio.module.loop.submodule.tile.transformation: tile size 64 must be greater than the stride value 64; tile index = iii
expected=268920.500225
actual=268920.445960
diff=0.000000
diff=1
expected=268920.461240
actual=268920.445960
diff=0.000000
diff=1
expected=268920.552400
actual=268920.445960
diff=0.000000
diff=1
expected=268921.088851
actual=268920.445960
diff=0.000000
diff=1
WARNING: orio.module.loop.submodule.tile.transformation: tile size 2048 must be greater than the stride value 2048; tile index = iii
expected=268920.597234
actual=268920.445960
diff=0.000000
diff=1
WARNING: orio.module.loop.submodule.tile.transformation: tile size 32 must be greater than the stride value 32; tile index = iii
expected=268920.491410
actual=268920.445960
diff=0.000000
diff=1
expected=268920.617622
actual=268920.445960
diff=0.000000
diff=1
WARNING: orio.module.loop.submodule.tile.transformation: tile size 32 must be greater than the stride value 32; tile index = iii
expected=268920.626677
actual=268920.445960
diff=0.000000
diff=1
expected=268920.563090
actual=268920.445960
diff=0.000000
diff=1
expected=268920.451978
actual=268920.445960
diff=0.000000
diff=1
WARNING: orio.module.loop.submodule.tile.transformation: tile size 8 must be greater than the stride value 8; tile index = ttt
WARNING: orio.module.loop.submodule.tile.transformation: tile size 32 must be greater than the stride value 32; tile index = iii
WARNING: orio.module.loop.submodule.tile.transformation: tile size 64 must be greater than the stride value 64; tile index = jjj
expected=268920.587278
actual=268920.445960
diff=0.000000
diff=1
WARNING: orio.module.loop.submodule.tile.transformation: tile size 2048 must be greater than the stride value 2048; tile index = iii
expected=268922.540741
actual=268920.445960
diff=2.000000
diff=0
[00;31mERROR: orio.main.tuner.ptest_driver: failed to execute the test code: "timeout --kill-after=30s --signal=9 20m  ./__orio_perftest134.exe  "
 --> CalledProcessError: Command 'timeout --kill-after=30s --signal=9 20m  ./__orio_perftest134.exe  ' returned non-zero exit status 1[00m
[00;31mERROR: orio.main.tuner.ptest_driver:  performance testing failed: "timeout --kill-after=30s --signal=9 20m  ./__orio_perftest134.exe  "[00m
expected=268920.456868
actual=268920.445960
diff=0.000000
diff=1
expected=268920.561218
actual=268920.445960
diff=0.000000
diff=1
expected=268920.646789
actual=268920.445960
diff=0.000000
diff=1
expected=268920.445960
actual=268920.445960
diff=0.000000
diff=1
expected=268920.500225
actual=268920.445960
diff=0.000000
diff=1
expected=268920.446045
actual=268920.445960
diff=0.000000
diff=1
expected=268920.445869
actual=268920.445960
diff=0.000000
diff=1
expected=268919.916942
actual=268920.445960
diff=0.000000
diff=1
WARNING: orio.module.loop.submodule.tile.transformation: tile size 16 must be greater than the stride value 16; tile index = iii
WARNING: orio.module.loop.submodule.tile.transformation: tile size 64 must be greater than the stride value 64; tile index = jjj
expected=268920.479099
actual=268920.445960
diff=0.000000
diff=1
expected=268920.287925
actual=268920.445960
diff=0.000000
diff=1
expected=268920.623982
actual=268920.445960
diff=0.000000
diff=1
WARNING: orio.module.loop.submodule.tile.transformation: tile size 32 must be greater than the stride value 32; tile index = iii
expected=268920.552722
actual=268920.445960
diff=0.000000
diff=1
expected=268920.482603
actual=268920.445960
diff=0.000000
diff=1
expected=268920.457630
actual=268920.445960
diff=0.000000
diff=1
Killed
[00;31mERROR: orio.main.tuner.ptest_driver:  failed to compile the testing code: "timeout --kill-after=30s --signal=9 20m gcc -O3 -fopenmp -DDYNAMIC  -DORIO_REPS=10 -o __orio_perftest149.exe __orio_perftest149.c timer_cpu.o -lm -lrt"[00m
[00;31mERROR: orio.main.tuner.ptest_driver:  the executable of the test code does not exist[00m
timeout: failed to run command ‘./__orio_perftest149.exe’: No such file or directory
[00;31mERROR: orio.main.tuner.ptest_driver: failed to execute the test code: "timeout --kill-after=30s --signal=9 20m  ./__orio_perftest149.exe  "
 --> CalledProcessError: Command 'timeout --kill-after=30s --signal=9 20m  ./__orio_perftest149.exe  ' returned non-zero exit status 127[00m
[00;31mERROR: orio.main.tuner.ptest_driver:  performance testing failed: "timeout --kill-after=30s --signal=9 20m  ./__orio_perftest149.exe  "[00m
Killed
[00;31mERROR: orio.main.tuner.ptest_driver:  failed to compile the testing code: "timeout --kill-after=30s --signal=9 20m gcc -O3 -fopenmp -DDYNAMIC  -DORIO_REPS=10 -o __orio_perftest150.exe __orio_perftest150.c timer_cpu.o -lm -lrt"[00m
[00;31mERROR: orio.main.tuner.ptest_driver:  the executable of the test code does not exist[00m
timeout: failed to run command ‘./__orio_perftest150.exe’: No such file or directory
[00;31mERROR: orio.main.tuner.ptest_driver: failed to execute the test code: "timeout --kill-after=30s --signal=9 20m  ./__orio_perftest150.exe  "
 --> CalledProcessError: Command 'timeout --kill-after=30s --signal=9 20m  ./__orio_perftest150.exe  ' returned non-zero exit status 127[00m
[00;31mERROR: orio.main.tuner.ptest_driver:  performance testing failed: "timeout --kill-after=30s --signal=9 20m  ./__orio_perftest150.exe  "[00m
Killed
[00;31mERROR: orio.main.tuner.ptest_driver:  failed to compile the testing code: "timeout --kill-after=30s --signal=9 20m gcc -O3 -fopenmp -DDYNAMIC  -DORIO_REPS=10 -o __orio_perftest151.exe __orio_perftest151.c timer_cpu.o -lm -lrt"[00m
[00;31mERROR: orio.main.tuner.ptest_driver:  the executable of the test code does not exist[00m
timeout: failed to run command ‘./__orio_perftest151.exe’: No such file or directory
[00;31mERROR: orio.main.tuner.ptest_driver: failed to execute the test code: "timeout --kill-after=30s --signal=9 20m  ./__orio_perftest151.exe  "
 --> CalledProcessError: Command 'timeout --kill-after=30s --signal=9 20m  ./__orio_perftest151.exe  ' returned non-zero exit status 127[00m
[00;31mERROR: orio.main.tuner.ptest_driver:  performance testing failed: "timeout --kill-after=30s --signal=9 20m  ./__orio_perftest151.exe  "[00m
WARNING: orio.module.loop.submodule.tile.transformation: tile size 8 must be greater than the stride value 8; tile index = jjj
expected=268920.583481
actual=268920.445960
diff=0.000000
diff=1
expected=268920.446011
actual=268920.445960
diff=0.000000
diff=1
WARNING: orio.module.loop.submodule.tile.transformation: tile size 16 must be greater than the stride value 16; tile index = jjj
expected=268920.445960
actual=268920.445960
diff=0.000000
diff=1
expected=268920.502405
actual=268920.445960
diff=0.000000
diff=1
expected=268920.511845
actual=268920.445960
diff=0.000000
diff=1
expected=268920.446045
actual=268920.445960
diff=0.000000
diff=1
expected=268920.453448
actual=268920.445960
diff=0.000000
diff=1
WARNING: orio.module.loop.submodule.tile.transformation: tile size 4 must be greater than the stride value 4; tile index = iii
expected=268920.080305
actual=268920.445960
diff=0.000000
diff=1
WARNING: orio.module.loop.submodule.tile.transformation: tile size 512 must be greater than the stride value 512; tile index = iii
WARNING: orio.module.loop.submodule.tile.transformation: tile size 1024 must be greater than the stride value 1024; tile index = jjj
expected=268920.519602
actual=268920.445960
diff=0.000000
diff=1
expected=268920.540276
actual=268920.445960
diff=0.000000
diff=1
expected=268920.537988
actual=268920.445960
diff=0.000000
diff=1
WARNING: orio.module.loop.submodule.tile.transformation: tile size 16 must be greater than the stride value 16; tile index = iii
expected=268920.446663
actual=268920.445960
diff=0.000000
diff=1
expected=268919.589381
actual=268920.445960
diff=0.000000
diff=1
expected=268920.472552
actual=268920.445960
diff=0.000000
diff=1
WARNING: orio.module.loop.submodule.tile.transformation: tile size 16 must be greater than the stride value 16; tile index = ttt
expected=268920.282704
actual=268920.445960
diff=0.000000
diff=1
WARNING: orio.module.loop.submodule.tile.transformation: tile size 8 must be greater than the stride value 8; tile index = jjj
expected=268920.681944
actual=268920.445960
diff=0.000000
diff=1
expected=268920.446045
actual=268920.445960
diff=0.000000
diff=1
expected=268920.445960
actual=268920.445960
diff=0.000000
diff=1
expected=268920.509552
actual=268920.445960
diff=0.000000
diff=1
expected=268920.477095
actual=268920.445960
diff=0.000000
diff=1
WARNING: orio.module.loop.submodule.tile.transformation: tile size 2 must be greater than the stride value 2; tile index = iii
expected=268920.466738
actual=268920.445960
diff=0.000000
diff=1
expected=268920.610282
actual=268920.445960
diff=0.000000
diff=1
expected=268920.534275
actual=268920.445960
diff=0.000000
diff=1
WARNING: orio.module.loop.submodule.tile.transformation: tile size 16 must be greater than the stride value 16; tile index = jjj
expected=268920.516614
actual=268920.445960
diff=0.000000
diff=1
expected=268920.478739
actual=268920.445960
diff=0.000000
diff=1
expected=268920.467604
actual=268920.445960
diff=0.000000
diff=1
WARNING: orio.module.loop.submodule.tile.transformation: tile size 4 must be greater than the stride value 4; tile index = jjj
expected=268920.530878
actual=268920.445960
diff=0.000000
diff=1
expected=268920.466208
actual=268920.445960
diff=0.000000
diff=1
expected=268920.301350
actual=268920.445960
diff=0.000000
diff=1
WARNING: orio.module.loop.submodule.tile.transformation: tile size 4 must be greater than the stride value 4; tile index = ttt
expected=268920.446045
actual=268920.445960
diff=0.000000
diff=1
WARNING: orio.module.loop.submodule.tile.transformation: tile size 2 must be greater than the stride value 2; tile index = jjj
expected=268920.445960
actual=268920.445960
diff=0.000000
diff=1
expected=268920.445234
actual=268920.445960
diff=0.000000
diff=1
expected=268920.683640
actual=268920.445960
diff=0.000000
diff=1
WARNING: orio.module.loop.submodule.tile.transformation: tile size 16 must be greater than the stride value 16; tile index = iii
expected=268920.574358
actual=268920.445960
diff=0.000000
diff=1
WARNING: orio.module.loop.submodule.tile.transformation: tile size 64 must be greater than the stride value 64; tile index = iii
expected=268920.263777
actual=268920.445960
diff=0.000000
diff=1
Killed
[00;31mERROR: orio.main.tuner.ptest_driver:  failed to compile the testing code: "timeout --kill-after=30s --signal=9 20m gcc -O3 -fopenmp -DDYNAMIC  -DORIO_REPS=10 -o __orio_perftest187.exe __orio_perftest187.c timer_cpu.o -lm -lrt"[00m
[00;31mERROR: orio.main.tuner.ptest_driver:  the executable of the test code does not exist[00m
timeout: failed to run command ‘./__orio_perftest187.exe’: No such file or directory
[00;31mERROR: orio.main.tuner.ptest_driver: failed to execute the test code: "timeout --kill-after=30s --signal=9 20m  ./__orio_perftest187.exe  "
 --> CalledProcessError: Command 'timeout --kill-after=30s --signal=9 20m  ./__orio_perftest187.exe  ' returned non-zero exit status 127[00m
[00;31mERROR: orio.main.tuner.ptest_driver:  performance testing failed: "timeout --kill-after=30s --signal=9 20m  ./__orio_perftest187.exe  "[00m
Killed
[00;31mERROR: orio.main.tuner.ptest_driver:  failed to compile the testing code: "timeout --kill-after=30s --signal=9 20m gcc -O3 -fopenmp -DDYNAMIC  -DORIO_REPS=10 -o __orio_perftest188.exe __orio_perftest188.c timer_cpu.o -lm -lrt"[00m
[00;31mERROR: orio.main.tuner.ptest_driver:  the executable of the test code does not exist[00m
timeout: failed to run command ‘./__orio_perftest188.exe’: No such file or directory
[00;31mERROR: orio.main.tuner.ptest_driver: failed to execute the test code: "timeout --kill-after=30s --signal=9 20m  ./__orio_perftest188.exe  "
 --> CalledProcessError: Command 'timeout --kill-after=30s --signal=9 20m  ./__orio_perftest188.exe  ' returned non-zero exit status 127[00m
[00;31mERROR: orio.main.tuner.ptest_driver:  performance testing failed: "timeout --kill-after=30s --signal=9 20m  ./__orio_perftest188.exe  "[00m
expected=268920.479099
actual=268920.445960
diff=0.000000
diff=1
expected=268920.616761
actual=268920.445960
diff=0.000000
diff=1
expected=268920.495173
actual=268920.445960
diff=0.000000
diff=1
expected=268920.445960
actual=268920.445960
diff=0.000000
diff=1
expected=268920.477765
actual=268920.445960
diff=0.000000
diff=1
WARNING: orio.module.loop.submodule.tile.transformation: tile size 256 must be greater than the stride value 256; tile index = ttt
expected=268920.604591
actual=268920.445960
diff=0.000000
diff=1
WARNING: orio.module.loop.submodule.tile.transformation: tile size 32 must be greater than the stride value 32; tile index = iii
expected=268920.598196
actual=268920.445960
diff=0.000000
diff=1
expected=268920.460413
actual=268920.445960
diff=0.000000
diff=1
expected=268920.857313
actual=268920.445960
diff=0.000000
diff=1
WARNING: orio.module.loop.submodule.tile.transformation: tile size 512 must be greater than the stride value 512; tile index = ttt
expected=268920.562622
actual=268920.445960
diff=0.000000
diff=1
expected=268920.582995
actual=268920.445960
diff=0.000000
diff=1
WARNING: orio.module.loop.submodule.tile.transformation: tile size 512 must be greater than the stride value 512; tile index = jjj
expected=268920.518862
actual=268920.445960
diff=0.000000
diff=1
expected=268920.118725
actual=268920.445960
diff=0.000000
diff=1
expected=268919.404190
actual=268920.445960
diff=1.000000
diff=0
[00;31mERROR: orio.main.tuner.ptest_driver: failed to execute the test code: "timeout --kill-after=30s --signal=9 20m  ./__orio_perftest202.exe  "
 --> CalledProcessError: Command 'timeout --kill-after=30s --signal=9 20m  ./__orio_perftest202.exe  ' returned non-zero exit status 1[00m
[00;31mERROR: orio.main.tuner.ptest_driver:  performance testing failed: "timeout --kill-after=30s --signal=9 20m  ./__orio_perftest202.exe  "[00m
expected=268920.445960
actual=268920.445960
diff=0.000000
diff=1
expected=268920.564673
actual=268920.445960
diff=0.000000
diff=1
expected=268920.587278
actual=268920.445960
diff=0.000000
diff=1
expected=268920.466738
actual=268920.445960
diff=0.000000
diff=1
expected=268920.445960
actual=268920.445960
diff=0.000000
diff=1
expected=268920.472939
actual=268920.445960
diff=0.000000
diff=1
expected=268920.138862
actual=268920.445960
diff=0.000000
diff=1
WARNING: orio.module.loop.submodule.tile.transformation: tile size 32 must be greater than the stride value 32; tile index = ttt
expected=268920.500225
actual=268920.445960
diff=0.000000
diff=1
expected=268920.529483
actual=268920.445960
diff=0.000000
diff=1
WARNING: orio.module.loop.submodule.tile.transformation: tile size 512 must be greater than the stride value 512; tile index = iii
expected=268920.454143
actual=268920.445960
diff=0.000000
diff=1
expected=268920.191851
actual=268920.445960
diff=0.000000
diff=1
WARNING: orio.module.loop.submodule.tile.transformation: tile size 4 must be greater than the stride value 4; tile index = ttt
expected=268920.599192
actual=268920.445960
diff=0.000000
diff=1
WARNING: orio.module.loop.submodule.tile.transformation: tile size 64 must be greater than the stride value 64; tile index = ttt
WARNING: orio.module.loop.submodule.tile.transformation: tile size 1024 must be greater than the stride value 1024; tile index = iii
expected=268920.498605
actual=268920.445960
diff=0.000000
diff=1
expected=268920.591485
actual=268920.445960
diff=0.000000
diff=1
expected=268920.633296
actual=268920.445960
diff=0.000000
diff=1
expected=268917.685625
actual=268920.445960
diff=2.000000
diff=0
[00;31mERROR: orio.main.tuner.ptest_driver: failed to execute the test code: "timeout --kill-after=30s --signal=9 20m  ./__orio_perftest218.exe  "
 --> CalledProcessError: Command 'timeout --kill-after=30s --signal=9 20m  ./__orio_perftest218.exe  ' returned non-zero exit status 1[00m
[00;31mERROR: orio.main.tuner.ptest_driver:  performance testing failed: "timeout --kill-after=30s --signal=9 20m  ./__orio_perftest218.exe  "[00m
Killed
[00;31mERROR: orio.main.tuner.ptest_driver:  failed to compile the testing code: "timeout --kill-after=30s --signal=9 20m gcc -O3 -fopenmp -DDYNAMIC  -DORIO_REPS=10 -o __orio_perftest219.exe __orio_perftest219.c timer_cpu.o -lm -lrt"[00m
[00;31mERROR: orio.main.tuner.ptest_driver:  the executable of the test code does not exist[00m
timeout: failed to run command ‘./__orio_perftest219.exe’: No such file or directory
[00;31mERROR: orio.main.tuner.ptest_driver: failed to execute the test code: "timeout --kill-after=30s --signal=9 20m  ./__orio_perftest219.exe  "
 --> CalledProcessError: Command 'timeout --kill-after=30s --signal=9 20m  ./__orio_perftest219.exe  ' returned non-zero exit status 127[00m
[00;31mERROR: orio.main.tuner.ptest_driver:  performance testing failed: "timeout --kill-after=30s --signal=9 20m  ./__orio_perftest219.exe  "[00m
WARNING: orio.module.loop.submodule.tile.transformation: tile size 32 must be greater than the stride value 32; tile index = ttt
expected=268920.473358
actual=268920.445960
diff=0.000000
diff=1
expected=268920.480501
actual=268920.445960
diff=0.000000
diff=1
expected=268920.604035
actual=268920.445960
diff=0.000000
diff=1
WARNING: orio.module.loop.submodule.tile.transformation: tile size 8 must be greater than the stride value 8; tile index = iii
expected=268920.711240
actual=268920.445960
diff=0.000000
diff=1
expected=268920.580145
actual=268920.445960
diff=0.000000
diff=1
expected=268920.450617
actual=268920.445960
diff=0.000000
diff=1
expected=268920.482603
actual=268920.445960
diff=0.000000
diff=1
expected=268920.565228
actual=268920.445960
diff=0.000000
diff=1
expected=268920.577016
actual=268920.445960
diff=0.000000
diff=1
WARNING: orio.module.loop.submodule.tile.transformation: tile size 1024 must be greater than the stride value 1024; tile index = jjj
expected=268920.673787
actual=268920.445960
diff=0.000000
diff=1
expected=268920.448086
actual=268920.445960
diff=0.000000
diff=1
WARNING: orio.module.loop.submodule.tile.transformation: tile size 64 must be greater than the stride value 64; tile index = iii
expected=268920.445274
actual=268920.445960
diff=0.000000
diff=1
expected=268920.504164
actual=268920.445960
diff=0.000000
diff=1
expected=268920.482874
actual=268920.445960
diff=0.000000
diff=1
expected=268920.140505
actual=268920.445960
diff=0.000000
diff=1
expected=268920.037658
actual=268920.445960
diff=0.000000
diff=1
expected=268920.477733
actual=268920.445960
diff=0.000000
diff=1
expected=268920.292113
actual=268920.445960
diff=0.000000
diff=1
expected=268920.508541
actual=268920.445960
diff=0.000000
diff=1
expected=268920.482603
actual=268920.445960
diff=0.000000
diff=1
WARNING: orio.module.loop.submodule.tile.transformation: tile size 8 must be greater than the stride value 8; tile index = jjj
expected=268920.609480
actual=268920.445960
diff=0.000000
diff=1
WARNING: orio.module.loop.submodule.tile.transformation: tile size 64 must be greater than the stride value 64; tile index = iii
expected=268920.473749
actual=268920.445960
diff=0.000000
diff=1
WARNING: orio.module.loop.submodule.tile.transformation: tile size 512 must be greater than the stride value 512; tile index = ttt
WARNING: orio.module.loop.submodule.tile.transformation: tile size 128 must be greater than the stride value 128; tile index = jjj
expected=268920.562977
actual=268920.445960
diff=0.000000
diff=1
expected=268920.460413
actual=268920.445960
diff=0.000000
diff=1
expected=268920.625470
actual=268920.445960
diff=0.000000
diff=1
WARNING: orio.module.loop.submodule.tile.transformation: tile size 256 must be greater than the stride value 256; tile index = ttt
expected=268920.445802
actual=268920.445960
diff=0.000000
diff=1
expected=268919.940065
actual=268920.445960
diff=0.000000
diff=1
WARNING: orio.module.loop.submodule.tile.transformation: tile size 1024 must be greater than the stride value 1024; tile index = jjj
expected=268918.004110
actual=268920.445960
diff=2.000000
diff=0
[00;31mERROR: orio.main.tuner.ptest_driver: failed to execute the test code: "timeout --kill-after=30s --signal=9 20m  ./__orio_perftest247.exe  "
 --> CalledProcessError: Command 'timeout --kill-after=30s --signal=9 20m  ./__orio_perftest247.exe  ' returned non-zero exit status 1[00m
[00;31mERROR: orio.main.tuner.ptest_driver:  performance testing failed: "timeout --kill-after=30s --signal=9 20m  ./__orio_perftest247.exe  "[00m
expected=268920.290940
actual=268920.445960
diff=0.000000
diff=1
expected=268920.671533
actual=268920.445960
diff=0.000000
diff=1
expected=268920.414775
actual=268920.445960
diff=0.000000
diff=1
expected=268924.209328
actual=268920.445960
diff=3.000000
diff=0
[00;31mERROR: orio.main.tuner.ptest_driver: failed to execute the test code: "timeout --kill-after=30s --signal=9 20m  ./__orio_perftest251.exe  "
 --> CalledProcessError: Command 'timeout --kill-after=30s --signal=9 20m  ./__orio_perftest251.exe  ' returned non-zero exit status 1[00m
[00;31mERROR: orio.main.tuner.ptest_driver:  performance testing failed: "timeout --kill-after=30s --signal=9 20m  ./__orio_perftest251.exe  "[00m
expected=268920.475842
actual=268920.445960
diff=0.000000
diff=1
WARNING: orio.module.loop.submodule.tile.transformation: tile size 2048 must be greater than the stride value 2048; tile index = iii
expected=268920.268930
actual=268920.445960
diff=0.000000
diff=1
WARNING: orio.module.loop.submodule.tile.transformation: tile size 16 must be greater than the stride value 16; tile index = jjj
expected=268920.680710
actual=268920.445960
diff=0.000000
diff=1
expected=268920.457488
actual=268920.445960
diff=0.000000
diff=1
WARNING: orio.module.loop.submodule.tile.transformation: tile size 16 must be greater than the stride value 16; tile index = jjj
expected=268920.698082
actual=268920.445960
diff=0.000000
diff=1
expected=268920.572705
actual=268920.445960
diff=0.000000
diff=1
expected=268920.508495
actual=268920.445960
diff=0.000000
diff=1
WARNING: orio.module.loop.submodule.tile.transformation: tile size 2048 must be greater than the stride value 2048; tile index = jjj
expected=268920.537953
actual=268920.445960
diff=0.000000
diff=1
WARNING: orio.module.loop.submodule.tile.transformation: tile size 2 must be greater than the stride value 2; tile index = iii
WARNING: orio.module.loop.submodule.tile.transformation: tile size 4 must be greater than the stride value 4; tile index = jjj
expected=268920.555950
actual=268920.445960
diff=0.000000
diff=1
expected=268920.569152
actual=268920.445960
diff=0.000000
diff=1
expected=268920.534238
actual=268920.445960
diff=0.000000
diff=1
expected=268920.226268
actual=268920.445960
diff=0.000000
diff=1
expected=268920.445274
actual=268920.445960
diff=0.000000
diff=1
expected=268920.463540
actual=268920.445960
diff=0.000000
diff=1
WARNING: orio.module.loop.submodule.tile.transformation: tile size 16 must be greater than the stride value 16; tile index = jjj
expected=268920.604862
actual=268920.445960
diff=0.000000
diff=1
expected=268920.445615
actual=268920.445960
diff=0.000000
diff=1
expected=268920.550079
actual=268920.445960
diff=0.000000
diff=1
WARNING: orio.module.loop.submodule.tile.transformation: tile size 128 must be greater than the stride value 128; tile index = jjj
expected=268920.500053
actual=268920.445960
diff=0.000000
diff=1
WARNING: orio.module.loop.submodule.tile.transformation: tile size 32 must be greater than the stride value 32; tile index = jjj
expected=268920.517500
actual=268920.445960
diff=0.000000
diff=1
expected=268920.446617
actual=268920.445960
diff=0.000000
diff=1
WARNING: orio.module.loop.submodule.tile.transformation: tile size 64 must be greater than the stride value 64; tile index = ttt
expected=268920.574459
actual=268920.445960
diff=0.000000
diff=1
expected=268922.229546
actual=268920.445960
diff=1.000000
diff=0
[00;31mERROR: orio.main.tuner.ptest_driver: failed to execute the test code: "timeout --kill-after=30s --signal=9 20m  ./__orio_perftest273.exe  "
 --> CalledProcessError: Command 'timeout --kill-after=30s --signal=9 20m  ./__orio_perftest273.exe  ' returned non-zero exit status 1[00m
[00;31mERROR: orio.main.tuner.ptest_driver:  performance testing failed: "timeout --kill-after=30s --signal=9 20m  ./__orio_perftest273.exe  "[00m
WARNING: orio.module.loop.submodule.tile.transformation: tile size 64 must be greater than the stride value 64; tile index = jjj
expected=268920.473837
actual=268920.445960
diff=0.000000
diff=1
WARNING: orio.module.loop.submodule.tile.transformation: tile size 1024 must be greater than the stride value 1024; tile index = ttt
expected=268920.530962
actual=268920.445960
diff=0.000000
diff=1
expected=268920.610282
actual=268920.445960
diff=0.000000
diff=1
WARNING: orio.module.loop.submodule.tile.transformation: tile size 128 must be greater than the stride value 128; tile index = ttt
WARNING: orio.module.loop.submodule.tile.transformation: tile size 128 must be greater than the stride value 128; tile index = jjj
Killed
[00;31mERROR: orio.main.tuner.ptest_driver:  failed to compile the testing code: "timeout --kill-after=30s --signal=9 20m gcc -O3 -fopenmp -DDYNAMIC  -DORIO_REPS=10 -o __orio_perftest277.exe __orio_perftest277.c timer_cpu.o -lm -lrt"[00m
[00;31mERROR: orio.main.tuner.ptest_driver:  the executable of the test code does not exist[00m
timeout: failed to run command ‘./__orio_perftest277.exe’: No such file or directory
[00;31mERROR: orio.main.tuner.ptest_driver: failed to execute the test code: "timeout --kill-after=30s --signal=9 20m  ./__orio_perftest277.exe  "
 --> CalledProcessError: Command 'timeout --kill-after=30s --signal=9 20m  ./__orio_perftest277.exe  ' returned non-zero exit status 127[00m
[00;31mERROR: orio.main.tuner.ptest_driver:  performance testing failed: "timeout --kill-after=30s --signal=9 20m  ./__orio_perftest277.exe  "[00m
WARNING: orio.module.loop.submodule.tile.transformation: tile size 8 must be greater than the stride value 8; tile index = iii
expected=268920.032629
actual=268920.445960
diff=0.000000
diff=1
expected=268920.468419
actual=268920.445960
diff=0.000000
diff=1
expected=268920.504195
actual=268920.445960
diff=0.000000
diff=1
WARNING: orio.module.loop.submodule.tile.transformation: tile size 512 must be greater than the stride value 512; tile index = jjj
expected=268920.412618
actual=268920.445960
diff=0.000000
diff=1
WARNING: orio.module.loop.submodule.tile.transformation: tile size 2 must be greater than the stride value 2; tile index = iii
expected=268920.485232
actual=268920.445960
diff=0.000000
diff=1
expected=268919.846963
actual=268920.445960
diff=0.000000
diff=1
WARNING: orio.module.loop.submodule.tile.transformation: tile size 2048 must be greater than the stride value 2048; tile index = ttt
expected=268920.474722
actual=268920.445960
diff=0.000000
diff=1
Killed
[00;31mERROR: orio.main.tuner.ptest_driver:  failed to compile the testing code: "timeout --kill-after=30s --signal=9 20m gcc -O3 -fopenmp -DDYNAMIC  -DORIO_REPS=10 -o __orio_perftest285.exe __orio_perftest285.c timer_cpu.o -lm -lrt"[00m
[00;31mERROR: orio.main.tuner.ptest_driver:  the executable of the test code does not exist[00m
timeout: failed to run command ‘./__orio_perftest285.exe’: No such file or directory
[00;31mERROR: orio.main.tuner.ptest_driver: failed to execute the test code: "timeout --kill-after=30s --signal=9 20m  ./__orio_perftest285.exe  "
 --> CalledProcessError: Command 'timeout --kill-after=30s --signal=9 20m  ./__orio_perftest285.exe  ' returned non-zero exit status 127[00m
[00;31mERROR: orio.main.tuner.ptest_driver:  performance testing failed: "timeout --kill-after=30s --signal=9 20m  ./__orio_perftest285.exe  "[00m
WARNING: orio.module.loop.submodule.tile.transformation: tile size 2048 must be greater than the stride value 2048; tile index = iii
expected=268920.264068
actual=268920.445960
diff=0.000000
diff=1
expected=268920.604136
actual=268920.445960
diff=0.000000
diff=1
expected=268920.593185
actual=268920.445960
diff=0.000000
diff=1
expected=268920.137991
actual=268920.445960
diff=0.000000
diff=1
expected=268920.399036
actual=268920.445960
diff=0.000000
diff=1
WARNING: orio.module.loop.submodule.tile.transformation: tile size 2048 must be greater than the stride value 2048; tile index = jjj
expected=268920.521492
actual=268920.445960
diff=0.000000
diff=1
WARNING: orio.module.loop.submodule.tile.transformation: tile size 128 must be greater than the stride value 128; tile index = jjj
expected=268920.629746
actual=268920.445960
diff=0.000000
diff=1
WARNING: orio.module.loop.submodule.tile.transformation: tile size 1024 must be greater than the stride value 1024; tile index = ttt
expected=268920.479841
actual=268920.445960
diff=0.000000
diff=1
expected=268920.455450
actual=268920.445960
diff=0.000000
diff=1
WARNING: orio.module.loop.submodule.tile.transformation: tile size 64 must be greater than the stride value 64; tile index = iii
expected=268920.545598
actual=268920.445960
diff=0.000000
diff=1
expected=268920.445328
actual=268920.445960
diff=0.000000
diff=1
expected=268920.540276
actual=268920.445960
diff=0.000000
diff=1
WARNING: orio.module.loop.submodule.tile.transformation: tile size 256 must be greater than the stride value 256; tile index = iii
WARNING: orio.module.loop.submodule.tile.transformation: tile size 1024 must be greater than the stride value 1024; tile index = jjj
expected=268920.500225
actual=268920.445960
diff=0.000000
diff=1
WARNING: orio.module.loop.submodule.tile.transformation: tile size 2 must be greater than the stride value 2; tile index = jjj
expected=268920.477095
actual=268920.445960
diff=0.000000
diff=1
WARNING: orio.module.loop.submodule.tile.transformation: tile size 2048 must be greater than the stride value 2048; tile index = iii
Killed
[00;31mERROR: orio.main.tuner.ptest_driver:  failed to compile the testing code: "timeout --kill-after=30s --signal=9 20m gcc -O3 -fopenmp -DDYNAMIC  -DORIO_REPS=10 -o __orio_perftest300.exe __orio_perftest300.c timer_cpu.o -lm -lrt"[00m
[00;31mERROR: orio.main.tuner.ptest_driver:  the executable of the test code does not exist[00m
timeout: failed to run command ‘./__orio_perftest300.exe’: No such file or directory
[00;31mERROR: orio.main.tuner.ptest_driver: failed to execute the test code: "timeout --kill-after=30s --signal=9 20m  ./__orio_perftest300.exe  "
 --> CalledProcessError: Command 'timeout --kill-after=30s --signal=9 20m  ./__orio_perftest300.exe  ' returned non-zero exit status 127[00m
[00;31mERROR: orio.main.tuner.ptest_driver:  performance testing failed: "timeout --kill-after=30s --signal=9 20m  ./__orio_perftest300.exe  "[00m
expected=268920.445960
actual=268920.445960
diff=0.000000
diff=1
