
expected=21651932916343444.000000
actual=31994000891461392.000000
diff=-2147483648.000000
diff=1
expected=31994000891461392.000000
actual=31994000891461392.000000
diff=0.000000
diff=1
expected=23995434085925420.000000
actual=31994000891461392.000000
diff=-2147483648.000000
diff=1
WARNING: orio.module.loop.submodule.tile.transformation: tile size 2048 must be greater than the stride value 2048; tile index = jjj
expected=26661800785882496.000000
actual=31994000891461392.000000
diff=-2147483648.000000
diff=1
expected=31984809071275324.000000
actual=31994000891461392.000000
diff=-2147483648.000000
diff=1
expected=31972369153682280.000000
actual=31994000891461392.000000
diff=-2147483648.000000
diff=1
WARNING: orio.module.loop.submodule.tile.transformation: tile size 2 must be greater than the stride value 2; tile index = iii
expected=31994000891461392.000000
actual=31994000891461392.000000
diff=0.000000
diff=1
expected=23995434085925420.000000
actual=31994000891461392.000000
diff=-2147483648.000000
diff=1
expected=31994000891461392.000000
actual=31994000891461392.000000
diff=0.000000
diff=1
expected=21656170376572840.000000
actual=31994000891461392.000000
diff=-2147483648.000000
diff=1
expected=31953703582174136.000000
actual=31994000891461392.000000
diff=-2147483648.000000
diff=1
expected=31961889355285212.000000
actual=31994000891461392.000000
diff=-2147483648.000000
diff=1
expected=31988593150541044.000000
actual=31994000891461392.000000
diff=-2147483648.000000
diff=1
expected=23934025802708572.000000
actual=31994000891461392.000000
diff=-2147483648.000000
diff=1
WARNING: orio.module.loop.submodule.tile.transformation: tile size 2048 must be greater than the stride value 2048; tile index = iii
expected=31994000891461392.000000
actual=31994000891461392.000000
diff=0.000000
diff=1
WARNING: orio.module.loop.submodule.tile.transformation: tile size 2048 must be greater than the stride value 2048; tile index = iii
expected=26655087447551732.000000
actual=31994000891461392.000000
diff=-2147483648.000000
diff=1
expected=26635879977807484.000000
actual=31994000891461392.000000
diff=-2147483648.000000
diff=1
Segmentation fault
[00;31mERROR: orio.main.tuner.ptest_driver: failed to execute the test code: "timeout --kill-after=30s --signal=9 20m  ./__orio_perftest18.exe  "
 --> CalledProcessError: Command 'timeout --kill-after=30s --signal=9 20m  ./__orio_perftest18.exe  ' returned non-zero exit status 139[00m
[00;31mERROR: orio.main.tuner.ptest_driver:  performance testing failed: "timeout --kill-after=30s --signal=9 20m  ./__orio_perftest18.exe  "[00m
expected=26661800785882496.000000
actual=31994000891461392.000000
diff=-2147483648.000000
diff=1
expected=31994000891461392.000000
actual=31994000891461392.000000
diff=0.000000
diff=1
expected=26471571666547572.000000
actual=31994000891461392.000000
diff=-2147483648.000000
diff=1
expected=21985436449621072.000000
actual=31994000891461392.000000
diff=-2147483648.000000
diff=1
expected=31987405603431964.000000
actual=31994000891461392.000000
diff=-2147483648.000000
diff=1
expected=26644291135936844.000000
actual=31994000891461392.000000
diff=-2147483648.000000
diff=1
WARNING: orio.module.loop.submodule.tile.transformation: tile size 64 must be greater than the stride value 64; tile index = jjj
expected=26661800785882496.000000
actual=31994000891461392.000000
diff=-2147483648.000000
diff=1
WARNING: orio.module.loop.submodule.tile.transformation: tile size 512 must be greater than the stride value 512; tile index = jjj
expected=21662363178840084.000000
actual=31994000891461392.000000
diff=-2147483648.000000
diff=1
expected=31982208259679000.000000
actual=31994000891461392.000000
diff=-2147483648.000000
diff=1
expected=23995434085925420.000000
actual=31994000891461392.000000
diff=-2147483648.000000
diff=1
WARNING: orio.module.loop.submodule.tile.transformation: tile size 64 must be greater than the stride value 64; tile index = jjj
WARNING: orio.module.loop.submodule.tile.transformation: tile size 128 must be greater than the stride value 128; tile index = iii
expected=31994000891461392.000000
actual=31994000891461392.000000
diff=0.000000
diff=1
expected=22418324366676516.000000
actual=31994000891461392.000000
diff=-2147483648.000000
diff=1
expected=21662363178840084.000000
actual=31994000891461392.000000
diff=-2147483648.000000
diff=1
expected=31994000891461392.000000
actual=31994000891461392.000000
diff=0.000000
diff=1
expected=31994000891461392.000000
actual=31994000891461392.000000
diff=0.000000
diff=1
WARNING: orio.module.loop.submodule.tile.transformation: tile size 2048 must be greater than the stride value 2048; tile index = jjj
expected=31994000891461392.000000
actual=31994000891461392.000000
diff=0.000000
diff=1
WARNING: orio.module.loop.submodule.tile.transformation: tile size 4 must be greater than the stride value 4; tile index = jjj
expected=21817083147298516.000000
actual=31994000891461392.000000
diff=-2147483648.000000
diff=1
expected=23995434085925420.000000
actual=31994000891461392.000000
diff=-2147483648.000000
diff=1
expected=21995659034708832.000000
actual=31994000891461392.000000
diff=-2147483648.000000
diff=1
WARNING: orio.module.loop.submodule.tile.transformation: tile size 64 must be greater than the stride value 64; tile index = jjj
expected=31994000891461392.000000
actual=31994000891461392.000000
diff=0.000000
diff=1
WARNING: orio.module.loop.submodule.tile.transformation: tile size 2048 must be greater than the stride value 2048; tile index = jjj
expected=31944578643635088.000000
actual=31994000891461392.000000
diff=-2147483648.000000
diff=1
expected=31975213590026504.000000
actual=31994000891461392.000000
diff=-2147483648.000000
diff=1
expected=22662250725447396.000000
actual=31994000891461392.000000
diff=-2147483648.000000
diff=1
expected=31994000891461392.000000
actual=31994000891461392.000000
diff=0.000000
diff=1
expected=31994000891461392.000000
actual=31994000891461392.000000
diff=0.000000
diff=1
WARNING: orio.module.loop.submodule.tile.transformation: tile size 512 must be greater than the stride value 512; tile index = jjj
expected=23995434085925420.000000
actual=31994000891461392.000000
diff=-2147483648.000000
diff=1
expected=26635045640260572.000000
actual=31994000891461392.000000
diff=-2147483648.000000
diff=1
WARNING: orio.module.loop.submodule.tile.transformation: tile size 256 must be greater than the stride value 256; tile index = iii
expected=21622162716834696.000000
actual=31994000891461392.000000
diff=-2147483648.000000
diff=1
expected=31864469861882332.000000
actual=31994000891461392.000000
diff=-2147483648.000000
diff=1
expected=31975389029530712.000000
actual=31994000891461392.000000
diff=-2147483648.000000
diff=1
WARNING: orio.module.loop.submodule.tile.transformation: tile size 2048 must be greater than the stride value 2048; tile index = jjj
expected=23995434085925420.000000
actual=31994000891461392.000000
diff=-2147483648.000000
diff=1
WARNING: orio.module.loop.submodule.tile.transformation: tile size 2048 must be greater than the stride value 2048; tile index = iii
WARNING: orio.module.loop.submodule.tile.transformation: tile size 256 must be greater than the stride value 256; tile index = jjj
expected=31994000891461392.000000
actual=31994000891461392.000000
diff=0.000000
diff=1
expected=31900559577641872.000000
actual=31994000891461392.000000
diff=-2147483648.000000
diff=1
expected=26661800785882496.000000
actual=31994000891461392.000000
diff=-2147483648.000000
diff=1
WARNING: orio.module.loop.submodule.tile.transformation: tile size 16 must be greater than the stride value 16; tile index = iii
expected=31994000891461392.000000
actual=31994000891461392.000000
diff=0.000000
diff=1
expected=31994000891461392.000000
actual=31994000891461392.000000
diff=0.000000
diff=1
WARNING: orio.module.loop.submodule.tile.transformation: tile size 8 must be greater than the stride value 8; tile index = iii
expected=31993824484180304.000000
actual=31994000891461392.000000
diff=-2147483648.000000
diff=1
expected=22662250725447396.000000
actual=31994000891461392.000000
diff=-2147483648.000000
diff=1
expected=26661800785882496.000000
actual=31994000891461392.000000
diff=-2147483648.000000
diff=1
WARNING: orio.module.loop.submodule.tile.transformation: tile size 128 must be greater than the stride value 128; tile index = iii
WARNING: orio.module.loop.submodule.tile.transformation: tile size 2048 must be greater than the stride value 2048; tile index = jjj
expected=23980395484938512.000000
actual=31994000891461392.000000
diff=-2147483648.000000
diff=1
expected=31994000891461392.000000
actual=31994000891461392.000000
diff=0.000000
diff=1
expected=22662250725447396.000000
actual=31994000891461392.000000
diff=-2147483648.000000
diff=1
WARNING: orio.module.loop.submodule.tile.transformation: tile size 2 must be greater than the stride value 2; tile index = jjj
WARNING: orio.module.loop.submodule.tile.transformation: tile size 2048 must be greater than the stride value 2048; tile index = iii
expected=31960726506091300.000000
actual=31994000891461392.000000
diff=-2147483648.000000
diff=1
expected=31994000891461392.000000
actual=31994000891461392.000000
diff=0.000000
diff=1
expected=26661800785882496.000000
actual=31994000891461392.000000
diff=-2147483648.000000
diff=1
Segmentation fault
[00;31mERROR: orio.main.tuner.ptest_driver: failed to execute the test code: "timeout --kill-after=30s --signal=9 20m  ./__orio_perftest64.exe  "
 --> CalledProcessError: Command 'timeout --kill-after=30s --signal=9 20m  ./__orio_perftest64.exe  ' returned non-zero exit status 139[00m
[00;31mERROR: orio.main.tuner.ptest_driver:  performance testing failed: "timeout --kill-after=30s --signal=9 20m  ./__orio_perftest64.exe  "[00m
expected=31989728062378476.000000
actual=31994000891461392.000000
diff=-2147483648.000000
diff=1
expected=22626640848353984.000000
actual=31994000891461392.000000
diff=-2147483648.000000
diff=1
WARNING: orio.module.loop.submodule.tile.transformation: tile size 64 must be greater than the stride value 64; tile index = jjj
WARNING: orio.module.loop.submodule.tile.transformation: tile size 256 must be greater than the stride value 256; tile index = iii
WARNING: orio.module.loop.submodule.tile.transformation: tile size 2048 must be greater than the stride value 2048; tile index = iii
expected=21995659034708832.000000
actual=31994000891461392.000000
diff=-2147483648.000000
diff=1
expected=26504085828259972.000000
actual=31994000891461392.000000
diff=-2147483648.000000
diff=1
WARNING: orio.module.loop.submodule.tile.transformation: tile size 2048 must be greater than the stride value 2048; tile index = iii
expected=31980165634254772.000000
actual=31994000891461392.000000
diff=-2147483648.000000
diff=1
WARNING: orio.module.loop.submodule.tile.transformation: tile size 256 must be greater than the stride value 256; tile index = jjj
expected=26661800785882496.000000
actual=31994000891461392.000000
diff=-2147483648.000000
diff=1
WARNING: orio.module.loop.submodule.tile.transformation: tile size 4 must be greater than the stride value 4; tile index = jjj
expected=31994000891461392.000000
actual=31994000891461392.000000
diff=0.000000
diff=1
expected=21628070029585560.000000
actual=31994000891461392.000000
diff=-2147483648.000000
diff=1
expected=31493489377393312.000000
actual=31994000891461392.000000
diff=-2147483648.000000
diff=1
expected=31994000891461392.000000
actual=31994000891461392.000000
diff=0.000000
diff=1
WARNING: orio.module.loop.submodule.tile.transformation: tile size 16 must be greater than the stride value 16; tile index = iii
WARNING: orio.module.loop.submodule.tile.transformation: tile size 128 must be greater than the stride value 128; tile index = iii
expected=23960101845977072.000000
actual=31994000891461392.000000
diff=-2147483648.000000
diff=1
expected=21650531110207036.000000
actual=31994000891461392.000000
diff=-2147483648.000000
diff=1
WARNING: orio.module.loop.submodule.tile.transformation: tile size 256 must be greater than the stride value 256; tile index = iii
expected=23945955105523016.000000
actual=31994000891461392.000000
diff=-2147483648.000000
diff=1
expected=31930039445310920.000000
actual=31994000891461392.000000
diff=-2147483648.000000
diff=1
WARNING: orio.module.loop.submodule.tile.transformation: tile size 2048 must be greater than the stride value 2048; tile index = iii
expected=22602045119757052.000000
actual=31994000891461392.000000
diff=-2147483648.000000
diff=1
expected=26558619130389540.000000
actual=31994000891461392.000000
diff=-2147483648.000000
diff=1
expected=22535631147049496.000000
actual=31994000891461392.000000
diff=-2147483648.000000
diff=1
expected=31977046639301584.000000
actual=31994000891461392.000000
diff=-2147483648.000000
diff=1
WARNING: orio.module.loop.submodule.tile.transformation: tile size 2048 must be greater than the stride value 2048; tile index = iii
expected=21601323978902796.000000
actual=31994000891461392.000000
diff=-2147483648.000000
diff=1
WARNING: orio.module.loop.submodule.tile.transformation: tile size 256 must be greater than the stride value 256; tile index = iii
expected=23968977933343284.000000
actual=31994000891461392.000000
diff=-2147483648.000000
diff=1
WARNING: orio.module.loop.submodule.tile.transformation: tile size 8 must be greater than the stride value 8; tile index = iii
expected=31949816178465924.000000
actual=31994000891461392.000000
diff=-2147483648.000000
diff=1
expected=23972228487853648.000000
actual=31994000891461392.000000
diff=-2147483648.000000
diff=1
WARNING: orio.module.loop.submodule.tile.transformation: tile size 128 must be greater than the stride value 128; tile index = jjj
expected=21644395538659024.000000
actual=31994000891461392.000000
diff=-2147483648.000000
diff=1
expected=26600566499203176.000000
actual=31994000891461392.000000
diff=-2147483648.000000
diff=1
WARNING: orio.module.loop.submodule.tile.transformation: tile size 8 must be greater than the stride value 8; tile index = iii
expected=31925579107657332.000000
actual=31994000891461392.000000
diff=-2147483648.000000
diff=1
expected=23813304420767020.000000
actual=31994000891461392.000000
diff=-2147483648.000000
diff=1
WARNING: orio.module.loop.submodule.tile.transformation: tile size 2048 must be greater than the stride value 2048; tile index = jjj
expected=31920753238060576.000000
actual=31994000891461392.000000
diff=-2147483648.000000
diff=1
WARNING: orio.module.loop.submodule.tile.transformation: tile size 2048 must be greater than the stride value 2048; tile index = iii
expected=31906599074891736.000000
actual=31994000891461392.000000
diff=-2147483648.000000
diff=1
expected=22655028486449892.000000
actual=31994000891461392.000000
diff=-2147483648.000000
diff=1
expected=23875990029732908.000000
actual=31994000891461392.000000
diff=-2147483648.000000
diff=1
expected=21636670479307936.000000
actual=31994000891461392.000000
diff=-2147483648.000000
diff=1
expected=26398382479314280.000000
actual=31994000891461392.000000
diff=-2147483648.000000
diff=1
expected=31920018204489308.000000
actual=31994000891461392.000000
diff=-2147483648.000000
diff=1
WARNING: orio.module.loop.submodule.tile.transformation: tile size 4 must be greater than the stride value 4; tile index = jjj
expected=31987582218331316.000000
actual=31994000891461392.000000
diff=-2147483648.000000
diff=1
expected=26395043728287976.000000
actual=31994000891461392.000000
diff=-2147483648.000000
diff=1
expected=31755769851627096.000000
actual=31994000891461392.000000
diff=-2147483648.000000
diff=1
expected=31981246932794984.000000
actual=31994000891461392.000000
diff=-2147483648.000000
diff=1
WARNING: orio.module.loop.submodule.tile.transformation: tile size 4 must be greater than the stride value 4; tile index = jjj
WARNING: orio.module.loop.submodule.tile.transformation: tile size 128 must be greater than the stride value 128; tile index = iii
WARNING: orio.module.loop.submodule.tile.transformation: tile size 2048 must be greater than the stride value 2048; tile index = jjj
expected=26608140497000896.000000
actual=31994000891461392.000000
diff=-2147483648.000000
diff=1
expected=23966034309324988.000000
actual=31994000891461392.000000
diff=-2147483648.000000
diff=1
WARNING: orio.module.loop.submodule.tile.transformation: tile size 64 must be greater than the stride value 64; tile index = iii
WARNING: orio.module.loop.submodule.tile.transformation: tile size 1024 must be greater than the stride value 1024; tile index = iii
expected=22634444938654432.000000
actual=31994000891461392.000000
diff=-2147483648.000000
diff=1
WARNING: orio.module.loop.submodule.tile.transformation: tile size 4 must be greater than the stride value 4; tile index = jjj
WARNING: orio.module.loop.submodule.tile.transformation: tile size 8 must be greater than the stride value 8; tile index = jjj
expected=31985097688675584.000000
actual=31994000891461392.000000
diff=-2147483648.000000
diff=1
WARNING: orio.module.loop.submodule.tile.transformation: tile size 8 must be greater than the stride value 8; tile index = iii
expected=22561764866014336.000000
actual=31994000891461392.000000
diff=-2147483648.000000
diff=1
expected=23990670625876528.000000
actual=31994000891461392.000000
diff=-2147483648.000000
diff=1
expected=31913650295741232.000000
actual=31994000891461392.000000
diff=-2147483648.000000
diff=1
WARNING: orio.module.loop.submodule.tile.transformation: tile size 32 must be greater than the stride value 32; tile index = iii
expected=26156385885409124.000000
actual=31994000891461392.000000
diff=-2147483648.000000
diff=1
WARNING: orio.module.loop.submodule.tile.transformation: tile size 8 must be greater than the stride value 8; tile index = iii
WARNING: orio.module.loop.submodule.tile.transformation: tile size 64 must be greater than the stride value 64; tile index = iii
expected=23971569747249580.000000
actual=31994000891461392.000000
diff=-2147483648.000000
diff=1
expected=26563496924559392.000000
actual=31994000891461392.000000
diff=-2147483648.000000
diff=1
WARNING: orio.module.loop.submodule.tile.transformation: tile size 8 must be greater than the stride value 8; tile index = jjj
expected=22609815592487388.000000
actual=31994000891461392.000000
diff=-2147483648.000000
diff=1
expected=26551722956318340.000000
actual=31994000891461392.000000
diff=-2147483648.000000
diff=1
expected=31857743906164808.000000
actual=31994000891461392.000000
diff=-2147483648.000000
diff=1
expected=31545215423509000.000000
actual=31994000891461392.000000
diff=-2147483648.000000
diff=1
expected=26616647310572612.000000
actual=31994000891461392.000000
diff=-2147483648.000000
diff=1
WARNING: orio.module.loop.submodule.tile.transformation: tile size 4 must be greater than the stride value 4; tile index = jjj
expected=31932929054876296.000000
actual=31994000891461392.000000
diff=-2147483648.000000
diff=1
expected=22449438005737152.000000
actual=31994000891461392.000000
diff=-2147483648.000000
diff=1
WARNING: orio.module.loop.submodule.tile.transformation: tile size 512 must be greater than the stride value 512; tile index = iii
expected=26536182352561964.000000
actual=31994000891461392.000000
diff=-2147483648.000000
diff=1
expected=31964560284205848.000000
actual=31994000891461392.000000
diff=-2147483648.000000
diff=1
expected=23921131418514868.000000
actual=31994000891461392.000000
diff=-2147483648.000000
diff=1
expected=21959316222357696.000000
actual=31994000891461392.000000
diff=-2147483648.000000
diff=1
expected=26506984215665040.000000
actual=31994000891461392.000000
diff=-2147483648.000000
diff=1
WARNING: orio.module.loop.submodule.tile.transformation: tile size 32 must be greater than the stride value 32; tile index = jjj
expected=31451536470402536.000000
actual=31994000891461392.000000
diff=-2147483648.000000
diff=1
WARNING: orio.module.loop.submodule.tile.transformation: tile size 4 must be greater than the stride value 4; tile index = jjj
WARNING: orio.module.loop.submodule.tile.transformation: tile size 256 must be greater than the stride value 256; tile index = iii
expected=21962979115670148.000000
actual=31994000891461392.000000
diff=-2147483648.000000
diff=1
WARNING: orio.module.loop.submodule.tile.transformation: tile size 4 must be greater than the stride value 4; tile index = jjj
expected=31810088838236256.000000
actual=31994000891461392.000000
diff=-2147483648.000000
diff=1
WARNING: orio.module.loop.submodule.tile.transformation: tile size 4 must be greater than the stride value 4; tile index = jjj
expected=26563758822989756.000000
actual=31994000891461392.000000
diff=-2147483648.000000
diff=1
WARNING: orio.module.loop.submodule.tile.transformation: tile size 8 must be greater than the stride value 8; tile index = iii
WARNING: orio.module.loop.submodule.tile.transformation: tile size 16 must be greater than the stride value 16; tile index = jjj
expected=31944465257130160.000000
actual=31994000891461392.000000
diff=-2147483648.000000
diff=1
WARNING: orio.module.loop.submodule.tile.transformation: tile size 2 must be greater than the stride value 2; tile index = iii
expected=31994000891461392.000000
actual=31994000891461392.000000
diff=0.000000
diff=1
WARNING: orio.module.loop.submodule.tile.transformation: tile size 2048 must be greater than the stride value 2048; tile index = iii
expected=26629363315908440.000000
actual=31994000891461392.000000
diff=-2147483648.000000
diff=1
WARNING: orio.module.loop.submodule.tile.transformation: tile size 2048 must be greater than the stride value 2048; tile index = iii
expected=21629590205047532.000000
actual=31994000891461392.000000
diff=-2147483648.000000
diff=1
WARNING: orio.module.loop.submodule.tile.transformation: tile size 2048 must be greater than the stride value 2048; tile index = iii
expected=21662363178840084.000000
actual=31994000891461392.000000
diff=-2147483648.000000
diff=1
WARNING: orio.module.loop.submodule.tile.transformation: tile size 2048 must be greater than the stride value 2048; tile index = iii
expected=22645728913992284.000000
actual=31994000891461392.000000
diff=-2147483648.000000
diff=1
WARNING: orio.module.loop.submodule.tile.transformation: tile size 512 must be greater than the stride value 512; tile index = iii
WARNING: orio.module.loop.submodule.tile.transformation: tile size 2048 must be greater than the stride value 2048; tile index = iii
expected=21485515978730152.000000
actual=31994000891461392.000000
diff=-2147483648.000000
diff=1
WARNING: orio.module.loop.submodule.tile.transformation: tile size 512 must be greater than the stride value 512; tile index = iii
WARNING: orio.module.loop.submodule.tile.transformation: tile size 2048 must be greater than the stride value 2048; tile index = iii
WARNING: orio.module.loop.submodule.tile.transformation: tile size 2048 must be greater than the stride value 2048; tile index = jjj
expected=22588783977907372.000000
actual=31994000891461392.000000
diff=-2147483648.000000
diff=1
WARNING: orio.module.loop.submodule.tile.transformation: tile size 2048 must be greater than the stride value 2048; tile index = iii
expected=31932075548811660.000000
actual=31994000891461392.000000
diff=-2147483648.000000
diff=1
WARNING: orio.module.loop.submodule.tile.transformation: tile size 2048 must be greater than the stride value 2048; tile index = iii
expected=26626718020307124.000000
actual=31994000891461392.000000
diff=-2147483648.000000
diff=1
WARNING: orio.module.loop.submodule.tile.transformation: tile size 512 must be greater than the stride value 512; tile index = iii
WARNING: orio.module.loop.submodule.tile.transformation: tile size 2048 must be greater than the stride value 2048; tile index = iii
expected=30725434065228084.000000
actual=31994000891461392.000000
diff=-2147483648.000000
diff=1
WARNING: orio.module.loop.submodule.tile.transformation: tile size 2048 must be greater than the stride value 2048; tile index = iii
expected=23923446401660612.000000
actual=31994000891461392.000000
diff=-2147483648.000000
diff=1
WARNING: orio.module.loop.submodule.tile.transformation: tile size 2048 must be greater than the stride value 2048; tile index = iii
expected=21968019606445756.000000
actual=31994000891461392.000000
diff=-2147483648.000000
diff=1
WARNING: orio.module.loop.submodule.tile.transformation: tile size 512 must be greater than the stride value 512; tile index = iii
WARNING: orio.module.loop.submodule.tile.transformation: tile size 2048 must be greater than the stride value 2048; tile index = iii
expected=21662363178840084.000000
actual=31994000891461392.000000
diff=-2147483648.000000
diff=1
WARNING: orio.module.loop.submodule.tile.transformation: tile size 512 must be greater than the stride value 512; tile index = iii
WARNING: orio.module.loop.submodule.tile.transformation: tile size 2048 must be greater than the stride value 2048; tile index = iii
WARNING: orio.module.loop.submodule.tile.transformation: tile size 8 must be greater than the stride value 8; tile index = jjj
expected=23902546713445504.000000
actual=31994000891461392.000000
diff=-2147483648.000000
diff=1
WARNING: orio.module.loop.submodule.tile.transformation: tile size 2048 must be greater than the stride value 2048; tile index = iii
WARNING: orio.module.loop.submodule.tile.transformation: tile size 2048 must be greater than the stride value 2048; tile index = jjj
expected=21662363178840084.000000
actual=31994000891461392.000000
diff=-2147483648.000000
diff=1
WARNING: orio.module.loop.submodule.tile.transformation: tile size 2048 must be greater than the stride value 2048; tile index = iii
expected=21662363178840084.000000
actual=31994000891461392.000000
diff=-2147483648.000000
diff=1
WARNING: orio.module.loop.submodule.tile.transformation: tile size 512 must be greater than the stride value 512; tile index = iii
WARNING: orio.module.loop.submodule.tile.transformation: tile size 2048 must be greater than the stride value 2048; tile index = iii
expected=21995659034708832.000000
actual=31994000891461392.000000
diff=-2147483648.000000
diff=1
WARNING: orio.module.loop.submodule.tile.transformation: tile size 2048 must be greater than the stride value 2048; tile index = iii
expected=26655402159456284.000000
actual=31994000891461392.000000
diff=-2147483648.000000
diff=1
WARNING: orio.module.loop.submodule.tile.transformation: tile size 2048 must be greater than the stride value 2048; tile index = iii
expected=21621724344164408.000000
actual=31994000891461392.000000
diff=-2147483648.000000
diff=1
WARNING: orio.module.loop.submodule.tile.transformation: tile size 2048 must be greater than the stride value 2048; tile index = iii
expected=21956366642644392.000000
actual=31994000891461392.000000
diff=-2147483648.000000
diff=1
WARNING: orio.module.loop.submodule.tile.transformation: tile size 2048 must be greater than the stride value 2048; tile index = iii
WARNING: orio.module.loop.submodule.tile.transformation: tile size 1024 must be greater than the stride value 1024; tile index = jjj
expected=31845753793890680.000000
actual=31994000891461392.000000
diff=-2147483648.000000
diff=1
WARNING: orio.module.loop.submodule.tile.transformation: tile size 2048 must be greater than the stride value 2048; tile index = iii
WARNING: orio.module.loop.submodule.tile.transformation: tile size 64 must be greater than the stride value 64; tile index = jjj
expected=21923956955690632.000000
actual=31994000891461392.000000
diff=-2147483648.000000
diff=1
WARNING: orio.module.loop.submodule.tile.transformation: tile size 512 must be greater than the stride value 512; tile index = iii
WARNING: orio.module.loop.submodule.tile.transformation: tile size 2048 must be greater than the stride value 2048; tile index = iii
expected=26655248070363148.000000
actual=31994000891461392.000000
diff=-2147483648.000000
diff=1
WARNING: orio.module.loop.submodule.tile.transformation: tile size 2048 must be greater than the stride value 2048; tile index = iii
expected=23928534926209860.000000
actual=31994000891461392.000000
diff=-2147483648.000000
diff=1
WARNING: orio.module.loop.submodule.tile.transformation: tile size 512 must be greater than the stride value 512; tile index = iii
WARNING: orio.module.loop.submodule.tile.transformation: tile size 2048 must be greater than the stride value 2048; tile index = iii
expected=31994000891461392.000000
actual=31994000891461392.000000
diff=0.000000
diff=1
WARNING: orio.module.loop.submodule.tile.transformation: tile size 512 must be greater than the stride value 512; tile index = iii
WARNING: orio.module.loop.submodule.tile.transformation: tile size 2048 must be greater than the stride value 2048; tile index = iii
expected=21651071563249252.000000
actual=31994000891461392.000000
diff=-2147483648.000000
diff=1
WARNING: orio.module.loop.submodule.tile.transformation: tile size 512 must be greater than the stride value 512; tile index = iii
WARNING: orio.module.loop.submodule.tile.transformation: tile size 2048 must be greater than the stride value 2048; tile index = iii
expected=21972264614629016.000000
actual=31994000891461392.000000
diff=-2147483648.000000
diff=1
WARNING: orio.module.loop.submodule.tile.transformation: tile size 2048 must be greater than the stride value 2048; tile index = iii
expected=21941635591986748.000000
actual=31994000891461392.000000
diff=-2147483648.000000
diff=1
WARNING: orio.module.loop.submodule.tile.transformation: tile size 2048 must be greater than the stride value 2048; tile index = iii
expected=26616524199776604.000000
actual=31994000891461392.000000
diff=-2147483648.000000
diff=1
WARNING: orio.module.loop.submodule.tile.transformation: tile size 2048 must be greater than the stride value 2048; tile index = iii
expected=21598410611320444.000000
actual=31994000891461392.000000
diff=-2147483648.000000
diff=1
WARNING: orio.module.loop.submodule.tile.transformation: tile size 2048 must be greater than the stride value 2048; tile index = iii
expected=23924980442830100.000000
actual=31994000891461392.000000
diff=-2147483648.000000
diff=1
WARNING: orio.module.loop.submodule.tile.transformation: tile size 2048 must be greater than the stride value 2048; tile index = iii
expected=31892777775895272.000000
actual=31994000891461392.000000
diff=-2147483648.000000
diff=1
WARNING: orio.module.loop.submodule.tile.transformation: tile size 512 must be greater than the stride value 512; tile index = iii
WARNING: orio.module.loop.submodule.tile.transformation: tile size 2048 must be greater than the stride value 2048; tile index = iii
expected=21662363178840084.000000
actual=31994000891461392.000000
diff=-2147483648.000000
diff=1
WARNING: orio.module.loop.submodule.tile.transformation: tile size 512 must be greater than the stride value 512; tile index = iii
WARNING: orio.module.loop.submodule.tile.transformation: tile size 2048 must be greater than the stride value 2048; tile index = iii
expected=31988235621410116.000000
actual=31994000891461392.000000
diff=-2147483648.000000
diff=1
WARNING: orio.module.loop.submodule.tile.transformation: tile size 2048 must be greater than the stride value 2048; tile index = iii
expected=31907015281168116.000000
actual=31994000891461392.000000
diff=-2147483648.000000
diff=1
WARNING: orio.module.loop.submodule.tile.transformation: tile size 2048 must be greater than the stride value 2048; tile index = iii
expected=31853077946118224.000000
actual=31994000891461392.000000
diff=-2147483648.000000
diff=1
WARNING: orio.module.loop.submodule.tile.transformation: tile size 2048 must be greater than the stride value 2048; tile index = iii
expected=31816518457151064.000000
actual=31994000891461392.000000
diff=-2147483648.000000
diff=1
WARNING: orio.module.loop.submodule.tile.transformation: tile size 2048 must be greater than the stride value 2048; tile index = iii
expected=31994000891461392.000000
actual=31994000891461392.000000
diff=0.000000
diff=1
WARNING: orio.module.loop.submodule.tile.transformation: tile size 2048 must be greater than the stride value 2048; tile index = iii
expected=31968458934857772.000000
actual=31994000891461392.000000
diff=-2147483648.000000
diff=1
WARNING: orio.module.loop.submodule.tile.transformation: tile size 2048 must be greater than the stride value 2048; tile index = iii
expected=31943454890774444.000000
actual=31994000891461392.000000
diff=-2147483648.000000
diff=1
WARNING: orio.module.loop.submodule.tile.transformation: tile size 512 must be greater than the stride value 512; tile index = iii
WARNING: orio.module.loop.submodule.tile.transformation: tile size 2048 must be greater than the stride value 2048; tile index = iii
expected=31974871438838024.000000
actual=31994000891461392.000000
diff=-2147483648.000000
diff=1
WARNING: orio.module.loop.submodule.tile.transformation: tile size 2048 must be greater than the stride value 2048; tile index = iii
expected=31757198605307160.000000
actual=31994000891461392.000000
diff=-2147483648.000000
diff=1
WARNING: orio.module.loop.submodule.tile.transformation: tile size 512 must be greater than the stride value 512; tile index = iii
WARNING: orio.module.loop.submodule.tile.transformation: tile size 2048 must be greater than the stride value 2048; tile index = iii
expected=31963617796875600.000000
actual=31994000891461392.000000
diff=-2147483648.000000
diff=1
WARNING: orio.module.loop.submodule.tile.transformation: tile size 2048 must be greater than the stride value 2048; tile index = iii
expected=31929897787932860.000000
actual=31994000891461392.000000
diff=-2147483648.000000
diff=1
WARNING: orio.module.loop.submodule.tile.transformation: tile size 2048 must be greater than the stride value 2048; tile index = iii
WARNING: orio.module.loop.submodule.tile.transformation: tile size 2048 must be greater than the stride value 2048; tile index = jjj
expected=31968890847271684.000000
actual=31994000891461392.000000
diff=-2147483648.000000
diff=1
WARNING: orio.module.loop.submodule.tile.transformation: tile size 2048 must be greater than the stride value 2048; tile index = iii
expected=31927255593852644.000000
actual=31994000891461392.000000
diff=-2147483648.000000
diff=1
WARNING: orio.module.loop.submodule.tile.transformation: tile size 512 must be greater than the stride value 512; tile index = iii
WARNING: orio.module.loop.submodule.tile.transformation: tile size 2048 must be greater than the stride value 2048; tile index = iii
WARNING: orio.module.loop.submodule.tile.transformation: tile size 128 must be greater than the stride value 128; tile index = jjj
expected=31994000891461392.000000
actual=31994000891461392.000000
diff=0.000000
diff=1
WARNING: orio.module.loop.submodule.tile.transformation: tile size 2048 must be greater than the stride value 2048; tile index = iii
expected=31909438040033540.000000
actual=31994000891461392.000000
diff=-2147483648.000000
diff=1
WARNING: orio.module.loop.submodule.tile.transformation: tile size 2048 must be greater than the stride value 2048; tile index = iii
expected=31953374469933040.000000
actual=31994000891461392.000000
diff=-2147483648.000000
diff=1
WARNING: orio.module.loop.submodule.tile.transformation: tile size 2048 must be greater than the stride value 2048; tile index = iii
WARNING: orio.module.loop.submodule.tile.transformation: tile size 2048 must be greater than the stride value 2048; tile index = jjj
expected=31544297662101732.000000
actual=31994000891461392.000000
diff=-2147483648.000000
diff=1
WARNING: orio.module.loop.submodule.tile.transformation: tile size 2048 must be greater than the stride value 2048; tile index = iii
expected=31943326940150592.000000
actual=31994000891461392.000000
diff=-2147483648.000000
diff=1
WARNING: orio.module.loop.submodule.tile.transformation: tile size 2048 must be greater than the stride value 2048; tile index = iii
WARNING: orio.module.loop.submodule.tile.transformation: tile size 8 must be greater than the stride value 8; tile index = jjj
expected=31994000891461392.000000
actual=31994000891461392.000000
diff=0.000000
diff=1
WARNING: orio.module.loop.submodule.tile.transformation: tile size 2048 must be greater than the stride value 2048; tile index = iii
expected=31898249785463784.000000
actual=31994000891461392.000000
diff=-2147483648.000000
diff=1
WARNING: orio.module.loop.submodule.tile.transformation: tile size 2048 must be greater than the stride value 2048; tile index = iii
expected=31608764694723000.000000
actual=31994000891461392.000000
diff=-2147483648.000000
diff=1
WARNING: orio.module.loop.submodule.tile.transformation: tile size 512 must be greater than the stride value 512; tile index = iii
WARNING: orio.module.loop.submodule.tile.transformation: tile size 2048 must be greater than the stride value 2048; tile index = iii
expected=31911394545189716.000000
actual=31994000891461392.000000
diff=-2147483648.000000
diff=1
WARNING: orio.module.loop.submodule.tile.transformation: tile size 2048 must be greater than the stride value 2048; tile index = iii
expected=31930757105082524.000000
actual=31994000891461392.000000
diff=-2147483648.000000
diff=1
WARNING: orio.module.loop.submodule.tile.transformation: tile size 2048 must be greater than the stride value 2048; tile index = iii
expected=31739378288916760.000000
actual=31994000891461392.000000
diff=-2147483648.000000
diff=1
WARNING: orio.module.loop.submodule.tile.transformation: tile size 2048 must be greater than the stride value 2048; tile index = iii
expected=31935086096193376.000000
actual=31994000891461392.000000
diff=-2147483648.000000
diff=1
WARNING: orio.module.loop.submodule.tile.transformation: tile size 512 must be greater than the stride value 512; tile index = iii
WARNING: orio.module.loop.submodule.tile.transformation: tile size 2048 must be greater than the stride value 2048; tile index = iii
WARNING: orio.module.loop.submodule.tile.transformation: tile size 32 must be greater than the stride value 32; tile index = jjj
expected=31953227764251372.000000
actual=31994000891461392.000000
diff=-2147483648.000000
diff=1
WARNING: orio.module.loop.submodule.tile.transformation: tile size 2048 must be greater than the stride value 2048; tile index = iii
expected=31977514638933972.000000
actual=31994000891461392.000000
diff=-2147483648.000000
diff=1
WARNING: orio.module.loop.submodule.tile.transformation: tile size 512 must be greater than the stride value 512; tile index = iii
WARNING: orio.module.loop.submodule.tile.transformation: tile size 2048 must be greater than the stride value 2048; tile index = iii
expected=31661875285981888.000000
actual=31994000891461392.000000
diff=-2147483648.000000
diff=1
WARNING: orio.module.loop.submodule.tile.transformation: tile size 2048 must be greater than the stride value 2048; tile index = iii
WARNING: orio.module.loop.submodule.tile.transformation: tile size 2048 must be greater than the stride value 2048; tile index = jjj
expected=31842652209475952.000000
actual=31994000891461392.000000
diff=-2147483648.000000
diff=1
WARNING: orio.module.loop.submodule.tile.transformation: tile size 2048 must be greater than the stride value 2048; tile index = iii
