
expected=31994000891461392.000000
actual=31994000891461392.000000
diff=0.000000
diff=1
expected=30414247504379748.000000
actual=31994000891461392.000000
diff=-2147483648.000000
diff=1
expected=26614493946659892.000000
actual=31994000891461392.000000
diff=-2147483648.000000
diff=1
WARNING: orio.module.loop.submodule.tile.transformation: tile size 512 must be greater than the stride value 512; tile index = iii
expected=21995659034708832.000000
actual=31994000891461392.000000
diff=-2147483648.000000
diff=1
expected=31994000891461392.000000
actual=31994000891461392.000000
diff=0.000000
diff=1
WARNING: orio.module.loop.submodule.tile.transformation: tile size 256 must be greater than the stride value 256; tile index = jjj
WARNING: orio.module.loop.submodule.tile.transformation: tile size 2048 must be greater than the stride value 2048; tile index = iii
expected=23962541230683992.000000
actual=31994000891461392.000000
diff=-2147483648.000000
diff=1
WARNING: orio.module.loop.submodule.tile.transformation: tile size 2 must be greater than the stride value 2; tile index = jjj
WARNING: orio.module.loop.submodule.tile.transformation: tile size 8 must be greater than the stride value 8; tile index = jjj
expected=31985429079407064.000000
actual=31994000891461392.000000
diff=-2147483648.000000
diff=1
expected=26661800785882496.000000
actual=31994000891461392.000000
diff=-2147483648.000000
diff=1
expected=23927435871556128.000000
actual=31994000891461392.000000
diff=-2147483648.000000
diff=1
expected=23962380480144512.000000
actual=31994000891461392.000000
diff=-2147483648.000000
diff=1
WARNING: orio.module.loop.submodule.tile.transformation: tile size 128 must be greater than the stride value 128; tile index = jjj
expected=22629585581778984.000000
actual=31994000891461392.000000
diff=-2147483648.000000
diff=1
WARNING: orio.module.loop.submodule.tile.transformation: tile size 128 must be greater than the stride value 128; tile index = iii
expected=26661800785882496.000000
actual=31994000891461392.000000
diff=-2147483648.000000
diff=1
WARNING: orio.module.loop.submodule.tile.transformation: tile size 2048 must be greater than the stride value 2048; tile index = jjj
expected=22662250725447396.000000
actual=31994000891461392.000000
diff=-2147483648.000000
diff=1
expected=31971247376557776.000000
actual=31994000891461392.000000
diff=-2147483648.000000
diff=1
WARNING: orio.module.loop.submodule.tile.transformation: tile size 2048 must be greater than the stride value 2048; tile index = iii
expected=22662250725447396.000000
actual=31994000891461392.000000
diff=-2147483648.000000
diff=1
expected=21994262752098332.000000
actual=31994000891461392.000000
diff=-2147483648.000000
diff=1
expected=21662363178840084.000000
actual=31994000891461392.000000
diff=-2147483648.000000
diff=1
expected=23987843520388584.000000
actual=31994000891461392.000000
diff=-2147483648.000000
diff=1
expected=23995434085925420.000000
actual=31994000891461392.000000
diff=-2147483648.000000
diff=1
WARNING: orio.module.loop.submodule.tile.transformation: tile size 512 must be greater than the stride value 512; tile index = jjj
expected=23995434085925420.000000
actual=31994000891461392.000000
diff=-2147483648.000000
diff=1
WARNING: orio.module.loop.submodule.tile.transformation: tile size 16 must be greater than the stride value 16; tile index = iii
WARNING: orio.module.loop.submodule.tile.transformation: tile size 32 must be greater than the stride value 32; tile index = iii
expected=31354628872549252.000000
actual=31994000891461392.000000
diff=-2147483648.000000
diff=1
expected=31994000891461392.000000
actual=31994000891461392.000000
diff=0.000000
diff=1
expected=31994000891461392.000000
actual=31994000891461392.000000
diff=0.000000
diff=1
WARNING: orio.module.loop.submodule.tile.transformation: tile size 1024 must be greater than the stride value 1024; tile index = iii
expected=26661800785882496.000000
actual=31994000891461392.000000
diff=-2147483648.000000
diff=1
WARNING: orio.module.loop.submodule.tile.transformation: tile size 2048 must be greater than the stride value 2048; tile index = iii
expected=21662363178840084.000000
actual=31994000891461392.000000
diff=-2147483648.000000
diff=1
expected=21650089434959384.000000
actual=31994000891461392.000000
diff=-2147483648.000000
diff=1
expected=31910491321468772.000000
actual=31994000891461392.000000
diff=-2147483648.000000
diff=1
expected=21662363178840084.000000
actual=31994000891461392.000000
diff=-2147483648.000000
diff=1
expected=21995659034708832.000000
actual=31994000891461392.000000
diff=-2147483648.000000
diff=1
WARNING: orio.module.loop.submodule.tile.transformation: tile size 256 must be greater than the stride value 256; tile index = iii
expected=22662250725447396.000000
actual=31994000891461392.000000
diff=-2147483648.000000
diff=1
WARNING: orio.module.loop.submodule.tile.transformation: tile size 128 must be greater than the stride value 128; tile index = iii
expected=31909767234077780.000000
actual=31994000891461392.000000
diff=-2147483648.000000
diff=1
expected=21412008950015640.000000
actual=31994000891461392.000000
diff=-2147483648.000000
diff=1
WARNING: orio.module.loop.submodule.tile.transformation: tile size 2048 must be greater than the stride value 2048; tile index = iii
expected=26589661797277224.000000
actual=31994000891461392.000000
diff=-2147483648.000000
diff=1
expected=21995659034708832.000000
actual=31994000891461392.000000
diff=-2147483648.000000
diff=1
WARNING: orio.module.loop.submodule.tile.transformation: tile size 8 must be greater than the stride value 8; tile index = iii
expected=22638836908370348.000000
actual=31994000891461392.000000
diff=-2147483648.000000
diff=1
expected=31921543798776736.000000
actual=31994000891461392.000000
diff=-2147483648.000000
diff=1
WARNING: orio.module.loop.submodule.tile.transformation: tile size 2048 must be greater than the stride value 2048; tile index = iii
WARNING: orio.module.loop.submodule.tile.transformation: tile size 4 must be greater than the stride value 4; tile index = iii
expected=31994000891461392.000000
actual=31994000891461392.000000
diff=0.000000
diff=1
expected=31994000891461392.000000
actual=31994000891461392.000000
diff=0.000000
diff=1
WARNING: orio.module.loop.submodule.tile.transformation: tile size 2048 must be greater than the stride value 2048; tile index = jjj
expected=23970135598312976.000000
actual=31994000891461392.000000
diff=-2147483648.000000
diff=1
WARNING: orio.module.loop.submodule.tile.transformation: tile size 2048 must be greater than the stride value 2048; tile index = jjj
expected=22628255036519340.000000
actual=31994000891461392.000000
diff=-2147483648.000000
diff=1
WARNING: orio.module.loop.submodule.tile.transformation: tile size 32 must be greater than the stride value 32; tile index = jjj
expected=21662363178840084.000000
actual=31994000891461392.000000
diff=-2147483648.000000
diff=1
expected=21651737582008960.000000
actual=31994000891461392.000000
diff=-2147483648.000000
diff=1
WARNING: orio.module.loop.submodule.tile.transformation: tile size 512 must be greater than the stride value 512; tile index = jjj
expected=31933641537472788.000000
actual=31994000891461392.000000
diff=-2147483648.000000
diff=1
expected=26661800785882496.000000
actual=31994000891461392.000000
diff=-2147483648.000000
diff=1
WARNING: orio.module.loop.submodule.tile.transformation: tile size 4 must be greater than the stride value 4; tile index = iii
expected=31994000891461392.000000
actual=31994000891461392.000000
diff=0.000000
diff=1
expected=21639349589733788.000000
actual=31994000891461392.000000
diff=-2147483648.000000
diff=1
expected=29280385400001472.000000
actual=31994000891461392.000000
diff=-2147483648.000000
diff=1
WARNING: orio.module.loop.submodule.tile.transformation: tile size 256 must be greater than the stride value 256; tile index = jjj
expected=23985910587706716.000000
actual=31994000891461392.000000
diff=-2147483648.000000
diff=1
expected=26661800785882496.000000
actual=31994000891461392.000000
diff=-2147483648.000000
diff=1
expected=31994000891461392.000000
actual=31994000891461392.000000
diff=0.000000
diff=1
WARNING: orio.module.loop.submodule.tile.transformation: tile size 32 must be greater than the stride value 32; tile index = jjj
expected=31994000891461392.000000
actual=31994000891461392.000000
diff=0.000000
diff=1
WARNING: orio.module.loop.submodule.tile.transformation: tile size 2048 must be greater than the stride value 2048; tile index = jjj
expected=31994000891461392.000000
actual=31994000891461392.000000
diff=0.000000
diff=1
WARNING: orio.module.loop.submodule.tile.transformation: tile size 2048 must be greater than the stride value 2048; tile index = jjj
expected=23995434085925420.000000
actual=31994000891461392.000000
diff=-2147483648.000000
diff=1
expected=23995234080450972.000000
actual=31994000891461392.000000
diff=-2147483648.000000
diff=1
expected=21984651726597188.000000
actual=31994000891461392.000000
diff=-2147483648.000000
diff=1
expected=22544739764603700.000000
actual=31994000891461392.000000
diff=-2147483648.000000
diff=1
WARNING: orio.module.loop.submodule.tile.transformation: tile size 2048 must be greater than the stride value 2048; tile index = jjj
expected=21995659034708832.000000
actual=31994000891461392.000000
diff=-2147483648.000000
diff=1
expected=31994000891461392.000000
actual=31994000891461392.000000
diff=0.000000
diff=1
WARNING: orio.module.loop.submodule.tile.transformation: tile size 2048 must be greater than the stride value 2048; tile index = jjj
expected=31994000891461392.000000
actual=31994000891461392.000000
diff=0.000000
diff=1
expected=31994000891461392.000000
actual=31994000891461392.000000
diff=0.000000
diff=1
WARNING: orio.module.loop.submodule.tile.transformation: tile size 2048 must be greater than the stride value 2048; tile index = jjj
expected=23986829687199116.000000
actual=31994000891461392.000000
diff=-2147483648.000000
diff=1
WARNING: orio.module.loop.submodule.tile.transformation: tile size 8 must be greater than the stride value 8; tile index = jjj
expected=31994000891461392.000000
actual=31994000891461392.000000
diff=0.000000
diff=1
WARNING: orio.module.loop.submodule.tile.transformation: tile size 8 must be greater than the stride value 8; tile index = jjj
expected=26646963523284312.000000
actual=31994000891461392.000000
diff=-2147483648.000000
diff=1
expected=31994000891461392.000000
actual=31994000891461392.000000
diff=0.000000
diff=1
expected=31994000891461392.000000
actual=31994000891461392.000000
diff=0.000000
diff=1
expected=26644214012792032.000000
actual=31994000891461392.000000
diff=-2147483648.000000
diff=1
WARNING: orio.module.loop.submodule.tile.transformation: tile size 2 must be greater than the stride value 2; tile index = jjj
expected=31994000891461392.000000
actual=31994000891461392.000000
diff=0.000000
diff=1
expected=21662363178840084.000000
actual=31994000891461392.000000
diff=-2147483648.000000
diff=1
expected=26586926462899800.000000
actual=31994000891461392.000000
diff=-2147483648.000000
diff=1
WARNING: orio.module.loop.submodule.tile.transformation: tile size 8 must be greater than the stride value 8; tile index = iii
expected=23995434085925420.000000
actual=31994000891461392.000000
diff=-2147483648.000000
diff=1
expected=22662250725447396.000000
actual=31994000891461392.000000
diff=-2147483648.000000
diff=1
expected=31813743253301656.000000
actual=31994000891461392.000000
diff=-2147483648.000000
diff=1
WARNING: orio.module.loop.submodule.tile.transformation: tile size 4 must be greater than the stride value 4; tile index = jjj
expected=31992739894767928.000000
actual=31994000891461392.000000
diff=-2147483648.000000
diff=1
expected=31994000891461392.000000
actual=31994000891461392.000000
diff=0.000000
diff=1
WARNING: orio.module.loop.submodule.tile.transformation: tile size 4 must be greater than the stride value 4; tile index = iii
WARNING: orio.module.loop.submodule.tile.transformation: tile size 2048 must be greater than the stride value 2048; tile index = jjj
expected=23968721914507680.000000
actual=31994000891461392.000000
diff=-2147483648.000000
diff=1
WARNING: orio.module.loop.submodule.tile.transformation: tile size 4 must be greater than the stride value 4; tile index = iii
WARNING: orio.module.loop.submodule.tile.transformation: tile size 2048 must be greater than the stride value 2048; tile index = jjj
expected=23885811681052264.000000
actual=31994000891461392.000000
diff=-2147483648.000000
diff=1
/usr/lib/python2.7/dist-packages/rpy2/rinterface/__init__.py:186: RRuntimeWarning: Error in lm.fit(x, y, offset = offset, singular.ok = singular.ok, ...) : 
  0 (non-NA) cases

  warnings.warn(x, RRuntimeWarning)
/usr/lib/python2.7/dist-packages/rpy2/rinterface/__init__.py:186: RRuntimeWarning: In addition: 
  warnings.warn(x, RRuntimeWarning)
/usr/lib/python2.7/dist-packages/rpy2/rinterface/__init__.py:186: RRuntimeWarning: Warning messages:

  warnings.warn(x, RRuntimeWarning)
/usr/lib/python2.7/dist-packages/rpy2/rinterface/__init__.py:186: RRuntimeWarning: 1: 
  warnings.warn(x, RRuntimeWarning)
/usr/lib/python2.7/dist-packages/rpy2/rinterface/__init__.py:186: RRuntimeWarning: In if (-1 == (strt <- regexpr(name, string))) return(c(0, 0)) :
  warnings.warn(x, RRuntimeWarning)
/usr/lib/python2.7/dist-packages/rpy2/rinterface/__init__.py:186: RRuntimeWarning: 
 
  warnings.warn(x, RRuntimeWarning)
/usr/lib/python2.7/dist-packages/rpy2/rinterface/__init__.py:186: RRuntimeWarning:  the condition has length > 1 and only the first element will be used

  warnings.warn(x, RRuntimeWarning)
/usr/lib/python2.7/dist-packages/rpy2/rinterface/__init__.py:186: RRuntimeWarning: 2: 
  warnings.warn(x, RRuntimeWarning)
/usr/lib/python2.7/dist-packages/rpy2/rinterface/__init__.py:186: RRuntimeWarning: 3: 
  warnings.warn(x, RRuntimeWarning)
/usr/lib/python2.7/dist-packages/rpy2/rinterface/__init__.py:186: RRuntimeWarning: 4: 
  warnings.warn(x, RRuntimeWarning)
/usr/lib/python2.7/dist-packages/rpy2/rinterface/__init__.py:186: RRuntimeWarning: 5: 
  warnings.warn(x, RRuntimeWarning)
/usr/lib/python2.7/dist-packages/rpy2/rinterface/__init__.py:186: RRuntimeWarning: 6: 
  warnings.warn(x, RRuntimeWarning)
/usr/lib/python2.7/dist-packages/rpy2/rinterface/__init__.py:186: RRuntimeWarning: 7: 
  warnings.warn(x, RRuntimeWarning)
/usr/lib/python2.7/dist-packages/rpy2/rinterface/__init__.py:186: RRuntimeWarning: 8: 
  warnings.warn(x, RRuntimeWarning)
/usr/lib/python2.7/dist-packages/rpy2/rinterface/__init__.py:186: RRuntimeWarning: 9: 
  warnings.warn(x, RRuntimeWarning)
