
expected=1.000443
actual=1.000000
diff=0.000000
diff=1
expected=1.001452
actual=1.000000
diff=0.000000
diff=1
WARNING: orio.module.loop.submodule.tile.transformation: tile size 32 must be greater than the stride value 32; tile index = jjj
expected=1.001191
actual=1.000000
diff=0.000000
diff=1
expected=0.999822
actual=1.000000
diff=0.000000
diff=1
expected=1.000000
actual=1.000000
diff=0.000000
diff=1
expected=1.000545
actual=1.000000
diff=0.000000
diff=1
expected=1.004118
actual=1.000000
diff=0.000000
diff=1
WARNING: orio.module.loop.submodule.tile.transformation: tile size 2048 must be greater than the stride value 2048; tile index = iii
expected=1.001403
actual=1.000000
diff=0.000000
diff=1
expected=1.005247
actual=1.000000
diff=0.000000
diff=1
WARNING: orio.module.loop.submodule.tile.transformation: tile size 256 must be greater than the stride value 256; tile index = iii
WARNING: orio.module.loop.submodule.tile.transformation: tile size 2048 must be greater than the stride value 2048; tile index = jjj
expected=1.000000
actual=1.000000
diff=0.000000
diff=1
expected=1.003878
actual=1.000000
diff=0.000000
diff=1
expected=1.001625
actual=1.000000
diff=0.000000
diff=1
WARNING: orio.module.loop.submodule.tile.transformation: tile size 128 must be greater than the stride value 128; tile index = jjj
expected=1.000000
actual=1.000000
diff=0.000000
diff=1
WARNING: orio.module.loop.submodule.tile.transformation: tile size 2048 must be greater than the stride value 2048; tile index = iii
expected=1.000000
actual=1.000000
diff=0.000000
diff=1
expected=1.003728
actual=1.000000
diff=0.000000
diff=1
expected=1.000000
actual=1.000000
diff=0.000000
diff=1
expected=1.001389
actual=1.000000
diff=0.000000
diff=1
expected=1.000000
actual=1.000000
diff=0.000000
diff=1
expected=1.000000
actual=1.000000
diff=0.000000
diff=1
expected=1.004609
actual=1.000000
diff=0.000000
diff=1
expected=1.000000
actual=1.000000
diff=0.000000
diff=1
expected=1.000000
actual=1.000000
diff=0.000000
diff=1
expected=1.003296
actual=1.000000
diff=0.000000
diff=1
WARNING: orio.module.loop.submodule.tile.transformation: tile size 2048 must be greater than the stride value 2048; tile index = jjj
expected=1.007692
actual=1.000000
diff=0.000000
diff=1
expected=1.000000
actual=1.000000
diff=0.000000
diff=1
expected=1.000000
actual=1.000000
diff=0.000000
diff=1
expected=1.007542
actual=1.000000
diff=0.000000
diff=1
expected=1.002089
actual=1.000000
diff=0.000000
diff=1
WARNING: orio.module.loop.submodule.tile.transformation: tile size 16 must be greater than the stride value 16; tile index = iii
expected=1.003777
actual=1.000000
diff=0.000000
diff=1
expected=1.000000
actual=1.000000
diff=0.000000
diff=1
expected=1.000000
actual=1.000000
diff=0.000000
diff=1
expected=1.003351
actual=1.000000
diff=0.000000
diff=1
expected=1.006532
actual=1.000000
diff=0.000000
diff=1
expected=1.004190
actual=1.000000
diff=0.000000
diff=1
expected=1.003103
actual=1.000000
diff=0.000000
diff=1
WARNING: orio.module.loop.submodule.tile.transformation: tile size 8 must be greater than the stride value 8; tile index = iii
expected=1.019663
actual=1.000000
diff=0.000000
diff=1
WARNING: orio.module.loop.submodule.tile.transformation: tile size 512 must be greater than the stride value 512; tile index = jjj
expected=1.011740
actual=1.000000
diff=0.000000
diff=1
WARNING: orio.module.loop.submodule.tile.transformation: tile size 128 must be greater than the stride value 128; tile index = iii
expected=1.004010
actual=1.000000
diff=0.000000
diff=1
expected=1.007591
actual=1.000000
diff=0.000000
diff=1
expected=1.002321
actual=1.000000
diff=0.000000
diff=1
WARNING: orio.module.loop.submodule.tile.transformation: tile size 2048 must be greater than the stride value 2048; tile index = jjj
expected=1.003619
actual=1.000000
diff=0.000000
diff=1
expected=1.004536
actual=1.000000
diff=0.000000
diff=1
expected=1.001590
actual=1.000000
diff=0.000000
diff=1
expected=1.002936
actual=1.000000
diff=0.000000
diff=1
expected=1.002093
actual=1.000000
diff=0.000000
diff=1
WARNING: orio.module.loop.submodule.tile.transformation: tile size 2048 must be greater than the stride value 2048; tile index = iii
expected=1.008570
actual=1.000000
diff=0.000000
diff=1
expected=1.001913
actual=1.000000
diff=0.000000
diff=1
expected=1.001590
actual=1.000000
diff=0.000000
diff=1
expected=1.011022
actual=1.000000
diff=0.000000
diff=1
expected=1.018435
actual=1.000000
diff=0.000000
diff=1
WARNING: orio.module.loop.submodule.tile.transformation: tile size 8 must be greater than the stride value 8; tile index = jjj
expected=1.004124
actual=1.000000
diff=0.000000
diff=1
WARNING: orio.module.loop.submodule.tile.transformation: tile size 2048 must be greater than the stride value 2048; tile index = iii
expected=1.000791
actual=1.000000
diff=0.000000
diff=1
WARNING: orio.module.loop.submodule.tile.transformation: tile size 2048 must be greater than the stride value 2048; tile index = jjj
expected=1.007271
actual=1.000000
diff=0.000000
diff=1
WARNING: orio.module.loop.submodule.tile.transformation: tile size 1024 must be greater than the stride value 1024; tile index = iii
expected=1.003113
actual=1.000000
diff=0.000000
diff=1
expected=1.010070
actual=1.000000
diff=0.000000
diff=1
expected=1.001961
actual=1.000000
diff=0.000000
diff=1
expected=1.002435
actual=1.000000
diff=0.000000
diff=1
expected=1.002847
actual=1.000000
diff=0.000000
diff=1
expected=1.003121
actual=1.000000
diff=0.000000
diff=1
WARNING: orio.module.loop.submodule.tile.transformation: tile size 64 must be greater than the stride value 64; tile index = jjj
expected=1.003275
actual=1.000000
diff=0.000000
diff=1
WARNING: orio.module.loop.submodule.tile.transformation: tile size 2048 must be greater than the stride value 2048; tile index = jjj
expected=1.010307
actual=1.000000
diff=0.000000
diff=1
expected=1.040808
actual=1.000000
diff=0.000000
diff=1
expected=1.005859
actual=1.000000
diff=0.000000
diff=1
expected=1.001415
actual=1.000000
diff=0.000000
diff=1
expected=1.004650
actual=1.000000
diff=0.000000
diff=1
expected=1.012487
actual=1.000000
diff=0.000000
diff=1
expected=1.004880
actual=1.000000
diff=0.000000
diff=1
expected=1.003716
actual=1.000000
diff=0.000000
diff=1
expected=1.002602
actual=1.000000
diff=0.000000
diff=1
expected=1.007881
actual=1.000000
diff=0.000000
diff=1
expected=1.002088
actual=1.000000
diff=0.000000
diff=1
expected=1.162365
actual=1.000000
diff=0.000000
diff=1
expected=1.004703
actual=1.000000
diff=0.000000
diff=1
expected=1.019279
actual=1.000000
diff=0.000000
diff=1
expected=1.006936
actual=1.000000
diff=0.000000
diff=1
expected=1.003375
actual=1.000000
diff=0.000000
diff=1
expected=1.006929
actual=1.000000
diff=0.000000
diff=1
expected=1.002467
actual=1.000000
diff=0.000000
diff=1
expected=1.003472
actual=1.000000
diff=0.000000
diff=1
expected=1.005973
actual=1.000000
diff=0.000000
diff=1
expected=1.002667
actual=1.000000
diff=0.000000
diff=1
WARNING: orio.module.loop.submodule.tile.transformation: tile size 8 must be greater than the stride value 8; tile index = jjj
expected=1.006747
actual=1.000000
diff=0.000000
diff=1
expected=1.003496
actual=1.000000
diff=0.000000
diff=1
WARNING: orio.module.loop.submodule.tile.transformation: tile size 16 must be greater than the stride value 16; tile index = jjj
expected=1.005649
actual=1.000000
diff=0.000000
diff=1
expected=1.004770
actual=1.000000
diff=0.000000
diff=1
WARNING: orio.module.loop.submodule.tile.transformation: tile size 16 must be greater than the stride value 16; tile index = jjj
expected=1.006495
actual=1.000000
diff=0.000000
diff=1
WARNING: orio.module.loop.submodule.tile.transformation: tile size 512 must be greater than the stride value 512; tile index = jjj
expected=1.005710
actual=1.000000
diff=0.000000
diff=1
WARNING: orio.module.loop.submodule.tile.transformation: tile size 2048 must be greater than the stride value 2048; tile index = jjj
expected=1.021177
actual=1.000000
diff=0.000000
diff=1
expected=1.022391
actual=1.000000
diff=0.000000
diff=1
expected=1.003004
actual=1.000000
diff=0.000000
diff=1
expected=1.016003
actual=1.000000
diff=0.000000
diff=1
WARNING: orio.module.loop.submodule.tile.transformation: tile size 2048 must be greater than the stride value 2048; tile index = jjj
expected=1.004743
actual=1.000000
diff=0.000000
diff=1
expected=1.025184
actual=1.000000
diff=0.000000
diff=1
expected=1.003214
actual=1.000000
diff=0.000000
diff=1
expected=1.008810
actual=1.000000
diff=0.000000
diff=1
expected=1.005158
actual=1.000000
diff=0.000000
diff=1
