
expected=-29488901894.314121
actual=-29488901894.314121
diff=0.000000
diff=1
expected=-152743527204003.968750
actual=-29488901894.314121
diff=-2147483648.000000
diff=1
WARNING: orio.module.loop.submodule.tile.transformation: tile size 2 must be greater than the stride value 2; tile index = jjj
expected=-29488901894.314121
actual=-29488901894.314121
diff=0.000000
diff=1
WARNING: orio.module.loop.submodule.tile.transformation: tile size 1024 must be greater than the stride value 1024; tile index = iii
expected=520055212054.025696
actual=-29488901894.314121
diff=-2147483648.000000
diff=1
WARNING: orio.module.loop.submodule.tile.transformation: tile size 4 must be greater than the stride value 4; tile index = jjj
expected=25440258.444064
actual=-29488901894.314121
diff=-2147483648.000000
diff=1
expected=-29488901894.314121
actual=-29488901894.314121
diff=0.000000
diff=1
expected=-29488901894.314121
actual=-29488901894.314121
diff=0.000000
diff=1
expected=-29488901894.314121
actual=-29488901894.314121
diff=0.000000
diff=1
WARNING: orio.module.loop.submodule.tile.transformation: tile size 128 must be greater than the stride value 128; tile index = jjj
expected=126721550248.385513
actual=-29488901894.314121
diff=-2147483648.000000
diff=1
expected=-29488901894.314121
actual=-29488901894.314121
diff=0.000000
diff=1
expected=-29488901894.314121
actual=-29488901894.314121
diff=0.000000
diff=1
WARNING: orio.module.loop.submodule.tile.transformation: tile size 512 must be greater than the stride value 512; tile index = jjj
expected=-29488901894.314121
actual=-29488901894.314121
diff=0.000000
diff=1
WARNING: orio.module.loop.submodule.tile.transformation: tile size 16 must be greater than the stride value 16; tile index = iii
expected=-7558329.286618
actual=-29488901894.314121
diff=-2147483648.000000
diff=1
expected=25440258.444064
actual=-29488901894.314121
diff=-2147483648.000000
diff=1
expected=-7558329.286618
actual=-29488901894.314121
diff=-2147483648.000000
diff=1
expected=-29488901894.314121
actual=-29488901894.314121
diff=0.000000
diff=1
expected=-25932060.545677
actual=-29488901894.314121
diff=-2147483648.000000
diff=1
expected=11719802766800020.000000
actual=-29488901894.314121
diff=-2147483648.000000
diff=1
WARNING: orio.module.loop.submodule.tile.transformation: tile size 8 must be greater than the stride value 8; tile index = jjj
WARNING: orio.module.loop.submodule.tile.transformation: tile size 16 must be greater than the stride value 16; tile index = jjj
expected=-614195238390.594482
actual=-29488901894.314121
diff=-2147483648.000000
diff=1
expected=-8369971.849494
actual=-29488901894.314121
diff=-2147483648.000000
diff=1
expected=25440258.444064
actual=-29488901894.314121
diff=-2147483648.000000
diff=1
expected=-7558329.286618
actual=-29488901894.314121
diff=-2147483648.000000
diff=1
expected=35295685776438.125000
actual=-29488901894.314121
diff=-2147483648.000000
diff=1
expected=-29488901894.314121
actual=-29488901894.314121
diff=0.000000
diff=1
expected=-29488901894.314121
actual=-29488901894.314121
diff=0.000000
diff=1
expected=-187681434714.290222
actual=-29488901894.314121
diff=-2147483648.000000
diff=1
expected=-1023146.527636
actual=-29488901894.314121
diff=-2147483648.000000
diff=1
expected=-29488901894.314121
actual=-29488901894.314121
diff=0.000000
diff=1
expected=591607783108033.125000
actual=-29488901894.314121
diff=-2147483648.000000
diff=1
expected=6577890894.142018
actual=-29488901894.314121
diff=-2147483648.000000
diff=1
WARNING: orio.module.loop.submodule.tile.transformation: tile size 4 must be greater than the stride value 4; tile index = jjj
expected=-29488901894.314121
actual=-29488901894.314121
diff=0.000000
diff=1
expected=-7558329.286618
actual=-29488901894.314121
diff=-2147483648.000000
diff=1
WARNING: orio.module.loop.submodule.tile.transformation: tile size 32 must be greater than the stride value 32; tile index = jjj
expected=-614195238390.594482
actual=-29488901894.314121
diff=-2147483648.000000
diff=1
expected=520055212054.025696
actual=-29488901894.314121
diff=-2147483648.000000
diff=1
expected=-29488901894.314121
actual=-29488901894.314121
diff=0.000000
diff=1
expected=288940386.330813
actual=-29488901894.314121
diff=-2147483648.000000
diff=1
WARNING: orio.module.loop.submodule.tile.transformation: tile size 32 must be greater than the stride value 32; tile index = jjj
expected=-29488901894.314121
actual=-29488901894.314121
diff=0.000000
diff=1
WARNING: orio.module.loop.submodule.tile.transformation: tile size 1024 must be greater than the stride value 1024; tile index = iii
expected=-29488901894.314121
actual=-29488901894.314121
diff=0.000000
diff=1
WARNING: orio.module.loop.submodule.tile.transformation: tile size 2 must be greater than the stride value 2; tile index = iii
WARNING: orio.module.loop.submodule.tile.transformation: tile size 16 must be greater than the stride value 16; tile index = jjj
expected=191746.697800
actual=-29488901894.314121
diff=-2147483648.000000
diff=1
expected=126721550248.385513
actual=-29488901894.314121
diff=-2147483648.000000
diff=1
expected=-614697259051.746338
actual=-29488901894.314121
diff=-2147483648.000000
diff=1
WARNING: orio.module.loop.submodule.tile.transformation: tile size 64 must be greater than the stride value 64; tile index = iii
expected=13621945490.215157
actual=-29488901894.314121
diff=-2147483648.000000
diff=1
WARNING: orio.module.loop.submodule.tile.transformation: tile size 512 must be greater than the stride value 512; tile index = iii
expected=-29488901894.314121
actual=-29488901894.314121
diff=0.000000
diff=1
expected=-614195238390.594482
actual=-29488901894.314121
diff=-2147483648.000000
diff=1
expected=-7558329.286618
actual=-29488901894.314121
diff=-2147483648.000000
diff=1
expected=290365339.796440
actual=-29488901894.314121
diff=-2147483648.000000
diff=1
expected=25440258.444064
actual=-29488901894.314121
diff=-2147483648.000000
diff=1
expected=25440258.444064
actual=-29488901894.314121
diff=-2147483648.000000
diff=1
WARNING: orio.module.loop.submodule.tile.transformation: tile size 32 must be greater than the stride value 32; tile index = iii
expected=-29488901894.314121
actual=-29488901894.314121
diff=0.000000
diff=1
expected=-29488901894.314121
actual=-29488901894.314121
diff=0.000000
diff=1
expected=-1023146.527636
actual=-29488901894.314121
diff=-2147483648.000000
diff=1
expected=-7558329.286618
actual=-29488901894.314121
diff=-2147483648.000000
diff=1
WARNING: orio.module.loop.submodule.tile.transformation: tile size 128 must be greater than the stride value 128; tile index = iii
expected=-29488901894.314121
actual=-29488901894.314121
diff=0.000000
diff=1
expected=-29488901894.314121
actual=-29488901894.314121
diff=0.000000
diff=1
expected=25440258.444064
actual=-29488901894.314121
diff=-2147483648.000000
diff=1
expected=-29488901894.314121
actual=-29488901894.314121
diff=0.000000
diff=1
expected=-29488901894.314121
actual=-29488901894.314121
diff=0.000000
diff=1
expected=13806766303934.839844
actual=-29488901894.314121
diff=-2147483648.000000
diff=1
expected=1773708098331.296631
actual=-29488901894.314121
diff=-2147483648.000000
diff=1
WARNING: orio.module.loop.submodule.tile.transformation: tile size 128 must be greater than the stride value 128; tile index = jjj
expected=-614195238390.594482
actual=-29488901894.314121
diff=-2147483648.000000
diff=1
expected=126721550248.385513
actual=-29488901894.314121
diff=-2147483648.000000
diff=1
WARNING: orio.module.loop.submodule.tile.transformation: tile size 64 must be greater than the stride value 64; tile index = iii
WARNING: orio.module.loop.submodule.tile.transformation: tile size 2 must be greater than the stride value 2; tile index = jjj
expected=-1013643.922630
actual=-29488901894.314121
diff=-2147483648.000000
diff=1
expected=-29488901894.314121
actual=-29488901894.314121
diff=0.000000
diff=1
expected=-7558329.286618
actual=-29488901894.314121
diff=-2147483648.000000
diff=1
WARNING: orio.module.loop.submodule.tile.transformation: tile size 2 must be greater than the stride value 2; tile index = iii
WARNING: orio.module.loop.submodule.tile.transformation: tile size 256 must be greater than the stride value 256; tile index = iii
expected=-7558329.286618
actual=-29488901894.314121
diff=-2147483648.000000
diff=1
WARNING: orio.module.loop.submodule.tile.transformation: tile size 4 must be greater than the stride value 4; tile index = iii
expected=-29488901894.314121
actual=-29488901894.314121
diff=0.000000
diff=1
expected=25440258.444064
actual=-29488901894.314121
diff=-2147483648.000000
diff=1
WARNING: orio.module.loop.submodule.tile.transformation: tile size 512 must be greater than the stride value 512; tile index = iii
expected=-7558329.286618
actual=-29488901894.314121
diff=-2147483648.000000
diff=1
expected=-8369971.849494
actual=-29488901894.314121
diff=-2147483648.000000
diff=1
expected=-29488901894.314121
actual=-29488901894.314121
diff=0.000000
diff=1
expected=-143736125815517.125000
actual=-29488901894.314121
diff=-2147483648.000000
diff=1
WARNING: orio.module.loop.submodule.tile.transformation: tile size 32 must be greater than the stride value 32; tile index = iii
expected=-29488901894.314121
actual=-29488901894.314121
diff=0.000000
diff=1
expected=-29488901894.314121
actual=-29488901894.314121
diff=0.000000
diff=1
expected=-29488901894.314121
actual=-29488901894.314121
diff=0.000000
diff=1
expected=-29488901894.314121
actual=-29488901894.314121
diff=0.000000
diff=1
WARNING: orio.module.loop.submodule.tile.transformation: tile size 256 must be greater than the stride value 256; tile index = iii
expected=-29488901894.314121
actual=-29488901894.314121
diff=0.000000
diff=1
expected=-29488901894.314121
actual=-29488901894.314121
diff=0.000000
diff=1
expected=-7558329.286618
actual=-29488901894.314121
diff=-2147483648.000000
diff=1
expected=-29488901894.314121
actual=-29488901894.314121
diff=0.000000
diff=1
WARNING: orio.module.loop.submodule.tile.transformation: tile size 128 must be greater than the stride value 128; tile index = jjj
expected=-29488901894.314121
actual=-29488901894.314121
diff=0.000000
diff=1
WARNING: orio.module.loop.submodule.tile.transformation: tile size 256 must be greater than the stride value 256; tile index = jjj
expected=3395916.815827
actual=-29488901894.314121
diff=-2147483648.000000
diff=1
WARNING: orio.module.loop.submodule.tile.transformation: tile size 64 must be greater than the stride value 64; tile index = iii
expected=422302687603.903503
actual=-29488901894.314121
diff=-2147483648.000000
diff=1
expected=520055212054.025696
actual=-29488901894.314121
diff=-2147483648.000000
diff=1
expected=-7558329.286618
actual=-29488901894.314121
diff=-2147483648.000000
diff=1
expected=-29488901894.314121
actual=-29488901894.314121
diff=0.000000
diff=1
WARNING: orio.module.loop.submodule.tile.transformation: tile size 16 must be greater than the stride value 16; tile index = jjj
expected=-2869674818475.774902
actual=-29488901894.314121
diff=-2147483648.000000
diff=1
WARNING: orio.module.loop.submodule.tile.transformation: tile size 256 must be greater than the stride value 256; tile index = iii
expected=126721550248.385513
actual=-29488901894.314121
diff=-2147483648.000000
diff=1
expected=-1017206.599234
actual=-29488901894.314121
diff=-2147483648.000000
diff=1
WARNING: orio.module.loop.submodule.tile.transformation: tile size 128 must be greater than the stride value 128; tile index = jjj
expected=-29488901894.314121
actual=-29488901894.314121
diff=0.000000
diff=1
WARNING: orio.module.loop.submodule.tile.transformation: tile size 8 must be greater than the stride value 8; tile index = jjj
WARNING: orio.module.loop.submodule.tile.transformation: tile size 32 must be greater than the stride value 32; tile index = iii
WARNING: orio.module.loop.submodule.tile.transformation: tile size 128 must be greater than the stride value 128; tile index = jjj
expected=-29488901894.314121
actual=-29488901894.314121
diff=0.000000
diff=1
expected=-29488901894.314121
actual=-29488901894.314121
diff=0.000000
diff=1
expected=-29488901894.314121
actual=-29488901894.314121
diff=0.000000
diff=1
WARNING: orio.module.loop.submodule.tile.transformation: tile size 2048 must be greater than the stride value 2048; tile index = jjj
expected=-29488901894.314121
actual=-29488901894.314121
diff=0.000000
diff=1
expected=-29488901894.314121
actual=-29488901894.314121
diff=0.000000
diff=1
WARNING: orio.module.loop.submodule.tile.transformation: tile size 128 must be greater than the stride value 128; tile index = jjj
WARNING: orio.module.loop.submodule.tile.transformation: tile size 4 must be greater than the stride value 4; tile index = jjj
expected=-1023146.527636
actual=-29488901894.314121
diff=-2147483648.000000
diff=1
WARNING: orio.module.loop.submodule.tile.transformation: tile size 512 must be greater than the stride value 512; tile index = jjj
expected=-29488901894.314121
actual=-29488901894.314121
diff=0.000000
diff=1
expected=25440258.444064
actual=-29488901894.314121
diff=-2147483648.000000
diff=1
expected=-555474598395978496.000000
actual=-29488901894.314121
diff=-2147483648.000000
diff=1
expected=-29488901894.314121
actual=-29488901894.314121
diff=0.000000
diff=1
WARNING: orio.module.loop.submodule.tile.transformation: tile size 1024 must be greater than the stride value 1024; tile index = jjj
expected=-1023146.527636
actual=-29488901894.314121
diff=-2147483648.000000
diff=1
WARNING: orio.module.loop.submodule.tile.transformation: tile size 2 must be greater than the stride value 2; tile index = jjj
expected=520055212054.025696
actual=-29488901894.314121
diff=-2147483648.000000
diff=1
expected=-29488901894.314121
actual=-29488901894.314121
diff=0.000000
diff=1
expected=-29488901894.314121
actual=-29488901894.314121
diff=0.000000
diff=1
expected=25440258.444064
actual=-29488901894.314121
diff=-2147483648.000000
diff=1
expected=34847819779948.468750
actual=-29488901894.314121
diff=-2147483648.000000
diff=1
WARNING: orio.module.loop.submodule.tile.transformation: tile size 2 must be greater than the stride value 2; tile index = iii
expected=-29488901894.314121
actual=-29488901894.314121
diff=0.000000
diff=1
expected=25440258.444064
actual=-29488901894.314121
diff=-2147483648.000000
diff=1
WARNING: orio.module.loop.submodule.tile.transformation: tile size 2048 must be greater than the stride value 2048; tile index = iii
expected=25440258.444064
actual=-29488901894.314121
diff=-2147483648.000000
diff=1
WARNING: orio.module.loop.submodule.tile.transformation: tile size 2048 must be greater than the stride value 2048; tile index = jjj
expected=-29488901894.314121
actual=-29488901894.314121
diff=0.000000
diff=1
WARNING: orio.module.loop.submodule.tile.transformation: tile size 64 must be greater than the stride value 64; tile index = iii
expected=-174891895930455.406250
actual=-29488901894.314121
diff=-2147483648.000000
diff=1
expected=-25932060.545677
actual=-29488901894.314121
diff=-2147483648.000000
diff=1
expected=-29488901894.314121
actual=-29488901894.314121
diff=0.000000
diff=1
expected=-29488901894.314121
actual=-29488901894.314121
diff=0.000000
diff=1
expected=887561843653131.250000
actual=-29488901894.314121
diff=-2147483648.000000
diff=1
expected=-29488901894.314121
actual=-29488901894.314121
diff=0.000000
diff=1
expected=-29488901894.314121
actual=-29488901894.314121
diff=0.000000
diff=1
expected=195991.852940
actual=-29488901894.314121
diff=-2147483648.000000
diff=1
expected=-15959465380614.960938
actual=-29488901894.314121
diff=-2147483648.000000
diff=1
WARNING: orio.module.loop.submodule.tile.transformation: tile size 1024 must be greater than the stride value 1024; tile index = iii
WARNING: orio.module.loop.submodule.tile.transformation: tile size 2 must be greater than the stride value 2; tile index = jjj
expected=-614195238390.594482
actual=-29488901894.314121
diff=-2147483648.000000
diff=1
expected=5225328902933360640.000000
actual=-29488901894.314121
diff=-2147483648.000000
diff=1
expected=126721550248.385513
actual=-29488901894.314121
diff=-2147483648.000000
diff=1
WARNING: orio.module.loop.submodule.tile.transformation: tile size 4 must be greater than the stride value 4; tile index = jjj
expected=-11176.247228
actual=-29488901894.314121
diff=-2147483648.000000
diff=1
WARNING: orio.module.loop.submodule.tile.transformation: tile size 2048 must be greater than the stride value 2048; tile index = iii
expected=-29488901894.314121
actual=-29488901894.314121
diff=0.000000
diff=1
WARNING: orio.module.loop.submodule.tile.transformation: tile size 2 must be greater than the stride value 2; tile index = iii
expected=-1023146.527636
actual=-29488901894.314121
diff=-2147483648.000000
diff=1
expected=520055212054.025696
actual=-29488901894.314121
diff=-2147483648.000000
diff=1
expected=-614195238390.594482
actual=-29488901894.314121
diff=-2147483648.000000
diff=1
expected=-29488901894.314121
actual=-29488901894.314121
diff=0.000000
diff=1
WARNING: orio.module.loop.submodule.tile.transformation: tile size 4 must be greater than the stride value 4; tile index = jjj
expected=-29488901894.314121
actual=-29488901894.314121
diff=0.000000
diff=1
expected=-29488901894.314121
actual=-29488901894.314121
diff=0.000000
diff=1
WARNING: orio.module.loop.submodule.tile.transformation: tile size 32 must be greater than the stride value 32; tile index = iii
expected=-29488901894.314121
actual=-29488901894.314121
diff=0.000000
diff=1
expected=1759071303398.851562
actual=-29488901894.314121
diff=-2147483648.000000
diff=1
WARNING: orio.module.loop.submodule.tile.transformation: tile size 32 must be greater than the stride value 32; tile index = iii
WARNING: orio.module.loop.submodule.tile.transformation: tile size 256 must be greater than the stride value 256; tile index = jjj
expected=-7558329.286618
actual=-29488901894.314121
diff=-2147483648.000000
diff=1
WARNING: orio.module.loop.submodule.tile.transformation: tile size 32 must be greater than the stride value 32; tile index = iii
expected=-110632.650580
actual=-29488901894.314121
diff=-2147483648.000000
diff=1
expected=-2869674818475.774902
actual=-29488901894.314121
diff=-2147483648.000000
diff=1
WARNING: orio.module.loop.submodule.tile.transformation: tile size 1024 must be greater than the stride value 1024; tile index = iii
expected=12107.105382
actual=-29488901894.314121
diff=-2147483648.000000
diff=1
WARNING: orio.module.loop.submodule.tile.transformation: tile size 16 must be greater than the stride value 16; tile index = iii
expected=25440258.444064
actual=-29488901894.314121
diff=-2147483648.000000
diff=1
expected=-29488901894.314121
actual=-29488901894.314121
diff=0.000000
diff=1
expected=-614195238390.594482
actual=-29488901894.314121
diff=-2147483648.000000
diff=1
expected=-43033978269171.718750
actual=-29488901894.314121
diff=-2147483648.000000
diff=1
expected=75237162677.900223
actual=-29488901894.314121
diff=-2147483648.000000
diff=1
expected=-29488901894.314121
actual=-29488901894.314121
diff=0.000000
diff=1
expected=-29488901894.314121
actual=-29488901894.314121
diff=0.000000
diff=1
expected=-1017206.599234
actual=-29488901894.314121
diff=-2147483648.000000
diff=1
WARNING: orio.module.loop.submodule.tile.transformation: tile size 8 must be greater than the stride value 8; tile index = jjj
expected=-614195238390.594482
actual=-29488901894.314121
diff=-2147483648.000000
diff=1
WARNING: orio.module.loop.submodule.tile.transformation: tile size 1024 must be greater than the stride value 1024; tile index = iii
expected=-29488901894.314121
actual=-29488901894.314121
diff=0.000000
diff=1
expected=-25862482.968431
actual=-29488901894.314121
diff=-2147483648.000000
diff=1
expected=-614195238390.594482
actual=-29488901894.314121
diff=-2147483648.000000
diff=1
WARNING: orio.module.loop.submodule.tile.transformation: tile size 4 must be greater than the stride value 4; tile index = jjj
expected=-7558329.286618
actual=-29488901894.314121
diff=-2147483648.000000
diff=1
expected=25440258.444064
actual=-29488901894.314121
diff=-2147483648.000000
diff=1
WARNING: orio.module.loop.submodule.tile.transformation: tile size 4 must be greater than the stride value 4; tile index = jjj
expected=-29488901894.314121
actual=-29488901894.314121
diff=0.000000
diff=1
expected=-29488901894.314121
actual=-29488901894.314121
diff=0.000000
diff=1
expected=-8369971.849494
actual=-29488901894.314121
diff=-2147483648.000000
diff=1
expected=-29488901894.314121
actual=-29488901894.314121
diff=0.000000
diff=1
WARNING: orio.module.loop.submodule.tile.transformation: tile size 2 must be greater than the stride value 2; tile index = iii
expected=-29488901894.314121
actual=-29488901894.314121
diff=0.000000
diff=1
WARNING: orio.module.loop.submodule.tile.transformation: tile size 2048 must be greater than the stride value 2048; tile index = iii
expected=-29488901894.314121
actual=-29488901894.314121
diff=0.000000
diff=1
expected=-29488901894.314121
actual=-29488901894.314121
diff=0.000000
diff=1
expected=-29488901894.314121
actual=-29488901894.314121
diff=0.000000
diff=1
WARNING: orio.module.loop.submodule.tile.transformation: tile size 2 must be greater than the stride value 2; tile index = jjj
expected=1755459126502.282959
actual=-29488901894.314121
diff=-2147483648.000000
diff=1
WARNING: orio.module.loop.submodule.tile.transformation: tile size 2 must be greater than the stride value 2; tile index = iii
expected=-8369971.849494
actual=-29488901894.314121
diff=-2147483648.000000
diff=1
expected=-29488901894.314121
actual=-29488901894.314121
diff=0.000000
diff=1
expected=126721550248.385513
actual=-29488901894.314121
diff=-2147483648.000000
diff=1
WARNING: orio.module.loop.submodule.tile.transformation: tile size 512 must be greater than the stride value 512; tile index = iii
WARNING: orio.module.loop.submodule.tile.transformation: tile size 1024 must be greater than the stride value 1024; tile index = jjj
expected=192602.326992
actual=-29488901894.314121
diff=-2147483648.000000
diff=1
WARNING: orio.module.loop.submodule.tile.transformation: tile size 8 must be greater than the stride value 8; tile index = iii
expected=-29488901894.314121
actual=-29488901894.314121
diff=0.000000
diff=1
WARNING: orio.module.loop.submodule.tile.transformation: tile size 16 must be greater than the stride value 16; tile index = jjj
expected=-25932060.545677
actual=-29488901894.314121
diff=-2147483648.000000
diff=1
expected=-8369971.849494
actual=-29488901894.314121
diff=-2147483648.000000
diff=1
WARNING: orio.module.loop.submodule.tile.transformation: tile size 2048 must be greater than the stride value 2048; tile index = jjj
WARNING: orio.module.loop.submodule.tile.transformation: tile size 1024 must be greater than the stride value 1024; tile index = iii
WARNING: orio.module.loop.submodule.tile.transformation: tile size 2 must be greater than the stride value 2; tile index = jjj
expected=126721550248.385513
actual=-29488901894.314121
diff=-2147483648.000000
diff=1
expected=-7558329.286618
actual=-29488901894.314121
diff=-2147483648.000000
diff=1
WARNING: orio.module.loop.submodule.tile.transformation: tile size 8 must be greater than the stride value 8; tile index = iii
expected=25440258.444064
actual=-29488901894.314121
diff=-2147483648.000000
diff=1
expected=-29488901894.314121
actual=-29488901894.314121
diff=0.000000
diff=1
WARNING: orio.module.loop.submodule.tile.transformation: tile size 128 must be greater than the stride value 128; tile index = iii
expected=-1013643.922630
actual=-29488901894.314121
diff=-2147483648.000000
diff=1
expected=-1023146.527636
actual=-29488901894.314121
diff=-2147483648.000000
diff=1
WARNING: orio.module.loop.submodule.tile.transformation: tile size 4 must be greater than the stride value 4; tile index = iii
expected=-1023146.527636
actual=-29488901894.314121
diff=-2147483648.000000
diff=1
WARNING: orio.module.loop.submodule.tile.transformation: tile size 2048 must be greater than the stride value 2048; tile index = jjj
expected=-8369971.849494
actual=-29488901894.314121
diff=-2147483648.000000
diff=1
WARNING: orio.module.loop.submodule.tile.transformation: tile size 32 must be greater than the stride value 32; tile index = iii
expected=-349023540202.953186
actual=-29488901894.314121
diff=-2147483648.000000
diff=1
WARNING: orio.module.loop.submodule.tile.transformation: tile size 1024 must be greater than the stride value 1024; tile index = jjj
expected=-29488901894.314121
actual=-29488901894.314121
diff=0.000000
diff=1
WARNING: orio.module.loop.submodule.tile.transformation: tile size 16 must be greater than the stride value 16; tile index = jjj
expected=-1935799461096077.750000
actual=-29488901894.314121
diff=-2147483648.000000
diff=1
WARNING: orio.module.loop.submodule.tile.transformation: tile size 256 must be greater than the stride value 256; tile index = iii
expected=-29488901894.314121
actual=-29488901894.314121
diff=0.000000
diff=1
expected=25440258.444064
actual=-29488901894.314121
diff=-2147483648.000000
diff=1
expected=-29488901894.314121
actual=-29488901894.314121
diff=0.000000
diff=1
WARNING: orio.module.loop.submodule.tile.transformation: tile size 256 must be greater than the stride value 256; tile index = jjj
expected=520055212054.025696
actual=-29488901894.314121
diff=-2147483648.000000
diff=1
expected=-7558329.286618
actual=-29488901894.314121
diff=-2147483648.000000
diff=1
expected=25440258.444064
actual=-29488901894.314121
diff=-2147483648.000000
diff=1
expected=-29488901894.314121
actual=-29488901894.314121
diff=0.000000
diff=1
WARNING: orio.module.loop.submodule.tile.transformation: tile size 512 must be greater than the stride value 512; tile index = iii
expected=-15256.944356
actual=-29488901894.314121
diff=-2147483648.000000
diff=1
expected=-29488901894.314121
actual=-29488901894.314121
diff=0.000000
diff=1
expected=-29488901894.314121
actual=-29488901894.314121
diff=0.000000
diff=1
expected=-1023146.527636
actual=-29488901894.314121
diff=-2147483648.000000
diff=1
WARNING: orio.module.loop.submodule.tile.transformation: tile size 1024 must be greater than the stride value 1024; tile index = iii
expected=25440258.444064
actual=-29488901894.314121
diff=-2147483648.000000
diff=1
WARNING: orio.module.loop.submodule.tile.transformation: tile size 2 must be greater than the stride value 2; tile index = jjj
expected=-7558329.286618
actual=-29488901894.314121
diff=-2147483648.000000
diff=1
expected=-29488901894.314121
actual=-29488901894.314121
diff=0.000000
diff=1
WARNING: orio.module.loop.submodule.tile.transformation: tile size 1024 must be greater than the stride value 1024; tile index = jjj
WARNING: orio.module.loop.submodule.tile.transformation: tile size 64 must be greater than the stride value 64; tile index = iii
expected=499.361027
actual=-29488901894.314121
diff=-2147483648.000000
diff=1
expected=-25653660.730404
actual=-29488901894.314121
diff=-2147483648.000000
diff=1
WARNING: orio.module.loop.submodule.tile.transformation: tile size 16 must be greater than the stride value 16; tile index = jjj
expected=-29488901894.314121
actual=-29488901894.314121
diff=0.000000
diff=1
WARNING: orio.module.loop.submodule.tile.transformation: tile size 8 must be greater than the stride value 8; tile index = jjj
expected=-29488901894.314121
actual=-29488901894.314121
diff=0.000000
diff=1
expected=-29488901894.314121
actual=-29488901894.314121
diff=0.000000
diff=1
WARNING: orio.module.loop.submodule.tile.transformation: tile size 8 must be greater than the stride value 8; tile index = iii
expected=-29488901894.314121
actual=-29488901894.314121
diff=0.000000
diff=1
WARNING: orio.module.loop.submodule.tile.transformation: tile size 256 must be greater than the stride value 256; tile index = jjj
expected=-29488901894.314121
actual=-29488901894.314121
diff=0.000000
diff=1
WARNING: orio.module.loop.submodule.tile.transformation: tile size 16 must be greater than the stride value 16; tile index = iii
expected=-29488901894.314121
actual=-29488901894.314121
diff=0.000000
diff=1
WARNING: orio.module.loop.submodule.tile.transformation: tile size 256 must be greater than the stride value 256; tile index = jjj
expected=-1193384452755.851562
actual=-29488901894.314121
diff=-2147483648.000000
diff=1
expected=-25932060.545677
actual=-29488901894.314121
diff=-2147483648.000000
diff=1
WARNING: orio.module.loop.submodule.tile.transformation: tile size 32 must be greater than the stride value 32; tile index = jjj
expected=520055212054.025696
actual=-29488901894.314121
diff=-2147483648.000000
diff=1
expected=520055212054.025696
actual=-29488901894.314121
diff=-2147483648.000000
diff=1
expected=-29488901894.314121
actual=-29488901894.314121
diff=0.000000
diff=1
expected=-29488901894.314121
actual=-29488901894.314121
diff=0.000000
diff=1
WARNING: orio.module.loop.submodule.tile.transformation: tile size 16 must be greater than the stride value 16; tile index = jjj
expected=1759273044627.135986
actual=-29488901894.314121
diff=-2147483648.000000
diff=1
WARNING: orio.module.loop.submodule.tile.transformation: tile size 256 must be greater than the stride value 256; tile index = jjj
expected=-8369971.849494
actual=-29488901894.314121
diff=-2147483648.000000
diff=1
expected=-7558329.286618
actual=-29488901894.314121
diff=-2147483648.000000
diff=1
expected=126721550248.385513
actual=-29488901894.314121
diff=-2147483648.000000
diff=1
expected=-29488901894.314121
actual=-29488901894.314121
diff=0.000000
diff=1
expected=126721550248.385513
actual=-29488901894.314121
diff=-2147483648.000000
diff=1
WARNING: orio.module.loop.submodule.tile.transformation: tile size 128 must be greater than the stride value 128; tile index = iii
expected=-29488901894.314121
actual=-29488901894.314121
diff=0.000000
diff=1
expected=-1023146.527636
actual=-29488901894.314121
diff=-2147483648.000000
diff=1
expected=3956467.695262
actual=-29488901894.314121
diff=-2147483648.000000
diff=1
WARNING: orio.module.loop.submodule.tile.transformation: tile size 1024 must be greater than the stride value 1024; tile index = jjj
expected=-118146.701665
actual=-29488901894.314121
diff=-2147483648.000000
diff=1
expected=254292663211.894348
actual=-29488901894.314121
diff=-2147483648.000000
diff=1
WARNING: orio.module.loop.submodule.tile.transformation: tile size 512 must be greater than the stride value 512; tile index = jjj
expected=-1023146.527636
actual=-29488901894.314121
diff=-2147483648.000000
diff=1
WARNING: orio.module.loop.submodule.tile.transformation: tile size 16 must be greater than the stride value 16; tile index = jjj
expected=-29488901894.314121
actual=-29488901894.314121
diff=0.000000
diff=1
expected=-146663.931270
actual=-29488901894.314121
diff=-2147483648.000000
diff=1
expected=-29488901894.314121
actual=-29488901894.314121
diff=0.000000
diff=1
expected=-8369971.849494
actual=-29488901894.314121
diff=-2147483648.000000
diff=1
WARNING: orio.module.loop.submodule.tile.transformation: tile size 16 must be greater than the stride value 16; tile index = iii
WARNING: orio.module.loop.submodule.tile.transformation: tile size 1024 must be greater than the stride value 1024; tile index = jjj
WARNING: orio.module.loop.submodule.tile.transformation: tile size 4 must be greater than the stride value 4; tile index = iii
expected=-29488901894.314121
actual=-29488901894.314121
diff=0.000000
diff=1
expected=-1014560.405024
actual=-29488901894.314121
diff=-2147483648.000000
diff=1
expected=25440258.444064
actual=-29488901894.314121
diff=-2147483648.000000
diff=1
expected=-515.652214
actual=-29488901894.314121
diff=-2147483648.000000
diff=1
expected=-29488901894.314121
actual=-29488901894.314121
diff=0.000000
diff=1
WARNING: orio.module.loop.submodule.tile.transformation: tile size 32 must be greater than the stride value 32; tile index = jjj
expected=-29488901894.314121
actual=-29488901894.314121
diff=0.000000
diff=1
expected=-614195238390.594482
actual=-29488901894.314121
diff=-2147483648.000000
diff=1
expected=-1193384452755.851562
actual=-29488901894.314121
diff=-2147483648.000000
diff=1
expected=-29488901894.314121
actual=-29488901894.314121
diff=0.000000
diff=1
expected=-29488901894.314121
actual=-29488901894.314121
diff=0.000000
diff=1
expected=-614195238390.594482
actual=-29488901894.314121
diff=-2147483648.000000
diff=1
expected=-29488901894.314121
actual=-29488901894.314121
diff=0.000000
diff=1
expected=-8369971.849494
actual=-29488901894.314121
diff=-2147483648.000000
diff=1
expected=-29488901894.314121
actual=-29488901894.314121
diff=0.000000
diff=1
expected=-29488901894.314121
actual=-29488901894.314121
diff=0.000000
diff=1
WARNING: orio.module.loop.submodule.tile.transformation: tile size 8 must be greater than the stride value 8; tile index = iii
expected=195991.852940
actual=-29488901894.314121
diff=-2147483648.000000
diff=1
expected=887561843653131.250000
actual=-29488901894.314121
diff=-2147483648.000000
diff=1
expected=187872.885690
actual=-29488901894.314121
diff=-2147483648.000000
diff=1
expected=-29488901894.314121
actual=-29488901894.314121
diff=0.000000
diff=1
expected=-7558329.286618
actual=-29488901894.314121
diff=-2147483648.000000
diff=1
WARNING: orio.module.loop.submodule.tile.transformation: tile size 512 must be greater than the stride value 512; tile index = jjj
expected=-8369971.849494
actual=-29488901894.314121
diff=-2147483648.000000
diff=1
expected=-614195238390.594482
actual=-29488901894.314121
diff=-2147483648.000000
diff=1
WARNING: orio.module.loop.submodule.tile.transformation: tile size 8 must be greater than the stride value 8; tile index = iii
WARNING: orio.module.loop.submodule.tile.transformation: tile size 64 must be greater than the stride value 64; tile index = jjj
expected=-29488901894.314121
actual=-29488901894.314121
diff=0.000000
diff=1
expected=-29488901894.314121
actual=-29488901894.314121
diff=0.000000
diff=1
WARNING: orio.module.loop.submodule.tile.transformation: tile size 1024 must be greater than the stride value 1024; tile index = iii
expected=-29488901894.314121
actual=-29488901894.314121
diff=0.000000
diff=1
expected=-29488901894.314121
actual=-29488901894.314121
diff=0.000000
diff=1
WARNING: orio.module.loop.submodule.tile.transformation: tile size 4 must be greater than the stride value 4; tile index = jjj
expected=520055212054.025696
actual=-29488901894.314121
diff=-2147483648.000000
diff=1
WARNING: orio.module.loop.submodule.tile.transformation: tile size 8 must be greater than the stride value 8; tile index = jjj
expected=-614195238390.594482
actual=-29488901894.314121
diff=-2147483648.000000
diff=1
expected=-29488901894.314121
actual=-29488901894.314121
diff=0.000000
diff=1
WARNING: orio.module.loop.submodule.tile.transformation: tile size 64 must be greater than the stride value 64; tile index = jjj
expected=-29488901894.314121
actual=-29488901894.314121
diff=0.000000
diff=1
expected=591607783108033.125000
actual=-29488901894.314121
diff=-2147483648.000000
diff=1
expected=-7558329.286618
actual=-29488901894.314121
diff=-2147483648.000000
diff=1
expected=-29488901894.314121
actual=-29488901894.314121
diff=0.000000
diff=1
WARNING: orio.module.loop.submodule.tile.transformation: tile size 32 must be greater than the stride value 32; tile index = jjj
expected=25440258.444064
actual=-29488901894.314121
diff=-2147483648.000000
diff=1
expected=-29488901894.314121
actual=-29488901894.314121
diff=0.000000
diff=1
WARNING: orio.module.loop.submodule.tile.transformation: tile size 512 must be greater than the stride value 512; tile index = iii
expected=-614195238390.594482
actual=-29488901894.314121
diff=-2147483648.000000
diff=1
expected=-1935799461096077.750000
actual=-29488901894.314121
diff=-2147483648.000000
diff=1
expected=-29488901894.314121
actual=-29488901894.314121
diff=0.000000
diff=1
WARNING: orio.module.loop.submodule.tile.transformation: tile size 512 must be greater than the stride value 512; tile index = jjj
WARNING: orio.module.loop.submodule.tile.transformation: tile size 512 must be greater than the stride value 512; tile index = iii
expected=-29488901894.314121
actual=-29488901894.314121
diff=0.000000
diff=1
expected=-29488901894.314121
actual=-29488901894.314121
diff=0.000000
diff=1
expected=-29488901894.314121
actual=-29488901894.314121
diff=0.000000
diff=1
expected=-29488901894.314121
actual=-29488901894.314121
diff=0.000000
diff=1
WARNING: orio.module.loop.submodule.tile.transformation: tile size 8 must be greater than the stride value 8; tile index = jjj
WARNING: orio.module.loop.submodule.tile.transformation: tile size 256 must be greater than the stride value 256; tile index = iii
WARNING: orio.module.loop.submodule.tile.transformation: tile size 64 must be greater than the stride value 64; tile index = jjj
expected=-1935799461096077.750000
actual=-29488901894.314121
diff=-2147483648.000000
diff=1
expected=-7558329.286618
actual=-29488901894.314121
diff=-2147483648.000000
diff=1
WARNING: orio.module.loop.submodule.tile.transformation: tile size 8 must be greater than the stride value 8; tile index = iii
WARNING: orio.module.loop.submodule.tile.transformation: tile size 1024 must be greater than the stride value 1024; tile index = iii
expected=-614195238390.594482
actual=-29488901894.314121
diff=-2147483648.000000
diff=1
expected=-29488901894.314121
actual=-29488901894.314121
diff=0.000000
diff=1
WARNING: orio.module.loop.submodule.tile.transformation: tile size 256 must be greater than the stride value 256; tile index = iii
expected=-25793389.446175
actual=-29488901894.314121
diff=-2147483648.000000
diff=1
expected=887561843653131.250000
actual=-29488901894.314121
diff=-2147483648.000000
diff=1
expected=-29488901894.314121
actual=-29488901894.314121
diff=0.000000
diff=1
WARNING: orio.module.loop.submodule.tile.transformation: tile size 2 must be greater than the stride value 2; tile index = iii
expected=-1883975165604765.250000
actual=-29488901894.314121
diff=-2147483648.000000
diff=1
expected=-29488901894.314121
actual=-29488901894.314121
diff=0.000000
diff=1
expected=-29488901894.314121
actual=-29488901894.314121
diff=0.000000
diff=1
expected=-29488901894.314121
actual=-29488901894.314121
diff=0.000000
diff=1
expected=195991.852940
actual=-29488901894.314121
diff=-2147483648.000000
diff=1
expected=887561843653131.250000
actual=-29488901894.314121
diff=-2147483648.000000
diff=1
expected=-53966167067299.945312
actual=-29488901894.314121
diff=-2147483648.000000
diff=1
expected=-29488901894.314121
actual=-29488901894.314121
diff=0.000000
diff=1
WARNING: orio.module.loop.submodule.tile.transformation: tile size 1024 must be greater than the stride value 1024; tile index = jjj
WARNING: orio.module.loop.submodule.tile.transformation: tile size 64 must be greater than the stride value 64; tile index = jjj
expected=-1023146.527636
actual=-29488901894.314121
diff=-2147483648.000000
diff=1
WARNING: orio.module.loop.submodule.tile.transformation: tile size 256 must be greater than the stride value 256; tile index = jjj
WARNING: orio.module.loop.submodule.tile.transformation: tile size 64 must be greater than the stride value 64; tile index = jjj
expected=-8369971.849494
actual=-29488901894.314121
diff=-2147483648.000000
diff=1
expected=520055212054.025696
actual=-29488901894.314121
diff=-2147483648.000000
diff=1
expected=-29488901894.314121
actual=-29488901894.314121
diff=0.000000
diff=1
expected=-614195238390.594482
actual=-29488901894.314121
diff=-2147483648.000000
diff=1
expected=-29488901894.314121
actual=-29488901894.314121
diff=0.000000
diff=1
expected=-29488901894.314121
actual=-29488901894.314121
diff=0.000000
diff=1
expected=-29488901894.314121
actual=-29488901894.314121
diff=0.000000
diff=1
WARNING: orio.module.loop.submodule.tile.transformation: tile size 4 must be greater than the stride value 4; tile index = jjj
WARNING: orio.module.loop.submodule.tile.transformation: tile size 64 must be greater than the stride value 64; tile index = iii
expected=-29488901894.314121
actual=-29488901894.314121
diff=0.000000
diff=1
expected=-8369971.849494
actual=-29488901894.314121
diff=-2147483648.000000
diff=1
expected=169677.687822
actual=-29488901894.314121
diff=-2147483648.000000
diff=1
WARNING: orio.module.loop.submodule.tile.transformation: tile size 16 must be greater than the stride value 16; tile index = jjj
WARNING: orio.module.loop.submodule.tile.transformation: tile size 128 must be greater than the stride value 128; tile index = iii
WARNING: orio.module.loop.submodule.tile.transformation: tile size 2 must be greater than the stride value 2; tile index = jjj
expected=-29488901894.314121
actual=-29488901894.314121
diff=0.000000
diff=1
WARNING: orio.module.loop.submodule.tile.transformation: tile size 4 must be greater than the stride value 4; tile index = iii
WARNING: orio.module.loop.submodule.tile.transformation: tile size 4 must be greater than the stride value 4; tile index = jjj
expected=591607783108033.125000
actual=-29488901894.314121
diff=-2147483648.000000
diff=1
expected=-29488901894.314121
actual=-29488901894.314121
diff=0.000000
diff=1
WARNING: orio.module.loop.submodule.tile.transformation: tile size 16 must be greater than the stride value 16; tile index = iii
expected=952207322073.401855
actual=-29488901894.314121
diff=-2147483648.000000
diff=1
expected=-7558329.286618
actual=-29488901894.314121
diff=-2147483648.000000
diff=1
WARNING: orio.module.loop.submodule.tile.transformation: tile size 256 must be greater than the stride value 256; tile index = iii
WARNING: orio.module.loop.submodule.tile.transformation: tile size 2048 must be greater than the stride value 2048; tile index = jjj
expected=191521.558393
actual=-29488901894.314121
diff=-2147483648.000000
diff=1
expected=-25653660.730404
actual=-29488901894.314121
diff=-2147483648.000000
diff=1
WARNING: orio.module.loop.submodule.tile.transformation: tile size 2048 must be greater than the stride value 2048; tile index = iii
expected=-7386732341.503058
actual=-29488901894.314121
diff=-2147483648.000000
diff=1
WARNING: orio.module.loop.submodule.tile.transformation: tile size 1024 must be greater than the stride value 1024; tile index = iii
expected=-194886.312141
actual=-29488901894.314121
diff=-2147483648.000000
diff=1
WARNING: orio.module.loop.submodule.tile.transformation: tile size 256 must be greater than the stride value 256; tile index = iii
expected=-101479.084530
actual=-29488901894.314121
diff=-2147483648.000000
diff=1
expected=-29488901894.314121
actual=-29488901894.314121
diff=0.000000
diff=1
WARNING: orio.module.loop.submodule.tile.transformation: tile size 2048 must be greater than the stride value 2048; tile index = iii
expected=126819379227.462418
actual=-29488901894.314121
diff=-2147483648.000000
diff=1
expected=-29488901894.314121
actual=-29488901894.314121
diff=0.000000
diff=1
WARNING: orio.module.loop.submodule.tile.transformation: tile size 2 must be greater than the stride value 2; tile index = iii
WARNING: orio.module.loop.submodule.tile.transformation: tile size 16 must be greater than the stride value 16; tile index = jjj
