
expected=442227266775.008057
actual=405404783999.161072
diff=-2147483648.000000
diff=1
expected=405404783999.161072
actual=405404783999.161072
diff=0.000000
diff=1
expected=19713303050403016968503296.000000
actual=405404783999.161072
diff=-2147483648.000000
diff=1
WARNING: orio.module.loop.submodule.tile.transformation: tile size 16 must be greater than the stride value 16; tile index = iii
expected=4277524300729388248478045877246907211841536.000000
actual=405404783999.161072
diff=-2147483648.000000
diff=1
expected=405404783999.161072
actual=405404783999.161072
diff=0.000000
diff=1
expected=47770429159535566689869060228527371747065856.000000
actual=405404783999.161072
diff=-2147483648.000000
diff=1
expected=404625855383.976746
actual=405404783999.161072
diff=778928615.000000
diff=0
[00;31mERROR: orio.main.tuner.ptest_driver: failed to execute the test code: "timeout --kill-after=30s --signal=9 20m  ./__orio_perftest7.exe  "
 --> CalledProcessError: Command 'timeout --kill-after=30s --signal=9 20m  ./__orio_perftest7.exe  ' returned non-zero exit status 1[00m
[00;31mERROR: orio.main.tuner.ptest_driver:  performance testing failed: "timeout --kill-after=30s --signal=9 20m  ./__orio_perftest7.exe  "[00m
WARNING: orio.module.loop.submodule.tile.transformation: tile size 8 must be greater than the stride value 8; tile index = iii
expected=404796878999.792175
actual=405404783999.161072
diff=607904999.000000
diff=0
[00;31mERROR: orio.main.tuner.ptest_driver: failed to execute the test code: "timeout --kill-after=30s --signal=9 20m  ./__orio_perftest8.exe  "
 --> CalledProcessError: Command 'timeout --kill-after=30s --signal=9 20m  ./__orio_perftest8.exe  ' returned non-zero exit status 1[00m
[00;31mERROR: orio.main.tuner.ptest_driver:  performance testing failed: "timeout --kill-after=30s --signal=9 20m  ./__orio_perftest8.exe  "[00m
WARNING: orio.module.loop.submodule.tile.transformation: tile size 32 must be greater than the stride value 32; tile index = jjj
WARNING: orio.module.loop.submodule.tile.transformation: tile size 1024 must be greater than the stride value 1024; tile index = kkk
expected=1263023705607404800.000000
actual=405404783999.161072
diff=-2147483648.000000
diff=1
expected=29409831058371548862448243272230828507136.000000
actual=405404783999.161072
diff=-2147483648.000000
diff=1
expected=404796878999.792175
actual=405404783999.161072
diff=607904999.000000
diff=0
[00;31mERROR: orio.main.tuner.ptest_driver: failed to execute the test code: "timeout --kill-after=30s --signal=9 20m  ./__orio_perftest11.exe  "
 --> CalledProcessError: Command 'timeout --kill-after=30s --signal=9 20m  ./__orio_perftest11.exe  ' returned non-zero exit status 1[00m
[00;31mERROR: orio.main.tuner.ptest_driver:  performance testing failed: "timeout --kill-after=30s --signal=9 20m  ./__orio_perftest11.exe  "[00m
expected=2037287444239647084647957921792.000000
actual=405404783999.161072
diff=-2147483648.000000
diff=1
expected=264755754769029606476389080927771178303488.000000
actual=405404783999.161072
diff=-2147483648.000000
diff=1
expected=833847179349377024.000000
actual=405404783999.161072
diff=-2147483648.000000
diff=1
WARNING: orio.module.loop.submodule.tile.transformation: tile size 16 must be greater than the stride value 16; tile index = jjj
expected=53111286564249319357770574294339813376.000000
actual=405404783999.161072
diff=-2147483648.000000
diff=1
expected=12965722050445818912986073723164627636922089472.000000
actual=405404783999.161072
diff=-2147483648.000000
diff=1
expected=17034019950295619792273408.000000
actual=405404783999.161072
diff=-2147483648.000000
diff=1
WARNING: orio.module.loop.submodule.tile.transformation: tile size 32 must be greater than the stride value 32; tile index = kkk
expected=405404783999.161072
actual=405404783999.161072
diff=0.000000
diff=1
WARNING: orio.module.loop.submodule.tile.transformation: tile size 16 must be greater than the stride value 16; tile index = iii
expected=27970392523414888721467314066937610240.000000
actual=405404783999.161072
diff=-2147483648.000000
diff=1
WARNING: orio.module.loop.submodule.tile.transformation: tile size 8 must be greater than the stride value 8; tile index = iii
expected=606898007999.726562
actual=405404783999.161072
diff=-2147483648.000000
diff=1
expected=404695561499.898865
actual=405404783999.161072
diff=709222499.000000
diff=0
[00;31mERROR: orio.main.tuner.ptest_driver: failed to execute the test code: "timeout --kill-after=30s --signal=9 20m  ./__orio_perftest21.exe  "
 --> CalledProcessError: Command 'timeout --kill-after=30s --signal=9 20m  ./__orio_perftest21.exe  ' returned non-zero exit status 1[00m
[00;31mERROR: orio.main.tuner.ptest_driver:  performance testing failed: "timeout --kill-after=30s --signal=9 20m  ./__orio_perftest21.exe  "[00m
expected=108396247407758855932050479045935104.000000
actual=405404783999.161072
diff=-2147483648.000000
diff=1
WARNING: orio.module.loop.submodule.tile.transformation: tile size 64 must be greater than the stride value 64; tile index = iii
expected=42117167389504820197580561448960.000000
actual=405404783999.161072
diff=-2147483648.000000
diff=1
WARNING: orio.module.loop.submodule.tile.transformation: tile size 4 must be greater than the stride value 4; tile index = jjj
expected=1168128646703751680.000000
actual=405404783999.161072
diff=-2147483648.000000
diff=1
WARNING: orio.module.loop.submodule.tile.transformation: tile size 16 must be greater than the stride value 16; tile index = kkk
expected=404650981799.946045
actual=405404783999.161072
diff=753802199.000000
diff=0
[00;31mERROR: orio.main.tuner.ptest_driver: failed to execute the test code: "timeout --kill-after=30s --signal=9 20m  ./__orio_perftest25.exe  "
 --> CalledProcessError: Command 'timeout --kill-after=30s --signal=9 20m  ./__orio_perftest25.exe  ' returned non-zero exit status 1[00m
[00;31mERROR: orio.main.tuner.ptest_driver:  performance testing failed: "timeout --kill-after=30s --signal=9 20m  ./__orio_perftest25.exe  "[00m
WARNING: orio.module.loop.submodule.tile.transformation: tile size 32 must be greater than the stride value 32; tile index = jjj
expected=4258144082638136222069943747323180053692416.000000
actual=405404783999.161072
diff=-2147483648.000000
diff=1
expected=405404783999.161072
actual=405404783999.161072
diff=0.000000
diff=1
WARNING: orio.module.loop.submodule.tile.transformation: tile size 64 must be greater than the stride value 64; tile index = iii
WARNING: orio.module.loop.submodule.tile.transformation: tile size 64 must be greater than the stride value 64; tile index = iii
expected=100264409468070079304464946595627008.000000
actual=405404783999.161072
diff=-2147483648.000000
diff=1
WARNING: orio.module.loop.submodule.tile.transformation: tile size 32 must be greater than the stride value 32; tile index = jjj
expected=3939826768360055630725120.000000
actual=405404783999.161072
diff=-2147483648.000000
diff=1
WARNING: orio.module.loop.submodule.tile.transformation: tile size 512 must be greater than the stride value 512; tile index = iii
WARNING: orio.module.loop.submodule.tile.transformation: tile size 2048 must be greater than the stride value 2048; tile index = jjj
WARNING: orio.module.loop.submodule.tile.transformation: tile size 256 must be greater than the stride value 256; tile index = iii
expected=125618390631634.078125
actual=405404783999.161072
diff=-2147483648.000000
diff=1
expected=65885051733318.875000
actual=405404783999.161072
diff=-2147483648.000000
diff=1
WARNING: orio.module.loop.submodule.tile.transformation: tile size 512 must be greater than the stride value 512; tile index = iii
expected=66495100675570.492188
actual=405404783999.161072
diff=-2147483648.000000
diff=1
WARNING: orio.module.loop.submodule.tile.transformation: tile size 512 must be greater than the stride value 512; tile index = iii
expected=404999513999.579834
actual=405404783999.161072
diff=405269999.000000
diff=0
[00;31mERROR: orio.main.tuner.ptest_driver: failed to execute the test code: "timeout --kill-after=30s --signal=9 20m  ./__orio_perftest33.exe  "
 --> CalledProcessError: Command 'timeout --kill-after=30s --signal=9 20m  ./__orio_perftest33.exe  ' returned non-zero exit status 1[00m
[00;31mERROR: orio.main.tuner.ptest_driver:  performance testing failed: "timeout --kill-after=30s --signal=9 20m  ./__orio_perftest33.exe  "[00m
WARNING: orio.module.loop.submodule.tile.transformation: tile size 8 must be greater than the stride value 8; tile index = jjj
expected=6055410782194092642408237126053860999168.000000
actual=405404783999.161072
diff=-2147483648.000000
diff=1
expected=448483708557.034912
actual=405404783999.161072
diff=-2147483648.000000
diff=1
expected=405404783999.161072
actual=405404783999.161072
diff=0.000000
diff=1
expected=269137265595601517755208837365760.000000
actual=405404783999.161072
diff=-2147483648.000000
diff=1
WARNING: orio.module.loop.submodule.tile.transformation: tile size 16 must be greater than the stride value 16; tile index = jjj
expected=5616839891457845969813504.000000
actual=405404783999.161072
diff=-2147483648.000000
diff=1
WARNING: orio.module.loop.submodule.tile.transformation: tile size 512 must be greater than the stride value 512; tile index = jjj
expected=149102464210516119150844943842091728896.000000
actual=405404783999.161072
diff=-2147483648.000000
diff=1
expected=581477450625.121948
actual=405404783999.161072
diff=-2147483648.000000
diff=1
expected=448483708557.034912
actual=405404783999.161072
diff=-2147483648.000000
diff=1
WARNING: orio.module.loop.submodule.tile.transformation: tile size 128 must be greater than the stride value 128; tile index = iii
expected=505746126000.108276
actual=405404783999.161072
diff=-2147483648.000000
diff=1
expected=4611678807361455380234240.000000
actual=405404783999.161072
diff=-2147483648.000000
diff=1
WARNING: orio.module.loop.submodule.tile.transformation: tile size 256 must be greater than the stride value 256; tile index = kkk
expected=122940525910625545685757174998020128768.000000
actual=405404783999.161072
diff=-2147483648.000000
diff=1
WARNING: orio.module.loop.submodule.tile.transformation: tile size 4 must be greater than the stride value 4; tile index = jjj
expected=404796878999.792175
actual=405404783999.161072
diff=607904999.000000
diff=0
[00;31mERROR: orio.main.tuner.ptest_driver: failed to execute the test code: "timeout --kill-after=30s --signal=9 20m  ./__orio_perftest45.exe  "
 --> CalledProcessError: Command 'timeout --kill-after=30s --signal=9 20m  ./__orio_perftest45.exe  ' returned non-zero exit status 1[00m
[00;31mERROR: orio.main.tuner.ptest_driver:  performance testing failed: "timeout --kill-after=30s --signal=9 20m  ./__orio_perftest45.exe  "[00m
WARNING: orio.module.loop.submodule.tile.transformation: tile size 8 must be greater than the stride value 8; tile index = jjj
expected=66098613847272.351562
actual=405404783999.161072
diff=-2147483648.000000
diff=1
WARNING: orio.module.loop.submodule.tile.transformation: tile size 2048 must be greater than the stride value 2048; tile index = iii
expected=404796878999.792175
actual=405404783999.161072
diff=607904999.000000
diff=0
[00;31mERROR: orio.main.tuner.ptest_driver: failed to execute the test code: "timeout --kill-after=30s --signal=9 20m  ./__orio_perftest47.exe  "
 --> CalledProcessError: Command 'timeout --kill-after=30s --signal=9 20m  ./__orio_perftest47.exe  ' returned non-zero exit status 1[00m
[00;31mERROR: orio.main.tuner.ptest_driver:  performance testing failed: "timeout --kill-after=30s --signal=9 20m  ./__orio_perftest47.exe  "[00m
WARNING: orio.module.loop.submodule.tile.transformation: tile size 256 must be greater than the stride value 256; tile index = jjj
WARNING: orio.module.loop.submodule.tile.transformation: tile size 4 must be greater than the stride value 4; tile index = jjj
expected=861073145955438848.000000
actual=405404783999.161072
diff=-2147483648.000000
diff=1
expected=405404783999.161072
actual=405404783999.161072
diff=0.000000
diff=1
expected=1944794893738875648.000000
actual=405404783999.161072
diff=-2147483648.000000
diff=1
WARNING: orio.module.loop.submodule.tile.transformation: tile size 512 must be greater than the stride value 512; tile index = iii
WARNING: orio.module.loop.submodule.tile.transformation: tile size 1024 must be greater than the stride value 1024; tile index = iii
expected=126323581198540.609375
actual=405404783999.161072
diff=-2147483648.000000
diff=1
expected=758338787250.311890
actual=405404783999.161072
diff=-2147483648.000000
diff=1
expected=404999513999.579834
actual=405404783999.161072
diff=405269999.000000
diff=0
[00;31mERROR: orio.main.tuner.ptest_driver: failed to execute the test code: "timeout --kill-after=30s --signal=9 20m  ./__orio_perftest53.exe  "
 --> CalledProcessError: Command 'timeout --kill-after=30s --signal=9 20m  ./__orio_perftest53.exe  ' returned non-zero exit status 1[00m
[00;31mERROR: orio.main.tuner.ptest_driver:  performance testing failed: "timeout --kill-after=30s --signal=9 20m  ./__orio_perftest53.exe  "[00m
WARNING: orio.module.loop.submodule.tile.transformation: tile size 512 must be greater than the stride value 512; tile index = jjj
WARNING: orio.module.loop.submodule.tile.transformation: tile size 2 must be greater than the stride value 2; tile index = kkk
expected=707832877499.565063
actual=405404783999.161072
diff=-2147483648.000000
diff=1
expected=126079832324563.125000
actual=405404783999.161072
diff=-2147483648.000000
diff=1
WARNING: orio.module.loop.submodule.tile.transformation: tile size 64 must be greater than the stride value 64; tile index = kkk
expected=405404783999.161072
actual=405404783999.161072
diff=0.000000
diff=1
WARNING: orio.module.loop.submodule.tile.transformation: tile size 128 must be greater than the stride value 128; tile index = iii
WARNING: orio.module.loop.submodule.tile.transformation: tile size 8 must be greater than the stride value 8; tile index = kkk
expected=3298479168474490276413440.000000
actual=405404783999.161072
diff=-2147483648.000000
diff=1
expected=404796878999.792175
actual=405404783999.161072
diff=607904999.000000
diff=0
[00;31mERROR: orio.main.tuner.ptest_driver: failed to execute the test code: "timeout --kill-after=30s --signal=9 20m  ./__orio_perftest58.exe  "
 --> CalledProcessError: Command 'timeout --kill-after=30s --signal=9 20m  ./__orio_perftest58.exe  ' returned non-zero exit status 1[00m
[00;31mERROR: orio.main.tuner.ptest_driver:  performance testing failed: "timeout --kill-after=30s --signal=9 20m  ./__orio_perftest58.exe  "[00m
WARNING: orio.module.loop.submodule.tile.transformation: tile size 8 must be greater than the stride value 8; tile index = kkk
expected=8514881074095373161123453346405488263168.000000
actual=405404783999.161072
diff=-2147483648.000000
diff=1
WARNING: orio.module.loop.submodule.tile.transformation: tile size 128 must be greater than the stride value 128; tile index = jjj
WARNING: orio.module.loop.submodule.tile.transformation: tile size 16 must be greater than the stride value 16; tile index = kkk
expected=405404783999.161072
actual=405404783999.161072
diff=0.000000
diff=1
WARNING: orio.module.loop.submodule.tile.transformation: tile size 16 must be greater than the stride value 16; tile index = kkk
expected=758338787250.311890
actual=405404783999.161072
diff=-2147483648.000000
diff=1
WARNING: orio.module.loop.submodule.tile.transformation: tile size 64 must be greater than the stride value 64; tile index = kkk
expected=405404783999.161072
actual=405404783999.161072
diff=0.000000
diff=1
WARNING: orio.module.loop.submodule.tile.transformation: tile size 4 must be greater than the stride value 4; tile index = iii
expected=292865342417609834435590339530116033540291297280.000000
actual=405404783999.161072
diff=-2147483648.000000
diff=1
expected=23591666976190194421997952043057152.000000
actual=405404783999.161072
diff=-2147483648.000000
diff=1
expected=502409316217.433960
actual=405404783999.161072
diff=-2147483648.000000
diff=1
WARNING: orio.module.loop.submodule.tile.transformation: tile size 256 must be greater than the stride value 256; tile index = jjj
expected=405404783999.161072
actual=405404783999.161072
diff=0.000000
diff=1
WARNING: orio.module.loop.submodule.tile.transformation: tile size 256 must be greater than the stride value 256; tile index = iii
expected=405404783999.161072
actual=405404783999.161072
diff=0.000000
diff=1
WARNING: orio.module.loop.submodule.tile.transformation: tile size 2 must be greater than the stride value 2; tile index = jjj
expected=405404783999.161072
actual=405404783999.161072
diff=0.000000
diff=1
expected=112217584796309.000000
actual=405404783999.161072
diff=-2147483648.000000
diff=1
WARNING: orio.module.loop.submodule.tile.transformation: tile size 1024 must be greater than the stride value 1024; tile index = jjj
expected=109984406868400834372901116582035456.000000
actual=405404783999.161072
diff=-2147483648.000000
diff=1
WARNING: orio.module.loop.submodule.tile.transformation: tile size 16 must be greater than the stride value 16; tile index = iii
expected=167554483356171396405089322752286430068736.000000
actual=405404783999.161072
diff=-2147483648.000000
diff=1
WARNING: orio.module.loop.submodule.tile.transformation: tile size 128 must be greater than the stride value 128; tile index = jjj
expected=5677237069309362145591296.000000
actual=405404783999.161072
diff=-2147483648.000000
diff=1
WARNING: orio.module.loop.submodule.tile.transformation: tile size 2 must be greater than the stride value 2; tile index = jjj
expected=4705187645457483662622720.000000
actual=405404783999.161072
diff=-2147483648.000000
diff=1
expected=66604006158952.671875
actual=405404783999.161072
diff=-2147483648.000000
diff=1
WARNING: orio.module.loop.submodule.tile.transformation: tile size 1024 must be greater than the stride value 1024; tile index = kkk
expected=139995339222054.890625
actual=405404783999.161072
diff=-2147483648.000000
diff=1
expected=43671710666155565638348265276818971226428932096.000000
actual=405404783999.161072
diff=-2147483648.000000
diff=1
WARNING: orio.module.loop.submodule.tile.transformation: tile size 2 must be greater than the stride value 2; tile index = iii
expected=252332272503967969981037106610957469420303155200.000000
actual=405404783999.161072
diff=-2147483648.000000
diff=1
WARNING: orio.module.loop.submodule.tile.transformation: tile size 16 must be greater than the stride value 16; tile index = jjj
expected=1829540741291995904.000000
actual=405404783999.161072
diff=-2147483648.000000
diff=1
expected=1126320985365832164639165771702861824.000000
actual=405404783999.161072
diff=-2147483648.000000
diff=1
expected=405404783999.161072
actual=405404783999.161072
diff=0.000000
diff=1
WARNING: orio.module.loop.submodule.tile.transformation: tile size 512 must be greater than the stride value 512; tile index = iii
WARNING: orio.module.loop.submodule.tile.transformation: tile size 256 must be greater than the stride value 256; tile index = jjj
expected=112341306735312.078125
actual=405404783999.161072
diff=-2147483648.000000
diff=1
WARNING: orio.module.loop.submodule.tile.transformation: tile size 512 must be greater than the stride value 512; tile index = jjj
expected=443245652756065704835539066159104.000000
actual=405404783999.161072
diff=-2147483648.000000
diff=1
WARNING: orio.module.loop.submodule.tile.transformation: tile size 2048 must be greater than the stride value 2048; tile index = jjj
expected=7629220707235476480.000000
actual=405404783999.161072
diff=-2147483648.000000
diff=1
expected=5127987559496132587833969910743040.000000
actual=405404783999.161072
diff=-2147483648.000000
diff=1
expected=117662615155367.875000
actual=405404783999.161072
diff=-2147483648.000000
diff=1
WARNING: orio.module.loop.submodule.tile.transformation: tile size 64 must be greater than the stride value 64; tile index = iii
expected=71838646600851919676112896.000000
actual=405404783999.161072
diff=-2147483648.000000
diff=1
expected=405404783999.161072
actual=405404783999.161072
diff=0.000000
diff=1
expected=12220979232165454373274098140708864.000000
actual=405404783999.161072
diff=-2147483648.000000
diff=1
WARNING: orio.module.loop.submodule.tile.transformation: tile size 16 must be greater than the stride value 16; tile index = jjj
expected=5596814946228675484319744.000000
actual=405404783999.161072
diff=-2147483648.000000
diff=1
WARNING: orio.module.loop.submodule.tile.transformation: tile size 32 must be greater than the stride value 32; tile index = jjj
expected=7578559076328037659617704387018752.000000
actual=405404783999.161072
diff=-2147483648.000000
diff=1
WARNING: orio.module.loop.submodule.tile.transformation: tile size 4 must be greater than the stride value 4; tile index = iii
expected=1755365672377171787068149671801756057600.000000
actual=405404783999.161072
diff=-2147483648.000000
diff=1
WARNING: orio.module.loop.submodule.tile.transformation: tile size 16 must be greater than the stride value 16; tile index = jjj
expected=3496013947242735925723136.000000
actual=405404783999.161072
diff=-2147483648.000000
diff=1
WARNING: orio.module.loop.submodule.tile.transformation: tile size 4 must be greater than the stride value 4; tile index = kkk
expected=3860264973689406976.000000
actual=405404783999.161072
diff=-2147483648.000000
diff=1
expected=72814222102414246830478966390784.000000
actual=405404783999.161072
diff=-2147483648.000000
diff=1
WARNING: orio.module.loop.submodule.tile.transformation: tile size 512 must be greater than the stride value 512; tile index = jjj
WARNING: orio.module.loop.submodule.tile.transformation: tile size 128 must be greater than the stride value 128; tile index = kkk
expected=1034913940613971370173081713688903096991744.000000
actual=405404783999.161072
diff=-2147483648.000000
diff=1
expected=405404783999.161072
actual=405404783999.161072
diff=0.000000
diff=1
expected=581477450625.121948
actual=405404783999.161072
diff=-2147483648.000000
diff=1
expected=153736963352979573180700637016546277800804352.000000
actual=405404783999.161072
diff=-2147483648.000000
diff=1
expected=404650981799.946045
actual=405404783999.161072
diff=753802199.000000
diff=0
[00;31mERROR: orio.main.tuner.ptest_driver: failed to execute the test code: "timeout --kill-after=30s --signal=9 20m  ./__orio_perftest99.exe  "
 --> CalledProcessError: Command 'timeout --kill-after=30s --signal=9 20m  ./__orio_perftest99.exe  ' returned non-zero exit status 1[00m
[00;31mERROR: orio.main.tuner.ptest_driver:  performance testing failed: "timeout --kill-after=30s --signal=9 20m  ./__orio_perftest99.exe  "[00m
WARNING: orio.module.loop.submodule.tile.transformation: tile size 64 must be greater than the stride value 64; tile index = jjj
expected=405404783999.161072
actual=405404783999.161072
diff=0.000000
diff=1
WARNING: orio.module.loop.submodule.tile.transformation: tile size 8 must be greater than the stride value 8; tile index = iii
expected=50709467354087014282198448668815713632256.000000
actual=405404783999.161072
diff=-2147483648.000000
diff=1
WARNING: orio.module.loop.submodule.tile.transformation: tile size 2 must be greater than the stride value 2; tile index = jjj
WARNING: orio.module.loop.submodule.tile.transformation: tile size 1024 must be greater than the stride value 1024; tile index = jjj
expected=445130185977375837278272802316103974912.000000
actual=405404783999.161072
diff=-2147483648.000000
diff=1
WARNING: orio.module.loop.submodule.tile.transformation: tile size 256 must be greater than the stride value 256; tile index = iii
WARNING: orio.module.loop.submodule.tile.transformation: tile size 2 must be greater than the stride value 2; tile index = kkk
expected=721842798380681088.000000
actual=405404783999.161072
diff=-2147483648.000000
diff=1
expected=1739058082731353034346649895305216.000000
actual=405404783999.161072
diff=-2147483648.000000
diff=1
WARNING: orio.module.loop.submodule.tile.transformation: tile size 1024 must be greater than the stride value 1024; tile index = jjj
expected=405404783999.161072
actual=405404783999.161072
diff=0.000000
diff=1
expected=3461158477843259405107200.000000
actual=405404783999.161072
diff=-2147483648.000000
diff=1
WARNING: orio.module.loop.submodule.tile.transformation: tile size 32 must be greater than the stride value 32; tile index = jjj
expected=405404783999.161072
actual=405404783999.161072
diff=0.000000
diff=1
expected=404650981799.946045
actual=405404783999.161072
diff=753802199.000000
diff=0
[00;31mERROR: orio.main.tuner.ptest_driver: failed to execute the test code: "timeout --kill-after=30s --signal=9 20m  ./__orio_perftest108.exe  "
 --> CalledProcessError: Command 'timeout --kill-after=30s --signal=9 20m  ./__orio_perftest108.exe  ' returned non-zero exit status 1[00m
[00;31mERROR: orio.main.tuner.ptest_driver:  performance testing failed: "timeout --kill-after=30s --signal=9 20m  ./__orio_perftest108.exe  "[00m
WARNING: orio.module.loop.submodule.tile.transformation: tile size 256 must be greater than the stride value 256; tile index = kkk
expected=206028826453879775989872800620954180416176128.000000
actual=405404783999.161072
diff=-2147483648.000000
diff=1
WARNING: orio.module.loop.submodule.tile.transformation: tile size 32 must be greater than the stride value 32; tile index = iii
expected=404999513999.579834
actual=405404783999.161072
diff=405269999.000000
diff=0
[00;31mERROR: orio.main.tuner.ptest_driver: failed to execute the test code: "timeout --kill-after=30s --signal=9 20m  ./__orio_perftest110.exe  "
 --> CalledProcessError: Command 'timeout --kill-after=30s --signal=9 20m  ./__orio_perftest110.exe  ' returned non-zero exit status 1[00m
[00;31mERROR: orio.main.tuner.ptest_driver:  performance testing failed: "timeout --kill-after=30s --signal=9 20m  ./__orio_perftest110.exe  "[00m
expected=130267798283647172765164731629568.000000
actual=405404783999.161072
diff=-2147483648.000000
diff=1
expected=1802306883478603008.000000
actual=405404783999.161072
diff=-2147483648.000000
diff=1
WARNING: orio.module.loop.submodule.tile.transformation: tile size 2048 must be greater than the stride value 2048; tile index = jjj
expected=1739353299717664291193618432.000000
actual=405404783999.161072
diff=-2147483648.000000
diff=1
WARNING: orio.module.loop.submodule.tile.transformation: tile size 512 must be greater than the stride value 512; tile index = kkk
expected=405404783999.161072
actual=405404783999.161072
diff=0.000000
diff=1
expected=405404783999.161072
actual=405404783999.161072
diff=0.000000
diff=1
WARNING: orio.module.loop.submodule.tile.transformation: tile size 32 must be greater than the stride value 32; tile index = jjj
WARNING: orio.module.loop.submodule.tile.transformation: tile size 1024 must be greater than the stride value 1024; tile index = iii
expected=404695561499.898865
actual=405404783999.161072
diff=709222499.000000
diff=0
[00;31mERROR: orio.main.tuner.ptest_driver: failed to execute the test code: "timeout --kill-after=30s --signal=9 20m  ./__orio_perftest116.exe  "
 --> CalledProcessError: Command 'timeout --kill-after=30s --signal=9 20m  ./__orio_perftest116.exe  ' returned non-zero exit status 1[00m
[00;31mERROR: orio.main.tuner.ptest_driver:  performance testing failed: "timeout --kill-after=30s --signal=9 20m  ./__orio_perftest116.exe  "[00m
WARNING: orio.module.loop.submodule.tile.transformation: tile size 8 must be greater than the stride value 8; tile index = jjj
WARNING: orio.module.loop.submodule.tile.transformation: tile size 16 must be greater than the stride value 16; tile index = iii
expected=405404783999.161072
actual=405404783999.161072
diff=0.000000
diff=1
expected=581477450625.121948
actual=405404783999.161072
diff=-2147483648.000000
diff=1
WARNING: orio.module.loop.submodule.tile.transformation: tile size 2 must be greater than the stride value 2; tile index = kkk
expected=405404783999.161072
actual=405404783999.161072
diff=0.000000
diff=1
expected=5741680306877294834614272.000000
actual=405404783999.161072
diff=-2147483648.000000
diff=1
WARNING: orio.module.loop.submodule.tile.transformation: tile size 8 must be greater than the stride value 8; tile index = jjj
expected=6045072344601277991905969777410048.000000
actual=405404783999.161072
diff=-2147483648.000000
diff=1
expected=405404783999.161072
actual=405404783999.161072
diff=0.000000
diff=1
WARNING: orio.module.loop.submodule.tile.transformation: tile size 32 must be greater than the stride value 32; tile index = kkk
expected=556227128250.036255
actual=405404783999.161072
diff=-2147483648.000000
diff=1
WARNING: orio.module.loop.submodule.tile.transformation: tile size 256 must be greater than the stride value 256; tile index = jjj
expected=1011836372264108416.000000
actual=405404783999.161072
diff=-2147483648.000000
diff=1
expected=404695561499.898865
actual=405404783999.161072
diff=709222499.000000
diff=0
[00;31mERROR: orio.main.tuner.ptest_driver: failed to execute the test code: "timeout --kill-after=30s --signal=9 20m  ./__orio_perftest125.exe  "
 --> CalledProcessError: Command 'timeout --kill-after=30s --signal=9 20m  ./__orio_perftest125.exe  ' returned non-zero exit status 1[00m
[00;31mERROR: orio.main.tuner.ptest_driver:  performance testing failed: "timeout --kill-after=30s --signal=9 20m  ./__orio_perftest125.exe  "[00m
expected=428073106551.591309
actual=405404783999.161072
diff=-2147483648.000000
diff=1
WARNING: orio.module.loop.submodule.tile.transformation: tile size 128 must be greater than the stride value 128; tile index = iii
expected=5023604717469231262728192.000000
actual=405404783999.161072
diff=-2147483648.000000
diff=1
expected=556227128250.036255
actual=405404783999.161072
diff=-2147483648.000000
diff=1
WARNING: orio.module.loop.submodule.tile.transformation: tile size 16 must be greater than the stride value 16; tile index = iii
WARNING: orio.module.loop.submodule.tile.transformation: tile size 256 must be greater than the stride value 256; tile index = kkk
expected=783420360840.200317
actual=405404783999.161072
diff=-2147483648.000000
diff=1
expected=297581641631172478622233337762127282176.000000
actual=405404783999.161072
diff=-2147483648.000000
diff=1
WARNING: orio.module.loop.submodule.tile.transformation: tile size 2048 must be greater than the stride value 2048; tile index = iii
expected=405404783999.161072
actual=405404783999.161072
diff=0.000000
diff=1
expected=94544972322819.000000
actual=405404783999.161072
diff=-2147483648.000000
diff=1
expected=153820334655073.312500
actual=405404783999.161072
diff=-2147483648.000000
diff=1
WARNING: orio.module.loop.submodule.tile.transformation: tile size 1024 must be greater than the stride value 1024; tile index = kkk
expected=111957493435421.750000
actual=405404783999.161072
diff=-2147483648.000000
diff=1
expected=405404783999.161072
actual=405404783999.161072
diff=0.000000
diff=1
expected=921184877338145152.000000
actual=405404783999.161072
diff=-2147483648.000000
diff=1
expected=3338967467106097483332984748680285257728.000000
actual=405404783999.161072
diff=-2147483648.000000
diff=1
WARNING: orio.module.loop.submodule.tile.transformation: tile size 64 must be greater than the stride value 64; tile index = jjj
WARNING: orio.module.loop.submodule.tile.transformation: tile size 64 must be greater than the stride value 64; tile index = iii
expected=132910136868366321111073963040012386168733696.000000
actual=405404783999.161072
diff=-2147483648.000000
diff=1
expected=51879324518499560719342390294347776.000000
actual=405404783999.161072
diff=-2147483648.000000
diff=1
expected=405404783999.161072
actual=405404783999.161072
diff=0.000000
diff=1
WARNING: orio.module.loop.submodule.tile.transformation: tile size 64 must be greater than the stride value 64; tile index = iii
WARNING: orio.module.loop.submodule.tile.transformation: tile size 32 must be greater than the stride value 32; tile index = jjj
expected=405404783999.161072
actual=405404783999.161072
diff=0.000000
diff=1
WARNING: orio.module.loop.submodule.tile.transformation: tile size 1024 must be greater than the stride value 1024; tile index = jjj
expected=405404783999.161072
actual=405404783999.161072
diff=0.000000
diff=1
expected=404650981799.946045
actual=405404783999.161072
diff=753802199.000000
diff=0
[00;31mERROR: orio.main.tuner.ptest_driver: failed to execute the test code: "timeout --kill-after=30s --signal=9 20m  ./__orio_perftest143.exe  "
 --> CalledProcessError: Command 'timeout --kill-after=30s --signal=9 20m  ./__orio_perftest143.exe  ' returned non-zero exit status 1[00m
[00;31mERROR: orio.main.tuner.ptest_driver:  performance testing failed: "timeout --kill-after=30s --signal=9 20m  ./__orio_perftest143.exe  "[00m
expected=795998374020.229492
actual=405404783999.161072
diff=-2147483648.000000
diff=1
WARNING: orio.module.loop.submodule.tile.transformation: tile size 64 must be greater than the stride value 64; tile index = iii
expected=581477450625.121948
actual=405404783999.161072
diff=-2147483648.000000
diff=1
WARNING: orio.module.loop.submodule.tile.transformation: tile size 64 must be greater than the stride value 64; tile index = kkk
expected=935011487998247699275467328007071351177216.000000
actual=405404783999.161072
diff=-2147483648.000000
diff=1
expected=7973446887613547468029952.000000
actual=405404783999.161072
diff=-2147483648.000000
diff=1
expected=153750280443109302343900007185698357510144.000000
actual=405404783999.161072
diff=-2147483648.000000
diff=1
expected=2075300938927102654440228933477060313088.000000
actual=405404783999.161072
diff=-2147483648.000000
diff=1
expected=799866778877889512510150043573944320.000000
actual=405404783999.161072
diff=-2147483648.000000
diff=1
expected=83169638417452.250000
actual=405404783999.161072
diff=-2147483648.000000
diff=1
WARNING: orio.module.loop.submodule.tile.transformation: tile size 64 must be greater than the stride value 64; tile index = iii
WARNING: orio.module.loop.submodule.tile.transformation: tile size 2 must be greater than the stride value 2; tile index = iii
expected=1517014789315194605068279817580875083677696.000000
actual=405404783999.161072
diff=-2147483648.000000
diff=1
WARNING: orio.module.loop.submodule.tile.transformation: tile size 32 must be greater than the stride value 32; tile index = jjj
WARNING: orio.module.loop.submodule.tile.transformation: tile size 8 must be greater than the stride value 8; tile index = jjj
expected=455170185000.035522
actual=405404783999.161072
diff=-2147483648.000000
diff=1
WARNING: orio.module.loop.submodule.tile.transformation: tile size 32 must be greater than the stride value 32; tile index = iii
expected=484684716249728211359009197239828480.000000
actual=405404783999.161072
diff=-2147483648.000000
diff=1
expected=404695561499.898865
actual=405404783999.161072
diff=709222499.000000
diff=0
[00;31mERROR: orio.main.tuner.ptest_driver: failed to execute the test code: "timeout --kill-after=30s --signal=9 20m  ./__orio_perftest155.exe  "
 --> CalledProcessError: Command 'timeout --kill-after=30s --signal=9 20m  ./__orio_perftest155.exe  ' returned non-zero exit status 1[00m
[00;31mERROR: orio.main.tuner.ptest_driver:  performance testing failed: "timeout --kill-after=30s --signal=9 20m  ./__orio_perftest155.exe  "[00m
WARNING: orio.module.loop.submodule.tile.transformation: tile size 8 must be greater than the stride value 8; tile index = jjj
expected=3155832990639351253780398080.000000
actual=405404783999.161072
diff=-2147483648.000000
diff=1
expected=505746126000.108276
actual=405404783999.161072
diff=-2147483648.000000
diff=1
expected=405404783999.161072
actual=405404783999.161072
diff=0.000000
diff=1
WARNING: orio.module.loop.submodule.tile.transformation: tile size 512 must be greater than the stride value 512; tile index = iii
WARNING: orio.module.loop.submodule.tile.transformation: tile size 32 must be greater than the stride value 32; tile index = jjj
expected=130804976509728.015625
actual=405404783999.161072
diff=-2147483648.000000
diff=1
WARNING: orio.module.loop.submodule.tile.transformation: tile size 8 must be greater than the stride value 8; tile index = iii
expected=493046276062.536804
actual=405404783999.161072
diff=-2147483648.000000
diff=1
expected=34558963024569053425245889060224499938492416.000000
actual=405404783999.161072
diff=-2147483648.000000
diff=1
expected=795998374020.229492
actual=405404783999.161072
diff=-2147483648.000000
diff=1
expected=8110698580863477788704768.000000
actual=405404783999.161072
diff=-2147483648.000000
diff=1
WARNING: orio.module.loop.submodule.tile.transformation: tile size 256 must be greater than the stride value 256; tile index = iii
WARNING: orio.module.loop.submodule.tile.transformation: tile size 16 must be greater than the stride value 16; tile index = jjj
expected=2955171136211675136.000000
actual=405404783999.161072
diff=-2147483648.000000
diff=1
WARNING: orio.module.loop.submodule.tile.transformation: tile size 64 must be greater than the stride value 64; tile index = iii
expected=111773532207190.656250
actual=405404783999.161072
diff=-2147483648.000000
diff=1
expected=10713238170058003976124620235171568812032.000000
actual=405404783999.161072
diff=-2147483648.000000
diff=1
WARNING: orio.module.loop.submodule.tile.transformation: tile size 1024 must be greater than the stride value 1024; tile index = iii
expected=593988226784.810547
actual=405404783999.161072
diff=-2147483648.000000
diff=1
expected=3078979031457629583966208.000000
actual=405404783999.161072
diff=-2147483648.000000
diff=1
expected=600107531625.006592
actual=405404783999.161072
diff=-2147483648.000000
diff=1
expected=556227128250.036255
actual=405404783999.161072
diff=-2147483648.000000
diff=1
WARNING: orio.module.loop.submodule.tile.transformation: tile size 256 must be greater than the stride value 256; tile index = jjj
WARNING: orio.module.loop.submodule.tile.transformation: tile size 2048 must be greater than the stride value 2048; tile index = iii
__orio_perftest171.c: In function ‘main’:
__orio_perftest171.c:772:11: error: ‘newlb_k’ undeclared (first use in this function)
           newlb_k=-2147483648;
           ^~~~~~~
__orio_perftest171.c:772:11: note: each undeclared identifier is reported only once for each function it appears in
__orio_perftest171.c:773:11: error: ‘newub_k’ undeclared (first use in this function)
           newub_k=N-1;
           ^~~~~~~
[00;31mERROR: orio.main.tuner.ptest_driver:  failed to compile the testing code: "timeout --kill-after=30s --signal=9 20m gcc -O3 -fopenmp -DDYNAMIC  -DORIO_REPS=10 -o __orio_perftest171.exe __orio_perftest171.c timer_cpu.o -lm -lrt"[00m
[00;31mERROR: orio.main.tuner.ptest_driver:  the executable of the test code does not exist[00m
timeout: failed to run command ‘./__orio_perftest171.exe’: No such file or directory
[00;31mERROR: orio.main.tuner.ptest_driver: failed to execute the test code: "timeout --kill-after=30s --signal=9 20m  ./__orio_perftest171.exe  "
 --> CalledProcessError: Command 'timeout --kill-after=30s --signal=9 20m  ./__orio_perftest171.exe  ' returned non-zero exit status 127[00m
[00;31mERROR: orio.main.tuner.ptest_driver:  performance testing failed: "timeout --kill-after=30s --signal=9 20m  ./__orio_perftest171.exe  "[00m
WARNING: orio.module.loop.submodule.tile.transformation: tile size 8 must be greater than the stride value 8; tile index = jjj
expected=405404783999.161072
actual=405404783999.161072
diff=0.000000
diff=1
expected=480410686125.056213
actual=405404783999.161072
diff=-2147483648.000000
diff=1
WARNING: orio.module.loop.submodule.tile.transformation: tile size 256 must be greater than the stride value 256; tile index = jjj
WARNING: orio.module.loop.submodule.tile.transformation: tile size 64 must be greater than the stride value 64; tile index = kkk
expected=742698779568096096184324517525454848.000000
actual=405404783999.161072
diff=-2147483648.000000
diff=1
expected=405404783999.161072
actual=405404783999.161072
diff=0.000000
diff=1
WARNING: orio.module.loop.submodule.tile.transformation: tile size 128 must be greater than the stride value 128; tile index = jjj
expected=492814915452945328565147970568192.000000
actual=405404783999.161072
diff=-2147483648.000000
diff=1
WARNING: orio.module.loop.submodule.tile.transformation: tile size 32 must be greater than the stride value 32; tile index = jjj
expected=5750766966284825051267072.000000
actual=405404783999.161072
diff=-2147483648.000000
diff=1
WARNING: orio.module.loop.submodule.tile.transformation: tile size 512 must be greater than the stride value 512; tile index = kkk
expected=3251908694306515058269778633293824.000000
actual=405404783999.161072
diff=-2147483648.000000
diff=1
expected=85742505089927754979213312.000000
actual=405404783999.161072
diff=-2147483648.000000
diff=1
WARNING: orio.module.loop.submodule.tile.transformation: tile size 4 must be greater than the stride value 4; tile index = kkk
expected=21818686712534386704646144.000000
actual=405404783999.161072
diff=-2147483648.000000
diff=1
expected=883932908837434240.000000
actual=405404783999.161072
diff=-2147483648.000000
diff=1
expected=1140897887091821147079674530657940130915942400.000000
actual=405404783999.161072
diff=-2147483648.000000
diff=1
expected=405404783999.161072
actual=405404783999.161072
diff=0.000000
diff=1
WARNING: orio.module.loop.submodule.tile.transformation: tile size 128 must be greater than the stride value 128; tile index = iii
expected=795998374020.229492
actual=405404783999.161072
diff=-2147483648.000000
diff=1
expected=67226756810924218923586111800344576.000000
actual=405404783999.161072
diff=-2147483648.000000
diff=1
expected=405404783999.161072
actual=405404783999.161072
diff=0.000000
diff=1
WARNING: orio.module.loop.submodule.tile.transformation: tile size 16 must be greater than the stride value 16; tile index = iii
expected=179487507346239529479982862975209832448.000000
actual=405404783999.161072
diff=-2147483648.000000
diff=1
expected=493046276062.536804
actual=405404783999.161072
diff=-2147483648.000000
diff=1
WARNING: orio.module.loop.submodule.tile.transformation: tile size 128 must be greater than the stride value 128; tile index = iii
expected=404796878999.792175
actual=405404783999.161072
diff=607904999.000000
diff=0
[00;31mERROR: orio.main.tuner.ptest_driver: failed to execute the test code: "timeout --kill-after=30s --signal=9 20m  ./__orio_perftest189.exe  "
 --> CalledProcessError: Command 'timeout --kill-after=30s --signal=9 20m  ./__orio_perftest189.exe  ' returned non-zero exit status 1[00m
[00;31mERROR: orio.main.tuner.ptest_driver:  performance testing failed: "timeout --kill-after=30s --signal=9 20m  ./__orio_perftest189.exe  "[00m
WARNING: orio.module.loop.submodule.tile.transformation: tile size 16 must be greater than the stride value 16; tile index = jjj
WARNING: orio.module.loop.submodule.tile.transformation: tile size 256 must be greater than the stride value 256; tile index = jjj
WARNING: orio.module.loop.submodule.tile.transformation: tile size 16 must be greater than the stride value 16; tile index = kkk
expected=556227128250.036255
actual=405404783999.161072
diff=-2147483648.000000
diff=1
expected=19037883851198428910105781445512354856960.000000
actual=405404783999.161072
diff=-2147483648.000000
diff=1
WARNING: orio.module.loop.submodule.tile.transformation: tile size 2 must be greater than the stride value 2; tile index = iii
expected=13237576337828237126232442120918611787776.000000
actual=405404783999.161072
diff=-2147483648.000000
diff=1
WARNING: orio.module.loop.submodule.tile.transformation: tile size 4 must be greater than the stride value 4; tile index = jjj
expected=405404783999.161072
actual=405404783999.161072
diff=0.000000
diff=1
WARNING: orio.module.loop.submodule.tile.transformation: tile size 16 must be greater than the stride value 16; tile index = iii
expected=404625855383.976746
actual=405404783999.161072
diff=778928615.000000
diff=0
[00;31mERROR: orio.main.tuner.ptest_driver: failed to execute the test code: "timeout --kill-after=30s --signal=9 20m  ./__orio_perftest194.exe  "
 --> CalledProcessError: Command 'timeout --kill-after=30s --signal=9 20m  ./__orio_perftest194.exe  ' returned non-zero exit status 1[00m
[00;31mERROR: orio.main.tuner.ptest_driver:  performance testing failed: "timeout --kill-after=30s --signal=9 20m  ./__orio_perftest194.exe  "[00m
expected=133903129737737189466590908125827563520.000000
actual=405404783999.161072
diff=-2147483648.000000
diff=1
WARNING: orio.module.loop.submodule.tile.transformation: tile size 2048 must be greater than the stride value 2048; tile index = iii
expected=2666533251679253504.000000
actual=405404783999.161072
diff=-2147483648.000000
diff=1
WARNING: orio.module.loop.submodule.tile.transformation: tile size 8 must be greater than the stride value 8; tile index = iii
expected=405404783999.161072
actual=405404783999.161072
diff=0.000000
diff=1
WARNING: orio.module.loop.submodule.tile.transformation: tile size 128 must be greater than the stride value 128; tile index = iii
expected=366254940355275582698443943137453457539072.000000
actual=405404783999.161072
diff=-2147483648.000000
diff=1
expected=21212196287358771200.000000
actual=405404783999.161072
diff=-2147483648.000000
diff=1
WARNING: orio.module.loop.submodule.tile.transformation: tile size 512 must be greater than the stride value 512; tile index = iii
expected=58951928177484624708321132892619066421805056.000000
actual=405404783999.161072
diff=-2147483648.000000
diff=1
WARNING: orio.module.loop.submodule.tile.transformation: tile size 512 must be greater than the stride value 512; tile index = iii
WARNING: orio.module.loop.submodule.tile.transformation: tile size 64 must be greater than the stride value 64; tile index = jjj
expected=12258592513218026301151962434101571485696.000000
actual=405404783999.161072
diff=-2147483648.000000
diff=1
WARNING: orio.module.loop.submodule.tile.transformation: tile size 512 must be greater than the stride value 512; tile index = jjj
expected=404625855383.976746
actual=405404783999.161072
diff=778928615.000000
diff=0
[00;31mERROR: orio.main.tuner.ptest_driver: failed to execute the test code: "timeout --kill-after=30s --signal=9 20m  ./__orio_perftest202.exe  "
 --> CalledProcessError: Command 'timeout --kill-after=30s --signal=9 20m  ./__orio_perftest202.exe  ' returned non-zero exit status 1[00m
[00;31mERROR: orio.main.tuner.ptest_driver:  performance testing failed: "timeout --kill-after=30s --signal=9 20m  ./__orio_perftest202.exe  "[00m
WARNING: orio.module.loop.submodule.tile.transformation: tile size 32 must be greater than the stride value 32; tile index = iii
expected=404999513999.579834
actual=405404783999.161072
diff=405269999.000000
diff=0
[00;31mERROR: orio.main.tuner.ptest_driver: failed to execute the test code: "timeout --kill-after=30s --signal=9 20m  ./__orio_perftest203.exe  "
 --> CalledProcessError: Command 'timeout --kill-after=30s --signal=9 20m  ./__orio_perftest203.exe  ' returned non-zero exit status 1[00m
[00;31mERROR: orio.main.tuner.ptest_driver:  performance testing failed: "timeout --kill-after=30s --signal=9 20m  ./__orio_perftest203.exe  "[00m
expected=417143471805.003174
actual=405404783999.161072
diff=-2147483648.000000
diff=1
WARNING: orio.module.loop.submodule.tile.transformation: tile size 4 must be greater than the stride value 4; tile index = jjj
WARNING: orio.module.loop.submodule.tile.transformation: tile size 16 must be greater than the stride value 16; tile index = kkk
expected=405404783999.161072
actual=405404783999.161072
diff=0.000000
diff=1
WARNING: orio.module.loop.submodule.tile.transformation: tile size 4 must be greater than the stride value 4; tile index = iii
WARNING: orio.module.loop.submodule.tile.transformation: tile size 4 must be greater than the stride value 4; tile index = jjj
WARNING: orio.module.loop.submodule.tile.transformation: tile size 1024 must be greater than the stride value 1024; tile index = iii
WARNING: orio.module.loop.submodule.tile.transformation: tile size 128 must be greater than the stride value 128; tile index = jjj
expected=3725598581090880313499285801547517070455865344.000000
actual=405404783999.161072
diff=-2147483648.000000
diff=1
WARNING: orio.module.loop.submodule.tile.transformation: tile size 16 must be greater than the stride value 16; tile index = jjj
expected=405404783999.161072
actual=405404783999.161072
diff=0.000000
diff=1
expected=556227128250.036255
actual=405404783999.161072
diff=-2147483648.000000
diff=1
WARNING: orio.module.loop.submodule.tile.transformation: tile size 2 must be greater than the stride value 2; tile index = iii
expected=888475937941919360.000000
actual=405404783999.161072
diff=-2147483648.000000
diff=1
expected=404625855383.976746
actual=405404783999.161072
diff=778928615.000000
diff=0
[00;31mERROR: orio.main.tuner.ptest_driver: failed to execute the test code: "timeout --kill-after=30s --signal=9 20m  ./__orio_perftest210.exe  "
 --> CalledProcessError: Command 'timeout --kill-after=30s --signal=9 20m  ./__orio_perftest210.exe  ' returned non-zero exit status 1[00m
[00;31mERROR: orio.main.tuner.ptest_driver:  performance testing failed: "timeout --kill-after=30s --signal=9 20m  ./__orio_perftest210.exe  "[00m
WARNING: orio.module.loop.submodule.tile.transformation: tile size 256 must be greater than the stride value 256; tile index = iii
expected=16813813557484308704497397219965596149481472.000000
actual=405404783999.161072
diff=-2147483648.000000
diff=1
WARNING: orio.module.loop.submodule.tile.transformation: tile size 8 must be greater than the stride value 8; tile index = jjj
WARNING: orio.module.loop.submodule.tile.transformation: tile size 64 must be greater than the stride value 64; tile index = iii
expected=405404783999.161072
actual=405404783999.161072
diff=0.000000
diff=1
WARNING: orio.module.loop.submodule.tile.transformation: tile size 2 must be greater than the stride value 2; tile index = jjj
expected=19650511436345209607407944421842064534142976.000000
actual=405404783999.161072
diff=-2147483648.000000
diff=1
WARNING: orio.module.loop.submodule.tile.transformation: tile size 128 must be greater than the stride value 128; tile index = jjj
WARNING: orio.module.loop.submodule.tile.transformation: tile size 2 must be greater than the stride value 2; tile index = iii
WARNING: orio.module.loop.submodule.tile.transformation: tile size 128 must be greater than the stride value 128; tile index = kkk
expected=5271945868534565958192936641964752131353214976.000000
actual=405404783999.161072
diff=-2147483648.000000
diff=1
expected=505746126000.108276
actual=405404783999.161072
diff=-2147483648.000000
diff=1
expected=244850734417574883457848452629467850866688.000000
actual=405404783999.161072
diff=-2147483648.000000
diff=1
expected=404650981799.946045
actual=405404783999.161072
diff=753802199.000000
diff=0
[00;31mERROR: orio.main.tuner.ptest_driver: failed to execute the test code: "timeout --kill-after=30s --signal=9 20m  ./__orio_perftest217.exe  "
 --> CalledProcessError: Command 'timeout --kill-after=30s --signal=9 20m  ./__orio_perftest217.exe  ' returned non-zero exit status 1[00m
[00;31mERROR: orio.main.tuner.ptest_driver:  performance testing failed: "timeout --kill-after=30s --signal=9 20m  ./__orio_perftest217.exe  "[00m
WARNING: orio.module.loop.submodule.tile.transformation: tile size 128 must be greater than the stride value 128; tile index = iii
expected=6660030265159611022573568.000000
actual=405404783999.161072
diff=-2147483648.000000
diff=1
WARNING: orio.module.loop.submodule.tile.transformation: tile size 1024 must be greater than the stride value 1024; tile index = iii
expected=493046276062.536804
actual=405404783999.161072
diff=-2147483648.000000
diff=1
expected=823748857332705024.000000
actual=405404783999.161072
diff=-2147483648.000000
diff=1
expected=405404783999.161072
actual=405404783999.161072
diff=0.000000
diff=1
WARNING: orio.module.loop.submodule.tile.transformation: tile size 512 must be greater than the stride value 512; tile index = iii
expected=202496533573645.937500
actual=405404783999.161072
diff=-2147483648.000000
diff=1
WARNING: orio.module.loop.submodule.tile.transformation: tile size 512 must be greater than the stride value 512; tile index = iii
expected=426542207593.519958
actual=405404783999.161072
diff=-2147483648.000000
diff=1
expected=1633383525525899662118044760790794240.000000
actual=405404783999.161072
diff=-2147483648.000000
diff=1
WARNING: orio.module.loop.submodule.tile.transformation: tile size 32 must be greater than the stride value 32; tile index = iii
expected=126354549664727347586202736410102857728.000000
actual=405404783999.161072
diff=-2147483648.000000
diff=1
WARNING: orio.module.loop.submodule.tile.transformation: tile size 1024 must be greater than the stride value 1024; tile index = jjj
expected=88787375587582283373035459527310219820400640.000000
actual=405404783999.161072
diff=-2147483648.000000
diff=1
expected=9300152305772128813187072.000000
actual=405404783999.161072
diff=-2147483648.000000
diff=1
WARNING: orio.module.loop.submodule.tile.transformation: tile size 32 must be greater than the stride value 32; tile index = kkk
expected=455170185000.035522
actual=405404783999.161072
diff=-2147483648.000000
diff=1
expected=404796878999.792175
actual=405404783999.161072
diff=607904999.000000
diff=0
[00;31mERROR: orio.main.tuner.ptest_driver: failed to execute the test code: "timeout --kill-after=30s --signal=9 20m  ./__orio_perftest229.exe  "
 --> CalledProcessError: Command 'timeout --kill-after=30s --signal=9 20m  ./__orio_perftest229.exe  ' returned non-zero exit status 1[00m
[00;31mERROR: orio.main.tuner.ptest_driver:  performance testing failed: "timeout --kill-after=30s --signal=9 20m  ./__orio_perftest229.exe  "[00m
expected=404695561499.898865
actual=405404783999.161072
diff=709222499.000000
diff=0
[00;31mERROR: orio.main.tuner.ptest_driver: failed to execute the test code: "timeout --kill-after=30s --signal=9 20m  ./__orio_perftest230.exe  "
 --> CalledProcessError: Command 'timeout --kill-after=30s --signal=9 20m  ./__orio_perftest230.exe  ' returned non-zero exit status 1[00m
[00;31mERROR: orio.main.tuner.ptest_driver:  performance testing failed: "timeout --kill-after=30s --signal=9 20m  ./__orio_perftest230.exe  "[00m
WARNING: orio.module.loop.submodule.tile.transformation: tile size 256 must be greater than the stride value 256; tile index = iii
expected=992922571040667136.000000
actual=405404783999.161072
diff=-2147483648.000000
diff=1
expected=1834234271348062464.000000
actual=405404783999.161072
diff=-2147483648.000000
diff=1
expected=9969491123979292364162898318428106900658095915008.000000
actual=405404783999.161072
diff=-2147483648.000000
diff=1
WARNING: orio.module.loop.submodule.tile.transformation: tile size 1024 must be greater than the stride value 1024; tile index = kkk
expected=247193941713402.250000
actual=405404783999.161072
diff=-2147483648.000000
diff=1
WARNING: orio.module.loop.submodule.tile.transformation: tile size 512 must be greater than the stride value 512; tile index = iii
expected=1954132392095338969101237532086931443154944.000000
actual=405404783999.161072
diff=-2147483648.000000
diff=1
WARNING: orio.module.loop.submodule.tile.transformation: tile size 8 must be greater than the stride value 8; tile index = jjj
expected=4316440649370082826256384.000000
actual=405404783999.161072
diff=-2147483648.000000
diff=1
expected=795998374020.229492
actual=405404783999.161072
diff=-2147483648.000000
diff=1
WARNING: orio.module.loop.submodule.tile.transformation: tile size 2 must be greater than the stride value 2; tile index = jjj
expected=405404783999.161072
actual=405404783999.161072
diff=0.000000
diff=1
WARNING: orio.module.loop.submodule.tile.transformation: tile size 1024 must be greater than the stride value 1024; tile index = jjj
expected=7477492622183286784.000000
actual=405404783999.161072
diff=-2147483648.000000
diff=1
expected=16225636091662349830717440.000000
actual=405404783999.161072
diff=-2147483648.000000
diff=1
expected=288231667805095063596302336.000000
actual=405404783999.161072
diff=-2147483648.000000
diff=1
expected=2216197856343321957367808.000000
actual=405404783999.161072
diff=-2147483648.000000
diff=1
expected=600107531625.006592
actual=405404783999.161072
diff=-2147483648.000000
diff=1
WARNING: orio.module.loop.submodule.tile.transformation: tile size 2048 must be greater than the stride value 2048; tile index = jjj
expected=505746126000.108276
actual=405404783999.161072
diff=-2147483648.000000
diff=1
expected=404695561499.898865
actual=405404783999.161072
diff=709222499.000000
diff=0
[00;31mERROR: orio.main.tuner.ptest_driver: failed to execute the test code: "timeout --kill-after=30s --signal=9 20m  ./__orio_perftest245.exe  "
 --> CalledProcessError: Command 'timeout --kill-after=30s --signal=9 20m  ./__orio_perftest245.exe  ' returned non-zero exit status 1[00m
[00;31mERROR: orio.main.tuner.ptest_driver:  performance testing failed: "timeout --kill-after=30s --signal=9 20m  ./__orio_perftest245.exe  "[00m
WARNING: orio.module.loop.submodule.tile.transformation: tile size 2 must be greater than the stride value 2; tile index = iii
expected=886803744993509760.000000
actual=405404783999.161072
diff=-2147483648.000000
diff=1
expected=292722187883353205395966817723398813122560.000000
actual=405404783999.161072
diff=-2147483648.000000
diff=1
WARNING: orio.module.loop.submodule.tile.transformation: tile size 64 must be greater than the stride value 64; tile index = jjj
expected=405404783999.161072
actual=405404783999.161072
diff=0.000000
diff=1
expected=65840925375109.007812
actual=405404783999.161072
diff=-2147483648.000000
diff=1
WARNING: orio.module.loop.submodule.tile.transformation: tile size 32 must be greater than the stride value 32; tile index = iii
expected=405404783999.161072
actual=405404783999.161072
diff=0.000000
diff=1
WARNING: orio.module.loop.submodule.tile.transformation: tile size 2 must be greater than the stride value 2; tile index = jjj
expected=2373036156167508382487055622354239488.000000
actual=405404783999.161072
diff=-2147483648.000000
diff=1
expected=417143471805.003174
actual=405404783999.161072
diff=-2147483648.000000
diff=1
WARNING: orio.module.loop.submodule.tile.transformation: tile size 256 must be greater than the stride value 256; tile index = iii
WARNING: orio.module.loop.submodule.tile.transformation: tile size 128 must be greater than the stride value 128; tile index = jjj
expected=1965048759508856576.000000
actual=405404783999.161072
diff=-2147483648.000000
diff=1
expected=3268870340613470446157824.000000
actual=405404783999.161072
diff=-2147483648.000000
diff=1
expected=405404783999.161072
actual=405404783999.161072
diff=0.000000
diff=1
WARNING: orio.module.loop.submodule.tile.transformation: tile size 512 must be greater than the stride value 512; tile index = jjj
WARNING: orio.module.loop.submodule.tile.transformation: tile size 16 must be greater than the stride value 16; tile index = kkk
expected=783420360840.200317
actual=405404783999.161072
diff=-2147483648.000000
diff=1
expected=1044725816946841590837183760848932818649088.000000
actual=405404783999.161072
diff=-2147483648.000000
diff=1
WARNING: orio.module.loop.submodule.tile.transformation: tile size 128 must be greater than the stride value 128; tile index = jjj
WARNING: orio.module.loop.submodule.tile.transformation: tile size 8 must be greater than the stride value 8; tile index = jjj
expected=404695561499.898865
actual=405404783999.161072
diff=709222499.000000
diff=0
[00;31mERROR: orio.main.tuner.ptest_driver: failed to execute the test code: "timeout --kill-after=30s --signal=9 20m  ./__orio_perftest258.exe  "
 --> CalledProcessError: Command 'timeout --kill-after=30s --signal=9 20m  ./__orio_perftest258.exe  ' returned non-zero exit status 1[00m
[00;31mERROR: orio.main.tuner.ptest_driver:  performance testing failed: "timeout --kill-after=30s --signal=9 20m  ./__orio_perftest258.exe  "[00m
WARNING: orio.module.loop.submodule.tile.transformation: tile size 8 must be greater than the stride value 8; tile index = iii
WARNING: orio.module.loop.submodule.tile.transformation: tile size 4 must be greater than the stride value 4; tile index = jjj
expected=404999513999.579834
actual=405404783999.161072
diff=405269999.000000
diff=0
[00;31mERROR: orio.main.tuner.ptest_driver: failed to execute the test code: "timeout --kill-after=30s --signal=9 20m  ./__orio_perftest259.exe  "
 --> CalledProcessError: Command 'timeout --kill-after=30s --signal=9 20m  ./__orio_perftest259.exe  ' returned non-zero exit status 1[00m
[00;31mERROR: orio.main.tuner.ptest_driver:  performance testing failed: "timeout --kill-after=30s --signal=9 20m  ./__orio_perftest259.exe  "[00m
expected=5349725413106236962897920.000000
actual=405404783999.161072
diff=-2147483648.000000
diff=1
expected=2104284418005822913366475643807010952052736.000000
actual=405404783999.161072
diff=-2147483648.000000
diff=1
expected=768756000853925244447473881397352988672.000000
actual=405404783999.161072
diff=-2147483648.000000
diff=1
WARNING: orio.module.loop.submodule.tile.transformation: tile size 8 must be greater than the stride value 8; tile index = jjj
expected=455170185000.035522
actual=405404783999.161072
diff=-2147483648.000000
diff=1
expected=405404783999.161072
actual=405404783999.161072
diff=0.000000
diff=1
expected=11893136861644797059722593245022309354307584.000000
actual=405404783999.161072
diff=-2147483648.000000
diff=1
expected=405404783999.161072
actual=405404783999.161072
diff=0.000000
diff=1
expected=2545550004936636640198463598766440572528885760.000000
actual=405404783999.161072
diff=-2147483648.000000
diff=1
WARNING: orio.module.loop.submodule.tile.transformation: tile size 8 must be greater than the stride value 8; tile index = jjj
expected=7036687643585472512.000000
actual=405404783999.161072
diff=-2147483648.000000
diff=1
WARNING: orio.module.loop.submodule.tile.transformation: tile size 2 must be greater than the stride value 2; tile index = iii
WARNING: orio.module.loop.submodule.tile.transformation: tile size 32 must be greater than the stride value 32; tile index = jjj
expected=404695561499.898865
actual=405404783999.161072
diff=709222499.000000
diff=0
[00;31mERROR: orio.main.tuner.ptest_driver: failed to execute the test code: "timeout --kill-after=30s --signal=9 20m  ./__orio_perftest269.exe  "
 --> CalledProcessError: Command 'timeout --kill-after=30s --signal=9 20m  ./__orio_perftest269.exe  ' returned non-zero exit status 1[00m
[00;31mERROR: orio.main.tuner.ptest_driver:  performance testing failed: "timeout --kill-after=30s --signal=9 20m  ./__orio_perftest269.exe  "[00m
WARNING: orio.module.loop.submodule.tile.transformation: tile size 2048 must be greater than the stride value 2048; tile index = jjj
expected=761056910364462240931153918033941246129471488.000000
actual=405404783999.161072
diff=-2147483648.000000
diff=1
expected=505746126000.108276
actual=405404783999.161072
diff=-2147483648.000000
diff=1
expected=428073106551.591309
actual=405404783999.161072
diff=-2147483648.000000
diff=1
expected=9965596591445566531043328.000000
actual=405404783999.161072
diff=-2147483648.000000
diff=1
expected=5196128840629682121474048.000000
actual=405404783999.161072
diff=-2147483648.000000
diff=1
WARNING: orio.module.loop.submodule.tile.transformation: tile size 256 must be greater than the stride value 256; tile index = iii
WARNING: orio.module.loop.submodule.tile.transformation: tile size 32 must be greater than the stride value 32; tile index = jjj
expected=69013858049478919059808936506748171190272.000000
actual=405404783999.161072
diff=-2147483648.000000
diff=1
expected=17854228332340008359314369956370467979788288.000000
actual=405404783999.161072
diff=-2147483648.000000
diff=1
expected=405404783999.161072
actual=405404783999.161072
diff=0.000000
diff=1
WARNING: orio.module.loop.submodule.tile.transformation: tile size 64 must be greater than the stride value 64; tile index = iii
expected=850793184074900110950153137900368275963904.000000
actual=405404783999.161072
diff=-2147483648.000000
diff=1
WARNING: orio.module.loop.submodule.tile.transformation: tile size 128 must be greater than the stride value 128; tile index = kkk
expected=1692221851101898641525437408215040.000000
actual=405404783999.161072
diff=-2147483648.000000
diff=1
WARNING: orio.module.loop.submodule.tile.transformation: tile size 2 must be greater than the stride value 2; tile index = jjj
expected=405404783999.161072
actual=405404783999.161072
diff=0.000000
diff=1
expected=507553719345429207375955470512365241816796102656.000000
actual=405404783999.161072
diff=-2147483648.000000
diff=1
expected=80283904464354625439107353496235131572338594676736.000000
actual=405404783999.161072
diff=-2147483648.000000
diff=1
WARNING: orio.module.loop.submodule.tile.transformation: tile size 2048 must be greater than the stride value 2048; tile index = iii
expected=12297042808386622740826638799339520.000000
actual=405404783999.161072
diff=-2147483648.000000
diff=1
expected=405404783999.161072
actual=405404783999.161072
diff=0.000000
diff=1
WARNING: orio.module.loop.submodule.tile.transformation: tile size 256 must be greater than the stride value 256; tile index = iii
expected=24765518566461465644464492237852793976651776.000000
actual=405404783999.161072
diff=-2147483648.000000
diff=1
expected=404999513999.579834
actual=405404783999.161072
diff=405269999.000000
diff=0
[00;31mERROR: orio.main.tuner.ptest_driver: failed to execute the test code: "timeout --kill-after=30s --signal=9 20m  ./__orio_perftest286.exe  "
 --> CalledProcessError: Command 'timeout --kill-after=30s --signal=9 20m  ./__orio_perftest286.exe  ' returned non-zero exit status 1[00m
[00;31mERROR: orio.main.tuner.ptest_driver:  performance testing failed: "timeout --kill-after=30s --signal=9 20m  ./__orio_perftest286.exe  "[00m
WARNING: orio.module.loop.submodule.tile.transformation: tile size 2 must be greater than the stride value 2; tile index = iii
WARNING: orio.module.loop.submodule.tile.transformation: tile size 16 must be greater than the stride value 16; tile index = kkk
expected=20299597839901833441152291732496544956416.000000
actual=405404783999.161072
diff=-2147483648.000000
diff=1
WARNING: orio.module.loop.submodule.tile.transformation: tile size 128 must be greater than the stride value 128; tile index = jjj
expected=405404783999.161072
actual=405404783999.161072
diff=0.000000
diff=1
WARNING: orio.module.loop.submodule.tile.transformation: tile size 64 must be greater than the stride value 64; tile index = jjj
expected=18880199933863507702073824926222556589981696.000000
actual=405404783999.161072
diff=-2147483648.000000
diff=1
WARNING: orio.module.loop.submodule.tile.transformation: tile size 16 must be greater than the stride value 16; tile index = iii
expected=6971698767813819178348994729550857116500099072.000000
actual=405404783999.161072
diff=-2147483648.000000
diff=1
WARNING: orio.module.loop.submodule.tile.transformation: tile size 8 must be greater than the stride value 8; tile index = jjj
WARNING: orio.module.loop.submodule.tile.transformation: tile size 16 must be greater than the stride value 16; tile index = iii
WARNING: orio.module.loop.submodule.tile.transformation: tile size 8 must be greater than the stride value 8; tile index = kkk
expected=405404783999.161072
actual=405404783999.161072
diff=0.000000
diff=1
expected=453131256958.834534
actual=405404783999.161072
diff=-2147483648.000000
diff=1
WARNING: orio.module.loop.submodule.tile.transformation: tile size 4 must be greater than the stride value 4; tile index = jjj
WARNING: orio.module.loop.submodule.tile.transformation: tile size 8 must be greater than the stride value 8; tile index = kkk
expected=132905365245313013064360399304893579424153223561216.000000
actual=405404783999.161072
diff=-2147483648.000000
diff=1
WARNING: orio.module.loop.submodule.tile.transformation: tile size 8 must be greater than the stride value 8; tile index = jjj
expected=405404783999.161072
actual=405404783999.161072
diff=0.000000
diff=1
expected=405404783999.161072
actual=405404783999.161072
diff=0.000000
diff=1
WARNING: orio.module.loop.submodule.tile.transformation: tile size 32 must be greater than the stride value 32; tile index = jjj
expected=9634289127830851273139864606822502187925504.000000
actual=405404783999.161072
diff=-2147483648.000000
diff=1
expected=405404783999.161072
actual=405404783999.161072
diff=0.000000
diff=1
WARNING: orio.module.loop.submodule.tile.transformation: tile size 4 must be greater than the stride value 4; tile index = jjj
expected=493046276062.536804
actual=405404783999.161072
diff=-2147483648.000000
diff=1
expected=270841045397725620778880337105333681913856.000000
actual=405404783999.161072
diff=-2147483648.000000
diff=1
expected=405404783999.161072
actual=405404783999.161072
diff=0.000000
diff=1
expected=405404783999.161072
actual=405404783999.161072
diff=0.000000
diff=1
WARNING: orio.module.loop.submodule.tile.transformation: tile size 256 must be greater than the stride value 256; tile index = kkk
