
expected=1.001571
actual=1.000000
diff=0.000000
diff=1
expected=1.003127
actual=1.000000
diff=0.000000
diff=1
WARNING: orio.module.loop.submodule.tile.transformation: tile size 128 must be greater than the stride value 128; tile index = iii
expected=1.000000
actual=1.000000
diff=0.000000
diff=1
WARNING: orio.module.loop.submodule.tile.transformation: tile size 64 must be greater than the stride value 64; tile index = iii
expected=1.000178
actual=1.000000
diff=0.000000
diff=1
expected=1.002636
actual=1.000000
diff=0.000000
diff=1
expected=1.000000
actual=1.000000
diff=0.000000
diff=1
WARNING: orio.module.loop.submodule.tile.transformation: tile size 4 must be greater than the stride value 4; tile index = jjj
expected=1.002556
actual=1.000000
diff=0.000000
diff=1
expected=1.000000
actual=1.000000
diff=0.000000
diff=1
expected=1.001200
actual=1.000000
diff=0.000000
diff=1
expected=1.008753
actual=1.000000
diff=0.000000
diff=1
expected=1.007731
actual=1.000000
diff=0.000000
diff=1
expected=1.003138
actual=1.000000
diff=0.000000
diff=1
expected=1.007868
actual=1.000000
diff=0.000000
diff=1
expected=1.000000
actual=1.000000
diff=0.000000
diff=1
expected=1.000000
actual=1.000000
diff=0.000000
diff=1
expected=1.000000
actual=1.000000
diff=0.000000
diff=1
expected=1.000000
actual=1.000000
diff=0.000000
diff=1
expected=1.000000
actual=1.000000
diff=0.000000
diff=1
expected=1.011960
actual=1.000000
diff=0.000000
diff=1
expected=1.000000
actual=1.000000
diff=0.000000
diff=1
expected=1.000000
actual=1.000000
diff=0.000000
diff=1
expected=1.000000
actual=1.000000
diff=0.000000
diff=1
expected=1.000000
actual=1.000000
diff=0.000000
diff=1
expected=1.008787
actual=1.000000
diff=0.000000
diff=1
WARNING: orio.module.loop.submodule.tile.transformation: tile size 2048 must be greater than the stride value 2048; tile index = jjj
expected=1.008156
actual=1.000000
diff=0.000000
diff=1
WARNING: orio.module.loop.submodule.tile.transformation: tile size 256 must be greater than the stride value 256; tile index = jjj
expected=1.001333
actual=1.000000
diff=0.000000
diff=1
expected=1.000754
actual=1.000000
diff=0.000000
diff=1
expected=1.001048
actual=1.000000
diff=0.000000
diff=1
expected=1.000000
actual=1.000000
diff=0.000000
diff=1
expected=1.000000
actual=1.000000
diff=0.000000
diff=1
expected=1.000000
actual=1.000000
diff=0.000000
diff=1
expected=1.002416
actual=1.000000
diff=0.000000
diff=1
expected=1.000000
actual=1.000000
diff=0.000000
diff=1
expected=1.002491
actual=1.000000
diff=0.000000
diff=1
expected=1.014700
actual=1.000000
diff=0.000000
diff=1
expected=1.000000
actual=1.000000
diff=0.000000
diff=1
expected=1.000000
actual=1.000000
diff=0.000000
diff=1
WARNING: orio.module.loop.submodule.tile.transformation: tile size 2048 must be greater than the stride value 2048; tile index = iii
expected=1.005070
actual=1.000000
diff=0.000000
diff=1
expected=1.000000
actual=1.000000
diff=0.000000
diff=1
WARNING: orio.module.loop.submodule.tile.transformation: tile size 8 must be greater than the stride value 8; tile index = iii
expected=1.000000
actual=1.000000
diff=0.000000
diff=1
expected=1.001558
actual=1.000000
diff=0.000000
diff=1
expected=1.002487
actual=1.000000
diff=0.000000
diff=1
expected=1.000000
actual=1.000000
diff=0.000000
diff=1
WARNING: orio.module.loop.submodule.tile.transformation: tile size 2048 must be greater than the stride value 2048; tile index = iii
expected=1.000000
actual=1.000000
diff=0.000000
diff=1
expected=1.008852
actual=1.000000
diff=0.000000
diff=1
expected=1.006362
actual=1.000000
diff=0.000000
diff=1
expected=1.005187
actual=1.000000
diff=0.000000
diff=1
expected=1.004114
actual=1.000000
diff=0.000000
diff=1
expected=1.000000
actual=1.000000
diff=0.000000
diff=1
expected=1.000000
actual=1.000000
diff=0.000000
diff=1
expected=1.001754
actual=1.000000
diff=0.000000
diff=1
expected=1.004117
actual=1.000000
diff=0.000000
diff=1
expected=1.000000
actual=1.000000
diff=0.000000
diff=1
expected=1.004361
actual=1.000000
diff=0.000000
diff=1
expected=1.001333
actual=1.000000
diff=0.000000
diff=1
expected=1.000000
actual=1.000000
diff=0.000000
diff=1
expected=1.000000
actual=1.000000
diff=0.000000
diff=1
expected=1.000000
actual=1.000000
diff=0.000000
diff=1
expected=0.999700
actual=1.000000
diff=0.000000
diff=1
expected=1.017247
actual=1.000000
diff=0.000000
diff=1
expected=1.000000
actual=1.000000
diff=0.000000
diff=1
expected=1.002559
actual=1.000000
diff=0.000000
diff=1
expected=1.011068
actual=1.000000
diff=0.000000
diff=1
expected=1.000000
actual=1.000000
diff=0.000000
diff=1
expected=1.005490
actual=1.000000
diff=0.000000
diff=1
expected=1.000000
actual=1.000000
diff=0.000000
diff=1
WARNING: orio.module.loop.submodule.tile.transformation: tile size 32 must be greater than the stride value 32; tile index = iii
expected=1.000000
actual=1.000000
diff=0.000000
diff=1
expected=1.000000
actual=1.000000
diff=0.000000
diff=1
WARNING: orio.module.loop.submodule.tile.transformation: tile size 128 must be greater than the stride value 128; tile index = jjj
expected=1.002154
actual=1.000000
diff=0.000000
diff=1
expected=1.020181
actual=1.000000
diff=0.000000
diff=1
expected=1.002931
actual=1.000000
diff=0.000000
diff=1
expected=1.000000
actual=1.000000
diff=0.000000
diff=1
expected=1.000658
actual=1.000000
diff=0.000000
diff=1
WARNING: orio.module.loop.submodule.tile.transformation: tile size 64 must be greater than the stride value 64; tile index = iii
WARNING: orio.module.loop.submodule.tile.transformation: tile size 256 must be greater than the stride value 256; tile index = jjj
expected=1.002583
actual=1.000000
diff=0.000000
diff=1
expected=1.012767
actual=1.000000
diff=0.000000
diff=1
expected=1.029015
actual=1.000000
diff=0.000000
diff=1
WARNING: orio.module.loop.submodule.tile.transformation: tile size 32 must be greater than the stride value 32; tile index = jjj
expected=1.001784
actual=1.000000
diff=0.000000
diff=1
expected=1.000000
actual=1.000000
diff=0.000000
diff=1
expected=1.000000
actual=1.000000
diff=0.000000
diff=1
expected=1.000000
actual=1.000000
diff=0.000000
diff=1
expected=1.000000
actual=1.000000
diff=0.000000
diff=1
expected=1.001066
actual=1.000000
diff=0.000000
diff=1
expected=1.003868
actual=1.000000
diff=0.000000
diff=1
WARNING: orio.module.loop.submodule.tile.transformation: tile size 8 must be greater than the stride value 8; tile index = iii
expected=1.000000
actual=1.000000
diff=0.000000
diff=1
expected=1.014183
actual=1.000000
diff=0.000000
diff=1
expected=1.000000
actual=1.000000
diff=0.000000
diff=1
WARNING: orio.module.loop.submodule.tile.transformation: tile size 16 must be greater than the stride value 16; tile index = iii
expected=1.028848
actual=1.000000
diff=0.000000
diff=1
expected=1.000000
actual=1.000000
diff=0.000000
diff=1
expected=1.000000
actual=1.000000
diff=0.000000
diff=1
WARNING: orio.module.loop.submodule.tile.transformation: tile size 16 must be greater than the stride value 16; tile index = jjj
expected=1.000000
actual=1.000000
diff=0.000000
diff=1
WARNING: orio.module.loop.submodule.tile.transformation: tile size 16 must be greater than the stride value 16; tile index = iii
expected=1.000000
actual=1.000000
diff=0.000000
diff=1
WARNING: orio.module.loop.submodule.tile.transformation: tile size 512 must be greater than the stride value 512; tile index = jjj
expected=1.011817
actual=1.000000
diff=0.000000
diff=1
expected=1.003052
actual=1.000000
diff=0.000000
diff=1
WARNING: orio.module.loop.submodule.tile.transformation: tile size 8 must be greater than the stride value 8; tile index = iii
expected=1.003961
actual=1.000000
diff=0.000000
diff=1
expected=1.010004
actual=1.000000
diff=0.000000
diff=1
expected=1.001389
actual=1.000000
diff=0.000000
diff=1
expected=1.000000
actual=1.000000
diff=0.000000
diff=1
expected=1.000000
actual=1.000000
diff=0.000000
diff=1
WARNING: orio.module.loop.submodule.tile.transformation: tile size 32 must be greater than the stride value 32; tile index = iii
expected=1.010025
actual=1.000000
diff=0.000000
diff=1
WARNING: orio.module.loop.submodule.tile.transformation: tile size 32 must be greater than the stride value 32; tile index = jjj
expected=1.006128
actual=1.000000
diff=0.000000
diff=1
WARNING: orio.module.loop.submodule.tile.transformation: tile size 256 must be greater than the stride value 256; tile index = iii
WARNING: orio.module.loop.submodule.tile.transformation: tile size 4 must be greater than the stride value 4; tile index = jjj
expected=1.000000
actual=1.000000
diff=0.000000
diff=1
expected=1.001762
actual=1.000000
diff=0.000000
diff=1
expected=1.000000
actual=1.000000
diff=0.000000
diff=1
expected=1.001803
actual=1.000000
diff=0.000000
diff=1
expected=1.019716
actual=1.000000
diff=0.000000
diff=1
expected=1.000000
actual=1.000000
diff=0.000000
diff=1
expected=1.000000
actual=1.000000
diff=0.000000
diff=1
expected=1.000000
actual=1.000000
diff=0.000000
diff=1
WARNING: orio.module.loop.submodule.tile.transformation: tile size 16 must be greater than the stride value 16; tile index = iii
expected=1.000000
actual=1.000000
diff=0.000000
diff=1
expected=1.006917
actual=1.000000
diff=0.000000
diff=1
expected=1.008547
actual=1.000000
diff=0.000000
diff=1
expected=1.000000
actual=1.000000
diff=0.000000
diff=1
WARNING: orio.module.loop.submodule.tile.transformation: tile size 32 must be greater than the stride value 32; tile index = jjj
expected=1.003288
actual=1.000000
diff=0.000000
diff=1
expected=1.000686
actual=1.000000
diff=0.000000
diff=1
expected=1.000000
actual=1.000000
diff=0.000000
diff=1
expected=1.000000
actual=1.000000
diff=0.000000
diff=1
expected=1.000000
actual=1.000000
diff=0.000000
diff=1
WARNING: orio.module.loop.submodule.tile.transformation: tile size 2 must be greater than the stride value 2; tile index = iii
expected=1.003614
actual=1.000000
diff=0.000000
diff=1
expected=1.005254
actual=1.000000
diff=0.000000
diff=1
WARNING: orio.module.loop.submodule.tile.transformation: tile size 64 must be greater than the stride value 64; tile index = iii
expected=1.019168
actual=1.000000
diff=0.000000
diff=1
expected=1.014206
actual=1.000000
diff=0.000000
diff=1
WARNING: orio.module.loop.submodule.tile.transformation: tile size 4 must be greater than the stride value 4; tile index = iii
expected=1.000000
actual=1.000000
diff=0.000000
diff=1
expected=1.000000
actual=1.000000
diff=0.000000
diff=1
WARNING: orio.module.loop.submodule.tile.transformation: tile size 8 must be greater than the stride value 8; tile index = jjj
expected=1.012548
actual=1.000000
diff=0.000000
diff=1
WARNING: orio.module.loop.submodule.tile.transformation: tile size 8 must be greater than the stride value 8; tile index = iii
expected=1.008310
actual=1.000000
diff=0.000000
diff=1
WARNING: orio.module.loop.submodule.tile.transformation: tile size 128 must be greater than the stride value 128; tile index = jjj
expected=1.000000
actual=1.000000
diff=0.000000
diff=1
expected=1.000733
actual=1.000000
diff=0.000000
diff=1
expected=1.000000
actual=1.000000
diff=0.000000
diff=1
expected=1.000000
actual=1.000000
diff=0.000000
diff=1
expected=1.002979
actual=1.000000
diff=0.000000
diff=1
WARNING: orio.module.loop.submodule.tile.transformation: tile size 64 must be greater than the stride value 64; tile index = iii
expected=1.006358
actual=1.000000
diff=0.000000
diff=1
WARNING: orio.module.loop.submodule.tile.transformation: tile size 8 must be greater than the stride value 8; tile index = iii
expected=1.000000
actual=1.000000
diff=0.000000
diff=1
expected=1.001056
actual=1.000000
diff=0.000000
diff=1
expected=1.000000
actual=1.000000
diff=0.000000
diff=1
expected=1.000410
actual=1.000000
diff=0.000000
diff=1
expected=1.017502
actual=1.000000
diff=0.000000
diff=1
expected=1.007382
actual=1.000000
diff=0.000000
diff=1
expected=1.003761
actual=1.000000
diff=0.000000
diff=1
expected=1.000000
actual=1.000000
diff=0.000000
diff=1
expected=1.000133
actual=1.000000
diff=0.000000
diff=1
expected=1.000000
actual=1.000000
diff=0.000000
diff=1
expected=1.000000
actual=1.000000
diff=0.000000
diff=1
WARNING: orio.module.loop.submodule.tile.transformation: tile size 1024 must be greater than the stride value 1024; tile index = jjj
expected=1.001658
actual=1.000000
diff=0.000000
diff=1
expected=1.000000
actual=1.000000
diff=0.000000
diff=1
expected=1.004042
actual=1.000000
diff=0.000000
diff=1
expected=1.001189
actual=1.000000
diff=0.000000
diff=1
expected=1.002103
actual=1.000000
diff=0.000000
diff=1
expected=1.001520
actual=1.000000
diff=0.000000
diff=1
expected=1.000000
actual=1.000000
diff=0.000000
diff=1
expected=1.000000
actual=1.000000
diff=0.000000
diff=1
expected=1.004253
actual=1.000000
diff=0.000000
diff=1
expected=1.002173
actual=1.000000
diff=0.000000
diff=1
expected=1.002545
actual=1.000000
diff=0.000000
diff=1
expected=1.000000
actual=1.000000
diff=0.000000
diff=1
expected=1.000000
actual=1.000000
diff=0.000000
diff=1
expected=1.013885
actual=1.000000
diff=0.000000
diff=1
expected=1.009387
actual=1.000000
diff=0.000000
diff=1
expected=1.007972
actual=1.000000
diff=0.000000
diff=1
WARNING: orio.module.loop.submodule.tile.transformation: tile size 2 must be greater than the stride value 2; tile index = iii
expected=1.011378
actual=1.000000
diff=0.000000
diff=1
WARNING: orio.module.loop.submodule.tile.transformation: tile size 256 must be greater than the stride value 256; tile index = iii
expected=1.010250
actual=1.000000
diff=0.000000
diff=1
WARNING: orio.module.loop.submodule.tile.transformation: tile size 256 must be greater than the stride value 256; tile index = jjj
expected=1.000000
actual=1.000000
diff=0.000000
diff=1
WARNING: orio.module.loop.submodule.tile.transformation: tile size 16 must be greater than the stride value 16; tile index = iii
expected=1.004572
actual=1.000000
diff=0.000000
diff=1
expected=1.003567
actual=1.000000
diff=0.000000
diff=1
expected=1.000000
actual=1.000000
diff=0.000000
diff=1
expected=1.002136
actual=1.000000
diff=0.000000
diff=1
WARNING: orio.module.loop.submodule.tile.transformation: tile size 8 must be greater than the stride value 8; tile index = jjj
expected=1.001070
actual=1.000000
diff=0.000000
diff=1
WARNING: orio.module.loop.submodule.tile.transformation: tile size 256 must be greater than the stride value 256; tile index = iii
expected=1.000000
actual=1.000000
diff=0.000000
diff=1
expected=1.010673
actual=1.000000
diff=0.000000
diff=1
expected=1.000000
actual=1.000000
diff=0.000000
diff=1
expected=1.000000
actual=1.000000
diff=0.000000
diff=1
expected=1.000000
actual=1.000000
diff=0.000000
diff=1
expected=1.057023
actual=1.000000
diff=0.000000
diff=1
WARNING: orio.module.loop.submodule.tile.transformation: tile size 2 must be greater than the stride value 2; tile index = jjj
expected=1.001902
actual=1.000000
diff=0.000000
diff=1
expected=1.000000
actual=1.000000
diff=0.000000
diff=1
expected=1.000000
actual=1.000000
diff=0.000000
diff=1
expected=1.021930
actual=1.000000
diff=0.000000
diff=1
expected=1.000000
actual=1.000000
diff=0.000000
diff=1
expected=1.003534
actual=1.000000
diff=0.000000
diff=1
expected=1.001517
actual=1.000000
diff=0.000000
diff=1
expected=1.002316
actual=1.000000
diff=0.000000
diff=1
expected=1.000830
actual=1.000000
diff=0.000000
diff=1
expected=1.002968
actual=1.000000
diff=0.000000
diff=1
WARNING: orio.module.loop.submodule.tile.transformation: tile size 16 must be greater than the stride value 16; tile index = jjj
expected=1.012701
actual=1.000000
diff=0.000000
diff=1
expected=1.002985
actual=1.000000
diff=0.000000
diff=1
WARNING: orio.module.loop.submodule.tile.transformation: tile size 2048 must be greater than the stride value 2048; tile index = iii
WARNING: orio.module.loop.submodule.tile.transformation: tile size 32 must be greater than the stride value 32; tile index = jjj
expected=1.000000
actual=1.000000
diff=0.000000
diff=1
expected=1.000000
actual=1.000000
diff=0.000000
diff=1
expected=1.001032
actual=1.000000
diff=0.000000
diff=1
expected=1.000000
actual=1.000000
diff=0.000000
diff=1
expected=1.000000
actual=1.000000
diff=0.000000
diff=1
expected=1.001902
actual=1.000000
diff=0.000000
diff=1
expected=1.000000
actual=1.000000
diff=0.000000
diff=1
expected=1.006811
actual=1.000000
diff=0.000000
diff=1
expected=1.003076
actual=1.000000
diff=0.000000
diff=1
expected=1.000000
actual=1.000000
diff=0.000000
diff=1
expected=1.000111
actual=1.000000
diff=0.000000
diff=1
expected=1.001475
actual=1.000000
diff=0.000000
diff=1
expected=1.000447
actual=1.000000
diff=0.000000
diff=1
expected=1.001899
actual=1.000000
diff=0.000000
diff=1
expected=1.006730
actual=1.000000
diff=0.000000
diff=1
WARNING: orio.module.loop.submodule.tile.transformation: tile size 4 must be greater than the stride value 4; tile index = jjj
expected=1.006547
actual=1.000000
diff=0.000000
diff=1
expected=1.010803
actual=1.000000
diff=0.000000
diff=1
expected=1.000000
actual=1.000000
diff=0.000000
diff=1
expected=1.002681
actual=1.000000
diff=0.000000
diff=1
expected=1.005454
actual=1.000000
diff=0.000000
diff=1
expected=1.015678
actual=1.000000
diff=0.000000
diff=1
WARNING: orio.module.loop.submodule.tile.transformation: tile size 8 must be greater than the stride value 8; tile index = jjj
expected=1.004505
actual=1.000000
diff=0.000000
diff=1
expected=1.006362
actual=1.000000
diff=0.000000
diff=1
WARNING: orio.module.loop.submodule.tile.transformation: tile size 16 must be greater than the stride value 16; tile index = jjj
expected=1.002401
actual=1.000000
diff=0.000000
diff=1
expected=1.002288
actual=1.000000
diff=0.000000
diff=1
expected=1.000000
actual=1.000000
diff=0.000000
diff=1
expected=1.001580
actual=1.000000
diff=0.000000
diff=1
expected=1.000000
actual=1.000000
diff=0.000000
diff=1
expected=0.999967
actual=1.000000
diff=0.000000
diff=1
expected=1.000000
actual=1.000000
diff=0.000000
diff=1
WARNING: orio.module.loop.submodule.tile.transformation: tile size 4 must be greater than the stride value 4; tile index = jjj
expected=1.004850
actual=1.000000
diff=0.000000
diff=1
expected=1.000000
actual=1.000000
diff=0.000000
diff=1
expected=1.000000
actual=1.000000
diff=0.000000
diff=1
expected=1.006188
actual=1.000000
diff=0.000000
diff=1
expected=1.001701
actual=1.000000
diff=0.000000
diff=1
expected=1.000000
actual=1.000000
diff=0.000000
diff=1
expected=1.005303
actual=1.000000
diff=0.000000
diff=1
expected=1.001579
actual=1.000000
diff=0.000000
diff=1
WARNING: orio.module.loop.submodule.tile.transformation: tile size 8 must be greater than the stride value 8; tile index = iii
expected=1.002806
actual=1.000000
diff=0.000000
diff=1
expected=1.001566
actual=1.000000
diff=0.000000
diff=1
expected=1.000000
actual=1.000000
diff=0.000000
diff=1
expected=1.000000
actual=1.000000
diff=0.000000
diff=1
WARNING: orio.module.loop.submodule.tile.transformation: tile size 2 must be greater than the stride value 2; tile index = jjj
expected=1.000000
actual=1.000000
diff=0.000000
diff=1
expected=1.000000
actual=1.000000
diff=0.000000
diff=1
expected=1.000000
actual=1.000000
diff=0.000000
diff=1
WARNING: orio.module.loop.submodule.tile.transformation: tile size 128 must be greater than the stride value 128; tile index = jjj
expected=1.000000
actual=1.000000
diff=0.000000
diff=1
WARNING: orio.module.loop.submodule.tile.transformation: tile size 128 must be greater than the stride value 128; tile index = iii
expected=1.007366
actual=1.000000
diff=0.000000
diff=1
expected=1.011133
actual=1.000000
diff=0.000000
diff=1
expected=1.003225
actual=1.000000
diff=0.000000
diff=1
expected=1.003560
actual=1.000000
diff=0.000000
diff=1
expected=1.003905
actual=1.000000
diff=0.000000
diff=1
expected=1.003878
actual=1.000000
diff=0.000000
diff=1
expected=1.000000
actual=1.000000
diff=0.000000
diff=1
expected=1.001690
actual=1.000000
diff=0.000000
diff=1
WARNING: orio.module.loop.submodule.tile.transformation: tile size 512 must be greater than the stride value 512; tile index = iii
expected=1.003298
actual=1.000000
diff=0.000000
diff=1
expected=1.003626
actual=1.000000
diff=0.000000
diff=1
expected=1.000000
actual=1.000000
diff=0.000000
diff=1
expected=1.000000
actual=1.000000
diff=0.000000
diff=1
WARNING: orio.module.loop.submodule.tile.transformation: tile size 2 must be greater than the stride value 2; tile index = jjj
expected=1.009994
actual=1.000000
diff=0.000000
diff=1
WARNING: orio.module.loop.submodule.tile.transformation: tile size 2048 must be greater than the stride value 2048; tile index = iii
expected=1.016994
actual=1.000000
diff=0.000000
diff=1
expected=1.000000
actual=1.000000
diff=0.000000
diff=1
WARNING: orio.module.loop.submodule.tile.transformation: tile size 256 must be greater than the stride value 256; tile index = jjj
expected=1.000000
actual=1.000000
diff=0.000000
diff=1
expected=1.000000
actual=1.000000
diff=0.000000
diff=1
expected=1.000000
actual=1.000000
diff=0.000000
diff=1
expected=1.003081
actual=1.000000
diff=0.000000
diff=1
WARNING: orio.module.loop.submodule.tile.transformation: tile size 8 must be greater than the stride value 8; tile index = iii
expected=1.004356
actual=1.000000
diff=0.000000
diff=1
expected=1.000000
actual=1.000000
diff=0.000000
diff=1
expected=1.002421
actual=1.000000
diff=0.000000
diff=1
expected=1.005059
actual=1.000000
diff=0.000000
diff=1
WARNING: orio.module.loop.submodule.tile.transformation: tile size 128 must be greater than the stride value 128; tile index = jjj
expected=1.000000
actual=1.000000
diff=0.000000
diff=1
expected=1.000000
actual=1.000000
diff=0.000000
diff=1
expected=1.011287
actual=1.000000
diff=0.000000
diff=1
expected=1.000993
actual=1.000000
diff=0.000000
diff=1
expected=1.001711
actual=1.000000
diff=0.000000
diff=1
expected=1.003324
actual=1.000000
diff=0.000000
diff=1
expected=1.000000
actual=1.000000
diff=0.000000
diff=1
expected=0.999978
actual=1.000000
diff=0.000000
diff=1
expected=1.000000
actual=1.000000
diff=0.000000
diff=1
expected=1.000000
actual=1.000000
diff=0.000000
diff=1
expected=1.000000
actual=1.000000
diff=0.000000
diff=1
expected=1.007366
actual=1.000000
diff=0.000000
diff=1
expected=1.002927
actual=1.000000
diff=0.000000
diff=1
expected=1.013841
actual=1.000000
diff=0.000000
diff=1
expected=1.011543
actual=1.000000
diff=0.000000
diff=1
expected=1.001691
actual=1.000000
diff=0.000000
diff=1
expected=1.000000
actual=1.000000
diff=0.000000
diff=1
expected=1.020249
actual=1.000000
diff=0.000000
diff=1
expected=1.008151
actual=1.000000
diff=0.000000
diff=1
expected=1.010999
actual=1.000000
diff=0.000000
diff=1
expected=1.001996
actual=1.000000
diff=0.000000
diff=1
WARNING: orio.module.loop.submodule.tile.transformation: tile size 2048 must be greater than the stride value 2048; tile index = iii
expected=1.004019
actual=1.000000
diff=0.000000
diff=1
expected=1.001296
actual=1.000000
diff=0.000000
diff=1
expected=1.000111
actual=1.000000
diff=0.000000
diff=1
expected=1.006177
actual=1.000000
diff=0.000000
diff=1
expected=1.005793
actual=1.000000
diff=0.000000
diff=1
expected=1.003185
actual=1.000000
diff=0.000000
diff=1
expected=1.000000
actual=1.000000
diff=0.000000
diff=1
WARNING: orio.module.loop.submodule.tile.transformation: tile size 1024 must be greater than the stride value 1024; tile index = iii
expected=1.000000
actual=1.000000
diff=0.000000
diff=1
expected=1.001712
actual=1.000000
diff=0.000000
diff=1
expected=1.004578
actual=1.000000
diff=0.000000
diff=1
WARNING: orio.module.loop.submodule.tile.transformation: tile size 128 must be greater than the stride value 128; tile index = iii
expected=1.001627
actual=1.000000
diff=0.000000
diff=1
expected=1.004740
actual=1.000000
diff=0.000000
diff=1
expected=1.006060
actual=1.000000
diff=0.000000
diff=1
expected=1.004051
actual=1.000000
diff=0.000000
diff=1
expected=1.000000
actual=1.000000
diff=0.000000
diff=1
expected=1.008680
actual=1.000000
diff=0.000000
diff=1
expected=1.003303
actual=1.000000
diff=0.000000
diff=1
expected=1.001989
actual=1.000000
diff=0.000000
diff=1
expected=1.000000
actual=1.000000
diff=0.000000
diff=1
expected=1.000820
actual=1.000000
diff=0.000000
diff=1
expected=1.000000
actual=1.000000
diff=0.000000
diff=1
expected=1.001653
actual=1.000000
diff=0.000000
diff=1
expected=1.000779
actual=1.000000
diff=0.000000
diff=1
WARNING: orio.module.loop.submodule.tile.transformation: tile size 128 must be greater than the stride value 128; tile index = iii
expected=1.000000
actual=1.000000
diff=0.000000
diff=1
expected=1.000000
actual=1.000000
diff=0.000000
diff=1
WARNING: orio.module.loop.submodule.tile.transformation: tile size 32 must be greater than the stride value 32; tile index = jjj
expected=1.000000
actual=1.000000
diff=0.000000
diff=1
expected=1.000000
actual=1.000000
diff=0.000000
diff=1
