
WARNING: orio.module.loop.submodule.tile.transformation: tile size 4 must be greater than the stride value 4; tile index = iii
expected=1.000000
actual=1.000000
diff=0.000000
diff=1
expected=1.000000
actual=1.000000
diff=0.000000
diff=1
expected=1.001621
actual=1.000000
diff=0.000000
diff=1
expected=1.000000
actual=1.000000
diff=0.000000
diff=1
expected=1.007487
actual=1.000000
diff=0.000000
diff=1
expected=1.004648
actual=1.000000
diff=0.000000
diff=1
WARNING: orio.module.loop.submodule.tile.transformation: tile size 64 must be greater than the stride value 64; tile index = jjj
expected=1.000000
actual=1.000000
diff=0.000000
diff=1
expected=1.172759
actual=1.000000
diff=0.000000
diff=1
WARNING: orio.module.loop.submodule.tile.transformation: tile size 4 must be greater than the stride value 4; tile index = jjj
expected=1.003978
actual=1.000000
diff=0.000000
diff=1
expected=1.012090
actual=1.000000
diff=0.000000
diff=1
expected=1.000000
actual=1.000000
diff=0.000000
diff=1
WARNING: orio.module.loop.submodule.tile.transformation: tile size 2048 must be greater than the stride value 2048; tile index = iii
expected=1.002837
actual=1.000000
diff=0.000000
diff=1
WARNING: orio.module.loop.submodule.tile.transformation: tile size 2048 must be greater than the stride value 2048; tile index = jjj
expected=1.011750
actual=1.000000
diff=0.000000
diff=1
expected=1.001027
actual=1.000000
diff=0.000000
diff=1
expected=1.002504
actual=1.000000
diff=0.000000
diff=1
expected=1.000000
actual=1.000000
diff=0.000000
diff=1
expected=1.000000
actual=1.000000
diff=0.000000
diff=1
expected=0.999978
actual=1.000000
diff=0.000000
diff=1
WARNING: orio.module.loop.submodule.tile.transformation: tile size 2048 must be greater than the stride value 2048; tile index = iii
expected=1.000013
actual=1.000000
diff=0.000000
diff=1
expected=1.019788
actual=1.000000
diff=0.000000
diff=1
expected=1.000000
actual=1.000000
diff=0.000000
diff=1
expected=1.000000
actual=1.000000
diff=0.000000
diff=1
expected=1.000000
actual=1.000000
diff=0.000000
diff=1
expected=1.008608
actual=1.000000
diff=0.000000
diff=1
WARNING: orio.module.loop.submodule.tile.transformation: tile size 128 must be greater than the stride value 128; tile index = iii
expected=1.004199
actual=1.000000
diff=0.000000
diff=1
WARNING: orio.module.loop.submodule.tile.transformation: tile size 512 must be greater than the stride value 512; tile index = iii
WARNING: orio.module.loop.submodule.tile.transformation: tile size 2048 must be greater than the stride value 2048; tile index = jjj
expected=1.007067
actual=1.000000
diff=0.000000
diff=1
WARNING: orio.module.loop.submodule.tile.transformation: tile size 256 must be greater than the stride value 256; tile index = jjj
expected=1.004954
actual=1.000000
diff=0.000000
diff=1
expected=1.024360
actual=1.000000
diff=0.000000
diff=1
expected=1.000000
actual=1.000000
diff=0.000000
diff=1
WARNING: orio.module.loop.submodule.tile.transformation: tile size 2 must be greater than the stride value 2; tile index = iii
expected=1.000000
actual=1.000000
diff=0.000000
diff=1
expected=1.000000
actual=1.000000
diff=0.000000
diff=1
expected=1.003421
actual=1.000000
diff=0.000000
diff=1
expected=1.000642
actual=1.000000
diff=0.000000
diff=1
expected=1.003041
actual=1.000000
diff=0.000000
diff=1
WARNING: orio.module.loop.submodule.tile.transformation: tile size 2048 must be greater than the stride value 2048; tile index = jjj
expected=1.002731
actual=1.000000
diff=0.000000
diff=1
expected=1.004683
actual=1.000000
diff=0.000000
diff=1
expected=1.003113
actual=1.000000
diff=0.000000
diff=1
expected=1.001193
actual=1.000000
diff=0.000000
diff=1
expected=1.003400
actual=1.000000
diff=0.000000
diff=1
expected=1.002595
actual=1.000000
diff=0.000000
diff=1
expected=1.008169
actual=1.000000
diff=0.000000
diff=1
expected=1.002880
actual=1.000000
diff=0.000000
diff=1
WARNING: orio.module.loop.submodule.tile.transformation: tile size 2048 must be greater than the stride value 2048; tile index = jjj
expected=1.003633
actual=1.000000
diff=0.000000
diff=1
expected=1.003232
actual=1.000000
diff=0.000000
diff=1
WARNING: orio.module.loop.submodule.tile.transformation: tile size 2048 must be greater than the stride value 2048; tile index = jjj
expected=1.003171
actual=1.000000
diff=0.000000
diff=1
expected=1.000322
actual=1.000000
diff=0.000000
diff=1
expected=1.006701
actual=1.000000
diff=0.000000
diff=1
expected=1.005787
actual=1.000000
diff=0.000000
diff=1
expected=1.001315
actual=1.000000
diff=0.000000
diff=1
expected=1.004724
actual=1.000000
diff=0.000000
diff=1
expected=1.002563
actual=1.000000
diff=0.000000
diff=1
expected=1.006689
actual=1.000000
diff=0.000000
diff=1
expected=1.003672
actual=1.000000
diff=0.000000
diff=1
expected=1.004507
actual=1.000000
diff=0.000000
diff=1
expected=1.002666
actual=1.000000
diff=0.000000
diff=1
WARNING: orio.module.loop.submodule.tile.transformation: tile size 2048 must be greater than the stride value 2048; tile index = jjj
expected=1.005660
actual=1.000000
diff=0.000000
diff=1
expected=1.003927
actual=1.000000
diff=0.000000
diff=1
expected=1.008071
actual=1.000000
diff=0.000000
diff=1
WARNING: orio.module.loop.submodule.tile.transformation: tile size 2048 must be greater than the stride value 2048; tile index = jjj
expected=1.004405
actual=1.000000
diff=0.000000
diff=1
expected=1.005876
actual=1.000000
diff=0.000000
diff=1
expected=1.003914
actual=1.000000
diff=0.000000
diff=1
WARNING: orio.module.loop.submodule.tile.transformation: tile size 2048 must be greater than the stride value 2048; tile index = jjj
expected=1.005943
actual=1.000000
diff=0.000000
diff=1
WARNING: orio.module.loop.submodule.tile.transformation: tile size 2048 must be greater than the stride value 2048; tile index = jjj
expected=1.004645
actual=1.000000
diff=0.000000
diff=1
