
expected=405404783999.161072
actual=405404783999.161072
diff=0.000000
diff=1
WARNING: orio.module.loop.submodule.tile.transformation: tile size 8 must be greater than the stride value 8; tile index = iii
expected=480410686125.056213
actual=405404783999.161072
diff=-2147483648.000000
diff=1
WARNING: orio.module.loop.submodule.tile.transformation: tile size 512 must be greater than the stride value 512; tile index = jjj
expected=834179193421144320.000000
actual=405404783999.161072
diff=-2147483648.000000
diff=1
expected=405404783999.161072
actual=405404783999.161072
diff=0.000000
diff=1
expected=5155357833511894348175092612593469758636032.000000
actual=405404783999.161072
diff=-2147483648.000000
diff=1
WARNING: orio.module.loop.submodule.tile.transformation: tile size 2 must be greater than the stride value 2; tile index = iii
expected=20283939830360499211488019090553442402304.000000
actual=405404783999.161072
diff=-2147483648.000000
diff=1
WARNING: orio.module.loop.submodule.tile.transformation: tile size 32 must be greater than the stride value 32; tile index = iii
expected=37117290901233811572175692554386060865437696.000000
actual=405404783999.161072
diff=-2147483648.000000
diff=1
expected=8700349655382037236273872013932380484630740992.000000
actual=405404783999.161072
diff=-2147483648.000000
diff=1
expected=8258750969000967123303902664512765952.000000
actual=405404783999.161072
diff=-2147483648.000000
diff=1
expected=405404783999.161072
actual=405404783999.161072
diff=0.000000
diff=1
expected=1934875740627124224.000000
actual=405404783999.161072
diff=-2147483648.000000
diff=1
expected=950990510343329593040044032.000000
actual=405404783999.161072
diff=-2147483648.000000
diff=1
WARNING: orio.module.loop.submodule.tile.transformation: tile size 512 must be greater than the stride value 512; tile index = iii
expected=10390454294467852857113145296859910656491520.000000
actual=405404783999.161072
diff=-2147483648.000000
diff=1
WARNING: orio.module.loop.submodule.tile.transformation: tile size 16 must be greater than the stride value 16; tile index = iii
expected=268830129931214734888831779410159467495424.000000
actual=405404783999.161072
diff=-2147483648.000000
diff=1
WARNING: orio.module.loop.submodule.tile.transformation: tile size 256 must be greater than the stride value 256; tile index = jjj
expected=1132949456902413195504675563022547469920632832.000000
actual=405404783999.161072
diff=-2147483648.000000
diff=1
WARNING: orio.module.loop.submodule.tile.transformation: tile size 128 must be greater than the stride value 128; tile index = iii
expected=5092818873476999387545600.000000
actual=405404783999.161072
diff=-2147483648.000000
diff=1
WARNING: orio.module.loop.submodule.tile.transformation: tile size 512 must be greater than the stride value 512; tile index = jjj
expected=4834634752344235008.000000
actual=405404783999.161072
diff=-2147483648.000000
diff=1
expected=20084362805516085466491369555295731712.000000
actual=405404783999.161072
diff=-2147483648.000000
diff=1
WARNING: orio.module.loop.submodule.tile.transformation: tile size 16 must be greater than the stride value 16; tile index = iii
expected=405404783999.161072
actual=405404783999.161072
diff=0.000000
diff=1
WARNING: orio.module.loop.submodule.tile.transformation: tile size 64 must be greater than the stride value 64; tile index = iii
expected=405404783999.161072
actual=405404783999.161072
diff=0.000000
diff=1
expected=405404783999.161072
actual=405404783999.161072
diff=0.000000
diff=1
expected=404695561499.898865
actual=405404783999.161072
diff=709222499.000000
diff=0
[00;31mERROR: orio.main.tuner.ptest_driver: failed to execute the test code: "timeout --kill-after=30s --signal=9 20m  ./__orio_perftest22.exe  "
 --> CalledProcessError: Command 'timeout --kill-after=30s --signal=9 20m  ./__orio_perftest22.exe  ' returned non-zero exit status 1[00m
[00;31mERROR: orio.main.tuner.ptest_driver:  performance testing failed: "timeout --kill-after=30s --signal=9 20m  ./__orio_perftest22.exe  "[00m
expected=404796878999.792175
actual=405404783999.161072
diff=607904999.000000
diff=0
[00;31mERROR: orio.main.tuner.ptest_driver: failed to execute the test code: "timeout --kill-after=30s --signal=9 20m  ./__orio_perftest23.exe  "
 --> CalledProcessError: Command 'timeout --kill-after=30s --signal=9 20m  ./__orio_perftest23.exe  ' returned non-zero exit status 1[00m
[00;31mERROR: orio.main.tuner.ptest_driver:  performance testing failed: "timeout --kill-after=30s --signal=9 20m  ./__orio_perftest23.exe  "[00m
WARNING: orio.module.loop.submodule.tile.transformation: tile size 2048 must be greater than the stride value 2048; tile index = iii
WARNING: orio.module.loop.submodule.tile.transformation: tile size 4 must be greater than the stride value 4; tile index = kkk
expected=429708324888.000366
actual=405404783999.161072
diff=-2147483648.000000
diff=1
WARNING: orio.module.loop.submodule.tile.transformation: tile size 8 must be greater than the stride value 8; tile index = iii
WARNING: orio.module.loop.submodule.tile.transformation: tile size 256 must be greater than the stride value 256; tile index = jjj
expected=21093094968533339984709761607139328.000000
actual=405404783999.161072
diff=-2147483648.000000
diff=1
expected=1928463090399983872.000000
actual=405404783999.161072
diff=-2147483648.000000
diff=1
expected=556227128250.036255
actual=405404783999.161072
diff=-2147483648.000000
diff=1
WARNING: orio.module.loop.submodule.tile.transformation: tile size 512 must be greater than the stride value 512; tile index = jjj
expected=606898007999.726562
actual=405404783999.161072
diff=-2147483648.000000
diff=1
expected=5880314667006298561786485452695664590848.000000
actual=405404783999.161072
diff=-2147483648.000000
diff=1
WARNING: orio.module.loop.submodule.tile.transformation: tile size 256 must be greater than the stride value 256; tile index = iii
expected=405404783999.161072
actual=405404783999.161072
diff=0.000000
diff=1
WARNING: orio.module.loop.submodule.tile.transformation: tile size 16 must be greater than the stride value 16; tile index = iii
expected=1918855886475681280.000000
actual=405404783999.161072
diff=-2147483648.000000
diff=1
expected=4203132363804765339045788416873151290408960.000000
actual=405404783999.161072
diff=-2147483648.000000
diff=1
expected=426542207593.519958
actual=405404783999.161072
diff=-2147483648.000000
diff=1
WARNING: orio.module.loop.submodule.tile.transformation: tile size 256 must be greater than the stride value 256; tile index = jjj
expected=404695561499.898865
actual=405404783999.161072
diff=709222499.000000
diff=0
[00;31mERROR: orio.main.tuner.ptest_driver: failed to execute the test code: "timeout --kill-after=30s --signal=9 20m  ./__orio_perftest34.exe  "
 --> CalledProcessError: Command 'timeout --kill-after=30s --signal=9 20m  ./__orio_perftest34.exe  ' returned non-zero exit status 1[00m
[00;31mERROR: orio.main.tuner.ptest_driver:  performance testing failed: "timeout --kill-after=30s --signal=9 20m  ./__orio_perftest34.exe  "[00m
expected=405404783999.161072
actual=405404783999.161072
diff=0.000000
diff=1
expected=5801335993324476066511639737836503040.000000
actual=405404783999.161072
diff=-2147483648.000000
diff=1
expected=405404783999.161072
actual=405404783999.161072
diff=0.000000
diff=1
WARNING: orio.module.loop.submodule.tile.transformation: tile size 2 must be greater than the stride value 2; tile index = iii
expected=316992611788462690474504715563469879021672595456.000000
actual=405404783999.161072
diff=-2147483648.000000
diff=1
WARNING: orio.module.loop.submodule.tile.transformation: tile size 16 must be greater than the stride value 16; tile index = iii
WARNING: orio.module.loop.submodule.tile.transformation: tile size 32 must be greater than the stride value 32; tile index = jjj
WARNING: orio.module.loop.submodule.tile.transformation: tile size 2048 must be greater than the stride value 2048; tile index = kkk
expected=1256970241285023958215777953248989806919155712.000000
actual=405404783999.161072
diff=-2147483648.000000
diff=1
WARNING: orio.module.loop.submodule.tile.transformation: tile size 8 must be greater than the stride value 8; tile index = jjj
WARNING: orio.module.loop.submodule.tile.transformation: tile size 512 must be greater than the stride value 512; tile index = kkk
expected=50014962902055375250377063479431523205120.000000
actual=405404783999.161072
diff=-2147483648.000000
diff=1
expected=15310231532022671890072339480576.000000
actual=405404783999.161072
diff=-2147483648.000000
diff=1
expected=8103304244589771776.000000
actual=405404783999.161072
diff=-2147483648.000000
diff=1
WARNING: orio.module.loop.submodule.tile.transformation: tile size 1024 must be greater than the stride value 1024; tile index = kkk
expected=4678276044641522459607040.000000
actual=405404783999.161072
diff=-2147483648.000000
diff=1
expected=15276548247472563422232576.000000
actual=405404783999.161072
diff=-2147483648.000000
diff=1
expected=3160298948665007616.000000
actual=405404783999.161072
diff=-2147483648.000000
diff=1
expected=405404783999.161072
actual=405404783999.161072
diff=0.000000
diff=1
expected=1566734093670436929001425187180118016.000000
actual=405404783999.161072
diff=-2147483648.000000
diff=1
expected=405404783999.161072
actual=405404783999.161072
diff=0.000000
diff=1
WARNING: orio.module.loop.submodule.tile.transformation: tile size 2 must be greater than the stride value 2; tile index = iii
expected=263678815358076040051339833638912.000000
actual=405404783999.161072
diff=-2147483648.000000
diff=1
expected=405404783999.161072
actual=405404783999.161072
diff=0.000000
diff=1
expected=707832877499.565063
actual=405404783999.161072
diff=-2147483648.000000
diff=1
expected=63688901519201589652299316905733173308282634240.000000
actual=405404783999.161072
diff=-2147483648.000000
diff=1
WARNING: orio.module.loop.submodule.tile.transformation: tile size 128 must be greater than the stride value 128; tile index = iii
expected=405404783999.161072
actual=405404783999.161072
diff=0.000000
diff=1
expected=405404783999.161072
actual=405404783999.161072
diff=0.000000
diff=1
expected=13968048714891171188032109453423631400960.000000
actual=405404783999.161072
diff=-2147483648.000000
diff=1
WARNING: orio.module.loop.submodule.tile.transformation: tile size 4 must be greater than the stride value 4; tile index = iii
WARNING: orio.module.loop.submodule.tile.transformation: tile size 1024 must be greater than the stride value 1024; tile index = kkk
expected=2998048757031348063979812777534220169904128.000000
actual=405404783999.161072
diff=-2147483648.000000
diff=1
WARNING: orio.module.loop.submodule.tile.transformation: tile size 64 must be greater than the stride value 64; tile index = iii
expected=64718433769827854143446843392.000000
actual=405404783999.161072
diff=-2147483648.000000
diff=1
WARNING: orio.module.loop.submodule.tile.transformation: tile size 8 must be greater than the stride value 8; tile index = jjj
expected=606898007999.726562
actual=405404783999.161072
diff=-2147483648.000000
diff=1
WARNING: orio.module.loop.submodule.tile.transformation: tile size 16 must be greater than the stride value 16; tile index = iii
WARNING: orio.module.loop.submodule.tile.transformation: tile size 64 must be greater than the stride value 64; tile index = jjj
WARNING: orio.module.loop.submodule.tile.transformation: tile size 16 must be greater than the stride value 16; tile index = iii
expected=142509610534543004302489227533196185305088.000000
actual=405404783999.161072
diff=-2147483648.000000
diff=1
expected=56826159418082159196141822416154263552.000000
actual=405404783999.161072
diff=-2147483648.000000
diff=1
WARNING: orio.module.loop.submodule.tile.transformation: tile size 1024 must be greater than the stride value 1024; tile index = iii
expected=405404783999.161072
actual=405404783999.161072
diff=0.000000
diff=1
WARNING: orio.module.loop.submodule.tile.transformation: tile size 4 must be greater than the stride value 4; tile index = iii
expected=1577483966232902680759749296946432928907264.000000
actual=405404783999.161072
diff=-2147483648.000000
diff=1
expected=55177988603495222243588985488083265379106816.000000
actual=405404783999.161072
diff=-2147483648.000000
diff=1
WARNING: orio.module.loop.submodule.tile.transformation: tile size 128 must be greater than the stride value 128; tile index = jjj
WARNING: orio.module.loop.submodule.tile.transformation: tile size 512 must be greater than the stride value 512; tile index = iii
expected=72711526453564.765625
actual=405404783999.161072
diff=-2147483648.000000
diff=1
expected=405404783999.161072
actual=405404783999.161072
diff=0.000000
diff=1
expected=10417450226227435133730816.000000
actual=405404783999.161072
diff=-2147483648.000000
diff=1
expected=230340951161222727565138203453399663906914304.000000
actual=405404783999.161072
diff=-2147483648.000000
diff=1
expected=8574095465182841979817152194319304622080.000000
actual=405404783999.161072
diff=-2147483648.000000
diff=1
WARNING: orio.module.loop.submodule.tile.transformation: tile size 2 must be greater than the stride value 2; tile index = iii
WARNING: orio.module.loop.submodule.tile.transformation: tile size 2048 must be greater than the stride value 2048; tile index = iii
expected=53225625620520520637526084806224472178688.000000
actual=405404783999.161072
diff=-2147483648.000000
diff=1
WARNING: orio.module.loop.submodule.tile.transformation: tile size 256 must be greater than the stride value 256; tile index = jjj
expected=5486851580835908455608005004208132587520.000000
actual=405404783999.161072
diff=-2147483648.000000
diff=1
WARNING: orio.module.loop.submodule.tile.transformation: tile size 1024 must be greater than the stride value 1024; tile index = jjj
expected=217337593084713.156250
actual=405404783999.161072
diff=-2147483648.000000
diff=1
WARNING: orio.module.loop.submodule.tile.transformation: tile size 128 must be greater than the stride value 128; tile index = iii
expected=405404783999.161072
actual=405404783999.161072
diff=0.000000
diff=1
expected=3792725778844326763670410291807757359120384.000000
actual=405404783999.161072
diff=-2147483648.000000
diff=1
WARNING: orio.module.loop.submodule.tile.transformation: tile size 8 must be greater than the stride value 8; tile index = iii
expected=1032589817640051778397618262018359236138893312.000000
actual=405404783999.161072
diff=-2147483648.000000
diff=1
WARNING: orio.module.loop.submodule.tile.transformation: tile size 128 must be greater than the stride value 128; tile index = jjj
expected=502409316217.433960
actual=405404783999.161072
diff=-2147483648.000000
diff=1
expected=404999513999.579834
actual=405404783999.161072
diff=405269999.000000
diff=0
[00;31mERROR: orio.main.tuner.ptest_driver: failed to execute the test code: "timeout --kill-after=30s --signal=9 20m  ./__orio_perftest76.exe  "
 --> CalledProcessError: Command 'timeout --kill-after=30s --signal=9 20m  ./__orio_perftest76.exe  ' returned non-zero exit status 1[00m
[00;31mERROR: orio.main.tuner.ptest_driver:  performance testing failed: "timeout --kill-after=30s --signal=9 20m  ./__orio_perftest76.exe  "[00m
WARNING: orio.module.loop.submodule.tile.transformation: tile size 512 must be greater than the stride value 512; tile index = jjj
expected=81510945918974337737331400077344038191104.000000
actual=405404783999.161072
diff=-2147483648.000000
diff=1
WARNING: orio.module.loop.submodule.tile.transformation: tile size 128 must be greater than the stride value 128; tile index = iii
expected=12216162295976556149851281615224832.000000
actual=405404783999.161072
diff=-2147483648.000000
diff=1
expected=15537206519577680927522816.000000
actual=405404783999.161072
diff=-2147483648.000000
diff=1
expected=83558579360709766176904299432688410951680.000000
actual=405404783999.161072
diff=-2147483648.000000
diff=1
WARNING: orio.module.loop.submodule.tile.transformation: tile size 256 must be greater than the stride value 256; tile index = jjj
expected=1825557272703982158751535850676289536.000000
actual=405404783999.161072
diff=-2147483648.000000
diff=1
WARNING: orio.module.loop.submodule.tile.transformation: tile size 512 must be greater than the stride value 512; tile index = kkk
expected=66621620261102.453125
actual=405404783999.161072
diff=-2147483648.000000
diff=1
expected=783420360840.200317
actual=405404783999.161072
diff=-2147483648.000000
diff=1
WARNING: orio.module.loop.submodule.tile.transformation: tile size 64 must be greater than the stride value 64; tile index = iii
expected=54483637687371679902819349728067584.000000
actual=405404783999.161072
diff=-2147483648.000000
diff=1
expected=405404783999.161072
actual=405404783999.161072
diff=0.000000
diff=1
expected=707832877499.565063
actual=405404783999.161072
diff=-2147483648.000000
diff=1
WARNING: orio.module.loop.submodule.tile.transformation: tile size 256 must be greater than the stride value 256; tile index = iii
expected=789320983832259631810655498669994358603776.000000
actual=405404783999.161072
diff=-2147483648.000000
diff=1
expected=1582080186780772019134928268871335740310552576.000000
actual=405404783999.161072
diff=-2147483648.000000
diff=1
expected=984466986870854528.000000
actual=405404783999.161072
diff=-2147483648.000000
diff=1
WARNING: orio.module.loop.submodule.tile.transformation: tile size 2048 must be greater than the stride value 2048; tile index = iii
WARNING: orio.module.loop.submodule.tile.transformation: tile size 128 must be greater than the stride value 128; tile index = kkk
expected=727091891687854558235254751423587625863863074816.000000
actual=405404783999.161072
diff=-2147483648.000000
diff=1
expected=47840231972982992036897972048180772362780672.000000
actual=405404783999.161072
diff=-2147483648.000000
diff=1
WARNING: orio.module.loop.submodule.tile.transformation: tile size 16 must be greater than the stride value 16; tile index = iii
WARNING: orio.module.loop.submodule.tile.transformation: tile size 4 must be greater than the stride value 4; tile index = iii
WARNING: orio.module.loop.submodule.tile.transformation: tile size 16 must be greater than the stride value 16; tile index = jjj
expected=8686622002838287568862934748825016041326994522112.000000
actual=405404783999.161072
diff=-2147483648.000000
diff=1
WARNING: orio.module.loop.submodule.tile.transformation: tile size 16 must be greater than the stride value 16; tile index = iii
WARNING: orio.module.loop.submodule.tile.transformation: tile size 512 must be greater than the stride value 512; tile index = jjj
expected=678225082028749416392474969497829935939584.000000
actual=405404783999.161072
diff=-2147483648.000000
diff=1
expected=4327502281998419197699593877731294576640.000000
actual=405404783999.161072
diff=-2147483648.000000
diff=1
WARNING: orio.module.loop.submodule.tile.transformation: tile size 128 must be greater than the stride value 128; tile index = kkk
expected=13667405471053794344515354597379607478927360.000000
actual=405404783999.161072
diff=-2147483648.000000
diff=1
WARNING: orio.module.loop.submodule.tile.transformation: tile size 64 must be greater than the stride value 64; tile index = iii
WARNING: orio.module.loop.submodule.tile.transformation: tile size 16 must be greater than the stride value 16; tile index = kkk
expected=556227128250.036255
actual=405404783999.161072
diff=-2147483648.000000
diff=1
expected=268090745625082563035723458307048865792.000000
actual=405404783999.161072
diff=-2147483648.000000
diff=1
WARNING: orio.module.loop.submodule.tile.transformation: tile size 512 must be greater than the stride value 512; tile index = kkk
expected=451545608533.717834
actual=405404783999.161072
diff=-2147483648.000000
diff=1
expected=66372149789658.515625
actual=405404783999.161072
diff=-2147483648.000000
diff=1
expected=404650981799.946045
actual=405404783999.161072
diff=753802199.000000
diff=0
[00;31mERROR: orio.main.tuner.ptest_driver: failed to execute the test code: "timeout --kill-after=30s --signal=9 20m  ./__orio_perftest100.exe  "
 --> CalledProcessError: Command 'timeout --kill-after=30s --signal=9 20m  ./__orio_perftest100.exe  ' returned non-zero exit status 1[00m
[00;31mERROR: orio.main.tuner.ptest_driver:  performance testing failed: "timeout --kill-after=30s --signal=9 20m  ./__orio_perftest100.exe  "[00m
WARNING: orio.module.loop.submodule.tile.transformation: tile size 2 must be greater than the stride value 2; tile index = iii
expected=404695561499.898865
actual=405404783999.161072
diff=709222499.000000
diff=0
[00;31mERROR: orio.main.tuner.ptest_driver: failed to execute the test code: "timeout --kill-after=30s --signal=9 20m  ./__orio_perftest101.exe  "
 --> CalledProcessError: Command 'timeout --kill-after=30s --signal=9 20m  ./__orio_perftest101.exe  ' returned non-zero exit status 1[00m
[00;31mERROR: orio.main.tuner.ptest_driver:  performance testing failed: "timeout --kill-after=30s --signal=9 20m  ./__orio_perftest101.exe  "[00m
WARNING: orio.module.loop.submodule.tile.transformation: tile size 4 must be greater than the stride value 4; tile index = iii
expected=158437794978264654226950553841071816704.000000
actual=405404783999.161072
diff=-2147483648.000000
diff=1
expected=138550699032569121282719207129088.000000
actual=405404783999.161072
diff=-2147483648.000000
diff=1
expected=455170185000.035522
actual=405404783999.161072
diff=-2147483648.000000
diff=1
expected=405404783999.161072
actual=405404783999.161072
diff=0.000000
diff=1
expected=62057144232894467539481841046327918592.000000
actual=405404783999.161072
diff=-2147483648.000000
diff=1
expected=404625855383.976746
actual=405404783999.161072
diff=778928615.000000
diff=0
[00;31mERROR: orio.main.tuner.ptest_driver: failed to execute the test code: "timeout --kill-after=30s --signal=9 20m  ./__orio_perftest107.exe  "
 --> CalledProcessError: Command 'timeout --kill-after=30s --signal=9 20m  ./__orio_perftest107.exe  ' returned non-zero exit status 1[00m
[00;31mERROR: orio.main.tuner.ptest_driver:  performance testing failed: "timeout --kill-after=30s --signal=9 20m  ./__orio_perftest107.exe  "[00m
WARNING: orio.module.loop.submodule.tile.transformation: tile size 1024 must be greater than the stride value 1024; tile index = jjj
expected=160894660436635669163269201339881283911680.000000
actual=405404783999.161072
diff=-2147483648.000000
diff=1
WARNING: orio.module.loop.submodule.tile.transformation: tile size 32 must be greater than the stride value 32; tile index = iii
expected=78450756280145341725760177284579328.000000
actual=405404783999.161072
diff=-2147483648.000000
diff=1
expected=9211536902861138583623533066597796151296.000000
actual=405404783999.161072
diff=-2147483648.000000
diff=1
expected=405404783999.161072
actual=405404783999.161072
diff=0.000000
diff=1
WARNING: orio.module.loop.submodule.tile.transformation: tile size 16 must be greater than the stride value 16; tile index = jjj
expected=404695561499.898865
actual=405404783999.161072
diff=709222499.000000
diff=0
[00;31mERROR: orio.main.tuner.ptest_driver: failed to execute the test code: "timeout --kill-after=30s --signal=9 20m  ./__orio_perftest112.exe  "
 --> CalledProcessError: Command 'timeout --kill-after=30s --signal=9 20m  ./__orio_perftest112.exe  ' returned non-zero exit status 1[00m
[00;31mERROR: orio.main.tuner.ptest_driver:  performance testing failed: "timeout --kill-after=30s --signal=9 20m  ./__orio_perftest112.exe  "[00m
expected=114273589400638.343750
actual=405404783999.161072
diff=-2147483648.000000
diff=1
WARNING: orio.module.loop.submodule.tile.transformation: tile size 4 must be greater than the stride value 4; tile index = jjj
expected=453406888327271851939499270352152133894144.000000
actual=405404783999.161072
diff=-2147483648.000000
diff=1
WARNING: orio.module.loop.submodule.tile.transformation: tile size 16 must be greater than the stride value 16; tile index = jjj
expected=405404783999.161072
actual=405404783999.161072
diff=0.000000
diff=1
WARNING: orio.module.loop.submodule.tile.transformation: tile size 2048 must be greater than the stride value 2048; tile index = jjj
expected=417143471805.003174
actual=405404783999.161072
diff=-2147483648.000000
diff=1
expected=404796878999.792175
actual=405404783999.161072
diff=607904999.000000
diff=0
[00;31mERROR: orio.main.tuner.ptest_driver: failed to execute the test code: "timeout --kill-after=30s --signal=9 20m  ./__orio_perftest117.exe  "
 --> CalledProcessError: Command 'timeout --kill-after=30s --signal=9 20m  ./__orio_perftest117.exe  ' returned non-zero exit status 1[00m
[00;31mERROR: orio.main.tuner.ptest_driver:  performance testing failed: "timeout --kill-after=30s --signal=9 20m  ./__orio_perftest117.exe  "[00m
expected=7204853736242407024692022615212032.000000
actual=405404783999.161072
diff=-2147483648.000000
diff=1
expected=423413902917.005981
actual=405404783999.161072
diff=-2147483648.000000
diff=1
expected=405404783999.161072
actual=405404783999.161072
diff=0.000000
diff=1
expected=1530577285523357264780796758685841883136.000000
actual=405404783999.161072
diff=-2147483648.000000
diff=1
WARNING: orio.module.loop.submodule.tile.transformation: tile size 1024 must be greater than the stride value 1024; tile index = jjj
WARNING: orio.module.loop.submodule.tile.transformation: tile size 128 must be greater than the stride value 128; tile index = kkk
expected=405404783999.161072
actual=405404783999.161072
diff=0.000000
diff=1
WARNING: orio.module.loop.submodule.tile.transformation: tile size 2 must be greater than the stride value 2; tile index = jjj
expected=19709619832140515375110825919381504.000000
actual=405404783999.161072
diff=-2147483648.000000
diff=1
WARNING: orio.module.loop.submodule.tile.transformation: tile size 128 must be greater than the stride value 128; tile index = iii
WARNING: orio.module.loop.submodule.tile.transformation: tile size 2048 must be greater than the stride value 2048; tile index = jjj
WARNING: orio.module.loop.submodule.tile.transformation: tile size 64 must be greater than the stride value 64; tile index = jjj
expected=829150137066426496.000000
actual=405404783999.161072
diff=-2147483648.000000
diff=1
WARNING: orio.module.loop.submodule.tile.transformation: tile size 256 must be greater than the stride value 256; tile index = iii
expected=404695561499.898865
actual=405404783999.161072
diff=709222499.000000
diff=0
[00;31mERROR: orio.main.tuner.ptest_driver: failed to execute the test code: "timeout --kill-after=30s --signal=9 20m  ./__orio_perftest125.exe  "
 --> CalledProcessError: Command 'timeout --kill-after=30s --signal=9 20m  ./__orio_perftest125.exe  ' returned non-zero exit status 1[00m
[00;31mERROR: orio.main.tuner.ptest_driver:  performance testing failed: "timeout --kill-after=30s --signal=9 20m  ./__orio_perftest125.exe  "[00m
expected=20214163615980419618423214966491155565379584.000000
actual=405404783999.161072
diff=-2147483648.000000
diff=1
__orio_perftest127.c: In function ‘main’:
__orio_perftest127.c:1052:44: warning: iteration 1020 invokes undefined behavior [-Waggressive-loop-optimizations]
               B[(i+7)][j]=B[(i+7)][j]+alpha*A[(i+7)][k]*B[k][j];
                                            ^
__orio_perftest127.c:1051:13: note: within this loop
             for (k=i+8; k<=N-1; k++ )
             ^~~
__orio_perftest127.c:994:46: warning: iteration 1020 invokes undefined behavior [-Waggressive-loop-optimizations]
               B[(i+7)][jt]=B[(i+7)][jt]+alpha*A[(i+7)][k]*B[k][jt];
                                              ^
__orio_perftest127.c:993:13: note: within this loop
             for (k=i+8; k<=N-1; k++ ) {
             ^~~
expected=428073106551.591309
actual=405404783999.161072
diff=-2147483648.000000
diff=1
expected=480410686125.056213
actual=405404783999.161072
diff=-2147483648.000000
diff=1
expected=499277754022.632996
actual=405404783999.161072
diff=-2147483648.000000
diff=1
WARNING: orio.module.loop.submodule.tile.transformation: tile size 1024 must be greater than the stride value 1024; tile index = kkk
expected=505746126000.108276
actual=405404783999.161072
diff=-2147483648.000000
diff=1
expected=6993967817040989140287488.000000
actual=405404783999.161072
diff=-2147483648.000000
diff=1
expected=194837493888907444520546919974951824723856622354432.000000
actual=405404783999.161072
diff=-2147483648.000000
diff=1
expected=2638275410688190440166402847408128.000000
actual=405404783999.161072
diff=-2147483648.000000
diff=1
WARNING: orio.module.loop.submodule.tile.transformation: tile size 32 must be greater than the stride value 32; tile index = iii
expected=261110507464924797272345929916232848295210254336.000000
actual=405404783999.161072
diff=-2147483648.000000
diff=1
expected=1531013964382560052993426653820403096150343680.000000
actual=405404783999.161072
diff=-2147483648.000000
diff=1
WARNING: orio.module.loop.submodule.tile.transformation: tile size 32 must be greater than the stride value 32; tile index = kkk
expected=56653202311941530658390076238594048.000000
actual=405404783999.161072
diff=-2147483648.000000
diff=1
WARNING: orio.module.loop.submodule.tile.transformation: tile size 32 must be greater than the stride value 32; tile index = iii
WARNING: orio.module.loop.submodule.tile.transformation: tile size 2048 must be greater than the stride value 2048; tile index = kkk
expected=13613186918762773876797231796511047680.000000
actual=405404783999.161072
diff=-2147483648.000000
diff=1
__orio_perftest138.c: In function ‘main’:
__orio_perftest138.c:979:13: error: ‘newlb_k’ undeclared (first use in this function)
             newlb_k=-2147483648;
             ^~~~~~~
__orio_perftest138.c:979:13: note: each undeclared identifier is reported only once for each function it appears in
__orio_perftest138.c:980:13: error: ‘newub_k’ undeclared (first use in this function)
             newub_k=N-1;
             ^~~~~~~
[00;31mERROR: orio.main.tuner.ptest_driver:  failed to compile the testing code: "timeout --kill-after=30s --signal=9 20m gcc -O3 -fopenmp -DDYNAMIC  -DORIO_REPS=10 -o __orio_perftest138.exe __orio_perftest138.c timer_cpu.o -lm -lrt"[00m
[00;31mERROR: orio.main.tuner.ptest_driver:  the executable of the test code does not exist[00m
timeout: failed to run command ‘./__orio_perftest138.exe’: No such file or directory
[00;31mERROR: orio.main.tuner.ptest_driver: failed to execute the test code: "timeout --kill-after=30s --signal=9 20m  ./__orio_perftest138.exe  "
 --> CalledProcessError: Command 'timeout --kill-after=30s --signal=9 20m  ./__orio_perftest138.exe  ' returned non-zero exit status 127[00m
[00;31mERROR: orio.main.tuner.ptest_driver:  performance testing failed: "timeout --kill-after=30s --signal=9 20m  ./__orio_perftest138.exe  "[00m
expected=405404783999.161072
actual=405404783999.161072
diff=0.000000
diff=1
expected=11542936011861109336178688.000000
actual=405404783999.161072
diff=-2147483648.000000
diff=1
WARNING: orio.module.loop.submodule.tile.transformation: tile size 8 must be greater than the stride value 8; tile index = jjj
expected=480410686125.056213
actual=405404783999.161072
diff=-2147483648.000000
diff=1
WARNING: orio.module.loop.submodule.tile.transformation: tile size 8 must be greater than the stride value 8; tile index = jjj
WARNING: orio.module.loop.submodule.tile.transformation: tile size 2 must be greater than the stride value 2; tile index = iii
expected=405404783999.161072
actual=405404783999.161072
diff=0.000000
diff=1
WARNING: orio.module.loop.submodule.tile.transformation: tile size 128 must be greater than the stride value 128; tile index = iii
expected=405404783999.161072
actual=405404783999.161072
diff=0.000000
diff=1
WARNING: orio.module.loop.submodule.tile.transformation: tile size 512 must be greater than the stride value 512; tile index = jjj
WARNING: orio.module.loop.submodule.tile.transformation: tile size 1024 must be greater than the stride value 1024; tile index = iii
expected=455170185000.035522
actual=405404783999.161072
diff=-2147483648.000000
diff=1
WARNING: orio.module.loop.submodule.tile.transformation: tile size 512 must be greater than the stride value 512; tile index = jjj
WARNING: orio.module.loop.submodule.tile.transformation: tile size 2048 must be greater than the stride value 2048; tile index = kkk
expected=143438774944141272748107249808851605651456.000000
actual=405404783999.161072
diff=-2147483648.000000
diff=1
expected=405404783999.161072
actual=405404783999.161072
diff=0.000000
diff=1
WARNING: orio.module.loop.submodule.tile.transformation: tile size 128 must be greater than the stride value 128; tile index = iii
expected=12795209082335145574268928.000000
actual=405404783999.161072
diff=-2147483648.000000
diff=1
WARNING: orio.module.loop.submodule.tile.transformation: tile size 8 must be greater than the stride value 8; tile index = iii
expected=4081898408117829507254326551713415168.000000
actual=405404783999.161072
diff=-2147483648.000000
diff=1
expected=850641002992596352.000000
actual=405404783999.161072
diff=-2147483648.000000
diff=1
WARNING: orio.module.loop.submodule.tile.transformation: tile size 16 must be greater than the stride value 16; tile index = iii
expected=404999513999.579834
actual=405404783999.161072
diff=405269999.000000
diff=0
[00;31mERROR: orio.main.tuner.ptest_driver: failed to execute the test code: "timeout --kill-after=30s --signal=9 20m  ./__orio_perftest150.exe  "
 --> CalledProcessError: Command 'timeout --kill-after=30s --signal=9 20m  ./__orio_perftest150.exe  ' returned non-zero exit status 1[00m
[00;31mERROR: orio.main.tuner.ptest_driver:  performance testing failed: "timeout --kill-after=30s --signal=9 20m  ./__orio_perftest150.exe  "[00m
expected=405404783999.161072
actual=405404783999.161072
diff=0.000000
diff=1
WARNING: orio.module.loop.submodule.tile.transformation: tile size 16 must be greater than the stride value 16; tile index = iii
WARNING: orio.module.loop.submodule.tile.transformation: tile size 8 must be greater than the stride value 8; tile index = iii
WARNING: orio.module.loop.submodule.tile.transformation: tile size 16 must be greater than the stride value 16; tile index = kkk
expected=417285894517685044969744445793292385496881692672.000000
actual=405404783999.161072
diff=-2147483648.000000
diff=1
WARNING: orio.module.loop.submodule.tile.transformation: tile size 128 must be greater than the stride value 128; tile index = jjj
expected=405404783999.161072
actual=405404783999.161072
diff=0.000000
diff=1
expected=405404783999.161072
actual=405404783999.161072
diff=0.000000
diff=1
WARNING: orio.module.loop.submodule.tile.transformation: tile size 1024 must be greater than the stride value 1024; tile index = iii
expected=123465743452520.000000
actual=405404783999.161072
diff=-2147483648.000000
diff=1
WARNING: orio.module.loop.submodule.tile.transformation: tile size 2 must be greater than the stride value 2; tile index = jjj
expected=1286143558508671232.000000
actual=405404783999.161072
diff=-2147483648.000000
diff=1
expected=442227266775.008057
actual=405404783999.161072
diff=-2147483648.000000
diff=1
expected=749042189712.421021
actual=405404783999.161072
diff=-2147483648.000000
diff=1
WARNING: orio.module.loop.submodule.tile.transformation: tile size 4 must be greater than the stride value 4; tile index = iii
expected=405404783999.161072
actual=405404783999.161072
diff=0.000000
diff=1
expected=139725259756992829564387328.000000
actual=405404783999.161072
diff=-2147483648.000000
diff=1
WARNING: orio.module.loop.submodule.tile.transformation: tile size 512 must be greater than the stride value 512; tile index = kkk
expected=1002633957744281434293957805974487702818680471552.000000
actual=405404783999.161072
diff=-2147483648.000000
diff=1
expected=404695561499.898865
actual=405404783999.161072
diff=709222499.000000
diff=0
[00;31mERROR: orio.main.tuner.ptest_driver: failed to execute the test code: "timeout --kill-after=30s --signal=9 20m  ./__orio_perftest162.exe  "
 --> CalledProcessError: Command 'timeout --kill-after=30s --signal=9 20m  ./__orio_perftest162.exe  ' returned non-zero exit status 1[00m
[00;31mERROR: orio.main.tuner.ptest_driver:  performance testing failed: "timeout --kill-after=30s --signal=9 20m  ./__orio_perftest162.exe  "[00m
expected=1268750217913330513966268416.000000
actual=405404783999.161072
diff=-2147483648.000000
diff=1
WARNING: orio.module.loop.submodule.tile.transformation: tile size 32 must be greater than the stride value 32; tile index = jjj
expected=314255529723630130218754711475978240.000000
actual=405404783999.161072
diff=-2147483648.000000
diff=1
WARNING: orio.module.loop.submodule.tile.transformation: tile size 64 must be greater than the stride value 64; tile index = iii
expected=59347777385495867583315007261114368.000000
actual=405404783999.161072
diff=-2147483648.000000
diff=1
WARNING: orio.module.loop.submodule.tile.transformation: tile size 128 must be greater than the stride value 128; tile index = jjj
expected=600107531625.006592
actual=405404783999.161072
diff=-2147483648.000000
diff=1
WARNING: orio.module.loop.submodule.tile.transformation: tile size 1024 must be greater than the stride value 1024; tile index = iii
WARNING: orio.module.loop.submodule.tile.transformation: tile size 2 must be greater than the stride value 2; tile index = jjj
expected=505746126000.108276
actual=405404783999.161072
diff=-2147483648.000000
diff=1
expected=689457892952823007635488009879552.000000
actual=405404783999.161072
diff=-2147483648.000000
diff=1
WARNING: orio.module.loop.submodule.tile.transformation: tile size 256 must be greater than the stride value 256; tile index = jjj
expected=997354120426352875491713206827785099379998720.000000
actual=405404783999.161072
diff=-2147483648.000000
diff=1
WARNING: orio.module.loop.submodule.tile.transformation: tile size 2048 must be greater than the stride value 2048; tile index = iii
WARNING: orio.module.loop.submodule.tile.transformation: tile size 1024 must be greater than the stride value 1024; tile index = kkk
expected=405404783999.161072
actual=405404783999.161072
diff=0.000000
diff=1
expected=179690450049434596107970891663305342976.000000
actual=405404783999.161072
diff=-2147483648.000000
diff=1
WARNING: orio.module.loop.submodule.tile.transformation: tile size 2 must be greater than the stride value 2; tile index = jjj
expected=405404783999.161072
actual=405404783999.161072
diff=0.000000
diff=1
WARNING: orio.module.loop.submodule.tile.transformation: tile size 1024 must be greater than the stride value 1024; tile index = jjj
expected=66079178863219.796875
actual=405404783999.161072
diff=-2147483648.000000
diff=1
WARNING: orio.module.loop.submodule.tile.transformation: tile size 2048 must be greater than the stride value 2048; tile index = iii
expected=726505404720812539119010803884094390272.000000
actual=405404783999.161072
diff=-2147483648.000000
diff=1
expected=474518078280356912528995685426473696493568.000000
actual=405404783999.161072
diff=-2147483648.000000
diff=1
expected=405404783999.161072
actual=405404783999.161072
diff=0.000000
diff=1
WARNING: orio.module.loop.submodule.tile.transformation: tile size 2 must be greater than the stride value 2; tile index = jjj
WARNING: orio.module.loop.submodule.tile.transformation: tile size 1024 must be greater than the stride value 1024; tile index = kkk
expected=405404783999.161072
actual=405404783999.161072
diff=0.000000
diff=1
WARNING: orio.module.loop.submodule.tile.transformation: tile size 8 must be greater than the stride value 8; tile index = jjj
expected=7576193263630792189729294015182829198438473662464.000000
actual=405404783999.161072
diff=-2147483648.000000
diff=1
WARNING: orio.module.loop.submodule.tile.transformation: tile size 4 must be greater than the stride value 4; tile index = iii
WARNING: orio.module.loop.submodule.tile.transformation: tile size 32 must be greater than the stride value 32; tile index = kkk
expected=68720541856801002351366217138176.000000
actual=405404783999.161072
diff=-2147483648.000000
diff=1
WARNING: orio.module.loop.submodule.tile.transformation: tile size 2 must be greater than the stride value 2; tile index = kkk
expected=112321431379378353644589418771644416.000000
actual=405404783999.161072
diff=-2147483648.000000
diff=1
WARNING: orio.module.loop.submodule.tile.transformation: tile size 16 must be greater than the stride value 16; tile index = iii
WARNING: orio.module.loop.submodule.tile.transformation: tile size 32 must be greater than the stride value 32; tile index = jjj
expected=423413902917.005981
actual=405404783999.161072
diff=-2147483648.000000
diff=1
expected=99586993521492.687500
actual=405404783999.161072
diff=-2147483648.000000
diff=1
expected=5526168321538238720245760.000000
actual=405404783999.161072
diff=-2147483648.000000
diff=1
expected=832141877298003456.000000
actual=405404783999.161072
diff=-2147483648.000000
diff=1
WARNING: orio.module.loop.submodule.tile.transformation: tile size 4 must be greater than the stride value 4; tile index = jjj
expected=14588633460040520990503825571840.000000
actual=405404783999.161072
diff=-2147483648.000000
diff=1
expected=404999513999.579834
actual=405404783999.161072
diff=405269999.000000
diff=0
[00;31mERROR: orio.main.tuner.ptest_driver: failed to execute the test code: "timeout --kill-after=30s --signal=9 20m  ./__orio_perftest186.exe  "
 --> CalledProcessError: Command 'timeout --kill-after=30s --signal=9 20m  ./__orio_perftest186.exe  ' returned non-zero exit status 1[00m
[00;31mERROR: orio.main.tuner.ptest_driver:  performance testing failed: "timeout --kill-after=30s --signal=9 20m  ./__orio_perftest186.exe  "[00m
__orio_perftest187.c: In function ‘main’:
__orio_perftest187.c:1241:15: error: ‘newlb_k’ undeclared (first use in this function)
               newlb_k=-2147483648;
               ^~~~~~~
__orio_perftest187.c:1241:15: note: each undeclared identifier is reported only once for each function it appears in
__orio_perftest187.c:1242:15: error: ‘newub_k’ undeclared (first use in this function)
               newub_k=N-1;
               ^~~~~~~
[00;31mERROR: orio.main.tuner.ptest_driver:  failed to compile the testing code: "timeout --kill-after=30s --signal=9 20m gcc -O3 -fopenmp -DDYNAMIC  -DORIO_REPS=10 -o __orio_perftest187.exe __orio_perftest187.c timer_cpu.o -lm -lrt"[00m
[00;31mERROR: orio.main.tuner.ptest_driver:  the executable of the test code does not exist[00m
timeout: failed to run command ‘./__orio_perftest187.exe’: No such file or directory
[00;31mERROR: orio.main.tuner.ptest_driver: failed to execute the test code: "timeout --kill-after=30s --signal=9 20m  ./__orio_perftest187.exe  "
 --> CalledProcessError: Command 'timeout --kill-after=30s --signal=9 20m  ./__orio_perftest187.exe  ' returned non-zero exit status 127[00m
[00;31mERROR: orio.main.tuner.ptest_driver:  performance testing failed: "timeout --kill-after=30s --signal=9 20m  ./__orio_perftest187.exe  "[00m
WARNING: orio.module.loop.submodule.tile.transformation: tile size 4 must be greater than the stride value 4; tile index = jjj
expected=405404783999.161072
actual=405404783999.161072
diff=0.000000
diff=1
expected=1053625731508853965644266527306719669077179105280.000000
actual=405404783999.161072
diff=-2147483648.000000
diff=1
expected=626795642204433084038498698133504.000000
actual=405404783999.161072
diff=-2147483648.000000
diff=1
WARNING: orio.module.loop.submodule.tile.transformation: tile size 32 must be greater than the stride value 32; tile index = iii
WARNING: orio.module.loop.submodule.tile.transformation: tile size 1024 must be greater than the stride value 1024; tile index = jjj
expected=261195984347671950258981798933774204928.000000
actual=405404783999.161072
diff=-2147483648.000000
diff=1
expected=5573179147179649970786449918879858688.000000
actual=405404783999.161072
diff=-2147483648.000000
diff=1
WARNING: orio.module.loop.submodule.tile.transformation: tile size 128 must be greater than the stride value 128; tile index = iii
WARNING: orio.module.loop.submodule.tile.transformation: tile size 64 must be greater than the stride value 64; tile index = iii
expected=6611063250099995540455424.000000
actual=405404783999.161072
diff=-2147483648.000000
diff=1
expected=404999513999.579834
actual=405404783999.161072
diff=405269999.000000
diff=0
[00;31mERROR: orio.main.tuner.ptest_driver: failed to execute the test code: "timeout --kill-after=30s --signal=9 20m  ./__orio_perftest194.exe  "
 --> CalledProcessError: Command 'timeout --kill-after=30s --signal=9 20m  ./__orio_perftest194.exe  ' returned non-zero exit status 1[00m
[00;31mERROR: orio.main.tuner.ptest_driver:  performance testing failed: "timeout --kill-after=30s --signal=9 20m  ./__orio_perftest194.exe  "[00m
expected=3934733991531214364737536.000000
actual=405404783999.161072
diff=-2147483648.000000
diff=1
expected=405404783999.161072
actual=405404783999.161072
diff=0.000000
diff=1
expected=7067427584712744960.000000
actual=405404783999.161072
diff=-2147483648.000000
diff=1
expected=758338787250.311890
actual=405404783999.161072
diff=-2147483648.000000
diff=1
expected=405404783999.161072
actual=405404783999.161072
diff=0.000000
diff=1
expected=4971317506347761823383552.000000
actual=405404783999.161072
diff=-2147483648.000000
diff=1
WARNING: orio.module.loop.submodule.tile.transformation: tile size 1024 must be greater than the stride value 1024; tile index = jjj
WARNING: orio.module.loop.submodule.tile.transformation: tile size 16 must be greater than the stride value 16; tile index = kkk
expected=17635811950435228325749736704456421579132239872.000000
actual=405404783999.161072
diff=-2147483648.000000
diff=1
expected=457146495950971894058091571020376152040818694160384.000000
actual=405404783999.161072
diff=-2147483648.000000
diff=1
WARNING: orio.module.loop.submodule.tile.transformation: tile size 2 must be greater than the stride value 2; tile index = jjj
expected=179124931262655261560111198020726423552.000000
actual=405404783999.161072
diff=-2147483648.000000
diff=1
expected=493046276062.536804
actual=405404783999.161072
diff=-2147483648.000000
diff=1
WARNING: orio.module.loop.submodule.tile.transformation: tile size 2 must be greater than the stride value 2; tile index = kkk
expected=5794482718038031125708800.000000
actual=405404783999.161072
diff=-2147483648.000000
diff=1
expected=66106849660201.906250
actual=405404783999.161072
diff=-2147483648.000000
diff=1
expected=65763805315591.656250
actual=405404783999.161072
diff=-2147483648.000000
diff=1
WARNING: orio.module.loop.submodule.tile.transformation: tile size 2 must be greater than the stride value 2; tile index = jjj
WARNING: orio.module.loop.submodule.tile.transformation: tile size 2 must be greater than the stride value 2; tile index = jjj
expected=66079757110499.085938
actual=405404783999.161072
diff=-2147483648.000000
diff=1
expected=913404830509987038195654331670208708608.000000
actual=405404783999.161072
diff=-2147483648.000000
diff=1
expected=65962677155033.500000
actual=405404783999.161072
diff=-2147483648.000000
diff=1
WARNING: orio.module.loop.submodule.tile.transformation: tile size 256 must be greater than the stride value 256; tile index = kkk
expected=10340468673848386380627968.000000
actual=405404783999.161072
diff=-2147483648.000000
diff=1
WARNING: orio.module.loop.submodule.tile.transformation: tile size 4 must be greater than the stride value 4; tile index = iii
expected=405404783999.161072
actual=405404783999.161072
diff=0.000000
diff=1
WARNING: orio.module.loop.submodule.tile.transformation: tile size 2 must be greater than the stride value 2; tile index = kkk
expected=405404783999.161072
actual=405404783999.161072
diff=0.000000
diff=1
expected=448483708557.034912
actual=405404783999.161072
diff=-2147483648.000000
diff=1
expected=448483708557.034912
actual=405404783999.161072
diff=-2147483648.000000
diff=1
expected=8774440165397483621185177052176477604282368.000000
actual=405404783999.161072
diff=-2147483648.000000
diff=1
WARNING: orio.module.loop.submodule.tile.transformation: tile size 4 must be greater than the stride value 4; tile index = jjj
expected=386150756944872194171301061984256.000000
actual=405404783999.161072
diff=-2147483648.000000
diff=1
WARNING: orio.module.loop.submodule.tile.transformation: tile size 128 must be greater than the stride value 128; tile index = jjj
WARNING: orio.module.loop.submodule.tile.transformation: tile size 2 must be greater than the stride value 2; tile index = jjj
expected=480410686125.056213
actual=405404783999.161072
diff=-2147483648.000000
diff=1
expected=1879605613007583488.000000
actual=405404783999.161072
diff=-2147483648.000000
diff=1
expected=404796878999.792175
actual=405404783999.161072
diff=607904999.000000
diff=0
[00;31mERROR: orio.main.tuner.ptest_driver: failed to execute the test code: "timeout --kill-after=30s --signal=9 20m  ./__orio_perftest220.exe  "
 --> CalledProcessError: Command 'timeout --kill-after=30s --signal=9 20m  ./__orio_perftest220.exe  ' returned non-zero exit status 1[00m
[00;31mERROR: orio.main.tuner.ptest_driver:  performance testing failed: "timeout --kill-after=30s --signal=9 20m  ./__orio_perftest220.exe  "[00m
Segmentation fault
[00;31mERROR: orio.main.tuner.ptest_driver: failed to execute the test code: "timeout --kill-after=30s --signal=9 20m  ./__orio_perftest221.exe  "
 --> CalledProcessError: Command 'timeout --kill-after=30s --signal=9 20m  ./__orio_perftest221.exe  ' returned non-zero exit status 139[00m
[00;31mERROR: orio.main.tuner.ptest_driver:  performance testing failed: "timeout --kill-after=30s --signal=9 20m  ./__orio_perftest221.exe  "[00m
expected=1953415059162211328.000000
actual=405404783999.161072
diff=-2147483648.000000
diff=1
expected=404695561499.898865
actual=405404783999.161072
diff=709222499.000000
diff=0
[00;31mERROR: orio.main.tuner.ptest_driver: failed to execute the test code: "timeout --kill-after=30s --signal=9 20m  ./__orio_perftest223.exe  "
 --> CalledProcessError: Command 'timeout --kill-after=30s --signal=9 20m  ./__orio_perftest223.exe  ' returned non-zero exit status 1[00m
[00;31mERROR: orio.main.tuner.ptest_driver:  performance testing failed: "timeout --kill-after=30s --signal=9 20m  ./__orio_perftest223.exe  "[00m
WARNING: orio.module.loop.submodule.tile.transformation: tile size 4 must be greater than the stride value 4; tile index = kkk
expected=606898007999.726562
actual=405404783999.161072
diff=-2147483648.000000
diff=1
WARNING: orio.module.loop.submodule.tile.transformation: tile size 4 must be greater than the stride value 4; tile index = jjj
WARNING: orio.module.loop.submodule.tile.transformation: tile size 512 must be greater than the stride value 512; tile index = iii
expected=66337989361319.765625
actual=405404783999.161072
diff=-2147483648.000000
diff=1
expected=8617603014359270344972797729526009479533953024.000000
actual=405404783999.161072
diff=-2147483648.000000
diff=1
expected=29455195890458732442591143781203968.000000
actual=405404783999.161072
diff=-2147483648.000000
diff=1
expected=429708324888.000366
actual=405404783999.161072
diff=-2147483648.000000
diff=1
WARNING: orio.module.loop.submodule.tile.transformation: tile size 64 must be greater than the stride value 64; tile index = iii
WARNING: orio.module.loop.submodule.tile.transformation: tile size 4 must be greater than the stride value 4; tile index = iii
expected=2587060823298837985990091524737977544605696.000000
actual=405404783999.161072
diff=-2147483648.000000
diff=1
expected=1942476942258748928.000000
actual=405404783999.161072
diff=-2147483648.000000
diff=1
WARNING: orio.module.loop.submodule.tile.transformation: tile size 4 must be greater than the stride value 4; tile index = iii
expected=62189949165031488250587202658253144064.000000
actual=405404783999.161072
diff=-2147483648.000000
diff=1
WARNING: orio.module.loop.submodule.tile.transformation: tile size 8 must be greater than the stride value 8; tile index = kkk
expected=170758550009019526507063568274366470574041799134806016.000000
actual=405404783999.161072
diff=-2147483648.000000
diff=1
WARNING: orio.module.loop.submodule.tile.transformation: tile size 64 must be greater than the stride value 64; tile index = iii
WARNING: orio.module.loop.submodule.tile.transformation: tile size 16 must be greater than the stride value 16; tile index = kkk
expected=17208853791146961639007107632070656.000000
actual=405404783999.161072
diff=-2147483648.000000
diff=1
expected=19397319253923533249186285851457833926656.000000
actual=405404783999.161072
diff=-2147483648.000000
diff=1
expected=3665826523126912512.000000
actual=405404783999.161072
diff=-2147483648.000000
diff=1
WARNING: orio.module.loop.submodule.tile.transformation: tile size 512 must be greater than the stride value 512; tile index = jjj
expected=2585045178504888320.000000
actual=405404783999.161072
diff=-2147483648.000000
diff=1
expected=112085528381581.656250
actual=405404783999.161072
diff=-2147483648.000000
diff=1
expected=360939204469030712425058603754939068520071168.000000
actual=405404783999.161072
diff=-2147483648.000000
diff=1
WARNING: orio.module.loop.submodule.tile.transformation: tile size 64 must be greater than the stride value 64; tile index = jjj
expected=405404783999.161072
actual=405404783999.161072
diff=0.000000
diff=1
expected=5423708785373207733313535069287104569671680.000000
actual=405404783999.161072
diff=-2147483648.000000
diff=1
expected=11398084764101927275331584.000000
actual=405404783999.161072
diff=-2147483648.000000
diff=1
expected=66215552444834.906250
actual=405404783999.161072
diff=-2147483648.000000
diff=1
WARNING: orio.module.loop.submodule.tile.transformation: tile size 2048 must be greater than the stride value 2048; tile index = jjj
WARNING: orio.module.loop.submodule.tile.transformation: tile size 256 must be greater than the stride value 256; tile index = kkk
expected=17882791032608775611661810960347639066918912.000000
actual=405404783999.161072
diff=-2147483648.000000
diff=1
WARNING: orio.module.loop.submodule.tile.transformation: tile size 1024 must be greater than the stride value 1024; tile index = jjj
expected=1985838216450810634431822220424281849856.000000
actual=405404783999.161072
diff=-2147483648.000000
diff=1
WARNING: orio.module.loop.submodule.tile.transformation: tile size 8 must be greater than the stride value 8; tile index = iii
WARNING: orio.module.loop.submodule.tile.transformation: tile size 256 must be greater than the stride value 256; tile index = iii
expected=3448545548243623937557522567687034634240.000000
actual=405404783999.161072
diff=-2147483648.000000
diff=1
WARNING: orio.module.loop.submodule.tile.transformation: tile size 8 must be greater than the stride value 8; tile index = kkk
expected=126473168392026.937500
actual=405404783999.161072
diff=-2147483648.000000
diff=1
expected=195844950214884.312500
actual=405404783999.161072
diff=-2147483648.000000
diff=1
expected=404796878999.792175
actual=405404783999.161072
diff=607904999.000000
diff=0
[00;31mERROR: orio.main.tuner.ptest_driver: failed to execute the test code: "timeout --kill-after=30s --signal=9 20m  ./__orio_perftest248.exe  "
 --> CalledProcessError: Command 'timeout --kill-after=30s --signal=9 20m  ./__orio_perftest248.exe  ' returned non-zero exit status 1[00m
[00;31mERROR: orio.main.tuner.ptest_driver:  performance testing failed: "timeout --kill-after=30s --signal=9 20m  ./__orio_perftest248.exe  "[00m
expected=48886454010488038380028843786116385472512.000000
actual=405404783999.161072
diff=-2147483648.000000
diff=1
expected=1213473277160988416.000000
actual=405404783999.161072
diff=-2147483648.000000
diff=1
WARNING: orio.module.loop.submodule.tile.transformation: tile size 512 must be greater than the stride value 512; tile index = iii
expected=404999513999.579834
actual=405404783999.161072
diff=405269999.000000
diff=0
[00;31mERROR: orio.main.tuner.ptest_driver: failed to execute the test code: "timeout --kill-after=30s --signal=9 20m  ./__orio_perftest251.exe  "
 --> CalledProcessError: Command 'timeout --kill-after=30s --signal=9 20m  ./__orio_perftest251.exe  ' returned non-zero exit status 1[00m
[00;31mERROR: orio.main.tuner.ptest_driver:  performance testing failed: "timeout --kill-after=30s --signal=9 20m  ./__orio_perftest251.exe  "[00m
expected=1925044620787338496.000000
actual=405404783999.161072
diff=-2147483648.000000
diff=1
WARNING: orio.module.loop.submodule.tile.transformation: tile size 128 must be greater than the stride value 128; tile index = jjj
expected=404695561499.898865
actual=405404783999.161072
diff=709222499.000000
diff=0
[00;31mERROR: orio.main.tuner.ptest_driver: failed to execute the test code: "timeout --kill-after=30s --signal=9 20m  ./__orio_perftest253.exe  "
 --> CalledProcessError: Command 'timeout --kill-after=30s --signal=9 20m  ./__orio_perftest253.exe  ' returned non-zero exit status 1[00m
[00;31mERROR: orio.main.tuner.ptest_driver:  performance testing failed: "timeout --kill-after=30s --signal=9 20m  ./__orio_perftest253.exe  "[00m
WARNING: orio.module.loop.submodule.tile.transformation: tile size 128 must be greater than the stride value 128; tile index = jjj
expected=1249514099010934041775316657890286358759892582400.000000
actual=405404783999.161072
diff=-2147483648.000000
diff=1
WARNING: orio.module.loop.submodule.tile.transformation: tile size 32 must be greater than the stride value 32; tile index = iii
expected=30920239791463423982742685298309715873234944.000000
actual=405404783999.161072
diff=-2147483648.000000
diff=1
expected=405404783999.161072
actual=405404783999.161072
diff=0.000000
diff=1
expected=258558187116763652107757065524285014016.000000
actual=405404783999.161072
diff=-2147483648.000000
diff=1
WARNING: orio.module.loop.submodule.tile.transformation: tile size 8 must be greater than the stride value 8; tile index = jjj
WARNING: orio.module.loop.submodule.tile.transformation: tile size 2048 must be greater than the stride value 2048; tile index = jjj
expected=207987067899798197199589101499985619320832.000000
actual=405404783999.161072
diff=-2147483648.000000
diff=1
expected=79541065736045292242295686221541670912.000000
actual=405404783999.161072
diff=-2147483648.000000
diff=1
expected=405404783999.161072
actual=405404783999.161072
diff=0.000000
diff=1
expected=73203525089117.109375
actual=405404783999.161072
diff=-2147483648.000000
diff=1
WARNING: orio.module.loop.submodule.tile.transformation: tile size 16 must be greater than the stride value 16; tile index = iii
WARNING: orio.module.loop.submodule.tile.transformation: tile size 16 must be greater than the stride value 16; tile index = jjj
expected=2753483687636564106208390305067170112910456796236218368.000000
actual=405404783999.161072
diff=-2147483648.000000
diff=1
expected=362187894895742327455853702200978197970944.000000
actual=405404783999.161072
diff=-2147483648.000000
diff=1
expected=405404783999.161072
actual=405404783999.161072
diff=0.000000
diff=1
WARNING: orio.module.loop.submodule.tile.transformation: tile size 256 must be greater than the stride value 256; tile index = kkk
expected=139518939957364.593750
actual=405404783999.161072
diff=-2147483648.000000
diff=1
WARNING: orio.module.loop.submodule.tile.transformation: tile size 1024 must be greater than the stride value 1024; tile index = iii
expected=405404783999.161072
actual=405404783999.161072
diff=0.000000
diff=1
expected=404625855383.976746
actual=405404783999.161072
diff=778928615.000000
diff=0
[00;31mERROR: orio.main.tuner.ptest_driver: failed to execute the test code: "timeout --kill-after=30s --signal=9 20m  ./__orio_perftest267.exe  "
 --> CalledProcessError: Command 'timeout --kill-after=30s --signal=9 20m  ./__orio_perftest267.exe  ' returned non-zero exit status 1[00m
[00;31mERROR: orio.main.tuner.ptest_driver:  performance testing failed: "timeout --kill-after=30s --signal=9 20m  ./__orio_perftest267.exe  "[00m
expected=15303367298768458520228142191885277986816.000000
actual=405404783999.161072
diff=-2147483648.000000
diff=1
WARNING: orio.module.loop.submodule.tile.transformation: tile size 1024 must be greater than the stride value 1024; tile index = jjj
WARNING: orio.module.loop.submodule.tile.transformation: tile size 2048 must be greater than the stride value 2048; tile index = jjj
expected=600107531625.006592
actual=405404783999.161072
diff=-2147483648.000000
diff=1
expected=367813666210941347303315720789750383115955140034560.000000
actual=405404783999.161072
diff=-2147483648.000000
diff=1
WARNING: orio.module.loop.submodule.tile.transformation: tile size 2048 must be greater than the stride value 2048; tile index = jjj
expected=404650981799.946045
actual=405404783999.161072
diff=753802199.000000
diff=0
[00;31mERROR: orio.main.tuner.ptest_driver: failed to execute the test code: "timeout --kill-after=30s --signal=9 20m  ./__orio_perftest271.exe  "
 --> CalledProcessError: Command 'timeout --kill-after=30s --signal=9 20m  ./__orio_perftest271.exe  ' returned non-zero exit status 1[00m
[00;31mERROR: orio.main.tuner.ptest_driver:  performance testing failed: "timeout --kill-after=30s --signal=9 20m  ./__orio_perftest271.exe  "[00m
WARNING: orio.module.loop.submodule.tile.transformation: tile size 256 must be greater than the stride value 256; tile index = jjj
expected=404999513999.579834
actual=405404783999.161072
diff=405269999.000000
diff=0
[00;31mERROR: orio.main.tuner.ptest_driver: failed to execute the test code: "timeout --kill-after=30s --signal=9 20m  ./__orio_perftest272.exe  "
 --> CalledProcessError: Command 'timeout --kill-after=30s --signal=9 20m  ./__orio_perftest272.exe  ' returned non-zero exit status 1[00m
[00;31mERROR: orio.main.tuner.ptest_driver:  performance testing failed: "timeout --kill-after=30s --signal=9 20m  ./__orio_perftest272.exe  "[00m
WARNING: orio.module.loop.submodule.tile.transformation: tile size 1024 must be greater than the stride value 1024; tile index = iii
expected=405404783999.161072
actual=405404783999.161072
diff=0.000000
diff=1
expected=405404783999.161072
actual=405404783999.161072
diff=0.000000
diff=1
expected=5465189502888009897067333545663110788763615232.000000
actual=405404783999.161072
diff=-2147483648.000000
diff=1
expected=499277754022.632996
actual=405404783999.161072
diff=-2147483648.000000
diff=1
expected=404695561499.898865
actual=405404783999.161072
diff=709222499.000000
diff=0
[00;31mERROR: orio.main.tuner.ptest_driver: failed to execute the test code: "timeout --kill-after=30s --signal=9 20m  ./__orio_perftest277.exe  "
 --> CalledProcessError: Command 'timeout --kill-after=30s --signal=9 20m  ./__orio_perftest277.exe  ' returned non-zero exit status 1[00m
[00;31mERROR: orio.main.tuner.ptest_driver:  performance testing failed: "timeout --kill-after=30s --signal=9 20m  ./__orio_perftest277.exe  "[00m
expected=758338787250.311890
actual=405404783999.161072
diff=-2147483648.000000
diff=1
expected=405404783999.161072
actual=405404783999.161072
diff=0.000000
diff=1
WARNING: orio.module.loop.submodule.tile.transformation: tile size 512 must be greater than the stride value 512; tile index = kkk
expected=2013230735052931466966032180496564224.000000
actual=405404783999.161072
diff=-2147483648.000000
diff=1
expected=429708324888.000366
actual=405404783999.161072
diff=-2147483648.000000
diff=1
WARNING: orio.module.loop.submodule.tile.transformation: tile size 2 must be greater than the stride value 2; tile index = kkk
expected=8944395202036859377025024.000000
actual=405404783999.161072
diff=-2147483648.000000
diff=1
WARNING: orio.module.loop.submodule.tile.transformation: tile size 2048 must be greater than the stride value 2048; tile index = iii
WARNING: orio.module.loop.submodule.tile.transformation: tile size 8 must be greater than the stride value 8; tile index = iii
expected=606898007999.726562
actual=405404783999.161072
diff=-2147483648.000000
diff=1
WARNING: orio.module.loop.submodule.tile.transformation: tile size 128 must be greater than the stride value 128; tile index = jjj
expected=833470911229203328.000000
actual=405404783999.161072
diff=-2147483648.000000
diff=1
expected=831204947226938752.000000
actual=405404783999.161072
diff=-2147483648.000000
diff=1
expected=405404783999.161072
actual=405404783999.161072
diff=0.000000
diff=1
expected=404999513999.579834
actual=405404783999.161072
diff=405269999.000000
diff=0
[00;31mERROR: orio.main.tuner.ptest_driver: failed to execute the test code: "timeout --kill-after=30s --signal=9 20m  ./__orio_perftest287.exe  "
 --> CalledProcessError: Command 'timeout --kill-after=30s --signal=9 20m  ./__orio_perftest287.exe  ' returned non-zero exit status 1[00m
[00;31mERROR: orio.main.tuner.ptest_driver:  performance testing failed: "timeout --kill-after=30s --signal=9 20m  ./__orio_perftest287.exe  "[00m
WARNING: orio.module.loop.submodule.tile.transformation: tile size 2 must be greater than the stride value 2; tile index = iii
expected=405404783999.161072
actual=405404783999.161072
diff=0.000000
diff=1
WARNING: orio.module.loop.submodule.tile.transformation: tile size 8 must be greater than the stride value 8; tile index = iii
expected=4458646359341088768.000000
actual=405404783999.161072
diff=-2147483648.000000
diff=1
expected=429708324888.000366
actual=405404783999.161072
diff=-2147483648.000000
diff=1
expected=405404783999.161072
actual=405404783999.161072
diff=0.000000
diff=1
expected=405404783999.161072
actual=405404783999.161072
diff=0.000000
diff=1
WARNING: orio.module.loop.submodule.tile.transformation: tile size 1024 must be greater than the stride value 1024; tile index = iii
expected=442227266775.008057
actual=405404783999.161072
diff=-2147483648.000000
diff=1
expected=5921857212026706563432448.000000
actual=405404783999.161072
diff=-2147483648.000000
diff=1
WARNING: orio.module.loop.submodule.tile.transformation: tile size 128 must be greater than the stride value 128; tile index = iii
expected=779078213295432619687966642818582791061504.000000
actual=405404783999.161072
diff=-2147483648.000000
diff=1
WARNING: orio.module.loop.submodule.tile.transformation: tile size 1024 must be greater than the stride value 1024; tile index = iii
expected=405404783999.161072
actual=405404783999.161072
diff=0.000000
diff=1
expected=8726178384615142680690688.000000
actual=405404783999.161072
diff=-2147483648.000000
diff=1
expected=55928247431888039314454003722611589120.000000
actual=405404783999.161072
diff=-2147483648.000000
diff=1
WARNING: orio.module.loop.submodule.tile.transformation: tile size 16 must be greater than the stride value 16; tile index = iii
expected=112411799473366.171875
actual=405404783999.161072
diff=-2147483648.000000
diff=1
WARNING: orio.module.loop.submodule.tile.transformation: tile size 128 must be greater than the stride value 128; tile index = jjj
expected=1292031303078798592.000000
actual=405404783999.161072
diff=-2147483648.000000
diff=1
expected=405404783999.161072
actual=405404783999.161072
diff=0.000000
diff=1
