
expected=145057485.810668
actual=145057485.810668
diff=0.000000
diff=1
expected=40384173831.907867
actual=145057485.810668
diff=-2147483648.000000
diff=1
expected=44607612148.138161
actual=145057485.810668
diff=-2147483648.000000
diff=1
WARNING: orio.module.loop.submodule.tile.transformation: tile size 2 must be greater than the stride value 2; tile index = iii
expected=36204539978.332535
actual=145057485.810668
diff=-2147483648.000000
diff=1
expected=44687720644.522118
actual=145057485.810668
diff=-2147483648.000000
diff=1
WARNING: orio.module.loop.submodule.tile.transformation: tile size 2 must be greater than the stride value 2; tile index = iii
expected=44699349367.389610
actual=145057485.810668
diff=-2147483648.000000
diff=1
expected=39997281048.976723
actual=145057485.810668
diff=-2147483648.000000
diff=1
expected=44699663135.470665
actual=145057485.810668
diff=-2147483648.000000
diff=1
WARNING: orio.module.loop.submodule.tile.transformation: tile size 128 must be greater than the stride value 128; tile index = iii
expected=42655338829.005409
actual=145057485.810668
diff=-2147483648.000000
diff=1
expected=36984919061.634552
actual=145057485.810668
diff=-2147483648.000000
diff=1
expected=44777856884.167381
actual=145057485.810668
diff=-2147483648.000000
diff=1
expected=145057485.810668
actual=145057485.810668
diff=0.000000
diff=1
expected=15851638284.530546
actual=145057485.810668
diff=-2147483648.000000
diff=1
expected=44221515285.150726
actual=145057485.810668
diff=-2147483648.000000
diff=1
expected=35974919828.930351
actual=145057485.810668
diff=-2147483648.000000
diff=1
expected=44303901634.741371
actual=145057485.810668
diff=-2147483648.000000
diff=1
WARNING: orio.module.loop.submodule.tile.transformation: tile size 64 must be greater than the stride value 64; tile index = iii
expected=40864394639.984886
actual=145057485.810668
diff=-2147483648.000000
diff=1
expected=44818254185.213898
actual=145057485.810668
diff=-2147483648.000000
diff=1
expected=44330270258.261902
actual=145057485.810668
diff=-2147483648.000000
diff=1
WARNING: orio.module.loop.submodule.tile.transformation: tile size 16 must be greater than the stride value 16; tile index = iii
expected=44819770709.319107
actual=145057485.810668
diff=-2147483648.000000
diff=1
WARNING: orio.module.loop.submodule.tile.transformation: tile size 512 must be greater than the stride value 512; tile index = iii
expected=44819191975.408768
actual=145057485.810668
diff=-2147483648.000000
diff=1
WARNING: orio.module.loop.submodule.tile.transformation: tile size 256 must be greater than the stride value 256; tile index = iii
expected=44785718051.486839
actual=145057485.810668
diff=-2147483648.000000
diff=1
expected=44784147000.503082
actual=145057485.810668
diff=-2147483648.000000
diff=1
expected=44696261082.425850
actual=145057485.810668
diff=-2147483648.000000
diff=1
expected=44607612148.138161
actual=145057485.810668
diff=-2147483648.000000
diff=1
expected=37862890079.700447
actual=145057485.810668
diff=-2147483648.000000
diff=1
WARNING: orio.module.loop.submodule.tile.transformation: tile size 32 must be greater than the stride value 32; tile index = jjj
expected=37567628869.767761
actual=145057485.810668
diff=-2147483648.000000
diff=1
expected=145057485.810668
actual=145057485.810668
diff=0.000000
diff=1
expected=44328885442.409134
actual=145057485.810668
diff=-2147483648.000000
diff=1
expected=37602340353.570290
actual=145057485.810668
diff=-2147483648.000000
diff=1
expected=37713856270.121155
actual=145057485.810668
diff=-2147483648.000000
diff=1
WARNING: orio.module.loop.submodule.tile.transformation: tile size 128 must be greater than the stride value 128; tile index = jjj
expected=39997014234.553841
actual=145057485.810668
diff=-2147483648.000000
diff=1
expected=25780906287.539272
actual=145057485.810668
diff=-2147483648.000000
diff=1
expected=44823280364.204063
actual=145057485.810668
diff=-2147483648.000000
diff=1
expected=43299779101.906548
actual=145057485.810668
diff=-2147483648.000000
diff=1
WARNING: orio.module.loop.submodule.tile.transformation: tile size 2 must be greater than the stride value 2; tile index = iii
expected=37423225059.964561
actual=145057485.810668
diff=-2147483648.000000
diff=1
WARNING: orio.module.loop.submodule.tile.transformation: tile size 256 must be greater than the stride value 256; tile index = iii
expected=44881364802.553337
actual=145057485.810668
diff=-2147483648.000000
diff=1
WARNING: orio.module.loop.submodule.tile.transformation: tile size 1024 must be greater than the stride value 1024; tile index = jjj
expected=36764708068.994614
actual=145057485.810668
diff=-2147483648.000000
diff=1
expected=36031991985.908417
actual=145057485.810668
diff=-2147483648.000000
diff=1
expected=44615047838.116974
actual=145057485.810668
diff=-2147483648.000000
diff=1
WARNING: orio.module.loop.submodule.tile.transformation: tile size 2 must be greater than the stride value 2; tile index = iii
expected=145057485.810668
actual=145057485.810668
diff=0.000000
diff=1
expected=44303901634.741371
actual=145057485.810668
diff=-2147483648.000000
diff=1
WARNING: orio.module.loop.submodule.tile.transformation: tile size 1024 must be greater than the stride value 1024; tile index = iii
expected=40388826696.558121
actual=145057485.810668
diff=-2147483648.000000
diff=1
expected=44783571097.469360
actual=145057485.810668
diff=-2147483648.000000
diff=1
expected=44687720644.522118
actual=145057485.810668
diff=-2147483648.000000
diff=1
expected=44804291923.413231
actual=145057485.810668
diff=-2147483648.000000
diff=1
expected=145057485.810668
actual=145057485.810668
diff=0.000000
diff=1
WARNING: orio.module.loop.submodule.tile.transformation: tile size 32 must be greater than the stride value 32; tile index = iii
WARNING: orio.module.loop.submodule.tile.transformation: tile size 256 must be greater than the stride value 256; tile index = jjj
expected=44607612148.138161
actual=145057485.810668
diff=-2147483648.000000
diff=1
expected=44328963747.705315
actual=145057485.810668
diff=-2147483648.000000
diff=1
expected=44785518358.477531
actual=145057485.810668
diff=-2147483648.000000
diff=1
WARNING: orio.module.loop.submodule.tile.transformation: tile size 32 must be greater than the stride value 32; tile index = jjj
expected=44698911597.718346
actual=145057485.810668
diff=-2147483648.000000
diff=1
expected=15851638284.530546
actual=145057485.810668
diff=-2147483648.000000
diff=1
WARNING: orio.module.loop.submodule.tile.transformation: tile size 4 must be greater than the stride value 4; tile index = iii
expected=145057485.810668
actual=145057485.810668
diff=0.000000
diff=1
expected=44702432265.832085
actual=145057485.810668
diff=-2147483648.000000
diff=1
expected=44695716366.007256
actual=145057485.810668
diff=-2147483648.000000
diff=1
expected=145057485.810668
actual=145057485.810668
diff=0.000000
diff=1
expected=44732387943.676346
actual=145057485.810668
diff=-2147483648.000000
diff=1
expected=145057485.810668
actual=145057485.810668
diff=0.000000
diff=1
WARNING: orio.module.loop.submodule.tile.transformation: tile size 32 must be greater than the stride value 32; tile index = iii
expected=145057485.810668
actual=145057485.810668
diff=0.000000
diff=1
expected=36804951961.340698
actual=145057485.810668
diff=-2147483648.000000
diff=1
expected=44699860065.029755
actual=145057485.810668
diff=-2147483648.000000
diff=1
expected=145057485.810668
actual=145057485.810668
diff=0.000000
diff=1
expected=44329496982.350151
actual=145057485.810668
diff=-2147483648.000000
diff=1
expected=44360606920.123062
actual=145057485.810668
diff=-2147483648.000000
diff=1
expected=37398071412.295242
actual=145057485.810668
diff=-2147483648.000000
diff=1
WARNING: orio.module.loop.submodule.tile.transformation: tile size 64 must be greater than the stride value 64; tile index = jjj
expected=44607612148.138161
actual=145057485.810668
diff=-2147483648.000000
diff=1
expected=30509075330.656471
actual=145057485.810668
diff=-2147483648.000000
diff=1
expected=44608572564.990089
actual=145057485.810668
diff=-2147483648.000000
diff=1
expected=44814586529.856316
actual=145057485.810668
diff=-2147483648.000000
diff=1
expected=15851638284.530546
actual=145057485.810668
diff=-2147483648.000000
diff=1
expected=145057485.810668
actual=145057485.810668
diff=0.000000
diff=1
expected=145057485.810668
actual=145057485.810668
diff=0.000000
diff=1
expected=44355910708.991867
actual=145057485.810668
diff=-2147483648.000000
diff=1
expected=44808682192.848793
actual=145057485.810668
diff=-2147483648.000000
diff=1
expected=44741814598.665169
actual=145057485.810668
diff=-2147483648.000000
diff=1
expected=44693612280.086617
actual=145057485.810668
diff=-2147483648.000000
diff=1
expected=43533829215.473175
actual=145057485.810668
diff=-2147483648.000000
diff=1
expected=25780906287.539272
actual=145057485.810668
diff=-2147483648.000000
diff=1
WARNING: orio.module.loop.submodule.tile.transformation: tile size 16 must be greater than the stride value 16; tile index = iii
expected=43391725468.531326
actual=145057485.810668
diff=-2147483648.000000
diff=1
expected=15851638284.530546
actual=145057485.810668
diff=-2147483648.000000
diff=1
expected=44338717421.997200
actual=145057485.810668
diff=-2147483648.000000
diff=1
expected=43717766642.437691
actual=145057485.810668
diff=-2147483648.000000
diff=1
expected=145057485.810668
actual=145057485.810668
diff=0.000000
diff=1
expected=145057485.810668
actual=145057485.810668
diff=0.000000
diff=1
expected=44695716366.007256
actual=145057485.810668
diff=-2147483648.000000
diff=1
expected=145057485.810668
actual=145057485.810668
diff=0.000000
diff=1
WARNING: orio.module.loop.submodule.tile.transformation: tile size 16 must be greater than the stride value 16; tile index = iii
expected=41611952767.159897
actual=145057485.810668
diff=-2147483648.000000
diff=1
expected=36960853894.874451
actual=145057485.810668
diff=-2147483648.000000
diff=1
WARNING: orio.module.loop.submodule.tile.transformation: tile size 2048 must be greater than the stride value 2048; tile index = jjj
expected=35767521973.646378
actual=145057485.810668
diff=-2147483648.000000
diff=1
expected=44898419969.714546
actual=145057485.810668
diff=-2147483648.000000
diff=1
expected=44349393910.504478
actual=145057485.810668
diff=-2147483648.000000
diff=1
WARNING: orio.module.loop.submodule.tile.transformation: tile size 64 must be greater than the stride value 64; tile index = iii
expected=44643918286.313171
actual=145057485.810668
diff=-2147483648.000000
diff=1
expected=145057485.810668
actual=145057485.810668
diff=0.000000
diff=1
expected=145057485.810668
actual=145057485.810668
diff=0.000000
diff=1
expected=44696941977.949059
actual=145057485.810668
diff=-2147483648.000000
diff=1
expected=145057485.810668
actual=145057485.810668
diff=0.000000
diff=1
expected=44696261082.425850
actual=145057485.810668
diff=-2147483648.000000
diff=1
expected=35841279166.691338
actual=145057485.810668
diff=-2147483648.000000
diff=1
expected=15851638284.530546
actual=145057485.810668
diff=-2147483648.000000
diff=1
expected=145057485.810668
actual=145057485.810668
diff=0.000000
diff=1
WARNING: orio.module.loop.submodule.tile.transformation: tile size 16 must be greater than the stride value 16; tile index = iii
expected=43467476165.888206
actual=145057485.810668
diff=-2147483648.000000
diff=1
expected=44607612148.138161
actual=145057485.810668
diff=-2147483648.000000
diff=1
expected=44894143430.851929
actual=145057485.810668
diff=-2147483648.000000
diff=1
expected=25780906287.539272
actual=145057485.810668
diff=-2147483648.000000
diff=1
expected=44811049454.283966
actual=145057485.810668
diff=-2147483648.000000
diff=1
expected=44702580718.409073
actual=145057485.810668
diff=-2147483648.000000
diff=1
expected=145057485.810668
actual=145057485.810668
diff=0.000000
diff=1
expected=37269072723.686302
actual=145057485.810668
diff=-2147483648.000000
diff=1
expected=44303901634.741371
actual=145057485.810668
diff=-2147483648.000000
diff=1
expected=44783571097.469360
actual=145057485.810668
diff=-2147483648.000000
diff=1
WARNING: orio.module.loop.submodule.tile.transformation: tile size 512 must be greater than the stride value 512; tile index = jjj
expected=36712773260.706825
actual=145057485.810668
diff=-2147483648.000000
diff=1
WARNING: orio.module.loop.submodule.tile.transformation: tile size 128 must be greater than the stride value 128; tile index = iii
expected=44689252459.973663
actual=145057485.810668
diff=-2147483648.000000
diff=1
WARNING: orio.module.loop.submodule.tile.transformation: tile size 1024 must be greater than the stride value 1024; tile index = iii
expected=44695716366.007256
actual=145057485.810668
diff=-2147483648.000000
diff=1
expected=44810155653.262993
actual=145057485.810668
diff=-2147483648.000000
diff=1
expected=145057485.810668
actual=145057485.810668
diff=0.000000
diff=1
expected=145057485.810668
actual=145057485.810668
diff=0.000000
diff=1
expected=145057485.810668
actual=145057485.810668
diff=0.000000
diff=1
WARNING: orio.module.loop.submodule.tile.transformation: tile size 8 must be greater than the stride value 8; tile index = jjj
expected=145057485.810668
actual=145057485.810668
diff=0.000000
diff=1
expected=44808682192.848793
actual=145057485.810668
diff=-2147483648.000000
diff=1
expected=34428062392.362091
actual=145057485.810668
diff=-2147483648.000000
diff=1
expected=42200484007.538742
actual=145057485.810668
diff=-2147483648.000000
diff=1
WARNING: orio.module.loop.submodule.tile.transformation: tile size 2048 must be greater than the stride value 2048; tile index = jjj
expected=44338717421.997200
actual=145057485.810668
diff=-2147483648.000000
diff=1
expected=37476503674.732025
actual=145057485.810668
diff=-2147483648.000000
diff=1
expected=40384173831.907867
actual=145057485.810668
diff=-2147483648.000000
diff=1
WARNING: orio.module.loop.submodule.tile.transformation: tile size 64 must be greater than the stride value 64; tile index = iii
expected=43461728724.043350
actual=145057485.810668
diff=-2147483648.000000
diff=1
expected=44695716366.007256
actual=145057485.810668
diff=-2147483648.000000
diff=1
expected=41676694384.656845
actual=145057485.810668
diff=-2147483648.000000
diff=1
expected=44687720644.522118
actual=145057485.810668
diff=-2147483648.000000
diff=1
expected=44891464545.021896
actual=145057485.810668
diff=-2147483648.000000
diff=1
expected=145057485.810668
actual=145057485.810668
diff=0.000000
diff=1
WARNING: orio.module.loop.submodule.tile.transformation: tile size 512 must be greater than the stride value 512; tile index = jjj
expected=44338717421.997200
actual=145057485.810668
diff=-2147483648.000000
diff=1
expected=37862890079.700447
actual=145057485.810668
diff=-2147483648.000000
diff=1
expected=145057485.810668
actual=145057485.810668
diff=0.000000
diff=1
expected=37099769326.523964
actual=145057485.810668
diff=-2147483648.000000
diff=1
expected=42333565932.076653
actual=145057485.810668
diff=-2147483648.000000
diff=1
expected=43717766642.437691
actual=145057485.810668
diff=-2147483648.000000
diff=1
expected=44329360236.293381
actual=145057485.810668
diff=-2147483648.000000
diff=1
expected=35233835436.006950
actual=145057485.810668
diff=-2147483648.000000
diff=1
expected=43364123821.102875
actual=145057485.810668
diff=-2147483648.000000
diff=1
expected=25780906287.539272
actual=145057485.810668
diff=-2147483648.000000
diff=1
WARNING: orio.module.loop.submodule.tile.transformation: tile size 8 must be greater than the stride value 8; tile index = jjj
expected=44897929909.025726
actual=145057485.810668
diff=-2147483648.000000
diff=1
expected=44696261082.425850
actual=145057485.810668
diff=-2147483648.000000
diff=1
expected=25780906287.539272
actual=145057485.810668
diff=-2147483648.000000
diff=1
expected=44784786892.763176
actual=145057485.810668
diff=-2147483648.000000
diff=1
expected=43387539281.040497
actual=145057485.810668
diff=-2147483648.000000
diff=1
expected=44307216023.335617
actual=145057485.810668
diff=-2147483648.000000
diff=1
expected=44898721243.340340
actual=145057485.810668
diff=-2147483648.000000
diff=1
WARNING: orio.module.loop.submodule.tile.transformation: tile size 256 must be greater than the stride value 256; tile index = jjj
expected=44891308733.197205
actual=145057485.810668
diff=-2147483648.000000
diff=1
WARNING: orio.module.loop.submodule.tile.transformation: tile size 32 must be greater than the stride value 32; tile index = jjj
expected=145057485.810668
actual=145057485.810668
diff=0.000000
diff=1
expected=44772855809.330383
actual=145057485.810668
diff=-2147483648.000000
diff=1
WARNING: orio.module.loop.submodule.tile.transformation: tile size 16 must be greater than the stride value 16; tile index = jjj
expected=36535936437.921104
actual=145057485.810668
diff=-2147483648.000000
diff=1
expected=44692653240.148376
actual=145057485.810668
diff=-2147483648.000000
diff=1
WARNING: orio.module.loop.submodule.tile.transformation: tile size 8 must be greater than the stride value 8; tile index = iii
expected=44666135177.199257
actual=145057485.810668
diff=-2147483648.000000
diff=1
WARNING: orio.module.loop.submodule.tile.transformation: tile size 64 must be greater than the stride value 64; tile index = iii
expected=44819253399.850082
actual=145057485.810668
diff=-2147483648.000000
diff=1
expected=15851638284.530546
actual=145057485.810668
diff=-2147483648.000000
diff=1
expected=44700257169.903885
actual=145057485.810668
diff=-2147483648.000000
diff=1
expected=15851638284.530546
actual=145057485.810668
diff=-2147483648.000000
diff=1
WARNING: orio.module.loop.submodule.tile.transformation: tile size 16 must be greater than the stride value 16; tile index = iii
expected=44695716366.007256
actual=145057485.810668
diff=-2147483648.000000
diff=1
expected=44785399669.575577
actual=145057485.810668
diff=-2147483648.000000
diff=1
expected=40866443700.432602
actual=145057485.810668
diff=-2147483648.000000
diff=1
WARNING: orio.module.loop.submodule.tile.transformation: tile size 4 must be greater than the stride value 4; tile index = iii
expected=36986049476.915634
actual=145057485.810668
diff=-2147483648.000000
diff=1
expected=44783571097.469360
actual=145057485.810668
diff=-2147483648.000000
diff=1
expected=35848579293.142097
actual=145057485.810668
diff=-2147483648.000000
diff=1
expected=145057485.810668
actual=145057485.810668
diff=0.000000
diff=1
WARNING: orio.module.loop.submodule.tile.transformation: tile size 4 must be greater than the stride value 4; tile index = jjj
Segmentation fault
[00;31mERROR: orio.main.tuner.ptest_driver: failed to execute the test code: "timeout --kill-after=30s --signal=9 20m  ./__orio_perftest165.exe  "
 --> CalledProcessError: Command 'timeout --kill-after=30s --signal=9 20m  ./__orio_perftest165.exe  ' returned non-zero exit status 139[00m
[00;31mERROR: orio.main.tuner.ptest_driver:  performance testing failed: "timeout --kill-after=30s --signal=9 20m  ./__orio_perftest165.exe  "[00m
expected=44666135177.199257
actual=145057485.810668
diff=-2147483648.000000
diff=1
expected=44785704735.333160
actual=145057485.810668
diff=-2147483648.000000
diff=1
expected=44806108180.209679
actual=145057485.810668
diff=-2147483648.000000
diff=1
expected=37602340353.570290
actual=145057485.810668
diff=-2147483648.000000
diff=1
expected=44783571097.469360
actual=145057485.810668
diff=-2147483648.000000
diff=1
expected=43076305571.731026
actual=145057485.810668
diff=-2147483648.000000
diff=1
expected=37485008367.106178
actual=145057485.810668
diff=-2147483648.000000
diff=1
expected=145057485.810668
actual=145057485.810668
diff=0.000000
diff=1
expected=36844065438.411133
actual=145057485.810668
diff=-2147483648.000000
diff=1
expected=44699860065.029755
actual=145057485.810668
diff=-2147483648.000000
diff=1
expected=42200484007.538742
actual=145057485.810668
diff=-2147483648.000000
diff=1
expected=145057485.810668
actual=145057485.810668
diff=0.000000
diff=1
expected=44700235139.390251
actual=145057485.810668
diff=-2147483648.000000
diff=1
expected=145057485.810668
actual=145057485.810668
diff=0.000000
diff=1
expected=44695716366.007256
actual=145057485.810668
diff=-2147483648.000000
diff=1
expected=39997014234.553841
actual=145057485.810668
diff=-2147483648.000000
diff=1
WARNING: orio.module.loop.submodule.tile.transformation: tile size 64 must be greater than the stride value 64; tile index = iii
expected=44687720644.522118
actual=145057485.810668
diff=-2147483648.000000
diff=1
expected=37074647240.931030
actual=145057485.810668
diff=-2147483648.000000
diff=1
expected=145057485.810668
actual=145057485.810668
diff=0.000000
diff=1
expected=44808887502.665932
actual=145057485.810668
diff=-2147483648.000000
diff=1
expected=44818698401.622086
actual=145057485.810668
diff=-2147483648.000000
diff=1
expected=36195757588.539978
actual=145057485.810668
diff=-2147483648.000000
diff=1
expected=43464386537.683548
actual=145057485.810668
diff=-2147483648.000000
diff=1
expected=145057485.810668
actual=145057485.810668
diff=0.000000
diff=1
expected=44784786892.763176
actual=145057485.810668
diff=-2147483648.000000
diff=1
expected=145057485.810668
actual=145057485.810668
diff=0.000000
diff=1
expected=44349393910.504478
actual=145057485.810668
diff=-2147483648.000000
diff=1
expected=44358131289.528374
actual=145057485.810668
diff=-2147483648.000000
diff=1
WARNING: orio.module.loop.submodule.tile.transformation: tile size 2048 must be greater than the stride value 2048; tile index = jjj
expected=44696261082.425850
actual=145057485.810668
diff=-2147483648.000000
diff=1
expected=44185983065.314415
actual=145057485.810668
diff=-2147483648.000000
diff=1
expected=44699933642.559540
actual=145057485.810668
diff=-2147483648.000000
diff=1
expected=44695716366.007256
actual=145057485.810668
diff=-2147483648.000000
diff=1
expected=37602340353.570290
actual=145057485.810668
diff=-2147483648.000000
diff=1
expected=44338717421.997200
actual=145057485.810668
diff=-2147483648.000000
diff=1
expected=32305428785.371597
actual=145057485.810668
diff=-2147483648.000000
diff=1
expected=43773980915.240120
actual=145057485.810668
diff=-2147483648.000000
diff=1
WARNING: orio.module.loop.submodule.tile.transformation: tile size 4 must be greater than the stride value 4; tile index = iii
expected=37424355475.245659
actual=145057485.810668
diff=-2147483648.000000
diff=1
WARNING: orio.module.loop.submodule.tile.transformation: tile size 128 must be greater than the stride value 128; tile index = iii
expected=43544249144.154121
actual=145057485.810668
diff=-2147483648.000000
diff=1
expected=38512708219.744247
actual=145057485.810668
diff=-2147483648.000000
diff=1
expected=44311359009.081963
actual=145057485.810668
diff=-2147483648.000000
diff=1
expected=38512708219.744247
actual=145057485.810668
diff=-2147483648.000000
diff=1
expected=33644392960.039684
actual=145057485.810668
diff=-2147483648.000000
diff=1
expected=39997014234.553841
actual=145057485.810668
diff=-2147483648.000000
diff=1
expected=44700083934.803741
actual=145057485.810668
diff=-2147483648.000000
diff=1
expected=25780906287.539272
actual=145057485.810668
diff=-2147483648.000000
diff=1
expected=44695716366.007256
actual=145057485.810668
diff=-2147483648.000000
diff=1
WARNING: orio.module.loop.submodule.tile.transformation: tile size 16 must be greater than the stride value 16; tile index = iii
expected=37485008367.106178
actual=145057485.810668
diff=-2147483648.000000
diff=1
expected=44370218402.966606
actual=145057485.810668
diff=-2147483648.000000
diff=1
expected=35567444418.144501
actual=145057485.810668
diff=-2147483648.000000
diff=1
WARNING: orio.module.loop.submodule.tile.transformation: tile size 2048 must be greater than the stride value 2048; tile index = iii
expected=44694959087.872101
actual=145057485.810668
diff=-2147483648.000000
diff=1
expected=145057485.810668
actual=145057485.810668
diff=0.000000
diff=1
WARNING: orio.module.loop.submodule.tile.transformation: tile size 512 must be greater than the stride value 512; tile index = jjj
expected=44824861520.916481
actual=145057485.810668
diff=-2147483648.000000
diff=1
expected=44849522177.749550
actual=145057485.810668
diff=-2147483648.000000
diff=1
expected=39295359605.958046
actual=145057485.810668
diff=-2147483648.000000
diff=1
expected=40430921747.899261
actual=145057485.810668
diff=-2147483648.000000
diff=1
expected=44688780770.764732
actual=145057485.810668
diff=-2147483648.000000
diff=1
expected=44892020095.964561
actual=145057485.810668
diff=-2147483648.000000
diff=1
expected=42200484007.538742
actual=145057485.810668
diff=-2147483648.000000
diff=1
WARNING: orio.module.loop.submodule.tile.transformation: tile size 16 must be greater than the stride value 16; tile index = jjj
expected=44805327598.584442
actual=145057485.810668
diff=-2147483648.000000
diff=1
expected=44823280364.204063
actual=145057485.810668
diff=-2147483648.000000
diff=1
expected=44783571097.469360
actual=145057485.810668
diff=-2147483648.000000
diff=1
WARNING: orio.module.loop.submodule.tile.transformation: tile size 256 must be greater than the stride value 256; tile index = iii
expected=43076305571.731026
actual=145057485.810668
diff=-2147483648.000000
diff=1
WARNING: orio.module.loop.submodule.tile.transformation: tile size 32 must be greater than the stride value 32; tile index = iii
expected=40384380500.707245
actual=145057485.810668
diff=-2147483648.000000
diff=1
expected=145057485.810668
actual=145057485.810668
diff=0.000000
diff=1
expected=44612174128.182014
actual=145057485.810668
diff=-2147483648.000000
diff=1
expected=32305198106.560108
actual=145057485.810668
diff=-2147483648.000000
diff=1
expected=44754946354.563210
actual=145057485.810668
diff=-2147483648.000000
diff=1
expected=44671399997.513306
actual=145057485.810668
diff=-2147483648.000000
diff=1
expected=43799427647.053146
actual=145057485.810668
diff=-2147483648.000000
diff=1
WARNING: orio.module.loop.submodule.tile.transformation: tile size 512 must be greater than the stride value 512; tile index = iii
WARNING: orio.module.loop.submodule.tile.transformation: tile size 128 must be greater than the stride value 128; tile index = jjj
expected=44698303768.995506
actual=145057485.810668
diff=-2147483648.000000
diff=1
WARNING: orio.module.loop.submodule.tile.transformation: tile size 32 must be greater than the stride value 32; tile index = iii
expected=44783571097.469360
actual=145057485.810668
diff=-2147483648.000000
diff=1
expected=44698303768.995506
actual=145057485.810668
diff=-2147483648.000000
diff=1
expected=44678161424.173347
actual=145057485.810668
diff=-2147483648.000000
diff=1
expected=145057485.810668
actual=145057485.810668
diff=0.000000
diff=1
expected=44698303768.995506
actual=145057485.810668
diff=-2147483648.000000
diff=1
expected=44784786892.763176
actual=145057485.810668
diff=-2147483648.000000
diff=1
expected=145057485.810668
actual=145057485.810668
diff=0.000000
diff=1
WARNING: orio.module.loop.submodule.tile.transformation: tile size 1024 must be greater than the stride value 1024; tile index = jjj
expected=44325707943.058044
actual=145057485.810668
diff=-2147483648.000000
diff=1
expected=145057485.810668
actual=145057485.810668
diff=0.000000
diff=1
expected=44670904236.250046
actual=145057485.810668
diff=-2147483648.000000
diff=1
expected=44326859250.789520
actual=145057485.810668
diff=-2147483648.000000
diff=1
WARNING: orio.module.loop.submodule.tile.transformation: tile size 2048 must be greater than the stride value 2048; tile index = iii
expected=44666820583.452309
actual=145057485.810668
diff=-2147483648.000000
diff=1
expected=145057485.810668
actual=145057485.810668
diff=0.000000
diff=1
WARNING: orio.module.loop.submodule.tile.transformation: tile size 128 must be greater than the stride value 128; tile index = iii
WARNING: orio.module.loop.submodule.tile.transformation: tile size 512 must be greater than the stride value 512; tile index = jjj
expected=44185983065.314415
actual=145057485.810668
diff=-2147483648.000000
diff=1
WARNING: orio.module.loop.submodule.tile.transformation: tile size 16 must be greater than the stride value 16; tile index = jjj
expected=25780906287.539272
actual=145057485.810668
diff=-2147483648.000000
diff=1
expected=37602340353.570290
actual=145057485.810668
diff=-2147483648.000000
diff=1
expected=145057485.810668
actual=145057485.810668
diff=0.000000
diff=1
expected=37423225059.964561
actual=145057485.810668
diff=-2147483648.000000
diff=1
WARNING: orio.module.loop.submodule.tile.transformation: tile size 256 must be greater than the stride value 256; tile index = iii
expected=44810486416.029228
actual=145057485.810668
diff=-2147483648.000000
diff=1
expected=44607612148.138161
actual=145057485.810668
diff=-2147483648.000000
diff=1
expected=44666562109.880135
actual=145057485.810668
diff=-2147483648.000000
diff=1
expected=39628377627.405518
actual=145057485.810668
diff=-2147483648.000000
diff=1
expected=40951906144.278885
actual=145057485.810668
diff=-2147483648.000000
diff=1
WARNING: orio.module.loop.submodule.tile.transformation: tile size 4 must be greater than the stride value 4; tile index = jjj
expected=37602340353.570290
actual=145057485.810668
diff=-2147483648.000000
diff=1
WARNING: orio.module.loop.submodule.tile.transformation: tile size 32 must be greater than the stride value 32; tile index = iii
expected=44783571097.469360
actual=145057485.810668
diff=-2147483648.000000
diff=1
WARNING: orio.module.loop.submodule.tile.transformation: tile size 16 must be greater than the stride value 16; tile index = jjj
expected=44700769539.300041
actual=145057485.810668
diff=-2147483648.000000
diff=1
expected=42647844966.717842
actual=145057485.810668
diff=-2147483648.000000
diff=1
expected=43387974546.926323
actual=145057485.810668
diff=-2147483648.000000
diff=1
expected=44783571097.469360
actual=145057485.810668
diff=-2147483648.000000
diff=1
expected=44612174128.182014
actual=145057485.810668
diff=-2147483648.000000
diff=1
expected=40384173831.907867
actual=145057485.810668
diff=-2147483648.000000
diff=1
expected=44185983065.314415
actual=145057485.810668
diff=-2147483648.000000
diff=1
expected=44303901634.741371
actual=145057485.810668
diff=-2147483648.000000
diff=1
expected=43484881079.999245
actual=145057485.810668
diff=-2147483648.000000
diff=1
expected=44885037819.138420
actual=145057485.810668
diff=-2147483648.000000
diff=1
expected=145057485.810668
actual=145057485.810668
diff=0.000000
diff=1
expected=44785428408.485878
actual=145057485.810668
diff=-2147483648.000000
diff=1
expected=37423225059.964561
actual=145057485.810668
diff=-2147483648.000000
diff=1
expected=44783571097.469360
actual=145057485.810668
diff=-2147483648.000000
diff=1
expected=44676588364.704880
actual=145057485.810668
diff=-2147483648.000000
diff=1
expected=37476503674.732025
actual=145057485.810668
diff=-2147483648.000000
diff=1
WARNING: orio.module.loop.submodule.tile.transformation: tile size 1024 must be greater than the stride value 1024; tile index = iii
expected=43386925448.602730
actual=145057485.810668
diff=-2147483648.000000
diff=1
expected=44607364417.461121
actual=145057485.810668
diff=-2147483648.000000
diff=1
expected=41601570034.396339
actual=145057485.810668
diff=-2147483648.000000
diff=1
WARNING: orio.module.loop.submodule.tile.transformation: tile size 128 must be greater than the stride value 128; tile index = iii
expected=44802915124.727036
actual=145057485.810668
diff=-2147483648.000000
diff=1
expected=37066537261.614479
actual=145057485.810668
diff=-2147483648.000000
diff=1
expected=30509362051.214706
actual=145057485.810668
diff=-2147483648.000000
diff=1
expected=39416546915.427658
actual=145057485.810668
diff=-2147483648.000000
diff=1
expected=33644392960.039684
actual=145057485.810668
diff=-2147483648.000000
diff=1
expected=145057485.810668
actual=145057485.810668
diff=0.000000
diff=1
expected=39422667481.458618
actual=145057485.810668
diff=-2147483648.000000
diff=1
expected=42655854788.000954
actual=145057485.810668
diff=-2147483648.000000
diff=1
expected=44783571097.469360
actual=145057485.810668
diff=-2147483648.000000
diff=1
expected=44671223560.322670
actual=145057485.810668
diff=-2147483648.000000
diff=1
WARNING: orio.module.loop.submodule.tile.transformation: tile size 64 must be greater than the stride value 64; tile index = iii
WARNING: orio.module.loop.submodule.tile.transformation: tile size 2 must be greater than the stride value 2; tile index = jjj
expected=44783571097.469360
actual=145057485.810668
diff=-2147483648.000000
diff=1
expected=145057485.810668
actual=145057485.810668
diff=0.000000
diff=1
expected=44783827054.373192
actual=145057485.810668
diff=-2147483648.000000
diff=1
WARNING: orio.module.loop.submodule.tile.transformation: tile size 1024 must be greater than the stride value 1024; tile index = iii
WARNING: orio.module.loop.submodule.tile.transformation: tile size 512 must be greater than the stride value 512; tile index = jjj
expected=44906152365.702354
actual=145057485.810668
diff=-2147483648.000000
diff=1
expected=43321832926.046761
actual=145057485.810668
diff=-2147483648.000000
diff=1
expected=44224245283.230766
actual=145057485.810668
diff=-2147483648.000000
diff=1
expected=36945375731.768188
actual=145057485.810668
diff=-2147483648.000000
diff=1
expected=44357855134.643280
actual=145057485.810668
diff=-2147483648.000000
diff=1
WARNING: orio.module.loop.submodule.tile.transformation: tile size 16 must be greater than the stride value 16; tile index = jjj
expected=44303901634.741371
actual=145057485.810668
diff=-2147483648.000000
diff=1
expected=42200484007.538742
actual=145057485.810668
diff=-2147483648.000000
diff=1
expected=44809144139.937851
actual=145057485.810668
diff=-2147483648.000000
diff=1
expected=145057485.810668
actual=145057485.810668
diff=0.000000
diff=1
