
expected=44818254185.213898
actual=145057485.810668
diff=-2147483648.000000
diff=1
expected=43387870241.029091
actual=145057485.810668
diff=-2147483648.000000
diff=1
expected=145057485.810668
actual=145057485.810668
diff=0.000000
diff=1
expected=44311359009.081963
actual=145057485.810668
diff=-2147483648.000000
diff=1
expected=38512708219.744247
actual=145057485.810668
diff=-2147483648.000000
diff=1
expected=44688691530.143867
actual=145057485.810668
diff=-2147483648.000000
diff=1
WARNING: orio.module.loop.submodule.tile.transformation: tile size 256 must be greater than the stride value 256; tile index = jjj
expected=44748107244.231827
actual=145057485.810668
diff=-2147483648.000000
diff=1
expected=44823280364.204063
actual=145057485.810668
diff=-2147483648.000000
diff=1
WARNING: orio.module.loop.submodule.tile.transformation: tile size 64 must be greater than the stride value 64; tile index = jjj
expected=44303901634.741371
actual=145057485.810668
diff=-2147483648.000000
diff=1
expected=43808669303.635300
actual=145057485.810668
diff=-2147483648.000000
diff=1
WARNING: orio.module.loop.submodule.tile.transformation: tile size 1024 must be greater than the stride value 1024; tile index = jjj
expected=36834611789.141518
actual=145057485.810668
diff=-2147483648.000000
diff=1
expected=44809144139.937851
actual=145057485.810668
diff=-2147483648.000000
diff=1
expected=44783571097.469360
actual=145057485.810668
diff=-2147483648.000000
diff=1
WARNING: orio.module.loop.submodule.tile.transformation: tile size 512 must be greater than the stride value 512; tile index = iii
expected=44809657414.481102
actual=145057485.810668
diff=-2147483648.000000
diff=1
expected=44808682192.848793
actual=145057485.810668
diff=-2147483648.000000
diff=1
expected=43272321982.361183
actual=145057485.810668
diff=-2147483648.000000
diff=1
expected=44714855076.225143
actual=145057485.810668
diff=-2147483648.000000
diff=1
expected=43076305571.731026
actual=145057485.810668
diff=-2147483648.000000
diff=1
WARNING: orio.module.loop.submodule.tile.transformation: tile size 1024 must be greater than the stride value 1024; tile index = iii
expected=44696941977.949059
actual=145057485.810668
diff=-2147483648.000000
diff=1
expected=44695716366.007256
actual=145057485.810668
diff=-2147483648.000000
diff=1
WARNING: orio.module.loop.submodule.tile.transformation: tile size 2 must be greater than the stride value 2; tile index = iii
expected=38512708219.744247
actual=145057485.810668
diff=-2147483648.000000
diff=1
expected=43076305571.731026
actual=145057485.810668
diff=-2147483648.000000
diff=1
WARNING: orio.module.loop.submodule.tile.transformation: tile size 2048 must be greater than the stride value 2048; tile index = jjj
expected=39997014234.553841
actual=145057485.810668
diff=-2147483648.000000
diff=1
expected=44303901634.741371
actual=145057485.810668
diff=-2147483648.000000
diff=1
WARNING: orio.module.loop.submodule.tile.transformation: tile size 1024 must be greater than the stride value 1024; tile index = jjj
expected=44666135177.199257
actual=145057485.810668
diff=-2147483648.000000
diff=1
WARNING: orio.module.loop.submodule.tile.transformation: tile size 2048 must be greater than the stride value 2048; tile index = iii
expected=44185983065.314415
actual=145057485.810668
diff=-2147483648.000000
diff=1
WARNING: orio.module.loop.submodule.tile.transformation: tile size 1024 must be greater than the stride value 1024; tile index = jjj
expected=44875909321.942703
actual=145057485.810668
diff=-2147483648.000000
diff=1
expected=43729601235.673782
actual=145057485.810668
diff=-2147483648.000000
diff=1
expected=42695414301.033234
actual=145057485.810668
diff=-2147483648.000000
diff=1
expected=44695716366.007256
actual=145057485.810668
diff=-2147483648.000000
diff=1
expected=44607612148.138161
actual=145057485.810668
diff=-2147483648.000000
diff=1
WARNING: orio.module.loop.submodule.tile.transformation: tile size 512 must be greater than the stride value 512; tile index = iii
expected=44695716366.007256
actual=145057485.810668
diff=-2147483648.000000
diff=1
expected=44697894316.422440
actual=145057485.810668
diff=-2147483648.000000
diff=1
WARNING: orio.module.loop.submodule.tile.transformation: tile size 2 must be greater than the stride value 2; tile index = iii
expected=145057485.810668
actual=145057485.810668
diff=0.000000
diff=1
WARNING: orio.module.loop.submodule.tile.transformation: tile size 128 must be greater than the stride value 128; tile index = jjj
expected=43469333746.390610
actual=145057485.810668
diff=-2147483648.000000
diff=1
WARNING: orio.module.loop.submodule.tile.transformation: tile size 8 must be greater than the stride value 8; tile index = jjj
expected=44695716366.007256
actual=145057485.810668
diff=-2147483648.000000
diff=1
WARNING: orio.module.loop.submodule.tile.transformation: tile size 64 must be greater than the stride value 64; tile index = iii
expected=44783571097.469360
actual=145057485.810668
diff=-2147483648.000000
diff=1
expected=44688214230.469475
actual=145057485.810668
diff=-2147483648.000000
diff=1
expected=43773980915.240120
actual=145057485.810668
diff=-2147483648.000000
diff=1
expected=44697894316.422440
actual=145057485.810668
diff=-2147483648.000000
diff=1
expected=44607612148.138161
actual=145057485.810668
diff=-2147483648.000000
diff=1
expected=145057485.810668
actual=145057485.810668
diff=0.000000
diff=1
WARNING: orio.module.loop.submodule.tile.transformation: tile size 4 must be greater than the stride value 4; tile index = jjj
expected=44785547733.543961
actual=145057485.810668
diff=-2147483648.000000
diff=1
WARNING: orio.module.loop.submodule.tile.transformation: tile size 8 must be greater than the stride value 8; tile index = iii
expected=145057485.810668
actual=145057485.810668
diff=0.000000
diff=1
WARNING: orio.module.loop.submodule.tile.transformation: tile size 32 must be greater than the stride value 32; tile index = iii
WARNING: orio.module.loop.submodule.tile.transformation: tile size 16 must be greater than the stride value 16; tile index = jjj
expected=40776641815.634209
actual=145057485.810668
diff=-2147483648.000000
diff=1
expected=44190572523.586655
actual=145057485.810668
diff=-2147483648.000000
diff=1
expected=145057485.810668
actual=145057485.810668
diff=0.000000
diff=1
expected=44687720644.522118
actual=145057485.810668
diff=-2147483648.000000
diff=1
WARNING: orio.module.loop.submodule.tile.transformation: tile size 4 must be greater than the stride value 4; tile index = jjj
expected=145057485.810668
actual=145057485.810668
diff=0.000000
diff=1
expected=145057485.810668
actual=145057485.810668
diff=0.000000
diff=1
expected=44349393910.504478
actual=145057485.810668
diff=-2147483648.000000
diff=1
expected=33644392960.039684
actual=145057485.810668
diff=-2147483648.000000
diff=1
expected=41412171939.231377
actual=145057485.810668
diff=-2147483648.000000
diff=1
expected=44823280364.204063
actual=145057485.810668
diff=-2147483648.000000
diff=1
expected=44607612148.138161
actual=145057485.810668
diff=-2147483648.000000
diff=1
WARNING: orio.module.loop.submodule.tile.transformation: tile size 4 must be greater than the stride value 4; tile index = jjj
expected=44364604551.782700
actual=145057485.810668
diff=-2147483648.000000
diff=1
expected=39997014234.553841
actual=145057485.810668
diff=-2147483648.000000
diff=1
expected=33644392960.039684
actual=145057485.810668
diff=-2147483648.000000
diff=1
expected=35789010513.841423
actual=145057485.810668
diff=-2147483648.000000
diff=1
expected=44695716366.007256
actual=145057485.810668
diff=-2147483648.000000
diff=1
expected=145057485.810668
actual=145057485.810668
diff=0.000000
diff=1
expected=145057485.810668
actual=145057485.810668
diff=0.000000
diff=1
expected=44699933642.559540
actual=145057485.810668
diff=-2147483648.000000
diff=1
expected=43076305571.731026
actual=145057485.810668
diff=-2147483648.000000
diff=1
expected=40454817800.322601
actual=145057485.810668
diff=-2147483648.000000
diff=1
WARNING: orio.module.loop.submodule.tile.transformation: tile size 32 must be greater than the stride value 32; tile index = jjj
expected=145057485.810668
actual=145057485.810668
diff=0.000000
diff=1
expected=44698303768.995506
actual=145057485.810668
diff=-2147483648.000000
diff=1
expected=44352963893.688911
actual=145057485.810668
diff=-2147483648.000000
diff=1
expected=37423225059.964561
actual=145057485.810668
diff=-2147483648.000000
diff=1
expected=25780906287.539272
actual=145057485.810668
diff=-2147483648.000000
diff=1
WARNING: orio.module.loop.submodule.tile.transformation: tile size 4 must be greater than the stride value 4; tile index = jjj
expected=44691122522.856529
actual=145057485.810668
diff=-2147483648.000000
diff=1
WARNING: orio.module.loop.submodule.tile.transformation: tile size 64 must be greater than the stride value 64; tile index = iii
expected=43717766642.437691
actual=145057485.810668
diff=-2147483648.000000
diff=1
expected=44666820583.452309
actual=145057485.810668
diff=-2147483648.000000
diff=1
expected=44303901634.741371
actual=145057485.810668
diff=-2147483648.000000
diff=1
WARNING: orio.module.loop.submodule.tile.transformation: tile size 1024 must be greater than the stride value 1024; tile index = jjj
expected=44351811870.630531
actual=145057485.810668
diff=-2147483648.000000
diff=1
expected=40464101214.029510
actual=145057485.810668
diff=-2147483648.000000
diff=1
expected=37485008367.106178
actual=145057485.810668
diff=-2147483648.000000
diff=1
expected=41581120482.412880
actual=145057485.810668
diff=-2147483648.000000
diff=1
expected=37476503674.732025
actual=145057485.810668
diff=-2147483648.000000
diff=1
expected=44700240840.312248
actual=145057485.810668
diff=-2147483648.000000
diff=1
expected=44307216023.335617
actual=145057485.810668
diff=-2147483648.000000
diff=1
expected=145057485.810668
actual=145057485.810668
diff=0.000000
diff=1
expected=145057485.810668
actual=145057485.810668
diff=0.000000
diff=1
expected=44185983065.314415
actual=145057485.810668
diff=-2147483648.000000
diff=1
WARNING: orio.module.loop.submodule.tile.transformation: tile size 2 must be greater than the stride value 2; tile index = jjj
expected=44784786892.763176
actual=145057485.810668
diff=-2147483648.000000
diff=1
WARNING: orio.module.loop.submodule.tile.transformation: tile size 16 must be greater than the stride value 16; tile index = iii
expected=44614989398.301682
actual=145057485.810668
diff=-2147483648.000000
diff=1
expected=43717766642.437691
actual=145057485.810668
diff=-2147483648.000000
diff=1
WARNING: orio.module.loop.submodule.tile.transformation: tile size 128 must be greater than the stride value 128; tile index = jjj
expected=43407422207.704926
actual=145057485.810668
diff=-2147483648.000000
diff=1
expected=44371584776.394363
actual=145057485.810668
diff=-2147483648.000000
diff=1
WARNING: orio.module.loop.submodule.tile.transformation: tile size 512 must be greater than the stride value 512; tile index = jjj
expected=44361031157.321602
actual=145057485.810668
diff=-2147483648.000000
diff=1
expected=44785552754.922485
actual=145057485.810668
diff=-2147483648.000000
diff=1
WARNING: orio.module.loop.submodule.tile.transformation: tile size 2048 must be greater than the stride value 2048; tile index = jjj
expected=44784786892.763176
actual=145057485.810668
diff=-2147483648.000000
diff=1
expected=43554728370.932068
actual=145057485.810668
diff=-2147483648.000000
diff=1
expected=44328404689.048012
actual=145057485.810668
diff=-2147483648.000000
diff=1
expected=15851638284.530546
actual=145057485.810668
diff=-2147483648.000000
diff=1
WARNING: orio.module.loop.submodule.tile.transformation: tile size 8 must be greater than the stride value 8; tile index = iii
expected=145057485.810668
actual=145057485.810668
diff=0.000000
diff=1
expected=44338717421.997200
actual=145057485.810668
diff=-2147483648.000000
diff=1
WARNING: orio.module.loop.submodule.tile.transformation: tile size 128 must be greater than the stride value 128; tile index = jjj
expected=25780906287.539272
actual=145057485.810668
diff=-2147483648.000000
diff=1
expected=44671306059.156052
actual=145057485.810668
diff=-2147483648.000000
diff=1
expected=44808682192.848793
actual=145057485.810668
diff=-2147483648.000000
diff=1
expected=44905343350.300430
actual=145057485.810668
diff=-2147483648.000000
diff=1
WARNING: orio.module.loop.submodule.tile.transformation: tile size 4 must be greater than the stride value 4; tile index = jjj
expected=44699900505.946732
actual=145057485.810668
diff=-2147483648.000000
diff=1
WARNING: orio.module.loop.submodule.tile.transformation: tile size 1024 must be greater than the stride value 1024; tile index = jjj
expected=32417928551.078724
actual=145057485.810668
diff=-2147483648.000000
diff=1
expected=44360795469.973373
actual=145057485.810668
diff=-2147483648.000000
diff=1
expected=145057485.810668
actual=145057485.810668
diff=0.000000
diff=1
WARNING: orio.module.loop.submodule.tile.transformation: tile size 256 must be greater than the stride value 256; tile index = iii
expected=44785597822.814705
actual=145057485.810668
diff=-2147483648.000000
diff=1
expected=44818254185.213898
actual=145057485.810668
diff=-2147483648.000000
diff=1
expected=44825155947.486282
actual=145057485.810668
diff=-2147483648.000000
diff=1
WARNING: orio.module.loop.submodule.tile.transformation: tile size 4 must be greater than the stride value 4; tile index = jjj
expected=44824336398.646446
actual=145057485.810668
diff=-2147483648.000000
diff=1
expected=44690646598.711227
actual=145057485.810668
diff=-2147483648.000000
diff=1
WARNING: orio.module.loop.submodule.tile.transformation: tile size 512 must be greater than the stride value 512; tile index = iii
expected=38512708219.744247
actual=145057485.810668
diff=-2147483648.000000
diff=1
expected=44785307058.489777
actual=145057485.810668
diff=-2147483648.000000
diff=1
WARNING: orio.module.loop.submodule.tile.transformation: tile size 512 must be greater than the stride value 512; tile index = jjj
expected=145057485.810668
actual=145057485.810668
diff=0.000000
diff=1
expected=44785518358.477531
actual=145057485.810668
diff=-2147483648.000000
diff=1
WARNING: orio.module.loop.submodule.tile.transformation: tile size 256 must be greater than the stride value 256; tile index = jjj
expected=44695716366.007256
actual=145057485.810668
diff=-2147483648.000000
diff=1
expected=39997014234.553841
actual=145057485.810668
diff=-2147483648.000000
diff=1
expected=44666135177.199257
actual=145057485.810668
diff=-2147483648.000000
diff=1
expected=145057485.810668
actual=145057485.810668
diff=0.000000
diff=1
expected=44810180131.140427
actual=145057485.810668
diff=-2147483648.000000
diff=1
expected=44360143858.767151
actual=145057485.810668
diff=-2147483648.000000
diff=1
expected=37485008367.106178
actual=145057485.810668
diff=-2147483648.000000
diff=1
expected=43717766642.437691
actual=145057485.810668
diff=-2147483648.000000
diff=1
expected=44669390856.896965
actual=145057485.810668
diff=-2147483648.000000
diff=1
expected=43271822303.060898
actual=145057485.810668
diff=-2147483648.000000
diff=1
expected=37423225059.964561
actual=145057485.810668
diff=-2147483648.000000
diff=1
WARNING: orio.module.loop.submodule.tile.transformation: tile size 64 must be greater than the stride value 64; tile index = jjj
expected=145057485.810668
actual=145057485.810668
diff=0.000000
diff=1
expected=44671441695.291100
actual=145057485.810668
diff=-2147483648.000000
diff=1
expected=145057485.810668
actual=145057485.810668
diff=0.000000
diff=1
expected=44808302121.433609
actual=145057485.810668
diff=-2147483648.000000
diff=1
WARNING: orio.module.loop.submodule.tile.transformation: tile size 256 must be greater than the stride value 256; tile index = iii
WARNING: orio.module.loop.submodule.tile.transformation: tile size 512 must be greater than the stride value 512; tile index = jjj
expected=44370218402.966606
actual=145057485.810668
diff=-2147483648.000000
diff=1
expected=145057485.810668
actual=145057485.810668
diff=0.000000
diff=1
expected=44854240288.734283
actual=145057485.810668
diff=-2147483648.000000
diff=1
expected=44607612148.138161
actual=145057485.810668
diff=-2147483648.000000
diff=1
expected=44614918704.977356
actual=145057485.810668
diff=-2147483648.000000
diff=1
expected=44393198635.308578
actual=145057485.810668
diff=-2147483648.000000
diff=1
expected=44808682192.848793
actual=145057485.810668
diff=-2147483648.000000
diff=1
expected=44898520327.542191
actual=145057485.810668
diff=-2147483648.000000
diff=1
WARNING: orio.module.loop.submodule.tile.transformation: tile size 4 must be greater than the stride value 4; tile index = jjj
expected=44219592190.070366
actual=145057485.810668
diff=-2147483648.000000
diff=1
WARNING: orio.module.loop.submodule.tile.transformation: tile size 16 must be greater than the stride value 16; tile index = iii
expected=43792827888.918800
actual=145057485.810668
diff=-2147483648.000000
diff=1
expected=44364510646.292336
actual=145057485.810668
diff=-2147483648.000000
diff=1
expected=44699703041.926651
actual=145057485.810668
diff=-2147483648.000000
diff=1
expected=145057485.810668
actual=145057485.810668
diff=0.000000
diff=1
expected=44370218402.966606
actual=145057485.810668
diff=-2147483648.000000
diff=1
expected=44785552754.922485
actual=145057485.810668
diff=-2147483648.000000
diff=1
WARNING: orio.module.loop.submodule.tile.transformation: tile size 32 must be greater than the stride value 32; tile index = iii
expected=44823280364.204063
actual=145057485.810668
diff=-2147483648.000000
diff=1
expected=42631979230.702629
actual=145057485.810668
diff=-2147483648.000000
diff=1
expected=44783827054.373192
actual=145057485.810668
diff=-2147483648.000000
diff=1
expected=44895163502.572578
actual=145057485.810668
diff=-2147483648.000000
diff=1
expected=145057485.810668
actual=145057485.810668
diff=0.000000
diff=1
expected=44338717421.997200
actual=145057485.810668
diff=-2147483648.000000
diff=1
expected=44607612148.138161
actual=145057485.810668
diff=-2147483648.000000
diff=1
WARNING: orio.module.loop.submodule.tile.transformation: tile size 32 must be greater than the stride value 32; tile index = iii
expected=44810430441.530159
actual=145057485.810668
diff=-2147483648.000000
diff=1
expected=145057485.810668
actual=145057485.810668
diff=0.000000
diff=1
expected=145057485.810668
actual=145057485.810668
diff=0.000000
diff=1
expected=44695716366.007256
actual=145057485.810668
diff=-2147483648.000000
diff=1
expected=44808682192.848793
actual=145057485.810668
diff=-2147483648.000000
diff=1
expected=145057485.810668
actual=145057485.810668
diff=0.000000
diff=1
expected=44783571097.469360
actual=145057485.810668
diff=-2147483648.000000
diff=1
expected=145057485.810668
actual=145057485.810668
diff=0.000000
diff=1
expected=44196334177.188507
actual=145057485.810668
diff=-2147483648.000000
diff=1
WARNING: orio.module.loop.submodule.tile.transformation: tile size 64 must be greater than the stride value 64; tile index = jjj
expected=145057485.810668
actual=145057485.810668
diff=0.000000
diff=1
WARNING: orio.module.loop.submodule.tile.transformation: tile size 4 must be greater than the stride value 4; tile index = jjj
Segmentation fault
[00;31mERROR: orio.main.tuner.ptest_driver: failed to execute the test code: "timeout --kill-after=30s --signal=9 20m  ./__orio_perftest162.exe  "
 --> CalledProcessError: Command 'timeout --kill-after=30s --signal=9 20m  ./__orio_perftest162.exe  ' returned non-zero exit status 139[00m
[00;31mERROR: orio.main.tuner.ptest_driver:  performance testing failed: "timeout --kill-after=30s --signal=9 20m  ./__orio_perftest162.exe  "[00m
expected=44785450603.215706
actual=145057485.810668
diff=-2147483648.000000
diff=1
WARNING: orio.module.loop.submodule.tile.transformation: tile size 32 must be greater than the stride value 32; tile index = iii
expected=44702568840.589142
actual=145057485.810668
diff=-2147483648.000000
diff=1
expected=145057485.810668
actual=145057485.810668
diff=0.000000
diff=1
expected=43717766642.437691
actual=145057485.810668
diff=-2147483648.000000
diff=1
expected=145057485.810668
actual=145057485.810668
diff=0.000000
diff=1
expected=44695716366.007256
actual=145057485.810668
diff=-2147483648.000000
diff=1
WARNING: orio.module.loop.submodule.tile.transformation: tile size 256 must be greater than the stride value 256; tile index = iii
expected=43076305571.731026
actual=145057485.810668
diff=-2147483648.000000
diff=1
expected=44783571097.469360
actual=145057485.810668
diff=-2147483648.000000
diff=1
expected=145057485.810668
actual=145057485.810668
diff=0.000000
diff=1
expected=44361755438.856514
actual=145057485.810668
diff=-2147483648.000000
diff=1
expected=44823477498.615974
actual=145057485.810668
diff=-2147483648.000000
diff=1
expected=145057485.810668
actual=145057485.810668
diff=0.000000
diff=1
expected=44338717421.997200
actual=145057485.810668
diff=-2147483648.000000
diff=1
expected=44783571097.469360
actual=145057485.810668
diff=-2147483648.000000
diff=1
expected=44695716366.007256
actual=145057485.810668
diff=-2147483648.000000
diff=1
expected=145057485.810668
actual=145057485.810668
diff=0.000000
diff=1
expected=43291503126.832275
actual=145057485.810668
diff=-2147483648.000000
diff=1
expected=43799467655.813454
actual=145057485.810668
diff=-2147483648.000000
diff=1
expected=36675439721.771912
actual=145057485.810668
diff=-2147483648.000000
diff=1
WARNING: orio.module.loop.submodule.tile.transformation: tile size 8 must be greater than the stride value 8; tile index = iii
expected=44699860421.337395
actual=145057485.810668
diff=-2147483648.000000
diff=1
expected=37485008367.106178
actual=145057485.810668
diff=-2147483648.000000
diff=1
expected=44338717421.997200
actual=145057485.810668
diff=-2147483648.000000
diff=1
expected=33807453205.922581
actual=145057485.810668
diff=-2147483648.000000
diff=1
expected=43104178858.350731
actual=145057485.810668
diff=-2147483648.000000
diff=1
WARNING: orio.module.loop.submodule.tile.transformation: tile size 1024 must be greater than the stride value 1024; tile index = iii
expected=44810524181.463448
actual=145057485.810668
diff=-2147483648.000000
diff=1
expected=44784147000.503082
actual=145057485.810668
diff=-2147483648.000000
diff=1
expected=44666135177.199257
actual=145057485.810668
diff=-2147483648.000000
diff=1
expected=44783571097.469360
actual=145057485.810668
diff=-2147483648.000000
diff=1
expected=43299779101.906548
actual=145057485.810668
diff=-2147483648.000000
diff=1
WARNING: orio.module.loop.submodule.tile.transformation: tile size 64 must be greater than the stride value 64; tile index = jjj
expected=44699709811.772614
actual=145057485.810668
diff=-2147483648.000000
diff=1
expected=37423225059.964561
actual=145057485.810668
diff=-2147483648.000000
diff=1
WARNING: orio.module.loop.submodule.tile.transformation: tile size 2 must be greater than the stride value 2; tile index = jjj
expected=44809144139.937851
actual=145057485.810668
diff=-2147483648.000000
diff=1
expected=36965015019.369591
actual=145057485.810668
diff=-2147483648.000000
diff=1
expected=44808682192.848793
actual=145057485.810668
diff=-2147483648.000000
diff=1
expected=38512708219.744247
actual=145057485.810668
diff=-2147483648.000000
diff=1
expected=145057485.810668
actual=145057485.810668
diff=0.000000
diff=1
expected=44891315976.026176
actual=145057485.810668
diff=-2147483648.000000
diff=1
expected=44370218402.966606
actual=145057485.810668
diff=-2147483648.000000
diff=1
expected=44699256264.100876
actual=145057485.810668
diff=-2147483648.000000
diff=1
expected=44666135177.199257
actual=145057485.810668
diff=-2147483648.000000
diff=1
expected=44808682192.848793
actual=145057485.810668
diff=-2147483648.000000
diff=1
expected=145057485.810668
actual=145057485.810668
diff=0.000000
diff=1
expected=44371045753.688736
actual=145057485.810668
diff=-2147483648.000000
diff=1
WARNING: orio.module.loop.submodule.tile.transformation: tile size 1024 must be greater than the stride value 1024; tile index = iii
expected=44809144139.937851
actual=145057485.810668
diff=-2147483648.000000
diff=1
expected=145057485.810668
actual=145057485.810668
diff=0.000000
diff=1
expected=44695716366.007256
actual=145057485.810668
diff=-2147483648.000000
diff=1
expected=44699256264.100876
actual=145057485.810668
diff=-2147483648.000000
diff=1
expected=43299779101.906548
actual=145057485.810668
diff=-2147483648.000000
diff=1
WARNING: orio.module.loop.submodule.tile.transformation: tile size 128 must be greater than the stride value 128; tile index = iii
expected=43717766642.437691
actual=145057485.810668
diff=-2147483648.000000
diff=1
WARNING: orio.module.loop.submodule.tile.transformation: tile size 16 must be greater than the stride value 16; tile index = iii
expected=44671074893.608391
actual=145057485.810668
diff=-2147483648.000000
diff=1
WARNING: orio.module.loop.submodule.tile.transformation: tile size 512 must be greater than the stride value 512; tile index = jjj
expected=38512708219.744247
actual=145057485.810668
diff=-2147483648.000000
diff=1
WARNING: orio.module.loop.submodule.tile.transformation: tile size 4 must be greater than the stride value 4; tile index = iii
WARNING: orio.module.loop.submodule.tile.transformation: tile size 4 must be greater than the stride value 4; tile index = jjj
expected=44699718347.592056
actual=145057485.810668
diff=-2147483648.000000
diff=1
expected=42695414301.033234
actual=145057485.810668
diff=-2147483648.000000
diff=1
expected=39997014234.553841
actual=145057485.810668
diff=-2147483648.000000
diff=1
WARNING: orio.module.loop.submodule.tile.transformation: tile size 2 must be greater than the stride value 2; tile index = iii
expected=44695716366.007256
actual=145057485.810668
diff=-2147483648.000000
diff=1
expected=44687720644.522118
actual=145057485.810668
diff=-2147483648.000000
diff=1
expected=44196309346.425148
actual=145057485.810668
diff=-2147483648.000000
diff=1
expected=44808682192.848793
actual=145057485.810668
diff=-2147483648.000000
diff=1
expected=145057485.810668
actual=145057485.810668
diff=0.000000
diff=1
expected=44196309346.425148
actual=145057485.810668
diff=-2147483648.000000
diff=1
expected=44442952746.432831
actual=145057485.810668
diff=-2147483648.000000
diff=1
expected=44391505702.562912
actual=145057485.810668
diff=-2147483648.000000
diff=1
expected=145057485.810668
actual=145057485.810668
diff=0.000000
diff=1
WARNING: orio.module.loop.submodule.tile.transformation: tile size 256 must be greater than the stride value 256; tile index = iii
expected=44332588166.168892
actual=145057485.810668
diff=-2147483648.000000
diff=1
expected=25780906287.539272
actual=145057485.810668
diff=-2147483648.000000
diff=1
WARNING: orio.module.loop.submodule.tile.transformation: tile size 2 must be greater than the stride value 2; tile index = iii
expected=44699439126.530418
actual=145057485.810668
diff=-2147483648.000000
diff=1
expected=41507887089.338150
actual=145057485.810668
diff=-2147483648.000000
diff=1
WARNING: orio.module.loop.submodule.tile.transformation: tile size 2 must be greater than the stride value 2; tile index = iii
expected=36763577653.713425
actual=145057485.810668
diff=-2147483648.000000
diff=1
expected=39997014234.553841
actual=145057485.810668
diff=-2147483648.000000
diff=1
expected=44695716366.007256
actual=145057485.810668
diff=-2147483648.000000
diff=1
expected=44808887502.665932
actual=145057485.810668
diff=-2147483648.000000
diff=1
WARNING: orio.module.loop.submodule.tile.transformation: tile size 8 must be greater than the stride value 8; tile index = jjj
expected=44898319770.725502
actual=145057485.810668
diff=-2147483648.000000
diff=1
expected=43717766642.437691
actual=145057485.810668
diff=-2147483648.000000
diff=1
expected=44783571097.469360
actual=145057485.810668
diff=-2147483648.000000
diff=1
WARNING: orio.module.loop.submodule.tile.transformation: tile size 8 must be greater than the stride value 8; tile index = iii
expected=145057485.810668
actual=145057485.810668
diff=0.000000
diff=1
expected=145057485.810668
actual=145057485.810668
diff=0.000000
diff=1
expected=44303901634.741371
actual=145057485.810668
diff=-2147483648.000000
diff=1
expected=44326337228.249100
actual=145057485.810668
diff=-2147483648.000000
diff=1
WARNING: orio.module.loop.submodule.tile.transformation: tile size 64 must be greater than the stride value 64; tile index = iii
expected=44219886846.648315
actual=145057485.810668
diff=-2147483648.000000
diff=1
WARNING: orio.module.loop.submodule.tile.transformation: tile size 128 must be greater than the stride value 128; tile index = iii
expected=43550923798.358711
actual=145057485.810668
diff=-2147483648.000000
diff=1
WARNING: orio.module.loop.submodule.tile.transformation: tile size 2048 must be greater than the stride value 2048; tile index = jjj
expected=43076305571.731026
actual=145057485.810668
diff=-2147483648.000000
diff=1
WARNING: orio.module.loop.submodule.tile.transformation: tile size 8 must be greater than the stride value 8; tile index = jjj
expected=44667677341.268684
actual=145057485.810668
diff=-2147483648.000000
diff=1
expected=44695716366.007256
actual=145057485.810668
diff=-2147483648.000000
diff=1
expected=44784147000.503082
actual=145057485.810668
diff=-2147483648.000000
diff=1
expected=36418502524.999435
actual=145057485.810668
diff=-2147483648.000000
diff=1
expected=44733766290.610619
actual=145057485.810668
diff=-2147483648.000000
diff=1
WARNING: orio.module.loop.submodule.tile.transformation: tile size 64 must be greater than the stride value 64; tile index = jjj
expected=40384173831.907867
actual=145057485.810668
diff=-2147483648.000000
diff=1
expected=25780906287.539272
actual=145057485.810668
diff=-2147483648.000000
diff=1
expected=44808682192.848793
actual=145057485.810668
diff=-2147483648.000000
diff=1
expected=39413887868.508392
actual=145057485.810668
diff=-2147483648.000000
diff=1
expected=32417928551.078724
actual=145057485.810668
diff=-2147483648.000000
diff=1
expected=145057485.810668
actual=145057485.810668
diff=0.000000
diff=1
expected=44699859352.414398
actual=145057485.810668
diff=-2147483648.000000
diff=1
expected=44818254185.213898
actual=145057485.810668
diff=-2147483648.000000
diff=1
expected=145057485.810668
actual=145057485.810668
diff=0.000000
diff=1
expected=25780906287.539272
actual=145057485.810668
diff=-2147483648.000000
diff=1
expected=44783571097.469360
actual=145057485.810668
diff=-2147483648.000000
diff=1
WARNING: orio.module.loop.submodule.tile.transformation: tile size 512 must be greater than the stride value 512; tile index = iii
expected=44383311917.340988
actual=145057485.810668
diff=-2147483648.000000
diff=1
expected=43717766642.437691
actual=145057485.810668
diff=-2147483648.000000
diff=1
expected=37423225059.964561
actual=145057485.810668
diff=-2147483648.000000
diff=1
expected=43717766642.437691
actual=145057485.810668
diff=-2147483648.000000
diff=1
expected=44303901634.741371
actual=145057485.810668
diff=-2147483648.000000
diff=1
expected=44695716366.007256
actual=145057485.810668
diff=-2147483648.000000
diff=1
expected=44886913040.530090
actual=145057485.810668
diff=-2147483648.000000
diff=1
expected=145057485.810668
actual=145057485.810668
diff=0.000000
diff=1
expected=40200505491.307518
actual=145057485.810668
diff=-2147483648.000000
diff=1
expected=44820652045.812317
actual=145057485.810668
diff=-2147483648.000000
diff=1
WARNING: orio.module.loop.submodule.tile.transformation: tile size 128 must be greater than the stride value 128; tile index = iii
expected=32417928551.078724
actual=145057485.810668
diff=-2147483648.000000
diff=1
expected=44695716366.007256
actual=145057485.810668
diff=-2147483648.000000
diff=1
expected=39997014234.553841
actual=145057485.810668
diff=-2147483648.000000
diff=1
expected=44784147000.503082
actual=145057485.810668
diff=-2147483648.000000
diff=1
expected=36964797115.459236
actual=145057485.810668
diff=-2147483648.000000
diff=1
expected=44604398485.359673
actual=145057485.810668
diff=-2147483648.000000
diff=1
expected=40641395281.651871
actual=145057485.810668
diff=-2147483648.000000
diff=1
expected=44341716679.194771
actual=145057485.810668
diff=-2147483648.000000
diff=1
expected=44667677341.268684
actual=145057485.810668
diff=-2147483648.000000
diff=1
WARNING: orio.module.loop.submodule.tile.transformation: tile size 2048 must be greater than the stride value 2048; tile index = iii
WARNING: orio.module.loop.submodule.tile.transformation: tile size 128 must be greater than the stride value 128; tile index = jjj
expected=44695716366.007256
actual=145057485.810668
diff=-2147483648.000000
diff=1
expected=145057485.810668
actual=145057485.810668
diff=0.000000
diff=1
expected=43288280315.710953
actual=145057485.810668
diff=-2147483648.000000
diff=1
expected=44697894316.422440
actual=145057485.810668
diff=-2147483648.000000
diff=1
WARNING: orio.module.loop.submodule.tile.transformation: tile size 16 must be greater than the stride value 16; tile index = jjj
expected=38512708219.744247
actual=145057485.810668
diff=-2147483648.000000
diff=1
expected=44185983065.314415
actual=145057485.810668
diff=-2147483648.000000
diff=1
expected=44225459081.129410
actual=145057485.810668
diff=-2147483648.000000
diff=1
WARNING: orio.module.loop.submodule.tile.transformation: tile size 64 must be greater than the stride value 64; tile index = jjj
expected=43464804735.100136
actual=145057485.810668
diff=-2147483648.000000
diff=1
WARNING: orio.module.loop.submodule.tile.transformation: tile size 8 must be greater than the stride value 8; tile index = jjj
expected=35314297587.479988
actual=145057485.810668
diff=-2147483648.000000
diff=1
expected=44185983065.314415
actual=145057485.810668
diff=-2147483648.000000
diff=1
expected=40454817800.322601
actual=145057485.810668
diff=-2147483648.000000
diff=1
expected=44718363259.594810
actual=145057485.810668
diff=-2147483648.000000
diff=1
WARNING: orio.module.loop.submodule.tile.transformation: tile size 256 must be greater than the stride value 256; tile index = iii
expected=43076305571.731026
actual=145057485.810668
diff=-2147483648.000000
diff=1
expected=44370218402.966606
actual=145057485.810668
diff=-2147483648.000000
diff=1
expected=145057485.810668
actual=145057485.810668
diff=0.000000
diff=1
expected=43539735177.277489
actual=145057485.810668
diff=-2147483648.000000
diff=1
expected=37505281174.746162
actual=145057485.810668
diff=-2147483648.000000
diff=1
WARNING: orio.module.loop.submodule.tile.transformation: tile size 2048 must be greater than the stride value 2048; tile index = iii
expected=44783571097.469360
actual=145057485.810668
diff=-2147483648.000000
diff=1
expected=145057485.810668
actual=145057485.810668
diff=0.000000
diff=1
expected=44783571097.469360
actual=145057485.810668
diff=-2147483648.000000
diff=1
expected=37602340353.570290
actual=145057485.810668
diff=-2147483648.000000
diff=1
expected=44700473935.097496
actual=145057485.810668
diff=-2147483648.000000
diff=1
expected=145057485.810668
actual=145057485.810668
diff=0.000000
diff=1
WARNING: orio.module.loop.submodule.tile.transformation: tile size 512 must be greater than the stride value 512; tile index = iii
