
expected=606898007999.726562
actual=405404783999.161072
diff=-2147483648.000000
diff=1
WARNING: orio.module.loop.submodule.tile.transformation: tile size 4 must be greater than the stride value 4; tile index = jjj
expected=2382473890583419412956832671465472.000000
actual=405404783999.161072
diff=-2147483648.000000
diff=1
expected=404999513999.579834
actual=405404783999.161072
diff=405269999.000000
diff=0
[00;31mERROR: orio.main.tuner.ptest_driver: failed to execute the test code: "timeout --kill-after=30s --signal=9 20m  ./__orio_perftest3.exe  "
 --> CalledProcessError: Command 'timeout --kill-after=30s --signal=9 20m  ./__orio_perftest3.exe  ' returned non-zero exit status 1[00m
[00;31mERROR: orio.main.tuner.ptest_driver:  performance testing failed: "timeout --kill-after=30s --signal=9 20m  ./__orio_perftest3.exe  "[00m
expected=405404783999.161072
actual=405404783999.161072
diff=0.000000
diff=1
WARNING: orio.module.loop.submodule.tile.transformation: tile size 128 must be greater than the stride value 128; tile index = iii
expected=251839725000808130181857280.000000
actual=405404783999.161072
diff=-2147483648.000000
diff=1
WARNING: orio.module.loop.submodule.tile.transformation: tile size 64 must be greater than the stride value 64; tile index = kkk
expected=404695561499.898865
actual=405404783999.161072
diff=709222499.000000
diff=0
[00;31mERROR: orio.main.tuner.ptest_driver: failed to execute the test code: "timeout --kill-after=30s --signal=9 20m  ./__orio_perftest6.exe  "
 --> CalledProcessError: Command 'timeout --kill-after=30s --signal=9 20m  ./__orio_perftest6.exe  ' returned non-zero exit status 1[00m
[00;31mERROR: orio.main.tuner.ptest_driver:  performance testing failed: "timeout --kill-after=30s --signal=9 20m  ./__orio_perftest6.exe  "[00m
expected=62921561486033424140083314525995496513048679403767175686651904.000000
actual=405404783999.161072
diff=-2147483648.000000
diff=1
expected=405404783999.161072
actual=405404783999.161072
diff=0.000000
diff=1
WARNING: orio.module.loop.submodule.tile.transformation: tile size 1024 must be greater than the stride value 1024; tile index = jjj
WARNING: orio.module.loop.submodule.tile.transformation: tile size 128 must be greater than the stride value 128; tile index = iii
expected=1749226010459403372724224.000000
actual=405404783999.161072
diff=-2147483648.000000
diff=1
expected=199234501963250732749403871445907130023936.000000
actual=405404783999.161072
diff=-2147483648.000000
diff=1
WARNING: orio.module.loop.submodule.tile.transformation: tile size 8 must be greater than the stride value 8; tile index = kkk
expected=181725458415206572900483206351945728.000000
actual=405404783999.161072
diff=-2147483648.000000
diff=1
expected=70284688040973927461488766280462208335872.000000
actual=405404783999.161072
diff=-2147483648.000000
diff=1
expected=1900636356060352256.000000
actual=405404783999.161072
diff=-2147483648.000000
diff=1
WARNING: orio.module.loop.submodule.tile.transformation: tile size 2048 must be greater than the stride value 2048; tile index = jjj
expected=7977308533628791342688557536928333824.000000
actual=405404783999.161072
diff=-2147483648.000000
diff=1
WARNING: orio.module.loop.submodule.tile.transformation: tile size 1024 must be greater than the stride value 1024; tile index = jjj
__orio_perftest15.c: In function ‘main’:
__orio_perftest15.c:214:11: error: ‘newlb_k’ undeclared (first use in this function)
           newlb_k=-2147483648;
           ^~~~~~~
__orio_perftest15.c:214:11: note: each undeclared identifier is reported only once for each function it appears in
__orio_perftest15.c:215:11: error: ‘newub_k’ undeclared (first use in this function)
           newub_k=N-1;
           ^~~~~~~
[00;31mERROR: orio.main.tuner.ptest_driver:  failed to compile the testing code: "timeout --kill-after=30s --signal=9 20m gcc -O3 -fopenmp -DDYNAMIC  -DORIO_REPS=10 -o __orio_perftest15.exe __orio_perftest15.c timer_cpu.o -lm -lrt"[00m
[00;31mERROR: orio.main.tuner.ptest_driver:  the executable of the test code does not exist[00m
timeout: failed to run command ‘./__orio_perftest15.exe’: No such file or directory
[00;31mERROR: orio.main.tuner.ptest_driver: failed to execute the test code: "timeout --kill-after=30s --signal=9 20m  ./__orio_perftest15.exe  "
 --> CalledProcessError: Command 'timeout --kill-after=30s --signal=9 20m  ./__orio_perftest15.exe  ' returned non-zero exit status 127[00m
[00;31mERROR: orio.main.tuner.ptest_driver:  performance testing failed: "timeout --kill-after=30s --signal=9 20m  ./__orio_perftest15.exe  "[00m
expected=404999513999.579834
actual=405404783999.161072
diff=405269999.000000
diff=0
[00;31mERROR: orio.main.tuner.ptest_driver: failed to execute the test code: "timeout --kill-after=30s --signal=9 20m  ./__orio_perftest16.exe  "
 --> CalledProcessError: Command 'timeout --kill-after=30s --signal=9 20m  ./__orio_perftest16.exe  ' returned non-zero exit status 1[00m
[00;31mERROR: orio.main.tuner.ptest_driver:  performance testing failed: "timeout --kill-after=30s --signal=9 20m  ./__orio_perftest16.exe  "[00m
expected=405404783999.161072
actual=405404783999.161072
diff=0.000000
diff=1
expected=219184323996713379425575911630988902400.000000
actual=405404783999.161072
diff=-2147483648.000000
diff=1
expected=405404783999.161072
actual=405404783999.161072
diff=0.000000
diff=1
WARNING: orio.module.loop.submodule.tile.transformation: tile size 256 must be greater than the stride value 256; tile index = iii
expected=499277754022.632996
actual=405404783999.161072
diff=-2147483648.000000
diff=1
expected=581477450625.121948
actual=405404783999.161072
diff=-2147483648.000000
diff=1
expected=6075449702609860415215670938042368.000000
actual=405404783999.161072
diff=-2147483648.000000
diff=1
WARNING: orio.module.loop.submodule.tile.transformation: tile size 16 must be greater than the stride value 16; tile index = iii
expected=1374062266911256284862647348331107512745984.000000
actual=405404783999.161072
diff=-2147483648.000000
diff=1
expected=423413902917.005981
actual=405404783999.161072
diff=-2147483648.000000
diff=1
expected=241818848816364.593750
actual=405404783999.161072
diff=-2147483648.000000
diff=1
expected=405404783999.161072
actual=405404783999.161072
diff=0.000000
diff=1
WARNING: orio.module.loop.submodule.tile.transformation: tile size 32 must be greater than the stride value 32; tile index = jjj
expected=256658551127795164321296823601206159998976.000000
actual=405404783999.161072
diff=-2147483648.000000
diff=1
WARNING: orio.module.loop.submodule.tile.transformation: tile size 8 must be greater than the stride value 8; tile index = jjj
expected=405404783999.161072
actual=405404783999.161072
diff=0.000000
diff=1
expected=1562563483523670194078089987751936.000000
actual=405404783999.161072
diff=-2147483648.000000
diff=1
expected=499277754022.632996
actual=405404783999.161072
diff=-2147483648.000000
diff=1
expected=405404783999.161072
actual=405404783999.161072
diff=0.000000
diff=1
expected=783420360840.200317
actual=405404783999.161072
diff=-2147483648.000000
diff=1
expected=4289697368006344537811108283303606884499456.000000
actual=405404783999.161072
diff=-2147483648.000000
diff=1
WARNING: orio.module.loop.submodule.tile.transformation: tile size 64 must be greater than the stride value 64; tile index = jjj
expected=404650981799.946045
actual=405404783999.161072
diff=753802199.000000
diff=0
[00;31mERROR: orio.main.tuner.ptest_driver: failed to execute the test code: "timeout --kill-after=30s --signal=9 20m  ./__orio_perftest34.exe  "
 --> CalledProcessError: Command 'timeout --kill-after=30s --signal=9 20m  ./__orio_perftest34.exe  ' returned non-zero exit status 1[00m
[00;31mERROR: orio.main.tuner.ptest_driver:  performance testing failed: "timeout --kill-after=30s --signal=9 20m  ./__orio_perftest34.exe  "[00m
WARNING: orio.module.loop.submodule.tile.transformation: tile size 512 must be greater than the stride value 512; tile index = jjj
WARNING: orio.module.loop.submodule.tile.transformation: tile size 64 must be greater than the stride value 64; tile index = kkk
expected=404999513999.579834
actual=405404783999.161072
diff=405269999.000000
diff=0
[00;31mERROR: orio.main.tuner.ptest_driver: failed to execute the test code: "timeout --kill-after=30s --signal=9 20m  ./__orio_perftest35.exe  "
 --> CalledProcessError: Command 'timeout --kill-after=30s --signal=9 20m  ./__orio_perftest35.exe  ' returned non-zero exit status 1[00m
[00;31mERROR: orio.main.tuner.ptest_driver:  performance testing failed: "timeout --kill-after=30s --signal=9 20m  ./__orio_perftest35.exe  "[00m
WARNING: orio.module.loop.submodule.tile.transformation: tile size 64 must be greater than the stride value 64; tile index = iii
expected=9970314981582999056075049854345259515904.000000
actual=405404783999.161072
diff=-2147483648.000000
diff=1
expected=5504412509432901355987701596160.000000
actual=405404783999.161072
diff=-2147483648.000000
diff=1
__orio_perftest38.c: In function ‘main’:
__orio_perftest38.c:496:11: error: ‘newlb_k’ undeclared (first use in this function)
           newlb_k=-2147483648;
           ^~~~~~~
__orio_perftest38.c:496:11: note: each undeclared identifier is reported only once for each function it appears in
__orio_perftest38.c:497:11: error: ‘newub_k’ undeclared (first use in this function)
           newub_k=N-1;
           ^~~~~~~
[00;31mERROR: orio.main.tuner.ptest_driver:  failed to compile the testing code: "timeout --kill-after=30s --signal=9 20m gcc -O3 -fopenmp -DDYNAMIC  -DORIO_REPS=10 -o __orio_perftest38.exe __orio_perftest38.c timer_cpu.o -lm -lrt"[00m
[00;31mERROR: orio.main.tuner.ptest_driver:  the executable of the test code does not exist[00m
timeout: failed to run command ‘./__orio_perftest38.exe’: No such file or directory
[00;31mERROR: orio.main.tuner.ptest_driver: failed to execute the test code: "timeout --kill-after=30s --signal=9 20m  ./__orio_perftest38.exe  "
 --> CalledProcessError: Command 'timeout --kill-after=30s --signal=9 20m  ./__orio_perftest38.exe  ' returned non-zero exit status 127[00m
[00;31mERROR: orio.main.tuner.ptest_driver:  performance testing failed: "timeout --kill-after=30s --signal=9 20m  ./__orio_perftest38.exe  "[00m
WARNING: orio.module.loop.submodule.tile.transformation: tile size 16 must be greater than the stride value 16; tile index = kkk
expected=6300364360326810816607370067574784.000000
actual=405404783999.161072
diff=-2147483648.000000
diff=1
expected=619174707014466241374778533347328.000000
actual=405404783999.161072
diff=-2147483648.000000
diff=1
expected=480410686125.056213
actual=405404783999.161072
diff=-2147483648.000000
diff=1
WARNING: orio.module.loop.submodule.tile.transformation: tile size 64 must be greater than the stride value 64; tile index = iii
expected=24433631278012720892816693517644464128.000000
actual=405404783999.161072
diff=-2147483648.000000
diff=1
WARNING: orio.module.loop.submodule.tile.transformation: tile size 2048 must be greater than the stride value 2048; tile index = iii
expected=405404783999.161072
actual=405404783999.161072
diff=0.000000
diff=1
WARNING: orio.module.loop.submodule.tile.transformation: tile size 2048 must be greater than the stride value 2048; tile index = iii
expected=404650981799.946045
actual=405404783999.161072
diff=753802199.000000
diff=0
[00;31mERROR: orio.main.tuner.ptest_driver: failed to execute the test code: "timeout --kill-after=30s --signal=9 20m  ./__orio_perftest44.exe  "
 --> CalledProcessError: Command 'timeout --kill-after=30s --signal=9 20m  ./__orio_perftest44.exe  ' returned non-zero exit status 1[00m
[00;31mERROR: orio.main.tuner.ptest_driver:  performance testing failed: "timeout --kill-after=30s --signal=9 20m  ./__orio_perftest44.exe  "[00m
expected=428805954317.424988
actual=405404783999.161072
diff=-2147483648.000000
diff=1
WARNING: orio.module.loop.submodule.tile.transformation: tile size 2 must be greater than the stride value 2; tile index = iii
WARNING: orio.module.loop.submodule.tile.transformation: tile size 1024 must be greater than the stride value 1024; tile index = kkk
expected=2386371440905944932665143274662664687147024384.000000
actual=405404783999.161072
diff=-2147483648.000000
diff=1
WARNING: orio.module.loop.submodule.tile.transformation: tile size 128 must be greater than the stride value 128; tile index = kkk
expected=15377101389781440512.000000
actual=405404783999.161072
diff=-2147483648.000000
diff=1
WARNING: orio.module.loop.submodule.tile.transformation: tile size 2 must be greater than the stride value 2; tile index = iii
expected=404999513999.579834
actual=405404783999.161072
diff=405269999.000000
diff=0
[00;31mERROR: orio.main.tuner.ptest_driver: failed to execute the test code: "timeout --kill-after=30s --signal=9 20m  ./__orio_perftest48.exe  "
 --> CalledProcessError: Command 'timeout --kill-after=30s --signal=9 20m  ./__orio_perftest48.exe  ' returned non-zero exit status 1[00m
[00;31mERROR: orio.main.tuner.ptest_driver:  performance testing failed: "timeout --kill-after=30s --signal=9 20m  ./__orio_perftest48.exe  "[00m
expected=65805617256400.171875
actual=405404783999.161072
diff=-2147483648.000000
diff=1
WARNING: orio.module.loop.submodule.tile.transformation: tile size 8 must be greater than the stride value 8; tile index = jjj
WARNING: orio.module.loop.submodule.tile.transformation: tile size 512 must be greater than the stride value 512; tile index = iii
expected=66664387154023.851562
actual=405404783999.161072
diff=-2147483648.000000
diff=1
WARNING: orio.module.loop.submodule.tile.transformation: tile size 64 must be greater than the stride value 64; tile index = iii
expected=505746126000.108276
actual=405404783999.161072
diff=-2147483648.000000
diff=1
WARNING: orio.module.loop.submodule.tile.transformation: tile size 4 must be greater than the stride value 4; tile index = iii
expected=404625855383.976746
actual=405404783999.161072
diff=778928615.000000
diff=0
[00;31mERROR: orio.main.tuner.ptest_driver: failed to execute the test code: "timeout --kill-after=30s --signal=9 20m  ./__orio_perftest52.exe  "
 --> CalledProcessError: Command 'timeout --kill-after=30s --signal=9 20m  ./__orio_perftest52.exe  ' returned non-zero exit status 1[00m
[00;31mERROR: orio.main.tuner.ptest_driver:  performance testing failed: "timeout --kill-after=30s --signal=9 20m  ./__orio_perftest52.exe  "[00m
WARNING: orio.module.loop.submodule.tile.transformation: tile size 16 must be greater than the stride value 16; tile index = iii
WARNING: orio.module.loop.submodule.tile.transformation: tile size 8 must be greater than the stride value 8; tile index = jjj
WARNING: orio.module.loop.submodule.tile.transformation: tile size 1024 must be greater than the stride value 1024; tile index = kkk
expected=1583376968640377437410093298959479996416.000000
actual=405404783999.161072
diff=-2147483648.000000
diff=1
WARNING: orio.module.loop.submodule.tile.transformation: tile size 2 must be greater than the stride value 2; tile index = iii
expected=1834858622178319869106128417664786235392.000000
actual=405404783999.161072
diff=-2147483648.000000
diff=1
expected=405404783999.161072
actual=405404783999.161072
diff=0.000000
diff=1
expected=556227128250.036255
actual=405404783999.161072
diff=-2147483648.000000
diff=1
WARNING: orio.module.loop.submodule.tile.transformation: tile size 128 must be greater than the stride value 128; tile index = jjj
expected=505746126000.108276
actual=405404783999.161072
diff=-2147483648.000000
diff=1
WARNING: orio.module.loop.submodule.tile.transformation: tile size 512 must be greater than the stride value 512; tile index = iii
expected=65989513282744.109375
actual=405404783999.161072
diff=-2147483648.000000
diff=1
expected=480410686125.056213
actual=405404783999.161072
diff=-2147483648.000000
diff=1
expected=6046169231927356606644224.000000
actual=405404783999.161072
diff=-2147483648.000000
diff=1
WARNING: orio.module.loop.submodule.tile.transformation: tile size 8 must be greater than the stride value 8; tile index = kkk
expected=4129830637231376394922350765200637952.000000
actual=405404783999.161072
diff=-2147483648.000000
diff=1
WARNING: orio.module.loop.submodule.tile.transformation: tile size 8 must be greater than the stride value 8; tile index = iii
WARNING: orio.module.loop.submodule.tile.transformation: tile size 64 must be greater than the stride value 64; tile index = iii
expected=405404783999.161072
actual=405404783999.161072
diff=0.000000
diff=1
expected=404999513999.579834
actual=405404783999.161072
diff=405269999.000000
diff=0
[00;31mERROR: orio.main.tuner.ptest_driver: failed to execute the test code: "timeout --kill-after=30s --signal=9 20m  ./__orio_perftest63.exe  "
 --> CalledProcessError: Command 'timeout --kill-after=30s --signal=9 20m  ./__orio_perftest63.exe  ' returned non-zero exit status 1[00m
[00;31mERROR: orio.main.tuner.ptest_driver:  performance testing failed: "timeout --kill-after=30s --signal=9 20m  ./__orio_perftest63.exe  "[00m
WARNING: orio.module.loop.submodule.tile.transformation: tile size 1024 must be greater than the stride value 1024; tile index = jjj
expected=405404783999.161072
actual=405404783999.161072
diff=0.000000
diff=1
expected=115704947767907490102764076512028703050424123392.000000
actual=405404783999.161072
diff=-2147483648.000000
diff=1
WARNING: orio.module.loop.submodule.tile.transformation: tile size 64 must be greater than the stride value 64; tile index = iii
WARNING: orio.module.loop.submodule.tile.transformation: tile size 2 must be greater than the stride value 2; tile index = kkk
expected=10816485690603098424949429511550542163214336.000000
actual=405404783999.161072
diff=-2147483648.000000
diff=1
expected=606898007999.726562
actual=405404783999.161072
diff=-2147483648.000000
diff=1
expected=404695561499.898865
actual=405404783999.161072
diff=709222499.000000
diff=0
[00;31mERROR: orio.main.tuner.ptest_driver: failed to execute the test code: "timeout --kill-after=30s --signal=9 20m  ./__orio_perftest68.exe  "
 --> CalledProcessError: Command 'timeout --kill-after=30s --signal=9 20m  ./__orio_perftest68.exe  ' returned non-zero exit status 1[00m
[00;31mERROR: orio.main.tuner.ptest_driver:  performance testing failed: "timeout --kill-after=30s --signal=9 20m  ./__orio_perftest68.exe  "[00m
WARNING: orio.module.loop.submodule.tile.transformation: tile size 2048 must be greater than the stride value 2048; tile index = jjj
expected=272956553065263981450042469375692729483264.000000
actual=405404783999.161072
diff=-2147483648.000000
diff=1
WARNING: orio.module.loop.submodule.tile.transformation: tile size 8 must be greater than the stride value 8; tile index = iii
WARNING: orio.module.loop.submodule.tile.transformation: tile size 1024 must be greater than the stride value 1024; tile index = jjj
expected=3704282760120595125970219334559249624727552.000000
actual=405404783999.161072
diff=-2147483648.000000
diff=1
WARNING: orio.module.loop.submodule.tile.transformation: tile size 2048 must be greater than the stride value 2048; tile index = iii
WARNING: orio.module.loop.submodule.tile.transformation: tile size 4 must be greater than the stride value 4; tile index = kkk
expected=593988226784.810547
actual=405404783999.161072
diff=-2147483648.000000
diff=1
WARNING: orio.module.loop.submodule.tile.transformation: tile size 512 must be greater than the stride value 512; tile index = iii
WARNING: orio.module.loop.submodule.tile.transformation: tile size 32 must be greater than the stride value 32; tile index = jjj
expected=493046276062.536804
actual=405404783999.161072
diff=-2147483648.000000
diff=1
expected=405404783999.161072
actual=405404783999.161072
diff=0.000000
diff=1
expected=185488567352682193162570738763099537408.000000
actual=405404783999.161072
diff=-2147483648.000000
diff=1
WARNING: orio.module.loop.submodule.tile.transformation: tile size 512 must be greater than the stride value 512; tile index = iii
expected=1921386790803782400.000000
actual=405404783999.161072
diff=-2147483648.000000
diff=1
WARNING: orio.module.loop.submodule.tile.transformation: tile size 16 must be greater than the stride value 16; tile index = iii
expected=10845389023896629894703757984827408453206016.000000
actual=405404783999.161072
diff=-2147483648.000000
diff=1
WARNING: orio.module.loop.submodule.tile.transformation: tile size 2048 must be greater than the stride value 2048; tile index = iii
expected=405404783999.161072
actual=405404783999.161072
diff=0.000000
diff=1
expected=173682478953193156265710398562369536.000000
actual=405404783999.161072
diff=-2147483648.000000
diff=1
expected=874921206809715968.000000
actual=405404783999.161072
diff=-2147483648.000000
diff=1
WARNING: orio.module.loop.submodule.tile.transformation: tile size 8 must be greater than the stride value 8; tile index = kkk
expected=405404783999.161072
actual=405404783999.161072
diff=0.000000
diff=1
WARNING: orio.module.loop.submodule.tile.transformation: tile size 16 must be greater than the stride value 16; tile index = kkk
expected=404695561499.898865
actual=405404783999.161072
diff=709222499.000000
diff=0
[00;31mERROR: orio.main.tuner.ptest_driver: failed to execute the test code: "timeout --kill-after=30s --signal=9 20m  ./__orio_perftest81.exe  "
 --> CalledProcessError: Command 'timeout --kill-after=30s --signal=9 20m  ./__orio_perftest81.exe  ' returned non-zero exit status 1[00m
[00;31mERROR: orio.main.tuner.ptest_driver:  performance testing failed: "timeout --kill-after=30s --signal=9 20m  ./__orio_perftest81.exe  "[00m
WARNING: orio.module.loop.submodule.tile.transformation: tile size 2 must be greater than the stride value 2; tile index = jjj
WARNING: orio.module.loop.submodule.tile.transformation: tile size 4 must be greater than the stride value 4; tile index = kkk
expected=404999513999.579834
actual=405404783999.161072
diff=405269999.000000
diff=0
[00;31mERROR: orio.main.tuner.ptest_driver: failed to execute the test code: "timeout --kill-after=30s --signal=9 20m  ./__orio_perftest82.exe  "
 --> CalledProcessError: Command 'timeout --kill-after=30s --signal=9 20m  ./__orio_perftest82.exe  ' returned non-zero exit status 1[00m
[00;31mERROR: orio.main.tuner.ptest_driver:  performance testing failed: "timeout --kill-after=30s --signal=9 20m  ./__orio_perftest82.exe  "[00m
expected=405404783999.161072
actual=405404783999.161072
diff=0.000000
diff=1
expected=556227128250.036255
actual=405404783999.161072
diff=-2147483648.000000
diff=1
WARNING: orio.module.loop.submodule.tile.transformation: tile size 64 must be greater than the stride value 64; tile index = kkk
expected=480410686125.056213
actual=405404783999.161072
diff=-2147483648.000000
diff=1
expected=32025008221244356391075840.000000
actual=405404783999.161072
diff=-2147483648.000000
diff=1
WARNING: orio.module.loop.submodule.tile.transformation: tile size 128 must be greater than the stride value 128; tile index = kkk
expected=795998374020.229492
actual=405404783999.161072
diff=-2147483648.000000
diff=1
expected=488703485832725382504946166742363735588864.000000
actual=405404783999.161072
diff=-2147483648.000000
diff=1
WARNING: orio.module.loop.submodule.tile.transformation: tile size 2 must be greater than the stride value 2; tile index = jjj
expected=405404783999.161072
actual=405404783999.161072
diff=0.000000
diff=1
expected=429708324888.000366
actual=405404783999.161072
diff=-2147483648.000000
diff=1
expected=1804729678283790592.000000
actual=405404783999.161072
diff=-2147483648.000000
diff=1
WARNING: orio.module.loop.submodule.tile.transformation: tile size 4 must be greater than the stride value 4; tile index = iii
expected=19893055778142312461683658491536383568116711424.000000
actual=405404783999.161072
diff=-2147483648.000000
diff=1
WARNING: orio.module.loop.submodule.tile.transformation: tile size 256 must be greater than the stride value 256; tile index = jjj
expected=405404783999.161072
actual=405404783999.161072
diff=0.000000
diff=1
WARNING: orio.module.loop.submodule.tile.transformation: tile size 2048 must be greater than the stride value 2048; tile index = iii
WARNING: orio.module.loop.submodule.tile.transformation: tile size 128 must be greater than the stride value 128; tile index = jjj
expected=405404783999.161072
actual=405404783999.161072
diff=0.000000
diff=1
WARNING: orio.module.loop.submodule.tile.transformation: tile size 256 must be greater than the stride value 256; tile index = iii
expected=1964234954823231744.000000
actual=405404783999.161072
diff=-2147483648.000000
diff=1
WARNING: orio.module.loop.submodule.tile.transformation: tile size 8 must be greater than the stride value 8; tile index = jjj
expected=851887044353683072.000000
actual=405404783999.161072
diff=-2147483648.000000
diff=1
expected=505746126000.108276
actual=405404783999.161072
diff=-2147483648.000000
diff=1
WARNING: orio.module.loop.submodule.tile.transformation: tile size 256 must be greater than the stride value 256; tile index = jjj
expected=3988268191996180061749248.000000
actual=405404783999.161072
diff=-2147483648.000000
diff=1
expected=133913088733448854479307047038332660892041216.000000
actual=405404783999.161072
diff=-2147483648.000000
diff=1
expected=405404783999.161072
actual=405404783999.161072
diff=0.000000
diff=1
WARNING: orio.module.loop.submodule.tile.transformation: tile size 32 must be greater than the stride value 32; tile index = jjj
expected=2498603512506709859893248.000000
actual=405404783999.161072
diff=-2147483648.000000
diff=1
expected=783420360840.200317
actual=405404783999.161072
diff=-2147483648.000000
diff=1
WARNING: orio.module.loop.submodule.tile.transformation: tile size 2 must be greater than the stride value 2; tile index = jjj
expected=404625855383.976746
actual=405404783999.161072
diff=778928615.000000
diff=0
[00;31mERROR: orio.main.tuner.ptest_driver: failed to execute the test code: "timeout --kill-after=30s --signal=9 20m  ./__orio_perftest103.exe  "
 --> CalledProcessError: Command 'timeout --kill-after=30s --signal=9 20m  ./__orio_perftest103.exe  ' returned non-zero exit status 1[00m
[00;31mERROR: orio.main.tuner.ptest_driver:  performance testing failed: "timeout --kill-after=30s --signal=9 20m  ./__orio_perftest103.exe  "[00m
WARNING: orio.module.loop.submodule.tile.transformation: tile size 64 must be greater than the stride value 64; tile index = iii
WARNING: orio.module.loop.submodule.tile.transformation: tile size 256 must be greater than the stride value 256; tile index = iii
expected=34462224474753507698882391520051200.000000
actual=405404783999.161072
diff=-2147483648.000000
diff=1
WARNING: orio.module.loop.submodule.tile.transformation: tile size 256 must be greater than the stride value 256; tile index = iii
WARNING: orio.module.loop.submodule.tile.transformation: tile size 16 must be greater than the stride value 16; tile index = kkk
expected=2599076080475661312.000000
actual=405404783999.161072
diff=-2147483648.000000
diff=1
expected=505746126000.108276
actual=405404783999.161072
diff=-2147483648.000000
diff=1
WARNING: orio.module.loop.submodule.tile.transformation: tile size 2 must be greater than the stride value 2; tile index = kkk
expected=404650981799.946045
actual=405404783999.161072
diff=753802199.000000
diff=0
[00;31mERROR: orio.main.tuner.ptest_driver: failed to execute the test code: "timeout --kill-after=30s --signal=9 20m  ./__orio_perftest107.exe  "
 --> CalledProcessError: Command 'timeout --kill-after=30s --signal=9 20m  ./__orio_perftest107.exe  ' returned non-zero exit status 1[00m
[00;31mERROR: orio.main.tuner.ptest_driver:  performance testing failed: "timeout --kill-after=30s --signal=9 20m  ./__orio_perftest107.exe  "[00m
WARNING: orio.module.loop.submodule.tile.transformation: tile size 2048 must be greater than the stride value 2048; tile index = iii
expected=405404783999.161072
actual=405404783999.161072
diff=0.000000
diff=1
expected=405404783999.161072
actual=405404783999.161072
diff=0.000000
diff=1
expected=582589434380197747938636568007991408947715557556224.000000
actual=405404783999.161072
diff=-2147483648.000000
diff=1
expected=600107531625.006592
actual=405404783999.161072
diff=-2147483648.000000
diff=1
expected=124187724863082684620996836855614380441600.000000
actual=405404783999.161072
diff=-2147483648.000000
diff=1
WARNING: orio.module.loop.submodule.tile.transformation: tile size 32 must be greater than the stride value 32; tile index = jjj
expected=362574249242199992440513732963812371333120.000000
actual=405404783999.161072
diff=-2147483648.000000
diff=1
WARNING: orio.module.loop.submodule.tile.transformation: tile size 8 must be greater than the stride value 8; tile index = jjj
expected=556227128250.036255
actual=405404783999.161072
diff=-2147483648.000000
diff=1
expected=112395318427568.796875
actual=405404783999.161072
diff=-2147483648.000000
diff=1
expected=28031082954526790207856651391092129792.000000
actual=405404783999.161072
diff=-2147483648.000000
diff=1
WARNING: orio.module.loop.submodule.tile.transformation: tile size 64 must be greater than the stride value 64; tile index = jjj
expected=3322403454270167710067450825476066406727417856.000000
actual=405404783999.161072
diff=-2147483648.000000
diff=1
expected=404650981799.946045
actual=405404783999.161072
diff=753802199.000000
diff=0
[00;31mERROR: orio.main.tuner.ptest_driver: failed to execute the test code: "timeout --kill-after=30s --signal=9 20m  ./__orio_perftest118.exe  "
 --> CalledProcessError: Command 'timeout --kill-after=30s --signal=9 20m  ./__orio_perftest118.exe  ' returned non-zero exit status 1[00m
[00;31mERROR: orio.main.tuner.ptest_driver:  performance testing failed: "timeout --kill-after=30s --signal=9 20m  ./__orio_perftest118.exe  "[00m
expected=2099283715874586818428072996178514445074432.000000
actual=405404783999.161072
diff=-2147483648.000000
diff=1
expected=405404783999.161072
actual=405404783999.161072
diff=0.000000
diff=1
__orio_perftest121.c: In function ‘main’:
__orio_perftest121.c:277:13: error: ‘newlb_k’ undeclared (first use in this function)
             newlb_k=-2147483648;
             ^~~~~~~
__orio_perftest121.c:277:13: note: each undeclared identifier is reported only once for each function it appears in
__orio_perftest121.c:278:13: error: ‘newub_k’ undeclared (first use in this function)
             newub_k=N-1;
             ^~~~~~~
[00;31mERROR: orio.main.tuner.ptest_driver:  failed to compile the testing code: "timeout --kill-after=30s --signal=9 20m gcc -O3 -fopenmp -DDYNAMIC  -DORIO_REPS=10 -o __orio_perftest121.exe __orio_perftest121.c timer_cpu.o -lm -lrt"[00m
[00;31mERROR: orio.main.tuner.ptest_driver:  the executable of the test code does not exist[00m
timeout: failed to run command ‘./__orio_perftest121.exe’: No such file or directory
[00;31mERROR: orio.main.tuner.ptest_driver: failed to execute the test code: "timeout --kill-after=30s --signal=9 20m  ./__orio_perftest121.exe  "
 --> CalledProcessError: Command 'timeout --kill-after=30s --signal=9 20m  ./__orio_perftest121.exe  ' returned non-zero exit status 127[00m
[00;31mERROR: orio.main.tuner.ptest_driver:  performance testing failed: "timeout --kill-after=30s --signal=9 20m  ./__orio_perftest121.exe  "[00m
WARNING: orio.module.loop.submodule.tile.transformation: tile size 4 must be greater than the stride value 4; tile index = jjj
expected=405404783999.161072
actual=405404783999.161072
diff=0.000000
diff=1
expected=405404783999.161072
actual=405404783999.161072
diff=0.000000
diff=1
expected=811291428195195264.000000
actual=405404783999.161072
diff=-2147483648.000000
diff=1
WARNING: orio.module.loop.submodule.tile.transformation: tile size 64 must be greater than the stride value 64; tile index = kkk
expected=480410686125.056213
actual=405404783999.161072
diff=-2147483648.000000
diff=1
WARNING: orio.module.loop.submodule.tile.transformation: tile size 4 must be greater than the stride value 4; tile index = iii
expected=404695561499.898865
actual=405404783999.161072
diff=709222499.000000
diff=0
[00;31mERROR: orio.main.tuner.ptest_driver: failed to execute the test code: "timeout --kill-after=30s --signal=9 20m  ./__orio_perftest126.exe  "
 --> CalledProcessError: Command 'timeout --kill-after=30s --signal=9 20m  ./__orio_perftest126.exe  ' returned non-zero exit status 1[00m
[00;31mERROR: orio.main.tuner.ptest_driver:  performance testing failed: "timeout --kill-after=30s --signal=9 20m  ./__orio_perftest126.exe  "[00m
WARNING: orio.module.loop.submodule.tile.transformation: tile size 2 must be greater than the stride value 2; tile index = jjj
expected=13527916646798301536354790194938827167177358966784.000000
actual=405404783999.161072
diff=-2147483648.000000
diff=1
expected=21385659149497606483993337840795648.000000
actual=405404783999.161072
diff=-2147483648.000000
diff=1
expected=448483708557.034912
actual=405404783999.161072
diff=-2147483648.000000
diff=1
WARNING: orio.module.loop.submodule.tile.transformation: tile size 2 must be greater than the stride value 2; tile index = iii
expected=4221996606835036080046080.000000
actual=405404783999.161072
diff=-2147483648.000000
diff=1
WARNING: orio.module.loop.submodule.tile.transformation: tile size 2048 must be greater than the stride value 2048; tile index = jjj
WARNING: orio.module.loop.submodule.tile.transformation: tile size 2 must be greater than the stride value 2; tile index = jjj
expected=84015324827657548357763504787345508526981120.000000
actual=405404783999.161072
diff=-2147483648.000000
diff=1
WARNING: orio.module.loop.submodule.tile.transformation: tile size 8 must be greater than the stride value 8; tile index = jjj
expected=16955299291812217535594496.000000
actual=405404783999.161072
diff=-2147483648.000000
diff=1
WARNING: orio.module.loop.submodule.tile.transformation: tile size 128 must be greater than the stride value 128; tile index = jjj
expected=250523915641144234390369231351723327488.000000
actual=405404783999.161072
diff=-2147483648.000000
diff=1
WARNING: orio.module.loop.submodule.tile.transformation: tile size 2048 must be greater than the stride value 2048; tile index = jjj
expected=14243754974937404969995001213800685764608.000000
actual=405404783999.161072
diff=-2147483648.000000
diff=1
WARNING: orio.module.loop.submodule.tile.transformation: tile size 2048 must be greater than the stride value 2048; tile index = jjj
expected=66746922254288.851562
actual=405404783999.161072
diff=-2147483648.000000
diff=1
WARNING: orio.module.loop.submodule.tile.transformation: tile size 256 must be greater than the stride value 256; tile index = jjj
expected=593988226784.810547
actual=405404783999.161072
diff=-2147483648.000000
diff=1
expected=405404783999.161072
actual=405404783999.161072
diff=0.000000
diff=1
WARNING: orio.module.loop.submodule.tile.transformation: tile size 2048 must be greater than the stride value 2048; tile index = jjj
expected=883507999631017629839913258901219848486912.000000
actual=405404783999.161072
diff=-2147483648.000000
diff=1
expected=405404783999.161072
actual=405404783999.161072
diff=0.000000
diff=1
expected=65784872472102.382812
actual=405404783999.161072
diff=-2147483648.000000
diff=1
expected=451545608533.717834
actual=405404783999.161072
diff=-2147483648.000000
diff=1
expected=404796878999.792175
actual=405404783999.161072
diff=607904999.000000
diff=0
[00;31mERROR: orio.main.tuner.ptest_driver: failed to execute the test code: "timeout --kill-after=30s --signal=9 20m  ./__orio_perftest142.exe  "
 --> CalledProcessError: Command 'timeout --kill-after=30s --signal=9 20m  ./__orio_perftest142.exe  ' returned non-zero exit status 1[00m
[00;31mERROR: orio.main.tuner.ptest_driver:  performance testing failed: "timeout --kill-after=30s --signal=9 20m  ./__orio_perftest142.exe  "[00m
expected=405404783999.161072
actual=405404783999.161072
diff=0.000000
diff=1
expected=405404783999.161072
actual=405404783999.161072
diff=0.000000
diff=1
expected=405404783999.161072
actual=405404783999.161072
diff=0.000000
diff=1
expected=61319415309568946143136662732157373906944.000000
actual=405404783999.161072
diff=-2147483648.000000
diff=1
expected=1755076674068028634409465503607591331314668909679869952.000000
actual=405404783999.161072
diff=-2147483648.000000
diff=1
WARNING: orio.module.loop.submodule.tile.transformation: tile size 128 must be greater than the stride value 128; tile index = kkk
expected=2137065781796400710560690376540160.000000
actual=405404783999.161072
diff=-2147483648.000000
diff=1
WARNING: orio.module.loop.submodule.tile.transformation: tile size 32 must be greater than the stride value 32; tile index = jjj
expected=504321119037305046446437098324672643072.000000
actual=405404783999.161072
diff=-2147483648.000000
diff=1
expected=428805954317.424988
actual=405404783999.161072
diff=-2147483648.000000
diff=1
WARNING: orio.module.loop.submodule.tile.transformation: tile size 1024 must be greater than the stride value 1024; tile index = jjj
expected=556227128250.036255
actual=405404783999.161072
diff=-2147483648.000000
diff=1
expected=8261364397027774940457976265231548022784.000000
actual=405404783999.161072
diff=-2147483648.000000
diff=1
expected=7362240047430240670007972037150457724928.000000
actual=405404783999.161072
diff=-2147483648.000000
diff=1
expected=556227128250.036255
actual=405404783999.161072
diff=-2147483648.000000
diff=1
WARNING: orio.module.loop.submodule.tile.transformation: tile size 1024 must be greater than the stride value 1024; tile index = jjj
expected=67623064381638.796875
actual=405404783999.161072
diff=-2147483648.000000
diff=1
expected=6612785447218183440639348950695936.000000
actual=405404783999.161072
diff=-2147483648.000000
diff=1
expected=405404783999.161072
actual=405404783999.161072
diff=0.000000
diff=1
WARNING: orio.module.loop.submodule.tile.transformation: tile size 4 must be greater than the stride value 4; tile index = jjj
expected=505746126000.108276
actual=405404783999.161072
diff=-2147483648.000000
diff=1
expected=404999513999.579834
actual=405404783999.161072
diff=405269999.000000
diff=0
[00;31mERROR: orio.main.tuner.ptest_driver: failed to execute the test code: "timeout --kill-after=30s --signal=9 20m  ./__orio_perftest159.exe  "
 --> CalledProcessError: Command 'timeout --kill-after=30s --signal=9 20m  ./__orio_perftest159.exe  ' returned non-zero exit status 1[00m
[00;31mERROR: orio.main.tuner.ptest_driver:  performance testing failed: "timeout --kill-after=30s --signal=9 20m  ./__orio_perftest159.exe  "[00m
expected=15366022827419529726074079135399936.000000
actual=405404783999.161072
diff=-2147483648.000000
diff=1
WARNING: orio.module.loop.submodule.tile.transformation: tile size 2 must be greater than the stride value 2; tile index = iii
expected=405404783999.161072
actual=405404783999.161072
diff=0.000000
diff=1
WARNING: orio.module.loop.submodule.tile.transformation: tile size 32 must be greater than the stride value 32; tile index = kkk
expected=66047904335138.609375
actual=405404783999.161072
diff=-2147483648.000000
diff=1
WARNING: orio.module.loop.submodule.tile.transformation: tile size 16 must be greater than the stride value 16; tile index = kkk
expected=2633350034419282769009774615281415954028822528.000000
actual=405404783999.161072
diff=-2147483648.000000
diff=1
expected=405404783999.161072
actual=405404783999.161072
diff=0.000000
diff=1
expected=405404783999.161072
actual=405404783999.161072
diff=0.000000
diff=1
expected=4501355699378747853962885405343744.000000
actual=405404783999.161072
diff=-2147483648.000000
diff=1
WARNING: orio.module.loop.submodule.tile.transformation: tile size 4 must be greater than the stride value 4; tile index = iii
expected=405404783999.161072
actual=405404783999.161072
diff=0.000000
diff=1
expected=405404783999.161072
actual=405404783999.161072
diff=0.000000
diff=1
expected=66618099283635.320312
actual=405404783999.161072
diff=-2147483648.000000
diff=1
expected=12585780415887935463751680.000000
actual=405404783999.161072
diff=-2147483648.000000
diff=1
__orio_perftest171.c: In function ‘main’:
__orio_perftest171.c:764:13: error: ‘newlb_k’ undeclared (first use in this function)
             newlb_k=-2147483648;
             ^~~~~~~
__orio_perftest171.c:764:13: note: each undeclared identifier is reported only once for each function it appears in
__orio_perftest171.c:765:13: error: ‘newub_k’ undeclared (first use in this function)
             newub_k=N-1;
             ^~~~~~~
[00;31mERROR: orio.main.tuner.ptest_driver:  failed to compile the testing code: "timeout --kill-after=30s --signal=9 20m gcc -O3 -fopenmp -DDYNAMIC  -DORIO_REPS=10 -o __orio_perftest171.exe __orio_perftest171.c timer_cpu.o -lm -lrt"[00m
[00;31mERROR: orio.main.tuner.ptest_driver:  the executable of the test code does not exist[00m
timeout: failed to run command ‘./__orio_perftest171.exe’: No such file or directory
[00;31mERROR: orio.main.tuner.ptest_driver: failed to execute the test code: "timeout --kill-after=30s --signal=9 20m  ./__orio_perftest171.exe  "
 --> CalledProcessError: Command 'timeout --kill-after=30s --signal=9 20m  ./__orio_perftest171.exe  ' returned non-zero exit status 127[00m
[00;31mERROR: orio.main.tuner.ptest_driver:  performance testing failed: "timeout --kill-after=30s --signal=9 20m  ./__orio_perftest171.exe  "[00m
WARNING: orio.module.loop.submodule.tile.transformation: tile size 128 must be greater than the stride value 128; tile index = jjj
WARNING: orio.module.loop.submodule.tile.transformation: tile size 1024 must be greater than the stride value 1024; tile index = kkk
expected=857647124513547520.000000
actual=405404783999.161072
diff=-2147483648.000000
diff=1
expected=66493117952214.335938
actual=405404783999.161072
diff=-2147483648.000000
diff=1
expected=112367329774333.046875
actual=405404783999.161072
diff=-2147483648.000000
diff=1
expected=1155710839636142997602487763006344087411359744.000000
actual=405404783999.161072
diff=-2147483648.000000
diff=1
WARNING: orio.module.loop.submodule.tile.transformation: tile size 2 must be greater than the stride value 2; tile index = iii
expected=405404783999.161072
actual=405404783999.161072
diff=0.000000
diff=1
expected=421654617948560156819917855730630811189248.000000
actual=405404783999.161072
diff=-2147483648.000000
diff=1
expected=728707192489432632268567387901526016.000000
actual=405404783999.161072
diff=-2147483648.000000
diff=1
WARNING: orio.module.loop.submodule.tile.transformation: tile size 64 must be greater than the stride value 64; tile index = jjj
expected=1618392095659566080.000000
actual=405404783999.161072
diff=-2147483648.000000
diff=1
expected=3031147440555572609417216.000000
actual=405404783999.161072
diff=-2147483648.000000
diff=1
WARNING: orio.module.loop.submodule.tile.transformation: tile size 4 must be greater than the stride value 4; tile index = iii
expected=404796878999.792175
actual=405404783999.161072
diff=607904999.000000
diff=0
[00;31mERROR: orio.main.tuner.ptest_driver: failed to execute the test code: "timeout --kill-after=30s --signal=9 20m  ./__orio_perftest181.exe  "
 --> CalledProcessError: Command 'timeout --kill-after=30s --signal=9 20m  ./__orio_perftest181.exe  ' returned non-zero exit status 1[00m
[00;31mERROR: orio.main.tuner.ptest_driver:  performance testing failed: "timeout --kill-after=30s --signal=9 20m  ./__orio_perftest181.exe  "[00m
expected=112443916617719.843750
actual=405404783999.161072
diff=-2147483648.000000
diff=1
WARNING: orio.module.loop.submodule.tile.transformation: tile size 512 must be greater than the stride value 512; tile index = iii
WARNING: orio.module.loop.submodule.tile.transformation: tile size 2048 must be greater than the stride value 2048; tile index = jjj
expected=405404783999.161072
actual=405404783999.161072
diff=0.000000
diff=1
expected=19598772376503784191479719272726281059446030336.000000
actual=405404783999.161072
diff=-2147483648.000000
diff=1
WARNING: orio.module.loop.submodule.tile.transformation: tile size 8 must be greater than the stride value 8; tile index = iii
WARNING: orio.module.loop.submodule.tile.transformation: tile size 64 must be greater than the stride value 64; tile index = jjj
WARNING: orio.module.loop.submodule.tile.transformation: tile size 1024 must be greater than the stride value 1024; tile index = iii
WARNING: orio.module.loop.submodule.tile.transformation: tile size 4 must be greater than the stride value 4; tile index = kkk
expected=423413902917.005981
actual=405404783999.161072
diff=-2147483648.000000
diff=1
expected=216317480310128.875000
actual=405404783999.161072
diff=-2147483648.000000
diff=1
expected=885717668436407168.000000
actual=405404783999.161072
diff=-2147483648.000000
diff=1
expected=7521060686588888067324511447811751021641728.000000
actual=405404783999.161072
diff=-2147483648.000000
diff=1
expected=66941013426940.906250
actual=405404783999.161072
diff=-2147483648.000000
diff=1
WARNING: orio.module.loop.submodule.tile.transformation: tile size 512 must be greater than the stride value 512; tile index = jjj
WARNING: orio.module.loop.submodule.tile.transformation: tile size 2 must be greater than the stride value 2; tile index = jjj
expected=428073106551.591309
actual=405404783999.161072
diff=-2147483648.000000
diff=1
expected=405404783999.161072
actual=405404783999.161072
diff=0.000000
diff=1
expected=239490979510161280773369149410792553054208.000000
actual=405404783999.161072
diff=-2147483648.000000
diff=1
WARNING: orio.module.loop.submodule.tile.transformation: tile size 2 must be greater than the stride value 2; tile index = kkk
expected=16790058665163075868490394768313942016.000000
actual=405404783999.161072
diff=-2147483648.000000
diff=1
WARNING: orio.module.loop.submodule.tile.transformation: tile size 128 must be greater than the stride value 128; tile index = jjj
WARNING: orio.module.loop.submodule.tile.transformation: tile size 2 must be greater than the stride value 2; tile index = iii
WARNING: orio.module.loop.submodule.tile.transformation: tile size 2048 must be greater than the stride value 2048; tile index = kkk
expected=404625855383.976746
actual=405404783999.161072
diff=778928615.000000
diff=0
[00;31mERROR: orio.main.tuner.ptest_driver: failed to execute the test code: "timeout --kill-after=30s --signal=9 20m  ./__orio_perftest194.exe  "
 --> CalledProcessError: Command 'timeout --kill-after=30s --signal=9 20m  ./__orio_perftest194.exe  ' returned non-zero exit status 1[00m
[00;31mERROR: orio.main.tuner.ptest_driver:  performance testing failed: "timeout --kill-after=30s --signal=9 20m  ./__orio_perftest194.exe  "[00m
expected=1901856473153652973569329245410497134592.000000
actual=405404783999.161072
diff=-2147483648.000000
diff=1
WARNING: orio.module.loop.submodule.tile.transformation: tile size 8 must be greater than the stride value 8; tile index = jjj
expected=404796878999.792175
actual=405404783999.161072
diff=607904999.000000
diff=0
[00;31mERROR: orio.main.tuner.ptest_driver: failed to execute the test code: "timeout --kill-after=30s --signal=9 20m  ./__orio_perftest196.exe  "
 --> CalledProcessError: Command 'timeout --kill-after=30s --signal=9 20m  ./__orio_perftest196.exe  ' returned non-zero exit status 1[00m
[00;31mERROR: orio.main.tuner.ptest_driver:  performance testing failed: "timeout --kill-after=30s --signal=9 20m  ./__orio_perftest196.exe  "[00m
WARNING: orio.module.loop.submodule.tile.transformation: tile size 1024 must be greater than the stride value 1024; tile index = kkk
expected=8517203923922011133538098003050496.000000
actual=405404783999.161072
diff=-2147483648.000000
diff=1
expected=404999513999.579834
actual=405404783999.161072
diff=405269999.000000
diff=0
[00;31mERROR: orio.main.tuner.ptest_driver: failed to execute the test code: "timeout --kill-after=30s --signal=9 20m  ./__orio_perftest198.exe  "
 --> CalledProcessError: Command 'timeout --kill-after=30s --signal=9 20m  ./__orio_perftest198.exe  ' returned non-zero exit status 1[00m
[00;31mERROR: orio.main.tuner.ptest_driver:  performance testing failed: "timeout --kill-after=30s --signal=9 20m  ./__orio_perftest198.exe  "[00m
expected=404625855383.976746
actual=405404783999.161072
diff=778928615.000000
diff=0
[00;31mERROR: orio.main.tuner.ptest_driver: failed to execute the test code: "timeout --kill-after=30s --signal=9 20m  ./__orio_perftest199.exe  "
 --> CalledProcessError: Command 'timeout --kill-after=30s --signal=9 20m  ./__orio_perftest199.exe  ' returned non-zero exit status 1[00m
[00;31mERROR: orio.main.tuner.ptest_driver:  performance testing failed: "timeout --kill-after=30s --signal=9 20m  ./__orio_perftest199.exe  "[00m
WARNING: orio.module.loop.submodule.tile.transformation: tile size 32 must be greater than the stride value 32; tile index = kkk
expected=404650981799.946045
actual=405404783999.161072
diff=753802199.000000
diff=0
[00;31mERROR: orio.main.tuner.ptest_driver: failed to execute the test code: "timeout --kill-after=30s --signal=9 20m  ./__orio_perftest200.exe  "
 --> CalledProcessError: Command 'timeout --kill-after=30s --signal=9 20m  ./__orio_perftest200.exe  ' returned non-zero exit status 1[00m
[00;31mERROR: orio.main.tuner.ptest_driver:  performance testing failed: "timeout --kill-after=30s --signal=9 20m  ./__orio_perftest200.exe  "[00m
expected=455170185000.035522
actual=405404783999.161072
diff=-2147483648.000000
diff=1
__orio_perftest202.c: In function ‘main’:
__orio_perftest202.c:1548:15: error: ‘newlb_k’ undeclared (first use in this function)
               newlb_k=-2147483648;
               ^~~~~~~
__orio_perftest202.c:1548:15: note: each undeclared identifier is reported only once for each function it appears in
__orio_perftest202.c:1549:15: error: ‘newub_k’ undeclared (first use in this function)
               newub_k=N-1;
               ^~~~~~~
[00;31mERROR: orio.main.tuner.ptest_driver:  failed to compile the testing code: "timeout --kill-after=30s --signal=9 20m gcc -O3 -fopenmp -DDYNAMIC  -DORIO_REPS=10 -o __orio_perftest202.exe __orio_perftest202.c timer_cpu.o -lm -lrt"[00m
[00;31mERROR: orio.main.tuner.ptest_driver:  the executable of the test code does not exist[00m
timeout: failed to run command ‘./__orio_perftest202.exe’: No such file or directory
[00;31mERROR: orio.main.tuner.ptest_driver: failed to execute the test code: "timeout --kill-after=30s --signal=9 20m  ./__orio_perftest202.exe  "
 --> CalledProcessError: Command 'timeout --kill-after=30s --signal=9 20m  ./__orio_perftest202.exe  ' returned non-zero exit status 127[00m
[00;31mERROR: orio.main.tuner.ptest_driver:  performance testing failed: "timeout --kill-after=30s --signal=9 20m  ./__orio_perftest202.exe  "[00m
expected=3566159819831537496489984.000000
actual=405404783999.161072
diff=-2147483648.000000
diff=1
WARNING: orio.module.loop.submodule.tile.transformation: tile size 4 must be greater than the stride value 4; tile index = jjj
expected=112502120287690.000000
actual=405404783999.161072
diff=-2147483648.000000
diff=1
WARNING: orio.module.loop.submodule.tile.transformation: tile size 256 must be greater than the stride value 256; tile index = iii
expected=833233660891711360.000000
actual=405404783999.161072
diff=-2147483648.000000
diff=1
expected=405404783999.161072
actual=405404783999.161072
diff=0.000000
diff=1
expected=405404783999.161072
actual=405404783999.161072
diff=0.000000
diff=1
expected=894139661281943168.000000
actual=405404783999.161072
diff=-2147483648.000000
diff=1
expected=5202596183086878699797907977875454261561655296.000000
actual=405404783999.161072
diff=-2147483648.000000
diff=1
expected=404796878999.792175
actual=405404783999.161072
diff=607904999.000000
diff=0
[00;31mERROR: orio.main.tuner.ptest_driver: failed to execute the test code: "timeout --kill-after=30s --signal=9 20m  ./__orio_perftest210.exe  "
 --> CalledProcessError: Command 'timeout --kill-after=30s --signal=9 20m  ./__orio_perftest210.exe  ' returned non-zero exit status 1[00m
[00;31mERROR: orio.main.tuner.ptest_driver:  performance testing failed: "timeout --kill-after=30s --signal=9 20m  ./__orio_perftest210.exe  "[00m
expected=1498304287687089348185238604560907546656768.000000
actual=405404783999.161072
diff=-2147483648.000000
diff=1
WARNING: orio.module.loop.submodule.tile.transformation: tile size 512 must be greater than the stride value 512; tile index = jjj
WARNING: orio.module.loop.submodule.tile.transformation: tile size 2 must be greater than the stride value 2; tile index = jjj
expected=66071796868720.820312
actual=405404783999.161072
diff=-2147483648.000000
diff=1
expected=1943400662011171328.000000
actual=405404783999.161072
diff=-2147483648.000000
diff=1
expected=480410686125.056213
actual=405404783999.161072
diff=-2147483648.000000
diff=1
WARNING: orio.module.loop.submodule.tile.transformation: tile size 8 must be greater than the stride value 8; tile index = kkk
expected=850302010750456419131099664890409846308864.000000
actual=405404783999.161072
diff=-2147483648.000000
diff=1
expected=73790141252804.609375
actual=405404783999.161072
diff=-2147483648.000000
diff=1
expected=14210099765306192277012480.000000
actual=405404783999.161072
diff=-2147483648.000000
diff=1
expected=1940501154144669696.000000
actual=405404783999.161072
diff=-2147483648.000000
diff=1
WARNING: orio.module.loop.submodule.tile.transformation: tile size 8 must be greater than the stride value 8; tile index = jjj
WARNING: orio.module.loop.submodule.tile.transformation: tile size 2 must be greater than the stride value 2; tile index = kkk
expected=72826377557158.734375
actual=405404783999.161072
diff=-2147483648.000000
diff=1
WARNING: orio.module.loop.submodule.tile.transformation: tile size 16 must be greater than the stride value 16; tile index = iii
expected=405404783999.161072
actual=405404783999.161072
diff=0.000000
diff=1
expected=4904070635024199680.000000
actual=405404783999.161072
diff=-2147483648.000000
diff=1
expected=404625855383.976746
actual=405404783999.161072
diff=778928615.000000
diff=0
[00;31mERROR: orio.main.tuner.ptest_driver: failed to execute the test code: "timeout --kill-after=30s --signal=9 20m  ./__orio_perftest222.exe  "
 --> CalledProcessError: Command 'timeout --kill-after=30s --signal=9 20m  ./__orio_perftest222.exe  ' returned non-zero exit status 1[00m
[00;31mERROR: orio.main.tuner.ptest_driver:  performance testing failed: "timeout --kill-after=30s --signal=9 20m  ./__orio_perftest222.exe  "[00m
WARNING: orio.module.loop.submodule.tile.transformation: tile size 128 must be greater than the stride value 128; tile index = iii
expected=448483708557.034912
actual=405404783999.161072
diff=-2147483648.000000
diff=1
WARNING: orio.module.loop.submodule.tile.transformation: tile size 1024 must be greater than the stride value 1024; tile index = jjj
expected=428805954317.424988
actual=405404783999.161072
diff=-2147483648.000000
diff=1
expected=112095235184836.281250
actual=405404783999.161072
diff=-2147483648.000000
diff=1
expected=593988226784.810547
actual=405404783999.161072
diff=-2147483648.000000
diff=1
WARNING: orio.module.loop.submodule.tile.transformation: tile size 128 must be greater than the stride value 128; tile index = jjj
expected=798263609612916096.000000
actual=405404783999.161072
diff=-2147483648.000000
diff=1
expected=1018342339275710537189479715432568979456.000000
actual=405404783999.161072
diff=-2147483648.000000
diff=1
WARNING: orio.module.loop.submodule.tile.transformation: tile size 4 must be greater than the stride value 4; tile index = iii
expected=7811839855052158976.000000
actual=405404783999.161072
diff=-2147483648.000000
diff=1
expected=404796878999.792175
actual=405404783999.161072
diff=607904999.000000
diff=0
[00;31mERROR: orio.main.tuner.ptest_driver: failed to execute the test code: "timeout --kill-after=30s --signal=9 20m  ./__orio_perftest230.exe  "
 --> CalledProcessError: Command 'timeout --kill-after=30s --signal=9 20m  ./__orio_perftest230.exe  ' returned non-zero exit status 1[00m
[00;31mERROR: orio.main.tuner.ptest_driver:  performance testing failed: "timeout --kill-after=30s --signal=9 20m  ./__orio_perftest230.exe  "[00m
expected=405404783999.161072
actual=405404783999.161072
diff=0.000000
diff=1
WARNING: orio.module.loop.submodule.tile.transformation: tile size 128 must be greater than the stride value 128; tile index = jjj
expected=405404783999.161072
actual=405404783999.161072
diff=0.000000
diff=1
WARNING: orio.module.loop.submodule.tile.transformation: tile size 64 must be greater than the stride value 64; tile index = jjj
expected=919696495178995584.000000
actual=405404783999.161072
diff=-2147483648.000000
diff=1
expected=405404783999.161072
actual=405404783999.161072
diff=0.000000
diff=1
WARNING: orio.module.loop.submodule.tile.transformation: tile size 32 must be greater than the stride value 32; tile index = iii
expected=405404783999.161072
actual=405404783999.161072
diff=0.000000
diff=1
expected=106168586879665795305742911456173116221123663201566720.000000
actual=405404783999.161072
diff=-2147483648.000000
diff=1
WARNING: orio.module.loop.submodule.tile.transformation: tile size 2 must be greater than the stride value 2; tile index = iii
expected=652203571994762371240042028469450308583424.000000
actual=405404783999.161072
diff=-2147483648.000000
diff=1
WARNING: orio.module.loop.submodule.tile.transformation: tile size 512 must be greater than the stride value 512; tile index = jjj
expected=195702072583566950710390092556875966552473600.000000
actual=405404783999.161072
diff=-2147483648.000000
diff=1
expected=405404783999.161072
actual=405404783999.161072
diff=0.000000
diff=1
expected=887959444810189217607670556806199365337088.000000
actual=405404783999.161072
diff=-2147483648.000000
diff=1
expected=51942465820925234882035775545211741951492096.000000
actual=405404783999.161072
diff=-2147483648.000000
diff=1
WARNING: orio.module.loop.submodule.tile.transformation: tile size 1024 must be greater than the stride value 1024; tile index = iii
expected=405404783999.161072
actual=405404783999.161072
diff=0.000000
diff=1
expected=16475015569769394052214772559767404544.000000
actual=405404783999.161072
diff=-2147483648.000000
diff=1
expected=174477669833435517300846498782731678537706452191019008.000000
actual=405404783999.161072
diff=-2147483648.000000
diff=1
WARNING: orio.module.loop.submodule.tile.transformation: tile size 256 must be greater than the stride value 256; tile index = jjj
expected=1969928788199288460353681241165083803910144.000000
actual=405404783999.161072
diff=-2147483648.000000
diff=1
WARNING: orio.module.loop.submodule.tile.transformation: tile size 32 must be greater than the stride value 32; tile index = jjj
WARNING: orio.module.loop.submodule.tile.transformation: tile size 2 must be greater than the stride value 2; tile index = jjj
expected=2326049847165364501297879356276736.000000
actual=405404783999.161072
diff=-2147483648.000000
diff=1
WARNING: orio.module.loop.submodule.tile.transformation: tile size 64 must be greater than the stride value 64; tile index = jjj
expected=928176642318751488.000000
actual=405404783999.161072
diff=-2147483648.000000
diff=1
expected=96422105204946666454389882880.000000
actual=405404783999.161072
diff=-2147483648.000000
diff=1
expected=6172270640826053925273600.000000
actual=405404783999.161072
diff=-2147483648.000000
diff=1
WARNING: orio.module.loop.submodule.tile.transformation: tile size 1024 must be greater than the stride value 1024; tile index = jjj
expected=405404783999.161072
actual=405404783999.161072
diff=0.000000
diff=1
expected=5834892771479697273184001644822528.000000
actual=405404783999.161072
diff=-2147483648.000000
diff=1
WARNING: orio.module.loop.submodule.tile.transformation: tile size 32 must be greater than the stride value 32; tile index = jjj
expected=2627661729097504881568260796697088781975552.000000
actual=405404783999.161072
diff=-2147483648.000000
diff=1
WARNING: orio.module.loop.submodule.tile.transformation: tile size 4 must be greater than the stride value 4; tile index = jjj
expected=405404783999.161072
actual=405404783999.161072
diff=0.000000
diff=1
expected=112371684945627.390625
actual=405404783999.161072
diff=-2147483648.000000
diff=1
expected=55196955323856714655757290935681024.000000
actual=405404783999.161072
diff=-2147483648.000000
diff=1
WARNING: orio.module.loop.submodule.tile.transformation: tile size 8 must be greater than the stride value 8; tile index = jjj
expected=4431804172623372177065350909488309207040.000000
actual=405404783999.161072
diff=-2147483648.000000
diff=1
WARNING: orio.module.loop.submodule.tile.transformation: tile size 8 must be greater than the stride value 8; tile index = jjj
expected=405404783999.161072
actual=405404783999.161072
diff=0.000000
diff=1
expected=417143471805.003174
actual=405404783999.161072
diff=-2147483648.000000
diff=1
WARNING: orio.module.loop.submodule.tile.transformation: tile size 4 must be greater than the stride value 4; tile index = iii
expected=405404783999.161072
actual=405404783999.161072
diff=0.000000
diff=1
expected=185436316176918664099394148957548295976124416.000000
actual=405404783999.161072
diff=-2147483648.000000
diff=1
WARNING: orio.module.loop.submodule.tile.transformation: tile size 2 must be greater than the stride value 2; tile index = iii
expected=1045183234805112662282939176836923392.000000
actual=405404783999.161072
diff=-2147483648.000000
diff=1
WARNING: orio.module.loop.submodule.tile.transformation: tile size 4 must be greater than the stride value 4; tile index = jjj
__orio_perftest262.c: In function ‘main’:
__orio_perftest262.c:1218:13: error: ‘newlb_k’ undeclared (first use in this function)
             newlb_k=-2147483648;
             ^~~~~~~
__orio_perftest262.c:1218:13: note: each undeclared identifier is reported only once for each function it appears in
__orio_perftest262.c:1219:13: error: ‘newub_k’ undeclared (first use in this function)
             newub_k=N-1;
             ^~~~~~~
[00;31mERROR: orio.main.tuner.ptest_driver:  failed to compile the testing code: "timeout --kill-after=30s --signal=9 20m gcc -O3 -fopenmp -DDYNAMIC  -DORIO_REPS=10 -o __orio_perftest262.exe __orio_perftest262.c timer_cpu.o -lm -lrt"[00m
[00;31mERROR: orio.main.tuner.ptest_driver:  the executable of the test code does not exist[00m
timeout: failed to run command ‘./__orio_perftest262.exe’: No such file or directory
[00;31mERROR: orio.main.tuner.ptest_driver: failed to execute the test code: "timeout --kill-after=30s --signal=9 20m  ./__orio_perftest262.exe  "
 --> CalledProcessError: Command 'timeout --kill-after=30s --signal=9 20m  ./__orio_perftest262.exe  ' returned non-zero exit status 127[00m
[00;31mERROR: orio.main.tuner.ptest_driver:  performance testing failed: "timeout --kill-after=30s --signal=9 20m  ./__orio_perftest262.exe  "[00m
expected=818580075133217408.000000
actual=405404783999.161072
diff=-2147483648.000000
diff=1
expected=502409316217.433960
actual=405404783999.161072
diff=-2147483648.000000
diff=1
WARNING: orio.module.loop.submodule.tile.transformation: tile size 16 must be greater than the stride value 16; tile index = jjj
expected=404999513999.579834
actual=405404783999.161072
diff=405269999.000000
diff=0
[00;31mERROR: orio.main.tuner.ptest_driver: failed to execute the test code: "timeout --kill-after=30s --signal=9 20m  ./__orio_perftest265.exe  "
 --> CalledProcessError: Command 'timeout --kill-after=30s --signal=9 20m  ./__orio_perftest265.exe  ' returned non-zero exit status 1[00m
[00;31mERROR: orio.main.tuner.ptest_driver:  performance testing failed: "timeout --kill-after=30s --signal=9 20m  ./__orio_perftest265.exe  "[00m
WARNING: orio.module.loop.submodule.tile.transformation: tile size 32 must be greater than the stride value 32; tile index = iii
WARNING: orio.module.loop.submodule.tile.transformation: tile size 256 must be greater than the stride value 256; tile index = jjj
expected=406857833082936992250156431256053878295101440.000000
actual=405404783999.161072
diff=-2147483648.000000
diff=1
WARNING: orio.module.loop.submodule.tile.transformation: tile size 2 must be greater than the stride value 2; tile index = iii
WARNING: orio.module.loop.submodule.tile.transformation: tile size 4 must be greater than the stride value 4; tile index = jjj
expected=88477686930649905656568094128414392320000.000000
actual=405404783999.161072
diff=-2147483648.000000
diff=1
expected=83454340339239759507640669059336749375815680.000000
actual=405404783999.161072
diff=-2147483648.000000
diff=1
WARNING: orio.module.loop.submodule.tile.transformation: tile size 256 must be greater than the stride value 256; tile index = jjj
WARNING: orio.module.loop.submodule.tile.transformation: tile size 2048 must be greater than the stride value 2048; tile index = kkk
expected=405404783999.161072
actual=405404783999.161072
diff=0.000000
diff=1
expected=52647117255019715580294604729006161920.000000
actual=405404783999.161072
diff=-2147483648.000000
diff=1
WARNING: orio.module.loop.submodule.tile.transformation: tile size 128 must be greater than the stride value 128; tile index = jjj
expected=2008923872275529337278258770608128.000000
actual=405404783999.161072
diff=-2147483648.000000
diff=1
expected=405404783999.161072
actual=405404783999.161072
diff=0.000000
diff=1
WARNING: orio.module.loop.submodule.tile.transformation: tile size 512 must be greater than the stride value 512; tile index = iii
expected=405404783999.161072
actual=405404783999.161072
diff=0.000000
diff=1
WARNING: orio.module.loop.submodule.tile.transformation: tile size 4 must be greater than the stride value 4; tile index = jjj
expected=405404783999.161072
actual=405404783999.161072
diff=0.000000
diff=1
WARNING: orio.module.loop.submodule.tile.transformation: tile size 16 must be greater than the stride value 16; tile index = jjj
expected=405404783999.161072
actual=405404783999.161072
diff=0.000000
diff=1
expected=19703499569974229947690578723471360.000000
actual=405404783999.161072
diff=-2147483648.000000
diff=1
WARNING: orio.module.loop.submodule.tile.transformation: tile size 16 must be greater than the stride value 16; tile index = jjj
WARNING: orio.module.loop.submodule.tile.transformation: tile size 64 must be greater than the stride value 64; tile index = kkk
expected=1142025999478300322959961948920444092416.000000
actual=405404783999.161072
diff=-2147483648.000000
diff=1
WARNING: orio.module.loop.submodule.tile.transformation: tile size 4 must be greater than the stride value 4; tile index = iii
expected=671088402047083305101426161816708187947897192448.000000
actual=405404783999.161072
diff=-2147483648.000000
diff=1
expected=556227128250.036255
actual=405404783999.161072
diff=-2147483648.000000
diff=1
WARNING: orio.module.loop.submodule.tile.transformation: tile size 32 must be greater than the stride value 32; tile index = iii
expected=405404783999.161072
actual=405404783999.161072
diff=0.000000
diff=1
WARNING: orio.module.loop.submodule.tile.transformation: tile size 4 must be greater than the stride value 4; tile index = jjj
expected=10359441144256325673287680.000000
actual=405404783999.161072
diff=-2147483648.000000
diff=1
WARNING: orio.module.loop.submodule.tile.transformation: tile size 2048 must be greater than the stride value 2048; tile index = jjj
expected=9450925349050401863207664134127616.000000
actual=405404783999.161072
diff=-2147483648.000000
diff=1
expected=879838000426033807640647449230141981433266176.000000
actual=405404783999.161072
diff=-2147483648.000000
diff=1
WARNING: orio.module.loop.submodule.tile.transformation: tile size 1024 must be greater than the stride value 1024; tile index = iii
expected=3972220517147938918498304.000000
actual=405404783999.161072
diff=-2147483648.000000
diff=1
expected=1924403370168033919936229395136512.000000
actual=405404783999.161072
diff=-2147483648.000000
diff=1
expected=405404783999.161072
actual=405404783999.161072
diff=0.000000
diff=1
WARNING: orio.module.loop.submodule.tile.transformation: tile size 32 must be greater than the stride value 32; tile index = iii
expected=404796878999.792175
actual=405404783999.161072
diff=607904999.000000
diff=0
[00;31mERROR: orio.main.tuner.ptest_driver: failed to execute the test code: "timeout --kill-after=30s --signal=9 20m  ./__orio_perftest287.exe  "
 --> CalledProcessError: Command 'timeout --kill-after=30s --signal=9 20m  ./__orio_perftest287.exe  ' returned non-zero exit status 1[00m
[00;31mERROR: orio.main.tuner.ptest_driver:  performance testing failed: "timeout --kill-after=30s --signal=9 20m  ./__orio_perftest287.exe  "[00m
WARNING: orio.module.loop.submodule.tile.transformation: tile size 2 must be greater than the stride value 2; tile index = jjj
WARNING: orio.module.loop.submodule.tile.transformation: tile size 64 must be greater than the stride value 64; tile index = jjj
expected=405404783999.161072
actual=405404783999.161072
diff=0.000000
diff=1
expected=405404783999.161072
actual=405404783999.161072
diff=0.000000
diff=1
expected=556227128250.036255
actual=405404783999.161072
diff=-2147483648.000000
diff=1
expected=4966907192699491394256896.000000
actual=405404783999.161072
diff=-2147483648.000000
diff=1
expected=599503238377000745534750720.000000
actual=405404783999.161072
diff=-2147483648.000000
diff=1
WARNING: orio.module.loop.submodule.tile.transformation: tile size 1024 must be greater than the stride value 1024; tile index = jjj
expected=405404783999.161072
actual=405404783999.161072
diff=0.000000
diff=1
WARNING: orio.module.loop.submodule.tile.transformation: tile size 32 must be greater than the stride value 32; tile index = jjj
expected=505746126000.108276
actual=405404783999.161072
diff=-2147483648.000000
diff=1
WARNING: orio.module.loop.submodule.tile.transformation: tile size 8 must be greater than the stride value 8; tile index = jjj
expected=405404783999.161072
actual=405404783999.161072
diff=0.000000
diff=1
WARNING: orio.module.loop.submodule.tile.transformation: tile size 32 must be greater than the stride value 32; tile index = jjj
expected=404695561499.898865
actual=405404783999.161072
diff=709222499.000000
diff=0
[00;31mERROR: orio.main.tuner.ptest_driver: failed to execute the test code: "timeout --kill-after=30s --signal=9 20m  ./__orio_perftest296.exe  "
 --> CalledProcessError: Command 'timeout --kill-after=30s --signal=9 20m  ./__orio_perftest296.exe  ' returned non-zero exit status 1[00m
[00;31mERROR: orio.main.tuner.ptest_driver:  performance testing failed: "timeout --kill-after=30s --signal=9 20m  ./__orio_perftest296.exe  "[00m
WARNING: orio.module.loop.submodule.tile.transformation: tile size 2 must be greater than the stride value 2; tile index = jjj
WARNING: orio.module.loop.submodule.tile.transformation: tile size 16 must be greater than the stride value 16; tile index = jjj
expected=36679568583555292688717690924171264.000000
actual=405404783999.161072
diff=-2147483648.000000
diff=1
WARNING: orio.module.loop.submodule.tile.transformation: tile size 8 must be greater than the stride value 8; tile index = jjj
expected=404999513999.579834
actual=405404783999.161072
diff=405269999.000000
diff=0
[00;31mERROR: orio.main.tuner.ptest_driver: failed to execute the test code: "timeout --kill-after=30s --signal=9 20m  ./__orio_perftest298.exe  "
 --> CalledProcessError: Command 'timeout --kill-after=30s --signal=9 20m  ./__orio_perftest298.exe  ' returned non-zero exit status 1[00m
[00;31mERROR: orio.main.tuner.ptest_driver:  performance testing failed: "timeout --kill-after=30s --signal=9 20m  ./__orio_perftest298.exe  "[00m
expected=480410686125.056213
actual=405404783999.161072
diff=-2147483648.000000
diff=1
expected=9557054556705873691934720.000000
actual=405404783999.161072
diff=-2147483648.000000
diff=1
expected=405404783999.161072
actual=405404783999.161072
diff=0.000000
diff=1
WARNING: orio.module.loop.submodule.tile.transformation: tile size 16 must be greater than the stride value 16; tile index = iii
