
WARNING: orio.module.loop.submodule.tile.transformation: tile size 4 must be greater than the stride value 4; tile index = kkk
expected = 0.000000
actual = 9369846271501.798828
[00;31mERROR: orio.main.tuner.ptest_driver: failed to execute the test code: "timeout --kill-after=30s --signal=9 20m  ./__orio_perftest1.exe  "
 --> CalledProcessError: Command 'timeout --kill-after=30s --signal=9 20m  ./__orio_perftest1.exe  ' returned non-zero exit status 1[00m
[00;31mERROR: orio.main.tuner.ptest_driver:  performance testing failed: "timeout --kill-after=30s --signal=9 20m  ./__orio_perftest1.exe  "[00m
WARNING: orio.module.loop.submodule.tile.transformation: tile size 1024 must be greater than the stride value 1024; tile index = kkk
expected = 9369846271501.798828
actual = 9369846271501.798828
WARNING: orio.module.loop.submodule.tile.transformation: tile size 2 must be greater than the stride value 2; tile index = iii
expected = 0.000000
actual = 9369846271501.798828
[00;31mERROR: orio.main.tuner.ptest_driver: failed to execute the test code: "timeout --kill-after=30s --signal=9 20m  ./__orio_perftest3.exe  "
 --> CalledProcessError: Command 'timeout --kill-after=30s --signal=9 20m  ./__orio_perftest3.exe  ' returned non-zero exit status 1[00m
[00;31mERROR: orio.main.tuner.ptest_driver:  performance testing failed: "timeout --kill-after=30s --signal=9 20m  ./__orio_perftest3.exe  "[00m
expected = 9369846271501.798828
actual = 9369846271501.798828
expected = 9369846271501.798828
actual = 9369846271501.798828
expected = 9369846271501.798828
actual = 9369846271501.798828
expected = 0.000000
actual = 9369846271501.798828
[00;31mERROR: orio.main.tuner.ptest_driver: failed to execute the test code: "timeout --kill-after=30s --signal=9 20m  ./__orio_perftest7.exe  "
 --> CalledProcessError: Command 'timeout --kill-after=30s --signal=9 20m  ./__orio_perftest7.exe  ' returned non-zero exit status 1[00m
[00;31mERROR: orio.main.tuner.ptest_driver:  performance testing failed: "timeout --kill-after=30s --signal=9 20m  ./__orio_perftest7.exe  "[00m
expected = 9369846271501.798828
actual = 9369846271501.798828
expected = 9369846271501.798828
actual = 9369846271501.798828
expected = 9369846271501.798828
actual = 9369846271501.798828
WARNING: orio.module.loop.submodule.tile.transformation: tile size 8 must be greater than the stride value 8; tile index = kkk
expected = 9369846271501.798828
actual = 9369846271501.798828
expected = 9369846271501.798828
actual = 9369846271501.798828
expected = 9369846271501.798828
actual = 9369846271501.798828
/root/dlmt_spapt_experiments/orio/orio/main/tuner/search/annealing/annealing.py:152: RuntimeWarning: invalid value encountered in double_scalars
  delta = new_perf_cost - perf_cost
expected = 9369846271501.798828
actual = 9369846271501.798828
expected = 9369846271501.798828
actual = 9369846271501.798828
expected = 9369846271501.798828
actual = 9369846271501.798828
expected = 9369846271501.798828
actual = 9369846271501.798828
expected = 0.000000
actual = 9369846271501.798828
[00;31mERROR: orio.main.tuner.ptest_driver: failed to execute the test code: "timeout --kill-after=30s --signal=9 20m  ./__orio_perftest18.exe  "
 --> CalledProcessError: Command 'timeout --kill-after=30s --signal=9 20m  ./__orio_perftest18.exe  ' returned non-zero exit status 1[00m
[00;31mERROR: orio.main.tuner.ptest_driver:  performance testing failed: "timeout --kill-after=30s --signal=9 20m  ./__orio_perftest18.exe  "[00m
expected = 9369846271501.798828
actual = 9369846271501.798828
expected = 9369846271501.798828
actual = 9369846271501.798828
expected = 9369846271501.798828
actual = 9369846271501.798828
expected = 9369846271501.798828
actual = 9369846271501.798828
expected = 9369846271501.798828
actual = 9369846271501.798828
expected = 9369846271501.798828
actual = 9369846271501.798828
expected = 9369846271501.798828
actual = 9369846271501.798828
expected = 9369846271501.798828
actual = 9369846271501.798828
expected = 9369846271501.798828
actual = 9369846271501.798828
expected = 9369846271501.798828
actual = 9369846271501.798828
expected = 9369846271501.798828
actual = 9369846271501.798828
expected = 9369846271501.798828
actual = 9369846271501.798828
expected = 9369846271501.798828
actual = 9369846271501.798828
expected = 9369846271501.798828
actual = 9369846271501.798828
expected = 9369846271501.798828
actual = 9369846271501.798828
expected = 9369846271501.798828
actual = 9369846271501.798828
expected = 9369846271501.798828
actual = 9369846271501.798828
expected = 9369846271501.798828
actual = 9369846271501.798828
expected = 9369846271501.798828
actual = 9369846271501.798828
expected = 9369846271501.798828
actual = 9369846271501.798828
expected = 9369846271501.798828
actual = 9369846271501.798828
expected = 9369846271501.798828
actual = 9369846271501.798828
expected = 9369846271501.798828
actual = 9369846271501.798828
expected = 9369846271501.798828
actual = 9369846271501.798828
expected = 9369846271501.798828
actual = 9369846271501.798828
expected = 9369846271501.798828
actual = 9369846271501.798828
expected = 9369846271501.798828
actual = 9369846271501.798828
expected = 9369846271501.798828
actual = 9369846271501.798828
expected = 9369846271501.798828
actual = 9369846271501.798828
expected = 9369846271501.798828
actual = 9369846271501.798828
expected = 9369846271501.798828
actual = 9369846271501.798828
expected = 9369846271501.798828
actual = 9369846271501.798828
expected = 9369846271501.798828
actual = 9369846271501.798828
expected = 9369846271501.798828
actual = 9369846271501.798828
expected = 9369846271501.798828
actual = 9369846271501.798828
expected = 9369846271501.798828
actual = 9369846271501.798828
expected = 9369846271501.798828
actual = 9369846271501.798828
expected = 9369846271501.798828
actual = 9369846271501.798828
expected = 9369846271501.798828
actual = 9369846271501.798828
expected = 9369846271501.798828
actual = 9369846271501.798828
expected = 9369846271501.798828
actual = 9369846271501.798828
expected = 9369846271501.798828
actual = 9369846271501.798828
expected = 9369846271501.798828
actual = 9369846271501.798828
expected = 9369846271501.798828
actual = 9369846271501.798828
expected = 9369846271501.798828
actual = 9369846271501.798828
expected = 9369846271501.798828
actual = 9369846271501.798828
expected = 9369846271501.798828
actual = 9369846271501.798828
expected = 9369846271501.798828
actual = 9369846271501.798828
expected = 9369846271501.798828
actual = 9369846271501.798828
expected = 9369846271501.798828
actual = 9369846271501.798828
expected = 9369846271501.798828
actual = 9369846271501.798828
expected = 9369846271501.798828
actual = 9369846271501.798828
expected = 9369846271501.798828
actual = 9369846271501.798828
expected = 9369846271501.798828
actual = 9369846271501.798828
expected = 9369846271501.798828
actual = 9369846271501.798828
expected = 9369846271501.798828
actual = 9369846271501.798828
expected = 9369846271501.798828
actual = 9369846271501.798828
expected = 9369846271501.798828
actual = 9369846271501.798828
expected = 9369846271501.798828
actual = 9369846271501.798828
expected = 9369846271501.798828
actual = 9369846271501.798828
expected = 9369846271501.798828
actual = 9369846271501.798828
expected = 9369846271501.798828
actual = 9369846271501.798828
expected = 9369846271501.798828
actual = 9369846271501.798828
expected = 9369846271501.798828
actual = 9369846271501.798828
expected = 9369846271501.798828
actual = 9369846271501.798828
expected = 9369846271501.798828
actual = 9369846271501.798828
expected = 9369846271501.798828
actual = 9369846271501.798828
expected = 9369846271501.798828
actual = 9369846271501.798828
expected = 9369846271501.798828
actual = 9369846271501.798828
expected = 9369846271501.798828
actual = 9369846271501.798828
expected = 9369846271501.798828
actual = 9369846271501.798828
expected = 9369846271501.798828
actual = 9369846271501.798828
expected = 9369846271501.798828
actual = 9369846271501.798828
expected = 9369846271501.798828
actual = 9369846271501.798828
expected = 9369846271501.798828
actual = 9369846271501.798828
expected = 9369846271501.798828
actual = 9369846271501.798828
expected = 9369846271501.798828
actual = 9369846271501.798828
expected = 9369846271501.798828
actual = 9369846271501.798828
expected = 9369846271501.798828
actual = 9369846271501.798828
expected = 9369846271501.798828
actual = 9369846271501.798828
expected = 9369846271501.798828
actual = 9369846271501.798828
expected = 9369846271501.798828
actual = 9369846271501.798828
expected = 9369846271501.798828
actual = 9369846271501.798828
expected = 9369846271501.798828
actual = 9369846271501.798828
expected = 9369846271501.798828
actual = 9369846271501.798828
expected = 9369846271501.798828
actual = 9369846271501.798828
expected = 9369846271501.798828
actual = 9369846271501.798828
expected = 9369846271501.798828
actual = 9369846271501.798828
expected = 9369846271501.798828
actual = 9369846271501.798828
expected = 9369846271501.798828
actual = 9369846271501.798828
expected = 9369846271501.798828
actual = 9369846271501.798828
expected = 9369846271501.798828
actual = 9369846271501.798828
expected = 9369846271501.798828
actual = 9369846271501.798828
expected = 9369846271501.798828
actual = 9369846271501.798828
expected = 9369846271501.798828
actual = 9369846271501.798828
expected = 9369846271501.798828
actual = 9369846271501.798828
expected = 9369846271501.798828
actual = 9369846271501.798828
expected = 9369846271501.798828
actual = 9369846271501.798828
expected = 9369846271501.798828
actual = 9369846271501.798828
expected = 9369846271501.798828
actual = 9369846271501.798828
expected = 9369846271501.798828
actual = 9369846271501.798828
expected = 9369846271501.798828
actual = 9369846271501.798828
expected = 9369846271501.798828
actual = 9369846271501.798828
expected = 9369846271501.798828
actual = 9369846271501.798828
expected = 9369846271501.798828
actual = 9369846271501.798828
expected = 9369846271501.798828
actual = 9369846271501.798828
expected = 9369846271501.798828
actual = 9369846271501.798828
expected = 9369846271501.798828
actual = 9369846271501.798828
expected = 9369846271501.798828
actual = 9369846271501.798828
expected = 9369846271501.798828
actual = 9369846271501.798828
expected = 9369846271501.798828
actual = 9369846271501.798828
expected = 9369846271501.798828
actual = 9369846271501.798828
expected = 9369846271501.798828
actual = 9369846271501.798828
expected = 9369846271501.798828
actual = 9369846271501.798828
expected = 9369846271501.798828
actual = 9369846271501.798828
expected = 9369846271501.798828
actual = 9369846271501.798828
expected = 9369846271501.798828
actual = 9369846271501.798828
expected = 9369846271501.798828
actual = 9369846271501.798828
expected = 9369846271501.798828
actual = 9369846271501.798828
expected = 9369846271501.798828
actual = 9369846271501.798828
expected = 9369846271501.798828
actual = 9369846271501.798828
expected = 9369846271501.798828
actual = 9369846271501.798828
expected = 9369846271501.798828
actual = 9369846271501.798828
expected = 9369846271501.798828
actual = 9369846271501.798828
expected = 9369846271501.798828
actual = 9369846271501.798828
expected = 9369846271501.798828
actual = 9369846271501.798828
expected = 9369846271501.798828
actual = 9369846271501.798828
expected = 9369846271501.798828
actual = 9369846271501.798828
expected = 9369846271501.798828
actual = 9369846271501.798828
expected = 9369846271501.798828
actual = 9369846271501.798828
expected = 9369846271501.798828
actual = 9369846271501.798828
expected = 9369846271501.798828
actual = 9369846271501.798828
expected = 9369846271501.798828
actual = 9369846271501.798828
