
WARNING: orio.module.loop.submodule.tile.transformation: tile size 128 must be greater than the stride value 128; tile index = iii
expected=126721550248.385513
actual=-29488901894.314121
diff=-2147483648.000000
diff=1
WARNING: orio.module.loop.submodule.tile.transformation: tile size 8 must be greater than the stride value 8; tile index = jjj
expected=-29488901894.314121
actual=-29488901894.314121
diff=0.000000
diff=1
expected=289752775595605.000000
actual=-29488901894.314121
diff=-2147483648.000000
diff=1
WARNING: orio.module.loop.submodule.tile.transformation: tile size 2048 must be greater than the stride value 2048; tile index = iii
expected=-2869674818475.774902
actual=-29488901894.314121
diff=-2147483648.000000
diff=1
WARNING: orio.module.loop.submodule.tile.transformation: tile size 256 must be greater than the stride value 256; tile index = jjj
expected=6662655218.925682
actual=-29488901894.314121
diff=-2147483648.000000
diff=1
expected=-29488901894.314121
actual=-29488901894.314121
diff=0.000000
diff=1
WARNING: orio.module.loop.submodule.tile.transformation: tile size 256 must be greater than the stride value 256; tile index = iii
expected=115377.956435
actual=-29488901894.314121
diff=-2147483648.000000
diff=1
expected=-1017206.599234
actual=-29488901894.314121
diff=-2147483648.000000
diff=1
expected=250530446.887058
actual=-29488901894.314121
diff=-2147483648.000000
diff=1
expected=-29488901894.314121
actual=-29488901894.314121
diff=0.000000
diff=1
expected=-29488901894.314121
actual=-29488901894.314121
diff=0.000000
diff=1
expected=-70021.987238
actual=-29488901894.314121
diff=-2147483648.000000
diff=1
expected=126721550248.385513
actual=-29488901894.314121
diff=-2147483648.000000
diff=1
expected=-1193384452755.851562
actual=-29488901894.314121
diff=-2147483648.000000
diff=1
expected=-29488901894.314121
actual=-29488901894.314121
diff=0.000000
diff=1
expected=-29488901894.314121
actual=-29488901894.314121
diff=0.000000
diff=1
WARNING: orio.module.loop.submodule.tile.transformation: tile size 128 must be greater than the stride value 128; tile index = jjj
expected=126721550248.385513
actual=-29488901894.314121
diff=-2147483648.000000
diff=1
expected=-614195238390.594482
actual=-29488901894.314121
diff=-2147483648.000000
diff=1
WARNING: orio.module.loop.submodule.tile.transformation: tile size 8 must be greater than the stride value 8; tile index = iii
WARNING: orio.module.loop.submodule.tile.transformation: tile size 64 must be greater than the stride value 64; tile index = jjj
expected=-29488901894.314121
actual=-29488901894.314121
diff=0.000000
diff=1
expected=25440258.444064
actual=-29488901894.314121
diff=-2147483648.000000
diff=1
expected=-29488901894.314121
actual=-29488901894.314121
diff=0.000000
diff=1
expected=520055212054.025696
actual=-29488901894.314121
diff=-2147483648.000000
diff=1
WARNING: orio.module.loop.submodule.tile.transformation: tile size 16 must be greater than the stride value 16; tile index = iii
WARNING: orio.module.loop.submodule.tile.transformation: tile size 512 must be greater than the stride value 512; tile index = iii
expected=-204893307219.259521
actual=-29488901894.314121
diff=-2147483648.000000
diff=1
expected=-1023146.527636
actual=-29488901894.314121
diff=-2147483648.000000
diff=1
WARNING: orio.module.loop.submodule.tile.transformation: tile size 512 must be greater than the stride value 512; tile index = iii
expected=-614195238390.594482
actual=-29488901894.314121
diff=-2147483648.000000
diff=1
WARNING: orio.module.loop.submodule.tile.transformation: tile size 2048 must be greater than the stride value 2048; tile index = jjj
expected=-29488901894.314121
actual=-29488901894.314121
diff=0.000000
diff=1
expected=-29488901894.314121
actual=-29488901894.314121
diff=0.000000
diff=1
WARNING: orio.module.loop.submodule.tile.transformation: tile size 512 must be greater than the stride value 512; tile index = iii
expected=-29488901894.314121
actual=-29488901894.314121
diff=0.000000
diff=1
WARNING: orio.module.loop.submodule.tile.transformation: tile size 4 must be greater than the stride value 4; tile index = iii
WARNING: orio.module.loop.submodule.tile.transformation: tile size 256 must be greater than the stride value 256; tile index = iii
expected=192602.326992
actual=-29488901894.314121
diff=-2147483648.000000
diff=1
expected=591607783108033.125000
actual=-29488901894.314121
diff=-2147483648.000000
diff=1
WARNING: orio.module.loop.submodule.tile.transformation: tile size 256 must be greater than the stride value 256; tile index = jjj
expected=-29488901894.314121
actual=-29488901894.314121
diff=0.000000
diff=1
expected=-1023146.527636
actual=-29488901894.314121
diff=-2147483648.000000
diff=1
WARNING: orio.module.loop.submodule.tile.transformation: tile size 64 must be greater than the stride value 64; tile index = iii
expected=-29488901894.314121
actual=-29488901894.314121
diff=0.000000
diff=1
WARNING: orio.module.loop.submodule.tile.transformation: tile size 128 must be greater than the stride value 128; tile index = iii
expected=1763208144156.359619
actual=-29488901894.314121
diff=-2147483648.000000
diff=1
WARNING: orio.module.loop.submodule.tile.transformation: tile size 2048 must be greater than the stride value 2048; tile index = iii
expected=-29488901894.314121
actual=-29488901894.314121
diff=0.000000
diff=1
expected=-7714742852.368342
actual=-29488901894.314121
diff=-2147483648.000000
diff=1
WARNING: orio.module.loop.submodule.tile.transformation: tile size 256 must be greater than the stride value 256; tile index = jjj
expected=-29488901894.314121
actual=-29488901894.314121
diff=0.000000
diff=1
expected=126721550248.385513
actual=-29488901894.314121
diff=-2147483648.000000
diff=1
expected=-614195238390.594482
actual=-29488901894.314121
diff=-2147483648.000000
diff=1
expected=-29488901894.314121
actual=-29488901894.314121
diff=0.000000
diff=1
WARNING: orio.module.loop.submodule.tile.transformation: tile size 64 must be greater than the stride value 64; tile index = iii
expected=930684697336.659424
actual=-29488901894.314121
diff=-2147483648.000000
diff=1
WARNING: orio.module.loop.submodule.tile.transformation: tile size 2 must be greater than the stride value 2; tile index = iii
WARNING: orio.module.loop.submodule.tile.transformation: tile size 8 must be greater than the stride value 8; tile index = iii
expected=-1869258315199208.500000
actual=-29488901894.314121
diff=-2147483648.000000
diff=1
WARNING: orio.module.loop.submodule.tile.transformation: tile size 1024 must be greater than the stride value 1024; tile index = jjj
expected=-29488901894.314121
actual=-29488901894.314121
diff=0.000000
diff=1
expected=-520179849890161088.000000
actual=-29488901894.314121
diff=-2147483648.000000
diff=1
WARNING: orio.module.loop.submodule.tile.transformation: tile size 2048 must be greater than the stride value 2048; tile index = jjj
expected=-29488901894.314121
actual=-29488901894.314121
diff=0.000000
diff=1
WARNING: orio.module.loop.submodule.tile.transformation: tile size 512 must be greater than the stride value 512; tile index = iii
expected=-29488901894.314121
actual=-29488901894.314121
diff=0.000000
diff=1
expected=288940386.330813
actual=-29488901894.314121
diff=-2147483648.000000
diff=1
WARNING: orio.module.loop.submodule.tile.transformation: tile size 4 must be greater than the stride value 4; tile index = iii
expected=-2139719570.898415
actual=-29488901894.314121
diff=-2147483648.000000
diff=1
WARNING: orio.module.loop.submodule.tile.transformation: tile size 1024 must be greater than the stride value 1024; tile index = iii
expected=1755459126502.282959
actual=-29488901894.314121
diff=-2147483648.000000
diff=1
WARNING: orio.module.loop.submodule.tile.transformation: tile size 8 must be greater than the stride value 8; tile index = jjj
expected=-29488901894.314121
actual=-29488901894.314121
diff=0.000000
diff=1
expected=25440258.444064
actual=-29488901894.314121
diff=-2147483648.000000
diff=1
expected=-29488901894.314121
actual=-29488901894.314121
diff=0.000000
diff=1
expected=25440258.444064
actual=-29488901894.314121
diff=-2147483648.000000
diff=1
expected=-1869258315199208.500000
actual=-29488901894.314121
diff=-2147483648.000000
diff=1
expected=288940386.330813
actual=-29488901894.314121
diff=-2147483648.000000
diff=1
WARNING: orio.module.loop.submodule.tile.transformation: tile size 4 must be greater than the stride value 4; tile index = jjj
expected=-29488901894.314121
actual=-29488901894.314121
diff=0.000000
diff=1
expected=-138699.328917
actual=-29488901894.314121
diff=-2147483648.000000
diff=1
expected=-29488901894.314121
actual=-29488901894.314121
diff=0.000000
diff=1
expected=-42100526921037.164062
actual=-29488901894.314121
diff=-2147483648.000000
diff=1
expected=-1023146.527636
actual=-29488901894.314121
diff=-2147483648.000000
diff=1
WARNING: orio.module.loop.submodule.tile.transformation: tile size 64 must be greater than the stride value 64; tile index = jjj
expected=-29488901894.314121
actual=-29488901894.314121
diff=0.000000
diff=1
expected=-29488901894.314121
actual=-29488901894.314121
diff=0.000000
diff=1
expected=-29488901894.314121
actual=-29488901894.314121
diff=0.000000
diff=1
WARNING: orio.module.loop.submodule.tile.transformation: tile size 8 must be greater than the stride value 8; tile index = jjj
expected=-29488901894.314121
actual=-29488901894.314121
diff=0.000000
diff=1
expected=-29488901894.314121
actual=-29488901894.314121
diff=0.000000
diff=1
expected=-29488901894.314121
actual=-29488901894.314121
diff=0.000000
diff=1
WARNING: orio.module.loop.submodule.tile.transformation: tile size 64 must be greater than the stride value 64; tile index = jjj
expected=-29488901894.314121
actual=-29488901894.314121
diff=0.000000
diff=1
WARNING: orio.module.loop.submodule.tile.transformation: tile size 1024 must be greater than the stride value 1024; tile index = jjj
expected=-25932060.545677
actual=-29488901894.314121
diff=-2147483648.000000
diff=1
expected=126721550248.385513
actual=-29488901894.314121
diff=-2147483648.000000
diff=1
expected=-8369971.849494
actual=-29488901894.314121
diff=-2147483648.000000
diff=1
WARNING: orio.module.loop.submodule.tile.transformation: tile size 2048 must be greater than the stride value 2048; tile index = iii
expected=21949349799.356754
actual=-29488901894.314121
diff=-2147483648.000000
diff=1
expected=887561843653131.250000
actual=-29488901894.314121
diff=-2147483648.000000
diff=1
expected=-1023146.527636
actual=-29488901894.314121
diff=-2147483648.000000
diff=1
expected=520055212054.025696
actual=-29488901894.314121
diff=-2147483648.000000
diff=1
expected=1761874286681.403809
actual=-29488901894.314121
diff=-2147483648.000000
diff=1
expected=25440258.444064
actual=-29488901894.314121
diff=-2147483648.000000
diff=1
WARNING: orio.module.loop.submodule.tile.transformation: tile size 512 must be greater than the stride value 512; tile index = jjj
WARNING: orio.module.loop.submodule.tile.transformation: tile size 2048 must be greater than the stride value 2048; tile index = jjj
expected=-29488901894.314121
actual=-29488901894.314121
diff=0.000000
diff=1
WARNING: orio.module.loop.submodule.tile.transformation: tile size 1024 must be greater than the stride value 1024; tile index = jjj
expected=-8369971.849494
actual=-29488901894.314121
diff=-2147483648.000000
diff=1
WARNING: orio.module.loop.submodule.tile.transformation: tile size 2048 must be greater than the stride value 2048; tile index = iii
WARNING: orio.module.loop.submodule.tile.transformation: tile size 8 must be greater than the stride value 8; tile index = iii
WARNING: orio.module.loop.submodule.tile.transformation: tile size 8 must be greater than the stride value 8; tile index = jjj
expected=-29488901894.314121
actual=-29488901894.314121
diff=0.000000
diff=1
expected=-25953700.469229
actual=-29488901894.314121
diff=-2147483648.000000
diff=1
WARNING: orio.module.loop.submodule.tile.transformation: tile size 64 must be greater than the stride value 64; tile index = jjj
expected=-1193384452755.851562
actual=-29488901894.314121
diff=-2147483648.000000
diff=1
expected=520055212054.025696
actual=-29488901894.314121
diff=-2147483648.000000
diff=1
expected=42981256358556.843750
actual=-29488901894.314121
diff=-2147483648.000000
diff=1
expected=-25792517.538051
actual=-29488901894.314121
diff=-2147483648.000000
diff=1
expected=-1367295.585408
actual=-29488901894.314121
diff=-2147483648.000000
diff=1
expected=-29488901894.314121
actual=-29488901894.314121
diff=0.000000
diff=1
WARNING: orio.module.loop.submodule.tile.transformation: tile size 2048 must be greater than the stride value 2048; tile index = iii
expected=6070458150710.238281
actual=-29488901894.314121
diff=-2147483648.000000
diff=1
WARNING: orio.module.loop.submodule.tile.transformation: tile size 2048 must be greater than the stride value 2048; tile index = iii
expected=-29488901894.314121
actual=-29488901894.314121
diff=0.000000
diff=1
expected=-29488901894.314121
actual=-29488901894.314121
diff=0.000000
diff=1
expected=182177.928802
actual=-29488901894.314121
diff=-2147483648.000000
diff=1
WARNING: orio.module.loop.submodule.tile.transformation: tile size 2048 must be greater than the stride value 2048; tile index = jjj
WARNING: orio.module.loop.submodule.tile.transformation: tile size 4 must be greater than the stride value 4; tile index = iii
expected=-1023146.527636
actual=-29488901894.314121
diff=-2147483648.000000
diff=1
WARNING: orio.module.loop.submodule.tile.transformation: tile size 64 must be greater than the stride value 64; tile index = iii
expected=194255.305043
actual=-29488901894.314121
diff=-2147483648.000000
diff=1
WARNING: orio.module.loop.submodule.tile.transformation: tile size 2048 must be greater than the stride value 2048; tile index = iii
expected=-29488901894.314121
actual=-29488901894.314121
diff=0.000000
diff=1
expected=25440258.444064
actual=-29488901894.314121
diff=-2147483648.000000
diff=1
WARNING: orio.module.loop.submodule.tile.transformation: tile size 2 must be greater than the stride value 2; tile index = jjj
expected=126721550248.385513
actual=-29488901894.314121
diff=-2147483648.000000
diff=1
WARNING: orio.module.loop.submodule.tile.transformation: tile size 2048 must be greater than the stride value 2048; tile index = jjj
expected=-29488901894.314121
actual=-29488901894.314121
diff=0.000000
diff=1
WARNING: orio.module.loop.submodule.tile.transformation: tile size 4 must be greater than the stride value 4; tile index = iii
expected=25440258.444064
actual=-29488901894.314121
diff=-2147483648.000000
diff=1
expected=-1193384452755.851562
actual=-29488901894.314121
diff=-2147483648.000000
diff=1
expected=-29488901894.314121
actual=-29488901894.314121
diff=0.000000
diff=1
WARNING: orio.module.loop.submodule.tile.transformation: tile size 512 must be greater than the stride value 512; tile index = iii
WARNING: orio.module.loop.submodule.tile.transformation: tile size 8 must be greater than the stride value 8; tile index = jjj
WARNING: orio.module.loop.submodule.tile.transformation: tile size 2 must be greater than the stride value 2; tile index = iii
WARNING: orio.module.loop.submodule.tile.transformation: tile size 2048 must be greater than the stride value 2048; tile index = jjj
expected=-29488901894.314121
actual=-29488901894.314121
diff=0.000000
diff=1
WARNING: orio.module.loop.submodule.tile.transformation: tile size 32 must be greater than the stride value 32; tile index = iii
WARNING: orio.module.loop.submodule.tile.transformation: tile size 256 must be greater than the stride value 256; tile index = jjj
expected=-29488901894.314121
actual=-29488901894.314121
diff=0.000000
diff=1
WARNING: orio.module.loop.submodule.tile.transformation: tile size 2048 must be greater than the stride value 2048; tile index = iii
expected=887561843653131.250000
actual=-29488901894.314121
diff=-2147483648.000000
diff=1
WARNING: orio.module.loop.submodule.tile.transformation: tile size 1024 must be greater than the stride value 1024; tile index = jjj
expected=-29488901894.314121
actual=-29488901894.314121
diff=0.000000
diff=1
expected=-29488901894.314121
actual=-29488901894.314121
diff=0.000000
diff=1
expected=-614195238390.594482
actual=-29488901894.314121
diff=-2147483648.000000
diff=1
expected=-29488901894.314121
actual=-29488901894.314121
diff=0.000000
diff=1
WARNING: orio.module.loop.submodule.tile.transformation: tile size 128 must be greater than the stride value 128; tile index = iii
expected=-7558329.286618
actual=-29488901894.314121
diff=-2147483648.000000
diff=1
WARNING: orio.module.loop.submodule.tile.transformation: tile size 32 must be greater than the stride value 32; tile index = jjj
expected=-15959465380614.960938
actual=-29488901894.314121
diff=-2147483648.000000
diff=1
expected=-29488901894.314121
actual=-29488901894.314121
diff=0.000000
diff=1
expected=-115983203086.735672
actual=-29488901894.314121
diff=-2147483648.000000
diff=1
WARNING: orio.module.loop.submodule.tile.transformation: tile size 128 must be greater than the stride value 128; tile index = iii
expected=-7558329.286618
actual=-29488901894.314121
diff=-2147483648.000000
diff=1
WARNING: orio.module.loop.submodule.tile.transformation: tile size 64 must be greater than the stride value 64; tile index = jjj
expected=-29488901894.314121
actual=-29488901894.314121
diff=0.000000
diff=1
expected=-29488901894.314121
actual=-29488901894.314121
diff=0.000000
diff=1
WARNING: orio.module.loop.submodule.tile.transformation: tile size 128 must be greater than the stride value 128; tile index = jjj
expected=-29488901894.314121
actual=-29488901894.314121
diff=0.000000
diff=1
expected=-614195238390.594482
actual=-29488901894.314121
diff=-2147483648.000000
diff=1
expected=-1023146.527636
actual=-29488901894.314121
diff=-2147483648.000000
diff=1
expected=-1023146.527636
actual=-29488901894.314121
diff=-2147483648.000000
diff=1
WARNING: orio.module.loop.submodule.tile.transformation: tile size 512 must be greater than the stride value 512; tile index = jjj
expected=-29488901894.314121
actual=-29488901894.314121
diff=0.000000
diff=1
expected=-29488901894.314121
actual=-29488901894.314121
diff=0.000000
diff=1
expected=-29488901894.314121
actual=-29488901894.314121
diff=0.000000
diff=1
expected=-1316862425470.925049
actual=-29488901894.314121
diff=-2147483648.000000
diff=1
expected=289752775595605.000000
actual=-29488901894.314121
diff=-2147483648.000000
diff=1
expected=-614195238390.594482
actual=-29488901894.314121
diff=-2147483648.000000
diff=1
WARNING: orio.module.loop.submodule.tile.transformation: tile size 2 must be greater than the stride value 2; tile index = iii
expected=-7558329.286618
actual=-29488901894.314121
diff=-2147483648.000000
diff=1
expected=-29488901894.314121
actual=-29488901894.314121
diff=0.000000
diff=1
expected=-29488901894.314121
actual=-29488901894.314121
diff=0.000000
diff=1
expected=-29488901894.314121
actual=-29488901894.314121
diff=0.000000
diff=1
expected=-29488901894.314121
actual=-29488901894.314121
diff=0.000000
diff=1
expected=-29488901894.314121
actual=-29488901894.314121
diff=0.000000
diff=1
expected=-29488901894.314121
actual=-29488901894.314121
diff=0.000000
diff=1
expected=6768663925.430820
actual=-29488901894.314121
diff=-2147483648.000000
diff=1
WARNING: orio.module.loop.submodule.tile.transformation: tile size 8 must be greater than the stride value 8; tile index = jjj
expected=-19072795471.772808
actual=-29488901894.314121
diff=-2147483648.000000
diff=1
WARNING: orio.module.loop.submodule.tile.transformation: tile size 256 must be greater than the stride value 256; tile index = iii
WARNING: orio.module.loop.submodule.tile.transformation: tile size 8 must be greater than the stride value 8; tile index = jjj
expected=-7558329.286618
actual=-29488901894.314121
diff=-2147483648.000000
diff=1
expected=-29488901894.314121
actual=-29488901894.314121
diff=0.000000
diff=1
expected=-29488901894.314121
actual=-29488901894.314121
diff=0.000000
diff=1
expected=-29488901894.314121
actual=-29488901894.314121
diff=0.000000
diff=1
expected=-1023146.527636
actual=-29488901894.314121
diff=-2147483648.000000
diff=1
expected=-29488901894.314121
actual=-29488901894.314121
diff=0.000000
diff=1
WARNING: orio.module.loop.submodule.tile.transformation: tile size 2048 must be greater than the stride value 2048; tile index = jjj
WARNING: orio.module.loop.submodule.tile.transformation: tile size 16 must be greater than the stride value 16; tile index = jjj
expected=-1935799461096077.750000
actual=-29488901894.314121
diff=-2147483648.000000
diff=1
expected=-29488901894.314121
actual=-29488901894.314121
diff=0.000000
diff=1
expected=25440258.444064
actual=-29488901894.314121
diff=-2147483648.000000
diff=1
WARNING: orio.module.loop.submodule.tile.transformation: tile size 64 must be greater than the stride value 64; tile index = jjj
expected=520055212054.025696
actual=-29488901894.314121
diff=-2147483648.000000
diff=1
WARNING: orio.module.loop.submodule.tile.transformation: tile size 8 must be greater than the stride value 8; tile index = jjj
WARNING: orio.module.loop.submodule.tile.transformation: tile size 2048 must be greater than the stride value 2048; tile index = iii
expected=-29488901894.314121
actual=-29488901894.314121
diff=0.000000
diff=1
expected=25440258.444064
actual=-29488901894.314121
diff=-2147483648.000000
diff=1
expected=-8369971.849494
actual=-29488901894.314121
diff=-2147483648.000000
diff=1
expected=-29488901894.314121
actual=-29488901894.314121
diff=0.000000
diff=1
WARNING: orio.module.loop.submodule.tile.transformation: tile size 1024 must be greater than the stride value 1024; tile index = iii
expected=-29488901894.314121
actual=-29488901894.314121
diff=0.000000
diff=1
expected=-29488901894.314121
actual=-29488901894.314121
diff=0.000000
diff=1
WARNING: orio.module.loop.submodule.tile.transformation: tile size 4 must be greater than the stride value 4; tile index = iii
expected=289752775595605.000000
actual=-29488901894.314121
diff=-2147483648.000000
diff=1
WARNING: orio.module.loop.submodule.tile.transformation: tile size 512 must be greater than the stride value 512; tile index = jjj
expected=25440258.444064
actual=-29488901894.314121
diff=-2147483648.000000
diff=1
expected=-25932060.545677
actual=-29488901894.314121
diff=-2147483648.000000
diff=1
expected=-614195238390.594482
actual=-29488901894.314121
diff=-2147483648.000000
diff=1
WARNING: orio.module.loop.submodule.tile.transformation: tile size 512 must be greater than the stride value 512; tile index = jjj
expected=-1316862425470.925049
actual=-29488901894.314121
diff=-2147483648.000000
diff=1
expected=-29488901894.314121
actual=-29488901894.314121
diff=0.000000
diff=1
expected=-29488901894.314121
actual=-29488901894.314121
diff=0.000000
diff=1
expected=-29488901894.314121
actual=-29488901894.314121
diff=0.000000
diff=1
WARNING: orio.module.loop.submodule.tile.transformation: tile size 64 must be greater than the stride value 64; tile index = jjj
WARNING: orio.module.loop.submodule.tile.transformation: tile size 8 must be greater than the stride value 8; tile index = iii
expected=-614195238390.594482
actual=-29488901894.314121
diff=-2147483648.000000
diff=1
expected=-29488901894.314121
actual=-29488901894.314121
diff=0.000000
diff=1
expected=-1023146.527636
actual=-29488901894.314121
diff=-2147483648.000000
diff=1
WARNING: orio.module.loop.submodule.tile.transformation: tile size 4 must be greater than the stride value 4; tile index = jjj
expected=-29488901894.314121
actual=-29488901894.314121
diff=0.000000
diff=1
expected=-29488901894.314121
actual=-29488901894.314121
diff=0.000000
diff=1
expected=-29488901894.314121
actual=-29488901894.314121
diff=0.000000
diff=1
WARNING: orio.module.loop.submodule.tile.transformation: tile size 2048 must be greater than the stride value 2048; tile index = iii
expected=-29488901894.314121
actual=-29488901894.314121
diff=0.000000
diff=1
expected=-1023146.527636
actual=-29488901894.314121
diff=-2147483648.000000
diff=1
expected=-29488901894.314121
actual=-29488901894.314121
diff=0.000000
diff=1
WARNING: orio.module.loop.submodule.tile.transformation: tile size 4 must be greater than the stride value 4; tile index = iii
expected=-29488901894.314121
actual=-29488901894.314121
diff=0.000000
diff=1
WARNING: orio.module.loop.submodule.tile.transformation: tile size 2048 must be greater than the stride value 2048; tile index = jjj
expected=-29488901894.314121
actual=-29488901894.314121
diff=0.000000
diff=1
expected=-7558329.286618
actual=-29488901894.314121
diff=-2147483648.000000
diff=1
expected=-29488901894.314121
actual=-29488901894.314121
diff=0.000000
diff=1
WARNING: orio.module.loop.submodule.tile.transformation: tile size 1024 must be greater than the stride value 1024; tile index = iii
expected=-7558329.286618
actual=-29488901894.314121
diff=-2147483648.000000
diff=1
WARNING: orio.module.loop.submodule.tile.transformation: tile size 2048 must be greater than the stride value 2048; tile index = jjj
expected=-8369971.849494
actual=-29488901894.314121
diff=-2147483648.000000
diff=1
WARNING: orio.module.loop.submodule.tile.transformation: tile size 4 must be greater than the stride value 4; tile index = iii
WARNING: orio.module.loop.submodule.tile.transformation: tile size 2048 must be greater than the stride value 2048; tile index = jjj
expected=-1023146.527636
actual=-29488901894.314121
diff=-2147483648.000000
diff=1
expected=-29488901894.314121
actual=-29488901894.314121
diff=0.000000
diff=1
expected=-29488901894.314121
actual=-29488901894.314121
diff=0.000000
diff=1
expected=-8369971.849494
actual=-29488901894.314121
diff=-2147483648.000000
diff=1
WARNING: orio.module.loop.submodule.tile.transformation: tile size 128 must be greater than the stride value 128; tile index = jjj
expected=-8369971.849494
actual=-29488901894.314121
diff=-2147483648.000000
diff=1
WARNING: orio.module.loop.submodule.tile.transformation: tile size 2048 must be greater than the stride value 2048; tile index = jjj
expected=-29488901894.314121
actual=-29488901894.314121
diff=0.000000
diff=1
expected=-29488901894.314121
actual=-29488901894.314121
diff=0.000000
diff=1
WARNING: orio.module.loop.submodule.tile.transformation: tile size 2048 must be greater than the stride value 2048; tile index = jjj
expected=-7558329.286618
actual=-29488901894.314121
diff=-2147483648.000000
diff=1
expected=-29488901894.314121
actual=-29488901894.314121
diff=0.000000
diff=1
expected=-29488901894.314121
actual=-29488901894.314121
diff=0.000000
diff=1
expected=-29488901894.314121
actual=-29488901894.314121
diff=0.000000
diff=1
expected=-29488901894.314121
actual=-29488901894.314121
diff=0.000000
diff=1
expected=-29488901894.314121
actual=-29488901894.314121
diff=0.000000
diff=1
WARNING: orio.module.loop.submodule.tile.transformation: tile size 2048 must be greater than the stride value 2048; tile index = jjj
expected=-7558329.286618
actual=-29488901894.314121
diff=-2147483648.000000
diff=1
WARNING: orio.module.loop.submodule.tile.transformation: tile size 128 must be greater than the stride value 128; tile index = jjj
expected=-29488901894.314121
actual=-29488901894.314121
diff=0.000000
diff=1
expected=-29488901894.314121
actual=-29488901894.314121
diff=0.000000
diff=1
expected=-29488901894.314121
actual=-29488901894.314121
diff=0.000000
diff=1
expected=-29488901894.314121
actual=-29488901894.314121
diff=0.000000
diff=1
WARNING: orio.module.loop.submodule.tile.transformation: tile size 1024 must be greater than the stride value 1024; tile index = jjj
expected=-1023146.527636
actual=-29488901894.314121
diff=-2147483648.000000
diff=1
expected=-29488901894.314121
actual=-29488901894.314121
diff=0.000000
diff=1
expected=-29488901894.314121
actual=-29488901894.314121
diff=0.000000
diff=1
expected=-29488901894.314121
actual=-29488901894.314121
diff=0.000000
diff=1
WARNING: orio.module.loop.submodule.tile.transformation: tile size 2048 must be greater than the stride value 2048; tile index = jjj
expected=-29488901894.314121
actual=-29488901894.314121
diff=0.000000
diff=1
expected=-8369971.849494
actual=-29488901894.314121
diff=-2147483648.000000
diff=1
WARNING: orio.module.loop.submodule.tile.transformation: tile size 32 must be greater than the stride value 32; tile index = jjj
expected=-7558329.286618
actual=-29488901894.314121
diff=-2147483648.000000
diff=1
expected=-29488901894.314121
actual=-29488901894.314121
diff=0.000000
diff=1
WARNING: orio.module.loop.submodule.tile.transformation: tile size 2048 must be greater than the stride value 2048; tile index = jjj
expected=-29488901894.314121
actual=-29488901894.314121
diff=0.000000
diff=1
expected=-29488901894.314121
actual=-29488901894.314121
diff=0.000000
diff=1
expected=-29488901894.314121
actual=-29488901894.314121
diff=0.000000
diff=1
expected=-29488901894.314121
actual=-29488901894.314121
diff=0.000000
diff=1
expected=-29488901894.314121
actual=-29488901894.314121
diff=0.000000
diff=1
expected=-29488901894.314121
actual=-29488901894.314121
diff=0.000000
diff=1
WARNING: orio.module.loop.submodule.tile.transformation: tile size 2 must be greater than the stride value 2; tile index = iii
expected=-29488901894.314121
actual=-29488901894.314121
diff=0.000000
diff=1
expected=-7558329.286618
actual=-29488901894.314121
diff=-2147483648.000000
diff=1
expected=-29488901894.314121
actual=-29488901894.314121
diff=0.000000
diff=1
expected=-1023146.527636
actual=-29488901894.314121
diff=-2147483648.000000
diff=1
expected=-29488901894.314121
actual=-29488901894.314121
diff=0.000000
diff=1
WARNING: orio.module.loop.submodule.tile.transformation: tile size 512 must be greater than the stride value 512; tile index = iii
expected=-29488901894.314121
actual=-29488901894.314121
diff=0.000000
diff=1
expected=-29488901894.314121
actual=-29488901894.314121
diff=0.000000
diff=1
expected=-29488901894.314121
actual=-29488901894.314121
diff=0.000000
diff=1
expected=-7558329.286618
actual=-29488901894.314121
diff=-2147483648.000000
diff=1
WARNING: orio.module.loop.submodule.tile.transformation: tile size 2048 must be greater than the stride value 2048; tile index = jjj
WARNING: orio.module.loop.submodule.tile.transformation: tile size 256 must be greater than the stride value 256; tile index = jjj
expected=-29488901894.314121
actual=-29488901894.314121
diff=0.000000
diff=1
expected=-29488901894.314121
actual=-29488901894.314121
diff=0.000000
diff=1
expected=-29488901894.314121
actual=-29488901894.314121
diff=0.000000
diff=1
WARNING: orio.module.loop.submodule.tile.transformation: tile size 128 must be greater than the stride value 128; tile index = iii
expected=-29488901894.314121
actual=-29488901894.314121
diff=0.000000
diff=1
WARNING: orio.module.loop.submodule.tile.transformation: tile size 64 must be greater than the stride value 64; tile index = jjj
expected=-29488901894.314121
actual=-29488901894.314121
diff=0.000000
diff=1
WARNING: orio.module.loop.submodule.tile.transformation: tile size 2048 must be greater than the stride value 2048; tile index = iii
WARNING: orio.module.loop.submodule.tile.transformation: tile size 2048 must be greater than the stride value 2048; tile index = jjj
expected=-29488901894.314121
actual=-29488901894.314121
diff=0.000000
diff=1
expected=-29488901894.314121
actual=-29488901894.314121
diff=0.000000
diff=1
expected=-29488901894.314121
actual=-29488901894.314121
diff=0.000000
diff=1
expected=-7558329.286618
actual=-29488901894.314121
diff=-2147483648.000000
diff=1
WARNING: orio.module.loop.submodule.tile.transformation: tile size 32 must be greater than the stride value 32; tile index = jjj
expected=-8369971.849494
actual=-29488901894.314121
diff=-2147483648.000000
diff=1
expected=-29488901894.314121
actual=-29488901894.314121
diff=0.000000
diff=1
expected=-29488901894.314121
actual=-29488901894.314121
diff=0.000000
diff=1
WARNING: orio.module.loop.submodule.tile.transformation: tile size 8 must be greater than the stride value 8; tile index = iii
expected=-29488901894.314121
actual=-29488901894.314121
diff=0.000000
diff=1
WARNING: orio.module.loop.submodule.tile.transformation: tile size 2048 must be greater than the stride value 2048; tile index = jjj
expected=-29488901894.314121
actual=-29488901894.314121
diff=0.000000
diff=1
expected=-8369971.849494
actual=-29488901894.314121
diff=-2147483648.000000
diff=1
WARNING: orio.module.loop.submodule.tile.transformation: tile size 2048 must be greater than the stride value 2048; tile index = jjj
expected=-8369971.849494
actual=-29488901894.314121
diff=-2147483648.000000
diff=1
expected=-29488901894.314121
actual=-29488901894.314121
diff=0.000000
diff=1
expected=-29488901894.314121
actual=-29488901894.314121
diff=0.000000
diff=1
WARNING: orio.module.loop.submodule.tile.transformation: tile size 2 must be greater than the stride value 2; tile index = iii
expected=-29488901894.314121
actual=-29488901894.314121
diff=0.000000
diff=1
expected=-29488901894.314121
actual=-29488901894.314121
diff=0.000000
diff=1
expected=-29488901894.314121
actual=-29488901894.314121
diff=0.000000
diff=1
WARNING: orio.module.loop.submodule.tile.transformation: tile size 2048 must be greater than the stride value 2048; tile index = jjj
expected=-1023146.527636
actual=-29488901894.314121
diff=-2147483648.000000
diff=1
WARNING: orio.module.loop.submodule.tile.transformation: tile size 8 must be greater than the stride value 8; tile index = iii
WARNING: orio.module.loop.submodule.tile.transformation: tile size 2 must be greater than the stride value 2; tile index = iii
WARNING: orio.module.loop.submodule.tile.transformation: tile size 1024 must be greater than the stride value 1024; tile index = jjj
expected=-29488901894.314121
actual=-29488901894.314121
diff=0.000000
diff=1
expected=-29488901894.314121
actual=-29488901894.314121
diff=0.000000
diff=1
WARNING: orio.module.loop.submodule.tile.transformation: tile size 2 must be greater than the stride value 2; tile index = iii
expected=-1023146.527636
actual=-29488901894.314121
diff=-2147483648.000000
diff=1
WARNING: orio.module.loop.submodule.tile.transformation: tile size 4 must be greater than the stride value 4; tile index = iii
expected=-29488901894.314121
actual=-29488901894.314121
diff=0.000000
diff=1
expected=-7558329.286618
actual=-29488901894.314121
diff=-2147483648.000000
diff=1
expected=-29488901894.314121
actual=-29488901894.314121
diff=0.000000
diff=1
WARNING: orio.module.loop.submodule.tile.transformation: tile size 2048 must be greater than the stride value 2048; tile index = jjj
WARNING: orio.module.loop.submodule.tile.transformation: tile size 8 must be greater than the stride value 8; tile index = jjj
expected=-29488901894.314121
actual=-29488901894.314121
diff=0.000000
diff=1
expected=-29488901894.314121
actual=-29488901894.314121
diff=0.000000
diff=1
expected=-29488901894.314121
actual=-29488901894.314121
diff=0.000000
diff=1
WARNING: orio.module.loop.submodule.tile.transformation: tile size 2048 must be greater than the stride value 2048; tile index = iii
WARNING: orio.module.loop.submodule.tile.transformation: tile size 2048 must be greater than the stride value 2048; tile index = jjj
expected=-29488901894.314121
actual=-29488901894.314121
diff=0.000000
diff=1
expected=-29488901894.314121
actual=-29488901894.314121
diff=0.000000
diff=1
WARNING: orio.module.loop.submodule.tile.transformation: tile size 4 must be greater than the stride value 4; tile index = jjj
expected=-29488901894.314121
actual=-29488901894.314121
diff=0.000000
diff=1
WARNING: orio.module.loop.submodule.tile.transformation: tile size 2048 must be greater than the stride value 2048; tile index = iii
expected=-7558329.286618
actual=-29488901894.314121
diff=-2147483648.000000
diff=1
WARNING: orio.module.loop.submodule.tile.transformation: tile size 8 must be greater than the stride value 8; tile index = iii
expected=-29488901894.314121
actual=-29488901894.314121
diff=0.000000
diff=1
WARNING: orio.module.loop.submodule.tile.transformation: tile size 2048 must be greater than the stride value 2048; tile index = jjj
expected=-29488901894.314121
actual=-29488901894.314121
diff=0.000000
diff=1
expected=-7558329.286618
actual=-29488901894.314121
diff=-2147483648.000000
diff=1
expected=-29488901894.314121
actual=-29488901894.314121
diff=0.000000
diff=1
WARNING: orio.module.loop.submodule.tile.transformation: tile size 2048 must be greater than the stride value 2048; tile index = jjj
expected=-29488901894.314121
actual=-29488901894.314121
diff=0.000000
diff=1
WARNING: orio.module.loop.submodule.tile.transformation: tile size 2048 must be greater than the stride value 2048; tile index = jjj
expected=-29488901894.314121
actual=-29488901894.314121
diff=0.000000
diff=1
WARNING: orio.module.loop.submodule.tile.transformation: tile size 2048 must be greater than the stride value 2048; tile index = jjj
expected=-29488901894.314121
actual=-29488901894.314121
diff=0.000000
diff=1
expected=-29488901894.314121
actual=-29488901894.314121
diff=0.000000
diff=1
expected=-29488901894.314121
actual=-29488901894.314121
diff=0.000000
diff=1
expected=-7558329.286618
actual=-29488901894.314121
diff=-2147483648.000000
diff=1
expected=-29488901894.314121
actual=-29488901894.314121
diff=0.000000
diff=1
expected=-29488901894.314121
actual=-29488901894.314121
diff=0.000000
diff=1
expected=-29488901894.314121
actual=-29488901894.314121
diff=0.000000
diff=1
expected=-29488901894.314121
actual=-29488901894.314121
diff=0.000000
diff=1
expected=-29488901894.314121
actual=-29488901894.314121
diff=0.000000
diff=1
expected=-29488901894.314121
actual=-29488901894.314121
diff=0.000000
diff=1
expected=-29488901894.314121
actual=-29488901894.314121
diff=0.000000
diff=1
expected=-29488901894.314121
actual=-29488901894.314121
diff=0.000000
diff=1
expected=-29488901894.314121
actual=-29488901894.314121
diff=0.000000
diff=1
expected=-29488901894.314121
actual=-29488901894.314121
diff=0.000000
diff=1
expected=-29488901894.314121
actual=-29488901894.314121
diff=0.000000
diff=1
expected=-29488901894.314121
actual=-29488901894.314121
diff=0.000000
diff=1
expected=-29488901894.314121
actual=-29488901894.314121
diff=0.000000
diff=1
expected=-29488901894.314121
actual=-29488901894.314121
diff=0.000000
diff=1
expected=-29488901894.314121
actual=-29488901894.314121
diff=0.000000
diff=1
expected=-29488901894.314121
actual=-29488901894.314121
diff=0.000000
diff=1
expected=-29488901894.314121
actual=-29488901894.314121
diff=0.000000
diff=1
expected=-29488901894.314121
actual=-29488901894.314121
diff=0.000000
diff=1
expected=-29488901894.314121
actual=-29488901894.314121
diff=0.000000
diff=1
expected=-29488901894.314121
actual=-29488901894.314121
diff=0.000000
diff=1
expected=-29488901894.314121
actual=-29488901894.314121
diff=0.000000
diff=1
expected=-29488901894.314121
actual=-29488901894.314121
diff=0.000000
diff=1
expected=-29488901894.314121
actual=-29488901894.314121
diff=0.000000
diff=1
expected=-29488901894.314121
actual=-29488901894.314121
diff=0.000000
diff=1
expected=-29488901894.314121
actual=-29488901894.314121
diff=0.000000
diff=1
WARNING: orio.module.loop.submodule.tile.transformation: tile size 2 must be greater than the stride value 2; tile index = iii
expected=-29488901894.314121
actual=-29488901894.314121
diff=0.000000
diff=1
expected=-29488901894.314121
actual=-29488901894.314121
diff=0.000000
diff=1
expected=-29488901894.314121
actual=-29488901894.314121
diff=0.000000
diff=1
expected=-29488901894.314121
actual=-29488901894.314121
diff=0.000000
diff=1
expected=-29488901894.314121
actual=-29488901894.314121
diff=0.000000
diff=1
expected=-29488901894.314121
actual=-29488901894.314121
diff=0.000000
diff=1
expected=-29488901894.314121
actual=-29488901894.314121
diff=0.000000
diff=1
expected=-29488901894.314121
actual=-29488901894.314121
diff=0.000000
diff=1
expected=-29488901894.314121
actual=-29488901894.314121
diff=0.000000
diff=1
expected=-29488901894.314121
actual=-29488901894.314121
diff=0.000000
diff=1
expected=-29488901894.314121
actual=-29488901894.314121
diff=0.000000
diff=1
expected=-29488901894.314121
actual=-29488901894.314121
diff=0.000000
diff=1
expected=-29488901894.314121
actual=-29488901894.314121
diff=0.000000
diff=1
expected=-29488901894.314121
actual=-29488901894.314121
diff=0.000000
diff=1
expected=-29488901894.314121
actual=-29488901894.314121
diff=0.000000
diff=1
expected=-29488901894.314121
actual=-29488901894.314121
diff=0.000000
diff=1
expected=-29488901894.314121
actual=-29488901894.314121
diff=0.000000
diff=1
expected=-29488901894.314121
actual=-29488901894.314121
diff=0.000000
diff=1
expected=-29488901894.314121
actual=-29488901894.314121
diff=0.000000
diff=1
WARNING: orio.module.loop.submodule.tile.transformation: tile size 2 must be greater than the stride value 2; tile index = iii
expected=-29488901894.314121
actual=-29488901894.314121
diff=0.000000
diff=1
expected=-29488901894.314121
actual=-29488901894.314121
diff=0.000000
diff=1
WARNING: orio.module.loop.submodule.tile.transformation: tile size 2 must be greater than the stride value 2; tile index = iii
expected=-29488901894.314121
actual=-29488901894.314121
diff=0.000000
diff=1
expected=-29488901894.314121
actual=-29488901894.314121
diff=0.000000
diff=1
expected=-29488901894.314121
actual=-29488901894.314121
diff=0.000000
diff=1
expected=-29488901894.314121
actual=-29488901894.314121
diff=0.000000
diff=1
expected=-29488901894.314121
actual=-29488901894.314121
diff=0.000000
diff=1
WARNING: orio.module.loop.submodule.tile.transformation: tile size 2 must be greater than the stride value 2; tile index = iii
expected=-29488901894.314121
actual=-29488901894.314121
diff=0.000000
diff=1
/usr/lib/python2.7/dist-packages/rpy2/rinterface/__init__.py:186: RRuntimeWarning: Error in qr.resid(xqr, w * fam(Y, lambda, j = TRUE, ...)) : 
  NA/NaN/Inf in foreign function call (arg 5)

  warnings.warn(x, RRuntimeWarning)
/usr/lib/python2.7/dist-packages/rpy2/rinterface/__init__.py:186: RRuntimeWarning: In addition: 
  warnings.warn(x, RRuntimeWarning)
/usr/lib/python2.7/dist-packages/rpy2/rinterface/__init__.py:186: RRuntimeWarning: Warning messages:

  warnings.warn(x, RRuntimeWarning)
/usr/lib/python2.7/dist-packages/rpy2/rinterface/__init__.py:186: RRuntimeWarning: 1: 
  warnings.warn(x, RRuntimeWarning)
/usr/lib/python2.7/dist-packages/rpy2/rinterface/__init__.py:186: RRuntimeWarning: In if (-1 == (strt <- regexpr(name, string))) return(c(0, 0)) :
  warnings.warn(x, RRuntimeWarning)
/usr/lib/python2.7/dist-packages/rpy2/rinterface/__init__.py:186: RRuntimeWarning: 
 
  warnings.warn(x, RRuntimeWarning)
/usr/lib/python2.7/dist-packages/rpy2/rinterface/__init__.py:186: RRuntimeWarning:  the condition has length > 1 and only the first element will be used

  warnings.warn(x, RRuntimeWarning)
/usr/lib/python2.7/dist-packages/rpy2/rinterface/__init__.py:186: RRuntimeWarning: 2: 
  warnings.warn(x, RRuntimeWarning)
/usr/lib/python2.7/dist-packages/rpy2/rinterface/__init__.py:186: RRuntimeWarning: 3: 
  warnings.warn(x, RRuntimeWarning)
/usr/lib/python2.7/dist-packages/rpy2/rinterface/__init__.py:186: RRuntimeWarning: 4: 
  warnings.warn(x, RRuntimeWarning)
/usr/lib/python2.7/dist-packages/rpy2/rinterface/__init__.py:186: RRuntimeWarning: 5: 
  warnings.warn(x, RRuntimeWarning)
/usr/lib/python2.7/dist-packages/rpy2/rinterface/__init__.py:186: RRuntimeWarning: 6: 
  warnings.warn(x, RRuntimeWarning)
/usr/lib/python2.7/dist-packages/rpy2/rinterface/__init__.py:186: RRuntimeWarning: 7: 
  warnings.warn(x, RRuntimeWarning)
/usr/lib/python2.7/dist-packages/rpy2/rinterface/__init__.py:186: RRuntimeWarning: 8: 
  warnings.warn(x, RRuntimeWarning)
/usr/lib/python2.7/dist-packages/rpy2/rinterface/__init__.py:186: RRuntimeWarning: 9: 
  warnings.warn(x, RRuntimeWarning)
expected=-29488901894.314121
actual=-29488901894.314121
diff=0.000000
diff=1
expected=-29488901894.314121
actual=-29488901894.314121
diff=0.000000
diff=1
expected=-29488901894.314121
actual=-29488901894.314121
diff=0.000000
diff=1
expected=-29488901894.314121
actual=-29488901894.314121
diff=0.000000
diff=1
WARNING: orio.module.loop.submodule.tile.transformation: tile size 2 must be greater than the stride value 2; tile index = iii
expected=-29488901894.314121
actual=-29488901894.314121
diff=0.000000
diff=1
expected=-29488901894.314121
actual=-29488901894.314121
diff=0.000000
diff=1
expected=-29488901894.314121
actual=-29488901894.314121
diff=0.000000
diff=1
expected=-29488901894.314121
actual=-29488901894.314121
diff=0.000000
diff=1
expected=-29488901894.314121
actual=-29488901894.314121
diff=0.000000
diff=1
expected=-29488901894.314121
actual=-29488901894.314121
diff=0.000000
diff=1
expected=-29488901894.314121
actual=-29488901894.314121
diff=0.000000
diff=1
expected=-29488901894.314121
actual=-29488901894.314121
diff=0.000000
diff=1
expected=-29488901894.314121
actual=-29488901894.314121
diff=0.000000
diff=1
expected=-29488901894.314121
actual=-29488901894.314121
diff=0.000000
diff=1
expected=-29488901894.314121
actual=-29488901894.314121
diff=0.000000
diff=1
expected=-29488901894.314121
actual=-29488901894.314121
diff=0.000000
diff=1
expected=-29488901894.314121
actual=-29488901894.314121
diff=0.000000
diff=1
expected=-29488901894.314121
actual=-29488901894.314121
diff=0.000000
diff=1
expected=-29488901894.314121
actual=-29488901894.314121
diff=0.000000
diff=1
expected=-29488901894.314121
actual=-29488901894.314121
diff=0.000000
diff=1
expected=-29488901894.314121
actual=-29488901894.314121
diff=0.000000
diff=1
expected=-29488901894.314121
actual=-29488901894.314121
diff=0.000000
diff=1
expected=-29488901894.314121
actual=-29488901894.314121
diff=0.000000
diff=1
expected=-29488901894.314121
actual=-29488901894.314121
diff=0.000000
diff=1
expected=-29488901894.314121
actual=-29488901894.314121
diff=0.000000
diff=1
expected=-29488901894.314121
actual=-29488901894.314121
diff=0.000000
diff=1
expected=-29488901894.314121
actual=-29488901894.314121
diff=0.000000
diff=1
expected=-29488901894.314121
actual=-29488901894.314121
diff=0.000000
diff=1
WARNING: orio.module.loop.submodule.tile.transformation: tile size 2 must be greater than the stride value 2; tile index = iii
expected=-29488901894.314121
actual=-29488901894.314121
diff=0.000000
diff=1
expected=-29488901894.314121
actual=-29488901894.314121
diff=0.000000
diff=1
expected=-29488901894.314121
actual=-29488901894.314121
diff=0.000000
diff=1
expected=-29488901894.314121
actual=-29488901894.314121
diff=0.000000
diff=1
expected=-29488901894.314121
actual=-29488901894.314121
diff=0.000000
diff=1
expected=-29488901894.314121
actual=-29488901894.314121
diff=0.000000
diff=1
expected=-29488901894.314121
actual=-29488901894.314121
diff=0.000000
diff=1
expected=-29488901894.314121
actual=-29488901894.314121
diff=0.000000
diff=1
expected=-29488901894.314121
actual=-29488901894.314121
diff=0.000000
diff=1
expected=-29488901894.314121
actual=-29488901894.314121
diff=0.000000
diff=1
expected=-29488901894.314121
actual=-29488901894.314121
diff=0.000000
diff=1
expected=-29488901894.314121
actual=-29488901894.314121
diff=0.000000
diff=1
expected=-29488901894.314121
actual=-29488901894.314121
diff=0.000000
diff=1
/usr/lib/python2.7/dist-packages/rpy2/rinterface/__init__.py:186: RRuntimeWarning: Error in optim(start, llik, hessian = TRUE, method = method, ...) : 
  non-finite finite-difference value [1]

  warnings.warn(x, RRuntimeWarning)
WARNING: orio.module.loop.submodule.tile.transformation: tile size 2 must be greater than the stride value 2; tile index = iii
expected=-29488901894.314121
actual=-29488901894.314121
diff=0.000000
diff=1
WARNING: orio.module.loop.submodule.tile.transformation: tile size 1024 must be greater than the stride value 1024; tile index = jjj
