
expected=1.011998
actual=1.000000
diff=0.000000
diff=1
WARNING: orio.module.loop.submodule.tile.transformation: tile size 16 must be greater than the stride value 16; tile index = jjj
expected=1.006269
actual=1.000000
diff=0.000000
diff=1
WARNING: orio.module.loop.submodule.tile.transformation: tile size 2048 must be greater than the stride value 2048; tile index = jjj
expected=1.000000
actual=1.000000
diff=0.000000
diff=1
expected=1.001061
actual=1.000000
diff=0.000000
diff=1
expected=1.003298
actual=1.000000
diff=0.000000
diff=1
expected=1.000610
actual=1.000000
diff=0.000000
diff=1
expected=1.002195
actual=1.000000
diff=0.000000
diff=1
expected=1.003417
actual=1.000000
diff=0.000000
diff=1
expected=1.020704
actual=1.000000
diff=0.000000
diff=1
expected=1.000000
actual=1.000000
diff=0.000000
diff=1
WARNING: orio.module.loop.submodule.tile.transformation: tile size 1024 must be greater than the stride value 1024; tile index = iii
expected=1.001428
actual=1.000000
diff=0.000000
diff=1
expected=1.015374
actual=1.000000
diff=0.000000
diff=1
WARNING: orio.module.loop.submodule.tile.transformation: tile size 512 must be greater than the stride value 512; tile index = iii
expected=1.000000
actual=1.000000
diff=0.000000
diff=1
expected=1.000000
actual=1.000000
diff=0.000000
diff=1
WARNING: orio.module.loop.submodule.tile.transformation: tile size 2048 must be greater than the stride value 2048; tile index = iii
expected=1.000011
actual=1.000000
diff=0.000000
diff=1
expected=1.001333
actual=1.000000
diff=0.000000
diff=1
WARNING: orio.module.loop.submodule.tile.transformation: tile size 4 must be greater than the stride value 4; tile index = iii
expected=1.003965
actual=1.000000
diff=0.000000
diff=1
WARNING: orio.module.loop.submodule.tile.transformation: tile size 256 must be greater than the stride value 256; tile index = jjj
expected=1.000000
actual=1.000000
diff=0.000000
diff=1
expected=1.000000
actual=1.000000
diff=0.000000
diff=1
expected=1.000000
actual=1.000000
diff=0.000000
diff=1
expected=1.047614
actual=1.000000
diff=0.000000
diff=1
WARNING: orio.module.loop.submodule.tile.transformation: tile size 2048 must be greater than the stride value 2048; tile index = iii
expected=1.000000
actual=1.000000
diff=0.000000
diff=1
expected=1.000000
actual=1.000000
diff=0.000000
diff=1
expected=1.008449
actual=1.000000
diff=0.000000
diff=1
expected=1.000000
actual=1.000000
diff=0.000000
diff=1
expected=1.000000
actual=1.000000
diff=0.000000
diff=1
WARNING: orio.module.loop.submodule.tile.transformation: tile size 4 must be greater than the stride value 4; tile index = iii
expected=1.005251
actual=1.000000
diff=0.000000
diff=1
expected=1.000000
actual=1.000000
diff=0.000000
diff=1
expected=1.000000
actual=1.000000
diff=0.000000
diff=1
expected=1.004689
actual=1.000000
diff=0.000000
diff=1
WARNING: orio.module.loop.submodule.tile.transformation: tile size 2 must be greater than the stride value 2; tile index = jjj
expected=1.000000
actual=1.000000
diff=0.000000
diff=1
expected=1.009235
actual=1.000000
diff=0.000000
diff=1
expected=1.000000
actual=1.000000
diff=0.000000
diff=1
expected=1.000000
actual=1.000000
diff=0.000000
diff=1
expected=1.000000
actual=1.000000
diff=0.000000
diff=1
expected=0.999933
actual=1.000000
diff=0.000000
diff=1
expected=1.000000
actual=1.000000
diff=0.000000
diff=1
expected=1.002667
actual=1.000000
diff=0.000000
diff=1
expected=1.000000
actual=1.000000
diff=0.000000
diff=1
WARNING: orio.module.loop.submodule.tile.transformation: tile size 64 must be greater than the stride value 64; tile index = iii
expected=1.003684
actual=1.000000
diff=0.000000
diff=1
expected=1.000000
actual=1.000000
diff=0.000000
diff=1
expected=1.030985
actual=1.000000
diff=0.000000
diff=1
WARNING: orio.module.loop.submodule.tile.transformation: tile size 16 must be greater than the stride value 16; tile index = iii
expected=1.002268
actual=1.000000
diff=0.000000
diff=1
expected=1.000000
actual=1.000000
diff=0.000000
diff=1
expected=1.000000
actual=1.000000
diff=0.000000
diff=1
expected=1.001393
actual=1.000000
diff=0.000000
diff=1
expected=1.000000
actual=1.000000
diff=0.000000
diff=1
expected=1.000000
actual=1.000000
diff=0.000000
diff=1
expected=1.000000
actual=1.000000
diff=0.000000
diff=1
expected=1.004743
actual=1.000000
diff=0.000000
diff=1
expected=1.000000
actual=1.000000
diff=0.000000
diff=1
WARNING: orio.module.loop.submodule.tile.transformation: tile size 32 must be greater than the stride value 32; tile index = jjj
expected=1.010602
actual=1.000000
diff=0.000000
diff=1
expected=1.000000
actual=1.000000
diff=0.000000
diff=1
expected=1.000736
actual=1.000000
diff=0.000000
diff=1
expected=1.003528
actual=1.000000
diff=0.000000
diff=1
expected=1.000000
actual=1.000000
diff=0.000000
diff=1
WARNING: orio.module.loop.submodule.tile.transformation: tile size 4 must be greater than the stride value 4; tile index = iii
expected=1.004677
actual=1.000000
diff=0.000000
diff=1
expected=1.013391
actual=1.000000
diff=0.000000
diff=1
expected=1.000000
actual=1.000000
diff=0.000000
diff=1
expected=1.009966
actual=1.000000
diff=0.000000
diff=1
WARNING: orio.module.loop.submodule.tile.transformation: tile size 4 must be greater than the stride value 4; tile index = jjj
expected=1.003395
actual=1.000000
diff=0.000000
diff=1
WARNING: orio.module.loop.submodule.tile.transformation: tile size 64 must be greater than the stride value 64; tile index = jjj
expected=1.000000
actual=1.000000
diff=0.000000
diff=1
expected=1.001590
actual=1.000000
diff=0.000000
diff=1
expected=1.000000
actual=1.000000
diff=0.000000
diff=1
expected=1.001482
actual=1.000000
diff=0.000000
diff=1
expected=1.008787
actual=1.000000
diff=0.000000
diff=1
WARNING: orio.module.loop.submodule.tile.transformation: tile size 256 must be greater than the stride value 256; tile index = iii
expected=1.014730
actual=1.000000
diff=0.000000
diff=1
expected=1.002940
actual=1.000000
diff=0.000000
diff=1
expected=1.000000
actual=1.000000
diff=0.000000
diff=1
WARNING: orio.module.loop.submodule.tile.transformation: tile size 64 must be greater than the stride value 64; tile index = jjj
expected=1.002945
actual=1.000000
diff=0.000000
diff=1
WARNING: orio.module.loop.submodule.tile.transformation: tile size 2048 must be greater than the stride value 2048; tile index = jjj
expected=1.000000
actual=1.000000
diff=0.000000
diff=1
WARNING: orio.module.loop.submodule.tile.transformation: tile size 8 must be greater than the stride value 8; tile index = iii
expected=1.002379
actual=1.000000
diff=0.000000
diff=1
WARNING: orio.module.loop.submodule.tile.transformation: tile size 128 must be greater than the stride value 128; tile index = jjj
expected=1.002987
actual=1.000000
diff=0.000000
diff=1
expected=1.015303
actual=1.000000
diff=0.000000
diff=1
WARNING: orio.module.loop.submodule.tile.transformation: tile size 16 must be greater than the stride value 16; tile index = iii
expected=1.000000
actual=1.000000
diff=0.000000
diff=1
WARNING: orio.module.loop.submodule.tile.transformation: tile size 8 must be greater than the stride value 8; tile index = jjj
expected=1.001577
actual=1.000000
diff=0.000000
diff=1
expected=1.000000
actual=1.000000
diff=0.000000
diff=1
expected=1.002819
actual=1.000000
diff=0.000000
diff=1
expected=1.004362
actual=1.000000
diff=0.000000
diff=1
expected=1.000000
actual=1.000000
diff=0.000000
diff=1
expected=1.000000
actual=1.000000
diff=0.000000
diff=1
WARNING: orio.module.loop.submodule.tile.transformation: tile size 1024 must be greater than the stride value 1024; tile index = iii
expected=1.006349
actual=1.000000
diff=0.000000
diff=1
expected=1.001320
actual=1.000000
diff=0.000000
diff=1
expected=1.009414
actual=1.000000
diff=0.000000
diff=1
WARNING: orio.module.loop.submodule.tile.transformation: tile size 32 must be greater than the stride value 32; tile index = jjj
expected=1.011216
actual=1.000000
diff=0.000000
diff=1
WARNING: orio.module.loop.submodule.tile.transformation: tile size 64 must be greater than the stride value 64; tile index = iii
expected=1.003491
actual=1.000000
diff=0.000000
diff=1
expected=1.001938
actual=1.000000
diff=0.000000
diff=1
expected=1.004217
actual=1.000000
diff=0.000000
diff=1
expected=1.003368
actual=1.000000
diff=0.000000
diff=1
expected=1.004957
actual=1.000000
diff=0.000000
diff=1
expected=1.000000
actual=1.000000
diff=0.000000
diff=1
WARNING: orio.module.loop.submodule.tile.transformation: tile size 128 must be greater than the stride value 128; tile index = iii
expected=1.012584
actual=1.000000
diff=0.000000
diff=1
expected=1.000000
actual=1.000000
diff=0.000000
diff=1
expected=1.001174
actual=1.000000
diff=0.000000
diff=1
expected=1.003796
actual=1.000000
diff=0.000000
diff=1
expected=1.003538
actual=1.000000
diff=0.000000
diff=1
expected=1.000000
actual=1.000000
diff=0.000000
diff=1
expected=1.000000
actual=1.000000
diff=0.000000
diff=1
expected=1.005654
actual=1.000000
diff=0.000000
diff=1
expected=1.000000
actual=1.000000
diff=0.000000
diff=1
expected=1.000000
actual=1.000000
diff=0.000000
diff=1
expected=1.002364
actual=1.000000
diff=0.000000
diff=1
WARNING: orio.module.loop.submodule.tile.transformation: tile size 2 must be greater than the stride value 2; tile index = jjj
expected=1.003572
actual=1.000000
diff=0.000000
diff=1
expected=1.000000
actual=1.000000
diff=0.000000
diff=1
expected=1.000000
actual=1.000000
diff=0.000000
diff=1
expected=1.000000
actual=1.000000
diff=0.000000
diff=1
expected=1.000000
actual=1.000000
diff=0.000000
diff=1
expected=1.021512
actual=1.000000
diff=0.000000
diff=1
expected=1.002941
actual=1.000000
diff=0.000000
diff=1
WARNING: orio.module.loop.submodule.tile.transformation: tile size 256 must be greater than the stride value 256; tile index = jjj
expected=1.000000
actual=1.000000
diff=0.000000
diff=1
expected=1.000819
actual=1.000000
diff=0.000000
diff=1
expected=1.000000
actual=1.000000
diff=0.000000
diff=1
expected=1.000000
actual=1.000000
diff=0.000000
diff=1
expected=1.000000
actual=1.000000
diff=0.000000
diff=1
expected=1.004882
actual=1.000000
diff=0.000000
diff=1
expected=1.000000
actual=1.000000
diff=0.000000
diff=1
expected=1.000000
actual=1.000000
diff=0.000000
diff=1
expected=1.014651
actual=1.000000
diff=0.000000
diff=1
expected=1.002471
actual=1.000000
diff=0.000000
diff=1
expected=1.013631
actual=1.000000
diff=0.000000
diff=1
expected=1.000344
actual=1.000000
diff=0.000000
diff=1
expected=1.004486
actual=1.000000
diff=0.000000
diff=1
WARNING: orio.module.loop.submodule.tile.transformation: tile size 2 must be greater than the stride value 2; tile index = jjj
expected=1.001689
actual=1.000000
diff=0.000000
diff=1
expected=1.001705
actual=1.000000
diff=0.000000
diff=1
expected=1.006344
actual=1.000000
diff=0.000000
diff=1
WARNING: orio.module.loop.submodule.tile.transformation: tile size 64 must be greater than the stride value 64; tile index = jjj
expected=1.000000
actual=1.000000
diff=0.000000
diff=1
expected=1.000000
actual=1.000000
diff=0.000000
diff=1
expected=1.001865
actual=1.000000
diff=0.000000
diff=1
expected=1.000000
actual=1.000000
diff=0.000000
diff=1
expected=1.003957
actual=1.000000
diff=0.000000
diff=1
expected=1.000000
actual=1.000000
diff=0.000000
diff=1
expected=1.000000
actual=1.000000
diff=0.000000
diff=1
expected=1.013334
actual=1.000000
diff=0.000000
diff=1
expected=1.000000
actual=1.000000
diff=0.000000
diff=1
WARNING: orio.module.loop.submodule.tile.transformation: tile size 8 must be greater than the stride value 8; tile index = iii
expected=1.000000
actual=1.000000
diff=0.000000
diff=1
WARNING: orio.module.loop.submodule.tile.transformation: tile size 512 must be greater than the stride value 512; tile index = iii
expected=1.027963
actual=1.000000
diff=0.000000
diff=1
WARNING: orio.module.loop.submodule.tile.transformation: tile size 16 must be greater than the stride value 16; tile index = iii
WARNING: orio.module.loop.submodule.tile.transformation: tile size 128 must be greater than the stride value 128; tile index = jjj
expected=1.000000
actual=1.000000
diff=0.000000
diff=1
expected=1.000000
actual=1.000000
diff=0.000000
diff=1
expected=1.000000
actual=1.000000
diff=0.000000
diff=1
WARNING: orio.module.loop.submodule.tile.transformation: tile size 64 must be greater than the stride value 64; tile index = iii
expected=1.001333
actual=1.000000
diff=0.000000
diff=1
expected=0.999722
actual=1.000000
diff=0.000000
diff=1
expected=1.000000
actual=1.000000
diff=0.000000
diff=1
expected=1.000000
actual=1.000000
diff=0.000000
diff=1
expected=1.000766
actual=1.000000
diff=0.000000
diff=1
expected=1.005918
actual=1.000000
diff=0.000000
diff=1
expected=1.029346
actual=1.000000
diff=0.000000
diff=1
expected=1.002056
actual=1.000000
diff=0.000000
diff=1
expected=1.001074
actual=1.000000
diff=0.000000
diff=1
expected=1.000000
actual=1.000000
diff=0.000000
diff=1
expected=1.004913
actual=1.000000
diff=0.000000
diff=1
expected=1.000000
actual=1.000000
diff=0.000000
diff=1
expected=1.000000
actual=1.000000
diff=0.000000
diff=1
expected=1.005301
actual=1.000000
diff=0.000000
diff=1
expected=1.032793
actual=1.000000
diff=0.000000
diff=1
expected=1.000718
actual=1.000000
diff=0.000000
diff=1
WARNING: orio.module.loop.submodule.tile.transformation: tile size 64 must be greater than the stride value 64; tile index = jjj
expected=1.007111
actual=1.000000
diff=0.000000
diff=1
WARNING: orio.module.loop.submodule.tile.transformation: tile size 2048 must be greater than the stride value 2048; tile index = jjj
expected=1.010442
actual=1.000000
diff=0.000000
diff=1
WARNING: orio.module.loop.submodule.tile.transformation: tile size 8 must be greater than the stride value 8; tile index = jjj
expected=1.000000
actual=1.000000
diff=0.000000
diff=1
expected=1.000000
actual=1.000000
diff=0.000000
diff=1
WARNING: orio.module.loop.submodule.tile.transformation: tile size 8 must be greater than the stride value 8; tile index = iii
expected=1.000000
actual=1.000000
diff=0.000000
diff=1
expected=1.000000
actual=1.000000
diff=0.000000
diff=1
expected=1.004790
actual=1.000000
diff=0.000000
diff=1
expected=1.000900
actual=1.000000
diff=0.000000
diff=1
expected=1.004746
actual=1.000000
diff=0.000000
diff=1
expected=1.000830
actual=1.000000
diff=0.000000
diff=1
expected=1.000000
actual=1.000000
diff=0.000000
diff=1
expected=1.004181
actual=1.000000
diff=0.000000
diff=1
expected=1.001753
actual=1.000000
diff=0.000000
diff=1
expected=1.006945
actual=1.000000
diff=0.000000
diff=1
expected=1.000000
actual=1.000000
diff=0.000000
diff=1
expected=1.000360
actual=1.000000
diff=0.000000
diff=1
expected=1.000278
actual=1.000000
diff=0.000000
diff=1
WARNING: orio.module.loop.submodule.tile.transformation: tile size 2048 must be greater than the stride value 2048; tile index = jjj
expected=1.002094
actual=1.000000
diff=0.000000
diff=1
WARNING: orio.module.loop.submodule.tile.transformation: tile size 2048 must be greater than the stride value 2048; tile index = iii
WARNING: orio.module.loop.submodule.tile.transformation: tile size 16 must be greater than the stride value 16; tile index = jjj
expected=1.001074
actual=1.000000
diff=0.000000
diff=1
expected=1.000000
actual=1.000000
diff=0.000000
diff=1
expected=1.000000
actual=1.000000
diff=0.000000
diff=1
expected=1.000000
actual=1.000000
diff=0.000000
diff=1
expected=1.000000
actual=1.000000
diff=0.000000
diff=1
expected=1.006405
actual=1.000000
diff=0.000000
diff=1
expected=1.003058
actual=1.000000
diff=0.000000
diff=1
expected=1.002981
actual=1.000000
diff=0.000000
diff=1
WARNING: orio.module.loop.submodule.tile.transformation: tile size 4 must be greater than the stride value 4; tile index = jjj
expected=1.007433
actual=1.000000
diff=0.000000
diff=1
expected=1.001574
actual=1.000000
diff=0.000000
diff=1
expected=1.002743
actual=1.000000
diff=0.000000
diff=1
expected=1.000333
actual=1.000000
diff=0.000000
diff=1
expected=1.001722
actual=1.000000
diff=0.000000
diff=1
expected=1.008011
actual=1.000000
diff=0.000000
diff=1
expected=1.000000
actual=1.000000
diff=0.000000
diff=1
WARNING: orio.module.loop.submodule.tile.transformation: tile size 1024 must be greater than the stride value 1024; tile index = jjj
expected=1.003878
actual=1.000000
diff=0.000000
diff=1
expected=1.000000
actual=1.000000
diff=0.000000
diff=1
expected=1.012065
actual=1.000000
diff=0.000000
diff=1
expected=1.002762
actual=1.000000
diff=0.000000
diff=1
expected=1.014464
actual=1.000000
diff=0.000000
diff=1
WARNING: orio.module.loop.submodule.tile.transformation: tile size 8 must be greater than the stride value 8; tile index = jjj
expected=1.002268
actual=1.000000
diff=0.000000
diff=1
WARNING: orio.module.loop.submodule.tile.transformation: tile size 512 must be greater than the stride value 512; tile index = iii
expected=1.000111
actual=1.000000
diff=0.000000
diff=1
expected=1.000000
actual=1.000000
diff=0.000000
diff=1
WARNING: orio.module.loop.submodule.tile.transformation: tile size 64 must be greater than the stride value 64; tile index = iii
expected=1.006504
actual=1.000000
diff=0.000000
diff=1
WARNING: orio.module.loop.submodule.tile.transformation: tile size 8 must be greater than the stride value 8; tile index = iii
expected=1.014272
actual=1.000000
diff=0.000000
diff=1
expected=1.000000
actual=1.000000
diff=0.000000
diff=1
expected=1.006264
actual=1.000000
diff=0.000000
diff=1
expected=1.018072
actual=1.000000
diff=0.000000
diff=1
WARNING: orio.module.loop.submodule.tile.transformation: tile size 8 must be greater than the stride value 8; tile index = iii
expected=1.003494
actual=1.000000
diff=0.000000
diff=1
expected=1.002725
actual=1.000000
diff=0.000000
diff=1
expected=1.000000
actual=1.000000
diff=0.000000
diff=1
WARNING: orio.module.loop.submodule.tile.transformation: tile size 4 must be greater than the stride value 4; tile index = jjj
expected=1.000616
actual=1.000000
diff=0.000000
diff=1
expected=1.000000
actual=1.000000
diff=0.000000
diff=1
expected=1.000000
actual=1.000000
diff=0.000000
diff=1
expected=1.011295
actual=1.000000
diff=0.000000
diff=1
expected=1.003423
actual=1.000000
diff=0.000000
diff=1
expected=1.003518
actual=1.000000
diff=0.000000
diff=1
expected=1.004254
actual=1.000000
diff=0.000000
diff=1
WARNING: orio.module.loop.submodule.tile.transformation: tile size 2048 must be greater than the stride value 2048; tile index = jjj
expected=1.000000
actual=1.000000
diff=0.000000
diff=1
expected=1.003181
actual=1.000000
diff=0.000000
diff=1
WARNING: orio.module.loop.submodule.tile.transformation: tile size 2 must be greater than the stride value 2; tile index = jjj
expected=1.000000
actual=1.000000
diff=0.000000
diff=1
expected=1.000000
actual=1.000000
diff=0.000000
diff=1
expected=1.000000
actual=1.000000
diff=0.000000
diff=1
expected=1.000000
actual=1.000000
diff=0.000000
diff=1
expected=1.006657
actual=1.000000
diff=0.000000
diff=1
WARNING: orio.module.loop.submodule.tile.transformation: tile size 1024 must be greater than the stride value 1024; tile index = iii
expected=1.025794
actual=1.000000
diff=0.000000
diff=1
expected=1.006878
actual=1.000000
diff=0.000000
diff=1
expected=1.010085
actual=1.000000
diff=0.000000
diff=1
WARNING: orio.module.loop.submodule.tile.transformation: tile size 8 must be greater than the stride value 8; tile index = jjj
expected=1.007173
actual=1.000000
diff=0.000000
diff=1
expected=1.000000
actual=1.000000
diff=0.000000
diff=1
WARNING: orio.module.loop.submodule.tile.transformation: tile size 8 must be greater than the stride value 8; tile index = iii
expected=1.003816
actual=1.000000
diff=0.000000
diff=1
expected=1.000000
actual=1.000000
diff=0.000000
diff=1
expected=1.003557
actual=1.000000
diff=0.000000
diff=1
expected=1.000000
actual=1.000000
diff=0.000000
diff=1
WARNING: orio.module.loop.submodule.tile.transformation: tile size 2 must be greater than the stride value 2; tile index = jjj
expected=1.000078
actual=1.000000
diff=0.000000
diff=1
WARNING: orio.module.loop.submodule.tile.transformation: tile size 2048 must be greater than the stride value 2048; tile index = iii
expected=1.000000
actual=1.000000
diff=0.000000
diff=1
expected=1.013355
actual=1.000000
diff=0.000000
diff=1
WARNING: orio.module.loop.submodule.tile.transformation: tile size 32 must be greater than the stride value 32; tile index = iii
expected=1.000000
actual=1.000000
diff=0.000000
diff=1
expected=1.004246
actual=1.000000
diff=0.000000
diff=1
expected=1.000000
actual=1.000000
diff=0.000000
diff=1
expected=1.000000
actual=1.000000
diff=0.000000
diff=1
expected=1.000000
actual=1.000000
diff=0.000000
diff=1
expected=1.008867
actual=1.000000
diff=0.000000
diff=1
expected=1.005804
actual=1.000000
diff=0.000000
diff=1
expected=1.006659
actual=1.000000
diff=0.000000
diff=1
expected=1.000000
actual=1.000000
diff=0.000000
diff=1
expected=1.000178
actual=1.000000
diff=0.000000
diff=1
expected=1.016823
actual=1.000000
diff=0.000000
diff=1
expected=1.000000
actual=1.000000
diff=0.000000
diff=1
expected=1.000000
actual=1.000000
diff=0.000000
diff=1
expected=1.002135
actual=1.000000
diff=0.000000
diff=1
expected=1.000000
actual=1.000000
diff=0.000000
diff=1
expected=1.000000
actual=1.000000
diff=0.000000
diff=1
expected=1.002585
actual=1.000000
diff=0.000000
diff=1
expected=1.000000
actual=1.000000
diff=0.000000
diff=1
expected=1.000000
actual=1.000000
diff=0.000000
diff=1
expected=1.000000
actual=1.000000
diff=0.000000
diff=1
expected=1.000000
actual=1.000000
diff=0.000000
diff=1
expected=1.001658
actual=1.000000
diff=0.000000
diff=1
expected=1.000333
actual=1.000000
diff=0.000000
diff=1
expected=1.001705
actual=1.000000
diff=0.000000
diff=1
expected=1.000000
actual=1.000000
diff=0.000000
diff=1
expected=1.000000
actual=1.000000
diff=0.000000
diff=1
WARNING: orio.module.loop.submodule.tile.transformation: tile size 32 must be greater than the stride value 32; tile index = jjj
expected=1.000000
actual=1.000000
diff=0.000000
diff=1
WARNING: orio.module.loop.submodule.tile.transformation: tile size 4 must be greater than the stride value 4; tile index = jjj
expected=1.000000
actual=1.000000
diff=0.000000
diff=1
expected=1.001281
actual=1.000000
diff=0.000000
diff=1
WARNING: orio.module.loop.submodule.tile.transformation: tile size 8 must be greater than the stride value 8; tile index = jjj
expected=1.006375
actual=1.000000
diff=0.000000
diff=1
expected=1.000000
actual=1.000000
diff=0.000000
diff=1
expected=1.006880
actual=1.000000
diff=0.000000
diff=1
expected=1.017320
actual=1.000000
diff=0.000000
diff=1
expected=1.000000
actual=1.000000
diff=0.000000
diff=1
expected=1.000000
actual=1.000000
diff=0.000000
diff=1
expected=1.001522
actual=1.000000
diff=0.000000
diff=1
WARNING: orio.module.loop.submodule.tile.transformation: tile size 8 must be greater than the stride value 8; tile index = jjj
expected=1.000000
actual=1.000000
diff=0.000000
diff=1
expected=1.007735
actual=1.000000
diff=0.000000
diff=1
expected=1.000000
actual=1.000000
diff=0.000000
diff=1
expected=1.000000
actual=1.000000
diff=0.000000
diff=1
WARNING: orio.module.loop.submodule.tile.transformation: tile size 128 must be greater than the stride value 128; tile index = iii
expected=1.001333
actual=1.000000
diff=0.000000
diff=1
expected=1.003034
actual=1.000000
diff=0.000000
diff=1
WARNING: orio.module.loop.submodule.tile.transformation: tile size 256 must be greater than the stride value 256; tile index = iii
WARNING: orio.module.loop.submodule.tile.transformation: tile size 32 must be greater than the stride value 32; tile index = jjj
expected=1.000000
actual=1.000000
diff=0.000000
diff=1
WARNING: orio.module.loop.submodule.tile.transformation: tile size 512 must be greater than the stride value 512; tile index = jjj
expected=1.000000
actual=1.000000
diff=0.000000
diff=1
WARNING: orio.module.loop.submodule.tile.transformation: tile size 2048 must be greater than the stride value 2048; tile index = iii
WARNING: orio.module.loop.submodule.tile.transformation: tile size 128 must be greater than the stride value 128; tile index = jjj
expected=1.005165
actual=1.000000
diff=0.000000
diff=1
WARNING: orio.module.loop.submodule.tile.transformation: tile size 2048 must be greater than the stride value 2048; tile index = jjj
expected=1.006913
actual=1.000000
diff=0.000000
diff=1
WARNING: orio.module.loop.submodule.tile.transformation: tile size 2 must be greater than the stride value 2; tile index = jjj
expected=1.000878
actual=1.000000
diff=0.000000
diff=1
expected=1.015730
actual=1.000000
diff=0.000000
diff=1
expected=1.000000
actual=1.000000
diff=0.000000
diff=1
expected=1.000000
actual=1.000000
diff=0.000000
diff=1
expected=1.000000
actual=1.000000
diff=0.000000
diff=1
expected=1.004794
actual=1.000000
diff=0.000000
diff=1
WARNING: orio.module.loop.submodule.tile.transformation: tile size 8 must be greater than the stride value 8; tile index = jjj
expected=1.000000
actual=1.000000
diff=0.000000
diff=1
WARNING: orio.module.loop.submodule.tile.transformation: tile size 128 must be greater than the stride value 128; tile index = iii
expected=1.000000
actual=1.000000
diff=0.000000
diff=1
WARNING: orio.module.loop.submodule.tile.transformation: tile size 128 must be greater than the stride value 128; tile index = iii
expected=1.000000
actual=1.000000
diff=0.000000
diff=1
expected=1.004528
actual=1.000000
diff=0.000000
diff=1
expected=1.007864
actual=1.000000
diff=0.000000
diff=1
expected=1.000000
actual=1.000000
diff=0.000000
diff=1
expected=1.018203
actual=1.000000
diff=0.000000
diff=1
expected=1.000000
actual=1.000000
diff=0.000000
diff=1
WARNING: orio.module.loop.submodule.tile.transformation: tile size 128 must be greater than the stride value 128; tile index = jjj
expected=1.000000
actual=1.000000
diff=0.000000
diff=1
expected=1.000000
actual=1.000000
diff=0.000000
diff=1
expected=1.000000
actual=1.000000
diff=0.000000
diff=1
expected=0.999978
actual=1.000000
diff=0.000000
diff=1
expected=1.001194
actual=1.000000
diff=0.000000
diff=1
expected=1.000000
actual=1.000000
diff=0.000000
diff=1
expected=1.006761
actual=1.000000
diff=0.000000
diff=1
expected=1.000000
actual=1.000000
diff=0.000000
diff=1
expected=1.005261
actual=1.000000
diff=0.000000
diff=1
expected=1.004077
actual=1.000000
diff=0.000000
diff=1
expected=1.000000
actual=1.000000
diff=0.000000
diff=1
WARNING: orio.module.loop.submodule.tile.transformation: tile size 512 must be greater than the stride value 512; tile index = iii
