
expected=25780906287.539272
actual=145057485.810668
diff=-2147483648.000000
diff=1
expected=38460175571.018562
actual=145057485.810668
diff=-2147483648.000000
diff=1
expected=145057485.810668
actual=145057485.810668
diff=0.000000
diff=1
expected=33010282926.055016
actual=145057485.810668
diff=-2147483648.000000
diff=1
WARNING: orio.module.loop.submodule.tile.transformation: tile size 32 must be greater than the stride value 32; tile index = iii
expected=43532099844.489479
actual=145057485.810668
diff=-2147483648.000000
diff=1
WARNING: orio.module.loop.submodule.tile.transformation: tile size 8 must be greater than the stride value 8; tile index = jjj
expected=44700769539.300041
actual=145057485.810668
diff=-2147483648.000000
diff=1
WARNING: orio.module.loop.submodule.tile.transformation: tile size 256 must be greater than the stride value 256; tile index = iii
expected=145057485.810668
actual=145057485.810668
diff=0.000000
diff=1
expected=30509075330.656471
actual=145057485.810668
diff=-2147483648.000000
diff=1
expected=38512708219.744247
actual=145057485.810668
diff=-2147483648.000000
diff=1
WARNING: orio.module.loop.submodule.tile.transformation: tile size 2048 must be greater than the stride value 2048; tile index = jjj
expected=43403437818.331017
actual=145057485.810668
diff=-2147483648.000000
diff=1
expected=44784786892.763176
actual=145057485.810668
diff=-2147483648.000000
diff=1
WARNING: orio.module.loop.submodule.tile.transformation: tile size 2048 must be greater than the stride value 2048; tile index = jjj
expected=38552583709.443077
actual=145057485.810668
diff=-2147483648.000000
diff=1
expected=145057485.810668
actual=145057485.810668
diff=0.000000
diff=1
expected=44818254185.213898
actual=145057485.810668
diff=-2147483648.000000
diff=1
expected=44783613375.704865
actual=145057485.810668
diff=-2147483648.000000
diff=1
expected=35110976792.469673
actual=145057485.810668
diff=-2147483648.000000
diff=1
expected=43717766642.437691
actual=145057485.810668
diff=-2147483648.000000
diff=1
expected=44609773086.053589
actual=145057485.810668
diff=-2147483648.000000
diff=1
WARNING: orio.module.loop.submodule.tile.transformation: tile size 128 must be greater than the stride value 128; tile index = jjj
expected=15851638284.530546
actual=145057485.810668
diff=-2147483648.000000
diff=1
expected=43299779101.906548
actual=145057485.810668
diff=-2147483648.000000
diff=1
expected=145057485.810668
actual=145057485.810668
diff=0.000000
diff=1
expected=40200528088.629585
actual=145057485.810668
diff=-2147483648.000000
diff=1
expected=44888147934.296936
actual=145057485.810668
diff=-2147483648.000000
diff=1
expected=44528591798.097305
actual=145057485.810668
diff=-2147483648.000000
diff=1
WARNING: orio.module.loop.submodule.tile.transformation: tile size 2 must be greater than the stride value 2; tile index = jjj
expected=44695716366.007256
actual=145057485.810668
diff=-2147483648.000000
diff=1
expected=145057485.810668
actual=145057485.810668
diff=0.000000
diff=1
WARNING: orio.module.loop.submodule.tile.transformation: tile size 2048 must be greater than the stride value 2048; tile index = iii
expected=44607612148.138161
actual=145057485.810668
diff=-2147483648.000000
diff=1
expected=44875237524.927292
actual=145057485.810668
diff=-2147483648.000000
diff=1
expected=44372461916.431107
actual=145057485.810668
diff=-2147483648.000000
diff=1
WARNING: orio.module.loop.submodule.tile.transformation: tile size 8 must be greater than the stride value 8; tile index = jjj
expected=145057485.810668
actual=145057485.810668
diff=0.000000
diff=1
expected=44823280364.204063
actual=145057485.810668
diff=-2147483648.000000
diff=1
expected=145057485.810668
actual=145057485.810668
diff=0.000000
diff=1
expected=44687720644.522118
actual=145057485.810668
diff=-2147483648.000000
diff=1
expected=145057485.810668
actual=145057485.810668
diff=0.000000
diff=1
expected=44360634416.982376
actual=145057485.810668
diff=-2147483648.000000
diff=1
expected=44800837657.383636
actual=145057485.810668
diff=-2147483648.000000
diff=1
WARNING: orio.module.loop.submodule.tile.transformation: tile size 2048 must be greater than the stride value 2048; tile index = iii
WARNING: orio.module.loop.submodule.tile.transformation: tile size 2048 must be greater than the stride value 2048; tile index = jjj
expected=44688336634.878113
actual=145057485.810668
diff=-2147483648.000000
diff=1
expected=44370218402.966606
actual=145057485.810668
diff=-2147483648.000000
diff=1
expected=44823477498.615974
actual=145057485.810668
diff=-2147483648.000000
diff=1
expected=15851638284.530546
actual=145057485.810668
diff=-2147483648.000000
diff=1
expected=15851638284.530546
actual=145057485.810668
diff=-2147483648.000000
diff=1
expected=44808682192.848793
actual=145057485.810668
diff=-2147483648.000000
diff=1
expected=145057485.810668
actual=145057485.810668
diff=0.000000
diff=1
WARNING: orio.module.loop.submodule.tile.transformation: tile size 512 must be greater than the stride value 512; tile index = jjj
expected=44696261082.425850
actual=145057485.810668
diff=-2147483648.000000
diff=1
expected=44785704735.333160
actual=145057485.810668
diff=-2147483648.000000
diff=1
expected=44808682192.848793
actual=145057485.810668
diff=-2147483648.000000
diff=1
expected=42382159915.924072
actual=145057485.810668
diff=-2147483648.000000
diff=1
WARNING: orio.module.loop.submodule.tile.transformation: tile size 2048 must be greater than the stride value 2048; tile index = iii
WARNING: orio.module.loop.submodule.tile.transformation: tile size 256 must be greater than the stride value 256; tile index = jjj
expected=32417928551.078724
actual=145057485.810668
diff=-2147483648.000000
diff=1
WARNING: orio.module.loop.submodule.tile.transformation: tile size 512 must be greater than the stride value 512; tile index = iii
expected=44338717421.997200
actual=145057485.810668
diff=-2147483648.000000
diff=1
expected=44666135177.199257
actual=145057485.810668
diff=-2147483648.000000
diff=1
expected=145057485.810668
actual=145057485.810668
diff=0.000000
diff=1
expected=44697894316.422440
actual=145057485.810668
diff=-2147483648.000000
diff=1
WARNING: orio.module.loop.submodule.tile.transformation: tile size 2048 must be greater than the stride value 2048; tile index = jjj
expected=145057485.810668
actual=145057485.810668
diff=0.000000
diff=1
expected=43717766642.437691
actual=145057485.810668
diff=-2147483648.000000
diff=1
expected=44785532351.468651
actual=145057485.810668
diff=-2147483648.000000
diff=1
expected=37002803075.384903
actual=145057485.810668
diff=-2147483648.000000
diff=1
WARNING: orio.module.loop.submodule.tile.transformation: tile size 256 must be greater than the stride value 256; tile index = iii
expected=44783571097.469360
actual=145057485.810668
diff=-2147483648.000000
diff=1
expected=44783571097.469360
actual=145057485.810668
diff=-2147483648.000000
diff=1
expected=44699860065.029755
actual=145057485.810668
diff=-2147483648.000000
diff=1
expected=44839738643.982246
actual=145057485.810668
diff=-2147483648.000000
diff=1
WARNING: orio.module.loop.submodule.tile.transformation: tile size 2048 must be greater than the stride value 2048; tile index = jjj
expected=42827020494.028702
actual=145057485.810668
diff=-2147483648.000000
diff=1
expected=44824336398.646446
actual=145057485.810668
diff=-2147483648.000000
diff=1
expected=44819303017.928284
actual=145057485.810668
diff=-2147483648.000000
diff=1
WARNING: orio.module.loop.submodule.tile.transformation: tile size 8 must be greater than the stride value 8; tile index = iii
expected=37424907359.114845
actual=145057485.810668
diff=-2147483648.000000
diff=1
expected=145057485.810668
actual=145057485.810668
diff=0.000000
diff=1
expected=41754281842.401588
actual=145057485.810668
diff=-2147483648.000000
diff=1
WARNING: orio.module.loop.submodule.tile.transformation: tile size 256 must be greater than the stride value 256; tile index = iii
expected=44871524990.530350
actual=145057485.810668
diff=-2147483648.000000
diff=1
expected=15851638284.530546
actual=145057485.810668
diff=-2147483648.000000
diff=1
expected=44698303768.995506
actual=145057485.810668
diff=-2147483648.000000
diff=1
expected=44698303768.995506
actual=145057485.810668
diff=-2147483648.000000
diff=1
expected=44698303768.995506
actual=145057485.810668
diff=-2147483648.000000
diff=1
expected=44698020008.941467
actual=145057485.810668
diff=-2147483648.000000
diff=1
expected=44698303768.995506
actual=145057485.810668
diff=-2147483648.000000
diff=1
expected=44698303768.995506
actual=145057485.810668
diff=-2147483648.000000
diff=1
expected=44698303768.995506
actual=145057485.810668
diff=-2147483648.000000
diff=1
expected=44698303768.995506
actual=145057485.810668
diff=-2147483648.000000
diff=1
expected=44698303768.995506
actual=145057485.810668
diff=-2147483648.000000
diff=1
expected=44698303768.995506
actual=145057485.810668
diff=-2147483648.000000
diff=1
expected=44698303768.995506
actual=145057485.810668
diff=-2147483648.000000
diff=1
expected=44698303768.995506
actual=145057485.810668
diff=-2147483648.000000
diff=1
expected=44698303768.995506
actual=145057485.810668
diff=-2147483648.000000
diff=1
expected=44698303768.995506
actual=145057485.810668
diff=-2147483648.000000
diff=1
