
WARNING: orio.module.loop.submodule.tile.transformation: tile size 16 must be greater than the stride value 16; tile index = iii
expected=268920.500225
actual=268920.445960
diff=0.000000
diff=1
WARNING: orio.module.loop.submodule.tile.transformation: tile size 1024 must be greater than the stride value 1024; tile index = jjj
expected=268920.538110
actual=268920.445960
diff=0.000000
diff=1
expected=268920.473087
actual=268920.445960
diff=0.000000
diff=1
expected=268920.375434
actual=268920.445960
diff=0.000000
diff=1
expected=268920.565622
actual=268920.445960
diff=0.000000
diff=1
WARNING: orio.module.loop.submodule.tile.transformation: tile size 32 must be greater than the stride value 32; tile index = jjj
expected=268920.446046
actual=268920.445960
diff=0.000000
diff=1
WARNING: orio.module.loop.submodule.tile.transformation: tile size 4 must be greater than the stride value 4; tile index = iii
expected=268920.446045
actual=268920.445960
diff=0.000000
diff=1
expected=268920.548239
actual=268920.445960
diff=0.000000
diff=1
expected=268920.628206
actual=268920.445960
diff=0.000000
diff=1
expected=268920.520753
actual=268920.445960
diff=0.000000
diff=1
expected=268920.670659
actual=268920.445960
diff=0.000000
diff=1
WARNING: orio.module.loop.submodule.tile.transformation: tile size 32 must be greater than the stride value 32; tile index = iii
WARNING: orio.module.loop.submodule.tile.transformation: tile size 64 must be greater than the stride value 64; tile index = jjj
expected=268920.446226
actual=268920.445960
diff=0.000000
diff=1
WARNING: orio.module.loop.submodule.tile.transformation: tile size 8 must be greater than the stride value 8; tile index = jjj
expected=268920.469305
actual=268920.445960
diff=0.000000
diff=1
expected=268920.646789
actual=268920.445960
diff=0.000000
diff=1
expected=268920.376795
actual=268920.445960
diff=0.000000
diff=1
WARNING: orio.module.loop.submodule.tile.transformation: tile size 8 must be greater than the stride value 8; tile index = iii
expected=268920.467564
actual=268920.445960
diff=0.000000
diff=1
WARNING: orio.module.loop.submodule.tile.transformation: tile size 16 must be greater than the stride value 16; tile index = iii
expected=268920.453363
actual=268920.445960
diff=0.000000
diff=1
expected=268920.445960
actual=268920.445960
diff=0.000000
diff=1
WARNING: orio.module.loop.submodule.tile.transformation: tile size 2048 must be greater than the stride value 2048; tile index = jjj
expected=268920.545468
actual=268920.445960
diff=0.000000
diff=1
WARNING: orio.module.loop.submodule.tile.transformation: tile size 8 must be greater than the stride value 8; tile index = ttt
expected=268920.416698
actual=268920.445960
diff=0.000000
diff=1
expected=268920.606581
actual=268920.445960
diff=0.000000
diff=1
expected=268920.690666
actual=268920.445960
diff=0.000000
diff=1
expected=268920.540276
actual=268920.445960
diff=0.000000
diff=1
expected=268920.526167
actual=268920.445960
diff=0.000000
diff=1
WARNING: orio.module.loop.submodule.tile.transformation: tile size 2048 must be greater than the stride value 2048; tile index = ttt
expected=268920.665714
actual=268920.445960
diff=0.000000
diff=1
WARNING: orio.module.loop.submodule.tile.transformation: tile size 8 must be greater than the stride value 8; tile index = ttt
WARNING: orio.module.loop.submodule.tile.transformation: tile size 512 must be greater than the stride value 512; tile index = jjj
expected=268920.517744
actual=268920.445960
diff=0.000000
diff=1
expected=268920.566557
actual=268920.445960
diff=0.000000
diff=1
expected=268920.642335
actual=268920.445960
diff=0.000000
diff=1
WARNING: orio.module.loop.submodule.tile.transformation: tile size 256 must be greater than the stride value 256; tile index = iii
expected=268920.502462
actual=268920.445960
diff=0.000000
diff=1
WARNING: orio.module.loop.submodule.tile.transformation: tile size 256 must be greater than the stride value 256; tile index = iii
expected=268920.743212
actual=268920.445960
diff=0.000000
diff=1
expected=268920.216767
actual=268920.445960
diff=0.000000
diff=1
expected=268920.281964
actual=268920.445960
diff=0.000000
diff=1
expected=268920.491353
actual=268920.445960
diff=0.000000
diff=1
expected=268920.526563
actual=268920.445960
diff=0.000000
diff=1
WARNING: orio.module.loop.submodule.tile.transformation: tile size 2048 must be greater than the stride value 2048; tile index = iii
expected=268920.471150
actual=268920.445960
diff=0.000000
diff=1
WARNING: orio.module.loop.submodule.tile.transformation: tile size 512 must be greater than the stride value 512; tile index = ttt
expected=268920.494352
actual=268920.445960
diff=0.000000
diff=1
expected=268920.482874
actual=268920.445960
diff=0.000000
diff=1
WARNING: orio.module.loop.submodule.tile.transformation: tile size 16 must be greater than the stride value 16; tile index = ttt
WARNING: orio.module.loop.submodule.tile.transformation: tile size 128 must be greater than the stride value 128; tile index = iii
expected=268920.021160
actual=268920.445960
diff=0.000000
diff=1
expected=268919.217443
actual=268920.445960
diff=1.000000
diff=0
[00;31mERROR: orio.main.tuner.ptest_driver: failed to execute the test code: "timeout --kill-after=30s --signal=9 20m  ./__orio_perftest39.exe  "
 --> CalledProcessError: Command 'timeout --kill-after=30s --signal=9 20m  ./__orio_perftest39.exe  ' returned non-zero exit status 1[00m
[00;31mERROR: orio.main.tuner.ptest_driver:  performance testing failed: "timeout --kill-after=30s --signal=9 20m  ./__orio_perftest39.exe  "[00m
expected=268920.608094
actual=268920.445960
diff=0.000000
diff=1
expected=268920.491039
actual=268920.445960
diff=0.000000
diff=1
WARNING: orio.module.loop.submodule.tile.transformation: tile size 2048 must be greater than the stride value 2048; tile index = ttt
expected=268920.629746
actual=268920.445960
diff=0.000000
diff=1
expected=268920.457630
actual=268920.445960
diff=0.000000
diff=1
expected=268919.207550
actual=268920.445960
diff=1.000000
diff=0
[00;31mERROR: orio.main.tuner.ptest_driver: failed to execute the test code: "timeout --kill-after=30s --signal=9 20m  ./__orio_perftest44.exe  "
 --> CalledProcessError: Command 'timeout --kill-after=30s --signal=9 20m  ./__orio_perftest44.exe  ' returned non-zero exit status 1[00m
[00;31mERROR: orio.main.tuner.ptest_driver:  performance testing failed: "timeout --kill-after=30s --signal=9 20m  ./__orio_perftest44.exe  "[00m
expected=268920.630819
actual=268920.445960
diff=0.000000
diff=1
expected=268920.336379
actual=268920.445960
diff=0.000000
diff=1
expected=268920.445960
actual=268920.445960
diff=0.000000
diff=1
expected=268920.446046
actual=268920.445960
diff=0.000000
diff=1
expected=268920.445960
actual=268920.445960
diff=0.000000
diff=1
expected=268920.498626
actual=268920.445960
diff=0.000000
diff=1
WARNING: orio.module.loop.submodule.tile.transformation: tile size 16 must be greater than the stride value 16; tile index = ttt
expected=268920.799767
actual=268920.445960
diff=0.000000
diff=1
WARNING: orio.module.loop.submodule.tile.transformation: tile size 256 must be greater than the stride value 256; tile index = ttt
expected=268921.070905
actual=268920.445960
diff=0.000000
diff=1
expected=268920.633709
actual=268920.445960
diff=0.000000
diff=1
expected=268920.563713
actual=268920.445960
diff=0.000000
diff=1
expected=268920.503468
actual=268920.445960
diff=0.000000
diff=1
expected=268920.503468
actual=268920.445960
diff=0.000000
diff=1
expected=268920.534172
actual=268920.445960
diff=0.000000
diff=1
expected=268920.441141
actual=268920.445960
diff=0.000000
diff=1
expected=268928.653516
actual=268920.445960
diff=8.000000
diff=0
[00;31mERROR: orio.main.tuner.ptest_driver: failed to execute the test code: "timeout --kill-after=30s --signal=9 20m  ./__orio_perftest59.exe  "
 --> CalledProcessError: Command 'timeout --kill-after=30s --signal=9 20m  ./__orio_perftest59.exe  ' returned non-zero exit status 1[00m
[00;31mERROR: orio.main.tuner.ptest_driver:  performance testing failed: "timeout --kill-after=30s --signal=9 20m  ./__orio_perftest59.exe  "[00m
expected=268920.584848
actual=268920.445960
diff=0.000000
diff=1
expected=268920.709840
actual=268920.445960
diff=0.000000
diff=1
expected=268920.579529
actual=268920.445960
diff=0.000000
diff=1
WARNING: orio.module.loop.submodule.tile.transformation: tile size 2048 must be greater than the stride value 2048; tile index = ttt
expected=268920.565932
actual=268920.445960
diff=0.000000
diff=1
expected=268920.457315
actual=268920.445960
diff=0.000000
diff=1
expected=268920.631888
actual=268920.445960
diff=0.000000
diff=1
expected=268920.784652
actual=268920.445960
diff=0.000000
diff=1
expected=268920.952599
actual=268920.445960
diff=0.000000
diff=1
expected=268920.799767
actual=268920.445960
diff=0.000000
diff=1
expected=268920.456531
actual=268920.445960
diff=0.000000
diff=1
expected=268920.464403
actual=268920.445960
diff=0.000000
diff=1
expected=268920.457349
actual=268920.445960
diff=0.000000
diff=1
expected=268920.515762
actual=268920.445960
diff=0.000000
diff=1
expected=268920.472358
actual=268920.445960
diff=0.000000
diff=1
expected=268920.515762
actual=268920.445960
diff=0.000000
diff=1
expected=268920.506013
actual=268920.445960
diff=0.000000
diff=1
expected=268920.638667
actual=268920.445960
diff=0.000000
diff=1
expected=268920.505000
actual=268920.445960
diff=0.000000
diff=1
expected=268920.917260
actual=268920.445960
diff=0.000000
diff=1
expected=268920.456531
actual=268920.445960
diff=0.000000
diff=1
expected=268920.491771
actual=268920.445960
diff=0.000000
diff=1
expected=268920.456531
actual=268920.445960
diff=0.000000
diff=1
expected=268920.436564
actual=268920.445960
diff=0.000000
diff=1
expected=268920.457608
actual=268920.445960
diff=0.000000
diff=1
expected=268920.814716
actual=268920.445960
diff=0.000000
diff=1
expected=268920.565159
actual=268920.445960
diff=0.000000
diff=1
expected=268920.512709
actual=268920.445960
diff=0.000000
diff=1
WARNING: orio.module.loop.submodule.tile.transformation: tile size 256 must be greater than the stride value 256; tile index = ttt
expected=268920.493490
actual=268920.445960
diff=0.000000
diff=1
expected=268920.378914
actual=268920.445960
diff=0.000000
diff=1
expected=268920.563713
actual=268920.445960
diff=0.000000
diff=1
expected=268920.583473
actual=268920.445960
diff=0.000000
diff=1
expected=268920.537934
actual=268920.445960
diff=0.000000
diff=1
expected=268920.783273
actual=268920.445960
diff=0.000000
diff=1
WARNING: orio.module.loop.submodule.tile.transformation: tile size 8 must be greater than the stride value 8; tile index = ttt
expected=268920.297189
actual=268920.445960
diff=0.000000
diff=1
expected=268919.474954
actual=268920.445960
diff=0.000000
diff=1
expected=268920.641137
actual=268920.445960
diff=0.000000
diff=1
expected=268920.492185
actual=268920.445960
diff=0.000000
diff=1
expected=268920.323651
actual=268920.445960
diff=0.000000
diff=1
expected=268920.653570
actual=268920.445960
diff=0.000000
diff=1
WARNING: orio.module.loop.submodule.tile.transformation: tile size 2048 must be greater than the stride value 2048; tile index = ttt
expected=268920.457607
actual=268920.445960
diff=0.000000
diff=1
expected=268920.615765
actual=268920.445960
diff=0.000000
diff=1
expected=268920.789581
actual=268920.445960
diff=0.000000
diff=1
expected=268920.536610
actual=268920.445960
diff=0.000000
diff=1
WARNING: orio.module.loop.submodule.tile.transformation: tile size 32 must be greater than the stride value 32; tile index = ttt
expected=268920.548454
actual=268920.445960
diff=0.000000
diff=1
expected=268920.598322
actual=268920.445960
diff=0.000000
diff=1
expected=268920.143983
actual=268920.445960
diff=0.000000
diff=1
expected=268920.847890
actual=268920.445960
diff=0.000000
diff=1
WARNING: orio.module.loop.submodule.tile.transformation: tile size 2048 must be greater than the stride value 2048; tile index = ttt
expected=268920.699803
actual=268920.445960
diff=0.000000
diff=1
expected=268920.795507
actual=268920.445960
diff=0.000000
diff=1
expected=268920.457608
actual=268920.445960
diff=0.000000
diff=1
expected=268920.516654
actual=268920.445960
diff=0.000000
diff=1
expected=268920.456531
actual=268920.445960
diff=0.000000
diff=1
expected=268920.485762
actual=268920.445960
diff=0.000000
diff=1
expected=268920.692857
actual=268920.445960
diff=0.000000
diff=1
expected=268920.507060
actual=268920.445960
diff=0.000000
diff=1
expected=268920.548454
actual=268920.445960
diff=0.000000
diff=1
expected=268923.633431
actual=268920.445960
diff=3.000000
diff=0
[00;31mERROR: orio.main.tuner.ptest_driver: failed to execute the test code: "timeout --kill-after=30s --signal=9 20m  ./__orio_perftest116.exe  "
 --> CalledProcessError: Command 'timeout --kill-after=30s --signal=9 20m  ./__orio_perftest116.exe  ' returned non-zero exit status 1[00m
[00;31mERROR: orio.main.tuner.ptest_driver:  performance testing failed: "timeout --kill-after=30s --signal=9 20m  ./__orio_perftest116.exe  "[00m
expected=268920.477409
actual=268920.445960
diff=0.000000
diff=1
expected=268921.369934
actual=268920.445960
diff=0.000000
diff=1
expected=268920.450691
actual=268920.445960
diff=0.000000
diff=1
expected=268920.504257
actual=268920.445960
diff=0.000000
diff=1
expected=268920.474439
actual=268920.445960
diff=0.000000
diff=1
expected=268920.522924
actual=268920.445960
diff=0.000000
diff=1
WARNING: orio.module.loop.submodule.tile.transformation: tile size 512 must be greater than the stride value 512; tile index = ttt
expected=268920.631672
actual=268920.445960
diff=0.000000
diff=1
expected=268920.456531
actual=268920.445960
diff=0.000000
diff=1
expected=268919.711151
actual=268920.445960
diff=0.000000
diff=1
expected=268920.769127
actual=268920.445960
diff=0.000000
diff=1
expected=268920.448200
actual=268920.445960
diff=0.000000
diff=1
expected=268920.480508
actual=268920.445960
diff=0.000000
diff=1
