
expected=44808887502.665932
actual=145057485.810668
diff=-2147483648.000000
diff=1
expected=145057485.810668
actual=145057485.810668
diff=0.000000
diff=1
WARNING: orio.module.loop.submodule.tile.transformation: tile size 128 must be greater than the stride value 128; tile index = jjj
expected=43807795822.545082
actual=145057485.810668
diff=-2147483648.000000
diff=1
expected=44307216023.335617
actual=145057485.810668
diff=-2147483648.000000
diff=1
expected=44699645606.813202
actual=145057485.810668
diff=-2147483648.000000
diff=1
expected=44607612148.138161
actual=145057485.810668
diff=-2147483648.000000
diff=1
expected=44372284609.012817
actual=145057485.810668
diff=-2147483648.000000
diff=1
expected=145057485.810668
actual=145057485.810668
diff=0.000000
diff=1
WARNING: orio.module.loop.submodule.tile.transformation: tile size 2048 must be greater than the stride value 2048; tile index = iii
expected=43321602428.400749
actual=145057485.810668
diff=-2147483648.000000
diff=1
expected=145057485.810668
actual=145057485.810668
diff=0.000000
diff=1
expected=145057485.810668
actual=145057485.810668
diff=0.000000
diff=1
expected=37186874690.908905
actual=145057485.810668
diff=-2147483648.000000
diff=1
expected=44612174128.182014
actual=145057485.810668
diff=-2147483648.000000
diff=1
expected=44599271279.137962
actual=145057485.810668
diff=-2147483648.000000
diff=1
expected=145057485.810668
actual=145057485.810668
diff=0.000000
diff=1
WARNING: orio.module.loop.submodule.tile.transformation: tile size 8 must be greater than the stride value 8; tile index = jjj
expected=44785547733.543961
actual=145057485.810668
diff=-2147483648.000000
diff=1
expected=44808682192.848793
actual=145057485.810668
diff=-2147483648.000000
diff=1
expected=15851638284.530546
actual=145057485.810668
diff=-2147483648.000000
diff=1
expected=145057485.810668
actual=145057485.810668
diff=0.000000
diff=1
expected=44700473935.097496
actual=145057485.810668
diff=-2147483648.000000
diff=1
expected=44185983065.314415
actual=145057485.810668
diff=-2147483648.000000
diff=1
expected=15851638284.530546
actual=145057485.810668
diff=-2147483648.000000
diff=1
expected=145057485.810668
actual=145057485.810668
diff=0.000000
diff=1
expected=44699754706.536957
actual=145057485.810668
diff=-2147483648.000000
diff=1
expected=145057485.810668
actual=145057485.810668
diff=0.000000
diff=1
expected=43484881079.999245
actual=145057485.810668
diff=-2147483648.000000
diff=1
expected=44666135177.199257
actual=145057485.810668
diff=-2147483648.000000
diff=1
expected=15851638284.530546
actual=145057485.810668
diff=-2147483648.000000
diff=1
WARNING: orio.module.loop.submodule.tile.transformation: tile size 32 must be greater than the stride value 32; tile index = iii
expected=44783571097.469360
actual=145057485.810668
diff=-2147483648.000000
diff=1
expected=44361012605.184753
actual=145057485.810668
diff=-2147483648.000000
diff=1
expected=44615713028.360817
actual=145057485.810668
diff=-2147483648.000000
diff=1
expected=44615028986.562271
actual=145057485.810668
diff=-2147483648.000000
diff=1
expected=44808682192.848793
actual=145057485.810668
diff=-2147483648.000000
diff=1
WARNING: orio.module.loop.submodule.tile.transformation: tile size 2048 must be greater than the stride value 2048; tile index = iii
WARNING: orio.module.loop.submodule.tile.transformation: tile size 128 must be greater than the stride value 128; tile index = jjj
expected=43406604355.916641
actual=145057485.810668
diff=-2147483648.000000
diff=1
WARNING: orio.module.loop.submodule.tile.transformation: tile size 256 must be greater than the stride value 256; tile index = jjj
expected=44695716366.007256
actual=145057485.810668
diff=-2147483648.000000
diff=1
WARNING: orio.module.loop.submodule.tile.transformation: tile size 8 must be greater than the stride value 8; tile index = iii
expected=44899123818.813927
actual=145057485.810668
diff=-2147483648.000000
diff=1
expected=44783827054.373192
actual=145057485.810668
diff=-2147483648.000000
diff=1
expected=36286536689.679947
actual=145057485.810668
diff=-2147483648.000000
diff=1
expected=44697894316.422440
actual=145057485.810668
diff=-2147483648.000000
diff=1
expected=145057485.810668
actual=145057485.810668
diff=0.000000
diff=1
expected=44338717421.997200
actual=145057485.810668
diff=-2147483648.000000
diff=1
expected=145057485.810668
actual=145057485.810668
diff=0.000000
diff=1
expected=145057485.810668
actual=145057485.810668
diff=0.000000
diff=1
expected=37398071412.295242
actual=145057485.810668
diff=-2147483648.000000
diff=1
expected=44220897407.022346
actual=145057485.810668
diff=-2147483648.000000
diff=1
expected=37424907359.114845
actual=145057485.810668
diff=-2147483648.000000
diff=1
expected=37424355475.245659
actual=145057485.810668
diff=-2147483648.000000
diff=1
expected=145057485.810668
actual=145057485.810668
diff=0.000000
diff=1
expected=44808682192.848793
actual=145057485.810668
diff=-2147483648.000000
diff=1
expected=44808682192.848793
actual=145057485.810668
diff=-2147483648.000000
diff=1
WARNING: orio.module.loop.submodule.tile.transformation: tile size 2 must be greater than the stride value 2; tile index = iii
expected=145057485.810668
actual=145057485.810668
diff=0.000000
diff=1
expected=44783571097.469360
actual=145057485.810668
diff=-2147483648.000000
diff=1
expected=44810594309.104752
actual=145057485.810668
diff=-2147483648.000000
diff=1
WARNING: orio.module.loop.submodule.tile.transformation: tile size 1024 must be greater than the stride value 1024; tile index = jjj
expected=43321602428.400749
actual=145057485.810668
diff=-2147483648.000000
diff=1
expected=145057485.810668
actual=145057485.810668
diff=0.000000
diff=1
expected=15851638284.530546
actual=145057485.810668
diff=-2147483648.000000
diff=1
expected=44812494429.316833
actual=145057485.810668
diff=-2147483648.000000
diff=1
expected=15851638284.530546
actual=145057485.810668
diff=-2147483648.000000
diff=1
expected=44695716366.007256
actual=145057485.810668
diff=-2147483648.000000
diff=1
expected=44185983065.314415
actual=145057485.810668
diff=-2147483648.000000
diff=1
expected=145057485.810668
actual=145057485.810668
diff=0.000000
diff=1
expected=42200484007.538742
actual=145057485.810668
diff=-2147483648.000000
diff=1
expected=145057485.810668
actual=145057485.810668
diff=0.000000
diff=1
expected=44809144139.937851
actual=145057485.810668
diff=-2147483648.000000
diff=1
expected=145057485.810668
actual=145057485.810668
diff=0.000000
diff=1
expected=32417928551.078724
actual=145057485.810668
diff=-2147483648.000000
diff=1
expected=145057485.810668
actual=145057485.810668
diff=0.000000
diff=1
expected=44185983065.314415
actual=145057485.810668
diff=-2147483648.000000
diff=1
WARNING: orio.module.loop.submodule.tile.transformation: tile size 32 must be greater than the stride value 32; tile index = iii
expected=44699321227.686920
actual=145057485.810668
diff=-2147483648.000000
diff=1
expected=37424355475.245659
actual=145057485.810668
diff=-2147483648.000000
diff=1
WARNING: orio.module.loop.submodule.tile.transformation: tile size 4 must be greater than the stride value 4; tile index = iii
expected=145057485.810668
actual=145057485.810668
diff=0.000000
diff=1
WARNING: orio.module.loop.submodule.tile.transformation: tile size 2048 must be greater than the stride value 2048; tile index = jjj
expected=43717766642.437691
actual=145057485.810668
diff=-2147483648.000000
diff=1
WARNING: orio.module.loop.submodule.tile.transformation: tile size 512 must be greater than the stride value 512; tile index = jjj
expected=33807453205.922581
actual=145057485.810668
diff=-2147483648.000000
diff=1
expected=32417928551.078724
actual=145057485.810668
diff=-2147483648.000000
diff=1
expected=44695716366.007256
actual=145057485.810668
diff=-2147483648.000000
diff=1
expected=44303901634.741371
actual=145057485.810668
diff=-2147483648.000000
diff=1
expected=44666135177.199257
actual=145057485.810668
diff=-2147483648.000000
diff=1
expected=25780906287.539272
actual=145057485.810668
diff=-2147483648.000000
diff=1
expected=44820926496.717155
actual=145057485.810668
diff=-2147483648.000000
diff=1
expected=33644392960.039684
actual=145057485.810668
diff=-2147483648.000000
diff=1
WARNING: orio.module.loop.submodule.tile.transformation: tile size 16 must be greater than the stride value 16; tile index = jjj
expected=44666820583.452309
actual=145057485.810668
diff=-2147483648.000000
diff=1
WARNING: orio.module.loop.submodule.tile.transformation: tile size 8 must be greater than the stride value 8; tile index = jjj
expected=36789021757.140892
actual=145057485.810668
diff=-2147483648.000000
diff=1
WARNING: orio.module.loop.submodule.tile.transformation: tile size 4 must be greater than the stride value 4; tile index = iii
expected=37424355475.245659
actual=145057485.810668
diff=-2147483648.000000
diff=1
expected=44697894316.422440
actual=145057485.810668
diff=-2147483648.000000
diff=1
WARNING: orio.module.loop.submodule.tile.transformation: tile size 128 must be greater than the stride value 128; tile index = jjj
expected=32417928551.078724
actual=145057485.810668
diff=-2147483648.000000
diff=1
WARNING: orio.module.loop.submodule.tile.transformation: tile size 16 must be greater than the stride value 16; tile index = iii
expected=37485008367.106178
actual=145057485.810668
diff=-2147483648.000000
diff=1
WARNING: orio.module.loop.submodule.tile.transformation: tile size 4 must be greater than the stride value 4; tile index = iii
expected=44695716366.007256
actual=145057485.810668
diff=-2147483648.000000
diff=1
expected=44809657414.481102
actual=145057485.810668
diff=-2147483648.000000
diff=1
expected=44696261082.425850
actual=145057485.810668
diff=-2147483648.000000
diff=1
WARNING: orio.module.loop.submodule.tile.transformation: tile size 4 must be greater than the stride value 4; tile index = iii
expected=44357584094.189911
actual=145057485.810668
diff=-2147483648.000000
diff=1
expected=43816429428.150795
actual=145057485.810668
diff=-2147483648.000000
diff=1
expected=25780906287.539272
actual=145057485.810668
diff=-2147483648.000000
diff=1
WARNING: orio.module.loop.submodule.tile.transformation: tile size 256 must be greater than the stride value 256; tile index = jjj
expected=42200484007.538742
actual=145057485.810668
diff=-2147483648.000000
diff=1
expected=44898530955.244400
actual=145057485.810668
diff=-2147483648.000000
diff=1
WARNING: orio.module.loop.submodule.tile.transformation: tile size 256 must be greater than the stride value 256; tile index = jjj
expected=37424355475.245659
actual=145057485.810668
diff=-2147483648.000000
diff=1
expected=44607612148.138161
actual=145057485.810668
diff=-2147483648.000000
diff=1
expected=32353898806.706158
actual=145057485.810668
diff=-2147483648.000000
diff=1
WARNING: orio.module.loop.submodule.tile.transformation: tile size 16 must be greater than the stride value 16; tile index = jjj
expected=25780906287.539272
actual=145057485.810668
diff=-2147483648.000000
diff=1
expected=39997014234.553841
actual=145057485.810668
diff=-2147483648.000000
diff=1
expected=44695716366.007256
actual=145057485.810668
diff=-2147483648.000000
diff=1
expected=145057485.810668
actual=145057485.810668
diff=0.000000
diff=1
expected=44338717421.997200
actual=145057485.810668
diff=-2147483648.000000
diff=1
expected=37424355475.245659
actual=145057485.810668
diff=-2147483648.000000
diff=1
expected=38512708219.744247
actual=145057485.810668
diff=-2147483648.000000
diff=1
WARNING: orio.module.loop.submodule.tile.transformation: tile size 512 must be greater than the stride value 512; tile index = jjj
expected=43299779101.906548
actual=145057485.810668
diff=-2147483648.000000
diff=1
WARNING: orio.module.loop.submodule.tile.transformation: tile size 256 must be greater than the stride value 256; tile index = jjj
expected=44879315879.790192
actual=145057485.810668
diff=-2147483648.000000
diff=1
expected=36864187384.583145
actual=145057485.810668
diff=-2147483648.000000
diff=1
WARNING: orio.module.loop.submodule.tile.transformation: tile size 32 must be greater than the stride value 32; tile index = jjj
expected=25780906287.539272
actual=145057485.810668
diff=-2147483648.000000
diff=1
expected=37476503674.732025
actual=145057485.810668
diff=-2147483648.000000
diff=1
expected=42333565932.076653
actual=145057485.810668
diff=-2147483648.000000
diff=1
expected=44688657733.738586
actual=145057485.810668
diff=-2147483648.000000
diff=1
expected=44785634050.934944
actual=145057485.810668
diff=-2147483648.000000
diff=1
expected=44695716366.007256
actual=145057485.810668
diff=-2147483648.000000
diff=1
expected=44808785427.334892
actual=145057485.810668
diff=-2147483648.000000
diff=1
WARNING: orio.module.loop.submodule.tile.transformation: tile size 2048 must be greater than the stride value 2048; tile index = jjj
expected=40951906144.278885
actual=145057485.810668
diff=-2147483648.000000
diff=1
WARNING: orio.module.loop.submodule.tile.transformation: tile size 8 must be greater than the stride value 8; tile index = jjj
expected=44328817396.051712
actual=145057485.810668
diff=-2147483648.000000
diff=1
expected=35979941506.088631
actual=145057485.810668
diff=-2147483648.000000
diff=1
expected=145057485.810668
actual=145057485.810668
diff=0.000000
diff=1
expected=44785439221.424629
actual=145057485.810668
diff=-2147483648.000000
diff=1
expected=145057485.810668
actual=145057485.810668
diff=0.000000
diff=1
expected=40883386655.363876
actual=145057485.810668
diff=-2147483648.000000
diff=1
expected=44666135177.199257
actual=145057485.810668
diff=-2147483648.000000
diff=1
expected=44372588275.007462
actual=145057485.810668
diff=-2147483648.000000
diff=1
expected=145057485.810668
actual=145057485.810668
diff=0.000000
diff=1
WARNING: orio.module.loop.submodule.tile.transformation: tile size 512 must be greater than the stride value 512; tile index = jjj
expected=44666135177.199257
actual=145057485.810668
diff=-2147483648.000000
diff=1
expected=37602340353.570290
actual=145057485.810668
diff=-2147483648.000000
diff=1
expected=44783827054.373192
actual=145057485.810668
diff=-2147483648.000000
diff=1
expected=44810486416.029228
actual=145057485.810668
diff=-2147483648.000000
diff=1
expected=44818254185.213898
actual=145057485.810668
diff=-2147483648.000000
diff=1
expected=39638626543.595253
actual=145057485.810668
diff=-2147483648.000000
diff=1
expected=44666135177.199257
actual=145057485.810668
diff=-2147483648.000000
diff=1
expected=44361755438.856514
actual=145057485.810668
diff=-2147483648.000000
diff=1
expected=145057485.810668
actual=145057485.810668
diff=0.000000
diff=1
expected=145057485.810668
actual=145057485.810668
diff=0.000000
diff=1
expected=44780107380.140686
actual=145057485.810668
diff=-2147483648.000000
diff=1
expected=44785552754.922485
actual=145057485.810668
diff=-2147483648.000000
diff=1
expected=44783571097.469360
actual=145057485.810668
diff=-2147483648.000000
diff=1
expected=44809657414.481102
actual=145057485.810668
diff=-2147483648.000000
diff=1
expected=43463520426.856621
actual=145057485.810668
diff=-2147483648.000000
diff=1
expected=44185983065.314415
actual=145057485.810668
diff=-2147483648.000000
diff=1
expected=145057485.810668
actual=145057485.810668
diff=0.000000
diff=1
expected=44695716366.007256
actual=145057485.810668
diff=-2147483648.000000
diff=1
expected=44338717421.997200
actual=145057485.810668
diff=-2147483648.000000
diff=1
expected=145057485.810668
actual=145057485.810668
diff=0.000000
diff=1
expected=30509075330.656471
actual=145057485.810668
diff=-2147483648.000000
diff=1
expected=44192387444.678062
actual=145057485.810668
diff=-2147483648.000000
diff=1
expected=44696261082.425850
actual=145057485.810668
diff=-2147483648.000000
diff=1
expected=44818254185.213898
actual=145057485.810668
diff=-2147483648.000000
diff=1
WARNING: orio.module.loop.submodule.tile.transformation: tile size 32 must be greater than the stride value 32; tile index = jjj
expected=39997241838.853500
actual=145057485.810668
diff=-2147483648.000000
diff=1
expected=44363151596.201836
actual=145057485.810668
diff=-2147483648.000000
diff=1
expected=44819191975.408768
actual=145057485.810668
diff=-2147483648.000000
diff=1
expected=44870583302.333130
actual=145057485.810668
diff=-2147483648.000000
diff=1
expected=43717766642.437691
actual=145057485.810668
diff=-2147483648.000000
diff=1
expected=145057485.810668
actual=145057485.810668
diff=0.000000
diff=1
expected=43308468999.976700
actual=145057485.810668
diff=-2147483648.000000
diff=1
WARNING: orio.module.loop.submodule.tile.transformation: tile size 2 must be greater than the stride value 2; tile index = iii
expected=145057485.810668
actual=145057485.810668
diff=0.000000
diff=1
expected=44808682192.848793
actual=145057485.810668
diff=-2147483648.000000
diff=1
expected=37713856270.121155
actual=145057485.810668
diff=-2147483648.000000
diff=1
expected=44695716366.007256
actual=145057485.810668
diff=-2147483648.000000
diff=1
expected=44784786892.763176
actual=145057485.810668
diff=-2147483648.000000
diff=1
expected=44695716366.007256
actual=145057485.810668
diff=-2147483648.000000
diff=1
WARNING: orio.module.loop.submodule.tile.transformation: tile size 16 must be greater than the stride value 16; tile index = iii
expected=39997014234.553841
actual=145057485.810668
diff=-2147483648.000000
diff=1
WARNING: orio.module.loop.submodule.tile.transformation: tile size 2048 must be greater than the stride value 2048; tile index = jjj
expected=40841249195.614197
actual=145057485.810668
diff=-2147483648.000000
diff=1
expected=44885753699.592484
actual=145057485.810668
diff=-2147483648.000000
diff=1
expected=43717766642.437691
actual=145057485.810668
diff=-2147483648.000000
diff=1
WARNING: orio.module.loop.submodule.tile.transformation: tile size 2048 must be greater than the stride value 2048; tile index = iii
expected=44370218402.966606
actual=145057485.810668
diff=-2147483648.000000
diff=1
WARNING: orio.module.loop.submodule.tile.transformation: tile size 64 must be greater than the stride value 64; tile index = iii
expected=44783571097.469360
actual=145057485.810668
diff=-2147483648.000000
diff=1
expected=145057485.810668
actual=145057485.810668
diff=0.000000
diff=1
expected=43299779101.906548
actual=145057485.810668
diff=-2147483648.000000
diff=1
expected=44810271732.959503
actual=145057485.810668
diff=-2147483648.000000
diff=1
WARNING: orio.module.loop.submodule.tile.transformation: tile size 256 must be greater than the stride value 256; tile index = jjj
expected=33644392960.039684
actual=145057485.810668
diff=-2147483648.000000
diff=1
expected=30509075330.656471
actual=145057485.810668
diff=-2147483648.000000
diff=1
expected=44886540692.077522
actual=145057485.810668
diff=-2147483648.000000
diff=1
expected=145057485.810668
actual=145057485.810668
diff=0.000000
diff=1
expected=43717766642.437691
actual=145057485.810668
diff=-2147483648.000000
diff=1
WARNING: orio.module.loop.submodule.tile.transformation: tile size 1024 must be greater than the stride value 1024; tile index = iii
WARNING: orio.module.loop.submodule.tile.transformation: tile size 8 must be greater than the stride value 8; tile index = jjj
expected=44377043889.746719
actual=145057485.810668
diff=-2147483648.000000
diff=1
expected=37485008367.106178
actual=145057485.810668
diff=-2147483648.000000
diff=1
WARNING: orio.module.loop.submodule.tile.transformation: tile size 16 must be greater than the stride value 16; tile index = jjj
expected=37147025046.313118
actual=145057485.810668
diff=-2147483648.000000
diff=1
WARNING: orio.module.loop.submodule.tile.transformation: tile size 16 must be greater than the stride value 16; tile index = iii
WARNING: orio.module.loop.submodule.tile.transformation: tile size 2 must be greater than the stride value 2; tile index = jjj
expected=145057485.810668
actual=145057485.810668
diff=0.000000
diff=1
expected=44818254185.213898
actual=145057485.810668
diff=-2147483648.000000
diff=1
expected=44819540800.509727
actual=145057485.810668
diff=-2147483648.000000
diff=1
expected=43348881586.521248
actual=145057485.810668
diff=-2147483648.000000
diff=1
expected=44785439221.424629
actual=145057485.810668
diff=-2147483648.000000
diff=1
expected=43809158405.492561
actual=145057485.810668
diff=-2147483648.000000
diff=1
expected=44220488189.067413
actual=145057485.810668
diff=-2147483648.000000
diff=1
expected=36926235522.258301
actual=145057485.810668
diff=-2147483648.000000
diff=1
expected=44619625138.926559
actual=145057485.810668
diff=-2147483648.000000
diff=1
expected=44666820583.452309
actual=145057485.810668
diff=-2147483648.000000
diff=1
expected=44809144139.937851
actual=145057485.810668
diff=-2147483648.000000
diff=1
expected=145057485.810668
actual=145057485.810668
diff=0.000000
diff=1
expected=44687720644.522118
actual=145057485.810668
diff=-2147483648.000000
diff=1
expected=43299779101.906548
actual=145057485.810668
diff=-2147483648.000000
diff=1
expected=44808682192.848793
actual=145057485.810668
diff=-2147483648.000000
diff=1
expected=37476503674.732025
actual=145057485.810668
diff=-2147483648.000000
diff=1
expected=145057485.810668
actual=145057485.810668
diff=0.000000
diff=1
expected=44703755427.751686
actual=145057485.810668
diff=-2147483648.000000
diff=1
expected=35701274550.628304
actual=145057485.810668
diff=-2147483648.000000
diff=1
WARNING: orio.module.loop.submodule.tile.transformation: tile size 2 must be greater than the stride value 2; tile index = jjj
expected=44338717421.997200
actual=145057485.810668
diff=-2147483648.000000
diff=1
expected=44700473935.097496
actual=145057485.810668
diff=-2147483648.000000
diff=1
expected=44700473935.097496
actual=145057485.810668
diff=-2147483648.000000
diff=1
WARNING: orio.module.loop.submodule.tile.transformation: tile size 16 must be greater than the stride value 16; tile index = iii
expected=43717766642.437691
actual=145057485.810668
diff=-2147483648.000000
diff=1
expected=145057485.810668
actual=145057485.810668
diff=0.000000
diff=1
WARNING: orio.module.loop.submodule.tile.transformation: tile size 2048 must be greater than the stride value 2048; tile index = iii
expected=44303901634.741371
actual=145057485.810668
diff=-2147483648.000000
diff=1
expected=44778848848.093452
actual=145057485.810668
diff=-2147483648.000000
diff=1
expected=44695716366.007256
actual=145057485.810668
diff=-2147483648.000000
diff=1
expected=44185983065.314415
actual=145057485.810668
diff=-2147483648.000000
diff=1
WARNING: orio.module.loop.submodule.tile.transformation: tile size 2048 must be greater than the stride value 2048; tile index = jjj
expected=43076305571.731026
actual=145057485.810668
diff=-2147483648.000000
diff=1
WARNING: orio.module.loop.submodule.tile.transformation: tile size 2048 must be greater than the stride value 2048; tile index = iii
expected=30509075330.656471
actual=145057485.810668
diff=-2147483648.000000
diff=1
expected=44311359009.081963
actual=145057485.810668
diff=-2147483648.000000
diff=1
expected=44808682192.848793
actual=145057485.810668
diff=-2147483648.000000
diff=1
WARNING: orio.module.loop.submodule.tile.transformation: tile size 512 must be greater than the stride value 512; tile index = iii
expected=44666306713.780037
actual=145057485.810668
diff=-2147483648.000000
diff=1
WARNING: orio.module.loop.submodule.tile.transformation: tile size 4 must be greater than the stride value 4; tile index = jjj
expected=44783571097.469360
actual=145057485.810668
diff=-2147483648.000000
diff=1
expected=43717766642.437691
actual=145057485.810668
diff=-2147483648.000000
diff=1
expected=43729601235.673782
actual=145057485.810668
diff=-2147483648.000000
diff=1
expected=43802522528.970474
actual=145057485.810668
diff=-2147483648.000000
diff=1
expected=44785302204.488708
actual=145057485.810668
diff=-2147483648.000000
diff=1
WARNING: orio.module.loop.submodule.tile.transformation: tile size 8 must be greater than the stride value 8; tile index = jjj
expected=15851638284.530546
actual=145057485.810668
diff=-2147483648.000000
diff=1
expected=37485008367.106178
actual=145057485.810668
diff=-2147483648.000000
diff=1
WARNING: orio.module.loop.submodule.tile.transformation: tile size 8 must be greater than the stride value 8; tile index = jjj
expected=44825304927.938232
actual=145057485.810668
diff=-2147483648.000000
diff=1
expected=44666820583.452309
actual=145057485.810668
diff=-2147483648.000000
diff=1
expected=44818698401.622086
actual=145057485.810668
diff=-2147483648.000000
diff=1
WARNING: orio.module.loop.submodule.tile.transformation: tile size 2048 must be greater than the stride value 2048; tile index = iii
expected=42200484007.538742
actual=145057485.810668
diff=-2147483648.000000
diff=1
expected=44818254185.213898
actual=145057485.810668
diff=-2147483648.000000
diff=1
expected=44844073638.442001
actual=145057485.810668
diff=-2147483648.000000
diff=1
expected=44818698401.622086
actual=145057485.810668
diff=-2147483648.000000
diff=1
WARNING: orio.module.loop.submodule.tile.transformation: tile size 32 must be greater than the stride value 32; tile index = jjj
expected=44891464545.021896
actual=145057485.810668
diff=-2147483648.000000
diff=1
expected=44783571097.469360
actual=145057485.810668
diff=-2147483648.000000
diff=1
Segmentation fault
[00;31mERROR: orio.main.tuner.ptest_driver: failed to execute the test code: "timeout --kill-after=30s --signal=9 20m  ./__orio_perftest228.exe  "
 --> CalledProcessError: Command 'timeout --kill-after=30s --signal=9 20m  ./__orio_perftest228.exe  ' returned non-zero exit status 139[00m
[00;31mERROR: orio.main.tuner.ptest_driver:  performance testing failed: "timeout --kill-after=30s --signal=9 20m  ./__orio_perftest228.exe  "[00m
WARNING: orio.module.loop.submodule.tile.transformation: tile size 64 must be greater than the stride value 64; tile index = jjj
expected=44785428372.742798
actual=145057485.810668
diff=-2147483648.000000
diff=1
expected=145057485.810668
actual=145057485.810668
diff=0.000000
diff=1
WARNING: orio.module.loop.submodule.tile.transformation: tile size 4 must be greater than the stride value 4; tile index = jjj
expected=44331447006.640930
actual=145057485.810668
diff=-2147483648.000000
diff=1
WARNING: orio.module.loop.submodule.tile.transformation: tile size 16 must be greater than the stride value 16; tile index = iii
expected=44808682192.848793
actual=145057485.810668
diff=-2147483648.000000
diff=1
WARNING: orio.module.loop.submodule.tile.transformation: tile size 64 must be greater than the stride value 64; tile index = jjj
expected=44666135177.199257
actual=145057485.810668
diff=-2147483648.000000
diff=1
expected=44818254185.213898
actual=145057485.810668
diff=-2147483648.000000
diff=1
expected=44784147000.503082
actual=145057485.810668
diff=-2147483648.000000
diff=1
expected=44808682192.848793
actual=145057485.810668
diff=-2147483648.000000
diff=1
expected=145057485.810668
actual=145057485.810668
diff=0.000000
diff=1
WARNING: orio.module.loop.submodule.tile.transformation: tile size 64 must be greater than the stride value 64; tile index = jjj
expected=40559119549.654144
actual=145057485.810668
diff=-2147483648.000000
diff=1
WARNING: orio.module.loop.submodule.tile.transformation: tile size 256 must be greater than the stride value 256; tile index = iii
expected=44820276756.331398
actual=145057485.810668
diff=-2147483648.000000
diff=1
expected=37424355475.245659
actual=145057485.810668
diff=-2147483648.000000
diff=1
Segmentation fault
[00;31mERROR: orio.main.tuner.ptest_driver: failed to execute the test code: "timeout --kill-after=30s --signal=9 20m  ./__orio_perftest241.exe  "
 --> CalledProcessError: Command 'timeout --kill-after=30s --signal=9 20m  ./__orio_perftest241.exe  ' returned non-zero exit status 139[00m
[00;31mERROR: orio.main.tuner.ptest_driver:  performance testing failed: "timeout --kill-after=30s --signal=9 20m  ./__orio_perftest241.exe  "[00m
expected=35875618242.702187
actual=145057485.810668
diff=-2147483648.000000
diff=1
expected=44783571097.469360
actual=145057485.810668
diff=-2147483648.000000
diff=1
expected=44666135177.199257
actual=145057485.810668
diff=-2147483648.000000
diff=1
expected=145057485.810668
actual=145057485.810668
diff=0.000000
diff=1
WARNING: orio.module.loop.submodule.tile.transformation: tile size 512 must be greater than the stride value 512; tile index = jjj
expected=40778201360.125923
actual=145057485.810668
diff=-2147483648.000000
diff=1
expected=44351792280.636566
actual=145057485.810668
diff=-2147483648.000000
diff=1
expected=44350340677.742867
actual=145057485.810668
diff=-2147483648.000000
diff=1
expected=44698303768.995506
actual=145057485.810668
diff=-2147483648.000000
diff=1
expected=44311359009.081963
actual=145057485.810668
diff=-2147483648.000000
diff=1
expected=44783613085.967415
actual=145057485.810668
diff=-2147483648.000000
diff=1
expected=33644392960.039684
actual=145057485.810668
diff=-2147483648.000000
diff=1
WARNING: orio.module.loop.submodule.tile.transformation: tile size 1024 must be greater than the stride value 1024; tile index = jjj
expected=34009377312.877361
actual=145057485.810668
diff=-2147483648.000000
diff=1
WARNING: orio.module.loop.submodule.tile.transformation: tile size 1024 must be greater than the stride value 1024; tile index = jjj
expected=37476503674.732025
actual=145057485.810668
diff=-2147483648.000000
diff=1
expected=43076305571.731026
actual=145057485.810668
diff=-2147483648.000000
diff=1
expected=145057485.810668
actual=145057485.810668
diff=0.000000
diff=1
WARNING: orio.module.loop.submodule.tile.transformation: tile size 2 must be greater than the stride value 2; tile index = iii
expected=36108307064.973404
actual=145057485.810668
diff=-2147483648.000000
diff=1
expected=44819778842.099762
actual=145057485.810668
diff=-2147483648.000000
diff=1
expected=37187268938.662842
actual=145057485.810668
diff=-2147483648.000000
diff=1
expected=40951906144.278885
actual=145057485.810668
diff=-2147483648.000000
diff=1
expected=44783571097.469360
actual=145057485.810668
diff=-2147483648.000000
diff=1
WARNING: orio.module.loop.submodule.tile.transformation: tile size 256 must be greater than the stride value 256; tile index = jjj
expected=44303901634.741371
actual=145057485.810668
diff=-2147483648.000000
diff=1
expected=44700078233.881332
actual=145057485.810668
diff=-2147483648.000000
diff=1
expected=37602340353.570290
actual=145057485.810668
diff=-2147483648.000000
diff=1
expected=44794757110.310463
actual=145057485.810668
diff=-2147483648.000000
diff=1
expected=145057485.810668
actual=145057485.810668
diff=0.000000
diff=1
expected=44810486416.029228
actual=145057485.810668
diff=-2147483648.000000
diff=1
expected=44699933642.559540
actual=145057485.810668
diff=-2147483648.000000
diff=1
expected=145057485.810668
actual=145057485.810668
diff=0.000000
diff=1
expected=145057485.810668
actual=145057485.810668
diff=0.000000
diff=1
expected=145057485.810668
actual=145057485.810668
diff=0.000000
diff=1
expected=44699859391.402138
actual=145057485.810668
diff=-2147483648.000000
diff=1
expected=36463659208.107193
actual=145057485.810668
diff=-2147483648.000000
diff=1
expected=32417928551.078724
actual=145057485.810668
diff=-2147483648.000000
diff=1
expected=37498810303.986908
actual=145057485.810668
diff=-2147483648.000000
diff=1
expected=145057485.810668
actual=145057485.810668
diff=0.000000
diff=1
expected=44695716366.007256
actual=145057485.810668
diff=-2147483648.000000
diff=1
expected=25780906287.539272
actual=145057485.810668
diff=-2147483648.000000
diff=1
expected=43729601235.673782
actual=145057485.810668
diff=-2147483648.000000
diff=1
expected=37476503674.732025
actual=145057485.810668
diff=-2147483648.000000
diff=1
WARNING: orio.module.loop.submodule.tile.transformation: tile size 1024 must be greater than the stride value 1024; tile index = iii
WARNING: orio.module.loop.submodule.tile.transformation: tile size 4 must be greater than the stride value 4; tile index = jjj
expected=44311359009.081963
actual=145057485.810668
diff=-2147483648.000000
diff=1
expected=44695716366.007256
actual=145057485.810668
diff=-2147483648.000000
diff=1
expected=37423225059.964561
actual=145057485.810668
diff=-2147483648.000000
diff=1
expected=37167698876.357559
actual=145057485.810668
diff=-2147483648.000000
diff=1
expected=39770406319.168755
actual=145057485.810668
diff=-2147483648.000000
diff=1
WARNING: orio.module.loop.submodule.tile.transformation: tile size 32 must be greater than the stride value 32; tile index = jjj
expected=37053101989.403114
actual=145057485.810668
diff=-2147483648.000000
diff=1
expected=33644392960.039684
actual=145057485.810668
diff=-2147483648.000000
diff=1
expected=44783571097.469360
actual=145057485.810668
diff=-2147483648.000000
diff=1
expected=25780906287.539272
actual=145057485.810668
diff=-2147483648.000000
diff=1
expected=43476677884.128349
actual=145057485.810668
diff=-2147483648.000000
diff=1
expected=44185983065.314415
actual=145057485.810668
diff=-2147483648.000000
diff=1
expected=44695716366.007256
actual=145057485.810668
diff=-2147483648.000000
diff=1
expected=44362453130.881065
actual=145057485.810668
diff=-2147483648.000000
diff=1
expected=44699933642.559540
actual=145057485.810668
diff=-2147483648.000000
diff=1
WARNING: orio.module.loop.submodule.tile.transformation: tile size 1024 must be greater than the stride value 1024; tile index = iii
expected=44196309346.425148
actual=145057485.810668
diff=-2147483648.000000
diff=1
expected=44819787587.403198
actual=145057485.810668
diff=-2147483648.000000
diff=1
expected=145057485.810668
actual=145057485.810668
diff=0.000000
diff=1
expected=25780906287.539272
actual=145057485.810668
diff=-2147483648.000000
diff=1
WARNING: orio.module.loop.submodule.tile.transformation: tile size 512 must be greater than the stride value 512; tile index = iii
expected=43386925448.602730
actual=145057485.810668
diff=-2147483648.000000
diff=1
expected=145057485.810668
actual=145057485.810668
diff=0.000000
diff=1
expected=145057485.810668
actual=145057485.810668
diff=0.000000
diff=1
