
expected=37288386099.505821
actual=145057485.810668
diff=-2147483648.000000
diff=1
expected=43407402109.817375
actual=145057485.810668
diff=-2147483648.000000
diff=1
expected=44345465750.692062
actual=145057485.810668
diff=-2147483648.000000
diff=1
WARNING: orio.module.loop.submodule.tile.transformation: tile size 16 must be greater than the stride value 16; tile index = jjj
expected=145057485.810668
actual=145057485.810668
diff=0.000000
diff=1
expected=36346524016.836929
actual=145057485.810668
diff=-2147483648.000000
diff=1
WARNING: orio.module.loop.submodule.tile.transformation: tile size 2048 must be greater than the stride value 2048; tile index = iii
expected=43299779101.906548
actual=145057485.810668
diff=-2147483648.000000
diff=1
expected=44906098523.630295
actual=145057485.810668
diff=-2147483648.000000
diff=1
expected=44784147000.503082
actual=145057485.810668
diff=-2147483648.000000
diff=1
expected=145057485.810668
actual=145057485.810668
diff=0.000000
diff=1
expected=33134386614.782040
actual=145057485.810668
diff=-2147483648.000000
diff=1
WARNING: orio.module.loop.submodule.tile.transformation: tile size 16 must be greater than the stride value 16; tile index = jjj
expected=37424355475.245659
actual=145057485.810668
diff=-2147483648.000000
diff=1
WARNING: orio.module.loop.submodule.tile.transformation: tile size 2048 must be greater than the stride value 2048; tile index = jjj
expected=145057485.810668
actual=145057485.810668
diff=0.000000
diff=1
expected=145057485.810668
actual=145057485.810668
diff=0.000000
diff=1
WARNING: orio.module.loop.submodule.tile.transformation: tile size 64 must be greater than the stride value 64; tile index = iii
expected=145057485.810668
actual=145057485.810668
diff=0.000000
diff=1
expected=44699900505.946732
actual=145057485.810668
diff=-2147483648.000000
diff=1
expected=44699860421.337395
actual=145057485.810668
diff=-2147483648.000000
diff=1
expected=44666135177.199257
actual=145057485.810668
diff=-2147483648.000000
diff=1
WARNING: orio.module.loop.submodule.tile.transformation: tile size 1024 must be greater than the stride value 1024; tile index = iii
WARNING: orio.module.loop.submodule.tile.transformation: tile size 2048 must be greater than the stride value 2048; tile index = jjj
expected=32417928551.078724
actual=145057485.810668
diff=-2147483648.000000
diff=1
expected=38848138587.639503
actual=145057485.810668
diff=-2147483648.000000
diff=1
expected=44370218402.966606
actual=145057485.810668
diff=-2147483648.000000
diff=1
expected=15851638284.530546
actual=145057485.810668
diff=-2147483648.000000
diff=1
expected=41447857858.854866
actual=145057485.810668
diff=-2147483648.000000
diff=1
expected=44303901634.741371
actual=145057485.810668
diff=-2147483648.000000
diff=1
expected=44785498808.454796
actual=145057485.810668
diff=-2147483648.000000
diff=1
expected=44607612148.138161
actual=145057485.810668
diff=-2147483648.000000
diff=1
expected=44823477498.615974
actual=145057485.810668
diff=-2147483648.000000
diff=1
expected=44824923648.994667
actual=145057485.810668
diff=-2147483648.000000
diff=1
expected=44808682192.848793
actual=145057485.810668
diff=-2147483648.000000
diff=1
expected=44821115229.131500
actual=145057485.810668
diff=-2147483648.000000
diff=1
expected=44875685611.682846
actual=145057485.810668
diff=-2147483648.000000
diff=1
WARNING: orio.module.loop.submodule.tile.transformation: tile size 256 must be greater than the stride value 256; tile index = iii
expected=36865226256.336189
actual=145057485.810668
diff=-2147483648.000000
diff=1
expected=44696941977.949059
actual=145057485.810668
diff=-2147483648.000000
diff=1
WARNING: orio.module.loop.submodule.tile.transformation: tile size 2048 must be greater than the stride value 2048; tile index = iii
expected=44607612148.138161
actual=145057485.810668
diff=-2147483648.000000
diff=1
expected=145057485.810668
actual=145057485.810668
diff=0.000000
diff=1
expected=44687871352.874763
actual=145057485.810668
diff=-2147483648.000000
diff=1
expected=37423225059.964561
actual=145057485.810668
diff=-2147483648.000000
diff=1
expected=35502929590.774178
actual=145057485.810668
diff=-2147483648.000000
diff=1
expected=37423225059.964561
actual=145057485.810668
diff=-2147483648.000000
diff=1
WARNING: orio.module.loop.submodule.tile.transformation: tile size 2048 must be greater than the stride value 2048; tile index = jjj
expected=44878410429.419861
actual=145057485.810668
diff=-2147483648.000000
diff=1
expected=36927779751.937210
actual=145057485.810668
diff=-2147483648.000000
diff=1
expected=37424355475.245659
actual=145057485.810668
diff=-2147483648.000000
diff=1
expected=44869920699.620644
actual=145057485.810668
diff=-2147483648.000000
diff=1
expected=44817910780.004189
actual=145057485.810668
diff=-2147483648.000000
diff=1
WARNING: orio.module.loop.submodule.tile.transformation: tile size 4 must be greater than the stride value 4; tile index = jjj
expected=25780906287.539272
actual=145057485.810668
diff=-2147483648.000000
diff=1
expected=44891133062.193077
actual=145057485.810668
diff=-2147483648.000000
diff=1
WARNING: orio.module.loop.submodule.tile.transformation: tile size 2048 must be greater than the stride value 2048; tile index = iii
expected=44822237805.264999
actual=145057485.810668
diff=-2147483648.000000
diff=1
expected=44805499674.221489
actual=145057485.810668
diff=-2147483648.000000
diff=1
expected=37602340353.570290
actual=145057485.810668
diff=-2147483648.000000
diff=1
expected=44801811451.844910
actual=145057485.810668
diff=-2147483648.000000
diff=1
WARNING: orio.module.loop.submodule.tile.transformation: tile size 4 must be greater than the stride value 4; tile index = iii
expected=36286158178.314812
actual=145057485.810668
diff=-2147483648.000000
diff=1
expected=44684170663.623283
actual=145057485.810668
diff=-2147483648.000000
diff=1
expected=44822550756.896988
actual=145057485.810668
diff=-2147483648.000000
diff=1
expected=44655782620.782600
actual=145057485.810668
diff=-2147483648.000000
diff=1
expected=44700473935.097496
actual=145057485.810668
diff=-2147483648.000000
diff=1
expected=36837649474.130051
actual=145057485.810668
diff=-2147483648.000000
diff=1
expected=37485008367.106178
actual=145057485.810668
diff=-2147483648.000000
diff=1
WARNING: orio.module.loop.submodule.tile.transformation: tile size 2048 must be greater than the stride value 2048; tile index = iii
expected=15851638284.530546
actual=145057485.810668
diff=-2147483648.000000
diff=1
expected=44718392374.835022
actual=145057485.810668
diff=-2147483648.000000
diff=1
expected=40298654579.992592
actual=145057485.810668
diff=-2147483648.000000
diff=1
expected=15851638284.530546
actual=145057485.810668
diff=-2147483648.000000
diff=1
expected=44618193146.023476
actual=145057485.810668
diff=-2147483648.000000
diff=1
WARNING: orio.module.loop.submodule.tile.transformation: tile size 256 must be greater than the stride value 256; tile index = jjj
expected=37374617105.275284
actual=145057485.810668
diff=-2147483648.000000
diff=1
expected=44896995410.086670
actual=145057485.810668
diff=-2147483648.000000
diff=1
expected=44823266396.163246
actual=145057485.810668
diff=-2147483648.000000
diff=1
expected=37424907359.114845
actual=145057485.810668
diff=-2147483648.000000
diff=1
expected=44883966907.919472
actual=145057485.810668
diff=-2147483648.000000
diff=1
expected=33644392960.039684
actual=145057485.810668
diff=-2147483648.000000
diff=1
expected=25780906287.539272
actual=145057485.810668
diff=-2147483648.000000
diff=1
WARNING: orio.module.loop.submodule.tile.transformation: tile size 8 must be greater than the stride value 8; tile index = iii
expected=37424907359.114845
actual=145057485.810668
diff=-2147483648.000000
diff=1
expected=44803987734.259750
actual=145057485.810668
diff=-2147483648.000000
diff=1
expected=41356751006.419769
actual=145057485.810668
diff=-2147483648.000000
diff=1
expected=44895634637.145462
actual=145057485.810668
diff=-2147483648.000000
diff=1
expected=37476503674.732025
actual=145057485.810668
diff=-2147483648.000000
diff=1
expected=44788255949.805237
actual=145057485.810668
diff=-2147483648.000000
diff=1
expected=44875906047.799278
actual=145057485.810668
diff=-2147483648.000000
diff=1
expected=36351795305.902420
actual=145057485.810668
diff=-2147483648.000000
diff=1
expected=44783094191.432648
actual=145057485.810668
diff=-2147483648.000000
diff=1
WARNING: orio.module.loop.submodule.tile.transformation: tile size 64 must be greater than the stride value 64; tile index = iii
expected=44616633199.892715
actual=145057485.810668
diff=-2147483648.000000
diff=1
expected=36497239118.057335
actual=145057485.810668
diff=-2147483648.000000
diff=1
WARNING: orio.module.loop.submodule.tile.transformation: tile size 2048 must be greater than the stride value 2048; tile index = iii
expected=44794757110.310463
actual=145057485.810668
diff=-2147483648.000000
diff=1
WARNING: orio.module.loop.submodule.tile.transformation: tile size 2048 must be greater than the stride value 2048; tile index = iii
expected=44830149896.657448
actual=145057485.810668
diff=-2147483648.000000
diff=1
WARNING: orio.module.loop.submodule.tile.transformation: tile size 2048 must be greater than the stride value 2048; tile index = jjj
expected=44365295024.323151
actual=145057485.810668
diff=-2147483648.000000
diff=1
WARNING: orio.module.loop.submodule.tile.transformation: tile size 1024 must be greater than the stride value 1024; tile index = jjj
expected=44814845296.496391
actual=145057485.810668
diff=-2147483648.000000
diff=1
WARNING: orio.module.loop.submodule.tile.transformation: tile size 16 must be greater than the stride value 16; tile index = jjj
expected=44763610485.720032
actual=145057485.810668
diff=-2147483648.000000
diff=1
expected=44671349556.650543
actual=145057485.810668
diff=-2147483648.000000
diff=1
expected=25780906287.539272
actual=145057485.810668
diff=-2147483648.000000
diff=1
WARNING: orio.module.loop.submodule.tile.transformation: tile size 16 must be greater than the stride value 16; tile index = iii
expected=44699723351.462456
actual=145057485.810668
diff=-2147483648.000000
diff=1
expected=15851638284.530546
actual=145057485.810668
diff=-2147483648.000000
diff=1
expected=44815094792.635391
actual=145057485.810668
diff=-2147483648.000000
diff=1
expected=15851638284.530546
actual=145057485.810668
diff=-2147483648.000000
diff=1
expected=44810385061.388481
actual=145057485.810668
diff=-2147483648.000000
diff=1
expected=44894690742.610077
actual=145057485.810668
diff=-2147483648.000000
diff=1
WARNING: orio.module.loop.submodule.tile.transformation: tile size 256 must be greater than the stride value 256; tile index = iii
expected=39935136405.569420
actual=145057485.810668
diff=-2147483648.000000
diff=1
expected=44873424096.899712
actual=145057485.810668
diff=-2147483648.000000
diff=1
expected=36498612039.224922
actual=145057485.810668
diff=-2147483648.000000
diff=1
expected=36344952161.223099
actual=145057485.810668
diff=-2147483648.000000
diff=1
WARNING: orio.module.loop.submodule.tile.transformation: tile size 2048 must be greater than the stride value 2048; tile index = jjj
expected=44819562478.901871
actual=145057485.810668
diff=-2147483648.000000
diff=1
expected=34601737854.951248
actual=145057485.810668
diff=-2147483648.000000
diff=1
expected=44783613375.704865
actual=145057485.810668
diff=-2147483648.000000
diff=1
expected=33644392960.039684
actual=145057485.810668
diff=-2147483648.000000
diff=1
expected=37086659207.789047
actual=145057485.810668
diff=-2147483648.000000
diff=1
expected=36533642910.558815
actual=145057485.810668
diff=-2147483648.000000
diff=1
expected=37424907359.114845
actual=145057485.810668
diff=-2147483648.000000
diff=1
WARNING: orio.module.loop.submodule.tile.transformation: tile size 2048 must be greater than the stride value 2048; tile index = iii
expected=44696261082.425850
actual=145057485.810668
diff=-2147483648.000000
diff=1
WARNING: orio.module.loop.submodule.tile.transformation: tile size 2048 must be greater than the stride value 2048; tile index = iii
expected=44371778753.366646
actual=145057485.810668
diff=-2147483648.000000
diff=1
expected=37059070567.973000
actual=145057485.810668
diff=-2147483648.000000
diff=1
expected=15851638284.530546
actual=145057485.810668
diff=-2147483648.000000
diff=1
expected=44884463526.217857
actual=145057485.810668
diff=-2147483648.000000
diff=1
expected=37602340353.570290
actual=145057485.810668
diff=-2147483648.000000
diff=1
expected=44861271835.073494
actual=145057485.810668
diff=-2147483648.000000
diff=1
WARNING: orio.module.loop.submodule.tile.transformation: tile size 4 must be greater than the stride value 4; tile index = jjj
expected=44819387162.326202
actual=145057485.810668
diff=-2147483648.000000
diff=1
expected=35914156672.304504
actual=145057485.810668
diff=-2147483648.000000
diff=1
expected=36859194725.655365
actual=145057485.810668
diff=-2147483648.000000
diff=1
