
WARNING: orio.module.loop.submodule.tile.transformation: tile size 512 must be greater than the stride value 512; tile index = iii
expected=31994000891461392.000000
actual=31994000891461392.000000
diff=0.000000
diff=1
expected=21945827847639452.000000
actual=31994000891461392.000000
diff=-2147483648.000000
diff=1
expected=31951190111316536.000000
actual=31994000891461392.000000
diff=-2147483648.000000
diff=1
expected=21648795813945348.000000
actual=31994000891461392.000000
diff=-2147483648.000000
diff=1
WARNING: orio.module.loop.submodule.tile.transformation: tile size 512 must be greater than the stride value 512; tile index = jjj
expected=31981505390700532.000000
actual=31994000891461392.000000
diff=-2147483648.000000
diff=1
expected=23995434085925420.000000
actual=31994000891461392.000000
diff=-2147483648.000000
diff=1
WARNING: orio.module.loop.submodule.tile.transformation: tile size 8 must be greater than the stride value 8; tile index = iii
expected=23995434085925420.000000
actual=31994000891461392.000000
diff=-2147483648.000000
diff=1
WARNING: orio.module.loop.submodule.tile.transformation: tile size 16 must be greater than the stride value 16; tile index = jjj
expected=22662250725447396.000000
actual=31994000891461392.000000
diff=-2147483648.000000
diff=1
WARNING: orio.module.loop.submodule.tile.transformation: tile size 2048 must be greater than the stride value 2048; tile index = jjj
expected=23995434085925420.000000
actual=31994000891461392.000000
diff=-2147483648.000000
diff=1
expected=21967861683848648.000000
actual=31994000891461392.000000
diff=-2147483648.000000
diff=1
WARNING: orio.module.loop.submodule.tile.transformation: tile size 8 must be greater than the stride value 8; tile index = iii
expected=23984969685999752.000000
actual=31994000891461392.000000
diff=-2147483648.000000
diff=1
WARNING: orio.module.loop.submodule.tile.transformation: tile size 16 must be greater than the stride value 16; tile index = iii
expected=22648293880867560.000000
actual=31994000891461392.000000
diff=-2147483648.000000
diff=1
WARNING: orio.module.loop.submodule.tile.transformation: tile size 2048 must be greater than the stride value 2048; tile index = iii
WARNING: orio.module.loop.submodule.tile.transformation: tile size 1024 must be greater than the stride value 1024; tile index = jjj
expected=26490617728079148.000000
actual=31994000891461392.000000
diff=-2147483648.000000
diff=1
expected=23995434085925420.000000
actual=31994000891461392.000000
diff=-2147483648.000000
diff=1
expected=21549837662895580.000000
actual=31994000891461392.000000
diff=-2147483648.000000
diff=1
WARNING: orio.module.loop.submodule.tile.transformation: tile size 4 must be greater than the stride value 4; tile index = iii
expected=31994000891461392.000000
actual=31994000891461392.000000
diff=0.000000
diff=1
expected=22662017386143436.000000
actual=31994000891461392.000000
diff=-2147483648.000000
diff=1
WARNING: orio.module.loop.submodule.tile.transformation: tile size 256 must be greater than the stride value 256; tile index = jjj
WARNING: orio.module.loop.submodule.tile.transformation: tile size 32 must be greater than the stride value 32; tile index = iii
expected=22662250725447396.000000
actual=31994000891461392.000000
diff=-2147483648.000000
diff=1
expected=31994000891461392.000000
actual=31994000891461392.000000
diff=0.000000
diff=1
WARNING: orio.module.loop.submodule.tile.transformation: tile size 2048 must be greater than the stride value 2048; tile index = iii
expected=31965246042242328.000000
actual=31994000891461392.000000
diff=-2147483648.000000
diff=1
expected=26661800785882496.000000
actual=31994000891461392.000000
diff=-2147483648.000000
diff=1
expected=26651353517748280.000000
actual=31994000891461392.000000
diff=-2147483648.000000
diff=1
WARNING: orio.module.loop.submodule.tile.transformation: tile size 32 must be greater than the stride value 32; tile index = iii
expected=22640394817524204.000000
actual=31994000891461392.000000
diff=-2147483648.000000
diff=1
WARNING: orio.module.loop.submodule.tile.transformation: tile size 1024 must be greater than the stride value 1024; tile index = iii
WARNING: orio.module.loop.submodule.tile.transformation: tile size 128 must be greater than the stride value 128; tile index = jjj
expected=26661800785882496.000000
actual=31994000891461392.000000
diff=-2147483648.000000
diff=1
expected=23995434085925420.000000
actual=31994000891461392.000000
diff=-2147483648.000000
diff=1
expected=23956144958954960.000000
actual=31994000891461392.000000
diff=-2147483648.000000
diff=1
expected=31989375076479512.000000
actual=31994000891461392.000000
diff=-2147483648.000000
diff=1
WARNING: orio.module.loop.submodule.tile.transformation: tile size 2048 must be greater than the stride value 2048; tile index = jjj
expected=23975367919020888.000000
actual=31994000891461392.000000
diff=-2147483648.000000
diff=1
WARNING: orio.module.loop.submodule.tile.transformation: tile size 64 must be greater than the stride value 64; tile index = jjj
WARNING: orio.module.loop.submodule.tile.transformation: tile size 8 must be greater than the stride value 8; tile index = iii
WARNING: orio.module.loop.submodule.tile.transformation: tile size 8 must be greater than the stride value 8; tile index = iii
expected=23995434085925420.000000
actual=31994000891461392.000000
diff=-2147483648.000000
diff=1
expected=21995659034708832.000000
actual=31994000891461392.000000
diff=-2147483648.000000
diff=1
WARNING: orio.module.loop.submodule.tile.transformation: tile size 2048 must be greater than the stride value 2048; tile index = iii
expected=23933800475105784.000000
actual=31994000891461392.000000
diff=-2147483648.000000
diff=1
WARNING: orio.module.loop.submodule.tile.transformation: tile size 16 must be greater than the stride value 16; tile index = iii
WARNING: orio.module.loop.submodule.tile.transformation: tile size 2048 must be greater than the stride value 2048; tile index = iii
expected=21662363178840084.000000
actual=31994000891461392.000000
diff=-2147483648.000000
diff=1
expected=22628749716454680.000000
actual=31994000891461392.000000
diff=-2147483648.000000
diff=1
WARNING: orio.module.loop.submodule.tile.transformation: tile size 2 must be greater than the stride value 2; tile index = iii
expected=26661800785882496.000000
actual=31994000891461392.000000
diff=-2147483648.000000
diff=1
expected=26661800785882496.000000
actual=31994000891461392.000000
diff=-2147483648.000000
diff=1
WARNING: orio.module.loop.submodule.tile.transformation: tile size 2048 must be greater than the stride value 2048; tile index = jjj
expected=23985955975946152.000000
actual=31994000891461392.000000
diff=-2147483648.000000
diff=1
expected=31994000891461392.000000
actual=31994000891461392.000000
diff=0.000000
diff=1
expected=21662363178840084.000000
actual=31994000891461392.000000
diff=-2147483648.000000
diff=1
expected=26626067142388412.000000
actual=31994000891461392.000000
diff=-2147483648.000000
diff=1
WARNING: orio.module.loop.submodule.tile.transformation: tile size 16 must be greater than the stride value 16; tile index = iii
expected=22662250725447396.000000
actual=31994000891461392.000000
diff=-2147483648.000000
diff=1
expected=26661800785882496.000000
actual=31994000891461392.000000
diff=-2147483648.000000
diff=1
expected=21995659034708832.000000
actual=31994000891461392.000000
diff=-2147483648.000000
diff=1
expected=26592367396057680.000000
actual=31994000891461392.000000
diff=-2147483648.000000
diff=1
WARNING: orio.module.loop.submodule.tile.transformation: tile size 8 must be greater than the stride value 8; tile index = iii
expected=26661800785882496.000000
actual=31994000891461392.000000
diff=-2147483648.000000
diff=1
WARNING: orio.module.loop.submodule.tile.transformation: tile size 256 must be greater than the stride value 256; tile index = jjj
WARNING: orio.module.loop.submodule.tile.transformation: tile size 2048 must be greater than the stride value 2048; tile index = iii
expected=31914682654100536.000000
actual=31994000891461392.000000
diff=-2147483648.000000
diff=1
expected=31994000891461392.000000
actual=31994000891461392.000000
diff=0.000000
diff=1
WARNING: orio.module.loop.submodule.tile.transformation: tile size 8 must be greater than the stride value 8; tile index = iii
expected=31994000891461392.000000
actual=31994000891461392.000000
diff=0.000000
diff=1
expected=31980090697852172.000000
actual=31994000891461392.000000
diff=-2147483648.000000
diff=1
WARNING: orio.module.loop.submodule.tile.transformation: tile size 64 must be greater than the stride value 64; tile index = jjj
WARNING: orio.module.loop.submodule.tile.transformation: tile size 2048 must be greater than the stride value 2048; tile index = iii
expected=22658471050076272.000000
actual=31994000891461392.000000
diff=-2147483648.000000
diff=1
WARNING: orio.module.loop.submodule.tile.transformation: tile size 1024 must be greater than the stride value 1024; tile index = iii
WARNING: orio.module.loop.submodule.tile.transformation: tile size 256 must be greater than the stride value 256; tile index = jjj
expected=21615379710439408.000000
actual=31994000891461392.000000
diff=-2147483648.000000
diff=1
expected=23995434085925420.000000
actual=31994000891461392.000000
diff=-2147483648.000000
diff=1
expected=26647623354611684.000000
actual=31994000891461392.000000
diff=-2147483648.000000
diff=1
expected=21662363178840084.000000
actual=31994000891461392.000000
diff=-2147483648.000000
diff=1
expected=26661800785882496.000000
actual=31994000891461392.000000
diff=-2147483648.000000
diff=1
WARNING: orio.module.loop.submodule.tile.transformation: tile size 256 must be greater than the stride value 256; tile index = iii
expected=26661800785882496.000000
actual=31994000891461392.000000
diff=-2147483648.000000
diff=1
WARNING: orio.module.loop.submodule.tile.transformation: tile size 32 must be greater than the stride value 32; tile index = jjj
expected=31994000891461392.000000
actual=31994000891461392.000000
diff=0.000000
diff=1
WARNING: orio.module.loop.submodule.tile.transformation: tile size 8 must be greater than the stride value 8; tile index = iii
expected=26661800785882496.000000
actual=31994000891461392.000000
diff=-2147483648.000000
diff=1
expected=31991788469113960.000000
actual=31994000891461392.000000
diff=-2147483648.000000
diff=1
expected=26595371217413504.000000
actual=31994000891461392.000000
diff=-2147483648.000000
diff=1
expected=31851847538553576.000000
actual=31994000891461392.000000
diff=-2147483648.000000
diff=1
expected=23966654302862796.000000
actual=31994000891461392.000000
diff=-2147483648.000000
diff=1
WARNING: orio.module.loop.submodule.tile.transformation: tile size 2048 must be greater than the stride value 2048; tile index = iii
expected=23995434085925420.000000
actual=31994000891461392.000000
diff=-2147483648.000000
diff=1
expected=31994000891461392.000000
actual=31994000891461392.000000
diff=0.000000
diff=1
expected=31964626077461852.000000
actual=31994000891461392.000000
diff=-2147483648.000000
diff=1
expected=31970980039555948.000000
actual=31994000891461392.000000
diff=-2147483648.000000
diff=1
expected=22649072003800360.000000
actual=31994000891461392.000000
diff=-2147483648.000000
diff=1
expected=21995659034708832.000000
actual=31994000891461392.000000
diff=-2147483648.000000
diff=1
WARNING: orio.module.loop.submodule.tile.transformation: tile size 2048 must be greater than the stride value 2048; tile index = iii
expected=31994000891461392.000000
actual=31994000891461392.000000
diff=0.000000
diff=1
expected=31914887016403824.000000
actual=31994000891461392.000000
diff=-2147483648.000000
diff=1
expected=23951608847073208.000000
actual=31994000891461392.000000
diff=-2147483648.000000
diff=1
expected=26426951083010616.000000
actual=31994000891461392.000000
diff=-2147483648.000000
diff=1
expected=31617606444148184.000000
actual=31994000891461392.000000
diff=-2147483648.000000
diff=1
expected=26661800785882496.000000
actual=31994000891461392.000000
diff=-2147483648.000000
diff=1
expected=31994000891461392.000000
actual=31994000891461392.000000
diff=0.000000
diff=1
expected=21660463536024060.000000
actual=31994000891461392.000000
diff=-2147483648.000000
diff=1
WARNING: orio.module.loop.submodule.tile.transformation: tile size 2 must be greater than the stride value 2; tile index = iii
expected=21650648463198512.000000
actual=31994000891461392.000000
diff=-2147483648.000000
diff=1
WARNING: orio.module.loop.submodule.tile.transformation: tile size 2 must be greater than the stride value 2; tile index = iii
expected=21655731812224380.000000
actual=31994000891461392.000000
diff=-2147483648.000000
diff=1
WARNING: orio.module.loop.submodule.tile.transformation: tile size 2 must be greater than the stride value 2; tile index = iii
expected=21652951645653560.000000
actual=31994000891461392.000000
diff=-2147483648.000000
diff=1
expected=21654366621606892.000000
actual=31994000891461392.000000
diff=-2147483648.000000
diff=1
expected=21651877585303484.000000
actual=31994000891461392.000000
diff=-2147483648.000000
diff=1
WARNING: orio.module.loop.submodule.tile.transformation: tile size 2 must be greater than the stride value 2; tile index = iii
expected=21636401759704524.000000
actual=31994000891461392.000000
diff=-2147483648.000000
diff=1
expected=21646424937025448.000000
actual=31994000891461392.000000
diff=-2147483648.000000
diff=1
expected=21643718255933564.000000
actual=31994000891461392.000000
diff=-2147483648.000000
diff=1
expected=21649063756055604.000000
actual=31994000891461392.000000
diff=-2147483648.000000
diff=1
WARNING: orio.module.loop.submodule.tile.transformation: tile size 2 must be greater than the stride value 2; tile index = iii
expected=21662335306773324.000000
actual=31994000891461392.000000
diff=-2147483648.000000
diff=1
WARNING: orio.module.loop.submodule.tile.transformation: tile size 2 must be greater than the stride value 2; tile index = iii
expected=21637142466161760.000000
actual=31994000891461392.000000
diff=-2147483648.000000
diff=1
expected=21645405537480732.000000
actual=31994000891461392.000000
diff=-2147483648.000000
diff=1
