
expected=-29488901894.314121
actual=-29488901894.314121
diff=0.000000
diff=1
expected=25440258.444064
actual=-29488901894.314121
diff=-2147483648.000000
diff=1
WARNING: orio.module.loop.submodule.tile.transformation: tile size 2048 must be greater than the stride value 2048; tile index = jjj
expected=1762345340041.597900
actual=-29488901894.314121
diff=-2147483648.000000
diff=1
WARNING: orio.module.loop.submodule.tile.transformation: tile size 32 must be greater than the stride value 32; tile index = jjj
WARNING: orio.module.loop.submodule.tile.transformation: tile size 4 must be greater than the stride value 4; tile index = iii
expected=-80271878414.711060
actual=-29488901894.314121
diff=-2147483648.000000
diff=1
expected=25440258.444064
actual=-29488901894.314121
diff=-2147483648.000000
diff=1
expected=-614195238390.594482
actual=-29488901894.314121
diff=-2147483648.000000
diff=1
WARNING: orio.module.loop.submodule.tile.transformation: tile size 2048 must be greater than the stride value 2048; tile index = iii
WARNING: orio.module.loop.submodule.tile.transformation: tile size 2048 must be greater than the stride value 2048; tile index = jjj
expected=-29488901894.314121
actual=-29488901894.314121
diff=0.000000
diff=1
expected=-29488901894.314121
actual=-29488901894.314121
diff=0.000000
diff=1
expected=32801.212675
actual=-29488901894.314121
diff=-2147483648.000000
diff=1
WARNING: orio.module.loop.submodule.tile.transformation: tile size 256 must be greater than the stride value 256; tile index = iii
WARNING: orio.module.loop.submodule.tile.transformation: tile size 2048 must be greater than the stride value 2048; tile index = jjj
expected=-29488901894.314121
actual=-29488901894.314121
diff=0.000000
diff=1
WARNING: orio.module.loop.submodule.tile.transformation: tile size 256 must be greater than the stride value 256; tile index = iii
WARNING: orio.module.loop.submodule.tile.transformation: tile size 2048 must be greater than the stride value 2048; tile index = jjj
WARNING: orio.module.loop.submodule.tile.transformation: tile size 2048 must be greater than the stride value 2048; tile index = jjj
expected=33715.323210
actual=-29488901894.314121
diff=-2147483648.000000
diff=1
expected=-7558329.286618
actual=-29488901894.314121
diff=-2147483648.000000
diff=1
expected=887561843653131.250000
actual=-29488901894.314121
diff=-2147483648.000000
diff=1
WARNING: orio.module.loop.submodule.tile.transformation: tile size 256 must be greater than the stride value 256; tile index = jjj
expected=930684697336.659424
actual=-29488901894.314121
diff=-2147483648.000000
diff=1
expected=1763208144156.359619
actual=-29488901894.314121
diff=-2147483648.000000
diff=1
expected=-29488901894.314121
actual=-29488901894.314121
diff=0.000000
diff=1
expected=25440258.444064
actual=-29488901894.314121
diff=-2147483648.000000
diff=1
expected=-29488901894.314121
actual=-29488901894.314121
diff=0.000000
diff=1
expected=-29488901894.314121
actual=-29488901894.314121
diff=0.000000
diff=1
expected=-29488901894.314121
actual=-29488901894.314121
diff=0.000000
diff=1
WARNING: orio.module.loop.submodule.tile.transformation: tile size 128 must be greater than the stride value 128; tile index = iii
WARNING: orio.module.loop.submodule.tile.transformation: tile size 128 must be greater than the stride value 128; tile index = jjj
expected=-95161.902725
actual=-29488901894.314121
diff=-2147483648.000000
diff=1
WARNING: orio.module.loop.submodule.tile.transformation: tile size 256 must be greater than the stride value 256; tile index = jjj
WARNING: orio.module.loop.submodule.tile.transformation: tile size 16 must be greater than the stride value 16; tile index = iii
WARNING: orio.module.loop.submodule.tile.transformation: tile size 8 must be greater than the stride value 8; tile index = jjj
expected=-7558329.286618
actual=-29488901894.314121
diff=-2147483648.000000
diff=1
WARNING: orio.module.loop.submodule.tile.transformation: tile size 512 must be greater than the stride value 512; tile index = jjj
expected=-8369971.849494
actual=-29488901894.314121
diff=-2147483648.000000
diff=1
WARNING: orio.module.loop.submodule.tile.transformation: tile size 4 must be greater than the stride value 4; tile index = iii
expected=520055212054.025696
actual=-29488901894.314121
diff=-2147483648.000000
diff=1
WARNING: orio.module.loop.submodule.tile.transformation: tile size 512 must be greater than the stride value 512; tile index = jjj
expected=-29488901894.314121
actual=-29488901894.314121
diff=0.000000
diff=1
expected=-29488901894.314121
actual=-29488901894.314121
diff=0.000000
diff=1
expected=-29488901894.314121
actual=-29488901894.314121
diff=0.000000
diff=1
expected=-1023146.527636
actual=-29488901894.314121
diff=-2147483648.000000
diff=1
WARNING: orio.module.loop.submodule.tile.transformation: tile size 256 must be greater than the stride value 256; tile index = iii
expected=-29488901894.314121
actual=-29488901894.314121
diff=0.000000
diff=1
WARNING: orio.module.loop.submodule.tile.transformation: tile size 8 must be greater than the stride value 8; tile index = jjj
expected=-18664903235.354977
actual=-29488901894.314121
diff=-2147483648.000000
diff=1
WARNING: orio.module.loop.submodule.tile.transformation: tile size 64 must be greater than the stride value 64; tile index = iii
expected=-7558329.286618
actual=-29488901894.314121
diff=-2147483648.000000
diff=1
WARNING: orio.module.loop.submodule.tile.transformation: tile size 128 must be greater than the stride value 128; tile index = jjj
expected=-1023146.527636
actual=-29488901894.314121
diff=-2147483648.000000
diff=1
expected=-7558329.286618
actual=-29488901894.314121
diff=-2147483648.000000
diff=1
expected=-29488901894.314121
actual=-29488901894.314121
diff=0.000000
diff=1
WARNING: orio.module.loop.submodule.tile.transformation: tile size 2 must be greater than the stride value 2; tile index = jjj
expected=25440258.444064
actual=-29488901894.314121
diff=-2147483648.000000
diff=1
WARNING: orio.module.loop.submodule.tile.transformation: tile size 4 must be greater than the stride value 4; tile index = jjj
expected=-614195238390.594482
actual=-29488901894.314121
diff=-2147483648.000000
diff=1
expected=-29488901894.314121
actual=-29488901894.314121
diff=0.000000
diff=1
expected=-29488901894.314121
actual=-29488901894.314121
diff=0.000000
diff=1
WARNING: orio.module.loop.submodule.tile.transformation: tile size 4 must be greater than the stride value 4; tile index = iii
expected=1755459126502.282959
actual=-29488901894.314121
diff=-2147483648.000000
diff=1
expected=-29488901894.314121
actual=-29488901894.314121
diff=0.000000
diff=1
expected=-29488901894.314121
actual=-29488901894.314121
diff=0.000000
diff=1
expected=-10.073149
actual=-29488901894.314121
diff=-2147483648.000000
diff=1
expected=-29488901894.314121
actual=-29488901894.314121
diff=0.000000
diff=1
WARNING: orio.module.loop.submodule.tile.transformation: tile size 1024 must be greater than the stride value 1024; tile index = iii
expected=-2054.021850
actual=-29488901894.314121
diff=-2147483648.000000
diff=1
expected=25440258.444064
actual=-29488901894.314121
diff=-2147483648.000000
diff=1
WARNING: orio.module.loop.submodule.tile.transformation: tile size 32 must be greater than the stride value 32; tile index = jjj
expected=462739788228154.062500
actual=-29488901894.314121
diff=-2147483648.000000
diff=1
expected=-25932060.545677
actual=-29488901894.314121
diff=-2147483648.000000
diff=1
WARNING: orio.module.loop.submodule.tile.transformation: tile size 16 must be greater than the stride value 16; tile index = jjj
expected=37097064521.092415
actual=-29488901894.314121
diff=-2147483648.000000
diff=1
expected=-29488901894.314121
actual=-29488901894.314121
diff=0.000000
diff=1
expected=289752775595605.000000
actual=-29488901894.314121
diff=-2147483648.000000
diff=1
WARNING: orio.module.loop.submodule.tile.transformation: tile size 16 must be greater than the stride value 16; tile index = jjj
WARNING: orio.module.loop.submodule.tile.transformation: tile size 16 must be greater than the stride value 16; tile index = jjj
expected=-8369971.849494
actual=-29488901894.314121
diff=-2147483648.000000
diff=1
expected=-29488901894.314121
actual=-29488901894.314121
diff=0.000000
diff=1
WARNING: orio.module.loop.submodule.tile.transformation: tile size 64 must be greater than the stride value 64; tile index = iii
WARNING: orio.module.loop.submodule.tile.transformation: tile size 1024 must be greater than the stride value 1024; tile index = iii
WARNING: orio.module.loop.submodule.tile.transformation: tile size 2048 must be greater than the stride value 2048; tile index = jjj
expected=-29488901894.314121
actual=-29488901894.314121
diff=0.000000
diff=1
expected=-29488901894.314121
actual=-29488901894.314121
diff=0.000000
diff=1
expected=-614195238390.594482
actual=-29488901894.314121
diff=-2147483648.000000
diff=1
expected=-29488901894.314121
actual=-29488901894.314121
diff=0.000000
diff=1
WARNING: orio.module.loop.submodule.tile.transformation: tile size 64 must be greater than the stride value 64; tile index = jjj
expected=947998.853640
actual=-29488901894.314121
diff=-2147483648.000000
diff=1
expected=-29488901894.314121
actual=-29488901894.314121
diff=0.000000
diff=1
WARNING: orio.module.loop.submodule.tile.transformation: tile size 2 must be greater than the stride value 2; tile index = iii
expected=-29488901894.314121
actual=-29488901894.314121
diff=0.000000
diff=1
WARNING: orio.module.loop.submodule.tile.transformation: tile size 4 must be greater than the stride value 4; tile index = iii
expected=-29488901894.314121
actual=-29488901894.314121
diff=0.000000
diff=1
expected=-29488901894.314121
actual=-29488901894.314121
diff=0.000000
diff=1
WARNING: orio.module.loop.submodule.tile.transformation: tile size 64 must be greater than the stride value 64; tile index = iii
expected=-25932060.545677
actual=-29488901894.314121
diff=-2147483648.000000
diff=1
expected=-16625.164007
actual=-29488901894.314121
diff=-2147483648.000000
diff=1
expected=-29488901894.314121
actual=-29488901894.314121
diff=0.000000
diff=1
expected=195991.852940
actual=-29488901894.314121
diff=-2147483648.000000
diff=1
expected=25440258.444064
actual=-29488901894.314121
diff=-2147483648.000000
diff=1
expected=-29488901894.314121
actual=-29488901894.314121
diff=0.000000
diff=1
WARNING: orio.module.loop.submodule.tile.transformation: tile size 2048 must be greater than the stride value 2048; tile index = jjj
expected=-29488901894.314121
actual=-29488901894.314121
diff=0.000000
diff=1
expected=-29488901894.314121
actual=-29488901894.314121
diff=0.000000
diff=1
WARNING: orio.module.loop.submodule.tile.transformation: tile size 2048 must be greater than the stride value 2048; tile index = jjj
expected=-1023146.527636
actual=-29488901894.314121
diff=-2147483648.000000
diff=1
WARNING: orio.module.loop.submodule.tile.transformation: tile size 2048 must be greater than the stride value 2048; tile index = iii
expected=-7558329.286618
actual=-29488901894.314121
diff=-2147483648.000000
diff=1
expected=-29488901894.314121
actual=-29488901894.314121
diff=0.000000
diff=1
WARNING: orio.module.loop.submodule.tile.transformation: tile size 256 must be greater than the stride value 256; tile index = jjj
expected=25440258.444064
actual=-29488901894.314121
diff=-2147483648.000000
diff=1
expected=-29488901894.314121
actual=-29488901894.314121
diff=0.000000
diff=1
WARNING: orio.module.loop.submodule.tile.transformation: tile size 1024 must be greater than the stride value 1024; tile index = iii
WARNING: orio.module.loop.submodule.tile.transformation: tile size 64 must be greater than the stride value 64; tile index = jjj
expected=-6226058418.391434
actual=-29488901894.314121
diff=-2147483648.000000
diff=1
expected=-29488901894.314121
actual=-29488901894.314121
diff=0.000000
diff=1
expected=-1023146.527636
actual=-29488901894.314121
diff=-2147483648.000000
diff=1
expected=-614195238390.594482
actual=-29488901894.314121
diff=-2147483648.000000
diff=1
expected=-614195238390.594482
actual=-29488901894.314121
diff=-2147483648.000000
diff=1
WARNING: orio.module.loop.submodule.tile.transformation: tile size 128 must be greater than the stride value 128; tile index = jjj
expected=-1193384452755.851562
actual=-29488901894.314121
diff=-2147483648.000000
diff=1
expected=195991.852940
actual=-29488901894.314121
diff=-2147483648.000000
diff=1
WARNING: orio.module.loop.submodule.tile.transformation: tile size 256 must be greater than the stride value 256; tile index = jjj
expected=-2783972163350.017578
actual=-29488901894.314121
diff=-2147483648.000000
diff=1
expected=887561843653131.250000
actual=-29488901894.314121
diff=-2147483648.000000
diff=1
WARNING: orio.module.loop.submodule.tile.transformation: tile size 8 must be greater than the stride value 8; tile index = iii
expected=126721550248.385513
actual=-29488901894.314121
diff=-2147483648.000000
diff=1
expected=-29488901894.314121
actual=-29488901894.314121
diff=0.000000
diff=1
expected=-614195238390.594482
actual=-29488901894.314121
diff=-2147483648.000000
diff=1
expected=-614195238390.594482
actual=-29488901894.314121
diff=-2147483648.000000
diff=1
WARNING: orio.module.loop.submodule.tile.transformation: tile size 32 must be greater than the stride value 32; tile index = iii
expected=-614195238390.594482
actual=-29488901894.314121
diff=-2147483648.000000
diff=1
expected=887561843653131.250000
actual=-29488901894.314121
diff=-2147483648.000000
diff=1
WARNING: orio.module.loop.submodule.tile.transformation: tile size 8 must be greater than the stride value 8; tile index = iii
expected=-614195238390.594482
actual=-29488901894.314121
diff=-2147483648.000000
diff=1
WARNING: orio.module.loop.submodule.tile.transformation: tile size 2 must be greater than the stride value 2; tile index = iii
WARNING: orio.module.loop.submodule.tile.transformation: tile size 2048 must be greater than the stride value 2048; tile index = jjj
expected=-29488901894.314121
actual=-29488901894.314121
diff=0.000000
diff=1
expected=-29488901894.314121
actual=-29488901894.314121
diff=0.000000
diff=1
expected=-8369971.849494
actual=-29488901894.314121
diff=-2147483648.000000
diff=1
expected=-29488901894.314121
actual=-29488901894.314121
diff=0.000000
diff=1
expected=-29488901894.314121
actual=-29488901894.314121
diff=0.000000
diff=1
expected=887561843653131.250000
actual=-29488901894.314121
diff=-2147483648.000000
diff=1
WARNING: orio.module.loop.submodule.tile.transformation: tile size 1024 must be greater than the stride value 1024; tile index = iii
WARNING: orio.module.loop.submodule.tile.transformation: tile size 64 must be greater than the stride value 64; tile index = iii
expected=-4892711418.638459
actual=-29488901894.314121
diff=-2147483648.000000
diff=1
expected=-22.651937
actual=-29488901894.314121
diff=-2147483648.000000
diff=1
expected=-7558329.286618
actual=-29488901894.314121
diff=-2147483648.000000
diff=1
WARNING: orio.module.loop.submodule.tile.transformation: tile size 16 must be greater than the stride value 16; tile index = iii
expected=422302687603.903503
actual=-29488901894.314121
diff=-2147483648.000000
diff=1
WARNING: orio.module.loop.submodule.tile.transformation: tile size 512 must be greater than the stride value 512; tile index = iii
WARNING: orio.module.loop.submodule.tile.transformation: tile size 8 must be greater than the stride value 8; tile index = jjj
expected=-8369971.849494
actual=-29488901894.314121
diff=-2147483648.000000
diff=1
expected=-29488901894.314121
actual=-29488901894.314121
diff=0.000000
diff=1
expected=-1023146.527636
actual=-29488901894.314121
diff=-2147483648.000000
diff=1
WARNING: orio.module.loop.submodule.tile.transformation: tile size 128 must be greater than the stride value 128; tile index = jjj
expected=-7558329.286618
actual=-29488901894.314121
diff=-2147483648.000000
diff=1
WARNING: orio.module.loop.submodule.tile.transformation: tile size 32 must be greater than the stride value 32; tile index = iii
expected=-29488901894.314121
actual=-29488901894.314121
diff=0.000000
diff=1
expected=-614195238390.594482
actual=-29488901894.314121
diff=-2147483648.000000
diff=1
expected=-29488901894.314121
actual=-29488901894.314121
diff=0.000000
diff=1
WARNING: orio.module.loop.submodule.tile.transformation: tile size 2048 must be greater than the stride value 2048; tile index = iii
WARNING: orio.module.loop.submodule.tile.transformation: tile size 2048 must be greater than the stride value 2048; tile index = jjj
expected=-29488901894.314121
actual=-29488901894.314121
diff=0.000000
diff=1
WARNING: orio.module.loop.submodule.tile.transformation: tile size 512 must be greater than the stride value 512; tile index = jjj
expected=-29527432483.387486
actual=-29488901894.314121
diff=38530589.000000
diff=0
[00;31mERROR: orio.main.tuner.ptest_driver: failed to execute the test code: "timeout --kill-after=30s --signal=9 20m  ./__orio_perftest109.exe  "
 --> CalledProcessError: Command 'timeout --kill-after=30s --signal=9 20m  ./__orio_perftest109.exe  ' returned non-zero exit status 1[00m
[00;31mERROR: orio.main.tuner.ptest_driver:  performance testing failed: "timeout --kill-after=30s --signal=9 20m  ./__orio_perftest109.exe  "[00m
WARNING: orio.module.loop.submodule.tile.transformation: tile size 16 must be greater than the stride value 16; tile index = iii
expected=-29488901894.314121
actual=-29488901894.314121
diff=0.000000
diff=1
WARNING: orio.module.loop.submodule.tile.transformation: tile size 512 must be greater than the stride value 512; tile index = iii
expected=-29488901894.314121
actual=-29488901894.314121
diff=0.000000
diff=1
expected=-1023146.527636
actual=-29488901894.314121
diff=-2147483648.000000
diff=1
expected=126687969233.482635
actual=-29488901894.314121
diff=-2147483648.000000
diff=1
WARNING: orio.module.loop.submodule.tile.transformation: tile size 8 must be greater than the stride value 8; tile index = iii
WARNING: orio.module.loop.submodule.tile.transformation: tile size 512 must be greater than the stride value 512; tile index = jjj
expected=643163.189649
actual=-29488901894.314121
diff=-2147483648.000000
diff=1
expected=-8369971.849494
actual=-29488901894.314121
diff=-2147483648.000000
diff=1
expected=-29488901894.314121
actual=-29488901894.314121
diff=0.000000
diff=1
expected=2173311.174405
actual=-29488901894.314121
diff=-2147483648.000000
diff=1
expected=-29488901894.314121
actual=-29488901894.314121
diff=0.000000
diff=1
expected=54324014.863435
actual=-29488901894.314121
diff=-2147483648.000000
diff=1
expected=-29488901894.314121
actual=-29488901894.314121
diff=0.000000
diff=1
WARNING: orio.module.loop.submodule.tile.transformation: tile size 2048 must be greater than the stride value 2048; tile index = iii
expected=-614195238390.594482
actual=-29488901894.314121
diff=-2147483648.000000
diff=1
expected=-8369971.849494
actual=-29488901894.314121
diff=-2147483648.000000
diff=1
expected=25440258.444064
actual=-29488901894.314121
diff=-2147483648.000000
diff=1
expected=-29488901894.314121
actual=-29488901894.314121
diff=0.000000
diff=1
WARNING: orio.module.loop.submodule.tile.transformation: tile size 2048 must be greater than the stride value 2048; tile index = jjj
expected=-7558329.286618
actual=-29488901894.314121
diff=-2147483648.000000
diff=1
WARNING: orio.module.loop.submodule.tile.transformation: tile size 4 must be greater than the stride value 4; tile index = iii
expected=126721550248.385513
actual=-29488901894.314121
diff=-2147483648.000000
diff=1
expected=-29488901894.314121
actual=-29488901894.314121
diff=0.000000
diff=1
WARNING: orio.module.loop.submodule.tile.transformation: tile size 2048 must be greater than the stride value 2048; tile index = iii
expected=930684697336.659424
actual=-29488901894.314121
diff=-2147483648.000000
diff=1
WARNING: orio.module.loop.submodule.tile.transformation: tile size 2048 must be greater than the stride value 2048; tile index = iii
expected=25440258.444064
actual=-29488901894.314121
diff=-2147483648.000000
diff=1
expected=-1023146.527636
actual=-29488901894.314121
diff=-2147483648.000000
diff=1
WARNING: orio.module.loop.submodule.tile.transformation: tile size 64 must be greater than the stride value 64; tile index = jjj
expected=1755459126502.282959
actual=-29488901894.314121
diff=-2147483648.000000
diff=1
WARNING: orio.module.loop.submodule.tile.transformation: tile size 64 must be greater than the stride value 64; tile index = jjj
expected=-1316862425470.925049
actual=-29488901894.314121
diff=-2147483648.000000
diff=1
expected=-29488901894.314121
actual=-29488901894.314121
diff=0.000000
diff=1
WARNING: orio.module.loop.submodule.tile.transformation: tile size 2048 must be greater than the stride value 2048; tile index = iii
expected=-29488901894.314121
actual=-29488901894.314121
diff=0.000000
diff=1
WARNING: orio.module.loop.submodule.tile.transformation: tile size 4 must be greater than the stride value 4; tile index = jjj
expected=-29488901894.314121
actual=-29488901894.314121
diff=0.000000
diff=1
expected=-29488901894.314121
actual=-29488901894.314121
diff=0.000000
diff=1
expected=-29488901894.314121
actual=-29488901894.314121
diff=0.000000
diff=1
expected=-29488901894.314121
actual=-29488901894.314121
diff=0.000000
diff=1
expected=-29488901894.314121
actual=-29488901894.314121
diff=0.000000
diff=1
WARNING: orio.module.loop.submodule.tile.transformation: tile size 32 must be greater than the stride value 32; tile index = jjj
expected=-7558329.286618
actual=-29488901894.314121
diff=-2147483648.000000
diff=1
expected=-25932060.545677
actual=-29488901894.314121
diff=-2147483648.000000
diff=1
expected=-8369971.849494
actual=-29488901894.314121
diff=-2147483648.000000
diff=1
expected=591607783108033.125000
actual=-29488901894.314121
diff=-2147483648.000000
diff=1
expected=-29488901894.314121
actual=-29488901894.314121
diff=0.000000
diff=1
expected=-29488901894.314121
actual=-29488901894.314121
diff=0.000000
diff=1
expected=-614195238390.594482
actual=-29488901894.314121
diff=-2147483648.000000
diff=1
WARNING: orio.module.loop.submodule.tile.transformation: tile size 2048 must be greater than the stride value 2048; tile index = iii
WARNING: orio.module.loop.submodule.tile.transformation: tile size 8 must be greater than the stride value 8; tile index = iii
expected=126675816418.590088
actual=-29488901894.314121
diff=-2147483648.000000
diff=1
WARNING: orio.module.loop.submodule.tile.transformation: tile size 2048 must be greater than the stride value 2048; tile index = iii
expected=25440258.444064
actual=-29488901894.314121
diff=-2147483648.000000
diff=1
WARNING: orio.module.loop.submodule.tile.transformation: tile size 512 must be greater than the stride value 512; tile index = iii
expected=-29488901894.314121
actual=-29488901894.314121
diff=0.000000
diff=1
WARNING: orio.module.loop.submodule.tile.transformation: tile size 64 must be greater than the stride value 64; tile index = jjj
expected=-1385314161.103325
actual=-29488901894.314121
diff=-2147483648.000000
diff=1
expected=-8369971.849494
actual=-29488901894.314121
diff=-2147483648.000000
diff=1
expected=-29488901894.314121
actual=-29488901894.314121
diff=0.000000
diff=1
expected=-29488901894.314121
actual=-29488901894.314121
diff=0.000000
diff=1
expected=25440258.444064
actual=-29488901894.314121
diff=-2147483648.000000
diff=1
expected=-29488901894.314121
actual=-29488901894.314121
diff=0.000000
diff=1
WARNING: orio.module.loop.submodule.tile.transformation: tile size 2048 must be greater than the stride value 2048; tile index = iii
expected=-29488901894.314121
actual=-29488901894.314121
diff=0.000000
diff=1
expected=-29488901894.314121
actual=-29488901894.314121
diff=0.000000
diff=1
expected=-29488901894.314121
actual=-29488901894.314121
diff=0.000000
diff=1
expected=-29488901894.314121
actual=-29488901894.314121
diff=0.000000
diff=1
expected=-243332502454.777039
actual=-29488901894.314121
diff=-2147483648.000000
diff=1
expected=-29488901894.314121
actual=-29488901894.314121
diff=0.000000
diff=1
WARNING: orio.module.loop.submodule.tile.transformation: tile size 1024 must be greater than the stride value 1024; tile index = iii
expected=-29488901894.314121
actual=-29488901894.314121
diff=0.000000
diff=1
expected=-29488901894.314121
actual=-29488901894.314121
diff=0.000000
diff=1
WARNING: orio.module.loop.submodule.tile.transformation: tile size 2 must be greater than the stride value 2; tile index = iii
WARNING: orio.module.loop.submodule.tile.transformation: tile size 64 must be greater than the stride value 64; tile index = iii
expected=-29488901894.314121
actual=-29488901894.314121
diff=0.000000
diff=1
expected=-29488901894.314121
actual=-29488901894.314121
diff=0.000000
diff=1
expected=-29488901894.314121
actual=-29488901894.314121
diff=0.000000
diff=1
WARNING: orio.module.loop.submodule.tile.transformation: tile size 32 must be greater than the stride value 32; tile index = iii
expected=-29488901894.314121
actual=-29488901894.314121
diff=0.000000
diff=1
expected=-29488901894.314121
actual=-29488901894.314121
diff=0.000000
diff=1
expected=-29488901894.314121
actual=-29488901894.314121
diff=0.000000
diff=1
expected=-29488901894.314121
actual=-29488901894.314121
diff=0.000000
diff=1
expected=-29488901894.314121
actual=-29488901894.314121
diff=0.000000
diff=1
expected=-95161.902725
actual=-29488901894.314121
diff=-2147483648.000000
diff=1
WARNING: orio.module.loop.submodule.tile.transformation: tile size 64 must be greater than the stride value 64; tile index = iii
expected=-29488901894.314121
actual=-29488901894.314121
diff=0.000000
diff=1
WARNING: orio.module.loop.submodule.tile.transformation: tile size 128 must be greater than the stride value 128; tile index = jjj
expected=74868.404965
actual=-29488901894.314121
diff=-2147483648.000000
diff=1
WARNING: orio.module.loop.submodule.tile.transformation: tile size 2 must be greater than the stride value 2; tile index = jjj
expected=76457171469.567245
actual=-29488901894.314121
diff=-2147483648.000000
diff=1
expected=-34190.719205
actual=-29488901894.314121
diff=-2147483648.000000
diff=1
expected=-29488901894.314121
actual=-29488901894.314121
diff=0.000000
diff=1
expected=-29488901894.314121
actual=-29488901894.314121
diff=0.000000
diff=1
expected=-29488901894.314121
actual=-29488901894.314121
diff=0.000000
diff=1
expected=-29488901894.314121
actual=-29488901894.314121
diff=0.000000
diff=1
WARNING: orio.module.loop.submodule.tile.transformation: tile size 16 must be greater than the stride value 16; tile index = jjj
WARNING: orio.module.loop.submodule.tile.transformation: tile size 8 must be greater than the stride value 8; tile index = iii
expected=-53377985.647548
actual=-29488901894.314121
diff=-2147483648.000000
diff=1
expected=-29488901894.314121
actual=-29488901894.314121
diff=0.000000
diff=1
WARNING: orio.module.loop.submodule.tile.transformation: tile size 16 must be greater than the stride value 16; tile index = iii
expected=-29488901894.314121
actual=-29488901894.314121
diff=0.000000
diff=1
WARNING: orio.module.loop.submodule.tile.transformation: tile size 2048 must be greater than the stride value 2048; tile index = jjj
expected=-29488901894.314121
actual=-29488901894.314121
diff=0.000000
diff=1
expected=-29488901894.314121
actual=-29488901894.314121
diff=0.000000
diff=1
expected=-29488901894.314121
actual=-29488901894.314121
diff=0.000000
diff=1
expected=-29488901894.314121
actual=-29488901894.314121
diff=0.000000
diff=1
expected=-29488901894.314121
actual=-29488901894.314121
diff=0.000000
diff=1
expected=-29488901894.314121
actual=-29488901894.314121
diff=0.000000
diff=1
WARNING: orio.module.loop.submodule.tile.transformation: tile size 32 must be greater than the stride value 32; tile index = iii
expected=-29488901894.314121
actual=-29488901894.314121
diff=0.000000
diff=1
WARNING: orio.module.loop.submodule.tile.transformation: tile size 512 must be greater than the stride value 512; tile index = iii
expected=-29488901894.314121
actual=-29488901894.314121
diff=0.000000
diff=1
WARNING: orio.module.loop.submodule.tile.transformation: tile size 2048 must be greater than the stride value 2048; tile index = iii
WARNING: orio.module.loop.submodule.tile.transformation: tile size 32 must be greater than the stride value 32; tile index = jjj
expected=-113195.256675
actual=-29488901894.314121
diff=-2147483648.000000
diff=1
expected=-29488901894.314121
actual=-29488901894.314121
diff=0.000000
diff=1
WARNING: orio.module.loop.submodule.tile.transformation: tile size 256 must be greater than the stride value 256; tile index = iii
expected=58566.149173
actual=-29488901894.314121
diff=-2147483648.000000
diff=1
expected=1065300709917004.375000
actual=-29488901894.314121
diff=-2147483648.000000
diff=1
WARNING: orio.module.loop.submodule.tile.transformation: tile size 2048 must be greater than the stride value 2048; tile index = iii
expected=587993.222107
actual=-29488901894.314121
diff=-2147483648.000000
diff=1
expected=-15256.944356
actual=-29488901894.314121
diff=-2147483648.000000
diff=1
WARNING: orio.module.loop.submodule.tile.transformation: tile size 2048 must be greater than the stride value 2048; tile index = iii
expected=-29488901894.314121
actual=-29488901894.314121
diff=0.000000
diff=1
WARNING: orio.module.loop.submodule.tile.transformation: tile size 8 must be greater than the stride value 8; tile index = iii
expected=-31744.662641
actual=-29488901894.314121
diff=-2147483648.000000
diff=1
WARNING: orio.module.loop.submodule.tile.transformation: tile size 4 must be greater than the stride value 4; tile index = jjj
expected=-29488901894.314121
actual=-29488901894.314121
diff=0.000000
diff=1
WARNING: orio.module.loop.submodule.tile.transformation: tile size 16 must be greater than the stride value 16; tile index = jjj
expected=-29488901894.314121
actual=-29488901894.314121
diff=0.000000
diff=1
WARNING: orio.module.loop.submodule.tile.transformation: tile size 1024 must be greater than the stride value 1024; tile index = iii
expected=-3592739480.447538
actual=-29488901894.314121
diff=-2147483648.000000
diff=1
expected=-29488901894.314121
actual=-29488901894.314121
diff=0.000000
diff=1
WARNING: orio.module.loop.submodule.tile.transformation: tile size 2048 must be greater than the stride value 2048; tile index = iii
expected=-29488901894.314121
actual=-29488901894.314121
diff=0.000000
diff=1
WARNING: orio.module.loop.submodule.tile.transformation: tile size 2048 must be greater than the stride value 2048; tile index = iii
WARNING: orio.module.loop.submodule.tile.transformation: tile size 128 must be greater than the stride value 128; tile index = jjj
WARNING: orio.module.loop.submodule.tile.transformation: tile size 2048 must be greater than the stride value 2048; tile index = jjj
expected=-29488901894.314121
actual=-29488901894.314121
diff=0.000000
diff=1
WARNING: orio.module.loop.submodule.tile.transformation: tile size 16 must be greater than the stride value 16; tile index = jjj
expected=-29488901894.314121
actual=-29488901894.314121
diff=0.000000
diff=1
expected=3839328082076.736328
actual=-29488901894.314121
diff=-2147483648.000000
diff=1
expected=-29488901894.314121
actual=-29488901894.314121
diff=0.000000
diff=1
WARNING: orio.module.loop.submodule.tile.transformation: tile size 2 must be greater than the stride value 2; tile index = jjj
WARNING: orio.module.loop.submodule.tile.transformation: tile size 4 must be greater than the stride value 4; tile index = iii
expected=-29488901894.314121
actual=-29488901894.314121
diff=0.000000
diff=1
expected=-29488901894.314121
actual=-29488901894.314121
diff=0.000000
diff=1
WARNING: orio.module.loop.submodule.tile.transformation: tile size 8 must be greater than the stride value 8; tile index = iii
expected=-29488901894.314121
actual=-29488901894.314121
diff=0.000000
diff=1
expected=-29488901894.314121
actual=-29488901894.314121
diff=0.000000
diff=1
expected=643163.189649
actual=-29488901894.314121
diff=-2147483648.000000
diff=1
WARNING: orio.module.loop.submodule.tile.transformation: tile size 512 must be greater than the stride value 512; tile index = iii
WARNING: orio.module.loop.submodule.tile.transformation: tile size 256 must be greater than the stride value 256; tile index = jjj
expected=-29488901894.314121
actual=-29488901894.314121
diff=0.000000
diff=1
WARNING: orio.module.loop.submodule.tile.transformation: tile size 512 must be greater than the stride value 512; tile index = iii
WARNING: orio.module.loop.submodule.tile.transformation: tile size 2048 must be greater than the stride value 2048; tile index = jjj
expected=39580.958757
actual=-29488901894.314121
diff=-2147483648.000000
diff=1
WARNING: orio.module.loop.submodule.tile.transformation: tile size 512 must be greater than the stride value 512; tile index = jjj
expected=525.106758
actual=-29488901894.314121
diff=-2147483648.000000
diff=1
expected=-29488901894.314121
actual=-29488901894.314121
diff=0.000000
diff=1
WARNING: orio.module.loop.submodule.tile.transformation: tile size 2048 must be greater than the stride value 2048; tile index = jjj
WARNING: orio.module.loop.submodule.tile.transformation: tile size 128 must be greater than the stride value 128; tile index = iii
expected=-29488901894.314121
actual=-29488901894.314121
diff=0.000000
diff=1
expected=-194886.312141
actual=-29488901894.314121
diff=-2147483648.000000
diff=1
expected=-4435059972.955880
actual=-29488901894.314121
diff=-2147483648.000000
diff=1
expected=513479.772337
actual=-29488901894.314121
diff=-2147483648.000000
diff=1
expected=-29488901894.314121
actual=-29488901894.314121
diff=0.000000
diff=1
expected=1356679.003053
actual=-29488901894.314121
diff=-2147483648.000000
diff=1
WARNING: orio.module.loop.submodule.tile.transformation: tile size 1024 must be greater than the stride value 1024; tile index = jjj
expected=-10519403770.731316
actual=-29488901894.314121
diff=-2147483648.000000
diff=1
WARNING: orio.module.loop.submodule.tile.transformation: tile size 64 must be greater than the stride value 64; tile index = iii
expected=-63523378865842.125000
actual=-29488901894.314121
diff=-2147483648.000000
diff=1
WARNING: orio.module.loop.submodule.tile.transformation: tile size 1024 must be greater than the stride value 1024; tile index = jjj
WARNING: orio.module.loop.submodule.tile.transformation: tile size 8 must be greater than the stride value 8; tile index = iii
WARNING: orio.module.loop.submodule.tile.transformation: tile size 1024 must be greater than the stride value 1024; tile index = jjj
expected=-29488901894.314121
actual=-29488901894.314121
diff=0.000000
diff=1
WARNING: orio.module.loop.submodule.tile.transformation: tile size 2048 must be greater than the stride value 2048; tile index = iii
expected=-29488901894.314121
actual=-29488901894.314121
diff=0.000000
diff=1
WARNING: orio.module.loop.submodule.tile.transformation: tile size 4 must be greater than the stride value 4; tile index = iii
expected=-29488901894.314121
actual=-29488901894.314121
diff=0.000000
diff=1
expected=-29488901894.314121
actual=-29488901894.314121
diff=0.000000
diff=1
WARNING: orio.module.loop.submodule.tile.transformation: tile size 64 must be greater than the stride value 64; tile index = jjj
expected=-29488901894.314121
actual=-29488901894.314121
diff=0.000000
diff=1
expected=-29488901894.314121
actual=-29488901894.314121
diff=0.000000
diff=1
expected=2797587.113391
actual=-29488901894.314121
diff=-2147483648.000000
diff=1
WARNING: orio.module.loop.submodule.tile.transformation: tile size 4 must be greater than the stride value 4; tile index = iii
expected=-29488901894.314121
actual=-29488901894.314121
diff=0.000000
diff=1
expected=4748002.621217
actual=-29488901894.314121
diff=-2147483648.000000
diff=1
WARNING: orio.module.loop.submodule.tile.transformation: tile size 2048 must be greater than the stride value 2048; tile index = iii
expected=-29488901894.314121
actual=-29488901894.314121
diff=0.000000
diff=1
WARNING: orio.module.loop.submodule.tile.transformation: tile size 32 must be greater than the stride value 32; tile index = jjj
WARNING: orio.module.loop.submodule.tile.transformation: tile size 1024 must be greater than the stride value 1024; tile index = iii
expected=-29488901894.314121
actual=-29488901894.314121
diff=0.000000
diff=1
WARNING: orio.module.loop.submodule.tile.transformation: tile size 2048 must be greater than the stride value 2048; tile index = jjj
expected=14556.614046
actual=-29488901894.314121
diff=-2147483648.000000
diff=1
WARNING: orio.module.loop.submodule.tile.transformation: tile size 256 must be greater than the stride value 256; tile index = jjj
expected=-128638.458951
actual=-29488901894.314121
diff=-2147483648.000000
diff=1
WARNING: orio.module.loop.submodule.tile.transformation: tile size 1024 must be greater than the stride value 1024; tile index = iii
WARNING: orio.module.loop.submodule.tile.transformation: tile size 4 must be greater than the stride value 4; tile index = jjj
expected=3923375.405948
actual=-29488901894.314121
diff=-2147483648.000000
diff=1
WARNING: orio.module.loop.submodule.tile.transformation: tile size 2048 must be greater than the stride value 2048; tile index = iii
expected=276051.239684
actual=-29488901894.314121
diff=-2147483648.000000
diff=1
WARNING: orio.module.loop.submodule.tile.transformation: tile size 512 must be greater than the stride value 512; tile index = jjj
expected=-4435059972.955880
actual=-29488901894.314121
diff=-2147483648.000000
diff=1
expected=-29488901894.314121
actual=-29488901894.314121
diff=0.000000
diff=1
WARNING: orio.module.loop.submodule.tile.transformation: tile size 128 must be greater than the stride value 128; tile index = iii
expected=-29488901894.314121
actual=-29488901894.314121
diff=0.000000
diff=1
expected=-29488901894.314121
actual=-29488901894.314121
diff=0.000000
diff=1
expected=-29488901894.314121
actual=-29488901894.314121
diff=0.000000
diff=1
WARNING: orio.module.loop.submodule.tile.transformation: tile size 8 must be greater than the stride value 8; tile index = iii
expected=-29488901894.314121
actual=-29488901894.314121
diff=0.000000
diff=1
expected=-3565835.390660
actual=-29488901894.314121
diff=-2147483648.000000
diff=1
WARNING: orio.module.loop.submodule.tile.transformation: tile size 2048 must be greater than the stride value 2048; tile index = jjj
expected=-31744.662641
actual=-29488901894.314121
diff=-2147483648.000000
diff=1
expected=-29488901894.314121
actual=-29488901894.314121
diff=0.000000
diff=1
expected=-29488901894.314121
actual=-29488901894.314121
diff=0.000000
diff=1
expected=-29488901894.314121
actual=-29488901894.314121
diff=0.000000
diff=1
expected=-29488901894.314121
actual=-29488901894.314121
diff=0.000000
diff=1
expected=56189.360212
actual=-29488901894.314121
diff=-2147483648.000000
diff=1
WARNING: orio.module.loop.submodule.tile.transformation: tile size 32 must be greater than the stride value 32; tile index = jjj
expected=738570.949025
actual=-29488901894.314121
diff=-2147483648.000000
diff=1
expected=-18113135027.828453
actual=-29488901894.314121
diff=-2147483648.000000
diff=1
expected=-29488901894.314121
actual=-29488901894.314121
diff=0.000000
diff=1
expected=-842833958.276351
actual=-29488901894.314121
diff=-2147483648.000000
diff=1
expected=-29488901894.314121
actual=-29488901894.314121
diff=0.000000
diff=1
expected=205073.146475
actual=-29488901894.314121
diff=-2147483648.000000
diff=1
WARNING: orio.module.loop.submodule.tile.transformation: tile size 512 must be greater than the stride value 512; tile index = iii
expected=-29488901894.314121
actual=-29488901894.314121
diff=0.000000
diff=1
expected=-29488901894.314121
actual=-29488901894.314121
diff=0.000000
diff=1
WARNING: orio.module.loop.submodule.tile.transformation: tile size 4 must be greater than the stride value 4; tile index = jjj
expected=-29488901894.314121
actual=-29488901894.314121
diff=0.000000
diff=1
expected=70423130.014742
actual=-29488901894.314121
diff=-2147483648.000000
diff=1
expected=-8113301.425920
actual=-29488901894.314121
diff=-2147483648.000000
diff=1
WARNING: orio.module.loop.submodule.tile.transformation: tile size 2048 must be greater than the stride value 2048; tile index = iii
expected=-29488901894.314121
actual=-29488901894.314121
diff=0.000000
diff=1
WARNING: orio.module.loop.submodule.tile.transformation: tile size 8 must be greater than the stride value 8; tile index = jjj
expected=288940386.330813
actual=-29488901894.314121
diff=-2147483648.000000
diff=1
expected=-29488901894.314121
actual=-29488901894.314121
diff=0.000000
diff=1
expected=-1469.152342
actual=-29488901894.314121
diff=-2147483648.000000
diff=1
WARNING: orio.module.loop.submodule.tile.transformation: tile size 2048 must be greater than the stride value 2048; tile index = jjj
expected=2204774391216.047852
actual=-29488901894.314121
diff=-2147483648.000000
diff=1
expected=-29488901894.314121
actual=-29488901894.314121
diff=0.000000
diff=1
expected=-203078.428514
actual=-29488901894.314121
diff=-2147483648.000000
diff=1
WARNING: orio.module.loop.submodule.tile.transformation: tile size 16 must be greater than the stride value 16; tile index = iii
expected=94748224411.682449
actual=-29488901894.314121
diff=-2147483648.000000
diff=1
expected=-29488901894.314121
actual=-29488901894.314121
diff=0.000000
diff=1
expected=-29488901894.314121
actual=-29488901894.314121
diff=0.000000
diff=1
expected=-70021.987238
actual=-29488901894.314121
diff=-2147483648.000000
diff=1
expected=-2502147.331585
actual=-29488901894.314121
diff=-2147483648.000000
diff=1
expected=-29488901894.314121
actual=-29488901894.314121
diff=0.000000
diff=1
WARNING: orio.module.loop.submodule.tile.transformation: tile size 128 must be greater than the stride value 128; tile index = iii
expected=-29488901894.314121
actual=-29488901894.314121
diff=0.000000
diff=1
WARNING: orio.module.loop.submodule.tile.transformation: tile size 1024 must be greater than the stride value 1024; tile index = iii
expected=-29488901894.314121
actual=-29488901894.314121
diff=0.000000
diff=1
expected=-29488901894.314121
actual=-29488901894.314121
diff=0.000000
diff=1
expected=-29488901894.314121
actual=-29488901894.314121
diff=0.000000
diff=1
expected=-29488901894.314121
actual=-29488901894.314121
diff=0.000000
diff=1
WARNING: orio.module.loop.submodule.tile.transformation: tile size 4 must be greater than the stride value 4; tile index = iii
WARNING: orio.module.loop.submodule.tile.transformation: tile size 8 must be greater than the stride value 8; tile index = iii
WARNING: orio.module.loop.submodule.tile.transformation: tile size 16 must be greater than the stride value 16; tile index = jjj
expected=-29488901894.314121
actual=-29488901894.314121
diff=0.000000
diff=1
WARNING: orio.module.loop.submodule.tile.transformation: tile size 2048 must be greater than the stride value 2048; tile index = jjj
expected=154033.201678
actual=-29488901894.314121
diff=-2147483648.000000
diff=1
expected=-29488901894.314121
actual=-29488901894.314121
diff=0.000000
diff=1
WARNING: orio.module.loop.submodule.tile.transformation: tile size 2048 must be greater than the stride value 2048; tile index = jjj
expected=-29488901894.314121
actual=-29488901894.314121
diff=0.000000
diff=1
expected=-29488901894.314121
actual=-29488901894.314121
diff=0.000000
diff=1
WARNING: orio.module.loop.submodule.tile.transformation: tile size 2048 must be greater than the stride value 2048; tile index = jjj
expected=-29488901894.314121
actual=-29488901894.314121
diff=0.000000
diff=1
expected=-29488901894.314121
actual=-29488901894.314121
diff=0.000000
diff=1
expected=-29488901894.314121
actual=-29488901894.314121
diff=0.000000
diff=1
WARNING: orio.module.loop.submodule.tile.transformation: tile size 2048 must be greater than the stride value 2048; tile index = jjj
WARNING: orio.module.loop.submodule.tile.transformation: tile size 2 must be greater than the stride value 2; tile index = jjj
expected=656.036166
actual=-29488901894.314121
diff=-2147483648.000000
diff=1
WARNING: orio.module.loop.submodule.tile.transformation: tile size 2048 must be greater than the stride value 2048; tile index = jjj
expected=-29488901894.314121
actual=-29488901894.314121
diff=0.000000
diff=1
expected=-29488901894.314121
actual=-29488901894.314121
diff=0.000000
diff=1
WARNING: orio.module.loop.submodule.tile.transformation: tile size 16 must be greater than the stride value 16; tile index = iii
expected=-29488901894.314121
actual=-29488901894.314121
diff=0.000000
diff=1
WARNING: orio.module.loop.submodule.tile.transformation: tile size 2048 must be greater than the stride value 2048; tile index = jjj
expected=-29488901894.314121
actual=-29488901894.314121
diff=0.000000
diff=1
WARNING: orio.module.loop.submodule.tile.transformation: tile size 2048 must be greater than the stride value 2048; tile index = jjj
expected=-29488901894.314121
actual=-29488901894.314121
diff=0.000000
diff=1
WARNING: orio.module.loop.submodule.tile.transformation: tile size 2048 must be greater than the stride value 2048; tile index = jjj
WARNING: orio.module.loop.submodule.tile.transformation: tile size 16 must be greater than the stride value 16; tile index = iii
expected=-29488901894.314121
actual=-29488901894.314121
diff=0.000000
diff=1
WARNING: orio.module.loop.submodule.tile.transformation: tile size 2048 must be greater than the stride value 2048; tile index = jjj
expected=-10434896.910593
actual=-29488901894.314121
diff=-2147483648.000000
diff=1
WARNING: orio.module.loop.submodule.tile.transformation: tile size 2048 must be greater than the stride value 2048; tile index = jjj
expected=604942.466206
actual=-29488901894.314121
diff=-2147483648.000000
diff=1
WARNING: orio.module.loop.submodule.tile.transformation: tile size 2048 must be greater than the stride value 2048; tile index = jjj
WARNING: orio.module.loop.submodule.tile.transformation: tile size 16 must be greater than the stride value 16; tile index = iii
expected=-29488901894.314121
actual=-29488901894.314121
diff=0.000000
diff=1
WARNING: orio.module.loop.submodule.tile.transformation: tile size 2048 must be greater than the stride value 2048; tile index = jjj
expected=-73771.322780
actual=-29488901894.314121
diff=-2147483648.000000
diff=1
WARNING: orio.module.loop.submodule.tile.transformation: tile size 2048 must be greater than the stride value 2048; tile index = jjj
expected=-29488901894.314121
actual=-29488901894.314121
diff=0.000000
diff=1
expected=-29488901894.314121
actual=-29488901894.314121
diff=0.000000
diff=1
WARNING: orio.module.loop.submodule.tile.transformation: tile size 16 must be greater than the stride value 16; tile index = iii
expected=-29488901894.314121
actual=-29488901894.314121
diff=0.000000
diff=1
expected=-31744.662641
actual=-29488901894.314121
diff=-2147483648.000000
diff=1
expected=36947.857263
actual=-29488901894.314121
diff=-2147483648.000000
diff=1
expected=-29488901894.314121
actual=-29488901894.314121
diff=0.000000
diff=1
WARNING: orio.module.loop.submodule.tile.transformation: tile size 2048 must be greater than the stride value 2048; tile index = jjj
WARNING: orio.module.loop.submodule.tile.transformation: tile size 16 must be greater than the stride value 16; tile index = iii
expected=-29488901894.314121
actual=-29488901894.314121
diff=0.000000
diff=1
WARNING: orio.module.loop.submodule.tile.transformation: tile size 2048 must be greater than the stride value 2048; tile index = jjj
WARNING: orio.module.loop.submodule.tile.transformation: tile size 16 must be greater than the stride value 16; tile index = iii
expected=28018.795158
actual=-29488901894.314121
diff=-2147483648.000000
diff=1
WARNING: orio.module.loop.submodule.tile.transformation: tile size 2048 must be greater than the stride value 2048; tile index = jjj
expected=-29488901894.314121
actual=-29488901894.314121
diff=0.000000
diff=1
expected=-29488901894.314121
actual=-29488901894.314121
diff=0.000000
diff=1
WARNING: orio.module.loop.submodule.tile.transformation: tile size 2048 must be greater than the stride value 2048; tile index = jjj
expected=28018.795158
actual=-29488901894.314121
diff=-2147483648.000000
diff=1
expected=-29488901894.314121
actual=-29488901894.314121
diff=0.000000
diff=1
WARNING: orio.module.loop.submodule.tile.transformation: tile size 16 must be greater than the stride value 16; tile index = iii
expected=-31744.662641
actual=-29488901894.314121
diff=-2147483648.000000
diff=1
WARNING: orio.module.loop.submodule.tile.transformation: tile size 2048 must be greater than the stride value 2048; tile index = jjj
expected=-29488901894.314121
actual=-29488901894.314121
diff=0.000000
diff=1
WARNING: orio.module.loop.submodule.tile.transformation: tile size 2048 must be greater than the stride value 2048; tile index = jjj
expected=-29488901894.314121
actual=-29488901894.314121
diff=0.000000
diff=1
expected=571448.729797
actual=-29488901894.314121
diff=-2147483648.000000
diff=1
expected=-203078.428514
actual=-29488901894.314121
diff=-2147483648.000000
diff=1
expected=-1407945.288943
actual=-29488901894.314121
diff=-2147483648.000000
diff=1
WARNING: orio.module.loop.submodule.tile.transformation: tile size 2048 must be greater than the stride value 2048; tile index = jjj
expected=-48027.162332
actual=-29488901894.314121
diff=-2147483648.000000
diff=1
WARNING: orio.module.loop.submodule.tile.transformation: tile size 16 must be greater than the stride value 16; tile index = iii
expected=-73771.322780
actual=-29488901894.314121
diff=-2147483648.000000
diff=1
expected=604942.466206
actual=-29488901894.314121
diff=-2147483648.000000
diff=1
expected=-31744.662641
actual=-29488901894.314121
diff=-2147483648.000000
diff=1
WARNING: orio.module.loop.submodule.tile.transformation: tile size 2 must be greater than the stride value 2; tile index = jjj
expected=-29488901894.314121
actual=-29488901894.314121
diff=0.000000
diff=1
WARNING: orio.module.loop.submodule.tile.transformation: tile size 2048 must be greater than the stride value 2048; tile index = jjj
expected=-31744.662641
actual=-29488901894.314121
diff=-2147483648.000000
diff=1
expected=14556.614046
actual=-29488901894.314121
diff=-2147483648.000000
diff=1
expected=-29488901894.314121
actual=-29488901894.314121
diff=0.000000
diff=1
WARNING: orio.module.loop.submodule.tile.transformation: tile size 2048 must be greater than the stride value 2048; tile index = jjj
expected=-29488901894.314121
actual=-29488901894.314121
diff=0.000000
diff=1
expected=154033.201678
actual=-29488901894.314121
diff=-2147483648.000000
diff=1
expected=-29488901894.314121
actual=-29488901894.314121
diff=0.000000
diff=1
WARNING: orio.module.loop.submodule.tile.transformation: tile size 2048 must be greater than the stride value 2048; tile index = jjj
expected=-93406.512099
actual=-29488901894.314121
diff=-2147483648.000000
diff=1
WARNING: orio.module.loop.submodule.tile.transformation: tile size 2048 must be greater than the stride value 2048; tile index = jjj
expected=-29488901894.314121
actual=-29488901894.314121
diff=0.000000
diff=1
WARNING: orio.module.loop.submodule.tile.transformation: tile size 2048 must be greater than the stride value 2048; tile index = jjj
expected=-29488901894.314121
actual=-29488901894.314121
diff=0.000000
diff=1
WARNING: orio.module.loop.submodule.tile.transformation: tile size 2048 must be greater than the stride value 2048; tile index = jjj
expected=-29488901894.314121
actual=-29488901894.314121
diff=0.000000
diff=1
WARNING: orio.module.loop.submodule.tile.transformation: tile size 2048 must be greater than the stride value 2048; tile index = jjj
expected=-29488901894.314121
actual=-29488901894.314121
diff=0.000000
diff=1
WARNING: orio.module.loop.submodule.tile.transformation: tile size 2 must be greater than the stride value 2; tile index = jjj
expected=-203078.428514
actual=-29488901894.314121
diff=-2147483648.000000
diff=1
WARNING: orio.module.loop.submodule.tile.transformation: tile size 2048 must be greater than the stride value 2048; tile index = jjj
expected=-31744.662641
actual=-29488901894.314121
diff=-2147483648.000000
diff=1
WARNING: orio.module.loop.submodule.tile.transformation: tile size 16 must be greater than the stride value 16; tile index = iii
expected=-31744.662641
actual=-29488901894.314121
diff=-2147483648.000000
diff=1
WARNING: orio.module.loop.submodule.tile.transformation: tile size 2048 must be greater than the stride value 2048; tile index = jjj
expected=28018.795158
actual=-29488901894.314121
diff=-2147483648.000000
diff=1
expected=-29488901894.314121
actual=-29488901894.314121
diff=0.000000
diff=1
expected=-48027.162332
actual=-29488901894.314121
diff=-2147483648.000000
diff=1
expected=-48027.162332
actual=-29488901894.314121
diff=-2147483648.000000
diff=1
expected=-51873.900809
actual=-29488901894.314121
diff=-2147483648.000000
diff=1
WARNING: orio.module.loop.submodule.tile.transformation: tile size 16 must be greater than the stride value 16; tile index = iii
expected=154033.201678
actual=-29488901894.314121
diff=-2147483648.000000
diff=1
expected=-29488901894.314121
actual=-29488901894.314121
diff=0.000000
diff=1
WARNING: orio.module.loop.submodule.tile.transformation: tile size 2048 must be greater than the stride value 2048; tile index = jjj
expected=-29488901894.314121
actual=-29488901894.314121
diff=0.000000
diff=1
WARNING: orio.module.loop.submodule.tile.transformation: tile size 16 must be greater than the stride value 16; tile index = iii
expected=-29488901894.314121
actual=-29488901894.314121
diff=0.000000
diff=1
expected=14556.614046
actual=-29488901894.314121
diff=-2147483648.000000
diff=1
expected=-31744.662641
actual=-29488901894.314121
diff=-2147483648.000000
diff=1
WARNING: orio.module.loop.submodule.tile.transformation: tile size 2048 must be greater than the stride value 2048; tile index = jjj
expected=-29488901894.314121
actual=-29488901894.314121
diff=0.000000
diff=1
WARNING: orio.module.loop.submodule.tile.transformation: tile size 2048 must be greater than the stride value 2048; tile index = jjj
expected=-29488901894.314121
actual=-29488901894.314121
diff=0.000000
diff=1
WARNING: orio.module.loop.submodule.tile.transformation: tile size 2048 must be greater than the stride value 2048; tile index = jjj
expected=-29488901894.314121
actual=-29488901894.314121
diff=0.000000
diff=1
WARNING: orio.module.loop.submodule.tile.transformation: tile size 2048 must be greater than the stride value 2048; tile index = jjj
expected=1896325578.066937
actual=-29488901894.314121
diff=-2147483648.000000
diff=1
WARNING: orio.module.loop.submodule.tile.transformation: tile size 2048 must be greater than the stride value 2048; tile index = jjj
expected=5731.562273
actual=-29488901894.314121
diff=-2147483648.000000
diff=1
expected=-29488901894.314121
actual=-29488901894.314121
diff=0.000000
diff=1
WARNING: orio.module.loop.submodule.tile.transformation: tile size 2048 must be greater than the stride value 2048; tile index = jjj
expected=433554.491799
actual=-29488901894.314121
diff=-2147483648.000000
diff=1
expected=-29488901894.314121
actual=-29488901894.314121
diff=0.000000
diff=1
WARNING: orio.module.loop.submodule.tile.transformation: tile size 2048 must be greater than the stride value 2048; tile index = jjj
expected=154033.201678
actual=-29488901894.314121
diff=-2147483648.000000
diff=1
expected=-29488901894.314121
actual=-29488901894.314121
diff=0.000000
diff=1
WARNING: orio.module.loop.submodule.tile.transformation: tile size 2048 must be greater than the stride value 2048; tile index = jjj
expected=-29488901894.314121
actual=-29488901894.314121
diff=0.000000
diff=1
expected=571448.729797
actual=-29488901894.314121
diff=-2147483648.000000
diff=1
expected=-29488901894.314121
actual=-29488901894.314121
diff=0.000000
diff=1
WARNING: orio.module.loop.submodule.tile.transformation: tile size 2048 must be greater than the stride value 2048; tile index = jjj
expected=-29488901894.314121
actual=-29488901894.314121
diff=0.000000
diff=1
expected=-29488901894.314121
actual=-29488901894.314121
diff=0.000000
diff=1
expected=-29488901894.314121
actual=-29488901894.314121
diff=0.000000
diff=1
WARNING: orio.module.loop.submodule.tile.transformation: tile size 2048 must be greater than the stride value 2048; tile index = jjj
expected=-29488901894.314121
actual=-29488901894.314121
diff=0.000000
diff=1
expected=60307.278524
actual=-29488901894.314121
diff=-2147483648.000000
diff=1
WARNING: orio.module.loop.submodule.tile.transformation: tile size 2048 must be greater than the stride value 2048; tile index = jjj
expected=-203078.428514
actual=-29488901894.314121
diff=-2147483648.000000
diff=1
WARNING: orio.module.loop.submodule.tile.transformation: tile size 2048 must be greater than the stride value 2048; tile index = jjj
expected=-48027.162332
actual=-29488901894.314121
diff=-2147483648.000000
diff=1
WARNING: orio.module.loop.submodule.tile.transformation: tile size 2048 must be greater than the stride value 2048; tile index = jjj
expected=-29488901894.314121
actual=-29488901894.314121
diff=0.000000
diff=1
WARNING: orio.module.loop.submodule.tile.transformation: tile size 2048 must be greater than the stride value 2048; tile index = jjj
expected=656.036166
actual=-29488901894.314121
diff=-2147483648.000000
diff=1
WARNING: orio.module.loop.submodule.tile.transformation: tile size 2048 must be greater than the stride value 2048; tile index = jjj
expected=-29488901894.314121
actual=-29488901894.314121
diff=0.000000
diff=1
WARNING: orio.module.loop.submodule.tile.transformation: tile size 2048 must be greater than the stride value 2048; tile index = jjj
expected=-29488901894.314121
actual=-29488901894.314121
diff=0.000000
diff=1
expected=70423130.014742
actual=-29488901894.314121
diff=-2147483648.000000
diff=1
expected=-29488901894.314121
actual=-29488901894.314121
diff=0.000000
diff=1
expected=-29488901894.314121
actual=-29488901894.314121
diff=0.000000
diff=1
expected=-29488901894.314121
actual=-29488901894.314121
diff=0.000000
diff=1
WARNING: orio.module.loop.submodule.tile.transformation: tile size 2048 must be greater than the stride value 2048; tile index = jjj
expected=-29488901894.314121
actual=-29488901894.314121
diff=0.000000
diff=1
WARNING: orio.module.loop.submodule.tile.transformation: tile size 2048 must be greater than the stride value 2048; tile index = jjj
expected=-93406.512099
actual=-29488901894.314121
diff=-2147483648.000000
diff=1
WARNING: orio.module.loop.submodule.tile.transformation: tile size 2048 must be greater than the stride value 2048; tile index = jjj
expected=-29488901894.314121
actual=-29488901894.314121
diff=0.000000
diff=1
expected=-29488901894.314121
actual=-29488901894.314121
diff=0.000000
diff=1
expected=-31744.662641
actual=-29488901894.314121
diff=-2147483648.000000
diff=1
expected=1896325578.066937
actual=-29488901894.314121
diff=-2147483648.000000
diff=1
expected=14556.614046
actual=-29488901894.314121
diff=-2147483648.000000
diff=1
expected=-29488901894.314121
actual=-29488901894.314121
diff=0.000000
diff=1
expected=656.036166
actual=-29488901894.314121
diff=-2147483648.000000
diff=1
WARNING: orio.module.loop.submodule.tile.transformation: tile size 2048 must be greater than the stride value 2048; tile index = jjj
expected=60307.278524
actual=-29488901894.314121
diff=-2147483648.000000
diff=1
expected=-29488901894.314121
actual=-29488901894.314121
diff=0.000000
diff=1
WARNING: orio.module.loop.submodule.tile.transformation: tile size 2048 must be greater than the stride value 2048; tile index = jjj
WARNING: orio.module.loop.submodule.tile.transformation: tile size 2 must be greater than the stride value 2; tile index = jjj
expected=-73771.322780
actual=-29488901894.314121
diff=-2147483648.000000
diff=1
expected=-29488901894.314121
actual=-29488901894.314121
diff=0.000000
diff=1
WARNING: orio.module.loop.submodule.tile.transformation: tile size 2048 must be greater than the stride value 2048; tile index = jjj
expected=-31744.662641
actual=-29488901894.314121
diff=-2147483648.000000
diff=1
WARNING: orio.module.loop.submodule.tile.transformation: tile size 2048 must be greater than the stride value 2048; tile index = jjj
expected=-31744.662641
actual=-29488901894.314121
diff=-2147483648.000000
diff=1
expected=-29488901894.314121
actual=-29488901894.314121
diff=0.000000
diff=1
expected=-29488901894.314121
actual=-29488901894.314121
diff=0.000000
diff=1
WARNING: orio.module.loop.submodule.tile.transformation: tile size 2048 must be greater than the stride value 2048; tile index = jjj
expected=-29488901894.314121
actual=-29488901894.314121
diff=0.000000
diff=1
WARNING: orio.module.loop.submodule.tile.transformation: tile size 2048 must be greater than the stride value 2048; tile index = jjj
expected=238773.654219
actual=-29488901894.314121
diff=-2147483648.000000
diff=1
WARNING: orio.module.loop.submodule.tile.transformation: tile size 2048 must be greater than the stride value 2048; tile index = jjj
expected=-29488901894.314121
actual=-29488901894.314121
diff=0.000000
diff=1
expected=-29488901894.314121
actual=-29488901894.314121
diff=0.000000
diff=1
WARNING: orio.module.loop.submodule.tile.transformation: tile size 2048 must be greater than the stride value 2048; tile index = jjj
expected=-29488901894.314121
actual=-29488901894.314121
diff=0.000000
diff=1
expected=-31744.662641
actual=-29488901894.314121
diff=-2147483648.000000
diff=1
expected=-118146.701665
actual=-29488901894.314121
diff=-2147483648.000000
diff=1
expected=-31744.662641
actual=-29488901894.314121
diff=-2147483648.000000
diff=1
