
expected = 0.000000
actual = 2399670049798078.000000
[00;31mERROR: orio.main.tuner.ptest_driver: failed to execute the test code: "timeout --kill-after=30s --signal=9 20m  ./__orio_perftest1.exe  "
 --> CalledProcessError: Command 'timeout --kill-after=30s --signal=9 20m  ./__orio_perftest1.exe  ' returned non-zero exit status 1[00m
[00;31mERROR: orio.main.tuner.ptest_driver:  performance testing failed: "timeout --kill-after=30s --signal=9 20m  ./__orio_perftest1.exe  "[00m
WARNING: orio.module.loop.submodule.tile.transformation: tile size 4 must be greater than the stride value 4; tile index = kkk
expected = 2399670049798078.000000
actual = 2399670049798078.000000
WARNING: orio.module.loop.submodule.tile.transformation: tile size 64 must be greater than the stride value 64; tile index = kkk
expected = 2399670049798078.000000
actual = 2399670049798078.000000
expected = 2399670049798078.000000
actual = 2399670049798078.000000
expected = 2399670049798078.000000
actual = 2399670049798078.000000
expected = 2399670049798078.000000
actual = 2399670049798078.000000
WARNING: orio.module.loop.submodule.tile.transformation: tile size 256 must be greater than the stride value 256; tile index = jjj
expected = 2399670049798078.000000
actual = 2399670049798078.000000
expected = 2399670049798078.000000
actual = 2399670049798078.000000
WARNING: orio.module.loop.submodule.tile.transformation: tile size 2 must be greater than the stride value 2; tile index = kkk
expected = 2399670049798078.000000
actual = 2399670049798078.000000
WARNING: orio.module.loop.submodule.tile.transformation: tile size 16 must be greater than the stride value 16; tile index = jjj
expected = 2399670049798078.000000
actual = 2399670049798078.000000
expected = 2399670049798078.000000
actual = 2399670049798078.000000
WARNING: orio.module.loop.submodule.tile.transformation: tile size 4 must be greater than the stride value 4; tile index = iii
expected = 2399670049798078.000000
actual = 2399670049798078.000000
expected = 2399670049798078.000000
actual = 2399670049798078.000000
expected = 2399670049798078.000000
actual = 2399670049798078.000000
WARNING: orio.module.loop.submodule.tile.transformation: tile size 16 must be greater than the stride value 16; tile index = kkk
expected = 2399670049798078.000000
actual = 2399670049798078.000000
expected = 2399670049798078.000000
actual = 2399670049798078.000000
expected = 2399670049798078.000000
actual = 2399670049798078.000000
WARNING: orio.module.loop.submodule.tile.transformation: tile size 4 must be greater than the stride value 4; tile index = jjj
expected = 2399670049798078.000000
actual = 2399670049798078.000000
expected = 2399670049798078.000000
actual = 2399670049798078.000000
expected = 2399670049798078.000000
actual = 2399670049798078.000000
expected = 2399670049798078.000000
actual = 2399670049798078.000000
WARNING: orio.module.loop.submodule.tile.transformation: tile size 1024 must be greater than the stride value 1024; tile index = iii
expected = 2399670049798078.000000
actual = 2399670049798078.000000
expected = 0.000000
actual = 2399670049798078.000000
[00;31mERROR: orio.main.tuner.ptest_driver: failed to execute the test code: "timeout --kill-after=30s --signal=9 20m  ./__orio_perftest23.exe  "
 --> CalledProcessError: Command 'timeout --kill-after=30s --signal=9 20m  ./__orio_perftest23.exe  ' returned non-zero exit status 1[00m
[00;31mERROR: orio.main.tuner.ptest_driver:  performance testing failed: "timeout --kill-after=30s --signal=9 20m  ./__orio_perftest23.exe  "[00m
expected = 2399670049798078.000000
actual = 2399670049798078.000000
expected = 2399670049798078.000000
actual = 2399670049798078.000000
expected = 0.000000
actual = 2399670049798078.000000
[00;31mERROR: orio.main.tuner.ptest_driver: failed to execute the test code: "timeout --kill-after=30s --signal=9 20m  ./__orio_perftest26.exe  "
 --> CalledProcessError: Command 'timeout --kill-after=30s --signal=9 20m  ./__orio_perftest26.exe  ' returned non-zero exit status 1[00m
[00;31mERROR: orio.main.tuner.ptest_driver:  performance testing failed: "timeout --kill-after=30s --signal=9 20m  ./__orio_perftest26.exe  "[00m
expected = 2399670049798078.000000
actual = 2399670049798078.000000
expected = 2399670049798078.000000
actual = 2399670049798078.000000
WARNING: orio.module.loop.submodule.tile.transformation: tile size 256 must be greater than the stride value 256; tile index = iii
WARNING: orio.module.loop.submodule.tile.transformation: tile size 64 must be greater than the stride value 64; tile index = kkk
expected = 2399670049798078.000000
actual = 2399670049798078.000000
expected = 2399670049798078.000000
actual = 2399670049798078.000000
WARNING: orio.module.loop.submodule.tile.transformation: tile size 4 must be greater than the stride value 4; tile index = jjj
expected = 2399670049798078.000000
actual = 2399670049798078.000000
expected = 2399670049798078.000000
actual = 2399670049798078.000000
WARNING: orio.module.loop.submodule.tile.transformation: tile size 256 must be greater than the stride value 256; tile index = jjj
WARNING: orio.module.loop.submodule.tile.transformation: tile size 16 must be greater than the stride value 16; tile index = kkk
expected = 2399670049798078.000000
actual = 2399670049798078.000000
WARNING: orio.module.loop.submodule.tile.transformation: tile size 64 must be greater than the stride value 64; tile index = jjj
expected = 0.000000
actual = 2399670049798078.000000
[00;31mERROR: orio.main.tuner.ptest_driver: failed to execute the test code: "timeout --kill-after=30s --signal=9 20m  ./__orio_perftest34.exe  "
 --> CalledProcessError: Command 'timeout --kill-after=30s --signal=9 20m  ./__orio_perftest34.exe  ' returned non-zero exit status 1[00m
[00;31mERROR: orio.main.tuner.ptest_driver:  performance testing failed: "timeout --kill-after=30s --signal=9 20m  ./__orio_perftest34.exe  "[00m
WARNING: orio.module.loop.submodule.tile.transformation: tile size 2 must be greater than the stride value 2; tile index = jjj
expected = 2399670049798078.000000
actual = 2399670049798078.000000
expected = 2399670049798078.000000
actual = 2399670049798078.000000
WARNING: orio.module.loop.submodule.tile.transformation: tile size 128 must be greater than the stride value 128; tile index = iii
WARNING: orio.module.loop.submodule.tile.transformation: tile size 256 must be greater than the stride value 256; tile index = kkk
expected = 2399670049798078.000000
actual = 2399670049798078.000000
expected = 2399670049798078.000000
actual = 2399670049798078.000000
expected = 2399670049798078.000000
actual = 2399670049798078.000000
expected = 2399670049798078.000000
actual = 2399670049798078.000000
expected = 2399670049798078.000000
actual = 2399670049798078.000000
expected = 2399670049798078.000000
actual = 2399670049798078.000000
expected = 2399670049798078.000000
actual = 2399670049798078.000000
expected = 2399670049798078.000000
actual = 2399670049798078.000000
expected = 2399670049798078.000000
actual = 2399670049798078.000000
expected = 0.000000
actual = 2399670049798078.000000
[00;31mERROR: orio.main.tuner.ptest_driver: failed to execute the test code: "timeout --kill-after=30s --signal=9 20m  ./__orio_perftest46.exe  "
 --> CalledProcessError: Command 'timeout --kill-after=30s --signal=9 20m  ./__orio_perftest46.exe  ' returned non-zero exit status 1[00m
[00;31mERROR: orio.main.tuner.ptest_driver:  performance testing failed: "timeout --kill-after=30s --signal=9 20m  ./__orio_perftest46.exe  "[00m
WARNING: orio.module.loop.submodule.tile.transformation: tile size 32 must be greater than the stride value 32; tile index = jjj
expected = 2399670049798078.000000
actual = 2399670049798078.000000
expected = 2399670049798078.000000
actual = 2399670049798078.000000
expected = 0.000000
actual = 2399670049798078.000000
[00;31mERROR: orio.main.tuner.ptest_driver: failed to execute the test code: "timeout --kill-after=30s --signal=9 20m  ./__orio_perftest49.exe  "
 --> CalledProcessError: Command 'timeout --kill-after=30s --signal=9 20m  ./__orio_perftest49.exe  ' returned non-zero exit status 1[00m
[00;31mERROR: orio.main.tuner.ptest_driver:  performance testing failed: "timeout --kill-after=30s --signal=9 20m  ./__orio_perftest49.exe  "[00m
expected = 2399670049798078.000000
actual = 2399670049798078.000000
expected = 0.000000
actual = 2399670049798078.000000
[00;31mERROR: orio.main.tuner.ptest_driver: failed to execute the test code: "timeout --kill-after=30s --signal=9 20m  ./__orio_perftest51.exe  "
 --> CalledProcessError: Command 'timeout --kill-after=30s --signal=9 20m  ./__orio_perftest51.exe  ' returned non-zero exit status 1[00m
[00;31mERROR: orio.main.tuner.ptest_driver:  performance testing failed: "timeout --kill-after=30s --signal=9 20m  ./__orio_perftest51.exe  "[00m
WARNING: orio.module.loop.submodule.tile.transformation: tile size 4 must be greater than the stride value 4; tile index = jjj
expected = 0.000000
actual = 2399670049798078.000000
[00;31mERROR: orio.main.tuner.ptest_driver: failed to execute the test code: "timeout --kill-after=30s --signal=9 20m  ./__orio_perftest52.exe  "
 --> CalledProcessError: Command 'timeout --kill-after=30s --signal=9 20m  ./__orio_perftest52.exe  ' returned non-zero exit status 1[00m
[00;31mERROR: orio.main.tuner.ptest_driver:  performance testing failed: "timeout --kill-after=30s --signal=9 20m  ./__orio_perftest52.exe  "[00m
expected = 2399670049798078.000000
actual = 2399670049798078.000000
WARNING: orio.module.loop.submodule.tile.transformation: tile size 32 must be greater than the stride value 32; tile index = kkk
expected = 2399670049798078.000000
actual = 2399670049798078.000000
WARNING: orio.module.loop.submodule.tile.transformation: tile size 64 must be greater than the stride value 64; tile index = jjj
expected = 2399670049798078.000000
actual = 2399670049798078.000000
expected = 2399670049798078.000000
actual = 2399670049798078.000000
expected = 2399670049798078.000000
actual = 2399670049798078.000000
WARNING: orio.module.loop.submodule.tile.transformation: tile size 2 must be greater than the stride value 2; tile index = kkk
expected = 0.000000
actual = 2399670049798078.000000
[00;31mERROR: orio.main.tuner.ptest_driver: failed to execute the test code: "timeout --kill-after=30s --signal=9 20m  ./__orio_perftest58.exe  "
 --> CalledProcessError: Command 'timeout --kill-after=30s --signal=9 20m  ./__orio_perftest58.exe  ' returned non-zero exit status 1[00m
[00;31mERROR: orio.main.tuner.ptest_driver:  performance testing failed: "timeout --kill-after=30s --signal=9 20m  ./__orio_perftest58.exe  "[00m
expected = 2399670049798078.000000
actual = 2399670049798078.000000
expected = 2399670049798078.000000
actual = 2399670049798078.000000
expected = 2399670049798078.000000
actual = 2399670049798078.000000
expected = 2399670049798078.000000
actual = 2399670049798078.000000
WARNING: orio.module.loop.submodule.tile.transformation: tile size 128 must be greater than the stride value 128; tile index = jjj
WARNING: orio.module.loop.submodule.tile.transformation: tile size 2 must be greater than the stride value 2; tile index = kkk
expected = 0.000000
actual = 2399670049798078.000000
[00;31mERROR: orio.main.tuner.ptest_driver: failed to execute the test code: "timeout --kill-after=30s --signal=9 20m  ./__orio_perftest63.exe  "
 --> CalledProcessError: Command 'timeout --kill-after=30s --signal=9 20m  ./__orio_perftest63.exe  ' returned non-zero exit status 1[00m
[00;31mERROR: orio.main.tuner.ptest_driver:  performance testing failed: "timeout --kill-after=30s --signal=9 20m  ./__orio_perftest63.exe  "[00m
expected = 0.000000
actual = 2399670049798078.000000
[00;31mERROR: orio.main.tuner.ptest_driver: failed to execute the test code: "timeout --kill-after=30s --signal=9 20m  ./__orio_perftest64.exe  "
 --> CalledProcessError: Command 'timeout --kill-after=30s --signal=9 20m  ./__orio_perftest64.exe  ' returned non-zero exit status 1[00m
[00;31mERROR: orio.main.tuner.ptest_driver:  performance testing failed: "timeout --kill-after=30s --signal=9 20m  ./__orio_perftest64.exe  "[00m
expected = 2399670049798078.000000
actual = 2399670049798078.000000
expected = 2399670049798078.000000
actual = 2399670049798078.000000
expected = 0.000000
actual = 2399670049798078.000000
[00;31mERROR: orio.main.tuner.ptest_driver: failed to execute the test code: "timeout --kill-after=30s --signal=9 20m  ./__orio_perftest67.exe  "
 --> CalledProcessError: Command 'timeout --kill-after=30s --signal=9 20m  ./__orio_perftest67.exe  ' returned non-zero exit status 1[00m
[00;31mERROR: orio.main.tuner.ptest_driver:  performance testing failed: "timeout --kill-after=30s --signal=9 20m  ./__orio_perftest67.exe  "[00m
WARNING: orio.module.loop.submodule.tile.transformation: tile size 512 must be greater than the stride value 512; tile index = kkk
expected = 2399670049798078.000000
actual = 2399670049798078.000000
expected = 0.000000
actual = 2399670049798078.000000
[00;31mERROR: orio.main.tuner.ptest_driver: failed to execute the test code: "timeout --kill-after=30s --signal=9 20m  ./__orio_perftest69.exe  "
 --> CalledProcessError: Command 'timeout --kill-after=30s --signal=9 20m  ./__orio_perftest69.exe  ' returned non-zero exit status 1[00m
[00;31mERROR: orio.main.tuner.ptest_driver:  performance testing failed: "timeout --kill-after=30s --signal=9 20m  ./__orio_perftest69.exe  "[00m
expected = 2399670049798078.000000
actual = 2399670049798078.000000
expected = 2399670049798078.000000
actual = 2399670049798078.000000
WARNING: orio.module.loop.submodule.tile.transformation: tile size 2 must be greater than the stride value 2; tile index = iii
expected = 2399670049798078.000000
actual = 2399670049798078.000000
expected = 0.000000
actual = 2399670049798078.000000
[00;31mERROR: orio.main.tuner.ptest_driver: failed to execute the test code: "timeout --kill-after=30s --signal=9 20m  ./__orio_perftest73.exe  "
 --> CalledProcessError: Command 'timeout --kill-after=30s --signal=9 20m  ./__orio_perftest73.exe  ' returned non-zero exit status 1[00m
[00;31mERROR: orio.main.tuner.ptest_driver:  performance testing failed: "timeout --kill-after=30s --signal=9 20m  ./__orio_perftest73.exe  "[00m
WARNING: orio.module.loop.submodule.tile.transformation: tile size 128 must be greater than the stride value 128; tile index = iii
expected = 0.000000
actual = 2399670049798078.000000
[00;31mERROR: orio.main.tuner.ptest_driver: failed to execute the test code: "timeout --kill-after=30s --signal=9 20m  ./__orio_perftest74.exe  "
 --> CalledProcessError: Command 'timeout --kill-after=30s --signal=9 20m  ./__orio_perftest74.exe  ' returned non-zero exit status 1[00m
[00;31mERROR: orio.main.tuner.ptest_driver:  performance testing failed: "timeout --kill-after=30s --signal=9 20m  ./__orio_perftest74.exe  "[00m
expected = 2399670049798078.000000
actual = 2399670049798078.000000
WARNING: orio.module.loop.submodule.tile.transformation: tile size 8 must be greater than the stride value 8; tile index = jjj
expected = 2399670049798078.000000
actual = 2399670049798078.000000
expected = 2399670049798078.000000
actual = 2399670049798078.000000
WARNING: orio.module.loop.submodule.tile.transformation: tile size 8 must be greater than the stride value 8; tile index = jjj
expected = 2399670049798078.000000
actual = 2399670049798078.000000
expected = 0.000000
actual = 2399670049798078.000000
[00;31mERROR: orio.main.tuner.ptest_driver: failed to execute the test code: "timeout --kill-after=30s --signal=9 20m  ./__orio_perftest79.exe  "
 --> CalledProcessError: Command 'timeout --kill-after=30s --signal=9 20m  ./__orio_perftest79.exe  ' returned non-zero exit status 1[00m
[00;31mERROR: orio.main.tuner.ptest_driver:  performance testing failed: "timeout --kill-after=30s --signal=9 20m  ./__orio_perftest79.exe  "[00m
expected = 2399670049798078.000000
actual = 2399670049798078.000000
expected = 0.000000
actual = 2399670049798078.000000
[00;31mERROR: orio.main.tuner.ptest_driver: failed to execute the test code: "timeout --kill-after=30s --signal=9 20m  ./__orio_perftest81.exe  "
 --> CalledProcessError: Command 'timeout --kill-after=30s --signal=9 20m  ./__orio_perftest81.exe  ' returned non-zero exit status 1[00m
[00;31mERROR: orio.main.tuner.ptest_driver:  performance testing failed: "timeout --kill-after=30s --signal=9 20m  ./__orio_perftest81.exe  "[00m
expected = 2399670049798078.000000
actual = 2399670049798078.000000
expected = 2399670049798078.000000
actual = 2399670049798078.000000
expected = 2399670049798078.000000
actual = 2399670049798078.000000
WARNING: orio.module.loop.submodule.tile.transformation: tile size 8 must be greater than the stride value 8; tile index = jjj
expected = 2399670049798078.000000
actual = 2399670049798078.000000
WARNING: orio.module.loop.submodule.tile.transformation: tile size 256 must be greater than the stride value 256; tile index = jjj
expected = 0.000000
actual = 2399670049798078.000000
[00;31mERROR: orio.main.tuner.ptest_driver: failed to execute the test code: "timeout --kill-after=30s --signal=9 20m  ./__orio_perftest86.exe  "
 --> CalledProcessError: Command 'timeout --kill-after=30s --signal=9 20m  ./__orio_perftest86.exe  ' returned non-zero exit status 1[00m
[00;31mERROR: orio.main.tuner.ptest_driver:  performance testing failed: "timeout --kill-after=30s --signal=9 20m  ./__orio_perftest86.exe  "[00m
WARNING: orio.module.loop.submodule.tile.transformation: tile size 2 must be greater than the stride value 2; tile index = kkk
expected = 2399670049798078.000000
actual = 2399670049798078.000000
expected = 2399670049798078.000000
actual = 2399670049798078.000000
expected = 2399670049798078.000000
actual = 2399670049798078.000000
WARNING: orio.module.loop.submodule.tile.transformation: tile size 256 must be greater than the stride value 256; tile index = jjj
WARNING: orio.module.loop.submodule.tile.transformation: tile size 1024 must be greater than the stride value 1024; tile index = kkk
expected = 2399670049798078.000000
actual = 2399670049798078.000000
expected = 0.000000
actual = 2399670049798078.000000
[00;31mERROR: orio.main.tuner.ptest_driver: failed to execute the test code: "timeout --kill-after=30s --signal=9 20m  ./__orio_perftest91.exe  "
 --> CalledProcessError: Command 'timeout --kill-after=30s --signal=9 20m  ./__orio_perftest91.exe  ' returned non-zero exit status 1[00m
[00;31mERROR: orio.main.tuner.ptest_driver:  performance testing failed: "timeout --kill-after=30s --signal=9 20m  ./__orio_perftest91.exe  "[00m
expected = 2399670049798078.000000
actual = 2399670049798078.000000
expected = 2399670049798078.000000
actual = 2399670049798078.000000
expected = 2399670049798078.000000
actual = 2399670049798078.000000
WARNING: orio.module.loop.submodule.tile.transformation: tile size 8 must be greater than the stride value 8; tile index = jjj
expected = 2399670049798078.000000
actual = 2399670049798078.000000
expected = 2399670049798078.000000
actual = 2399670049798078.000000
expected = 0.000000
actual = 2399670049798078.000000
[00;31mERROR: orio.main.tuner.ptest_driver: failed to execute the test code: "timeout --kill-after=30s --signal=9 20m  ./__orio_perftest97.exe  "
 --> CalledProcessError: Command 'timeout --kill-after=30s --signal=9 20m  ./__orio_perftest97.exe  ' returned non-zero exit status 1[00m
[00;31mERROR: orio.main.tuner.ptest_driver:  performance testing failed: "timeout --kill-after=30s --signal=9 20m  ./__orio_perftest97.exe  "[00m
WARNING: orio.module.loop.submodule.tile.transformation: tile size 256 must be greater than the stride value 256; tile index = kkk
expected = 2399670049798078.000000
actual = 2399670049798078.000000
expected = 2399670049798078.000000
actual = 2399670049798078.000000
expected = 0.000000
actual = 2399670049798078.000000
[00;31mERROR: orio.main.tuner.ptest_driver: failed to execute the test code: "timeout --kill-after=30s --signal=9 20m  ./__orio_perftest100.exe  "
 --> CalledProcessError: Command 'timeout --kill-after=30s --signal=9 20m  ./__orio_perftest100.exe  ' returned non-zero exit status 1[00m
[00;31mERROR: orio.main.tuner.ptest_driver:  performance testing failed: "timeout --kill-after=30s --signal=9 20m  ./__orio_perftest100.exe  "[00m
expected = 2399670049798078.000000
actual = 2399670049798078.000000
expected = 2399670049798078.000000
actual = 2399670049798078.000000
WARNING: orio.module.loop.submodule.tile.transformation: tile size 64 must be greater than the stride value 64; tile index = iii
expected = 2399670049798078.000000
actual = 2399670049798078.000000
expected = 2399670049798078.000000
actual = 2399670049798078.000000
expected = 2399670049798078.000000
actual = 2399670049798078.000000
expected = 2399670049798078.000000
actual = 2399670049798078.000000
WARNING: orio.module.loop.submodule.tile.transformation: tile size 64 must be greater than the stride value 64; tile index = iii
expected = 2399670049798078.000000
actual = 2399670049798078.000000
expected = 2399670049798078.000000
actual = 2399670049798078.000000
WARNING: orio.module.loop.submodule.tile.transformation: tile size 128 must be greater than the stride value 128; tile index = kkk
expected = 2399670049798078.000000
actual = 2399670049798078.000000
expected = 2399670049798078.000000
actual = 2399670049798078.000000
expected = 2399670049798078.000000
actual = 2399670049798078.000000
WARNING: orio.module.loop.submodule.tile.transformation: tile size 128 must be greater than the stride value 128; tile index = kkk
expected = 2399670049798078.000000
actual = 2399670049798078.000000
WARNING: orio.module.loop.submodule.tile.transformation: tile size 1024 must be greater than the stride value 1024; tile index = kkk
expected = 2399670049798078.000000
actual = 2399670049798078.000000
WARNING: orio.module.loop.submodule.tile.transformation: tile size 2048 must be greater than the stride value 2048; tile index = jjj
expected = 2399670049798078.000000
actual = 2399670049798078.000000
WARNING: orio.module.loop.submodule.tile.transformation: tile size 8 must be greater than the stride value 8; tile index = iii
expected = 2399670049798078.000000
actual = 2399670049798078.000000
expected = 2399670049798078.000000
actual = 2399670049798078.000000
expected = 2399670049798078.000000
actual = 2399670049798078.000000
WARNING: orio.module.loop.submodule.tile.transformation: tile size 128 must be greater than the stride value 128; tile index = kkk
expected = 2399670049798078.000000
actual = 2399670049798078.000000
expected = 2399670049798078.000000
actual = 2399670049798078.000000
WARNING: orio.module.loop.submodule.tile.transformation: tile size 512 must be greater than the stride value 512; tile index = kkk
expected = 2399670049798078.000000
actual = 2399670049798078.000000
WARNING: orio.module.loop.submodule.tile.transformation: tile size 256 must be greater than the stride value 256; tile index = jjj
expected = 2399670049798078.000000
actual = 2399670049798078.000000
WARNING: orio.module.loop.submodule.tile.transformation: tile size 512 must be greater than the stride value 512; tile index = jjj
expected = 2399670049798078.000000
actual = 2399670049798078.000000
WARNING: orio.module.loop.submodule.tile.transformation: tile size 256 must be greater than the stride value 256; tile index = kkk
expected = 2399670049798078.000000
actual = 2399670049798078.000000
expected = 2399670049798078.000000
actual = 2399670049798078.000000
expected = 2399670049798078.000000
actual = 2399670049798078.000000
WARNING: orio.module.loop.submodule.tile.transformation: tile size 4 must be greater than the stride value 4; tile index = kkk
expected = 2399670049798078.000000
actual = 2399670049798078.000000
expected = 2399670049798078.000000
actual = 2399670049798078.000000
WARNING: orio.module.loop.submodule.tile.transformation: tile size 2048 must be greater than the stride value 2048; tile index = jjj
expected = 2399670049798078.000000
actual = 2399670049798078.000000
expected = 2399670049798078.000000
actual = 2399670049798078.000000
WARNING: orio.module.loop.submodule.tile.transformation: tile size 128 must be greater than the stride value 128; tile index = jjj
expected = 2399670049798078.000000
actual = 2399670049798078.000000
WARNING: orio.module.loop.submodule.tile.transformation: tile size 16 must be greater than the stride value 16; tile index = kkk
expected = 2399670049798078.000000
actual = 2399670049798078.000000
expected = 2399670049798078.000000
actual = 2399670049798078.000000
expected = 2399670049798078.000000
actual = 2399670049798078.000000
WARNING: orio.module.loop.submodule.tile.transformation: tile size 4 must be greater than the stride value 4; tile index = iii
WARNING: orio.module.loop.submodule.tile.transformation: tile size 512 must be greater than the stride value 512; tile index = jjj
expected = 2399670049798078.000000
actual = 2399670049798078.000000
WARNING: orio.module.loop.submodule.tile.transformation: tile size 8 must be greater than the stride value 8; tile index = jjj
WARNING: orio.module.loop.submodule.tile.transformation: tile size 8 must be greater than the stride value 8; tile index = kkk
expected = 0.000000
actual = 2399670049798078.000000
[00;31mERROR: orio.main.tuner.ptest_driver: failed to execute the test code: "timeout --kill-after=30s --signal=9 20m  ./__orio_perftest135.exe  "
 --> CalledProcessError: Command 'timeout --kill-after=30s --signal=9 20m  ./__orio_perftest135.exe  ' returned non-zero exit status 1[00m
[00;31mERROR: orio.main.tuner.ptest_driver:  performance testing failed: "timeout --kill-after=30s --signal=9 20m  ./__orio_perftest135.exe  "[00m
WARNING: orio.module.loop.submodule.tile.transformation: tile size 32 must be greater than the stride value 32; tile index = iii
expected = 2399670049798078.000000
actual = 2399670049798078.000000
WARNING: orio.module.loop.submodule.tile.transformation: tile size 2048 must be greater than the stride value 2048; tile index = kkk
expected = 2399670049798078.000000
actual = 2399670049798078.000000
expected = 2399670049798078.000000
actual = 2399670049798078.000000
expected = 0.000000
actual = 2399670049798078.000000
[00;31mERROR: orio.main.tuner.ptest_driver: failed to execute the test code: "timeout --kill-after=30s --signal=9 20m  ./__orio_perftest139.exe  "
 --> CalledProcessError: Command 'timeout --kill-after=30s --signal=9 20m  ./__orio_perftest139.exe  ' returned non-zero exit status 1[00m
[00;31mERROR: orio.main.tuner.ptest_driver:  performance testing failed: "timeout --kill-after=30s --signal=9 20m  ./__orio_perftest139.exe  "[00m
expected = 2399670049798078.000000
actual = 2399670049798078.000000
expected = 2399670049798078.000000
actual = 2399670049798078.000000
expected = 2399670049798078.000000
actual = 2399670049798078.000000
WARNING: orio.module.loop.submodule.tile.transformation: tile size 2 must be greater than the stride value 2; tile index = kkk
expected = 0.000000
actual = 2399670049798078.000000
[00;31mERROR: orio.main.tuner.ptest_driver: failed to execute the test code: "timeout --kill-after=30s --signal=9 20m  ./__orio_perftest143.exe  "
 --> CalledProcessError: Command 'timeout --kill-after=30s --signal=9 20m  ./__orio_perftest143.exe  ' returned non-zero exit status 1[00m
[00;31mERROR: orio.main.tuner.ptest_driver:  performance testing failed: "timeout --kill-after=30s --signal=9 20m  ./__orio_perftest143.exe  "[00m
expected = 2399670049798078.000000
actual = 2399670049798078.000000
expected = 0.000000
actual = 2399670049798078.000000
[00;31mERROR: orio.main.tuner.ptest_driver: failed to execute the test code: "timeout --kill-after=30s --signal=9 20m  ./__orio_perftest145.exe  "
 --> CalledProcessError: Command 'timeout --kill-after=30s --signal=9 20m  ./__orio_perftest145.exe  ' returned non-zero exit status 1[00m
[00;31mERROR: orio.main.tuner.ptest_driver:  performance testing failed: "timeout --kill-after=30s --signal=9 20m  ./__orio_perftest145.exe  "[00m
expected = 2399670049798078.000000
actual = 2399670049798078.000000
expected = 2399670049798078.000000
actual = 2399670049798078.000000
WARNING: orio.module.loop.submodule.tile.transformation: tile size 8 must be greater than the stride value 8; tile index = iii
expected = 2399670049798078.000000
actual = 2399670049798078.000000
expected = 2399670049798078.000000
actual = 2399670049798078.000000
expected = 2399670049798078.000000
actual = 2399670049798078.000000
expected = 2399670049798078.000000
actual = 2399670049798078.000000
expected = 2399670049798078.000000
actual = 2399670049798078.000000
WARNING: orio.module.loop.submodule.tile.transformation: tile size 2048 must be greater than the stride value 2048; tile index = iii
expected = 0.000000
actual = 2399670049798078.000000
[00;31mERROR: orio.main.tuner.ptest_driver: failed to execute the test code: "timeout --kill-after=30s --signal=9 20m  ./__orio_perftest153.exe  "
 --> CalledProcessError: Command 'timeout --kill-after=30s --signal=9 20m  ./__orio_perftest153.exe  ' returned non-zero exit status 1[00m
[00;31mERROR: orio.main.tuner.ptest_driver:  performance testing failed: "timeout --kill-after=30s --signal=9 20m  ./__orio_perftest153.exe  "[00m
expected = 2399670049798078.000000
actual = 2399670049798078.000000
expected = 2399670049798078.000000
actual = 2399670049798078.000000
WARNING: orio.module.loop.submodule.tile.transformation: tile size 64 must be greater than the stride value 64; tile index = kkk
expected = 2399670049798078.000000
actual = 2399670049798078.000000
expected = 2399670049798078.000000
actual = 2399670049798078.000000
expected = 2399670049798078.000000
actual = 2399670049798078.000000
expected = 0.000000
actual = 2399670049798078.000000
[00;31mERROR: orio.main.tuner.ptest_driver: failed to execute the test code: "timeout --kill-after=30s --signal=9 20m  ./__orio_perftest159.exe  "
 --> CalledProcessError: Command 'timeout --kill-after=30s --signal=9 20m  ./__orio_perftest159.exe  ' returned non-zero exit status 1[00m
[00;31mERROR: orio.main.tuner.ptest_driver:  performance testing failed: "timeout --kill-after=30s --signal=9 20m  ./__orio_perftest159.exe  "[00m
expected = 2399670049798078.000000
actual = 2399670049798078.000000
WARNING: orio.module.loop.submodule.tile.transformation: tile size 4 must be greater than the stride value 4; tile index = kkk
expected = 2399670049798078.000000
actual = 2399670049798078.000000
WARNING: orio.module.loop.submodule.tile.transformation: tile size 2048 must be greater than the stride value 2048; tile index = jjj
expected = 0.000000
actual = 2399670049798078.000000
[00;31mERROR: orio.main.tuner.ptest_driver: failed to execute the test code: "timeout --kill-after=30s --signal=9 20m  ./__orio_perftest162.exe  "
 --> CalledProcessError: Command 'timeout --kill-after=30s --signal=9 20m  ./__orio_perftest162.exe  ' returned non-zero exit status 1[00m
[00;31mERROR: orio.main.tuner.ptest_driver:  performance testing failed: "timeout --kill-after=30s --signal=9 20m  ./__orio_perftest162.exe  "[00m
expected = 2399670049798078.000000
actual = 2399670049798078.000000
expected = 0.000000
actual = 2399670049798078.000000
[00;31mERROR: orio.main.tuner.ptest_driver: failed to execute the test code: "timeout --kill-after=30s --signal=9 20m  ./__orio_perftest164.exe  "
 --> CalledProcessError: Command 'timeout --kill-after=30s --signal=9 20m  ./__orio_perftest164.exe  ' returned non-zero exit status 1[00m
[00;31mERROR: orio.main.tuner.ptest_driver:  performance testing failed: "timeout --kill-after=30s --signal=9 20m  ./__orio_perftest164.exe  "[00m
expected = 2399670049798078.000000
actual = 2399670049798078.000000
expected = 2399670049798078.000000
actual = 2399670049798078.000000
WARNING: orio.module.loop.submodule.tile.transformation: tile size 4 must be greater than the stride value 4; tile index = iii
WARNING: orio.module.loop.submodule.tile.transformation: tile size 4 must be greater than the stride value 4; tile index = kkk
expected = 2399670049798078.000000
actual = 2399670049798078.000000
expected = 2399670049798078.000000
actual = 2399670049798078.000000
WARNING: orio.module.loop.submodule.tile.transformation: tile size 64 must be greater than the stride value 64; tile index = jjj
WARNING: orio.module.loop.submodule.tile.transformation: tile size 256 must be greater than the stride value 256; tile index = kkk
expected = 2399670049798078.000000
actual = 2399670049798078.000000
expected = 0.000000
actual = 2399670049798078.000000
[00;31mERROR: orio.main.tuner.ptest_driver: failed to execute the test code: "timeout --kill-after=30s --signal=9 20m  ./__orio_perftest170.exe  "
 --> CalledProcessError: Command 'timeout --kill-after=30s --signal=9 20m  ./__orio_perftest170.exe  ' returned non-zero exit status 1[00m
[00;31mERROR: orio.main.tuner.ptest_driver:  performance testing failed: "timeout --kill-after=30s --signal=9 20m  ./__orio_perftest170.exe  "[00m
expected = 2399670049798078.000000
actual = 2399670049798078.000000
expected = 2399670049798078.000000
actual = 2399670049798078.000000
expected = 2399670049798078.000000
actual = 2399670049798078.000000
WARNING: orio.module.loop.submodule.tile.transformation: tile size 2 must be greater than the stride value 2; tile index = jjj
expected = 2399670049798078.000000
actual = 2399670049798078.000000
expected = 2399670049798078.000000
actual = 2399670049798078.000000
expected = 2399670049798078.000000
actual = 2399670049798078.000000
WARNING: orio.module.loop.submodule.tile.transformation: tile size 4 must be greater than the stride value 4; tile index = kkk
expected = 0.000000
actual = 2399670049798078.000000
[00;31mERROR: orio.main.tuner.ptest_driver: failed to execute the test code: "timeout --kill-after=30s --signal=9 20m  ./__orio_perftest177.exe  "
 --> CalledProcessError: Command 'timeout --kill-after=30s --signal=9 20m  ./__orio_perftest177.exe  ' returned non-zero exit status 1[00m
[00;31mERROR: orio.main.tuner.ptest_driver:  performance testing failed: "timeout --kill-after=30s --signal=9 20m  ./__orio_perftest177.exe  "[00m
expected = 2399670049798078.000000
actual = 2399670049798078.000000
expected = 2399670049798078.000000
actual = 2399670049798078.000000
expected = 2399670049798078.000000
actual = 2399670049798078.000000
expected = 2399670049798078.000000
actual = 2399670049798078.000000
expected = 2399670049798078.000000
actual = 2399670049798078.000000
expected = 0.000000
actual = 2399670049798078.000000
[00;31mERROR: orio.main.tuner.ptest_driver: failed to execute the test code: "timeout --kill-after=30s --signal=9 20m  ./__orio_perftest183.exe  "
 --> CalledProcessError: Command 'timeout --kill-after=30s --signal=9 20m  ./__orio_perftest183.exe  ' returned non-zero exit status 1[00m
[00;31mERROR: orio.main.tuner.ptest_driver:  performance testing failed: "timeout --kill-after=30s --signal=9 20m  ./__orio_perftest183.exe  "[00m
expected = 2399670049798078.000000
actual = 2399670049798078.000000
expected = 2399670049798078.000000
actual = 2399670049798078.000000
expected = 2399670049798078.000000
actual = 2399670049798078.000000
expected = 2399670049798078.000000
actual = 2399670049798078.000000
expected = 2399670049798078.000000
actual = 2399670049798078.000000
expected = 2399670049798078.000000
actual = 2399670049798078.000000
expected = 2399670049798078.000000
actual = 2399670049798078.000000
WARNING: orio.module.loop.submodule.tile.transformation: tile size 256 must be greater than the stride value 256; tile index = kkk
expected = 2399670049798078.000000
actual = 2399670049798078.000000
expected = 2399670049798078.000000
actual = 2399670049798078.000000
expected = 2399670049798078.000000
actual = 2399670049798078.000000
expected = 2399670049798078.000000
actual = 2399670049798078.000000
expected = 2399670049798078.000000
actual = 2399670049798078.000000
expected = 2399670049798078.000000
actual = 2399670049798078.000000
expected = 2399670049798078.000000
actual = 2399670049798078.000000
WARNING: orio.module.loop.submodule.tile.transformation: tile size 512 must be greater than the stride value 512; tile index = kkk
expected = 2399670049798078.000000
actual = 2399670049798078.000000
WARNING: orio.module.loop.submodule.tile.transformation: tile size 256 must be greater than the stride value 256; tile index = iii
expected = 0.000000
actual = 2399670049798078.000000
[00;31mERROR: orio.main.tuner.ptest_driver: failed to execute the test code: "timeout --kill-after=30s --signal=9 20m  ./__orio_perftest199.exe  "
 --> CalledProcessError: Command 'timeout --kill-after=30s --signal=9 20m  ./__orio_perftest199.exe  ' returned non-zero exit status 1[00m
[00;31mERROR: orio.main.tuner.ptest_driver:  performance testing failed: "timeout --kill-after=30s --signal=9 20m  ./__orio_perftest199.exe  "[00m
expected = 2399670049798078.000000
actual = 2399670049798078.000000
WARNING: orio.module.loop.submodule.tile.transformation: tile size 32 must be greater than the stride value 32; tile index = kkk
expected = 2399670049798078.000000
actual = 2399670049798078.000000
expected = 2399670049798078.000000
actual = 2399670049798078.000000
expected = 0.000000
actual = 2399670049798078.000000
[00;31mERROR: orio.main.tuner.ptest_driver: failed to execute the test code: "timeout --kill-after=30s --signal=9 20m  ./__orio_perftest203.exe  "
 --> CalledProcessError: Command 'timeout --kill-after=30s --signal=9 20m  ./__orio_perftest203.exe  ' returned non-zero exit status 1[00m
[00;31mERROR: orio.main.tuner.ptest_driver:  performance testing failed: "timeout --kill-after=30s --signal=9 20m  ./__orio_perftest203.exe  "[00m
expected = 2399670049798078.000000
actual = 2399670049798078.000000
expected = 2399670049798078.000000
actual = 2399670049798078.000000
expected = 2399670049798078.000000
actual = 2399670049798078.000000
expected = 2399670049798078.000000
actual = 2399670049798078.000000
WARNING: orio.module.loop.submodule.tile.transformation: tile size 64 must be greater than the stride value 64; tile index = jjj
expected = 2399670049798078.000000
actual = 2399670049798078.000000
WARNING: orio.module.loop.submodule.tile.transformation: tile size 4 must be greater than the stride value 4; tile index = kkk
expected = 2399670049798078.000000
actual = 2399670049798078.000000
expected = 2399670049798078.000000
actual = 2399670049798078.000000
WARNING: orio.module.loop.submodule.tile.transformation: tile size 2 must be greater than the stride value 2; tile index = kkk
expected = 2399670049798078.000000
actual = 2399670049798078.000000
expected = 2399670049798078.000000
actual = 2399670049798078.000000
WARNING: orio.module.loop.submodule.tile.transformation: tile size 256 must be greater than the stride value 256; tile index = iii
WARNING: orio.module.loop.submodule.tile.transformation: tile size 128 must be greater than the stride value 128; tile index = jjj
expected = 2399670049798078.000000
actual = 2399670049798078.000000
WARNING: orio.module.loop.submodule.tile.transformation: tile size 8 must be greater than the stride value 8; tile index = kkk
expected = 2399670049798078.000000
actual = 2399670049798078.000000
WARNING: orio.module.loop.submodule.tile.transformation: tile size 1024 must be greater than the stride value 1024; tile index = kkk
expected = 2399670049798078.000000
actual = 2399670049798078.000000
expected = 2399670049798078.000000
actual = 2399670049798078.000000
expected = 2399670049798078.000000
actual = 2399670049798078.000000
expected = 2399670049798078.000000
actual = 2399670049798078.000000
WARNING: orio.module.loop.submodule.tile.transformation: tile size 16 must be greater than the stride value 16; tile index = iii
expected = 2399670049798078.000000
actual = 2399670049798078.000000
expected = 0.000000
actual = 2399670049798078.000000
[00;31mERROR: orio.main.tuner.ptest_driver: failed to execute the test code: "timeout --kill-after=30s --signal=9 20m  ./__orio_perftest220.exe  "
 --> CalledProcessError: Command 'timeout --kill-after=30s --signal=9 20m  ./__orio_perftest220.exe  ' returned non-zero exit status 1[00m
[00;31mERROR: orio.main.tuner.ptest_driver:  performance testing failed: "timeout --kill-after=30s --signal=9 20m  ./__orio_perftest220.exe  "[00m
expected = 2399670049798078.000000
actual = 2399670049798078.000000
WARNING: orio.module.loop.submodule.tile.transformation: tile size 8 must be greater than the stride value 8; tile index = kkk
expected = 2399670049798078.000000
actual = 2399670049798078.000000
expected = 2399670049798078.000000
actual = 2399670049798078.000000
expected = 0.000000
actual = 2399670049798078.000000
[00;31mERROR: orio.main.tuner.ptest_driver: failed to execute the test code: "timeout --kill-after=30s --signal=9 20m  ./__orio_perftest224.exe  "
 --> CalledProcessError: Command 'timeout --kill-after=30s --signal=9 20m  ./__orio_perftest224.exe  ' returned non-zero exit status 1[00m
[00;31mERROR: orio.main.tuner.ptest_driver:  performance testing failed: "timeout --kill-after=30s --signal=9 20m  ./__orio_perftest224.exe  "[00m
expected = 2399670049798078.000000
actual = 2399670049798078.000000
expected = 2399670049798078.000000
actual = 2399670049798078.000000
expected = 2399670049798078.000000
actual = 2399670049798078.000000
WARNING: orio.module.loop.submodule.tile.transformation: tile size 1024 must be greater than the stride value 1024; tile index = jjj
expected = 0.000000
actual = 2399670049798078.000000
[00;31mERROR: orio.main.tuner.ptest_driver: failed to execute the test code: "timeout --kill-after=30s --signal=9 20m  ./__orio_perftest228.exe  "
 --> CalledProcessError: Command 'timeout --kill-after=30s --signal=9 20m  ./__orio_perftest228.exe  ' returned non-zero exit status 1[00m
[00;31mERROR: orio.main.tuner.ptest_driver:  performance testing failed: "timeout --kill-after=30s --signal=9 20m  ./__orio_perftest228.exe  "[00m
WARNING: orio.module.loop.submodule.tile.transformation: tile size 1024 must be greater than the stride value 1024; tile index = iii
expected = 0.000000
actual = 2399670049798078.000000
[00;31mERROR: orio.main.tuner.ptest_driver: failed to execute the test code: "timeout --kill-after=30s --signal=9 20m  ./__orio_perftest229.exe  "
 --> CalledProcessError: Command 'timeout --kill-after=30s --signal=9 20m  ./__orio_perftest229.exe  ' returned non-zero exit status 1[00m
[00;31mERROR: orio.main.tuner.ptest_driver:  performance testing failed: "timeout --kill-after=30s --signal=9 20m  ./__orio_perftest229.exe  "[00m
WARNING: orio.module.loop.submodule.tile.transformation: tile size 64 must be greater than the stride value 64; tile index = jjj
expected = 2399670049798078.000000
actual = 2399670049798078.000000
expected = 2399670049798078.000000
actual = 2399670049798078.000000
WARNING: orio.module.loop.submodule.tile.transformation: tile size 2048 must be greater than the stride value 2048; tile index = iii
expected = 2399670049798078.000000
actual = 2399670049798078.000000
expected = 0.000000
actual = 2399670049798078.000000
[00;31mERROR: orio.main.tuner.ptest_driver: failed to execute the test code: "timeout --kill-after=30s --signal=9 20m  ./__orio_perftest233.exe  "
 --> CalledProcessError: Command 'timeout --kill-after=30s --signal=9 20m  ./__orio_perftest233.exe  ' returned non-zero exit status 1[00m
[00;31mERROR: orio.main.tuner.ptest_driver:  performance testing failed: "timeout --kill-after=30s --signal=9 20m  ./__orio_perftest233.exe  "[00m
WARNING: orio.module.loop.submodule.tile.transformation: tile size 512 must be greater than the stride value 512; tile index = kkk
expected = 2399670049798078.000000
actual = 2399670049798078.000000
WARNING: orio.module.loop.submodule.tile.transformation: tile size 32 must be greater than the stride value 32; tile index = jjj
expected = 2399670049798078.000000
actual = 2399670049798078.000000
expected = 2399670049798078.000000
actual = 2399670049798078.000000
expected = 2399670049798078.000000
actual = 2399670049798078.000000
WARNING: orio.module.loop.submodule.tile.transformation: tile size 4 must be greater than the stride value 4; tile index = kkk
expected = 2399670049798078.000000
actual = 2399670049798078.000000
expected = 2399670049798078.000000
actual = 2399670049798078.000000
expected = 2399670049798078.000000
actual = 2399670049798078.000000
expected = 2399670049798078.000000
actual = 2399670049798078.000000
WARNING: orio.module.loop.submodule.tile.transformation: tile size 512 must be greater than the stride value 512; tile index = iii
expected = 2399670049798078.000000
actual = 2399670049798078.000000
expected = 2399670049798078.000000
actual = 2399670049798078.000000
WARNING: orio.module.loop.submodule.tile.transformation: tile size 32 must be greater than the stride value 32; tile index = jjj
WARNING: orio.module.loop.submodule.tile.transformation: tile size 2048 must be greater than the stride value 2048; tile index = kkk
expected = 2399670049798078.000000
actual = 2399670049798078.000000
expected = 2399670049798078.000000
actual = 2399670049798078.000000
WARNING: orio.module.loop.submodule.tile.transformation: tile size 4 must be greater than the stride value 4; tile index = jjj
expected = 2399670049798078.000000
actual = 2399670049798078.000000
WARNING: orio.module.loop.submodule.tile.transformation: tile size 512 must be greater than the stride value 512; tile index = kkk
expected = 2399670049798078.000000
actual = 2399670049798078.000000
expected = 0.000000
actual = 2399670049798078.000000
[00;31mERROR: orio.main.tuner.ptest_driver: failed to execute the test code: "timeout --kill-after=30s --signal=9 20m  ./__orio_perftest248.exe  "
 --> CalledProcessError: Command 'timeout --kill-after=30s --signal=9 20m  ./__orio_perftest248.exe  ' returned non-zero exit status 1[00m
[00;31mERROR: orio.main.tuner.ptest_driver:  performance testing failed: "timeout --kill-after=30s --signal=9 20m  ./__orio_perftest248.exe  "[00m
WARNING: orio.module.loop.submodule.tile.transformation: tile size 4 must be greater than the stride value 4; tile index = jjj
expected = 2399670049798078.000000
actual = 2399670049798078.000000
expected = 2399670049798078.000000
actual = 2399670049798078.000000
expected = 2399670049798078.000000
actual = 2399670049798078.000000
expected = 2399670049798078.000000
actual = 2399670049798078.000000
expected = 2399670049798078.000000
actual = 2399670049798078.000000
expected = 2399670049798078.000000
actual = 2399670049798078.000000
WARNING: orio.module.loop.submodule.tile.transformation: tile size 1024 must be greater than the stride value 1024; tile index = jjj
expected = 2399670049798078.000000
actual = 2399670049798078.000000
WARNING: orio.module.loop.submodule.tile.transformation: tile size 2 must be greater than the stride value 2; tile index = kkk
expected = 2399670049798078.000000
actual = 2399670049798078.000000
expected = 2399670049798078.000000
actual = 2399670049798078.000000
expected = 2399670049798078.000000
actual = 2399670049798078.000000
WARNING: orio.module.loop.submodule.tile.transformation: tile size 8 must be greater than the stride value 8; tile index = iii
expected = 2399670049798078.000000
actual = 2399670049798078.000000
expected = 0.000000
actual = 2399670049798078.000000
[00;31mERROR: orio.main.tuner.ptest_driver: failed to execute the test code: "timeout --kill-after=30s --signal=9 20m  ./__orio_perftest260.exe  "
 --> CalledProcessError: Command 'timeout --kill-after=30s --signal=9 20m  ./__orio_perftest260.exe  ' returned non-zero exit status 1[00m
[00;31mERROR: orio.main.tuner.ptest_driver:  performance testing failed: "timeout --kill-after=30s --signal=9 20m  ./__orio_perftest260.exe  "[00m
expected = 2399670049798078.000000
actual = 2399670049798078.000000
expected = 2399670049798078.000000
actual = 2399670049798078.000000
expected = 2399670049798078.000000
actual = 2399670049798078.000000
expected = 2399670049798078.000000
actual = 2399670049798078.000000
expected = 2399670049798078.000000
actual = 2399670049798078.000000
WARNING: orio.module.loop.submodule.tile.transformation: tile size 128 must be greater than the stride value 128; tile index = iii
WARNING: orio.module.loop.submodule.tile.transformation: tile size 64 must be greater than the stride value 64; tile index = jjj
expected = 2399670049798078.000000
actual = 2399670049798078.000000
expected = 0.000000
actual = 2399670049798078.000000
[00;31mERROR: orio.main.tuner.ptest_driver: failed to execute the test code: "timeout --kill-after=30s --signal=9 20m  ./__orio_perftest267.exe  "
 --> CalledProcessError: Command 'timeout --kill-after=30s --signal=9 20m  ./__orio_perftest267.exe  ' returned non-zero exit status 1[00m
[00;31mERROR: orio.main.tuner.ptest_driver:  performance testing failed: "timeout --kill-after=30s --signal=9 20m  ./__orio_perftest267.exe  "[00m
WARNING: orio.module.loop.submodule.tile.transformation: tile size 128 must be greater than the stride value 128; tile index = iii
expected = 2399670049798078.000000
actual = 2399670049798078.000000
WARNING: orio.module.loop.submodule.tile.transformation: tile size 8 must be greater than the stride value 8; tile index = iii
expected = 2399670049798078.000000
actual = 2399670049798078.000000
expected = 2399670049798078.000000
actual = 2399670049798078.000000
WARNING: orio.module.loop.submodule.tile.transformation: tile size 16 must be greater than the stride value 16; tile index = jjj
expected = 2399670049798078.000000
actual = 2399670049798078.000000
expected = 2399670049798078.000000
actual = 2399670049798078.000000
expected = 0.000000
actual = 2399670049798078.000000
[00;31mERROR: orio.main.tuner.ptest_driver: failed to execute the test code: "timeout --kill-after=30s --signal=9 20m  ./__orio_perftest273.exe  "
 --> CalledProcessError: Command 'timeout --kill-after=30s --signal=9 20m  ./__orio_perftest273.exe  ' returned non-zero exit status 1[00m
[00;31mERROR: orio.main.tuner.ptest_driver:  performance testing failed: "timeout --kill-after=30s --signal=9 20m  ./__orio_perftest273.exe  "[00m
expected = 2399670049798078.000000
actual = 2399670049798078.000000
expected = 0.000000
actual = 2399670049798078.000000
[00;31mERROR: orio.main.tuner.ptest_driver: failed to execute the test code: "timeout --kill-after=30s --signal=9 20m  ./__orio_perftest275.exe  "
 --> CalledProcessError: Command 'timeout --kill-after=30s --signal=9 20m  ./__orio_perftest275.exe  ' returned non-zero exit status 1[00m
[00;31mERROR: orio.main.tuner.ptest_driver:  performance testing failed: "timeout --kill-after=30s --signal=9 20m  ./__orio_perftest275.exe  "[00m
expected = 2399670049798078.000000
actual = 2399670049798078.000000
WARNING: orio.module.loop.submodule.tile.transformation: tile size 64 must be greater than the stride value 64; tile index = kkk
expected = 2399670049798078.000000
actual = 2399670049798078.000000
expected = 2399670049798078.000000
actual = 2399670049798078.000000
expected = 0.000000
actual = 2399670049798078.000000
[00;31mERROR: orio.main.tuner.ptest_driver: failed to execute the test code: "timeout --kill-after=30s --signal=9 20m  ./__orio_perftest279.exe  "
 --> CalledProcessError: Command 'timeout --kill-after=30s --signal=9 20m  ./__orio_perftest279.exe  ' returned non-zero exit status 1[00m
[00;31mERROR: orio.main.tuner.ptest_driver:  performance testing failed: "timeout --kill-after=30s --signal=9 20m  ./__orio_perftest279.exe  "[00m
WARNING: orio.module.loop.submodule.tile.transformation: tile size 1024 must be greater than the stride value 1024; tile index = jjj
expected = 2399670049798078.000000
actual = 2399670049798078.000000
expected = 2399670049798078.000000
actual = 2399670049798078.000000
expected = 2399670049798078.000000
actual = 2399670049798078.000000
expected = 2399670049798078.000000
actual = 2399670049798078.000000
expected = 2399670049798078.000000
actual = 2399670049798078.000000
expected = 0.000000
actual = 2399670049798078.000000
[00;31mERROR: orio.main.tuner.ptest_driver: failed to execute the test code: "timeout --kill-after=30s --signal=9 20m  ./__orio_perftest285.exe  "
 --> CalledProcessError: Command 'timeout --kill-after=30s --signal=9 20m  ./__orio_perftest285.exe  ' returned non-zero exit status 1[00m
[00;31mERROR: orio.main.tuner.ptest_driver:  performance testing failed: "timeout --kill-after=30s --signal=9 20m  ./__orio_perftest285.exe  "[00m
expected = 2399670049798078.000000
actual = 2399670049798078.000000
expected = 2399670049798078.000000
actual = 2399670049798078.000000
expected = 2399670049798078.000000
actual = 2399670049798078.000000
expected = 2399670049798078.000000
actual = 2399670049798078.000000
WARNING: orio.module.loop.submodule.tile.transformation: tile size 512 must be greater than the stride value 512; tile index = jjj
expected = 2399670049798078.000000
actual = 2399670049798078.000000
WARNING: orio.module.loop.submodule.tile.transformation: tile size 8 must be greater than the stride value 8; tile index = jjj
expected = 2399670049798078.000000
actual = 2399670049798078.000000
WARNING: orio.module.loop.submodule.tile.transformation: tile size 2 must be greater than the stride value 2; tile index = kkk
expected = 2399670049798078.000000
actual = 2399670049798078.000000
expected = 2399670049798078.000000
actual = 2399670049798078.000000
expected = 2399670049798078.000000
actual = 2399670049798078.000000
WARNING: orio.module.loop.submodule.tile.transformation: tile size 512 must be greater than the stride value 512; tile index = iii
expected = 2399670049798078.000000
actual = 2399670049798078.000000
expected = 2399670049798078.000000
actual = 2399670049798078.000000
expected = 2399670049798078.000000
actual = 2399670049798078.000000
WARNING: orio.module.loop.submodule.tile.transformation: tile size 128 must be greater than the stride value 128; tile index = jjj
expected = 2399670049798078.000000
actual = 2399670049798078.000000
expected = 0.000000
actual = 2399670049798078.000000
[00;31mERROR: orio.main.tuner.ptest_driver: failed to execute the test code: "timeout --kill-after=30s --signal=9 20m  ./__orio_perftest299.exe  "
 --> CalledProcessError: Command 'timeout --kill-after=30s --signal=9 20m  ./__orio_perftest299.exe  ' returned non-zero exit status 1[00m
[00;31mERROR: orio.main.tuner.ptest_driver:  performance testing failed: "timeout --kill-after=30s --signal=9 20m  ./__orio_perftest299.exe  "[00m
expected = 0.000000
actual = 2399670049798078.000000
[00;31mERROR: orio.main.tuner.ptest_driver: failed to execute the test code: "timeout --kill-after=30s --signal=9 20m  ./__orio_perftest300.exe  "
 --> CalledProcessError: Command 'timeout --kill-after=30s --signal=9 20m  ./__orio_perftest300.exe  ' returned non-zero exit status 1[00m
[00;31mERROR: orio.main.tuner.ptest_driver:  performance testing failed: "timeout --kill-after=30s --signal=9 20m  ./__orio_perftest300.exe  "[00m
expected = 2399670049798078.000000
actual = 2399670049798078.000000
WARNING: orio.module.loop.submodule.tile.transformation: tile size 1024 must be greater than the stride value 1024; tile index = iii
