
expected = 9369846271501.798828
actual = 9369846271501.798828
expected = 9339882853735.613281
actual = 9369846271501.798828
[00;31mERROR: orio.main.tuner.ptest_driver: failed to execute the test code: "timeout --kill-after=30s --signal=9 20m  ./__orio_perftest2.exe  "
 --> CalledProcessError: Command 'timeout --kill-after=30s --signal=9 20m  ./__orio_perftest2.exe  ' returned non-zero exit status 1[00m
[00;31mERROR: orio.main.tuner.ptest_driver:  performance testing failed: "timeout --kill-after=30s --signal=9 20m  ./__orio_perftest2.exe  "[00m
expected = 9369846271501.798828
actual = 9369846271501.798828
expected = 9369846271501.798828
actual = 9369846271501.798828
expected = 9369846271501.798828
actual = 9369846271501.798828
expected = 9369846271501.798828
actual = 9369846271501.798828
expected = 9369846271501.798828
actual = 9369846271501.798828
expected = 9369846271501.798828
actual = 9369846271501.798828
expected = 9369846271501.798828
actual = 9369846271501.798828
expected = 9369846271501.798828
actual = 9369846271501.798828
expected = 9369846271501.798828
actual = 9369846271501.798828
/root/dlmt_spapt_experiments/orio/orio/main/tuner/search/annealing/annealing.py:152: RuntimeWarning: invalid value encountered in double_scalars
  delta = new_perf_cost - perf_cost
expected = 9369846271501.798828
actual = 9369846271501.798828
expected = 9369846271501.798828
actual = 9369846271501.798828
expected = 9369846271501.798828
actual = 9369846271501.798828
expected = 9369846271501.798828
actual = 9369846271501.798828
expected = 9369846271501.798828
actual = 9369846271501.798828
expected = 9369846271501.798828
actual = 9369846271501.798828
expected = 9369846271501.798828
actual = 9369846271501.798828
expected = 9369846271501.798828
actual = 9369846271501.798828
expected = 9369846271501.798828
actual = 9369846271501.798828
expected = 9369846271501.798828
actual = 9369846271501.798828
expected = 9369846271501.798828
actual = 9369846271501.798828
expected = 9369846271501.798828
actual = 9369846271501.798828
expected = 9369846271501.798828
actual = 9369846271501.798828
expected = 9369846271501.798828
actual = 9369846271501.798828
expected = 9369846271501.798828
actual = 9369846271501.798828
expected = 9369846271501.798828
actual = 9369846271501.798828
expected = 9369846271501.798828
actual = 9369846271501.798828
expected = 9369846271501.798828
actual = 9369846271501.798828
expected = 9369846271501.798828
actual = 9369846271501.798828
expected = 9369846271501.798828
actual = 9369846271501.798828
expected = 9369846271501.798828
actual = 9369846271501.798828
expected = 9369846271501.798828
actual = 9369846271501.798828
expected = 9369846271501.798828
actual = 9369846271501.798828
expected = 9339882853735.613281
actual = 9369846271501.798828
[00;31mERROR: orio.main.tuner.ptest_driver: failed to execute the test code: "timeout --kill-after=30s --signal=9 20m  ./__orio_perftest35.exe  "
 --> CalledProcessError: Command 'timeout --kill-after=30s --signal=9 20m  ./__orio_perftest35.exe  ' returned non-zero exit status 1[00m
[00;31mERROR: orio.main.tuner.ptest_driver:  performance testing failed: "timeout --kill-after=30s --signal=9 20m  ./__orio_perftest35.exe  "[00m
expected = 9369846271501.798828
actual = 9369846271501.798828
expected = 9369846271501.798828
actual = 9369846271501.798828
expected = 9369846271501.798828
actual = 9369846271501.798828
expected = 9369846271501.798828
actual = 9369846271501.798828
expected = 9369846271501.798828
actual = 9369846271501.798828
expected = 9369846271501.798828
actual = 9369846271501.798828
expected = 9369846271501.798828
actual = 9369846271501.798828
expected = 9369846271501.798828
actual = 9369846271501.798828
expected = 9369846271501.798828
actual = 9369846271501.798828
expected = 9369846271501.798828
actual = 9369846271501.798828
expected = 9369846271501.798828
actual = 9369846271501.798828
expected = 9369846271501.798828
actual = 9369846271501.798828
expected = 9369846271501.798828
actual = 9369846271501.798828
expected = 9369846271501.798828
actual = 9369846271501.798828
expected = 0.000000
actual = 9369846271501.798828
[00;31mERROR: orio.main.tuner.ptest_driver: failed to execute the test code: "timeout --kill-after=30s --signal=9 20m  ./__orio_perftest50.exe  "
 --> CalledProcessError: Command 'timeout --kill-after=30s --signal=9 20m  ./__orio_perftest50.exe  ' returned non-zero exit status 1[00m
[00;31mERROR: orio.main.tuner.ptest_driver:  performance testing failed: "timeout --kill-after=30s --signal=9 20m  ./__orio_perftest50.exe  "[00m
expected = 9369846271501.798828
actual = 9369846271501.798828
expected = 9369846271501.798828
actual = 9369846271501.798828
expected = 9369846271501.798828
actual = 9369846271501.798828
expected = 9369846271501.798828
actual = 9369846271501.798828
expected = 9369846271501.798828
actual = 9369846271501.798828
expected = 9369846271501.798828
actual = 9369846271501.798828
expected = 9369846271501.798828
actual = 9369846271501.798828
expected = 9369846271501.798828
actual = 9369846271501.798828
expected = 9369846271501.798828
actual = 9369846271501.798828
expected = 9369846271501.798828
actual = 9369846271501.798828
expected = 9369846271501.798828
actual = 9369846271501.798828
expected = 9369846271501.798828
actual = 9369846271501.798828
expected = 9369846271501.798828
actual = 9369846271501.798828
expected = 9369846271501.798828
actual = 9369846271501.798828
expected = 9369846271501.798828
actual = 9369846271501.798828
expected = 9369846271501.798828
actual = 9369846271501.798828
expected = 9369846271501.798828
actual = 9369846271501.798828
expected = 9369846271501.798828
actual = 9369846271501.798828
expected = 9369846271501.798828
actual = 9369846271501.798828
expected = 9369846271501.798828
actual = 9369846271501.798828
expected = 9369846271501.798828
actual = 9369846271501.798828
expected = 9369846271501.798828
actual = 9369846271501.798828
expected = 9369846271501.798828
actual = 9369846271501.798828
expected = 9369846271501.798828
actual = 9369846271501.798828
expected = 9369846271501.798828
actual = 9369846271501.798828
expected = 9369846271501.798828
actual = 9369846271501.798828
expected = 9369846271501.798828
actual = 9369846271501.798828
expected = 9369846271501.798828
actual = 9369846271501.798828
expected = 9369846271501.798828
actual = 9369846271501.798828
expected = 9369846271501.798828
actual = 9369846271501.798828
expected = 9369846271501.798828
actual = 9369846271501.798828
expected = 9369846271501.798828
actual = 9369846271501.798828
expected = 9369846271501.798828
actual = 9369846271501.798828
expected = 9369846271501.798828
actual = 9369846271501.798828
expected = 9369846271501.798828
actual = 9369846271501.798828
expected = 9369846271501.798828
actual = 9369846271501.798828
expected = 9369846271501.798828
actual = 9369846271501.798828
expected = 9369846271501.798828
actual = 9369846271501.798828
expected = 9369846271501.798828
actual = 9369846271501.798828
expected = 9369846271501.798828
actual = 9369846271501.798828
expected = 9369846271501.798828
actual = 9369846271501.798828
expected = 9369846271501.798828
actual = 9369846271501.798828
expected = 9369846271501.798828
actual = 9369846271501.798828
expected = 9369846271501.798828
actual = 9369846271501.798828
expected = 9369846271501.798828
actual = 9369846271501.798828
expected = 9369846271501.798828
actual = 9369846271501.798828
expected = 9369846271501.798828
actual = 9369846271501.798828
expected = 9369846271501.798828
actual = 9369846271501.798828
expected = 9369846271501.798828
actual = 9369846271501.798828
expected = 9369846271501.798828
actual = 9369846271501.798828
expected = 9369846271501.798828
actual = 9369846271501.798828
