
expected=31994000891461392.000000
actual=31994000891461392.000000
diff=0.000000
diff=1
expected=21995659034708832.000000
actual=31994000891461392.000000
diff=-2147483648.000000
diff=1
WARNING: orio.module.loop.submodule.tile.transformation: tile size 2048 must be greater than the stride value 2048; tile index = iii
expected=31983119528797944.000000
actual=31994000891461392.000000
diff=-2147483648.000000
diff=1
expected=31994000891461392.000000
actual=31994000891461392.000000
diff=0.000000
diff=1
expected=31602678857046916.000000
actual=31994000891461392.000000
diff=-2147483648.000000
diff=1
expected=22662250725447396.000000
actual=31994000891461392.000000
diff=-2147483648.000000
diff=1
WARNING: orio.module.loop.submodule.tile.transformation: tile size 2048 must be greater than the stride value 2048; tile index = jjj
expected=23984872469187236.000000
actual=31994000891461392.000000
diff=-2147483648.000000
diff=1
expected=26661800785882496.000000
actual=31994000891461392.000000
diff=-2147483648.000000
diff=1
WARNING: orio.module.loop.submodule.tile.transformation: tile size 64 must be greater than the stride value 64; tile index = jjj
Segmentation fault
[00;31mERROR: orio.main.tuner.ptest_driver: failed to execute the test code: "timeout --kill-after=30s --signal=9 20m  ./__orio_perftest9.exe  "
 --> CalledProcessError: Command 'timeout --kill-after=30s --signal=9 20m  ./__orio_perftest9.exe  ' returned non-zero exit status 139[00m
[00;31mERROR: orio.main.tuner.ptest_driver:  performance testing failed: "timeout --kill-after=30s --signal=9 20m  ./__orio_perftest9.exe  "[00m
WARNING: orio.module.loop.submodule.tile.transformation: tile size 512 must be greater than the stride value 512; tile index = jjj
expected=23985849736053628.000000
actual=31994000891461392.000000
diff=-2147483648.000000
diff=1
expected=31994000891461392.000000
actual=31994000891461392.000000
diff=0.000000
diff=1
WARNING: orio.module.loop.submodule.tile.transformation: tile size 2048 must be greater than the stride value 2048; tile index = jjj
expected=26661800785882496.000000
actual=31994000891461392.000000
diff=-2147483648.000000
diff=1
expected=31994000891461392.000000
actual=31994000891461392.000000
diff=0.000000
diff=1
expected=23944060050957384.000000
actual=31994000891461392.000000
diff=-2147483648.000000
diff=1
expected=31994000891461392.000000
actual=31994000891461392.000000
diff=0.000000
diff=1
WARNING: orio.module.loop.submodule.tile.transformation: tile size 1024 must be greater than the stride value 1024; tile index = iii
expected=26603723765174432.000000
actual=31994000891461392.000000
diff=-2147483648.000000
diff=1
expected=23938298368238036.000000
actual=31994000891461392.000000
diff=-2147483648.000000
diff=1
expected=26661800785882496.000000
actual=31994000891461392.000000
diff=-2147483648.000000
diff=1
expected=31957272364277560.000000
actual=31994000891461392.000000
diff=-2147483648.000000
diff=1
expected=23995434085925420.000000
actual=31994000891461392.000000
diff=-2147483648.000000
diff=1
WARNING: orio.module.loop.submodule.tile.transformation: tile size 8 must be greater than the stride value 8; tile index = iii
expected=31994000891461392.000000
actual=31994000891461392.000000
diff=0.000000
diff=1
WARNING: orio.module.loop.submodule.tile.transformation: tile size 128 must be greater than the stride value 128; tile index = jjj
expected=31947789525044512.000000
actual=31994000891461392.000000
diff=-2147483648.000000
diff=1
expected=31955961912499020.000000
actual=31994000891461392.000000
diff=-2147483648.000000
diff=1
WARNING: orio.module.loop.submodule.tile.transformation: tile size 4 must be greater than the stride value 4; tile index = iii
WARNING: orio.module.loop.submodule.tile.transformation: tile size 32 must be greater than the stride value 32; tile index = jjj
expected=31994000891461392.000000
actual=31994000891461392.000000
diff=0.000000
diff=1
expected=21662363178840084.000000
actual=31994000891461392.000000
diff=-2147483648.000000
diff=1
WARNING: orio.module.loop.submodule.tile.transformation: tile size 2048 must be greater than the stride value 2048; tile index = iii
WARNING: orio.module.loop.submodule.tile.transformation: tile size 128 must be greater than the stride value 128; tile index = jjj
expected=26656477049008020.000000
actual=31994000891461392.000000
diff=-2147483648.000000
diff=1
WARNING: orio.module.loop.submodule.tile.transformation: tile size 16 must be greater than the stride value 16; tile index = jjj
expected=21662363178840084.000000
actual=31994000891461392.000000
diff=-2147483648.000000
diff=1
expected=22658182506274124.000000
actual=31994000891461392.000000
diff=-2147483648.000000
diff=1
WARNING: orio.module.loop.submodule.tile.transformation: tile size 1024 must be greater than the stride value 1024; tile index = iii
expected=31994000891461392.000000
actual=31994000891461392.000000
diff=0.000000
diff=1
expected=31926972099343420.000000
actual=31994000891461392.000000
diff=-2147483648.000000
diff=1
WARNING: orio.module.loop.submodule.tile.transformation: tile size 32 must be greater than the stride value 32; tile index = iii
expected=21662363178840084.000000
actual=31994000891461392.000000
diff=-2147483648.000000
diff=1
expected=31994000891461392.000000
actual=31994000891461392.000000
diff=0.000000
diff=1
WARNING: orio.module.loop.submodule.tile.transformation: tile size 32 must be greater than the stride value 32; tile index = iii
expected=31994000891461392.000000
actual=31994000891461392.000000
diff=0.000000
diff=1
WARNING: orio.module.loop.submodule.tile.transformation: tile size 2048 must be greater than the stride value 2048; tile index = jjj
expected=21968733658287204.000000
actual=31994000891461392.000000
diff=-2147483648.000000
diff=1
WARNING: orio.module.loop.submodule.tile.transformation: tile size 2048 must be greater than the stride value 2048; tile index = jjj
expected=31962054419353052.000000
actual=31994000891461392.000000
diff=-2147483648.000000
diff=1
expected=26651287051724592.000000
actual=31994000891461392.000000
diff=-2147483648.000000
diff=1
expected=31994000891461392.000000
actual=31994000891461392.000000
diff=0.000000
diff=1
expected=31994000891461392.000000
actual=31994000891461392.000000
diff=0.000000
diff=1
expected=22532514693528624.000000
actual=31994000891461392.000000
diff=-2147483648.000000
diff=1
expected=26630765593294860.000000
actual=31994000891461392.000000
diff=-2147483648.000000
diff=1
WARNING: orio.module.loop.submodule.tile.transformation: tile size 4 must be greater than the stride value 4; tile index = jjj
expected=31994000891461392.000000
actual=31994000891461392.000000
diff=0.000000
diff=1
WARNING: orio.module.loop.submodule.tile.transformation: tile size 2048 must be greater than the stride value 2048; tile index = iii
expected=31989245232442996.000000
actual=31994000891461392.000000
diff=-2147483648.000000
diff=1
expected=22609306219334056.000000
actual=31994000891461392.000000
diff=-2147483648.000000
diff=1
expected=31422408043414988.000000
actual=31994000891461392.000000
diff=-2147483648.000000
diff=1
expected=31893727173087384.000000
actual=31994000891461392.000000
diff=-2147483648.000000
diff=1
WARNING: orio.module.loop.submodule.tile.transformation: tile size 4 must be greater than the stride value 4; tile index = jjj
WARNING: orio.module.loop.submodule.tile.transformation: tile size 256 must be greater than the stride value 256; tile index = iii
WARNING: orio.module.loop.submodule.tile.transformation: tile size 128 must be greater than the stride value 128; tile index = iii
expected=31994000891461392.000000
actual=31994000891461392.000000
diff=0.000000
diff=1
expected=23995434085925420.000000
actual=31994000891461392.000000
diff=-2147483648.000000
diff=1
WARNING: orio.module.loop.submodule.tile.transformation: tile size 256 must be greater than the stride value 256; tile index = iii
expected=26653636433245508.000000
actual=31994000891461392.000000
diff=-2147483648.000000
diff=1
WARNING: orio.module.loop.submodule.tile.transformation: tile size 512 must be greater than the stride value 512; tile index = jjj
WARNING: orio.module.loop.submodule.tile.transformation: tile size 8 must be greater than the stride value 8; tile index = iii
expected=31986642468373916.000000
actual=31994000891461392.000000
diff=-2147483648.000000
diff=1
expected=21995659034708832.000000
actual=31994000891461392.000000
diff=-2147483648.000000
diff=1
WARNING: orio.module.loop.submodule.tile.transformation: tile size 2048 must be greater than the stride value 2048; tile index = jjj
expected=31987198427523912.000000
actual=31994000891461392.000000
diff=-2147483648.000000
diff=1
WARNING: orio.module.loop.submodule.tile.transformation: tile size 32 must be greater than the stride value 32; tile index = jjj
WARNING: orio.module.loop.submodule.tile.transformation: tile size 128 must be greater than the stride value 128; tile index = iii
expected=23983673695352332.000000
actual=31994000891461392.000000
diff=-2147483648.000000
diff=1
expected=26661800785882496.000000
actual=31994000891461392.000000
diff=-2147483648.000000
diff=1
WARNING: orio.module.loop.submodule.tile.transformation: tile size 2048 must be greater than the stride value 2048; tile index = iii
expected=23995434085925420.000000
actual=31994000891461392.000000
diff=-2147483648.000000
diff=1
WARNING: orio.module.loop.submodule.tile.transformation: tile size 1024 must be greater than the stride value 1024; tile index = iii
expected=31994000891461392.000000
actual=31994000891461392.000000
diff=0.000000
diff=1
expected=23944083043247124.000000
actual=31994000891461392.000000
diff=-2147483648.000000
diff=1
WARNING: orio.module.loop.submodule.tile.transformation: tile size 256 must be greater than the stride value 256; tile index = jjj
WARNING: orio.module.loop.submodule.tile.transformation: tile size 8 must be greater than the stride value 8; tile index = iii
expected=23995434085925420.000000
actual=31994000891461392.000000
diff=-2147483648.000000
diff=1
WARNING: orio.module.loop.submodule.tile.transformation: tile size 512 must be greater than the stride value 512; tile index = jjj
expected=26292042491568796.000000
actual=31994000891461392.000000
diff=-2147483648.000000
diff=1
expected=23995434085925420.000000
actual=31994000891461392.000000
diff=-2147483648.000000
diff=1
expected=26661800785882496.000000
actual=31994000891461392.000000
diff=-2147483648.000000
diff=1
WARNING: orio.module.loop.submodule.tile.transformation: tile size 8 must be greater than the stride value 8; tile index = jjj
expected=21662363178840084.000000
actual=31994000891461392.000000
diff=-2147483648.000000
diff=1
WARNING: orio.module.loop.submodule.tile.transformation: tile size 8 must be greater than the stride value 8; tile index = jjj
expected=31994000891461392.000000
actual=31994000891461392.000000
diff=0.000000
diff=1
expected=21995659034708832.000000
actual=31994000891461392.000000
diff=-2147483648.000000
diff=1
expected=22642433831508884.000000
actual=31994000891461392.000000
diff=-2147483648.000000
diff=1
expected=31994000891461392.000000
actual=31994000891461392.000000
diff=0.000000
diff=1
expected=22662250725447396.000000
actual=31994000891461392.000000
diff=-2147483648.000000
diff=1
expected=31994000891461392.000000
actual=31994000891461392.000000
diff=0.000000
diff=1
WARNING: orio.module.loop.submodule.tile.transformation: tile size 2048 must be greater than the stride value 2048; tile index = jjj
expected=23995434085925420.000000
actual=31994000891461392.000000
diff=-2147483648.000000
diff=1
expected=22608973976174012.000000
actual=31994000891461392.000000
diff=-2147483648.000000
diff=1
expected=26660530006404500.000000
actual=31994000891461392.000000
diff=-2147483648.000000
diff=1
expected=21906447465886876.000000
actual=31994000891461392.000000
diff=-2147483648.000000
diff=1
WARNING: orio.module.loop.submodule.tile.transformation: tile size 256 must be greater than the stride value 256; tile index = iii
expected=21662363178840084.000000
actual=31994000891461392.000000
diff=-2147483648.000000
diff=1
WARNING: orio.module.loop.submodule.tile.transformation: tile size 2048 must be greater than the stride value 2048; tile index = iii
expected=31920709066891024.000000
actual=31994000891461392.000000
diff=-2147483648.000000
diff=1
expected=31994000891461392.000000
actual=31994000891461392.000000
diff=0.000000
diff=1
WARNING: orio.module.loop.submodule.tile.transformation: tile size 4 must be greater than the stride value 4; tile index = jjj
expected=23992457613650532.000000
actual=31994000891461392.000000
diff=-2147483648.000000
diff=1
WARNING: orio.module.loop.submodule.tile.transformation: tile size 1024 must be greater than the stride value 1024; tile index = jjj
WARNING: orio.module.loop.submodule.tile.transformation: tile size 4 must be greater than the stride value 4; tile index = jjj
expected=23965164796806456.000000
actual=31994000891461392.000000
diff=-2147483648.000000
diff=1
WARNING: orio.module.loop.submodule.tile.transformation: tile size 4 must be greater than the stride value 4; tile index = jjj
expected=23995434085925420.000000
actual=31994000891461392.000000
diff=-2147483648.000000
diff=1
WARNING: orio.module.loop.submodule.tile.transformation: tile size 4 must be greater than the stride value 4; tile index = jjj
expected=23975959152667720.000000
actual=31994000891461392.000000
diff=-2147483648.000000
diff=1
WARNING: orio.module.loop.submodule.tile.transformation: tile size 4 must be greater than the stride value 4; tile index = jjj
expected=23984725461198780.000000
actual=31994000891461392.000000
diff=-2147483648.000000
diff=1
WARNING: orio.module.loop.submodule.tile.transformation: tile size 1024 must be greater than the stride value 1024; tile index = jjj
WARNING: orio.module.loop.submodule.tile.transformation: tile size 4 must be greater than the stride value 4; tile index = jjj
expected=22259524354114232.000000
actual=31994000891461392.000000
diff=-2147483648.000000
diff=1
WARNING: orio.module.loop.submodule.tile.transformation: tile size 2048 must be greater than the stride value 2048; tile index = iii
WARNING: orio.module.loop.submodule.tile.transformation: tile size 128 must be greater than the stride value 128; tile index = jjj
