
expected=268921.220805
actual=268920.445960
diff=0.000000
diff=1
expected=268920.491410
actual=268920.445960
diff=0.000000
diff=1
expected=268920.602384
actual=268920.445960
diff=0.000000
diff=1
Killed
[00;31mERROR: orio.main.tuner.ptest_driver:  failed to compile the testing code: "timeout --kill-after=30s --signal=9 20m gcc -O3 -fopenmp -DDYNAMIC  -DORIO_REPS=10 -o __orio_perftest4.exe __orio_perftest4.c timer_cpu.o -lm -lrt"[00m
[00;31mERROR: orio.main.tuner.ptest_driver:  the executable of the test code does not exist[00m
timeout: failed to run command ‘./__orio_perftest4.exe’: No such file or directory
[00;31mERROR: orio.main.tuner.ptest_driver: failed to execute the test code: "timeout --kill-after=30s --signal=9 20m  ./__orio_perftest4.exe  "
 --> CalledProcessError: Command 'timeout --kill-after=30s --signal=9 20m  ./__orio_perftest4.exe  ' returned non-zero exit status 127[00m
[00;31mERROR: orio.main.tuner.ptest_driver:  performance testing failed: "timeout --kill-after=30s --signal=9 20m  ./__orio_perftest4.exe  "[00m
expected=268920.456868
actual=268920.445960
diff=0.000000
diff=1
expected=268920.180433
actual=268920.445960
diff=0.000000
diff=1
WARNING: orio.module.loop.submodule.tile.transformation: tile size 4 must be greater than the stride value 4; tile index = iii
expected=268920.445960
actual=268920.445960
diff=0.000000
diff=1
expected=268920.272418
actual=268920.445960
diff=0.000000
diff=1
expected=268920.453448
actual=268920.445960
diff=0.000000
diff=1
expected=268920.478390
actual=268920.445960
diff=0.000000
diff=1
WARNING: orio.module.loop.submodule.tile.transformation: tile size 16 must be greater than the stride value 16; tile index = ttt
expected=268920.458436
actual=268920.445960
diff=0.000000
diff=1
WARNING: orio.module.loop.submodule.tile.transformation: tile size 2048 must be greater than the stride value 2048; tile index = ttt
expected=268920.213473
actual=268920.445960
diff=0.000000
diff=1
WARNING: orio.module.loop.submodule.tile.transformation: tile size 2048 must be greater than the stride value 2048; tile index = jjj
expected=268920.464917
actual=268920.445960
diff=0.000000
diff=1
WARNING: orio.module.loop.submodule.tile.transformation: tile size 8 must be greater than the stride value 8; tile index = ttt
expected=268920.490680
actual=268920.445960
diff=0.000000
diff=1
expected=268920.577228
actual=268920.445960
diff=0.000000
diff=1
expected=268921.628230
actual=268920.445960
diff=1.000000
diff=0
[00;31mERROR: orio.main.tuner.ptest_driver: failed to execute the test code: "timeout --kill-after=30s --signal=9 20m  ./__orio_perftest16.exe  "
 --> CalledProcessError: Command 'timeout --kill-after=30s --signal=9 20m  ./__orio_perftest16.exe  ' returned non-zero exit status 1[00m
[00;31mERROR: orio.main.tuner.ptest_driver:  performance testing failed: "timeout --kill-after=30s --signal=9 20m  ./__orio_perftest16.exe  "[00m
expected=268920.453448
actual=268920.445960
diff=0.000000
diff=1
WARNING: orio.module.loop.submodule.tile.transformation: tile size 2 must be greater than the stride value 2; tile index = ttt
WARNING: orio.module.loop.submodule.tile.transformation: tile size 2 must be greater than the stride value 2; tile index = jjj
expected=268920.132784
actual=268920.445960
diff=0.000000
diff=1
expected=268920.445615
actual=268920.445960
diff=0.000000
diff=1
WARNING: orio.module.loop.submodule.tile.transformation: tile size 2048 must be greater than the stride value 2048; tile index = jjj
expected=268920.540276
actual=268920.445960
diff=0.000000
diff=1
WARNING: orio.module.loop.submodule.tile.transformation: tile size 256 must be greater than the stride value 256; tile index = ttt
WARNING: orio.module.loop.submodule.tile.transformation: tile size 2048 must be greater than the stride value 2048; tile index = iii
expected=268920.575165
actual=268920.445960
diff=0.000000
diff=1
WARNING: orio.module.loop.submodule.tile.transformation: tile size 512 must be greater than the stride value 512; tile index = iii
expected=268920.563713
actual=268920.445960
diff=0.000000
diff=1
WARNING: orio.module.loop.submodule.tile.transformation: tile size 128 must be greater than the stride value 128; tile index = ttt
WARNING: orio.module.loop.submodule.tile.transformation: tile size 8 must be greater than the stride value 8; tile index = jjj
expected=268920.563713
actual=268920.445960
diff=0.000000
diff=1
WARNING: orio.module.loop.submodule.tile.transformation: tile size 16 must be greater than the stride value 16; tile index = iii
expected=268920.445433
actual=268920.445960
diff=0.000000
diff=1
expected=268920.057773
actual=268920.445960
diff=0.000000
diff=1
expected=268920.491410
actual=268920.445960
diff=0.000000
diff=1
expected=268920.577747
actual=268920.445960
diff=0.000000
diff=1
WARNING: orio.module.loop.submodule.tile.transformation: tile size 8 must be greater than the stride value 8; tile index = ttt
WARNING: orio.module.loop.submodule.tile.transformation: tile size 64 must be greater than the stride value 64; tile index = jjj
expected=268922.271034
actual=268920.445960
diff=1.000000
diff=0
[00;31mERROR: orio.main.tuner.ptest_driver: failed to execute the test code: "timeout --kill-after=30s --signal=9 20m  ./__orio_perftest28.exe  "
 --> CalledProcessError: Command 'timeout --kill-after=30s --signal=9 20m  ./__orio_perftest28.exe  ' returned non-zero exit status 1[00m
[00;31mERROR: orio.main.tuner.ptest_driver:  performance testing failed: "timeout --kill-after=30s --signal=9 20m  ./__orio_perftest28.exe  "[00m
expected=268920.622314
actual=268920.445960
diff=0.000000
diff=1
WARNING: orio.module.loop.submodule.tile.transformation: tile size 16 must be greater than the stride value 16; tile index = jjj
expected=268920.453363
actual=268920.445960
diff=0.000000
diff=1
expected=268920.677240
actual=268920.445960
diff=0.000000
diff=1
expected=268920.643845
actual=268920.445960
diff=0.000000
diff=1
expected=268920.626724
actual=268920.445960
diff=0.000000
diff=1
expected=268920.640116
actual=268920.445960
diff=0.000000
diff=1
expected=268920.673787
actual=268920.445960
diff=0.000000
diff=1
WARNING: orio.module.loop.submodule.tile.transformation: tile size 32 must be greater than the stride value 32; tile index = iii
expected=268920.625308
actual=268920.445960
diff=0.000000
diff=1
expected=268920.488678
actual=268920.445960
diff=0.000000
diff=1
expected=268920.389624
actual=268920.445960
diff=0.000000
diff=1
WARNING: orio.module.loop.submodule.tile.transformation: tile size 16 must be greater than the stride value 16; tile index = iii
WARNING: orio.module.loop.submodule.tile.transformation: tile size 1024 must be greater than the stride value 1024; tile index = jjj
expected=268920.447640
actual=268920.445960
diff=0.000000
diff=1
expected=268920.645070
actual=268920.445960
diff=0.000000
diff=1
expected=268920.637680
actual=268920.445960
diff=0.000000
diff=1
expected=268920.482603
actual=268920.445960
diff=0.000000
diff=1
WARNING: orio.module.loop.submodule.tile.transformation: tile size 128 must be greater than the stride value 128; tile index = jjj
expected=268920.490680
actual=268920.445960
diff=0.000000
diff=1
expected=268920.445935
actual=268920.445960
diff=0.000000
diff=1
expected=268920.458609
actual=268920.445960
diff=0.000000
diff=1
expected=268920.587278
actual=268920.445960
diff=0.000000
diff=1
expected=268920.625897
actual=268920.445960
diff=0.000000
diff=1
WARNING: orio.module.loop.submodule.tile.transformation: tile size 1024 must be greater than the stride value 1024; tile index = ttt
expected=268920.519599
actual=268920.445960
diff=0.000000
diff=1
expected=268920.445960
actual=268920.445960
diff=0.000000
diff=1
expected=268920.491614
actual=268920.445960
diff=0.000000
diff=1
WARNING: orio.module.loop.submodule.tile.transformation: tile size 2 must be greater than the stride value 2; tile index = ttt
expected=268920.372683
actual=268920.445960
diff=0.000000
diff=1
expected=268920.516291
actual=268920.445960
diff=0.000000
diff=1
expected=268919.892484
actual=268920.445960
diff=0.000000
diff=1
WARNING: orio.module.loop.submodule.tile.transformation: tile size 512 must be greater than the stride value 512; tile index = jjj
expected=268920.491410
actual=268920.445960
diff=0.000000
diff=1
WARNING: orio.module.loop.submodule.tile.transformation: tile size 1024 must be greater than the stride value 1024; tile index = ttt
expected=268920.555582
actual=268920.445960
diff=0.000000
diff=1
expected=268920.367977
actual=268920.445960
diff=0.000000
diff=1
WARNING: orio.module.loop.submodule.tile.transformation: tile size 32 must be greater than the stride value 32; tile index = iii
expected=268920.730594
actual=268920.445960
diff=0.000000
diff=1
WARNING: orio.module.loop.submodule.tile.transformation: tile size 64 must be greater than the stride value 64; tile index = ttt
expected=268920.640116
actual=268920.445960
diff=0.000000
diff=1
expected=268920.518106
actual=268920.445960
diff=0.000000
diff=1
expected=268920.563754
actual=268920.445960
diff=0.000000
diff=1
WARNING: orio.module.loop.submodule.tile.transformation: tile size 4 must be greater than the stride value 4; tile index = jjj
expected=268920.449782
actual=268920.445960
diff=0.000000
diff=1
WARNING: orio.module.loop.submodule.tile.transformation: tile size 256 must be greater than the stride value 256; tile index = jjj
expected=268920.565949
actual=268920.445960
diff=0.000000
diff=1
expected=268920.445960
actual=268920.445960
diff=0.000000
diff=1
WARNING: orio.module.loop.submodule.tile.transformation: tile size 8 must be greater than the stride value 8; tile index = ttt
WARNING: orio.module.loop.submodule.tile.transformation: tile size 2048 must be greater than the stride value 2048; tile index = iii
expected=268920.466738
actual=268920.445960
diff=0.000000
diff=1
expected=268920.737995
actual=268920.445960
diff=0.000000
diff=1
expected=268920.462408
actual=268920.445960
diff=0.000000
diff=1
WARNING: orio.module.loop.submodule.tile.transformation: tile size 2048 must be greater than the stride value 2048; tile index = iii
WARNING: orio.module.loop.submodule.tile.transformation: tile size 2048 must be greater than the stride value 2048; tile index = jjj
expected=268923.187635
actual=268920.445960
diff=2.000000
diff=0
[00;31mERROR: orio.main.tuner.ptest_driver: failed to execute the test code: "timeout --kill-after=30s --signal=9 20m  ./__orio_perftest67.exe  "
 --> CalledProcessError: Command 'timeout --kill-after=30s --signal=9 20m  ./__orio_perftest67.exe  ' returned non-zero exit status 1[00m
[00;31mERROR: orio.main.tuner.ptest_driver:  performance testing failed: "timeout --kill-after=30s --signal=9 20m  ./__orio_perftest67.exe  "[00m
WARNING: orio.module.loop.submodule.tile.transformation: tile size 64 must be greater than the stride value 64; tile index = ttt
expected=268920.699011
actual=268920.445960
diff=0.000000
diff=1
WARNING: orio.module.loop.submodule.tile.transformation: tile size 64 must be greater than the stride value 64; tile index = jjj
expected=268920.516291
actual=268920.445960
diff=0.000000
diff=1
expected=268920.706726
actual=268920.445960
diff=0.000000
diff=1
expected=268920.494563
actual=268920.445960
diff=0.000000
diff=1
expected=268920.462682
actual=268920.445960
diff=0.000000
diff=1
expected=268920.500053
actual=268920.445960
diff=0.000000
diff=1
expected=268920.290072
actual=268920.445960
diff=0.000000
diff=1
expected=268920.657667
actual=268920.445960
diff=0.000000
diff=1
expected=268920.491924
actual=268920.445960
diff=0.000000
diff=1
expected=268920.472589
actual=268920.445960
diff=0.000000
diff=1
WARNING: orio.module.loop.submodule.tile.transformation: tile size 256 must be greater than the stride value 256; tile index = ttt
expected=268920.500225
actual=268920.445960
diff=0.000000
diff=1
WARNING: orio.module.loop.submodule.tile.transformation: tile size 128 must be greater than the stride value 128; tile index = jjj
expected=268920.475513
actual=268920.445960
diff=0.000000
diff=1
WARNING: orio.module.loop.submodule.tile.transformation: tile size 512 must be greater than the stride value 512; tile index = iii
expected=268920.473087
actual=268920.445960
diff=0.000000
diff=1
WARNING: orio.module.loop.submodule.tile.transformation: tile size 2 must be greater than the stride value 2; tile index = ttt
expected=268920.470366
actual=268920.445960
diff=0.000000
diff=1
expected=268920.522325
actual=268920.445960
diff=0.000000
diff=1
expected=268927.743534
actual=268920.445960
diff=7.000000
diff=0
[00;31mERROR: orio.main.tuner.ptest_driver: failed to execute the test code: "timeout --kill-after=30s --signal=9 20m  ./__orio_perftest83.exe  "
 --> CalledProcessError: Command 'timeout --kill-after=30s --signal=9 20m  ./__orio_perftest83.exe  ' returned non-zero exit status 1[00m
[00;31mERROR: orio.main.tuner.ptest_driver:  performance testing failed: "timeout --kill-after=30s --signal=9 20m  ./__orio_perftest83.exe  "[00m
WARNING: orio.module.loop.submodule.tile.transformation: tile size 4 must be greater than the stride value 4; tile index = iii
expected=268920.673787
actual=268920.445960
diff=0.000000
diff=1
expected=268920.518862
actual=268920.445960
diff=0.000000
diff=1
expected=268920.504164
actual=268920.445960
diff=0.000000
diff=1
WARNING: orio.module.loop.submodule.tile.transformation: tile size 4 must be greater than the stride value 4; tile index = ttt
expected=268920.453448
actual=268920.445960
diff=0.000000
diff=1
expected=268920.241129
actual=268920.445960
diff=0.000000
diff=1
WARNING: orio.module.loop.submodule.tile.transformation: tile size 4 must be greater than the stride value 4; tile index = jjj
expected=268920.622598
actual=268920.445960
diff=0.000000
diff=1
expected=268920.445960
actual=268920.445960
diff=0.000000
diff=1
WARNING: orio.module.loop.submodule.tile.transformation: tile size 2048 must be greater than the stride value 2048; tile index = jjj
expected=268920.522325
actual=268920.445960
diff=0.000000
diff=1
expected=268922.961618
actual=268920.445960
diff=2.000000
diff=0
[00;31mERROR: orio.main.tuner.ptest_driver: failed to execute the test code: "timeout --kill-after=30s --signal=9 20m  ./__orio_perftest92.exe  "
 --> CalledProcessError: Command 'timeout --kill-after=30s --signal=9 20m  ./__orio_perftest92.exe  ' returned non-zero exit status 1[00m
[00;31mERROR: orio.main.tuner.ptest_driver:  performance testing failed: "timeout --kill-after=30s --signal=9 20m  ./__orio_perftest92.exe  "[00m
WARNING: orio.module.loop.submodule.tile.transformation: tile size 2048 must be greater than the stride value 2048; tile index = ttt
expected=268920.690666
actual=268920.445960
diff=0.000000
diff=1
expected=268920.478105
actual=268920.445960
diff=0.000000
diff=1
WARNING: orio.module.loop.submodule.tile.transformation: tile size 16 must be greater than the stride value 16; tile index = ttt
expected=268920.553732
actual=268920.445960
diff=0.000000
diff=1
WARNING: orio.module.loop.submodule.tile.transformation: tile size 1024 must be greater than the stride value 1024; tile index = ttt
expected=268920.467700
actual=268920.445960
diff=0.000000
diff=1
expected=268920.345670
actual=268920.445960
diff=0.000000
diff=1
expected=268920.500053
actual=268920.445960
diff=0.000000
diff=1
WARNING: orio.module.loop.submodule.tile.transformation: tile size 4 must be greater than the stride value 4; tile index = jjj
expected=268920.491410
actual=268920.445960
diff=0.000000
diff=1
expected=268920.445960
actual=268920.445960
diff=0.000000
diff=1
expected=268920.458421
actual=268920.445960
diff=0.000000
diff=1
expected=268919.219846
actual=268920.445960
diff=1.000000
diff=0
[00;31mERROR: orio.main.tuner.ptest_driver: failed to execute the test code: "timeout --kill-after=30s --signal=9 20m  ./__orio_perftest102.exe  "
 --> CalledProcessError: Command 'timeout --kill-after=30s --signal=9 20m  ./__orio_perftest102.exe  ' returned non-zero exit status 1[00m
[00;31mERROR: orio.main.tuner.ptest_driver:  performance testing failed: "timeout --kill-after=30s --signal=9 20m  ./__orio_perftest102.exe  "[00m
expected=268920.565228
actual=268920.445960
diff=0.000000
diff=1
WARNING: orio.module.loop.submodule.tile.transformation: tile size 8 must be greater than the stride value 8; tile index = jjj
expected=268920.625897
actual=268920.445960
diff=0.000000
diff=1
expected=268921.221085
actual=268920.445960
diff=0.000000
diff=1
expected=268920.445960
actual=268920.445960
diff=0.000000
diff=1
WARNING: orio.module.loop.submodule.tile.transformation: tile size 16 must be greater than the stride value 16; tile index = ttt
expected=268920.473466
actual=268920.445960
diff=0.000000
diff=1
expected=268920.455721
actual=268920.445960
diff=0.000000
diff=1
WARNING: orio.module.loop.submodule.tile.transformation: tile size 256 must be greater than the stride value 256; tile index = jjj
expected=268920.502706
actual=268920.445960
diff=0.000000
diff=1
expected=268920.476715
actual=268920.445960
diff=0.000000
diff=1
expected=268920.560868
actual=268920.445960
diff=0.000000
diff=1
WARNING: orio.module.loop.submodule.tile.transformation: tile size 1024 must be greater than the stride value 1024; tile index = iii
expected=268920.692688
actual=268920.445960
diff=0.000000
diff=1
expected=268920.445869
actual=268920.445960
diff=0.000000
diff=1
expected=268920.561611
actual=268920.445960
diff=0.000000
diff=1
WARNING: orio.module.loop.submodule.tile.transformation: tile size 2048 must be greater than the stride value 2048; tile index = iii
expected=268921.399624
actual=268920.445960
diff=0.000000
diff=1
expected=268920.500053
actual=268920.445960
diff=0.000000
diff=1
WARNING: orio.module.loop.submodule.tile.transformation: tile size 256 must be greater than the stride value 256; tile index = jjj
expected=268920.680607
actual=268920.445960
diff=0.000000
diff=1
expected=268920.456328
actual=268920.445960
diff=0.000000
diff=1
expected=268920.624755
actual=268920.445960
diff=0.000000
diff=1
expected=268920.445960
actual=268920.445960
diff=0.000000
diff=1
WARNING: orio.module.loop.submodule.tile.transformation: tile size 2048 must be greater than the stride value 2048; tile index = iii
expected=268920.632965
actual=268920.445960
diff=0.000000
diff=1
WARNING: orio.module.loop.submodule.tile.transformation: tile size 32 must be greater than the stride value 32; tile index = iii
expected=268920.563199
actual=268920.445960
diff=0.000000
diff=1
expected=268920.616669
actual=268920.445960
diff=0.000000
diff=1
expected=268920.744329
actual=268920.445960
diff=0.000000
diff=1
expected=268919.892525
actual=268920.445960
diff=0.000000
diff=1
WARNING: orio.module.loop.submodule.tile.transformation: tile size 2048 must be greater than the stride value 2048; tile index = jjj
expected=268920.504164
actual=268920.445960
diff=0.000000
diff=1
expected=268920.715804
actual=268920.445960
diff=0.000000
diff=1
expected=268920.657784
actual=268920.445960
diff=0.000000
diff=1
expected=268926.828240
actual=268920.445960
diff=6.000000
diff=0
[00;31mERROR: orio.main.tuner.ptest_driver: failed to execute the test code: "timeout --kill-after=30s --signal=9 20m  ./__orio_perftest129.exe  "
 --> CalledProcessError: Command 'timeout --kill-after=30s --signal=9 20m  ./__orio_perftest129.exe  ' returned non-zero exit status 1[00m
[00;31mERROR: orio.main.tuner.ptest_driver:  performance testing failed: "timeout --kill-after=30s --signal=9 20m  ./__orio_perftest129.exe  "[00m
WARNING: orio.module.loop.submodule.tile.transformation: tile size 16 must be greater than the stride value 16; tile index = jjj
expected=268920.505483
actual=268920.445960
diff=0.000000
diff=1
expected=268920.402461
actual=268920.445960
diff=0.000000
diff=1
expected=268920.638526
actual=268920.445960
diff=0.000000
diff=1
WARNING: orio.module.loop.submodule.tile.transformation: tile size 128 must be greater than the stride value 128; tile index = ttt
expected=268920.483130
actual=268920.445960
diff=0.000000
diff=1
WARNING: orio.module.loop.submodule.tile.transformation: tile size 256 must be greater than the stride value 256; tile index = jjj
expected=268920.514842
actual=268920.445960
diff=0.000000
diff=1
expected=268920.665714
actual=268920.445960
diff=0.000000
diff=1
WARNING: orio.module.loop.submodule.tile.transformation: tile size 2048 must be greater than the stride value 2048; tile index = ttt
WARNING: orio.module.loop.submodule.tile.transformation: tile size 256 must be greater than the stride value 256; tile index = iii
expected=268920.314924
actual=268920.445960
diff=0.000000
diff=1
expected=268920.329410
actual=268920.445960
diff=0.000000
diff=1
expected=268920.559370
actual=268920.445960
diff=0.000000
diff=1
WARNING: orio.module.loop.submodule.tile.transformation: tile size 2048 must be greater than the stride value 2048; tile index = ttt
expected=268920.606188
actual=268920.445960
diff=0.000000
diff=1
expected=268920.645070
actual=268920.445960
diff=0.000000
diff=1
WARNING: orio.module.loop.submodule.tile.transformation: tile size 512 must be greater than the stride value 512; tile index = ttt
expected=268920.493385
actual=268920.445960
diff=0.000000
diff=1
expected=268920.493115
actual=268920.445960
diff=0.000000
diff=1
expected=268920.575255
actual=268920.445960
diff=0.000000
diff=1
expected=268920.390246
actual=268920.445960
diff=0.000000
diff=1
expected=268920.503275
actual=268920.445960
diff=0.000000
diff=1
expected=268920.504662
actual=268920.445960
diff=0.000000
diff=1
WARNING: orio.module.loop.submodule.tile.transformation: tile size 2048 must be greater than the stride value 2048; tile index = iii
expected=268920.237046
actual=268920.445960
diff=0.000000
diff=1
expected=268920.469773
actual=268920.445960
diff=0.000000
diff=1
expected=268920.631966
actual=268920.445960
diff=0.000000
diff=1
expected=268920.652403
actual=268920.445960
diff=0.000000
diff=1
expected=268920.453363
actual=268920.445960
diff=0.000000
diff=1
expected=268920.808023
actual=268920.445960
diff=0.000000
diff=1
expected=268920.418072
actual=268920.445960
diff=0.000000
diff=1
WARNING: orio.module.loop.submodule.tile.transformation: tile size 256 must be greater than the stride value 256; tile index = jjj
expected=268920.648661
actual=268920.445960
diff=0.000000
diff=1
expected=268920.498536
actual=268920.445960
diff=0.000000
diff=1
expected=268920.624755
actual=268920.445960
diff=0.000000
diff=1
expected=268920.652403
actual=268920.445960
diff=0.000000
diff=1
expected=268920.491410
actual=268920.445960
diff=0.000000
diff=1
expected=268920.552656
actual=268920.445960
diff=0.000000
diff=1
expected=268920.218046
actual=268920.445960
diff=0.000000
diff=1
WARNING: orio.module.loop.submodule.tile.transformation: tile size 4 must be greater than the stride value 4; tile index = ttt
WARNING: orio.module.loop.submodule.tile.transformation: tile size 2048 must be greater than the stride value 2048; tile index = iii
expected=268920.473048
actual=268920.445960
diff=0.000000
diff=1
WARNING: orio.module.loop.submodule.tile.transformation: tile size 2 must be greater than the stride value 2; tile index = jjj
expected=268920.428506
actual=268920.445960
diff=0.000000
diff=1
expected=268920.628911
actual=268920.445960
diff=0.000000
diff=1
expected=268920.196129
actual=268920.445960
diff=0.000000
diff=1
WARNING: orio.module.loop.submodule.tile.transformation: tile size 128 must be greater than the stride value 128; tile index = ttt
expected=268920.673933
actual=268920.445960
diff=0.000000
diff=1
expected=268920.478773
actual=268920.445960
diff=0.000000
diff=1
WARNING: orio.module.loop.submodule.tile.transformation: tile size 2048 must be greater than the stride value 2048; tile index = jjj
expected=268920.453363
actual=268920.445960
diff=0.000000
diff=1
expected=268920.456868
actual=268920.445960
diff=0.000000
diff=1
WARNING: orio.module.loop.submodule.tile.transformation: tile size 16 must be greater than the stride value 16; tile index = iii
expected=268920.540089
actual=268920.445960
diff=0.000000
diff=1
expected=268920.608412
actual=268920.445960
diff=0.000000
diff=1
WARNING: orio.module.loop.submodule.tile.transformation: tile size 2048 must be greater than the stride value 2048; tile index = ttt
expected=268920.491410
actual=268920.445960
diff=0.000000
diff=1
WARNING: orio.module.loop.submodule.tile.transformation: tile size 2048 must be greater than the stride value 2048; tile index = iii
expected=268920.445960
actual=268920.445960
diff=0.000000
diff=1
expected=268920.500053
actual=268920.445960
diff=0.000000
diff=1
expected=268920.455721
actual=268920.445960
diff=0.000000
diff=1
WARNING: orio.module.loop.submodule.tile.transformation: tile size 2048 must be greater than the stride value 2048; tile index = ttt
expected=268920.491410
actual=268920.445960
diff=0.000000
diff=1
expected=268920.625897
actual=268920.445960
diff=0.000000
diff=1
expected=268920.441116
actual=268920.445960
diff=0.000000
diff=1
WARNING: orio.module.loop.submodule.tile.transformation: tile size 8 must be greater than the stride value 8; tile index = iii
expected=268920.552400
actual=268920.445960
diff=0.000000
diff=1
WARNING: orio.module.loop.submodule.tile.transformation: tile size 64 must be greater than the stride value 64; tile index = iii
expected=268920.497152
actual=268920.445960
diff=0.000000
diff=1
expected=268920.445960
actual=268920.445960
diff=0.000000
diff=1
expected=268920.479455
actual=268920.445960
diff=0.000000
diff=1
expected=268920.688988
actual=268920.445960
diff=0.000000
diff=1
WARNING: orio.module.loop.submodule.tile.transformation: tile size 16 must be greater than the stride value 16; tile index = iii
expected=268920.688988
actual=268920.445960
diff=0.000000
diff=1
WARNING: orio.module.loop.submodule.tile.transformation: tile size 512 must be greater than the stride value 512; tile index = ttt
WARNING: orio.module.loop.submodule.tile.transformation: tile size 2048 must be greater than the stride value 2048; tile index = jjj
expected=268920.668344
actual=268920.445960
diff=0.000000
diff=1
WARNING: orio.module.loop.submodule.tile.transformation: tile size 1024 must be greater than the stride value 1024; tile index = iii
expected=268919.893534
actual=268920.445960
diff=0.000000
diff=1
expected=268920.860007
actual=268920.445960
diff=0.000000
diff=1
WARNING: orio.module.loop.submodule.tile.transformation: tile size 256 must be greater than the stride value 256; tile index = jjj
