
expected=31994000891461392.000000
actual=31994000891461392.000000
diff=0.000000
diff=1
expected=22541794031987636.000000
actual=31994000891461392.000000
diff=-2147483648.000000
diff=1
WARNING: orio.module.loop.submodule.tile.transformation: tile size 64 must be greater than the stride value 64; tile index = iii
expected=31994000891461392.000000
actual=31994000891461392.000000
diff=0.000000
diff=1
WARNING: orio.module.loop.submodule.tile.transformation: tile size 2048 must be greater than the stride value 2048; tile index = jjj
expected=21995659034708832.000000
actual=31994000891461392.000000
diff=-2147483648.000000
diff=1
WARNING: orio.module.loop.submodule.tile.transformation: tile size 1024 must be greater than the stride value 1024; tile index = iii
expected=26661800785882496.000000
actual=31994000891461392.000000
diff=-2147483648.000000
diff=1
WARNING: orio.module.loop.submodule.tile.transformation: tile size 2 must be greater than the stride value 2; tile index = jjj
expected=31994000891461392.000000
actual=31994000891461392.000000
diff=0.000000
diff=1
expected=31994000891461392.000000
actual=31994000891461392.000000
diff=0.000000
diff=1
WARNING: orio.module.loop.submodule.tile.transformation: tile size 8 must be greater than the stride value 8; tile index = jjj
expected=26658910616967576.000000
actual=31994000891461392.000000
diff=-2147483648.000000
diff=1
expected=26661800785882496.000000
actual=31994000891461392.000000
diff=-2147483648.000000
diff=1
expected=26574759478231120.000000
actual=31994000891461392.000000
diff=-2147483648.000000
diff=1
WARNING: orio.module.loop.submodule.tile.transformation: tile size 2048 must be greater than the stride value 2048; tile index = jjj
expected=26661800785882496.000000
actual=31994000891461392.000000
diff=-2147483648.000000
diff=1
WARNING: orio.module.loop.submodule.tile.transformation: tile size 64 must be greater than the stride value 64; tile index = iii
WARNING: orio.module.loop.submodule.tile.transformation: tile size 4 must be greater than the stride value 4; tile index = jjj
expected=22662250725447396.000000
actual=31994000891461392.000000
diff=-2147483648.000000
diff=1
expected=31848836409140468.000000
actual=31994000891461392.000000
diff=-2147483648.000000
diff=1
WARNING: orio.module.loop.submodule.tile.transformation: tile size 16 must be greater than the stride value 16; tile index = jjj
expected=31980804633976236.000000
actual=31994000891461392.000000
diff=-2147483648.000000
diff=1
expected=26661800785882496.000000
actual=31994000891461392.000000
diff=-2147483648.000000
diff=1
expected=22662250725447396.000000
actual=31994000891461392.000000
diff=-2147483648.000000
diff=1
expected=26586315747498128.000000
actual=31994000891461392.000000
diff=-2147483648.000000
diff=1
expected=21995659034708832.000000
actual=31994000891461392.000000
diff=-2147483648.000000
diff=1
WARNING: orio.module.loop.submodule.tile.transformation: tile size 8 must be greater than the stride value 8; tile index = jjj
expected=31994000891461392.000000
actual=31994000891461392.000000
diff=0.000000
diff=1
WARNING: orio.module.loop.submodule.tile.transformation: tile size 16 must be greater than the stride value 16; tile index = jjj
expected=21993420745586360.000000
actual=31994000891461392.000000
diff=-2147483648.000000
diff=1
expected=21962971565937752.000000
actual=31994000891461392.000000
diff=-2147483648.000000
diff=1
expected=31912892046901764.000000
actual=31994000891461392.000000
diff=-2147483648.000000
diff=1
WARNING: orio.module.loop.submodule.tile.transformation: tile size 16 must be greater than the stride value 16; tile index = jjj
expected=23648746366783360.000000
actual=31994000891461392.000000
diff=-2147483648.000000
diff=1
WARNING: orio.module.loop.submodule.tile.transformation: tile size 2048 must be greater than the stride value 2048; tile index = jjj
expected=23973514120645064.000000
actual=31994000891461392.000000
diff=-2147483648.000000
diff=1
expected=23947717497383964.000000
actual=31994000891461392.000000
diff=-2147483648.000000
diff=1
expected=21633254034686032.000000
actual=31994000891461392.000000
diff=-2147483648.000000
diff=1
WARNING: orio.module.loop.submodule.tile.transformation: tile size 1024 must be greater than the stride value 1024; tile index = iii
WARNING: orio.module.loop.submodule.tile.transformation: tile size 128 must be greater than the stride value 128; tile index = iii
expected=23995434085925420.000000
actual=31994000891461392.000000
diff=-2147483648.000000
diff=1
expected=22542990683327264.000000
actual=31994000891461392.000000
diff=-2147483648.000000
diff=1
WARNING: orio.module.loop.submodule.tile.transformation: tile size 2 must be greater than the stride value 2; tile index = jjj
expected=23995434085925420.000000
actual=31994000891461392.000000
diff=-2147483648.000000
diff=1
WARNING: orio.module.loop.submodule.tile.transformation: tile size 32 must be greater than the stride value 32; tile index = jjj
expected=26638850947134032.000000
actual=31994000891461392.000000
diff=-2147483648.000000
diff=1
expected=23955027673669768.000000
actual=31994000891461392.000000
diff=-2147483648.000000
diff=1
expected=23946982777422184.000000
actual=31994000891461392.000000
diff=-2147483648.000000
diff=1
WARNING: orio.module.loop.submodule.tile.transformation: tile size 2 must be greater than the stride value 2; tile index = iii
WARNING: orio.module.loop.submodule.tile.transformation: tile size 64 must be greater than the stride value 64; tile index = jjj
expected=21616178684720388.000000
actual=31994000891461392.000000
diff=-2147483648.000000
diff=1
expected=23958492651141208.000000
actual=31994000891461392.000000
diff=-2147483648.000000
diff=1
WARNING: orio.module.loop.submodule.tile.transformation: tile size 512 must be greater than the stride value 512; tile index = jjj
WARNING: orio.module.loop.submodule.tile.transformation: tile size 512 must be greater than the stride value 512; tile index = jjj
expected=23922728770754308.000000
actual=31994000891461392.000000
diff=-2147483648.000000
diff=1
expected=31875057726775572.000000
actual=31994000891461392.000000
diff=-2147483648.000000
diff=1
WARNING: orio.module.loop.submodule.tile.transformation: tile size 16 must be greater than the stride value 16; tile index = iii
expected=26661800785882496.000000
actual=31994000891461392.000000
diff=-2147483648.000000
diff=1
expected=22658248574938968.000000
actual=31994000891461392.000000
diff=-2147483648.000000
diff=1
expected=23995434085925420.000000
actual=31994000891461392.000000
diff=-2147483648.000000
diff=1
expected=23995434085925420.000000
actual=31994000891461392.000000
diff=-2147483648.000000
diff=1
WARNING: orio.module.loop.submodule.tile.transformation: tile size 16 must be greater than the stride value 16; tile index = jjj
expected=29465010101928084.000000
actual=31994000891461392.000000
diff=-2147483648.000000
diff=1
expected=31744821325448240.000000
actual=31994000891461392.000000
diff=-2147483648.000000
diff=1
expected=31978306432793312.000000
actual=31994000891461392.000000
diff=-2147483648.000000
diff=1
WARNING: orio.module.loop.submodule.tile.transformation: tile size 2 must be greater than the stride value 2; tile index = iii
expected=31907936444353248.000000
actual=31994000891461392.000000
diff=-2147483648.000000
diff=1
expected=21662363178840084.000000
actual=31994000891461392.000000
diff=-2147483648.000000
diff=1
WARNING: orio.module.loop.submodule.tile.transformation: tile size 256 must be greater than the stride value 256; tile index = iii
expected=22662250725447396.000000
actual=31994000891461392.000000
diff=-2147483648.000000
diff=1
WARNING: orio.module.loop.submodule.tile.transformation: tile size 16 must be greater than the stride value 16; tile index = jjj
expected=23995434085925420.000000
actual=31994000891461392.000000
diff=-2147483648.000000
diff=1
WARNING: orio.module.loop.submodule.tile.transformation: tile size 512 must be greater than the stride value 512; tile index = jjj
expected=31942333385483060.000000
actual=31994000891461392.000000
diff=-2147483648.000000
diff=1
expected=26661800785882496.000000
actual=31994000891461392.000000
diff=-2147483648.000000
diff=1
expected=31994000891461392.000000
actual=31994000891461392.000000
diff=0.000000
diff=1
expected=26661800785882496.000000
actual=31994000891461392.000000
diff=-2147483648.000000
diff=1
WARNING: orio.module.loop.submodule.tile.transformation: tile size 8 must be greater than the stride value 8; tile index = jjj
expected=21662363178840084.000000
actual=31994000891461392.000000
diff=-2147483648.000000
diff=1
expected=23995434085925420.000000
actual=31994000891461392.000000
diff=-2147483648.000000
diff=1
expected=31972782090059356.000000
actual=31994000891461392.000000
diff=-2147483648.000000
diff=1
expected=23900223235330804.000000
actual=31994000891461392.000000
diff=-2147483648.000000
diff=1
WARNING: orio.module.loop.submodule.tile.transformation: tile size 32 must be greater than the stride value 32; tile index = jjj
expected=22662250725447396.000000
actual=31994000891461392.000000
diff=-2147483648.000000
diff=1
expected=31994000891461392.000000
actual=31994000891461392.000000
diff=0.000000
diff=1
expected=26375389499508868.000000
actual=31994000891461392.000000
diff=-2147483648.000000
diff=1
expected=31994000891461392.000000
actual=31994000891461392.000000
diff=0.000000
diff=1
expected=23995434085925420.000000
actual=31994000891461392.000000
diff=-2147483648.000000
diff=1
expected=26661800785882496.000000
actual=31994000891461392.000000
diff=-2147483648.000000
diff=1
WARNING: orio.module.loop.submodule.tile.transformation: tile size 512 must be greater than the stride value 512; tile index = jjj
expected=22662250725447396.000000
actual=31994000891461392.000000
diff=-2147483648.000000
diff=1
expected=31994000891461392.000000
actual=31994000891461392.000000
diff=0.000000
diff=1
WARNING: orio.module.loop.submodule.tile.transformation: tile size 4 must be greater than the stride value 4; tile index = jjj
expected=26661800785882496.000000
actual=31994000891461392.000000
diff=-2147483648.000000
diff=1
WARNING: orio.module.loop.submodule.tile.transformation: tile size 4 must be greater than the stride value 4; tile index = iii
expected=26563435491668480.000000
actual=31994000891461392.000000
diff=-2147483648.000000
diff=1
expected=23935495414917876.000000
actual=31994000891461392.000000
diff=-2147483648.000000
diff=1
expected=22662250725447396.000000
actual=31994000891461392.000000
diff=-2147483648.000000
diff=1
WARNING: orio.module.loop.submodule.tile.transformation: tile size 4 must be greater than the stride value 4; tile index = iii
WARNING: orio.module.loop.submodule.tile.transformation: tile size 4 must be greater than the stride value 4; tile index = iii
WARNING: orio.module.loop.submodule.tile.transformation: tile size 16 must be greater than the stride value 16; tile index = jjj
expected=31981802630878836.000000
actual=31994000891461392.000000
diff=-2147483648.000000
diff=1
expected=31994000891461392.000000
actual=31994000891461392.000000
diff=0.000000
diff=1
WARNING: orio.module.loop.submodule.tile.transformation: tile size 1024 must be greater than the stride value 1024; tile index = jjj
WARNING: orio.module.loop.submodule.tile.transformation: tile size 128 must be greater than the stride value 128; tile index = iii
expected=21995659034708832.000000
actual=31994000891461392.000000
diff=-2147483648.000000
diff=1
expected=31947758870101540.000000
actual=31994000891461392.000000
diff=-2147483648.000000
diff=1
expected=31944528037999680.000000
actual=31994000891461392.000000
diff=-2147483648.000000
diff=1
WARNING: orio.module.loop.submodule.tile.transformation: tile size 512 must be greater than the stride value 512; tile index = iii
expected=31994000891461392.000000
actual=31994000891461392.000000
diff=0.000000
diff=1
expected=22662250725447396.000000
actual=31994000891461392.000000
diff=-2147483648.000000
diff=1
expected=31994000891461392.000000
actual=31994000891461392.000000
diff=0.000000
diff=1
expected=22662250725447396.000000
actual=31994000891461392.000000
diff=-2147483648.000000
diff=1
expected=31994000891461392.000000
actual=31994000891461392.000000
diff=0.000000
diff=1
expected=31896728371892392.000000
actual=31994000891461392.000000
diff=-2147483648.000000
diff=1
WARNING: orio.module.loop.submodule.tile.transformation: tile size 512 must be greater than the stride value 512; tile index = jjj
WARNING: orio.module.loop.submodule.tile.transformation: tile size 32 must be greater than the stride value 32; tile index = iii
expected=30761454087792660.000000
actual=31994000891461392.000000
diff=-2147483648.000000
diff=1
expected=26661800785882496.000000
actual=31994000891461392.000000
diff=-2147483648.000000
diff=1
expected=31919099565739612.000000
actual=31994000891461392.000000
diff=-2147483648.000000
diff=1
expected=31994000891461392.000000
actual=31994000891461392.000000
diff=0.000000
diff=1
WARNING: orio.module.loop.submodule.tile.transformation: tile size 512 must be greater than the stride value 512; tile index = jjj
expected=26442175376973356.000000
actual=31994000891461392.000000
diff=-2147483648.000000
diff=1
expected=21632118309267008.000000
actual=31994000891461392.000000
diff=-2147483648.000000
diff=1
expected=23995434085925420.000000
actual=31994000891461392.000000
diff=-2147483648.000000
diff=1
expected=31876479515488824.000000
actual=31994000891461392.000000
diff=-2147483648.000000
diff=1
expected=21786416460589640.000000
actual=31994000891461392.000000
diff=-2147483648.000000
diff=1
expected=31949994555432336.000000
actual=31994000891461392.000000
diff=-2147483648.000000
diff=1
expected=26661800785882496.000000
actual=31994000891461392.000000
diff=-2147483648.000000
diff=1
expected=22662250725447396.000000
actual=31994000891461392.000000
diff=-2147483648.000000
diff=1
expected=22194937193920848.000000
actual=31994000891461392.000000
diff=-2147483648.000000
diff=1
expected=31994000891461392.000000
actual=31994000891461392.000000
diff=0.000000
diff=1
WARNING: orio.module.loop.submodule.tile.transformation: tile size 256 must be greater than the stride value 256; tile index = iii
expected=21662363178840084.000000
actual=31994000891461392.000000
diff=-2147483648.000000
diff=1
expected=21971339452968588.000000
actual=31994000891461392.000000
diff=-2147483648.000000
diff=1
WARNING: orio.module.loop.submodule.tile.transformation: tile size 4 must be greater than the stride value 4; tile index = jjj
expected=26459655614015336.000000
actual=31994000891461392.000000
diff=-2147483648.000000
diff=1
expected=31920525826575812.000000
actual=31994000891461392.000000
diff=-2147483648.000000
diff=1
WARNING: orio.module.loop.submodule.tile.transformation: tile size 4 must be greater than the stride value 4; tile index = iii
WARNING: orio.module.loop.submodule.tile.transformation: tile size 2048 must be greater than the stride value 2048; tile index = iii
expected=22662250725447396.000000
actual=31994000891461392.000000
diff=-2147483648.000000
diff=1
expected=26661800785882496.000000
actual=31994000891461392.000000
diff=-2147483648.000000
diff=1
WARNING: orio.module.loop.submodule.tile.transformation: tile size 4 must be greater than the stride value 4; tile index = jjj
expected=26543918014276400.000000
actual=31994000891461392.000000
diff=-2147483648.000000
diff=1
expected=23995434085925420.000000
actual=31994000891461392.000000
diff=-2147483648.000000
diff=1
expected=23234752259663332.000000
actual=31994000891461392.000000
diff=-2147483648.000000
diff=1
expected=26661800785882496.000000
actual=31994000891461392.000000
diff=-2147483648.000000
diff=1
WARNING: orio.module.loop.submodule.tile.transformation: tile size 1024 must be greater than the stride value 1024; tile index = iii
expected=31576879385258292.000000
actual=31994000891461392.000000
diff=-2147483648.000000
diff=1
WARNING: orio.module.loop.submodule.tile.transformation: tile size 2048 must be greater than the stride value 2048; tile index = jjj
expected=31854862869683420.000000
actual=31994000891461392.000000
diff=-2147483648.000000
diff=1
WARNING: orio.module.loop.submodule.tile.transformation: tile size 2048 must be greater than the stride value 2048; tile index = iii
expected=26661800785882496.000000
actual=31994000891461392.000000
diff=-2147483648.000000
diff=1
expected=31937579687574400.000000
actual=31994000891461392.000000
diff=-2147483648.000000
diff=1
expected=31949995195440412.000000
actual=31994000891461392.000000
diff=-2147483648.000000
diff=1
WARNING: orio.module.loop.submodule.tile.transformation: tile size 2048 must be greater than the stride value 2048; tile index = iii
expected=31868124255994156.000000
actual=31994000891461392.000000
diff=-2147483648.000000
diff=1
expected=22662250725447396.000000
actual=31994000891461392.000000
diff=-2147483648.000000
diff=1
expected=31937170756854944.000000
actual=31994000891461392.000000
diff=-2147483648.000000
diff=1
WARNING: orio.module.loop.submodule.tile.transformation: tile size 2048 must be greater than the stride value 2048; tile index = iii
expected=31994000891461392.000000
actual=31994000891461392.000000
diff=0.000000
diff=1
expected=23995434085925420.000000
actual=31994000891461392.000000
diff=-2147483648.000000
diff=1
expected=31898854394987036.000000
actual=31994000891461392.000000
diff=-2147483648.000000
diff=1
WARNING: orio.module.loop.submodule.tile.transformation: tile size 2048 must be greater than the stride value 2048; tile index = iii
expected=23995434085925420.000000
actual=31994000891461392.000000
diff=-2147483648.000000
diff=1
WARNING: orio.module.loop.submodule.tile.transformation: tile size 2048 must be greater than the stride value 2048; tile index = jjj
expected=23995434085925420.000000
actual=31994000891461392.000000
diff=-2147483648.000000
diff=1
WARNING: orio.module.loop.submodule.tile.transformation: tile size 512 must be greater than the stride value 512; tile index = jjj
expected=21995659034708832.000000
actual=31994000891461392.000000
diff=-2147483648.000000
diff=1
expected=21995659034708832.000000
actual=31994000891461392.000000
diff=-2147483648.000000
diff=1
WARNING: orio.module.loop.submodule.tile.transformation: tile size 2048 must be greater than the stride value 2048; tile index = jjj
WARNING: orio.module.loop.submodule.tile.transformation: tile size 32 must be greater than the stride value 32; tile index = iii
expected=23995434085925420.000000
actual=31994000891461392.000000
diff=-2147483648.000000
diff=1
WARNING: orio.module.loop.submodule.tile.transformation: tile size 256 must be greater than the stride value 256; tile index = jjj
expected=26661800785882496.000000
actual=31994000891461392.000000
diff=-2147483648.000000
diff=1
expected=31982557660847864.000000
actual=31994000891461392.000000
diff=-2147483648.000000
diff=1
expected=31994000891461392.000000
actual=31994000891461392.000000
diff=0.000000
diff=1
expected=31927172413418448.000000
actual=31994000891461392.000000
diff=-2147483648.000000
diff=1
WARNING: orio.module.loop.submodule.tile.transformation: tile size 512 must be greater than the stride value 512; tile index = jjj
expected=21995659034708832.000000
actual=31994000891461392.000000
diff=-2147483648.000000
diff=1
expected=31803368849578948.000000
actual=31994000891461392.000000
diff=-2147483648.000000
diff=1
expected=31994000891461392.000000
actual=31994000891461392.000000
diff=0.000000
diff=1
WARNING: orio.module.loop.submodule.tile.transformation: tile size 2048 must be greater than the stride value 2048; tile index = jjj
expected=20468486483795780.000000
actual=31994000891461392.000000
diff=-2147483648.000000
diff=1
expected=26631341287333288.000000
actual=31994000891461392.000000
diff=-2147483648.000000
diff=1
expected=22662250725447396.000000
actual=31994000891461392.000000
diff=-2147483648.000000
diff=1
expected=31897035450444512.000000
actual=31994000891461392.000000
diff=-2147483648.000000
diff=1
expected=26661800785882496.000000
actual=31994000891461392.000000
diff=-2147483648.000000
diff=1
expected=31959084605079428.000000
actual=31994000891461392.000000
diff=-2147483648.000000
diff=1
expected=23984285442176252.000000
actual=31994000891461392.000000
diff=-2147483648.000000
diff=1
WARNING: orio.module.loop.submodule.tile.transformation: tile size 2 must be greater than the stride value 2; tile index = iii
expected=31964135188043944.000000
actual=31994000891461392.000000
diff=-2147483648.000000
diff=1
WARNING: orio.module.loop.submodule.tile.transformation: tile size 1024 must be greater than the stride value 1024; tile index = iii
WARNING: orio.module.loop.submodule.tile.transformation: tile size 32 must be greater than the stride value 32; tile index = iii
expected=21652635831921224.000000
actual=31994000891461392.000000
diff=-2147483648.000000
diff=1
expected=21995659034708832.000000
actual=31994000891461392.000000
diff=-2147483648.000000
diff=1
expected=23995434085925420.000000
actual=31994000891461392.000000
diff=-2147483648.000000
diff=1
expected=30682847078000356.000000
actual=31994000891461392.000000
diff=-2147483648.000000
diff=1
expected=26306843932152152.000000
actual=31994000891461392.000000
diff=-2147483648.000000
diff=1
WARNING: orio.module.loop.submodule.tile.transformation: tile size 512 must be greater than the stride value 512; tile index = iii
expected=23995434085925420.000000
actual=31994000891461392.000000
diff=-2147483648.000000
diff=1
expected=31994000891461392.000000
actual=31994000891461392.000000
diff=0.000000
diff=1
expected=21987685600382380.000000
actual=31994000891461392.000000
diff=-2147483648.000000
diff=1
WARNING: orio.module.loop.submodule.tile.transformation: tile size 64 must be greater than the stride value 64; tile index = jjj
expected=22662250725447396.000000
actual=31994000891461392.000000
diff=-2147483648.000000
diff=1
expected=14783591307143416.000000
actual=31994000891461392.000000
diff=-2147483648.000000
diff=1
expected=31984580645106768.000000
actual=31994000891461392.000000
diff=-2147483648.000000
diff=1
expected=23717303828967172.000000
actual=31994000891461392.000000
diff=-2147483648.000000
diff=1
WARNING: orio.module.loop.submodule.tile.transformation: tile size 512 must be greater than the stride value 512; tile index = jjj
expected=21995659034708832.000000
actual=31994000891461392.000000
diff=-2147483648.000000
diff=1
expected=22662250725447396.000000
actual=31994000891461392.000000
diff=-2147483648.000000
diff=1
expected=31983241690713532.000000
actual=31994000891461392.000000
diff=-2147483648.000000
diff=1
WARNING: orio.module.loop.submodule.tile.transformation: tile size 4 must be greater than the stride value 4; tile index = iii
expected=31909513233786412.000000
actual=31994000891461392.000000
diff=-2147483648.000000
diff=1
WARNING: orio.module.loop.submodule.tile.transformation: tile size 64 must be greater than the stride value 64; tile index = jjj
expected=31994000891461392.000000
actual=31994000891461392.000000
diff=0.000000
diff=1
expected=26648987969098856.000000
actual=31994000891461392.000000
diff=-2147483648.000000
diff=1
WARNING: orio.module.loop.submodule.tile.transformation: tile size 4 must be greater than the stride value 4; tile index = jjj
WARNING: orio.module.loop.submodule.tile.transformation: tile size 2 must be greater than the stride value 2; tile index = iii
expected=23995434085925420.000000
actual=31994000891461392.000000
diff=-2147483648.000000
diff=1
expected=31994000891461392.000000
actual=31994000891461392.000000
diff=0.000000
diff=1
expected=22662250725447396.000000
actual=31994000891461392.000000
diff=-2147483648.000000
diff=1
WARNING: orio.module.loop.submodule.tile.transformation: tile size 512 must be greater than the stride value 512; tile index = iii
expected=31994000891461392.000000
actual=31994000891461392.000000
diff=0.000000
diff=1
WARNING: orio.module.loop.submodule.tile.transformation: tile size 128 must be greater than the stride value 128; tile index = jjj
WARNING: orio.module.loop.submodule.tile.transformation: tile size 2 must be greater than the stride value 2; tile index = jjj
expected=26661800785882496.000000
actual=31994000891461392.000000
diff=-2147483648.000000
diff=1
expected=22651559129358864.000000
actual=31994000891461392.000000
diff=-2147483648.000000
diff=1
WARNING: orio.module.loop.submodule.tile.transformation: tile size 1024 must be greater than the stride value 1024; tile index = iii
expected=26661800785882496.000000
actual=31994000891461392.000000
diff=-2147483648.000000
diff=1
expected=31994000891461392.000000
actual=31994000891461392.000000
diff=0.000000
diff=1
expected=26661800785882496.000000
actual=31994000891461392.000000
diff=-2147483648.000000
diff=1
expected=31895638403670104.000000
actual=31994000891461392.000000
diff=-2147483648.000000
diff=1
WARNING: orio.module.loop.submodule.tile.transformation: tile size 2 must be greater than the stride value 2; tile index = iii
WARNING: orio.module.loop.submodule.tile.transformation: tile size 128 must be greater than the stride value 128; tile index = jjj
expected=26589899485222000.000000
actual=31994000891461392.000000
diff=-2147483648.000000
diff=1
expected=21662363178840084.000000
actual=31994000891461392.000000
diff=-2147483648.000000
diff=1
WARNING: orio.module.loop.submodule.tile.transformation: tile size 2048 must be greater than the stride value 2048; tile index = jjj
expected=31994000891461392.000000
actual=31994000891461392.000000
diff=0.000000
diff=1
WARNING: orio.module.loop.submodule.tile.transformation: tile size 16 must be greater than the stride value 16; tile index = jjj
expected=31994000891461392.000000
actual=31994000891461392.000000
diff=0.000000
diff=1
expected=22662250725447396.000000
actual=31994000891461392.000000
diff=-2147483648.000000
diff=1
expected=22662250725447396.000000
actual=31994000891461392.000000
diff=-2147483648.000000
diff=1
WARNING: orio.module.loop.submodule.tile.transformation: tile size 256 must be greater than the stride value 256; tile index = jjj
expected=23898230950431480.000000
actual=31994000891461392.000000
diff=-2147483648.000000
diff=1
WARNING: orio.module.loop.submodule.tile.transformation: tile size 128 must be greater than the stride value 128; tile index = iii
expected=26640575817303112.000000
actual=31994000891461392.000000
diff=-2147483648.000000
diff=1
expected=21630036006510928.000000
actual=31994000891461392.000000
diff=-2147483648.000000
diff=1
expected=23995434085925420.000000
actual=31994000891461392.000000
diff=-2147483648.000000
diff=1
expected=22595456701646844.000000
actual=31994000891461392.000000
diff=-2147483648.000000
diff=1
WARNING: orio.module.loop.submodule.tile.transformation: tile size 512 must be greater than the stride value 512; tile index = iii
expected=23995434085925420.000000
actual=31994000891461392.000000
diff=-2147483648.000000
diff=1
expected=26649882783292628.000000
actual=31994000891461392.000000
diff=-2147483648.000000
diff=1
WARNING: orio.module.loop.submodule.tile.transformation: tile size 256 must be greater than the stride value 256; tile index = iii
expected=21984656666465392.000000
actual=31994000891461392.000000
diff=-2147483648.000000
diff=1
WARNING: orio.module.loop.submodule.tile.transformation: tile size 32 must be greater than the stride value 32; tile index = jjj
expected=22662250725447396.000000
actual=31994000891461392.000000
diff=-2147483648.000000
diff=1
WARNING: orio.module.loop.submodule.tile.transformation: tile size 128 must be greater than the stride value 128; tile index = jjj
WARNING: orio.module.loop.submodule.tile.transformation: tile size 2 must be greater than the stride value 2; tile index = jjj
expected=26661800785882496.000000
actual=31994000891461392.000000
diff=-2147483648.000000
diff=1
WARNING: orio.module.loop.submodule.tile.transformation: tile size 4 must be greater than the stride value 4; tile index = iii
expected=31927205050384592.000000
actual=31994000891461392.000000
diff=-2147483648.000000
diff=1
expected=31994000891461392.000000
actual=31994000891461392.000000
diff=0.000000
diff=1
WARNING: orio.module.loop.submodule.tile.transformation: tile size 32 must be greater than the stride value 32; tile index = jjj
expected=21662363178840084.000000
actual=31994000891461392.000000
diff=-2147483648.000000
diff=1
WARNING: orio.module.loop.submodule.tile.transformation: tile size 2048 must be greater than the stride value 2048; tile index = iii
expected=22499936900223160.000000
actual=31994000891461392.000000
diff=-2147483648.000000
diff=1
WARNING: orio.module.loop.submodule.tile.transformation: tile size 16 must be greater than the stride value 16; tile index = jjj
expected=31994000891461392.000000
actual=31994000891461392.000000
diff=0.000000
diff=1
expected=31936809898982160.000000
actual=31994000891461392.000000
diff=-2147483648.000000
diff=1
WARNING: orio.module.loop.submodule.tile.transformation: tile size 32 must be greater than the stride value 32; tile index = jjj
expected=31994000891461392.000000
actual=31994000891461392.000000
diff=0.000000
diff=1
expected=26661800785882496.000000
actual=31994000891461392.000000
diff=-2147483648.000000
diff=1
expected=21995659034708832.000000
actual=31994000891461392.000000
diff=-2147483648.000000
diff=1
expected=26661800785882496.000000
actual=31994000891461392.000000
diff=-2147483648.000000
diff=1
WARNING: orio.module.loop.submodule.tile.transformation: tile size 16 must be greater than the stride value 16; tile index = iii
WARNING: orio.module.loop.submodule.tile.transformation: tile size 4 must be greater than the stride value 4; tile index = jjj
expected=31994000891461392.000000
actual=31994000891461392.000000
diff=0.000000
diff=1
WARNING: orio.module.loop.submodule.tile.transformation: tile size 4 must be greater than the stride value 4; tile index = jjj
expected=21662018877879832.000000
actual=31994000891461392.000000
diff=-2147483648.000000
diff=1
WARNING: orio.module.loop.submodule.tile.transformation: tile size 2 must be greater than the stride value 2; tile index = jjj
expected=26661800785882496.000000
actual=31994000891461392.000000
diff=-2147483648.000000
diff=1
expected=23995434085925420.000000
actual=31994000891461392.000000
diff=-2147483648.000000
diff=1
expected=23995434085925420.000000
actual=31994000891461392.000000
diff=-2147483648.000000
diff=1
WARNING: orio.module.loop.submodule.tile.transformation: tile size 32 must be greater than the stride value 32; tile index = iii
expected=22662250725447396.000000
actual=31994000891461392.000000
diff=-2147483648.000000
diff=1
expected=31858571856353828.000000
actual=31994000891461392.000000
diff=-2147483648.000000
diff=1
expected=26661800785882496.000000
actual=31994000891461392.000000
diff=-2147483648.000000
diff=1
WARNING: orio.module.loop.submodule.tile.transformation: tile size 1024 must be greater than the stride value 1024; tile index = iii
expected=21972907557763040.000000
actual=31994000891461392.000000
diff=-2147483648.000000
diff=1
expected=31945325166206756.000000
actual=31994000891461392.000000
diff=-2147483648.000000
diff=1
expected=23995434085925420.000000
actual=31994000891461392.000000
diff=-2147483648.000000
diff=1
expected=31994000891461392.000000
actual=31994000891461392.000000
diff=0.000000
diff=1
expected=23995434085925420.000000
actual=31994000891461392.000000
diff=-2147483648.000000
diff=1
expected=31994000891461392.000000
actual=31994000891461392.000000
diff=0.000000
diff=1
expected=23912281162594964.000000
actual=31994000891461392.000000
diff=-2147483648.000000
diff=1
WARNING: orio.module.loop.submodule.tile.transformation: tile size 256 must be greater than the stride value 256; tile index = iii
WARNING: orio.module.loop.submodule.tile.transformation: tile size 256 must be greater than the stride value 256; tile index = jjj
expected=31994000891461392.000000
actual=31994000891461392.000000
diff=0.000000
diff=1
WARNING: orio.module.loop.submodule.tile.transformation: tile size 16 must be greater than the stride value 16; tile index = iii
expected=31994000891461392.000000
actual=31994000891461392.000000
diff=0.000000
diff=1
WARNING: orio.module.loop.submodule.tile.transformation: tile size 64 must be greater than the stride value 64; tile index = jjj
expected=23941696383112168.000000
actual=31994000891461392.000000
diff=-2147483648.000000
diff=1
WARNING: orio.module.loop.submodule.tile.transformation: tile size 1024 must be greater than the stride value 1024; tile index = iii
expected=22615501370957468.000000
actual=31994000891461392.000000
diff=-2147483648.000000
diff=1
expected=21648656926394948.000000
actual=31994000891461392.000000
diff=-2147483648.000000
diff=1
WARNING: orio.module.loop.submodule.tile.transformation: tile size 512 must be greater than the stride value 512; tile index = iii
expected=31994000891461392.000000
actual=31994000891461392.000000
diff=0.000000
diff=1
WARNING: orio.module.loop.submodule.tile.transformation: tile size 32 must be greater than the stride value 32; tile index = iii
expected=23995434085925420.000000
actual=31994000891461392.000000
diff=-2147483648.000000
diff=1
WARNING: orio.module.loop.submodule.tile.transformation: tile size 4 must be greater than the stride value 4; tile index = iii
expected=31994000891461392.000000
actual=31994000891461392.000000
diff=0.000000
diff=1
expected=22649221608494756.000000
actual=31994000891461392.000000
diff=-2147483648.000000
diff=1
expected=31994000891461392.000000
actual=31994000891461392.000000
diff=0.000000
diff=1
expected=31984920522945080.000000
actual=31994000891461392.000000
diff=-2147483648.000000
diff=1
WARNING: orio.module.loop.submodule.tile.transformation: tile size 8 must be greater than the stride value 8; tile index = iii
expected=31834364348910836.000000
actual=31994000891461392.000000
diff=-2147483648.000000
diff=1
expected=23995434085925420.000000
actual=31994000891461392.000000
diff=-2147483648.000000
diff=1
expected=23995434085925420.000000
actual=31994000891461392.000000
diff=-2147483648.000000
diff=1
expected=31994000891461392.000000
actual=31994000891461392.000000
diff=0.000000
diff=1
expected=21988194839620456.000000
actual=31994000891461392.000000
diff=-2147483648.000000
diff=1
expected=31806371607109756.000000
actual=31994000891461392.000000
diff=-2147483648.000000
diff=1
expected=22659472617621168.000000
actual=31994000891461392.000000
diff=-2147483648.000000
diff=1
WARNING: orio.module.loop.submodule.tile.transformation: tile size 512 must be greater than the stride value 512; tile index = jjj
expected=31994000891461392.000000
actual=31994000891461392.000000
diff=0.000000
diff=1
expected=23995434085925420.000000
actual=31994000891461392.000000
diff=-2147483648.000000
diff=1
WARNING: orio.module.loop.submodule.tile.transformation: tile size 512 must be greater than the stride value 512; tile index = jjj
expected=31994000891461392.000000
actual=31994000891461392.000000
diff=0.000000
diff=1
expected=31942177564207172.000000
actual=31994000891461392.000000
diff=-2147483648.000000
diff=1
WARNING: orio.module.loop.submodule.tile.transformation: tile size 128 must be greater than the stride value 128; tile index = iii
expected=21931543025883272.000000
actual=31994000891461392.000000
diff=-2147483648.000000
diff=1
expected=23995434085925420.000000
actual=31994000891461392.000000
diff=-2147483648.000000
diff=1
WARNING: orio.module.loop.submodule.tile.transformation: tile size 1024 must be greater than the stride value 1024; tile index = jjj
expected=26661800785882496.000000
actual=31994000891461392.000000
diff=-2147483648.000000
diff=1
expected=23955199771683620.000000
actual=31994000891461392.000000
diff=-2147483648.000000
diff=1
expected=26612023504642828.000000
actual=31994000891461392.000000
diff=-2147483648.000000
diff=1
WARNING: orio.module.loop.submodule.tile.transformation: tile size 32 must be greater than the stride value 32; tile index = iii
WARNING: orio.module.loop.submodule.tile.transformation: tile size 64 must be greater than the stride value 64; tile index = iii
expected=23995434085925420.000000
actual=31994000891461392.000000
diff=-2147483648.000000
diff=1
expected=22662250725447396.000000
actual=31994000891461392.000000
diff=-2147483648.000000
diff=1
expected=21962028140247984.000000
actual=31994000891461392.000000
diff=-2147483648.000000
diff=1
expected=31994000891461392.000000
actual=31994000891461392.000000
diff=0.000000
diff=1
expected=19808763390718780.000000
actual=31994000891461392.000000
diff=-2147483648.000000
diff=1
expected=26463007606117924.000000
actual=31994000891461392.000000
diff=-2147483648.000000
diff=1
expected=23987211899742316.000000
actual=31994000891461392.000000
diff=-2147483648.000000
diff=1
WARNING: orio.module.loop.submodule.tile.transformation: tile size 1024 must be greater than the stride value 1024; tile index = jjj
expected=26652823795862276.000000
actual=31994000891461392.000000
diff=-2147483648.000000
diff=1
WARNING: orio.module.loop.submodule.tile.transformation: tile size 1024 must be greater than the stride value 1024; tile index = iii
WARNING: orio.module.loop.submodule.tile.transformation: tile size 4 must be greater than the stride value 4; tile index = jjj
expected=26623180555960092.000000
actual=31994000891461392.000000
diff=-2147483648.000000
diff=1
expected=31967466072792408.000000
actual=31994000891461392.000000
diff=-2147483648.000000
diff=1
WARNING: orio.module.loop.submodule.tile.transformation: tile size 8 must be greater than the stride value 8; tile index = jjj
expected=23995434085925420.000000
actual=31994000891461392.000000
diff=-2147483648.000000
diff=1
expected=26661800785882496.000000
actual=31994000891461392.000000
diff=-2147483648.000000
diff=1
expected=31994000891461392.000000
actual=31994000891461392.000000
diff=0.000000
diff=1
WARNING: orio.module.loop.submodule.tile.transformation: tile size 1024 must be greater than the stride value 1024; tile index = jjj
expected=23914569503325040.000000
actual=31994000891461392.000000
diff=-2147483648.000000
diff=1
expected=26521836186869684.000000
actual=31994000891461392.000000
diff=-2147483648.000000
diff=1
WARNING: orio.module.loop.submodule.tile.transformation: tile size 8 must be greater than the stride value 8; tile index = jjj
expected=31994000891461392.000000
actual=31994000891461392.000000
diff=0.000000
diff=1
expected=31994000891461392.000000
actual=31994000891461392.000000
diff=0.000000
diff=1
WARNING: orio.module.loop.submodule.tile.transformation: tile size 32 must be greater than the stride value 32; tile index = jjj
WARNING: orio.module.loop.submodule.tile.transformation: tile size 4 must be greater than the stride value 4; tile index = jjj
expected=31994000891461392.000000
actual=31994000891461392.000000
diff=0.000000
diff=1
WARNING: orio.module.loop.submodule.tile.transformation: tile size 128 must be greater than the stride value 128; tile index = jjj
WARNING: orio.module.loop.submodule.tile.transformation: tile size 1024 must be greater than the stride value 1024; tile index = iii
expected=23995434085925420.000000
actual=31994000891461392.000000
diff=-2147483648.000000
diff=1
expected=23995434085925420.000000
actual=31994000891461392.000000
diff=-2147483648.000000
diff=1
expected=21662363178840084.000000
actual=31994000891461392.000000
diff=-2147483648.000000
diff=1
WARNING: orio.module.loop.submodule.tile.transformation: tile size 64 must be greater than the stride value 64; tile index = iii
expected=23995434085925420.000000
actual=31994000891461392.000000
diff=-2147483648.000000
diff=1
expected=23983563062649660.000000
actual=31994000891461392.000000
diff=-2147483648.000000
diff=1
WARNING: orio.module.loop.submodule.tile.transformation: tile size 16 must be greater than the stride value 16; tile index = jjj
expected=26661800785882496.000000
actual=31994000891461392.000000
diff=-2147483648.000000
diff=1
expected=31994000891461392.000000
actual=31994000891461392.000000
diff=0.000000
diff=1
expected=22662250725447396.000000
actual=31994000891461392.000000
diff=-2147483648.000000
diff=1
expected=23995434085925420.000000
actual=31994000891461392.000000
diff=-2147483648.000000
diff=1
WARNING: orio.module.loop.submodule.tile.transformation: tile size 8 must be greater than the stride value 8; tile index = jjj
expected=31994000891461392.000000
actual=31994000891461392.000000
diff=0.000000
diff=1
expected=23995434085925420.000000
actual=31994000891461392.000000
diff=-2147483648.000000
diff=1
WARNING: orio.module.loop.submodule.tile.transformation: tile size 256 must be greater than the stride value 256; tile index = jjj
expected=31970087611233556.000000
actual=31994000891461392.000000
diff=-2147483648.000000
diff=1
expected=21995659034708832.000000
actual=31994000891461392.000000
diff=-2147483648.000000
diff=1
expected=23955161107427172.000000
actual=31994000891461392.000000
diff=-2147483648.000000
diff=1
expected=26652262626916332.000000
actual=31994000891461392.000000
diff=-2147483648.000000
diff=1
WARNING: orio.module.loop.submodule.tile.transformation: tile size 256 must be greater than the stride value 256; tile index = jjj
expected=22662250725447396.000000
actual=31994000891461392.000000
diff=-2147483648.000000
diff=1
WARNING: orio.module.loop.submodule.tile.transformation: tile size 8 must be greater than the stride value 8; tile index = iii
expected=23995434085925420.000000
actual=31994000891461392.000000
diff=-2147483648.000000
diff=1
expected=23995434085925420.000000
actual=31994000891461392.000000
diff=-2147483648.000000
diff=1
WARNING: orio.module.loop.submodule.tile.transformation: tile size 2048 must be greater than the stride value 2048; tile index = iii
expected=26644909728286008.000000
actual=31994000891461392.000000
diff=-2147483648.000000
diff=1
expected=31994000891461392.000000
actual=31994000891461392.000000
diff=0.000000
diff=1
WARNING: orio.module.loop.submodule.tile.transformation: tile size 2048 must be greater than the stride value 2048; tile index = jjj
expected=31994000891461392.000000
actual=31994000891461392.000000
diff=0.000000
diff=1
expected=26632561783474456.000000
actual=31994000891461392.000000
diff=-2147483648.000000
diff=1
expected=22662250725447396.000000
actual=31994000891461392.000000
diff=-2147483648.000000
diff=1
expected=31994000891461392.000000
actual=31994000891461392.000000
diff=0.000000
diff=1
WARNING: orio.module.loop.submodule.tile.transformation: tile size 4 must be greater than the stride value 4; tile index = jjj
expected=23940199530981492.000000
actual=31994000891461392.000000
diff=-2147483648.000000
diff=1
WARNING: orio.module.loop.submodule.tile.transformation: tile size 512 must be greater than the stride value 512; tile index = iii
WARNING: orio.module.loop.submodule.tile.transformation: tile size 256 must be greater than the stride value 256; tile index = jjj
expected=23991372764380976.000000
actual=31994000891461392.000000
diff=-2147483648.000000
diff=1
expected=23830461124430620.000000
actual=31994000891461392.000000
diff=-2147483648.000000
diff=1
WARNING: orio.module.loop.submodule.tile.transformation: tile size 2048 must be greater than the stride value 2048; tile index = iii
expected=21662363178840084.000000
actual=31994000891461392.000000
diff=-2147483648.000000
diff=1
expected=31994000891461392.000000
actual=31994000891461392.000000
diff=0.000000
diff=1
WARNING: orio.module.loop.submodule.tile.transformation: tile size 512 must be greater than the stride value 512; tile index = jjj
WARNING: orio.module.loop.submodule.tile.transformation: tile size 64 must be greater than the stride value 64; tile index = iii
expected=23995434085925420.000000
actual=31994000891461392.000000
diff=-2147483648.000000
diff=1
expected=21629992750999284.000000
actual=31994000891461392.000000
diff=-2147483648.000000
diff=1
expected=23995434085925420.000000
actual=31994000891461392.000000
diff=-2147483648.000000
diff=1
WARNING: orio.module.loop.submodule.tile.transformation: tile size 8 must be greater than the stride value 8; tile index = iii
expected=31994000891461392.000000
actual=31994000891461392.000000
diff=0.000000
diff=1
WARNING: orio.module.loop.submodule.tile.transformation: tile size 256 must be greater than the stride value 256; tile index = jjj
expected=21995659034708832.000000
actual=31994000891461392.000000
diff=-2147483648.000000
diff=1
expected=31919660056919620.000000
actual=31994000891461392.000000
diff=-2147483648.000000
diff=1
expected=21662363178840084.000000
actual=31994000891461392.000000
diff=-2147483648.000000
diff=1
WARNING: orio.module.loop.submodule.tile.transformation: tile size 1024 must be greater than the stride value 1024; tile index = jjj
expected=31699675646352480.000000
actual=31994000891461392.000000
diff=-2147483648.000000
diff=1
expected=22636676515515632.000000
actual=31994000891461392.000000
diff=-2147483648.000000
diff=1
WARNING: orio.module.loop.submodule.tile.transformation: tile size 512 must be greater than the stride value 512; tile index = jjj
expected=22633549953783452.000000
actual=31994000891461392.000000
diff=-2147483648.000000
diff=1
WARNING: orio.module.loop.submodule.tile.transformation: tile size 2048 must be greater than the stride value 2048; tile index = jjj
expected=23995434085925420.000000
actual=31994000891461392.000000
diff=-2147483648.000000
diff=1
WARNING: orio.module.loop.submodule.tile.transformation: tile size 512 must be greater than the stride value 512; tile index = iii
expected=25446885683172316.000000
actual=31994000891461392.000000
diff=-2147483648.000000
diff=1
expected=26661800785882496.000000
actual=31994000891461392.000000
diff=-2147483648.000000
diff=1
expected=31994000891461392.000000
actual=31994000891461392.000000
diff=0.000000
diff=1
WARNING: orio.module.loop.submodule.tile.transformation: tile size 32 must be greater than the stride value 32; tile index = jjj
WARNING: orio.module.loop.submodule.tile.transformation: tile size 256 must be greater than the stride value 256; tile index = jjj
expected=31994000891461392.000000
actual=31994000891461392.000000
diff=0.000000
diff=1
WARNING: orio.module.loop.submodule.tile.transformation: tile size 1024 must be greater than the stride value 1024; tile index = jjj
expected=31083318235995308.000000
actual=31994000891461392.000000
diff=-2147483648.000000
diff=1
expected=31994000891461392.000000
actual=31994000891461392.000000
diff=0.000000
diff=1
expected=31983209754961596.000000
actual=31994000891461392.000000
diff=-2147483648.000000
diff=1
expected=31850910207308600.000000
actual=31994000891461392.000000
diff=-2147483648.000000
diff=1
expected=23991807296257212.000000
actual=31994000891461392.000000
diff=-2147483648.000000
diff=1
expected=26661800785882496.000000
actual=31994000891461392.000000
diff=-2147483648.000000
diff=1
WARNING: orio.module.loop.submodule.tile.transformation: tile size 4 must be greater than the stride value 4; tile index = iii
expected=31994000891461392.000000
actual=31994000891461392.000000
diff=0.000000
diff=1
WARNING: orio.module.loop.submodule.tile.transformation: tile size 256 must be greater than the stride value 256; tile index = iii
expected=26600501159185056.000000
actual=31994000891461392.000000
diff=-2147483648.000000
diff=1
expected=31954803442725156.000000
actual=31994000891461392.000000
diff=-2147483648.000000
diff=1
expected=31994000891461392.000000
actual=31994000891461392.000000
diff=0.000000
diff=1
