
expected=520921857703.047607
actual=-29488901894.314121
diff=-2147483648.000000
diff=1
expected=288940386.330813
actual=-29488901894.314121
diff=-2147483648.000000
diff=1
WARNING: orio.module.loop.submodule.tile.transformation: tile size 256 must be greater than the stride value 256; tile index = iii
expected=-29488901894.314121
actual=-29488901894.314121
diff=0.000000
diff=1
expected=25440258.444064
actual=-29488901894.314121
diff=-2147483648.000000
diff=1
WARNING: orio.module.loop.submodule.tile.transformation: tile size 128 must be greater than the stride value 128; tile index = jjj
expected=-29488901894.314121
actual=-29488901894.314121
diff=0.000000
diff=1
expected=-29488901894.314121
actual=-29488901894.314121
diff=0.000000
diff=1
expected=-29488901894.314121
actual=-29488901894.314121
diff=0.000000
diff=1
expected=-29488901894.314121
actual=-29488901894.314121
diff=0.000000
diff=1
WARNING: orio.module.loop.submodule.tile.transformation: tile size 2048 must be greater than the stride value 2048; tile index = jjj
WARNING: orio.module.loop.submodule.tile.transformation: tile size 32 must be greater than the stride value 32; tile index = iii
expected=-29488901894.314121
actual=-29488901894.314121
diff=0.000000
diff=1
expected=-29488901894.314121
actual=-29488901894.314121
diff=0.000000
diff=1
expected=-25932060.545677
actual=-29488901894.314121
diff=-2147483648.000000
diff=1
WARNING: orio.module.loop.submodule.tile.transformation: tile size 16 must be greater than the stride value 16; tile index = jjj
expected=930684697336.659424
actual=-29488901894.314121
diff=-2147483648.000000
diff=1
expected=-7558329.286618
actual=-29488901894.314121
diff=-2147483648.000000
diff=1
expected=-29488901894.314121
actual=-29488901894.314121
diff=0.000000
diff=1
WARNING: orio.module.loop.submodule.tile.transformation: tile size 2048 must be greater than the stride value 2048; tile index = iii
WARNING: orio.module.loop.submodule.tile.transformation: tile size 2048 must be greater than the stride value 2048; tile index = iii
expected=1755459126502.282959
actual=-29488901894.314121
diff=-2147483648.000000
diff=1
WARNING: orio.module.loop.submodule.tile.transformation: tile size 2048 must be greater than the stride value 2048; tile index = jjj
expected=-1316862425470.925049
actual=-29488901894.314121
diff=-2147483648.000000
diff=1
expected=-29488901894.314121
actual=-29488901894.314121
diff=0.000000
diff=1
expected=25440258.444064
actual=-29488901894.314121
diff=-2147483648.000000
diff=1
WARNING: orio.module.loop.submodule.tile.transformation: tile size 16 must be greater than the stride value 16; tile index = iii
WARNING: orio.module.loop.submodule.tile.transformation: tile size 512 must be greater than the stride value 512; tile index = iii
WARNING: orio.module.loop.submodule.tile.transformation: tile size 2048 must be greater than the stride value 2048; tile index = jjj
expected=25440258.444064
actual=-29488901894.314121
diff=-2147483648.000000
diff=1
expected=-95161.902725
actual=-29488901894.314121
diff=-2147483648.000000
diff=1
expected=25440258.444064
actual=-29488901894.314121
diff=-2147483648.000000
diff=1
WARNING: orio.module.loop.submodule.tile.transformation: tile size 2048 must be greater than the stride value 2048; tile index = iii
expected=-1023146.527636
actual=-29488901894.314121
diff=-2147483648.000000
diff=1
WARNING: orio.module.loop.submodule.tile.transformation: tile size 512 must be greater than the stride value 512; tile index = jjj
expected=-7558329.286618
actual=-29488901894.314121
diff=-2147483648.000000
diff=1
WARNING: orio.module.loop.submodule.tile.transformation: tile size 512 must be greater than the stride value 512; tile index = iii
expected=-29488901894.314121
actual=-29488901894.314121
diff=0.000000
diff=1
WARNING: orio.module.loop.submodule.tile.transformation: tile size 4 must be greater than the stride value 4; tile index = jjj
expected=-7558329.286618
actual=-29488901894.314121
diff=-2147483648.000000
diff=1
expected=126721550248.385513
actual=-29488901894.314121
diff=-2147483648.000000
diff=1
WARNING: orio.module.loop.submodule.tile.transformation: tile size 2 must be greater than the stride value 2; tile index = jjj
expected=-29488901894.314121
actual=-29488901894.314121
diff=0.000000
diff=1
WARNING: orio.module.loop.submodule.tile.transformation: tile size 2 must be greater than the stride value 2; tile index = iii
expected=-29488901894.314121
actual=-29488901894.314121
diff=0.000000
diff=1
WARNING: orio.module.loop.submodule.tile.transformation: tile size 8 must be greater than the stride value 8; tile index = iii
expected=-29488901894.314121
actual=-29488901894.314121
diff=0.000000
diff=1
expected=-29488901894.314121
actual=-29488901894.314121
diff=0.000000
diff=1
expected=25935670135777.578125
actual=-29488901894.314121
diff=-2147483648.000000
diff=1
expected=-29488901894.314121
actual=-29488901894.314121
diff=0.000000
diff=1
expected=-8369971.849494
actual=-29488901894.314121
diff=-2147483648.000000
diff=1
expected=-29488901894.314121
actual=-29488901894.314121
diff=0.000000
diff=1
WARNING: orio.module.loop.submodule.tile.transformation: tile size 64 must be greater than the stride value 64; tile index = jjj
expected=-7558329.286618
actual=-29488901894.314121
diff=-2147483648.000000
diff=1
expected=591607783108033.125000
actual=-29488901894.314121
diff=-2147483648.000000
diff=1
WARNING: orio.module.loop.submodule.tile.transformation: tile size 2048 must be greater than the stride value 2048; tile index = jjj
expected=-29488901894.314121
actual=-29488901894.314121
diff=0.000000
diff=1
expected=-1023146.527636
actual=-29488901894.314121
diff=-2147483648.000000
diff=1
WARNING: orio.module.loop.submodule.tile.transformation: tile size 2048 must be greater than the stride value 2048; tile index = jjj
expected=6593154310.681840
actual=-29488901894.314121
diff=-2147483648.000000
diff=1
WARNING: orio.module.loop.submodule.tile.transformation: tile size 1024 must be greater than the stride value 1024; tile index = jjj
expected=14221.641572
actual=-29488901894.314121
diff=-2147483648.000000
diff=1
WARNING: orio.module.loop.submodule.tile.transformation: tile size 1024 must be greater than the stride value 1024; tile index = iii
expected=426.971374
actual=-29488901894.314121
diff=-2147483648.000000
diff=1
WARNING: orio.module.loop.submodule.tile.transformation: tile size 64 must be greater than the stride value 64; tile index = jjj
expected=-7558329.286618
actual=-29488901894.314121
diff=-2147483648.000000
diff=1
expected=-29488901894.314121
actual=-29488901894.314121
diff=0.000000
diff=1
expected=-11670.604585
actual=-29488901894.314121
diff=-2147483648.000000
diff=1
expected=-22.651937
actual=-29488901894.314121
diff=-2147483648.000000
diff=1
WARNING: orio.module.loop.submodule.tile.transformation: tile size 128 must be greater than the stride value 128; tile index = jjj
expected=-29488901894.314121
actual=-29488901894.314121
diff=0.000000
diff=1
WARNING: orio.module.loop.submodule.tile.transformation: tile size 2048 must be greater than the stride value 2048; tile index = iii
WARNING: orio.module.loop.submodule.tile.transformation: tile size 2 must be greater than the stride value 2; tile index = jjj
expected=-29488901894.314121
actual=-29488901894.314121
diff=0.000000
diff=1
expected=25440258.444064
actual=-29488901894.314121
diff=-2147483648.000000
diff=1
WARNING: orio.module.loop.submodule.tile.transformation: tile size 4 must be greater than the stride value 4; tile index = iii
expected=-29488901894.314121
actual=-29488901894.314121
diff=0.000000
diff=1
WARNING: orio.module.loop.submodule.tile.transformation: tile size 2048 must be greater than the stride value 2048; tile index = iii
expected=-4435059972.955880
actual=-29488901894.314121
diff=-2147483648.000000
diff=1
expected=-29488901894.314121
actual=-29488901894.314121
diff=0.000000
diff=1
WARNING: orio.module.loop.submodule.tile.transformation: tile size 512 must be greater than the stride value 512; tile index = iii
expected=-1193384452755.851562
actual=-29488901894.314121
diff=-2147483648.000000
diff=1
expected=-29488901894.314121
actual=-29488901894.314121
diff=0.000000
diff=1
WARNING: orio.module.loop.submodule.tile.transformation: tile size 256 must be greater than the stride value 256; tile index = iii
expected=126721550248.385513
actual=-29488901894.314121
diff=-2147483648.000000
diff=1
expected=-29488901894.314121
actual=-29488901894.314121
diff=0.000000
diff=1
expected=6577890894.142018
actual=-29488901894.314121
diff=-2147483648.000000
diff=1
WARNING: orio.module.loop.submodule.tile.transformation: tile size 2048 must be greater than the stride value 2048; tile index = jjj
expected=-29488901894.314121
actual=-29488901894.314121
diff=0.000000
diff=1
WARNING: orio.module.loop.submodule.tile.transformation: tile size 32 must be greater than the stride value 32; tile index = iii
expected=-29488901894.314121
actual=-29488901894.314121
diff=0.000000
diff=1
expected=-29488901894.314121
actual=-29488901894.314121
diff=0.000000
diff=1
WARNING: orio.module.loop.submodule.tile.transformation: tile size 2048 must be greater than the stride value 2048; tile index = iii
expected=25440258.444064
actual=-29488901894.314121
diff=-2147483648.000000
diff=1
expected=-29488901894.314121
actual=-29488901894.314121
diff=0.000000
diff=1
expected=-25932060.545677
actual=-29488901894.314121
diff=-2147483648.000000
diff=1
expected=-29488901894.314121
actual=-29488901894.314121
diff=0.000000
diff=1
WARNING: orio.module.loop.submodule.tile.transformation: tile size 2048 must be greater than the stride value 2048; tile index = iii
expected=285178068597351.875000
actual=-29488901894.314121
diff=-2147483648.000000
diff=1
expected=-8369971.849494
actual=-29488901894.314121
diff=-2147483648.000000
diff=1
WARNING: orio.module.loop.submodule.tile.transformation: tile size 32 must be greater than the stride value 32; tile index = iii
WARNING: orio.module.loop.submodule.tile.transformation: tile size 256 must be greater than the stride value 256; tile index = iii
expected=-614195238390.594482
actual=-29488901894.314121
diff=-2147483648.000000
diff=1
expected=-614195238390.594482
actual=-29488901894.314121
diff=-2147483648.000000
diff=1
expected=-1869258315199208.500000
actual=-29488901894.314121
diff=-2147483648.000000
diff=1
WARNING: orio.module.loop.submodule.tile.transformation: tile size 2048 must be greater than the stride value 2048; tile index = jjj
expected=25440258.444064
actual=-29488901894.314121
diff=-2147483648.000000
diff=1
WARNING: orio.module.loop.submodule.tile.transformation: tile size 1024 must be greater than the stride value 1024; tile index = iii
expected=-18995072751189.992188
actual=-29488901894.314121
diff=-2147483648.000000
diff=1
expected=-8396885055785.340820
actual=-29488901894.314121
diff=-2147483648.000000
diff=1
expected=520055212054.025696
actual=-29488901894.314121
diff=-2147483648.000000
diff=1
expected=-29488901894.314121
actual=-29488901894.314121
diff=0.000000
diff=1
WARNING: orio.module.loop.submodule.tile.transformation: tile size 16 must be greater than the stride value 16; tile index = iii
expected=-8369971.849494
actual=-29488901894.314121
diff=-2147483648.000000
diff=1
WARNING: orio.module.loop.submodule.tile.transformation: tile size 4 must be greater than the stride value 4; tile index = iii
expected=-5873403304620.659180
actual=-29488901894.314121
diff=-2147483648.000000
diff=1
expected=-1935799461096077.750000
actual=-29488901894.314121
diff=-2147483648.000000
diff=1
expected=-29488901894.314121
actual=-29488901894.314121
diff=0.000000
diff=1
expected=-614195238390.594482
actual=-29488901894.314121
diff=-2147483648.000000
diff=1
WARNING: orio.module.loop.submodule.tile.transformation: tile size 128 must be greater than the stride value 128; tile index = jjj
expected=-29488901894.314121
actual=-29488901894.314121
diff=0.000000
diff=1
expected=-29488901894.314121
actual=-29488901894.314121
diff=0.000000
diff=1
WARNING: orio.module.loop.submodule.tile.transformation: tile size 8 must be greater than the stride value 8; tile index = iii
expected=-2561797.057168
actual=-29488901894.314121
diff=-2147483648.000000
diff=1
WARNING: orio.module.loop.submodule.tile.transformation: tile size 512 must be greater than the stride value 512; tile index = iii
expected=-29488901894.314121
actual=-29488901894.314121
diff=0.000000
diff=1
WARNING: orio.module.loop.submodule.tile.transformation: tile size 2048 must be greater than the stride value 2048; tile index = iii
expected=-29488901894.314121
actual=-29488901894.314121
diff=0.000000
diff=1
expected=-29488901894.314121
actual=-29488901894.314121
diff=0.000000
diff=1
expected=-7558329.286618
actual=-29488901894.314121
diff=-2147483648.000000
diff=1
WARNING: orio.module.loop.submodule.tile.transformation: tile size 256 must be greater than the stride value 256; tile index = jjj
expected=-11793.610869
actual=-29488901894.314121
diff=-2147483648.000000
diff=1
expected=-29488901894.314121
actual=-29488901894.314121
diff=0.000000
diff=1
expected=-29488901894.314121
actual=-29488901894.314121
diff=0.000000
diff=1
expected=-29488901894.314121
actual=-29488901894.314121
diff=0.000000
diff=1
WARNING: orio.module.loop.submodule.tile.transformation: tile size 64 must be greater than the stride value 64; tile index = iii
WARNING: orio.module.loop.submodule.tile.transformation: tile size 256 must be greater than the stride value 256; tile index = jjj
expected=-29488901894.314121
actual=-29488901894.314121
diff=0.000000
diff=1
WARNING: orio.module.loop.submodule.tile.transformation: tile size 16 must be greater than the stride value 16; tile index = iii
expected=-7558329.286618
actual=-29488901894.314121
diff=-2147483648.000000
diff=1
WARNING: orio.module.loop.submodule.tile.transformation: tile size 256 must be greater than the stride value 256; tile index = iii
expected=520055212054.025696
actual=-29488901894.314121
diff=-2147483648.000000
diff=1
WARNING: orio.module.loop.submodule.tile.transformation: tile size 64 must be greater than the stride value 64; tile index = iii
expected=-3037141890.444883
actual=-29488901894.314121
diff=-2147483648.000000
diff=1
WARNING: orio.module.loop.submodule.tile.transformation: tile size 32 must be greater than the stride value 32; tile index = iii
expected=-1469.152342
actual=-29488901894.314121
diff=-2147483648.000000
diff=1
WARNING: orio.module.loop.submodule.tile.transformation: tile size 2048 must be greater than the stride value 2048; tile index = iii
WARNING: orio.module.loop.submodule.tile.transformation: tile size 16 must be greater than the stride value 16; tile index = jjj
WARNING: orio.module.loop.submodule.tile.transformation: tile size 1024 must be greater than the stride value 1024; tile index = jjj
expected=-29488901894.314121
actual=-29488901894.314121
diff=0.000000
diff=1
expected=591607783108033.125000
actual=-29488901894.314121
diff=-2147483648.000000
diff=1
expected=1755459126502.282959
actual=-29488901894.314121
diff=-2147483648.000000
diff=1
WARNING: orio.module.loop.submodule.tile.transformation: tile size 32 must be greater than the stride value 32; tile index = jjj
WARNING: orio.module.loop.submodule.tile.transformation: tile size 8 must be greater than the stride value 8; tile index = jjj
expected=-1023146.527636
actual=-29488901894.314121
diff=-2147483648.000000
diff=1
expected=289752775595605.000000
actual=-29488901894.314121
diff=-2147483648.000000
diff=1
expected=-555474598395978496.000000
actual=-29488901894.314121
diff=-2147483648.000000
diff=1
expected=-29488901894.314121
actual=-29488901894.314121
diff=0.000000
diff=1
expected=-8369971.849494
actual=-29488901894.314121
diff=-2147483648.000000
diff=1
WARNING: orio.module.loop.submodule.tile.transformation: tile size 4 must be greater than the stride value 4; tile index = jjj
WARNING: orio.module.loop.submodule.tile.transformation: tile size 256 must be greater than the stride value 256; tile index = jjj
expected=-29488901894.314121
actual=-29488901894.314121
diff=0.000000
diff=1
expected=-29488901894.314121
actual=-29488901894.314121
diff=0.000000
diff=1
expected=195991.852940
actual=-29488901894.314121
diff=-2147483648.000000
diff=1
WARNING: orio.module.loop.submodule.tile.transformation: tile size 2048 must be greater than the stride value 2048; tile index = jjj
expected=-614195238390.594482
actual=-29488901894.314121
diff=-2147483648.000000
diff=1
WARNING: orio.module.loop.submodule.tile.transformation: tile size 16 must be greater than the stride value 16; tile index = jjj
expected=-29488901894.314121
actual=-29488901894.314121
diff=0.000000
diff=1
WARNING: orio.module.loop.submodule.tile.transformation: tile size 64 must be greater than the stride value 64; tile index = jjj
expected=-29488901894.314121
actual=-29488901894.314121
diff=0.000000
diff=1
expected=126721550248.385513
actual=-29488901894.314121
diff=-2147483648.000000
diff=1
expected=-29488901894.314121
actual=-29488901894.314121
diff=0.000000
diff=1
WARNING: orio.module.loop.submodule.tile.transformation: tile size 512 must be greater than the stride value 512; tile index = iii
expected=-29488901894.314121
actual=-29488901894.314121
diff=0.000000
diff=1
WARNING: orio.module.loop.submodule.tile.transformation: tile size 2048 must be greater than the stride value 2048; tile index = jjj
expected=282733564.392839
actual=-29488901894.314121
diff=-2147483648.000000
diff=1
expected=-29488901894.314121
actual=-29488901894.314121
diff=0.000000
diff=1
expected=126721550248.385513
actual=-29488901894.314121
diff=-2147483648.000000
diff=1
expected=520055212054.025696
actual=-29488901894.314121
diff=-2147483648.000000
diff=1
expected=-29488901894.314121
actual=-29488901894.314121
diff=0.000000
diff=1
expected=-29488901894.314121
actual=-29488901894.314121
diff=0.000000
diff=1
expected=-29488901894.314121
actual=-29488901894.314121
diff=0.000000
diff=1
expected=-614195238390.594482
actual=-29488901894.314121
diff=-2147483648.000000
diff=1
expected=25440258.444064
actual=-29488901894.314121
diff=-2147483648.000000
diff=1
WARNING: orio.module.loop.submodule.tile.transformation: tile size 32 must be greater than the stride value 32; tile index = jjj
expected=-1316862425470.925049
actual=-29488901894.314121
diff=-2147483648.000000
diff=1
expected=887561843653131.250000
actual=-29488901894.314121
diff=-2147483648.000000
diff=1
expected=-7558329.286618
actual=-29488901894.314121
diff=-2147483648.000000
diff=1
expected=-29488901894.314121
actual=-29488901894.314121
diff=0.000000
diff=1
expected=-26155364228.437828
actual=-29488901894.314121
diff=-2147483648.000000
diff=1
WARNING: orio.module.loop.submodule.tile.transformation: tile size 2048 must be greater than the stride value 2048; tile index = jjj
expected=-1023146.527636
actual=-29488901894.314121
diff=-2147483648.000000
diff=1
expected=-29488901894.314121
actual=-29488901894.314121
diff=0.000000
diff=1
WARNING: orio.module.loop.submodule.tile.transformation: tile size 2 must be greater than the stride value 2; tile index = iii
expected=1755459126502.282959
actual=-29488901894.314121
diff=-2147483648.000000
diff=1
WARNING: orio.module.loop.submodule.tile.transformation: tile size 16 must be greater than the stride value 16; tile index = jjj
expected=-29488901894.314121
actual=-29488901894.314121
diff=0.000000
diff=1
expected=-7558329.286618
actual=-29488901894.314121
diff=-2147483648.000000
diff=1
WARNING: orio.module.loop.submodule.tile.transformation: tile size 16 must be greater than the stride value 16; tile index = iii
expected=-29488901894.314121
actual=-29488901894.314121
diff=0.000000
diff=1
WARNING: orio.module.loop.submodule.tile.transformation: tile size 64 must be greater than the stride value 64; tile index = iii
expected=-29488901894.314121
actual=-29488901894.314121
diff=0.000000
diff=1
expected=-29488901894.314121
actual=-29488901894.314121
diff=0.000000
diff=1
expected=-29488901894.314121
actual=-29488901894.314121
diff=0.000000
diff=1
expected=-152743527204003.968750
actual=-29488901894.314121
diff=-2147483648.000000
diff=1
WARNING: orio.module.loop.submodule.tile.transformation: tile size 32 must be greater than the stride value 32; tile index = iii
expected=25440258.444064
actual=-29488901894.314121
diff=-2147483648.000000
diff=1
WARNING: orio.module.loop.submodule.tile.transformation: tile size 64 must be greater than the stride value 64; tile index = jjj
expected=-29488901894.314121
actual=-29488901894.314121
diff=0.000000
diff=1
WARNING: orio.module.loop.submodule.tile.transformation: tile size 2 must be greater than the stride value 2; tile index = iii
expected=-29488901894.314121
actual=-29488901894.314121
diff=0.000000
diff=1
expected=-29488901894.314121
actual=-29488901894.314121
diff=0.000000
diff=1
expected=-4892711418.638459
actual=-29488901894.314121
diff=-2147483648.000000
diff=1
WARNING: orio.module.loop.submodule.tile.transformation: tile size 1024 must be greater than the stride value 1024; tile index = jjj
expected=433554.491799
actual=-29488901894.314121
diff=-2147483648.000000
diff=1
WARNING: orio.module.loop.submodule.tile.transformation: tile size 16 must be greater than the stride value 16; tile index = iii
expected=-29488901894.314121
actual=-29488901894.314121
diff=0.000000
diff=1
expected=-29488901894.314121
actual=-29488901894.314121
diff=0.000000
diff=1
WARNING: orio.module.loop.submodule.tile.transformation: tile size 16 must be greater than the stride value 16; tile index = iii
expected=-29488901894.314121
actual=-29488901894.314121
diff=0.000000
diff=1
expected=520312771877.569458
actual=-29488901894.314121
diff=-2147483648.000000
diff=1
WARNING: orio.module.loop.submodule.tile.transformation: tile size 8 must be greater than the stride value 8; tile index = jjj
expected=-29488901894.314121
actual=-29488901894.314121
diff=0.000000
diff=1
expected=-29488901894.314121
actual=-29488901894.314121
diff=0.000000
diff=1
WARNING: orio.module.loop.submodule.tile.transformation: tile size 2048 must be greater than the stride value 2048; tile index = jjj
expected=-29488901894.314121
actual=-29488901894.314121
diff=0.000000
diff=1
WARNING: orio.module.loop.submodule.tile.transformation: tile size 16 must be greater than the stride value 16; tile index = iii
expected=-29488901894.314121
actual=-29488901894.314121
diff=0.000000
diff=1
WARNING: orio.module.loop.submodule.tile.transformation: tile size 128 must be greater than the stride value 128; tile index = jjj
expected=74868.404965
actual=-29488901894.314121
diff=-2147483648.000000
diff=1
WARNING: orio.module.loop.submodule.tile.transformation: tile size 64 must be greater than the stride value 64; tile index = jjj
expected=-1023146.527636
actual=-29488901894.314121
diff=-2147483648.000000
diff=1
expected=-7558329.286618
actual=-29488901894.314121
diff=-2147483648.000000
diff=1
WARNING: orio.module.loop.submodule.tile.transformation: tile size 512 must be greater than the stride value 512; tile index = iii
expected=-614195238390.594482
actual=-29488901894.314121
diff=-2147483648.000000
diff=1
expected=-29488901894.314121
actual=-29488901894.314121
diff=0.000000
diff=1
expected=520055212054.025696
actual=-29488901894.314121
diff=-2147483648.000000
diff=1
WARNING: orio.module.loop.submodule.tile.transformation: tile size 512 must be greater than the stride value 512; tile index = jjj
expected=-1316862425470.925049
actual=-29488901894.314121
diff=-2147483648.000000
diff=1
expected=-614195238390.594482
actual=-29488901894.314121
diff=-2147483648.000000
diff=1
expected=-29488901894.314121
actual=-29488901894.314121
diff=0.000000
diff=1
expected=-25932060.545677
actual=-29488901894.314121
diff=-2147483648.000000
diff=1
expected=-29488901894.314121
actual=-29488901894.314121
diff=0.000000
diff=1
WARNING: orio.module.loop.submodule.tile.transformation: tile size 64 must be greater than the stride value 64; tile index = jjj
expected=-25932060.545677
actual=-29488901894.314121
diff=-2147483648.000000
diff=1
WARNING: orio.module.loop.submodule.tile.transformation: tile size 2048 must be greater than the stride value 2048; tile index = iii
expected=195991.852940
actual=-29488901894.314121
diff=-2147483648.000000
diff=1
expected=-29488901894.314121
actual=-29488901894.314121
diff=0.000000
diff=1
WARNING: orio.module.loop.submodule.tile.transformation: tile size 256 must be greater than the stride value 256; tile index = iii
expected=-29488901894.314121
actual=-29488901894.314121
diff=0.000000
diff=1
expected=-29488901894.314121
actual=-29488901894.314121
diff=0.000000
diff=1
expected=-7630687528.731015
actual=-29488901894.314121
diff=-2147483648.000000
diff=1
expected=-8369971.849494
actual=-29488901894.314121
diff=-2147483648.000000
diff=1
expected=-29488901894.314121
actual=-29488901894.314121
diff=0.000000
diff=1
expected=4681725611015.765625
actual=-29488901894.314121
diff=-2147483648.000000
diff=1
expected=-10232787607.409285
actual=-29488901894.314121
diff=-2147483648.000000
diff=1
expected=-29488901894.314121
actual=-29488901894.314121
diff=0.000000
diff=1
expected=1356679.003053
actual=-29488901894.314121
diff=-2147483648.000000
diff=1
expected=-29488901894.314121
actual=-29488901894.314121
diff=0.000000
diff=1
expected=-29488901894.314121
actual=-29488901894.314121
diff=0.000000
diff=1
expected=-29488901894.314121
actual=-29488901894.314121
diff=0.000000
diff=1
WARNING: orio.module.loop.submodule.tile.transformation: tile size 256 must be greater than the stride value 256; tile index = jjj
expected=-29488901894.314121
actual=-29488901894.314121
diff=0.000000
diff=1
expected=-29488901894.314121
actual=-29488901894.314121
diff=0.000000
diff=1
expected=-29488901894.314121
actual=-29488901894.314121
diff=0.000000
diff=1
WARNING: orio.module.loop.submodule.tile.transformation: tile size 2048 must be greater than the stride value 2048; tile index = jjj
expected=-29488901894.314121
actual=-29488901894.314121
diff=0.000000
diff=1
WARNING: orio.module.loop.submodule.tile.transformation: tile size 1024 must be greater than the stride value 1024; tile index = jjj
expected=-10476468316.646055
actual=-29488901894.314121
diff=-2147483648.000000
diff=1
expected=195991.852940
actual=-29488901894.314121
diff=-2147483648.000000
diff=1
WARNING: orio.module.loop.submodule.tile.transformation: tile size 32 must be greater than the stride value 32; tile index = iii
expected=-29488901894.314121
actual=-29488901894.314121
diff=0.000000
diff=1
expected=-29488901894.314121
actual=-29488901894.314121
diff=0.000000
diff=1
WARNING: orio.module.loop.submodule.tile.transformation: tile size 128 must be greater than the stride value 128; tile index = jjj
expected=74337120282.129395
actual=-29488901894.314121
diff=-2147483648.000000
diff=1
expected=-29488901894.314121
actual=-29488901894.314121
diff=0.000000
diff=1
expected=893999513523480.875000
actual=-29488901894.314121
diff=-2147483648.000000
diff=1
expected=-29488901894.314121
actual=-29488901894.314121
diff=0.000000
diff=1
expected=-29488901894.314121
actual=-29488901894.314121
diff=0.000000
diff=1
expected=-29488901894.314121
actual=-29488901894.314121
diff=0.000000
diff=1
expected=-29488901894.314121
actual=-29488901894.314121
diff=0.000000
diff=1
expected=-7558329.286618
actual=-29488901894.314121
diff=-2147483648.000000
diff=1
WARNING: orio.module.loop.submodule.tile.transformation: tile size 1024 must be greater than the stride value 1024; tile index = jjj
expected=-29488901894.314121
actual=-29488901894.314121
diff=0.000000
diff=1
expected=-29488901894.314121
actual=-29488901894.314121
diff=0.000000
diff=1
expected=-43724384.676131
actual=-29488901894.314121
diff=-2147483648.000000
diff=1
expected=-37516253488.328690
actual=-29488901894.314121
diff=-2147483648.000000
diff=1
WARNING: orio.module.loop.submodule.tile.transformation: tile size 16 must be greater than the stride value 16; tile index = jjj
expected=-29488901894.314121
actual=-29488901894.314121
diff=0.000000
diff=1
expected=-3592739480.447538
actual=-29488901894.314121
diff=-2147483648.000000
diff=1
expected=-29488901894.314121
actual=-29488901894.314121
diff=0.000000
diff=1
WARNING: orio.module.loop.submodule.tile.transformation: tile size 2048 must be greater than the stride value 2048; tile index = iii
expected=57129051357.830551
actual=-29488901894.314121
diff=-2147483648.000000
diff=1
expected=-29488901894.314121
actual=-29488901894.314121
diff=0.000000
diff=1
expected=-29488901894.314121
actual=-29488901894.314121
diff=0.000000
diff=1
expected=-7558329.286618
actual=-29488901894.314121
diff=-2147483648.000000
diff=1
expected=-29488901894.314121
actual=-29488901894.314121
diff=0.000000
diff=1
expected=-29488901894.314121
actual=-29488901894.314121
diff=0.000000
diff=1
expected=-8668269012.782782
actual=-29488901894.314121
diff=-2147483648.000000
diff=1
WARNING: orio.module.loop.submodule.tile.transformation: tile size 2048 must be greater than the stride value 2048; tile index = jjj
expected=-8369971.849494
actual=-29488901894.314121
diff=-2147483648.000000
diff=1
WARNING: orio.module.loop.submodule.tile.transformation: tile size 512 must be greater than the stride value 512; tile index = iii
expected=-29488901894.314121
actual=-29488901894.314121
diff=0.000000
diff=1
expected=-29488901894.314121
actual=-29488901894.314121
diff=0.000000
diff=1
WARNING: orio.module.loop.submodule.tile.transformation: tile size 128 must be greater than the stride value 128; tile index = jjj
expected=-4703303642.074989
actual=-29488901894.314121
diff=-2147483648.000000
diff=1
expected=-8369971.849494
actual=-29488901894.314121
diff=-2147483648.000000
diff=1
expected=-29488901894.314121
actual=-29488901894.314121
diff=0.000000
diff=1
expected=-29488901894.314121
actual=-29488901894.314121
diff=0.000000
diff=1
expected=-29488901894.314121
actual=-29488901894.314121
diff=0.000000
diff=1
expected=-29488901894.314121
actual=-29488901894.314121
diff=0.000000
diff=1
expected=-29488901894.314121
actual=-29488901894.314121
diff=0.000000
diff=1
WARNING: orio.module.loop.submodule.tile.transformation: tile size 32 must be greater than the stride value 32; tile index = iii
WARNING: orio.module.loop.submodule.tile.transformation: tile size 8 must be greater than the stride value 8; tile index = jjj
expected=-29488901894.314121
actual=-29488901894.314121
diff=0.000000
diff=1
expected=-29488901894.314121
actual=-29488901894.314121
diff=0.000000
diff=1
expected=-29488901894.314121
actual=-29488901894.314121
diff=0.000000
diff=1
expected=-8369971.849494
actual=-29488901894.314121
diff=-2147483648.000000
diff=1
expected=-29488901894.314121
actual=-29488901894.314121
diff=0.000000
diff=1
expected=-29488901894.314121
actual=-29488901894.314121
diff=0.000000
diff=1
expected=-4420.618095
actual=-29488901894.314121
diff=-2147483648.000000
diff=1
expected=-29488901894.314121
actual=-29488901894.314121
diff=0.000000
diff=1
expected=-29488901894.314121
actual=-29488901894.314121
diff=0.000000
diff=1
expected=-1400315.096366
actual=-29488901894.314121
diff=-2147483648.000000
diff=1
WARNING: orio.module.loop.submodule.tile.transformation: tile size 2048 must be greater than the stride value 2048; tile index = jjj
expected=-7558329.286618
actual=-29488901894.314121
diff=-2147483648.000000
diff=1
WARNING: orio.module.loop.submodule.tile.transformation: tile size 8 must be greater than the stride value 8; tile index = iii
WARNING: orio.module.loop.submodule.tile.transformation: tile size 128 must be greater than the stride value 128; tile index = jjj
expected=-14017.407220
actual=-29488901894.314121
diff=-2147483648.000000
diff=1
WARNING: orio.module.loop.submodule.tile.transformation: tile size 2048 must be greater than the stride value 2048; tile index = iii
expected=-7558329.286618
actual=-29488901894.314121
diff=-2147483648.000000
diff=1
WARNING: orio.module.loop.submodule.tile.transformation: tile size 16 must be greater than the stride value 16; tile index = iii
expected=-25932060.545677
actual=-29488901894.314121
diff=-2147483648.000000
diff=1
expected=-29488901894.314121
actual=-29488901894.314121
diff=0.000000
diff=1
expected=-5650619823.307196
actual=-29488901894.314121
diff=-2147483648.000000
diff=1
expected=288940386.330813
actual=-29488901894.314121
diff=-2147483648.000000
diff=1
WARNING: orio.module.loop.submodule.tile.transformation: tile size 32 must be greater than the stride value 32; tile index = jjj
expected=-29488901894.314121
actual=-29488901894.314121
diff=0.000000
diff=1
expected=-29488901894.314121
actual=-29488901894.314121
diff=0.000000
diff=1
WARNING: orio.module.loop.submodule.tile.transformation: tile size 2 must be greater than the stride value 2; tile index = jjj
expected=-29488901894.314121
actual=-29488901894.314121
diff=0.000000
diff=1
WARNING: orio.module.loop.submodule.tile.transformation: tile size 32 must be greater than the stride value 32; tile index = jjj
expected=-29488901894.314121
actual=-29488901894.314121
diff=0.000000
diff=1
expected=-29488901894.314121
actual=-29488901894.314121
diff=0.000000
diff=1
WARNING: orio.module.loop.submodule.tile.transformation: tile size 8 must be greater than the stride value 8; tile index = iii
expected=-29488901894.314121
actual=-29488901894.314121
diff=0.000000
diff=1
expected=-29488901894.314121
actual=-29488901894.314121
diff=0.000000
diff=1
WARNING: orio.module.loop.submodule.tile.transformation: tile size 2048 must be greater than the stride value 2048; tile index = iii
expected=-8369971.849494
actual=-29488901894.314121
diff=-2147483648.000000
diff=1
expected=-29488901894.314121
actual=-29488901894.314121
diff=0.000000
diff=1
expected=-29488901894.314121
actual=-29488901894.314121
diff=0.000000
diff=1
expected=-29488901894.314121
actual=-29488901894.314121
diff=0.000000
diff=1
WARNING: orio.module.loop.submodule.tile.transformation: tile size 64 must be greater than the stride value 64; tile index = iii
expected=-20202622348.327747
actual=-29488901894.314121
diff=-2147483648.000000
diff=1
expected=-4892711418.638459
actual=-29488901894.314121
diff=-2147483648.000000
diff=1
expected=-29488901894.314121
actual=-29488901894.314121
diff=0.000000
diff=1
expected=-25932060.545677
actual=-29488901894.314121
diff=-2147483648.000000
diff=1
expected=195991.852940
actual=-29488901894.314121
diff=-2147483648.000000
diff=1
WARNING: orio.module.loop.submodule.tile.transformation: tile size 2048 must be greater than the stride value 2048; tile index = iii
WARNING: orio.module.loop.submodule.tile.transformation: tile size 16 must be greater than the stride value 16; tile index = jjj
expected=-29488901894.314121
actual=-29488901894.314121
diff=0.000000
diff=1
WARNING: orio.module.loop.submodule.tile.transformation: tile size 32 must be greater than the stride value 32; tile index = iii
expected=-29362.750705
actual=-29488901894.314121
diff=-2147483648.000000
diff=1
expected=-29488901894.314121
actual=-29488901894.314121
diff=0.000000
diff=1
expected=-448910.841803
actual=-29488901894.314121
diff=-2147483648.000000
diff=1
WARNING: orio.module.loop.submodule.tile.transformation: tile size 4 must be greater than the stride value 4; tile index = iii
expected=-8369971.849494
actual=-29488901894.314121
diff=-2147483648.000000
diff=1
expected=-29488901894.314121
actual=-29488901894.314121
diff=0.000000
diff=1
WARNING: orio.module.loop.submodule.tile.transformation: tile size 2048 must be greater than the stride value 2048; tile index = jjj
expected=70222959.491012
actual=-29488901894.314121
diff=-2147483648.000000
diff=1
expected=-8369971.849494
actual=-29488901894.314121
diff=-2147483648.000000
diff=1
expected=-29488901894.314121
actual=-29488901894.314121
diff=0.000000
diff=1
expected=-29488901894.314121
actual=-29488901894.314121
diff=0.000000
diff=1
expected=-29488901894.314121
actual=-29488901894.314121
diff=0.000000
diff=1
expected=-29488901894.314121
actual=-29488901894.314121
diff=0.000000
diff=1
WARNING: orio.module.loop.submodule.tile.transformation: tile size 32 must be greater than the stride value 32; tile index = iii
WARNING: orio.module.loop.submodule.tile.transformation: tile size 256 must be greater than the stride value 256; tile index = jjj
expected=-29488901894.314121
actual=-29488901894.314121
diff=0.000000
diff=1
expected=-29488901894.314121
actual=-29488901894.314121
diff=0.000000
diff=1
expected=-29488901894.314121
actual=-29488901894.314121
diff=0.000000
diff=1
expected=-29488901894.314121
actual=-29488901894.314121
diff=0.000000
diff=1
WARNING: orio.module.loop.submodule.tile.transformation: tile size 8 must be greater than the stride value 8; tile index = iii
expected=-29488901894.314121
actual=-29488901894.314121
diff=0.000000
diff=1
expected=-29488901894.314121
actual=-29488901894.314121
diff=0.000000
diff=1
expected=-29488901894.314121
actual=-29488901894.314121
diff=0.000000
diff=1
WARNING: orio.module.loop.submodule.tile.transformation: tile size 16 must be greater than the stride value 16; tile index = iii
WARNING: orio.module.loop.submodule.tile.transformation: tile size 512 must be greater than the stride value 512; tile index = jjj
expected=-29488901894.314121
actual=-29488901894.314121
diff=0.000000
diff=1
expected=-29488901894.314121
actual=-29488901894.314121
diff=0.000000
diff=1
expected=-29488901894.314121
actual=-29488901894.314121
diff=0.000000
diff=1
expected=-29488901894.314121
actual=-29488901894.314121
diff=0.000000
diff=1
expected=-29488901894.314121
actual=-29488901894.314121
diff=0.000000
diff=1
expected=-29488901894.314121
actual=-29488901894.314121
diff=0.000000
diff=1
expected=-29488901894.314121
actual=-29488901894.314121
diff=0.000000
diff=1
WARNING: orio.module.loop.submodule.tile.transformation: tile size 1024 must be greater than the stride value 1024; tile index = iii
expected=-29488901894.314121
actual=-29488901894.314121
diff=0.000000
diff=1
WARNING: orio.module.loop.submodule.tile.transformation: tile size 2048 must be greater than the stride value 2048; tile index = iii
expected=-29488901894.314121
actual=-29488901894.314121
diff=0.000000
diff=1
expected=-29488901894.314121
actual=-29488901894.314121
diff=0.000000
diff=1
expected=-29488901894.314121
actual=-29488901894.314121
diff=0.000000
diff=1
expected=-29488901894.314121
actual=-29488901894.314121
diff=0.000000
diff=1
expected=-29488901894.314121
actual=-29488901894.314121
diff=0.000000
diff=1
expected=-29488901894.314121
actual=-29488901894.314121
diff=0.000000
diff=1
expected=-29488901894.314121
actual=-29488901894.314121
diff=0.000000
diff=1
expected=-29488901894.314121
actual=-29488901894.314121
diff=0.000000
diff=1
WARNING: orio.module.loop.submodule.tile.transformation: tile size 256 must be greater than the stride value 256; tile index = jjj
expected=-29488901894.314121
actual=-29488901894.314121
diff=0.000000
diff=1
WARNING: orio.module.loop.submodule.tile.transformation: tile size 16 must be greater than the stride value 16; tile index = jjj
expected=-29488901894.314121
actual=-29488901894.314121
diff=0.000000
diff=1
expected=-29488901894.314121
actual=-29488901894.314121
diff=0.000000
diff=1
expected=-29488901894.314121
actual=-29488901894.314121
diff=0.000000
diff=1
expected=-29488901894.314121
actual=-29488901894.314121
diff=0.000000
diff=1
expected=-29488901894.314121
actual=-29488901894.314121
diff=0.000000
diff=1
expected=-29488901894.314121
actual=-29488901894.314121
diff=0.000000
diff=1
expected=-29488901894.314121
actual=-29488901894.314121
diff=0.000000
diff=1
WARNING: orio.module.loop.submodule.tile.transformation: tile size 128 must be greater than the stride value 128; tile index = iii
expected=-29488901894.314121
actual=-29488901894.314121
diff=0.000000
diff=1
expected=-29488901894.314121
actual=-29488901894.314121
diff=0.000000
diff=1
WARNING: orio.module.loop.submodule.tile.transformation: tile size 4 must be greater than the stride value 4; tile index = iii
expected=-29488901894.314121
actual=-29488901894.314121
diff=0.000000
diff=1
expected=-29488901894.314121
actual=-29488901894.314121
diff=0.000000
diff=1
WARNING: orio.module.loop.submodule.tile.transformation: tile size 64 must be greater than the stride value 64; tile index = iii
WARNING: orio.module.loop.submodule.tile.transformation: tile size 2048 must be greater than the stride value 2048; tile index = jjj
expected=-29488901894.314121
actual=-29488901894.314121
diff=0.000000
diff=1
expected=-29488901894.314121
actual=-29488901894.314121
diff=0.000000
diff=1
expected=-29488901894.314121
actual=-29488901894.314121
diff=0.000000
diff=1
expected=-29488901894.314121
actual=-29488901894.314121
diff=0.000000
diff=1
expected=-29488901894.314121
actual=-29488901894.314121
diff=0.000000
diff=1
expected=-29488901894.314121
actual=-29488901894.314121
diff=0.000000
diff=1
expected=-29488901894.314121
actual=-29488901894.314121
diff=0.000000
diff=1
expected=-29488901894.314121
actual=-29488901894.314121
diff=0.000000
diff=1
WARNING: orio.module.loop.submodule.tile.transformation: tile size 2048 must be greater than the stride value 2048; tile index = jjj
expected=-29488901894.314121
actual=-29488901894.314121
diff=0.000000
diff=1
WARNING: orio.module.loop.submodule.tile.transformation: tile size 4 must be greater than the stride value 4; tile index = jjj
expected=-29488901894.314121
actual=-29488901894.314121
diff=0.000000
diff=1
WARNING: orio.module.loop.submodule.tile.transformation: tile size 2048 must be greater than the stride value 2048; tile index = iii
expected=-29488901894.314121
actual=-29488901894.314121
diff=0.000000
diff=1
WARNING: orio.module.loop.submodule.tile.transformation: tile size 2048 must be greater than the stride value 2048; tile index = jjj
expected=-29488901894.314121
actual=-29488901894.314121
diff=0.000000
diff=1
expected=-29488901894.314121
actual=-29488901894.314121
diff=0.000000
diff=1
expected=-29488901894.314121
actual=-29488901894.314121
diff=0.000000
diff=1
expected=-29488901894.314121
actual=-29488901894.314121
diff=0.000000
diff=1
WARNING: orio.module.loop.submodule.tile.transformation: tile size 8 must be greater than the stride value 8; tile index = jjj
expected=-29488901894.314121
actual=-29488901894.314121
diff=0.000000
diff=1
WARNING: orio.module.loop.submodule.tile.transformation: tile size 8 must be greater than the stride value 8; tile index = iii
expected=-29488901894.314121
actual=-29488901894.314121
diff=0.000000
diff=1
WARNING: orio.module.loop.submodule.tile.transformation: tile size 2 must be greater than the stride value 2; tile index = iii
expected=-29488901894.314121
actual=-29488901894.314121
diff=0.000000
diff=1
expected=-29488901894.314121
actual=-29488901894.314121
diff=0.000000
diff=1
WARNING: orio.module.loop.submodule.tile.transformation: tile size 64 must be greater than the stride value 64; tile index = iii
expected=-29488901894.314121
actual=-29488901894.314121
diff=0.000000
diff=1
expected=-29488901894.314121
actual=-29488901894.314121
diff=0.000000
diff=1
WARNING: orio.module.loop.submodule.tile.transformation: tile size 2048 must be greater than the stride value 2048; tile index = iii
expected=-29488901894.314121
actual=-29488901894.314121
diff=0.000000
diff=1
WARNING: orio.module.loop.submodule.tile.transformation: tile size 2048 must be greater than the stride value 2048; tile index = iii
expected=-29488901894.314121
actual=-29488901894.314121
diff=0.000000
diff=1
expected=-29488901894.314121
actual=-29488901894.314121
diff=0.000000
diff=1
WARNING: orio.module.loop.submodule.tile.transformation: tile size 128 must be greater than the stride value 128; tile index = iii
WARNING: orio.module.loop.submodule.tile.transformation: tile size 32 must be greater than the stride value 32; tile index = jjj
expected=-29488901894.314121
actual=-29488901894.314121
diff=0.000000
diff=1
WARNING: orio.module.loop.submodule.tile.transformation: tile size 64 must be greater than the stride value 64; tile index = iii
expected=-29488901894.314121
actual=-29488901894.314121
diff=0.000000
diff=1
expected=-29488901894.314121
actual=-29488901894.314121
diff=0.000000
diff=1
expected=-29488901894.314121
actual=-29488901894.314121
diff=0.000000
diff=1
expected=-29488901894.314121
actual=-29488901894.314121
diff=0.000000
diff=1
expected=-29488901894.314121
actual=-29488901894.314121
diff=0.000000
diff=1
expected=-29488901894.314121
actual=-29488901894.314121
diff=0.000000
diff=1
expected=-29488901894.314121
actual=-29488901894.314121
diff=0.000000
diff=1
expected=-29488901894.314121
actual=-29488901894.314121
diff=0.000000
diff=1
WARNING: orio.module.loop.submodule.tile.transformation: tile size 8 must be greater than the stride value 8; tile index = iii
expected=-29488901894.314121
actual=-29488901894.314121
diff=0.000000
diff=1
expected=-29488901894.314121
actual=-29488901894.314121
diff=0.000000
diff=1
/usr/lib/python2.7/dist-packages/rpy2/rinterface/__init__.py:186: RRuntimeWarning: Error in qr.resid(xqr, w * fam(Y, lambda, j = TRUE, ...)) : 
  NA/NaN/Inf in foreign function call (arg 5)

  warnings.warn(x, RRuntimeWarning)
/usr/lib/python2.7/dist-packages/rpy2/rinterface/__init__.py:186: RRuntimeWarning: In addition: 
  warnings.warn(x, RRuntimeWarning)
/usr/lib/python2.7/dist-packages/rpy2/rinterface/__init__.py:186: RRuntimeWarning: Warning messages:

  warnings.warn(x, RRuntimeWarning)
/usr/lib/python2.7/dist-packages/rpy2/rinterface/__init__.py:186: RRuntimeWarning: 1: 
  warnings.warn(x, RRuntimeWarning)
/usr/lib/python2.7/dist-packages/rpy2/rinterface/__init__.py:186: RRuntimeWarning: In if (-1 == (strt <- regexpr(name, string))) return(c(0, 0)) :
  warnings.warn(x, RRuntimeWarning)
/usr/lib/python2.7/dist-packages/rpy2/rinterface/__init__.py:186: RRuntimeWarning: 
 
  warnings.warn(x, RRuntimeWarning)
/usr/lib/python2.7/dist-packages/rpy2/rinterface/__init__.py:186: RRuntimeWarning:  the condition has length > 1 and only the first element will be used

  warnings.warn(x, RRuntimeWarning)
/usr/lib/python2.7/dist-packages/rpy2/rinterface/__init__.py:186: RRuntimeWarning: 2: 
  warnings.warn(x, RRuntimeWarning)
/usr/lib/python2.7/dist-packages/rpy2/rinterface/__init__.py:186: RRuntimeWarning: 3: 
  warnings.warn(x, RRuntimeWarning)
/usr/lib/python2.7/dist-packages/rpy2/rinterface/__init__.py:186: RRuntimeWarning: 4: 
  warnings.warn(x, RRuntimeWarning)
/usr/lib/python2.7/dist-packages/rpy2/rinterface/__init__.py:186: RRuntimeWarning: 5: 
  warnings.warn(x, RRuntimeWarning)
/usr/lib/python2.7/dist-packages/rpy2/rinterface/__init__.py:186: RRuntimeWarning: 6: 
  warnings.warn(x, RRuntimeWarning)
/usr/lib/python2.7/dist-packages/rpy2/rinterface/__init__.py:186: RRuntimeWarning: 7: 
  warnings.warn(x, RRuntimeWarning)
/usr/lib/python2.7/dist-packages/rpy2/rinterface/__init__.py:186: RRuntimeWarning: 8: 
  warnings.warn(x, RRuntimeWarning)
/usr/lib/python2.7/dist-packages/rpy2/rinterface/__init__.py:186: RRuntimeWarning: 9: 
  warnings.warn(x, RRuntimeWarning)
expected=-29488901894.314121
actual=-29488901894.314121
diff=0.000000
diff=1
WARNING: orio.module.loop.submodule.tile.transformation: tile size 4 must be greater than the stride value 4; tile index = iii
expected=-29488901894.314121
actual=-29488901894.314121
diff=0.000000
diff=1
expected=-29488901894.314121
actual=-29488901894.314121
diff=0.000000
diff=1
WARNING: orio.module.loop.submodule.tile.transformation: tile size 512 must be greater than the stride value 512; tile index = jjj
expected=-29488901894.314121
actual=-29488901894.314121
diff=0.000000
diff=1
WARNING: orio.module.loop.submodule.tile.transformation: tile size 512 must be greater than the stride value 512; tile index = jjj
expected=-29488901894.314121
actual=-29488901894.314121
diff=0.000000
diff=1
expected=-29488901894.314121
actual=-29488901894.314121
diff=0.000000
diff=1
WARNING: orio.module.loop.submodule.tile.transformation: tile size 2048 must be greater than the stride value 2048; tile index = iii
expected=-29488901894.314121
actual=-29488901894.314121
diff=0.000000
diff=1
WARNING: orio.module.loop.submodule.tile.transformation: tile size 512 must be greater than the stride value 512; tile index = jjj
expected=-29488901894.314121
actual=-29488901894.314121
diff=0.000000
diff=1
expected=-29488901894.314121
actual=-29488901894.314121
diff=0.000000
diff=1
expected=-29488901894.314121
actual=-29488901894.314121
diff=0.000000
diff=1
expected=-29488901894.314121
actual=-29488901894.314121
diff=0.000000
diff=1
expected=-29488901894.314121
actual=-29488901894.314121
diff=0.000000
diff=1
expected=-29488901894.314121
actual=-29488901894.314121
diff=0.000000
diff=1
WARNING: orio.module.loop.submodule.tile.transformation: tile size 512 must be greater than the stride value 512; tile index = jjj
expected=-29488901894.314121
actual=-29488901894.314121
diff=0.000000
diff=1
WARNING: orio.module.loop.submodule.tile.transformation: tile size 4 must be greater than the stride value 4; tile index = iii
expected=-29488901894.314121
actual=-29488901894.314121
diff=0.000000
diff=1
expected=-29488901894.314121
actual=-29488901894.314121
diff=0.000000
diff=1
expected=-29488901894.314121
actual=-29488901894.314121
diff=0.000000
diff=1
expected=-29488901894.314121
actual=-29488901894.314121
diff=0.000000
diff=1
WARNING: orio.module.loop.submodule.tile.transformation: tile size 512 must be greater than the stride value 512; tile index = jjj
expected=-29488901894.314121
actual=-29488901894.314121
diff=0.000000
diff=1
expected=-29488901894.314121
actual=-29488901894.314121
diff=0.000000
diff=1
expected=-29488901894.314121
actual=-29488901894.314121
diff=0.000000
diff=1
expected=-29488901894.314121
actual=-29488901894.314121
diff=0.000000
diff=1
WARNING: orio.module.loop.submodule.tile.transformation: tile size 2048 must be greater than the stride value 2048; tile index = iii
expected=-29488901894.314121
actual=-29488901894.314121
diff=0.000000
diff=1
WARNING: orio.module.loop.submodule.tile.transformation: tile size 512 must be greater than the stride value 512; tile index = jjj
expected=-29488901894.314121
actual=-29488901894.314121
diff=0.000000
diff=1
expected=-29488901894.314121
actual=-29488901894.314121
diff=0.000000
diff=1
expected=-29488901894.314121
actual=-29488901894.314121
diff=0.000000
diff=1
expected=-29488901894.314121
actual=-29488901894.314121
diff=0.000000
diff=1
WARNING: orio.module.loop.submodule.tile.transformation: tile size 256 must be greater than the stride value 256; tile index = iii
expected=-29488901894.314121
actual=-29488901894.314121
diff=0.000000
diff=1
expected=-29488901894.314121
actual=-29488901894.314121
diff=0.000000
diff=1
expected=-29488901894.314121
actual=-29488901894.314121
diff=0.000000
diff=1
expected=-29488901894.314121
actual=-29488901894.314121
diff=0.000000
diff=1
WARNING: orio.module.loop.submodule.tile.transformation: tile size 8 must be greater than the stride value 8; tile index = iii
expected=-29488901894.314121
actual=-29488901894.314121
diff=0.000000
diff=1
expected=-29488901894.314121
actual=-29488901894.314121
diff=0.000000
diff=1
expected=-29488901894.314121
actual=-29488901894.314121
diff=0.000000
diff=1
expected=-29488901894.314121
actual=-29488901894.314121
diff=0.000000
diff=1
WARNING: orio.module.loop.submodule.tile.transformation: tile size 128 must be greater than the stride value 128; tile index = iii
expected=-29488901894.314121
actual=-29488901894.314121
diff=0.000000
diff=1
expected=-29488901894.314121
actual=-29488901894.314121
diff=0.000000
diff=1
WARNING: orio.module.loop.submodule.tile.transformation: tile size 512 must be greater than the stride value 512; tile index = jjj
expected=-29488901894.314121
actual=-29488901894.314121
diff=0.000000
diff=1
expected=-29488901894.314121
actual=-29488901894.314121
diff=0.000000
diff=1
expected=-29488901894.314121
actual=-29488901894.314121
diff=0.000000
diff=1
expected=-29488901894.314121
actual=-29488901894.314121
diff=0.000000
diff=1
expected=-29488901894.314121
actual=-29488901894.314121
diff=0.000000
diff=1
WARNING: orio.module.loop.submodule.tile.transformation: tile size 512 must be greater than the stride value 512; tile index = jjj
expected=-29488901894.314121
actual=-29488901894.314121
diff=0.000000
diff=1
WARNING: orio.module.loop.submodule.tile.transformation: tile size 512 must be greater than the stride value 512; tile index = jjj
expected=-29488901894.314121
actual=-29488901894.314121
diff=0.000000
diff=1
expected=-29488901894.314121
actual=-29488901894.314121
diff=0.000000
diff=1
expected=-29488901894.314121
actual=-29488901894.314121
diff=0.000000
diff=1
expected=-29488901894.314121
actual=-29488901894.314121
diff=0.000000
diff=1
WARNING: orio.module.loop.submodule.tile.transformation: tile size 512 must be greater than the stride value 512; tile index = jjj
expected=-29488901894.314121
actual=-29488901894.314121
diff=0.000000
diff=1
WARNING: orio.module.loop.submodule.tile.transformation: tile size 512 must be greater than the stride value 512; tile index = jjj
expected=-29488901894.314121
actual=-29488901894.314121
diff=0.000000
diff=1
expected=-29488901894.314121
actual=-29488901894.314121
diff=0.000000
diff=1
WARNING: orio.module.loop.submodule.tile.transformation: tile size 512 must be greater than the stride value 512; tile index = jjj
expected=-29488901894.314121
actual=-29488901894.314121
diff=0.000000
diff=1
expected=-29488901894.314121
actual=-29488901894.314121
diff=0.000000
diff=1
WARNING: orio.module.loop.submodule.tile.transformation: tile size 2048 must be greater than the stride value 2048; tile index = iii
expected=-29488901894.314121
actual=-29488901894.314121
diff=0.000000
diff=1
WARNING: orio.module.loop.submodule.tile.transformation: tile size 2048 must be greater than the stride value 2048; tile index = iii
expected=-29488901894.314121
actual=-29488901894.314121
diff=0.000000
diff=1
WARNING: orio.module.loop.submodule.tile.transformation: tile size 64 must be greater than the stride value 64; tile index = jjj
