
expected = 9369846271501.798828
actual = 9369846271501.798828
expected = 9369846271501.798828
actual = 9369846271501.798828
expected = 9369846271501.798828
actual = 9369846271501.798828
expected = 9369846271501.798828
actual = 9369846271501.798828
expected = 9369846271501.798828
actual = 9369846271501.798828
expected = 9369846271501.798828
actual = 9369846271501.798828
expected = 9369846271501.798828
actual = 9369846271501.798828
expected = 9369846271501.798828
actual = 9369846271501.798828
WARNING: orio.module.loop.submodule.tile.transformation: tile size 64 must be greater than the stride value 64; tile index = kkk
expected = 9369846271501.798828
actual = 9369846271501.798828
WARNING: orio.module.loop.submodule.tile.transformation: tile size 64 must be greater than the stride value 64; tile index = iii
expected = 9369846271501.798828
actual = 9369846271501.798828
/root/dlmt_spapt_experiments/orio/orio/main/tuner/search/annealing/annealing.py:152: RuntimeWarning: invalid value encountered in double_scalars
  delta = new_perf_cost - perf_cost
WARNING: orio.module.loop.submodule.tile.transformation: tile size 256 must be greater than the stride value 256; tile index = jjj
expected = 9369846271501.798828
actual = 9369846271501.798828
expected = 9369846271501.798828
actual = 9369846271501.798828
WARNING: orio.module.loop.submodule.tile.transformation: tile size 128 must be greater than the stride value 128; tile index = iii
expected = 9369846271501.798828
actual = 9369846271501.798828
expected = 9369846271501.798828
actual = 9369846271501.798828
expected = 9369846271501.798828
actual = 9369846271501.798828
expected = 9369846271501.798828
actual = 9369846271501.798828
expected = 9369846271501.798828
actual = 9369846271501.798828
expected = 9369846271501.798828
actual = 9369846271501.798828
expected = 9369846271501.798828
actual = 9369846271501.798828
expected = 9369846271501.798828
actual = 9369846271501.798828
expected = 9369846271501.798828
actual = 9369846271501.798828
expected = 9369846271501.798828
actual = 9369846271501.798828
expected = 9369846271501.798828
actual = 9369846271501.798828
WARNING: orio.module.loop.submodule.tile.transformation: tile size 128 must be greater than the stride value 128; tile index = iii
expected = 9369846271501.798828
actual = 9369846271501.798828
expected = 9369846271501.798828
actual = 9369846271501.798828
expected = 9369846271501.798828
actual = 9369846271501.798828
expected = 9369846271501.798828
actual = 9369846271501.798828
expected = 9369846271501.798828
actual = 9369846271501.798828
expected = 9369846271501.798828
actual = 9369846271501.798828
expected = 9369846271501.798828
actual = 9369846271501.798828
WARNING: orio.module.loop.submodule.tile.transformation: tile size 128 must be greater than the stride value 128; tile index = iii
expected = 9369846271501.798828
actual = 9369846271501.798828
expected = 9369846271501.798828
actual = 9369846271501.798828
expected = 9369846271501.798828
actual = 9369846271501.798828
expected = 9369846271501.798828
actual = 9369846271501.798828
expected = 9369846271501.798828
actual = 9369846271501.798828
expected = 9369846271501.798828
actual = 9369846271501.798828
expected = 9369846271501.798828
actual = 9369846271501.798828
WARNING: orio.module.loop.submodule.tile.transformation: tile size 128 must be greater than the stride value 128; tile index = iii
expected = 9369846271501.798828
actual = 9369846271501.798828
expected = 9369846271501.798828
actual = 9369846271501.798828
expected = 9369846271501.798828
actual = 9369846271501.798828
expected = 9369846271501.798828
actual = 9369846271501.798828
expected = 9369846271501.798828
actual = 9369846271501.798828
expected = 9369846271501.798828
actual = 9369846271501.798828
expected = 9369846271501.798828
actual = 9369846271501.798828
expected = 9369846271501.798828
actual = 9369846271501.798828
expected = 9369846271501.798828
actual = 9369846271501.798828
expected = 9369846271501.798828
actual = 9369846271501.798828
expected = 9369846271501.798828
actual = 9369846271501.798828
WARNING: orio.module.loop.submodule.tile.transformation: tile size 128 must be greater than the stride value 128; tile index = iii
expected = 9369846271501.798828
actual = 9369846271501.798828
expected = 9369846271501.798828
actual = 9369846271501.798828
expected = 9369846271501.798828
actual = 9369846271501.798828
expected = 9369846271501.798828
actual = 9369846271501.798828
WARNING: orio.module.loop.submodule.tile.transformation: tile size 128 must be greater than the stride value 128; tile index = iii
expected = 9369846271501.798828
actual = 9369846271501.798828
expected = 9369846271501.798828
actual = 9369846271501.798828
expected = 9369846271501.798828
actual = 9369846271501.798828
expected = 9369846271501.798828
actual = 9369846271501.798828
expected = 9369846271501.798828
actual = 9369846271501.798828
WARNING: orio.module.loop.submodule.tile.transformation: tile size 128 must be greater than the stride value 128; tile index = iii
expected = 9369846271501.798828
actual = 9369846271501.798828
WARNING: orio.module.loop.submodule.tile.transformation: tile size 128 must be greater than the stride value 128; tile index = iii
expected = 9369846271501.798828
actual = 9369846271501.798828
WARNING: orio.module.loop.submodule.tile.transformation: tile size 128 must be greater than the stride value 128; tile index = iii
expected = 9369846271501.798828
actual = 9369846271501.798828
expected = 9369846271501.798828
actual = 9369846271501.798828
expected = 9369846271501.798828
actual = 9369846271501.798828
WARNING: orio.module.loop.submodule.tile.transformation: tile size 128 must be greater than the stride value 128; tile index = iii
expected = 9369846271501.798828
actual = 9369846271501.798828
expected = 9369846271501.798828
actual = 9369846271501.798828
expected = 9369846271501.798828
actual = 9369846271501.798828
WARNING: orio.module.loop.submodule.tile.transformation: tile size 128 must be greater than the stride value 128; tile index = iii
expected = 9369846271501.798828
actual = 9369846271501.798828
expected = 9369846271501.798828
actual = 9369846271501.798828
expected = 9369846271501.798828
actual = 9369846271501.798828
expected = 9369846271501.798828
actual = 9369846271501.798828
expected = 9369846271501.798828
actual = 9369846271501.798828
expected = 9369846271501.798828
actual = 9369846271501.798828
expected = 9369846271501.798828
actual = 9369846271501.798828
expected = 9369846271501.798828
actual = 9369846271501.798828
WARNING: orio.module.loop.submodule.tile.transformation: tile size 128 must be greater than the stride value 128; tile index = iii
expected = 9369846271501.798828
actual = 9369846271501.798828
expected = 9369846271501.798828
actual = 9369846271501.798828
expected = 9369846271501.798828
actual = 9369846271501.798828
expected = 9369846271501.798828
actual = 9369846271501.798828
expected = 9369846271501.798828
actual = 9369846271501.798828
expected = 9369846271501.798828
actual = 9369846271501.798828
expected = 9369846271501.798828
actual = 9369846271501.798828
expected = 9369846271501.798828
actual = 9369846271501.798828
expected = 9369846271501.798828
actual = 9369846271501.798828
expected = 9369846271501.798828
actual = 9369846271501.798828
WARNING: orio.module.loop.submodule.tile.transformation: tile size 128 must be greater than the stride value 128; tile index = iii
expected = 9369846271501.798828
actual = 9369846271501.798828
expected = 9369846271501.798828
actual = 9369846271501.798828
expected = 9369846271501.798828
actual = 9369846271501.798828
expected = 9369846271501.798828
actual = 9369846271501.798828
expected = 9369846271501.798828
actual = 9369846271501.798828
expected = 9369846271501.798828
actual = 9369846271501.798828
expected = 9369846271501.798828
actual = 9369846271501.798828
expected = 9369846271501.798828
actual = 9369846271501.798828
WARNING: orio.module.loop.submodule.tile.transformation: tile size 128 must be greater than the stride value 128; tile index = iii
expected = 9369846271501.798828
actual = 9369846271501.798828
expected = 9369846271501.798828
actual = 9369846271501.798828
expected = 9369846271501.798828
actual = 9369846271501.798828
expected = 9369846271501.798828
actual = 9369846271501.798828
expected = 9369846271501.798828
actual = 9369846271501.798828
expected = 9369846271501.798828
actual = 9369846271501.798828
expected = 9369846271501.798828
actual = 9369846271501.798828
expected = 9369846271501.798828
actual = 9369846271501.798828
expected = 9369846271501.798828
actual = 9369846271501.798828
expected = 9369846271501.798828
actual = 9369846271501.798828
expected = 9369846271501.798828
actual = 9369846271501.798828
expected = 9369846271501.798828
actual = 9369846271501.798828
expected = 9369846271501.798828
actual = 9369846271501.798828
expected = 9369846271501.798828
actual = 9369846271501.798828
expected = 9369846271501.798828
actual = 9369846271501.798828
expected = 9369846271501.798828
actual = 9369846271501.798828
expected = 9369846271501.798828
actual = 9369846271501.798828
expected = 9369846271501.798828
actual = 9369846271501.798828
expected = 9369846271501.798828
actual = 9369846271501.798828
expected = 9369846271501.798828
actual = 9369846271501.798828
expected = 9369846271501.798828
actual = 9369846271501.798828
expected = 9369846271501.798828
actual = 9369846271501.798828
expected = 9369846271501.798828
actual = 9369846271501.798828
expected = 9369846271501.798828
actual = 9369846271501.798828
expected = 9369846271501.798828
actual = 9369846271501.798828
expected = 9369846271501.798828
actual = 9369846271501.798828
expected = 9369846271501.798828
actual = 9369846271501.798828
expected = 9369846271501.798828
actual = 9369846271501.798828
WARNING: orio.module.loop.submodule.tile.transformation: tile size 128 must be greater than the stride value 128; tile index = iii
expected = 9369846271501.798828
actual = 9369846271501.798828
expected = 9369846271501.798828
actual = 9369846271501.798828
expected = 9369846271501.798828
actual = 9369846271501.798828
expected = 9369846271501.798828
actual = 9369846271501.798828
expected = 9369846271501.798828
actual = 9369846271501.798828
expected = 9369846271501.798828
actual = 9369846271501.798828
expected = 9369846271501.798828
actual = 9369846271501.798828
expected = 9369846271501.798828
actual = 9369846271501.798828
expected = 9369846271501.798828
actual = 9369846271501.798828
expected = 9369846271501.798828
actual = 9369846271501.798828
expected = 9369846271501.798828
actual = 9369846271501.798828
expected = 9369846271501.798828
actual = 9369846271501.798828
expected = 9369846271501.798828
actual = 9369846271501.798828
expected = 9369846271501.798828
actual = 9369846271501.798828
expected = 9369846271501.798828
actual = 9369846271501.798828
expected = 9369846271501.798828
actual = 9369846271501.798828
WARNING: orio.module.loop.submodule.tile.transformation: tile size 128 must be greater than the stride value 128; tile index = iii
expected = 9369846271501.798828
actual = 9369846271501.798828
expected = 9369846271501.798828
actual = 9369846271501.798828
expected = 9369846271501.798828
actual = 9369846271501.798828
expected = 9369846271501.798828
actual = 9369846271501.798828
expected = 9369846271501.798828
actual = 9369846271501.798828
expected = 9369846271501.798828
actual = 9369846271501.798828
expected = 9369846271501.798828
actual = 9369846271501.798828
expected = 9369846271501.798828
actual = 9369846271501.798828
expected = 9369846271501.798828
actual = 9369846271501.798828
expected = 9369846271501.798828
actual = 9369846271501.798828
expected = 9369846271501.798828
actual = 9369846271501.798828
expected = 9369846271501.798828
actual = 9369846271501.798828
WARNING: orio.module.loop.submodule.tile.transformation: tile size 128 must be greater than the stride value 128; tile index = iii
expected = 9369846271501.798828
actual = 9369846271501.798828
expected = 9369846271501.798828
actual = 9369846271501.798828
expected = 9369846271501.798828
actual = 9369846271501.798828
expected = 9369846271501.798828
actual = 9369846271501.798828
expected = 9369846271501.798828
actual = 9369846271501.798828
expected = 9369846271501.798828
actual = 9369846271501.798828
expected = 9369846271501.798828
actual = 9369846271501.798828
expected = 9369846271501.798828
actual = 9369846271501.798828
expected = 9369846271501.798828
actual = 9369846271501.798828
expected = 9369846271501.798828
actual = 9369846271501.798828
expected = 9369846271501.798828
actual = 9369846271501.798828
expected = 9369846271501.798828
actual = 9369846271501.798828
expected = 9369846271501.798828
actual = 9369846271501.798828
expected = 9369846271501.798828
actual = 9369846271501.798828
expected = 9369846271501.798828
actual = 9369846271501.798828
expected = 9369846271501.798828
actual = 9369846271501.798828
expected = 9369846271501.798828
actual = 9369846271501.798828
expected = 9369846271501.798828
actual = 9369846271501.798828
WARNING: orio.module.loop.submodule.tile.transformation: tile size 128 must be greater than the stride value 128; tile index = iii
expected = 9369846271501.798828
actual = 9369846271501.798828
WARNING: orio.module.loop.submodule.tile.transformation: tile size 128 must be greater than the stride value 128; tile index = iii
expected = 9369846271501.798828
actual = 9369846271501.798828
expected = 9369846271501.798828
actual = 9369846271501.798828
expected = 9369846271501.798828
actual = 9369846271501.798828
expected = 9369846271501.798828
actual = 9369846271501.798828
