
expected=1.004060
actual=1.000000
diff=0.000000
diff=1
expected=1.000000
actual=1.000000
diff=0.000000
diff=1
WARNING: orio.module.loop.submodule.tile.transformation: tile size 256 must be greater than the stride value 256; tile index = jjj
expected=1.007166
actual=1.000000
diff=0.000000
diff=1
expected=1.000000
actual=1.000000
diff=0.000000
diff=1
expected=1.015144
actual=1.000000
diff=0.000000
diff=1
expected=1.042479
actual=1.000000
diff=0.000000
diff=1
expected=1.000000
actual=1.000000
diff=0.000000
diff=1
WARNING: orio.module.loop.submodule.tile.transformation: tile size 1024 must be greater than the stride value 1024; tile index = jjj
expected=1.000000
actual=1.000000
diff=0.000000
diff=1
expected=1.008208
actual=1.000000
diff=0.000000
diff=1
WARNING: orio.module.loop.submodule.tile.transformation: tile size 8 must be greater than the stride value 8; tile index = iii
expected=1.000000
actual=1.000000
diff=0.000000
diff=1
WARNING: orio.module.loop.submodule.tile.transformation: tile size 8 must be greater than the stride value 8; tile index = iii
expected=1.000000
actual=1.000000
diff=0.000000
diff=1
expected=1.008739
actual=1.000000
diff=0.000000
diff=1
WARNING: orio.module.loop.submodule.tile.transformation: tile size 8 must be greater than the stride value 8; tile index = iii
expected=1.001918
actual=1.000000
diff=0.000000
diff=1
expected=1.008630
actual=1.000000
diff=0.000000
diff=1
WARNING: orio.module.loop.submodule.tile.transformation: tile size 2048 must be greater than the stride value 2048; tile index = jjj
expected=1.000000
actual=1.000000
diff=0.000000
diff=1
WARNING: orio.module.loop.submodule.tile.transformation: tile size 1024 must be greater than the stride value 1024; tile index = iii
expected=1.001125
actual=1.000000
diff=0.000000
diff=1
expected=1.005095
actual=1.000000
diff=0.000000
diff=1
expected=1.014282
actual=1.000000
diff=0.000000
diff=1
WARNING: orio.module.loop.submodule.tile.transformation: tile size 2048 must be greater than the stride value 2048; tile index = iii
expected=1.001435
actual=1.000000
diff=0.000000
diff=1
expected=1.008740
actual=1.000000
diff=0.000000
diff=1
expected=1.000000
actual=1.000000
diff=0.000000
diff=1
WARNING: orio.module.loop.submodule.tile.transformation: tile size 512 must be greater than the stride value 512; tile index = iii
expected=1.000000
actual=1.000000
diff=0.000000
diff=1
WARNING: orio.module.loop.submodule.tile.transformation: tile size 512 must be greater than the stride value 512; tile index = iii
expected=1.001117
actual=1.000000
diff=0.000000
diff=1
expected=1.002519
actual=1.000000
diff=0.000000
diff=1
WARNING: orio.module.loop.submodule.tile.transformation: tile size 2048 must be greater than the stride value 2048; tile index = jjj
expected=1.004617
actual=1.000000
diff=0.000000
diff=1
expected=1.001410
actual=1.000000
diff=0.000000
diff=1
expected=1.000000
actual=1.000000
diff=0.000000
diff=1
expected=1.000000
actual=1.000000
diff=0.000000
diff=1
expected=1.000178
actual=1.000000
diff=0.000000
diff=1
WARNING: orio.module.loop.submodule.tile.transformation: tile size 2048 must be greater than the stride value 2048; tile index = jjj
expected=1.009982
actual=1.000000
diff=0.000000
diff=1
expected=1.000000
actual=1.000000
diff=0.000000
diff=1
expected=1.024326
actual=1.000000
diff=0.000000
diff=1
expected=1.001710
actual=1.000000
diff=0.000000
diff=1
expected=1.002379
actual=1.000000
diff=0.000000
diff=1
expected=1.002678
actual=1.000000
diff=0.000000
diff=1
expected=1.002262
actual=1.000000
diff=0.000000
diff=1
expected=1.002126
actual=1.000000
diff=0.000000
diff=1
expected=1.002483
actual=1.000000
diff=0.000000
diff=1
expected=1.001218
actual=1.000000
diff=0.000000
diff=1
expected=1.002853
actual=1.000000
diff=0.000000
diff=1
expected=1.004423
actual=1.000000
diff=0.000000
diff=1
expected=1.004464
actual=1.000000
diff=0.000000
diff=1
WARNING: orio.module.loop.submodule.tile.transformation: tile size 64 must be greater than the stride value 64; tile index = iii
expected=1.004167
actual=1.000000
diff=0.000000
diff=1
expected=1.002499
actual=1.000000
diff=0.000000
diff=1
WARNING: orio.module.loop.submodule.tile.transformation: tile size 256 must be greater than the stride value 256; tile index = jjj
expected=1.003465
actual=1.000000
diff=0.000000
diff=1
expected=1.002607
actual=1.000000
diff=0.000000
diff=1
WARNING: orio.module.loop.submodule.tile.transformation: tile size 256 must be greater than the stride value 256; tile index = jjj
expected=1.003747
actual=1.000000
diff=0.000000
diff=1
WARNING: orio.module.loop.submodule.tile.transformation: tile size 256 must be greater than the stride value 256; tile index = jjj
expected=1.003053
actual=1.000000
diff=0.000000
diff=1
WARNING: orio.module.loop.submodule.tile.transformation: tile size 256 must be greater than the stride value 256; tile index = jjj
expected=1.000835
actual=1.000000
diff=0.000000
diff=1
expected=1.001351
actual=1.000000
diff=0.000000
diff=1
expected=1.002078
actual=1.000000
diff=0.000000
diff=1
expected=1.001568
actual=1.000000
diff=0.000000
diff=1
expected=1.003187
actual=1.000000
diff=0.000000
diff=1
WARNING: orio.module.loop.submodule.tile.transformation: tile size 256 must be greater than the stride value 256; tile index = jjj
expected=1.001926
actual=1.000000
diff=0.000000
diff=1
WARNING: orio.module.loop.submodule.tile.transformation: tile size 256 must be greater than the stride value 256; tile index = jjj
expected=1.001848
actual=1.000000
diff=0.000000
diff=1
expected=1.001617
actual=1.000000
diff=0.000000
diff=1
expected=1.001172
actual=1.000000
diff=0.000000
diff=1
expected=1.001657
actual=1.000000
diff=0.000000
diff=1
expected=1.003047
actual=1.000000
diff=0.000000
diff=1
expected=1.001094
actual=1.000000
diff=0.000000
diff=1
WARNING: orio.module.loop.submodule.tile.transformation: tile size 256 must be greater than the stride value 256; tile index = jjj
expected=1.003375
actual=1.000000
diff=0.000000
diff=1
expected=1.062545
actual=1.000000
diff=0.000000
diff=1
expected=1.001752
actual=1.000000
diff=0.000000
diff=1
expected=1.000814
actual=1.000000
diff=0.000000
diff=1
expected=1.003726
actual=1.000000
diff=0.000000
diff=1
expected=1.001826
actual=1.000000
diff=0.000000
diff=1
WARNING: orio.module.loop.submodule.tile.transformation: tile size 256 must be greater than the stride value 256; tile index = jjj
expected=1.002018
actual=1.000000
diff=0.000000
diff=1
expected=1.001407
actual=1.000000
diff=0.000000
diff=1
expected=1.001716
actual=1.000000
diff=0.000000
diff=1
expected=1.005760
actual=1.000000
diff=0.000000
diff=1
WARNING: orio.module.loop.submodule.tile.transformation: tile size 256 must be greater than the stride value 256; tile index = jjj
