
WARNING: orio.module.loop.submodule.tile.transformation: tile size 8 must be greater than the stride value 8; tile index = iii
expected=39997014234.553841
actual=145057485.810668
diff=-2147483648.000000
diff=1
expected=41764104788.031456
actual=145057485.810668
diff=-2147483648.000000
diff=1
expected=37602340353.570290
actual=145057485.810668
diff=-2147483648.000000
diff=1
expected=44666135177.199257
actual=145057485.810668
diff=-2147483648.000000
diff=1
expected=44899621886.828041
actual=145057485.810668
diff=-2147483648.000000
diff=1
expected=44338717421.997200
actual=145057485.810668
diff=-2147483648.000000
diff=1
WARNING: orio.module.loop.submodule.tile.transformation: tile size 16 must be greater than the stride value 16; tile index = iii
expected=43534448479.137505
actual=145057485.810668
diff=-2147483648.000000
diff=1
WARNING: orio.module.loop.submodule.tile.transformation: tile size 2 must be greater than the stride value 2; tile index = iii
expected=42649102174.980247
actual=145057485.810668
diff=-2147483648.000000
diff=1
expected=44696261082.425850
actual=145057485.810668
diff=-2147483648.000000
diff=1
expected=37424355475.245659
actual=145057485.810668
diff=-2147483648.000000
diff=1
WARNING: orio.module.loop.submodule.tile.transformation: tile size 4 must be greater than the stride value 4; tile index = jjj
expected=43729601235.673782
actual=145057485.810668
diff=-2147483648.000000
diff=1
expected=44363151596.201836
actual=145057485.810668
diff=-2147483648.000000
diff=1
expected=44614718442.116547
actual=145057485.810668
diff=-2147483648.000000
diff=1
expected=15851638284.530546
actual=145057485.810668
diff=-2147483648.000000
diff=1
expected=44818698401.622086
actual=145057485.810668
diff=-2147483648.000000
diff=1
expected=43139020466.623207
actual=145057485.810668
diff=-2147483648.000000
diff=1
expected=43299779101.906548
actual=145057485.810668
diff=-2147483648.000000
diff=1
WARNING: orio.module.loop.submodule.tile.transformation: tile size 16 must be greater than the stride value 16; tile index = jjj
expected=44875497796.178162
actual=145057485.810668
diff=-2147483648.000000
diff=1
expected=44897632437.283112
actual=145057485.810668
diff=-2147483648.000000
diff=1
WARNING: orio.module.loop.submodule.tile.transformation: tile size 64 must be greater than the stride value 64; tile index = iii
expected=145057485.810668
actual=145057485.810668
diff=0.000000
diff=1
WARNING: orio.module.loop.submodule.tile.transformation: tile size 8 must be greater than the stride value 8; tile index = jjj
expected=44373539945.920753
actual=145057485.810668
diff=-2147483648.000000
diff=1
expected=44350433014.430511
actual=145057485.810668
diff=-2147483648.000000
diff=1
WARNING: orio.module.loop.submodule.tile.transformation: tile size 32 must be greater than the stride value 32; tile index = jjj
expected=43076305571.731026
actual=145057485.810668
diff=-2147483648.000000
diff=1
expected=25780906287.539272
actual=145057485.810668
diff=-2147483648.000000
diff=1
expected=43729601235.673782
actual=145057485.810668
diff=-2147483648.000000
diff=1
expected=44699933642.559540
actual=145057485.810668
diff=-2147483648.000000
diff=1
expected=44696261082.425850
actual=145057485.810668
diff=-2147483648.000000
diff=1
expected=36309034751.558846
actual=145057485.810668
diff=-2147483648.000000
diff=1
expected=44695716366.007256
actual=145057485.810668
diff=-2147483648.000000
diff=1
WARNING: orio.module.loop.submodule.tile.transformation: tile size 16 must be greater than the stride value 16; tile index = jjj
expected=25780906287.539272
actual=145057485.810668
diff=-2147483648.000000
diff=1
WARNING: orio.module.loop.submodule.tile.transformation: tile size 1024 must be greater than the stride value 1024; tile index = jjj
expected=34351631060.311054
actual=145057485.810668
diff=-2147483648.000000
diff=1
expected=44896165182.481438
actual=145057485.810668
diff=-2147483648.000000
diff=1
expected=44886327399.927986
actual=145057485.810668
diff=-2147483648.000000
diff=1
expected=44823280364.204063
actual=145057485.810668
diff=-2147483648.000000
diff=1
expected=44697894316.422440
actual=145057485.810668
diff=-2147483648.000000
diff=1
expected=25780906287.539272
actual=145057485.810668
diff=-2147483648.000000
diff=1
expected=44607612148.138161
actual=145057485.810668
diff=-2147483648.000000
diff=1
WARNING: orio.module.loop.submodule.tile.transformation: tile size 256 must be greater than the stride value 256; tile index = jjj
expected=43717766642.437691
actual=145057485.810668
diff=-2147483648.000000
diff=1
expected=36803821546.059608
actual=145057485.810668
diff=-2147483648.000000
diff=1
expected=35826599818.530403
actual=145057485.810668
diff=-2147483648.000000
diff=1
expected=145057485.810668
actual=145057485.810668
diff=0.000000
diff=1
WARNING: orio.module.loop.submodule.tile.transformation: tile size 4 must be greater than the stride value 4; tile index = iii
expected=37424355475.245659
actual=145057485.810668
diff=-2147483648.000000
diff=1
expected=145057485.810668
actual=145057485.810668
diff=0.000000
diff=1
expected=37424355475.245659
actual=145057485.810668
diff=-2147483648.000000
diff=1
expected=145057485.810668
actual=145057485.810668
diff=0.000000
diff=1
expected=44689170608.640839
actual=145057485.810668
diff=-2147483648.000000
diff=1
expected=44784147000.503082
actual=145057485.810668
diff=-2147483648.000000
diff=1
expected=145057485.810668
actual=145057485.810668
diff=0.000000
diff=1
expected=145057485.810668
actual=145057485.810668
diff=0.000000
diff=1
WARNING: orio.module.loop.submodule.tile.transformation: tile size 4 must be greater than the stride value 4; tile index = iii
expected=43800175462.696213
actual=145057485.810668
diff=-2147483648.000000
diff=1
expected=44687720644.522118
actual=145057485.810668
diff=-2147483648.000000
diff=1
WARNING: orio.module.loop.submodule.tile.transformation: tile size 2 must be greater than the stride value 2; tile index = jjj
expected=44797063349.515244
actual=145057485.810668
diff=-2147483648.000000
diff=1
expected=44784147000.503082
actual=145057485.810668
diff=-2147483648.000000
diff=1
expected=37713856270.121155
actual=145057485.810668
diff=-2147483648.000000
diff=1
WARNING: orio.module.loop.submodule.tile.transformation: tile size 256 must be greater than the stride value 256; tile index = jjj
expected=36995698483.303619
actual=145057485.810668
diff=-2147483648.000000
diff=1
expected=33644392960.039684
actual=145057485.810668
diff=-2147483648.000000
diff=1
expected=44785360084.371399
actual=145057485.810668
diff=-2147483648.000000
diff=1
expected=37505281174.746162
actual=145057485.810668
diff=-2147483648.000000
diff=1
expected=44785623338.659492
actual=145057485.810668
diff=-2147483648.000000
diff=1
expected=44823280364.204063
actual=145057485.810668
diff=-2147483648.000000
diff=1
WARNING: orio.module.loop.submodule.tile.transformation: tile size 4 must be greater than the stride value 4; tile index = jjj
expected=44303901634.741371
actual=145057485.810668
diff=-2147483648.000000
diff=1
WARNING: orio.module.loop.submodule.tile.transformation: tile size 8 must be greater than the stride value 8; tile index = iii
expected=44842996350.509384
actual=145057485.810668
diff=-2147483648.000000
diff=1
WARNING: orio.module.loop.submodule.tile.transformation: tile size 4 must be greater than the stride value 4; tile index = jjj
expected=36885439746.041824
actual=145057485.810668
diff=-2147483648.000000
diff=1
expected=42333565932.076653
actual=145057485.810668
diff=-2147483648.000000
diff=1
expected=145057485.810668
actual=145057485.810668
diff=0.000000
diff=1
expected=44695716366.007256
actual=145057485.810668
diff=-2147483648.000000
diff=1
expected=44291552658.899254
actual=145057485.810668
diff=-2147483648.000000
diff=1
expected=15851638284.530546
actual=145057485.810668
diff=-2147483648.000000
diff=1
expected=44798737442.356613
actual=145057485.810668
diff=-2147483648.000000
diff=1
WARNING: orio.module.loop.submodule.tile.transformation: tile size 2048 must be greater than the stride value 2048; tile index = iii
expected=44608572564.990089
actual=145057485.810668
diff=-2147483648.000000
diff=1
expected=44808682192.848793
actual=145057485.810668
diff=-2147483648.000000
diff=1
expected=145057485.810668
actual=145057485.810668
diff=0.000000
diff=1
WARNING: orio.module.loop.submodule.tile.transformation: tile size 2 must be greater than the stride value 2; tile index = iii
expected=37423225059.964561
actual=145057485.810668
diff=-2147483648.000000
diff=1
expected=44607612148.138161
actual=145057485.810668
diff=-2147483648.000000
diff=1
expected=37222056151.438080
actual=145057485.810668
diff=-2147483648.000000
diff=1
WARNING: orio.module.loop.submodule.tile.transformation: tile size 1024 must be greater than the stride value 1024; tile index = iii
expected=44689106622.822327
actual=145057485.810668
diff=-2147483648.000000
diff=1
expected=40777777207.100647
actual=145057485.810668
diff=-2147483648.000000
diff=1
expected=15851638284.530546
actual=145057485.810668
diff=-2147483648.000000
diff=1
expected=44700473935.097496
actual=145057485.810668
diff=-2147483648.000000
diff=1
WARNING: orio.module.loop.submodule.tile.transformation: tile size 32 must be greater than the stride value 32; tile index = iii
expected=42200484007.538742
actual=145057485.810668
diff=-2147483648.000000
diff=1
expected=43717766642.437691
actual=145057485.810668
diff=-2147483648.000000
diff=1
expected=43533902208.384445
actual=145057485.810668
diff=-2147483648.000000
diff=1
WARNING: orio.module.loop.submodule.tile.transformation: tile size 8 must be greater than the stride value 8; tile index = iii
WARNING: orio.module.loop.submodule.tile.transformation: tile size 128 must be greater than the stride value 128; tile index = jjj
expected=43807795822.545082
actual=145057485.810668
diff=-2147483648.000000
diff=1
WARNING: orio.module.loop.submodule.tile.transformation: tile size 512 must be greater than the stride value 512; tile index = jjj
expected=44809144139.937851
actual=145057485.810668
diff=-2147483648.000000
diff=1
expected=44372430131.914948
actual=145057485.810668
diff=-2147483648.000000
diff=1
expected=44785518358.477531
actual=145057485.810668
diff=-2147483648.000000
diff=1
expected=39213549972.412407
actual=145057485.810668
diff=-2147483648.000000
diff=1
expected=145057485.810668
actual=145057485.810668
diff=0.000000
diff=1
expected=44817603632.698723
actual=145057485.810668
diff=-2147483648.000000
diff=1
expected=36587987370.935509
actual=145057485.810668
diff=-2147483648.000000
diff=1
expected=44221515285.150726
actual=145057485.810668
diff=-2147483648.000000
diff=1
WARNING: orio.module.loop.submodule.tile.transformation: tile size 16 must be greater than the stride value 16; tile index = jjj
expected=44786462304.110939
actual=145057485.810668
diff=-2147483648.000000
diff=1
WARNING: orio.module.loop.submodule.tile.transformation: tile size 4 must be greater than the stride value 4; tile index = iii
expected=145057485.810668
actual=145057485.810668
diff=0.000000
diff=1
expected=44352290265.388496
actual=145057485.810668
diff=-2147483648.000000
diff=1
expected=37713856270.121155
actual=145057485.810668
diff=-2147483648.000000
diff=1
expected=37020714456.938515
actual=145057485.810668
diff=-2147483648.000000
diff=1
expected=44352963893.688911
actual=145057485.810668
diff=-2147483648.000000
diff=1
expected=145057485.810668
actual=145057485.810668
diff=0.000000
diff=1
expected=145057485.810668
actual=145057485.810668
diff=0.000000
diff=1
expected=44677252221.999756
actual=145057485.810668
diff=-2147483648.000000
diff=1
WARNING: orio.module.loop.submodule.tile.transformation: tile size 256 must be greater than the stride value 256; tile index = jjj
expected=37424907359.114845
actual=145057485.810668
diff=-2147483648.000000
diff=1
expected=40384173831.907867
actual=145057485.810668
diff=-2147483648.000000
diff=1
expected=44783600121.240829
actual=145057485.810668
diff=-2147483648.000000
diff=1
expected=145057485.810668
actual=145057485.810668
diff=0.000000
diff=1
expected=145057485.810668
actual=145057485.810668
diff=0.000000
diff=1
expected=44813016247.404091
actual=145057485.810668
diff=-2147483648.000000
diff=1
expected=38848138587.639503
actual=145057485.810668
diff=-2147483648.000000
diff=1
expected=145057485.810668
actual=145057485.810668
diff=0.000000
diff=1
expected=43299779101.906548
actual=145057485.810668
diff=-2147483648.000000
diff=1
expected=44898601153.546974
actual=145057485.810668
diff=-2147483648.000000
diff=1
expected=44808682192.848793
actual=145057485.810668
diff=-2147483648.000000
diff=1
expected=44810398573.151817
actual=145057485.810668
diff=-2147483648.000000
diff=1
expected=44697894316.422440
actual=145057485.810668
diff=-2147483648.000000
diff=1
expected=43299779101.906548
actual=145057485.810668
diff=-2147483648.000000
diff=1
expected=33644392960.039684
actual=145057485.810668
diff=-2147483648.000000
diff=1
expected=33807453205.922581
actual=145057485.810668
diff=-2147483648.000000
diff=1
expected=145057485.810668
actual=145057485.810668
diff=0.000000
diff=1
expected=44190572523.586655
actual=145057485.810668
diff=-2147483648.000000
diff=1
expected=25780906287.539272
actual=145057485.810668
diff=-2147483648.000000
diff=1
WARNING: orio.module.loop.submodule.tile.transformation: tile size 4 must be greater than the stride value 4; tile index = iii
expected=37424355475.245659
actual=145057485.810668
diff=-2147483648.000000
diff=1
expected=145057485.810668
actual=145057485.810668
diff=0.000000
diff=1
WARNING: orio.module.loop.submodule.tile.transformation: tile size 64 must be greater than the stride value 64; tile index = iii
WARNING: orio.module.loop.submodule.tile.transformation: tile size 8 must be greater than the stride value 8; tile index = jjj
expected=43270602556.176018
actual=145057485.810668
diff=-2147483648.000000
diff=1
WARNING: orio.module.loop.submodule.tile.transformation: tile size 64 must be greater than the stride value 64; tile index = iii
expected=44699139223.800804
actual=145057485.810668
diff=-2147483648.000000
diff=1
expected=145057485.810668
actual=145057485.810668
diff=0.000000
diff=1
expected=43808669303.635300
actual=145057485.810668
diff=-2147483648.000000
diff=1
WARNING: orio.module.loop.submodule.tile.transformation: tile size 128 must be greater than the stride value 128; tile index = jjj
expected=15851638284.530546
actual=145057485.810668
diff=-2147483648.000000
diff=1
WARNING: orio.module.loop.submodule.tile.transformation: tile size 256 must be greater than the stride value 256; tile index = iii
expected=42200484007.538742
actual=145057485.810668
diff=-2147483648.000000
diff=1
expected=36804951961.340698
actual=145057485.810668
diff=-2147483648.000000
diff=1
expected=37476503674.732025
actual=145057485.810668
diff=-2147483648.000000
diff=1
expected=44355910708.991867
actual=145057485.810668
diff=-2147483648.000000
diff=1
WARNING: orio.module.loop.submodule.tile.transformation: tile size 4 must be greater than the stride value 4; tile index = jjj
expected=44696261082.425850
actual=145057485.810668
diff=-2147483648.000000
diff=1
expected=36946535582.798424
actual=145057485.810668
diff=-2147483648.000000
diff=1
expected=44896268993.890327
actual=145057485.810668
diff=-2147483648.000000
diff=1
expected=145057485.810668
actual=145057485.810668
diff=0.000000
diff=1
expected=34896981194.929428
actual=145057485.810668
diff=-2147483648.000000
diff=1
expected=44692380058.607582
actual=145057485.810668
diff=-2147483648.000000
diff=1
expected=44808682192.848793
actual=145057485.810668
diff=-2147483648.000000
diff=1
expected=44349393910.504478
actual=145057485.810668
diff=-2147483648.000000
diff=1
expected=43539265698.014389
actual=145057485.810668
diff=-2147483648.000000
diff=1
expected=145057485.810668
actual=145057485.810668
diff=0.000000
diff=1
WARNING: orio.module.loop.submodule.tile.transformation: tile size 64 must be greater than the stride value 64; tile index = jjj
expected=145057485.810668
actual=145057485.810668
diff=0.000000
diff=1
WARNING: orio.module.loop.submodule.tile.transformation: tile size 512 must be greater than the stride value 512; tile index = iii
expected=44880671161.993202
actual=145057485.810668
diff=-2147483648.000000
diff=1
WARNING: orio.module.loop.submodule.tile.transformation: tile size 2 must be greater than the stride value 2; tile index = iii
expected=37423225059.964561
actual=145057485.810668
diff=-2147483648.000000
diff=1
WARNING: orio.module.loop.submodule.tile.transformation: tile size 32 must be greater than the stride value 32; tile index = jjj
expected=40881525552.497627
actual=145057485.810668
diff=-2147483648.000000
diff=1
expected=44899686220.565506
actual=145057485.810668
diff=-2147483648.000000
diff=1
expected=44808682192.848793
actual=145057485.810668
diff=-2147483648.000000
diff=1
expected=44371761007.090469
actual=145057485.810668
diff=-2147483648.000000
diff=1
expected=43818621792.626366
actual=145057485.810668
diff=-2147483648.000000
diff=1
expected=41469891574.550896
actual=145057485.810668
diff=-2147483648.000000
diff=1
expected=37245510458.458931
actual=145057485.810668
diff=-2147483648.000000
diff=1
expected=37602340353.570290
actual=145057485.810668
diff=-2147483648.000000
diff=1
expected=43281818238.975044
actual=145057485.810668
diff=-2147483648.000000
diff=1
expected=44823280364.204063
actual=145057485.810668
diff=-2147483648.000000
diff=1
expected=44695716366.007256
actual=145057485.810668
diff=-2147483648.000000
diff=1
expected=37351162798.256950
actual=145057485.810668
diff=-2147483648.000000
diff=1
expected=33644392960.039684
actual=145057485.810668
diff=-2147483648.000000
diff=1
expected=44370218402.966606
actual=145057485.810668
diff=-2147483648.000000
diff=1
expected=36853499102.824509
actual=145057485.810668
diff=-2147483648.000000
diff=1
expected=40858455822.852341
actual=145057485.810668
diff=-2147483648.000000
diff=1
expected=44607612148.138161
actual=145057485.810668
diff=-2147483648.000000
diff=1
WARNING: orio.module.loop.submodule.tile.transformation: tile size 128 must be greater than the stride value 128; tile index = jjj
expected=44666820583.452309
actual=145057485.810668
diff=-2147483648.000000
diff=1
expected=44783571097.469360
actual=145057485.810668
diff=-2147483648.000000
diff=1
expected=44669644763.623062
actual=145057485.810668
diff=-2147483648.000000
diff=1
expected=44185983065.314415
actual=145057485.810668
diff=-2147483648.000000
diff=1
expected=37424907359.114845
actual=145057485.810668
diff=-2147483648.000000
diff=1
expected=44338717421.997200
actual=145057485.810668
diff=-2147483648.000000
diff=1
expected=44361938096.519081
actual=145057485.810668
diff=-2147483648.000000
diff=1
expected=44373539945.920753
actual=145057485.810668
diff=-2147483648.000000
diff=1
expected=44695716366.007256
actual=145057485.810668
diff=-2147483648.000000
diff=1
expected=43299779101.906548
actual=145057485.810668
diff=-2147483648.000000
diff=1
expected=44695716366.007256
actual=145057485.810668
diff=-2147483648.000000
diff=1
WARNING: orio.module.loop.submodule.tile.transformation: tile size 8 must be greater than the stride value 8; tile index = iii
WARNING: orio.module.loop.submodule.tile.transformation: tile size 64 must be greater than the stride value 64; tile index = jjj
expected=35914156672.304504
actual=145057485.810668
diff=-2147483648.000000
diff=1
expected=44808682192.848793
actual=145057485.810668
diff=-2147483648.000000
diff=1
expected=38512708219.744247
actual=145057485.810668
diff=-2147483648.000000
diff=1
WARNING: orio.module.loop.submodule.tile.transformation: tile size 64 must be greater than the stride value 64; tile index = iii
expected=44808868372.729401
actual=145057485.810668
diff=-2147483648.000000
diff=1
expected=145057485.810668
actual=145057485.810668
diff=0.000000
diff=1
expected=44341716679.194771
actual=145057485.810668
diff=-2147483648.000000
diff=1
expected=44799925091.704315
actual=145057485.810668
diff=-2147483648.000000
diff=1
expected=43554728370.932068
actual=145057485.810668
diff=-2147483648.000000
diff=1
expected=43744394477.219513
actual=145057485.810668
diff=-2147483648.000000
diff=1
expected=40384173831.907867
actual=145057485.810668
diff=-2147483648.000000
diff=1
WARNING: orio.module.loop.submodule.tile.transformation: tile size 1024 must be greater than the stride value 1024; tile index = iii
expected=43717766642.437691
actual=145057485.810668
diff=-2147483648.000000
diff=1
expected=145057485.810668
actual=145057485.810668
diff=0.000000
diff=1
WARNING: orio.module.loop.submodule.tile.transformation: tile size 16 must be greater than the stride value 16; tile index = iii
expected=44818254185.213898
actual=145057485.810668
diff=-2147483648.000000
diff=1
expected=44695716366.007256
actual=145057485.810668
diff=-2147483648.000000
diff=1
expected=40384173831.907867
actual=145057485.810668
diff=-2147483648.000000
diff=1
expected=44697894316.422440
actual=145057485.810668
diff=-2147483648.000000
diff=1
expected=44700337755.992828
actual=145057485.810668
diff=-2147483648.000000
diff=1
expected=44808682192.848793
actual=145057485.810668
diff=-2147483648.000000
diff=1
expected=145057485.810668
actual=145057485.810668
diff=0.000000
diff=1
expected=42481271593.098808
actual=145057485.810668
diff=-2147483648.000000
diff=1
WARNING: orio.module.loop.submodule.tile.transformation: tile size 512 must be greater than the stride value 512; tile index = iii
WARNING: orio.module.loop.submodule.tile.transformation: tile size 128 must be greater than the stride value 128; tile index = jjj
expected=44824216752.660652
actual=145057485.810668
diff=-2147483648.000000
diff=1
expected=145057485.810668
actual=145057485.810668
diff=0.000000
diff=1
expected=145057485.810668
actual=145057485.810668
diff=0.000000
diff=1
WARNING: orio.module.loop.submodule.tile.transformation: tile size 2 must be greater than the stride value 2; tile index = iii
expected=37423225059.964561
actual=145057485.810668
diff=-2147483648.000000
diff=1
expected=44826153428.878189
actual=145057485.810668
diff=-2147483648.000000
diff=1
expected=37476503674.732025
actual=145057485.810668
diff=-2147483648.000000
diff=1
expected=44666135177.199257
actual=145057485.810668
diff=-2147483648.000000
diff=1
expected=30509075330.656471
actual=145057485.810668
diff=-2147483648.000000
diff=1
expected=145057485.810668
actual=145057485.810668
diff=0.000000
diff=1
expected=145057485.810668
actual=145057485.810668
diff=0.000000
diff=1
WARNING: orio.module.loop.submodule.tile.transformation: tile size 2048 must be greater than the stride value 2048; tile index = iii
WARNING: orio.module.loop.submodule.tile.transformation: tile size 8 must be greater than the stride value 8; tile index = jjj
expected=44695716366.007256
actual=145057485.810668
diff=-2147483648.000000
diff=1
expected=41581120482.412880
actual=145057485.810668
diff=-2147483648.000000
diff=1
expected=43299779101.906548
actual=145057485.810668
diff=-2147483648.000000
diff=1
WARNING: orio.module.loop.submodule.tile.transformation: tile size 2048 must be greater than the stride value 2048; tile index = iii
expected=44896305349.402512
actual=145057485.810668
diff=-2147483648.000000
diff=1
expected=37423225059.964561
actual=145057485.810668
diff=-2147483648.000000
diff=1
expected=44671441695.291100
actual=145057485.810668
diff=-2147483648.000000
diff=1
expected=43717766642.437691
actual=145057485.810668
diff=-2147483648.000000
diff=1
WARNING: orio.module.loop.submodule.tile.transformation: tile size 8 must be greater than the stride value 8; tile index = jjj
expected=15851638284.530546
actual=145057485.810668
diff=-2147483648.000000
diff=1
expected=37476503674.732025
actual=145057485.810668
diff=-2147483648.000000
diff=1
expected=145057485.810668
actual=145057485.810668
diff=0.000000
diff=1
WARNING: orio.module.loop.submodule.tile.transformation: tile size 512 must be greater than the stride value 512; tile index = jjj
expected=44699625434.345879
actual=145057485.810668
diff=-2147483648.000000
diff=1
expected=44349393910.504478
actual=145057485.810668
diff=-2147483648.000000
diff=1
expected=44875602108.819534
actual=145057485.810668
diff=-2147483648.000000
diff=1
expected=43717766642.437691
actual=145057485.810668
diff=-2147483648.000000
diff=1
expected=43773980915.240120
actual=145057485.810668
diff=-2147483648.000000
diff=1
expected=44370218402.966606
actual=145057485.810668
diff=-2147483648.000000
diff=1
expected=35711185935.839157
actual=145057485.810668
diff=-2147483648.000000
diff=1
expected=33644392960.039684
actual=145057485.810668
diff=-2147483648.000000
diff=1
expected=44783571097.469360
actual=145057485.810668
diff=-2147483648.000000
diff=1
expected=36880739977.185997
actual=145057485.810668
diff=-2147483648.000000
diff=1
expected=44338717421.997200
actual=145057485.810668
diff=-2147483648.000000
diff=1
expected=44696941977.949059
actual=145057485.810668
diff=-2147483648.000000
diff=1
expected=44800407408.202286
actual=145057485.810668
diff=-2147483648.000000
diff=1
expected=44810451379.411331
actual=145057485.810668
diff=-2147483648.000000
diff=1
WARNING: orio.module.loop.submodule.tile.transformation: tile size 4 must be greater than the stride value 4; tile index = iii
expected=145057485.810668
actual=145057485.810668
diff=0.000000
diff=1
WARNING: orio.module.loop.submodule.tile.transformation: tile size 64 must be greater than the stride value 64; tile index = iii
expected=44785552754.922485
actual=145057485.810668
diff=-2147483648.000000
diff=1
expected=44185983065.314415
actual=145057485.810668
diff=-2147483648.000000
diff=1
expected=44803854587.884979
actual=145057485.810668
diff=-2147483648.000000
diff=1
expected=37476503674.732025
actual=145057485.810668
diff=-2147483648.000000
diff=1
WARNING: orio.module.loop.submodule.tile.transformation: tile size 16 must be greater than the stride value 16; tile index = iii
expected=145057485.810668
actual=145057485.810668
diff=0.000000
diff=1
expected=44783571097.469360
actual=145057485.810668
diff=-2147483648.000000
diff=1
expected=37485008367.106178
actual=145057485.810668
diff=-2147483648.000000
diff=1
expected=44874800936.185860
actual=145057485.810668
diff=-2147483648.000000
diff=1
expected=41391632016.010956
actual=145057485.810668
diff=-2147483648.000000
diff=1
WARNING: orio.module.loop.submodule.tile.transformation: tile size 1024 must be greater than the stride value 1024; tile index = jjj
expected=25780906287.539272
actual=145057485.810668
diff=-2147483648.000000
diff=1
expected=44669390856.896965
actual=145057485.810668
diff=-2147483648.000000
diff=1
expected=43717766642.437691
actual=145057485.810668
diff=-2147483648.000000
diff=1
expected=33644392960.039684
actual=145057485.810668
diff=-2147483648.000000
diff=1
expected=145057485.810668
actual=145057485.810668
diff=0.000000
diff=1
WARNING: orio.module.loop.submodule.tile.transformation: tile size 4 must be greater than the stride value 4; tile index = iii
expected=145057485.810668
actual=145057485.810668
diff=0.000000
diff=1
expected=44667677341.268684
actual=145057485.810668
diff=-2147483648.000000
diff=1
WARNING: orio.module.loop.submodule.tile.transformation: tile size 2 must be greater than the stride value 2; tile index = iii
expected=42636174705.487648
actual=145057485.810668
diff=-2147483648.000000
diff=1
expected=44373539945.920753
actual=145057485.810668
diff=-2147483648.000000
diff=1
expected=44330478633.181519
actual=145057485.810668
diff=-2147483648.000000
diff=1
WARNING: orio.module.loop.submodule.tile.transformation: tile size 1024 must be greater than the stride value 1024; tile index = iii
expected=44667677341.268684
actual=145057485.810668
diff=-2147483648.000000
diff=1
expected=44784147000.503082
actual=145057485.810668
diff=-2147483648.000000
diff=1
expected=44687720644.522118
actual=145057485.810668
diff=-2147483648.000000
diff=1
WARNING: orio.module.loop.submodule.tile.transformation: tile size 2 must be greater than the stride value 2; tile index = jjj
expected=44820334375.582489
actual=145057485.810668
diff=-2147483648.000000
diff=1
expected=42200484007.538742
actual=145057485.810668
diff=-2147483648.000000
diff=1
WARNING: orio.module.loop.submodule.tile.transformation: tile size 16 must be greater than the stride value 16; tile index = jjj
expected=42481271593.098808
actual=145057485.810668
diff=-2147483648.000000
diff=1
expected=43183865883.737480
actual=145057485.810668
diff=-2147483648.000000
diff=1
expected=145057485.810668
actual=145057485.810668
diff=0.000000
diff=1
expected=44303901634.741371
actual=145057485.810668
diff=-2147483648.000000
diff=1
expected=44671441695.291100
actual=145057485.810668
diff=-2147483648.000000
diff=1
expected=44666135177.199257
actual=145057485.810668
diff=-2147483648.000000
diff=1
expected=145057485.810668
actual=145057485.810668
diff=0.000000
diff=1
expected=15851638284.530546
actual=145057485.810668
diff=-2147483648.000000
diff=1
expected=44824806609.113716
actual=145057485.810668
diff=-2147483648.000000
diff=1
expected=44785704735.333160
actual=145057485.810668
diff=-2147483648.000000
diff=1
expected=44607612148.138161
actual=145057485.810668
diff=-2147483648.000000
diff=1
WARNING: orio.module.loop.submodule.tile.transformation: tile size 1024 must be greater than the stride value 1024; tile index = iii
WARNING: orio.module.loop.submodule.tile.transformation: tile size 64 must be greater than the stride value 64; tile index = jjj
expected=44666135177.199257
actual=145057485.810668
diff=-2147483648.000000
diff=1
WARNING: orio.module.loop.submodule.tile.transformation: tile size 2 must be greater than the stride value 2; tile index = iii
WARNING: orio.module.loop.submodule.tile.transformation: tile size 128 must be greater than the stride value 128; tile index = jjj
expected=44360486130.356888
actual=145057485.810668
diff=-2147483648.000000
diff=1
expected=33644392960.039684
actual=145057485.810668
diff=-2147483648.000000
diff=1
expected=41764104788.031456
actual=145057485.810668
diff=-2147483648.000000
diff=1
WARNING: orio.module.loop.submodule.tile.transformation: tile size 128 must be greater than the stride value 128; tile index = iii
expected=30509075330.656471
actual=145057485.810668
diff=-2147483648.000000
diff=1
expected=43386925448.602730
actual=145057485.810668
diff=-2147483648.000000
diff=1
expected=43809474754.699997
actual=145057485.810668
diff=-2147483648.000000
diff=1
expected=44810419474.319206
actual=145057485.810668
diff=-2147483648.000000
diff=1
expected=37374617105.275284
actual=145057485.810668
diff=-2147483648.000000
diff=1
expected=43406604355.916641
actual=145057485.810668
diff=-2147483648.000000
diff=1
expected=37485008367.106178
actual=145057485.810668
diff=-2147483648.000000
diff=1
expected=44885954399.146133
actual=145057485.810668
diff=-2147483648.000000
diff=1
expected=44666135177.199257
actual=145057485.810668
diff=-2147483648.000000
diff=1
WARNING: orio.module.loop.submodule.tile.transformation: tile size 16 must be greater than the stride value 16; tile index = jjj
expected=36986049476.915634
actual=145057485.810668
diff=-2147483648.000000
diff=1
expected=44363666187.604752
actual=145057485.810668
diff=-2147483648.000000
diff=1
WARNING: orio.module.loop.submodule.tile.transformation: tile size 64 must be greater than the stride value 64; tile index = iii
expected=38945915144.319527
actual=145057485.810668
diff=-2147483648.000000
diff=1
expected=44363151596.201836
actual=145057485.810668
diff=-2147483648.000000
diff=1
expected=145057485.810668
actual=145057485.810668
diff=0.000000
diff=1
expected=44668736710.536392
actual=145057485.810668
diff=-2147483648.000000
diff=1
expected=33644392960.039684
actual=145057485.810668
diff=-2147483648.000000
diff=1
expected=44783571097.469360
actual=145057485.810668
diff=-2147483648.000000
diff=1
expected=38512708219.744247
actual=145057485.810668
diff=-2147483648.000000
diff=1
WARNING: orio.module.loop.submodule.tile.transformation: tile size 32 must be greater than the stride value 32; tile index = iii
WARNING: orio.module.loop.submodule.tile.transformation: tile size 8 must be greater than the stride value 8; tile index = jjj
expected=44699716225.310425
actual=145057485.810668
diff=-2147483648.000000
diff=1
expected=43139120142.843552
actual=145057485.810668
diff=-2147483648.000000
diff=1
expected=43406690253.589493
actual=145057485.810668
diff=-2147483648.000000
diff=1
expected=44700257169.903885
actual=145057485.810668
diff=-2147483648.000000
diff=1
WARNING: orio.module.loop.submodule.tile.transformation: tile size 8 must be greater than the stride value 8; tile index = iii
WARNING: orio.module.loop.submodule.tile.transformation: tile size 32 must be greater than the stride value 32; tile index = jjj
expected=145057485.810668
actual=145057485.810668
diff=0.000000
diff=1
expected=40384173831.907867
actual=145057485.810668
diff=-2147483648.000000
diff=1
expected=37602340353.570290
actual=145057485.810668
diff=-2147483648.000000
diff=1
expected=43246944439.866318
actual=145057485.810668
diff=-2147483648.000000
diff=1
expected=44808887502.665932
actual=145057485.810668
diff=-2147483648.000000
diff=1
expected=145057485.810668
actual=145057485.810668
diff=0.000000
diff=1
expected=145057485.810668
actual=145057485.810668
diff=0.000000
diff=1
expected=15851638284.530546
actual=145057485.810668
diff=-2147483648.000000
diff=1
expected=42646182388.766846
actual=145057485.810668
diff=-2147483648.000000
diff=1
expected=44666135177.199257
actual=145057485.810668
diff=-2147483648.000000
diff=1
expected=44785518191.098228
actual=145057485.810668
diff=-2147483648.000000
diff=1
expected=44830053828.637604
actual=145057485.810668
diff=-2147483648.000000
diff=1
expected=44607612148.138161
actual=145057485.810668
diff=-2147483648.000000
diff=1
expected=145057485.810668
actual=145057485.810668
diff=0.000000
diff=1
WARNING: orio.module.loop.submodule.tile.transformation: tile size 128 must be greater than the stride value 128; tile index = jjj
