
WARNING: orio.module.loop.submodule.tile.transformation: tile size 2 must be greater than the stride value 2; tile index = jjj
expected=2.500000
actual=2.500000
diff=0.000000
diff=1
WARNING: orio.module.loop.submodule.tile.transformation: tile size 128 must be greater than the stride value 128; tile index = jjj
expected=2.499040
actual=2.500000
diff=0.000000
diff=1
expected=2.500000
actual=2.500000
diff=0.000000
diff=1
expected=2.499708
actual=2.500000
diff=0.000000
diff=1
expected=2.500000
actual=2.500000
diff=0.000000
diff=1
WARNING: orio.module.loop.submodule.tile.transformation: tile size 512 must be greater than the stride value 512; tile index = iii
expected=2.500000
actual=2.500000
diff=0.000000
diff=1
expected=2.500000
actual=2.500000
diff=0.000000
diff=1
expected=2.500000
actual=2.500000
diff=0.000000
diff=1
expected=2.500000
actual=2.500000
diff=0.000000
diff=1
expected=2.500000
actual=2.500000
diff=0.000000
diff=1
expected=2.498959
actual=2.500000
diff=0.000000
diff=1
expected=2.461189
actual=2.500000
diff=0.000000
diff=1
WARNING: orio.module.loop.submodule.tile.transformation: tile size 1024 must be greater than the stride value 1024; tile index = jjj
expected=2.447842
actual=2.500000
diff=0.000000
diff=1
expected=2.500000
actual=2.500000
diff=0.000000
diff=1
expected=2.481880
actual=2.500000
diff=0.000000
diff=1
expected=2.495657
actual=2.500000
diff=0.000000
diff=1
expected=2.500000
actual=2.500000
diff=0.000000
diff=1
expected=2.500000
actual=2.500000
diff=0.000000
diff=1
expected=2.492594
actual=2.500000
diff=0.000000
diff=1
expected=2.500000
actual=2.500000
diff=0.000000
diff=1
expected=2.500000
actual=2.500000
diff=0.000000
diff=1
WARNING: orio.module.loop.submodule.tile.transformation: tile size 2 must be greater than the stride value 2; tile index = iii
expected=2.500000
actual=2.500000
diff=0.000000
diff=1
expected=2.500000
actual=2.500000
diff=0.000000
diff=1
expected=2.496862
actual=2.500000
diff=0.000000
diff=1
WARNING: orio.module.loop.submodule.tile.transformation: tile size 4 must be greater than the stride value 4; tile index = jjj
expected=2.500000
actual=2.500000
diff=0.000000
diff=1
expected=2.500000
actual=2.500000
diff=0.000000
diff=1
expected=2.500000
actual=2.500000
diff=0.000000
diff=1
expected=2.500000
actual=2.500000
diff=0.000000
diff=1
expected=2.500000
actual=2.500000
diff=0.000000
diff=1
expected=2.500000
actual=2.500000
diff=0.000000
diff=1
expected=2.497007
actual=2.500000
diff=0.000000
diff=1
expected=2.500000
actual=2.500000
diff=0.000000
diff=1
expected=2.500000
actual=2.500000
diff=0.000000
diff=1
expected=2.473747
actual=2.500000
diff=0.000000
diff=1
expected=2.500000
actual=2.500000
diff=0.000000
diff=1
expected=2.498726
actual=2.500000
diff=0.000000
diff=1
expected=2.500000
actual=2.500000
diff=0.000000
diff=1
expected=2.499357
actual=2.500000
diff=0.000000
diff=1
expected=2.498437
actual=2.500000
diff=0.000000
diff=1
expected=2.500000
actual=2.500000
diff=0.000000
diff=1
expected=2.499805
actual=2.500000
diff=0.000000
diff=1
expected=2.500000
actual=2.500000
diff=0.000000
diff=1
expected=2.500000
actual=2.500000
diff=0.000000
diff=1
expected=2.500000
actual=2.500000
diff=0.000000
diff=1
expected=2.499478
actual=2.500000
diff=0.000000
diff=1
WARNING: orio.module.loop.submodule.tile.transformation: tile size 4 must be greater than the stride value 4; tile index = jjj
expected=2.500000
actual=2.500000
diff=0.000000
diff=1
expected=2.490320
actual=2.500000
diff=0.000000
diff=1
expected=2.500000
actual=2.500000
diff=0.000000
diff=1
expected=2.500000
actual=2.500000
diff=0.000000
diff=1
WARNING: orio.module.loop.submodule.tile.transformation: tile size 256 must be greater than the stride value 256; tile index = jjj
expected=2.500000
actual=2.500000
diff=0.000000
diff=1
expected=2.487723
actual=2.500000
diff=0.000000
diff=1
expected=2.499119
actual=2.500000
diff=0.000000
diff=1
expected=2.500000
actual=2.500000
diff=0.000000
diff=1
expected=2.500000
actual=2.500000
diff=0.000000
diff=1
expected=2.500000
actual=2.500000
diff=0.000000
diff=1
expected=2.498459
actual=2.500000
diff=0.000000
diff=1
WARNING: orio.module.loop.submodule.tile.transformation: tile size 8 must be greater than the stride value 8; tile index = iii
WARNING: orio.module.loop.submodule.tile.transformation: tile size 4 must be greater than the stride value 4; tile index = jjj
expected=2.500000
actual=2.500000
diff=0.000000
diff=1
expected=2.500000
actual=2.500000
diff=0.000000
diff=1
expected=2.500000
actual=2.500000
diff=0.000000
diff=1
expected=2.479620
actual=2.500000
diff=0.000000
diff=1
expected=2.500000
actual=2.500000
diff=0.000000
diff=1
expected=2.500000
actual=2.500000
diff=0.000000
diff=1
expected=2.500000
actual=2.500000
diff=0.000000
diff=1
expected=2.500000
actual=2.500000
diff=0.000000
diff=1
expected=2.500000
actual=2.500000
diff=0.000000
diff=1
WARNING: orio.module.loop.submodule.tile.transformation: tile size 128 must be greater than the stride value 128; tile index = iii
expected=2.500000
actual=2.500000
diff=0.000000
diff=1
expected=2.500000
actual=2.500000
diff=0.000000
diff=1
expected=2.500000
actual=2.500000
diff=0.000000
diff=1
expected=2.500000
actual=2.500000
diff=0.000000
diff=1
expected=2.500000
actual=2.500000
diff=0.000000
diff=1
expected=2.498771
actual=2.500000
diff=0.000000
diff=1
expected=2.498870
actual=2.500000
diff=0.000000
diff=1
expected=2.500000
actual=2.500000
diff=0.000000
diff=1
expected=2.500000
actual=2.500000
diff=0.000000
diff=1
expected=2.500000
actual=2.500000
diff=0.000000
diff=1
expected=2.500000
actual=2.500000
diff=0.000000
diff=1
WARNING: orio.module.loop.submodule.tile.transformation: tile size 8 must be greater than the stride value 8; tile index = iii
expected=2.500000
actual=2.500000
diff=0.000000
diff=1
expected=2.500000
actual=2.500000
diff=0.000000
diff=1
WARNING: orio.module.loop.submodule.tile.transformation: tile size 256 must be greater than the stride value 256; tile index = jjj
expected=2.499533
actual=2.500000
diff=0.000000
diff=1
expected=2.498625
actual=2.500000
diff=0.000000
diff=1
WARNING: orio.module.loop.submodule.tile.transformation: tile size 16 must be greater than the stride value 16; tile index = jjj
expected=2.500000
actual=2.500000
diff=0.000000
diff=1
WARNING: orio.module.loop.submodule.tile.transformation: tile size 2 must be greater than the stride value 2; tile index = jjj
expected=2.495938
actual=2.500000
diff=0.000000
diff=1
expected=2.500000
actual=2.500000
diff=0.000000
diff=1
expected=2.500000
actual=2.500000
diff=0.000000
diff=1
expected=2.500000
actual=2.500000
diff=0.000000
diff=1
expected=2.500000
actual=2.500000
diff=0.000000
diff=1
expected=2.500000
actual=2.500000
diff=0.000000
diff=1
expected=2.500000
actual=2.500000
diff=0.000000
diff=1
expected=4.999520
actual=2.500000
diff=2.000000
diff=0
[00;31mERROR: orio.main.tuner.ptest_driver: failed to execute the test code: "timeout --kill-after=30s --signal=9 20m  ./__orio_perftest89.exe  "
 --> CalledProcessError: Command 'timeout --kill-after=30s --signal=9 20m  ./__orio_perftest89.exe  ' returned non-zero exit status 1[00m
[00;31mERROR: orio.main.tuner.ptest_driver:  performance testing failed: "timeout --kill-after=30s --signal=9 20m  ./__orio_perftest89.exe  "[00m
WARNING: orio.module.loop.submodule.tile.transformation: tile size 2 must be greater than the stride value 2; tile index = jjj
expected=2.498306
actual=2.500000
diff=0.000000
diff=1
expected=2.496978
actual=2.500000
diff=0.000000
diff=1
expected=2.500000
actual=2.500000
diff=0.000000
diff=1
expected=2.487205
actual=2.500000
diff=0.000000
diff=1
expected=2.496689
actual=2.500000
diff=0.000000
diff=1
WARNING: orio.module.loop.submodule.tile.transformation: tile size 256 must be greater than the stride value 256; tile index = jjj
expected=2.500000
actual=2.500000
diff=0.000000
diff=1
expected=2.499707
actual=2.500000
diff=0.000000
diff=1
WARNING: orio.module.loop.submodule.tile.transformation: tile size 64 must be greater than the stride value 64; tile index = iii
expected=2.499410
actual=2.500000
diff=0.000000
diff=1
expected=2.499388
actual=2.500000
diff=0.000000
diff=1
expected=2.500000
actual=2.500000
diff=0.000000
diff=1
expected=2.498777
actual=2.500000
diff=0.000000
diff=1
expected=2.499485
actual=2.500000
diff=0.000000
diff=1
WARNING: orio.module.loop.submodule.tile.transformation: tile size 64 must be greater than the stride value 64; tile index = jjj
expected=2.491863
actual=2.500000
diff=0.000000
diff=1
expected=2.500000
actual=2.500000
diff=0.000000
diff=1
expected=2.497676
actual=2.500000
diff=0.000000
diff=1
expected=2.497579
actual=2.500000
diff=0.000000
diff=1
expected=2.500000
actual=2.500000
diff=0.000000
diff=1
expected=2.499333
actual=2.500000
diff=0.000000
diff=1
expected=2.500000
actual=2.500000
diff=0.000000
diff=1
WARNING: orio.module.loop.submodule.tile.transformation: tile size 256 must be greater than the stride value 256; tile index = iii
expected=2.500000
actual=2.500000
diff=0.000000
diff=1
expected=2.500000
actual=2.500000
diff=0.000000
diff=1
expected=2.499349
actual=2.500000
diff=0.000000
diff=1
WARNING: orio.module.loop.submodule.tile.transformation: tile size 512 must be greater than the stride value 512; tile index = iii
expected=2.500000
actual=2.500000
diff=0.000000
diff=1
expected=2.500000
actual=2.500000
diff=0.000000
diff=1
expected=2.500000
actual=2.500000
diff=0.000000
diff=1
expected=2.500000
actual=2.500000
diff=0.000000
diff=1
WARNING: orio.module.loop.submodule.tile.transformation: tile size 4 must be greater than the stride value 4; tile index = iii
expected=2.500000
actual=2.500000
diff=0.000000
diff=1
expected=2.498968
actual=2.500000
diff=0.000000
diff=1
expected=2.500000
actual=2.500000
diff=0.000000
diff=1
WARNING: orio.module.loop.submodule.tile.transformation: tile size 128 must be greater than the stride value 128; tile index = jjj
expected=2.500000
actual=2.500000
diff=0.000000
diff=1
expected=2.500000
actual=2.500000
diff=0.000000
diff=1
expected=2.473690
actual=2.500000
diff=0.000000
diff=1
expected=2.492857
actual=2.500000
diff=0.000000
diff=1
expected=2.500000
actual=2.500000
diff=0.000000
diff=1
expected=2.500000
actual=2.500000
diff=0.000000
diff=1
expected=2.475075
actual=2.500000
diff=0.000000
diff=1
expected=2.499107
actual=2.500000
diff=0.000000
diff=1
expected=2.498777
actual=2.500000
diff=0.000000
diff=1
expected=2.499784
actual=2.500000
diff=0.000000
diff=1
expected=2.500000
actual=2.500000
diff=0.000000
diff=1
expected=2.500000
actual=2.500000
diff=0.000000
diff=1
expected=2.481301
actual=2.500000
diff=0.000000
diff=1
expected=2.500000
actual=2.500000
diff=0.000000
diff=1
expected=2.500000
actual=2.500000
diff=0.000000
diff=1
WARNING: orio.module.loop.submodule.tile.transformation: tile size 1024 must be greater than the stride value 1024; tile index = iii
expected=2.500000
actual=2.500000
diff=0.000000
diff=1
expected=2.500000
actual=2.500000
diff=0.000000
diff=1
expected=2.499540
actual=2.500000
diff=0.000000
diff=1
expected=2.500000
actual=2.500000
diff=0.000000
diff=1
expected=2.499532
actual=2.500000
diff=0.000000
diff=1
WARNING: orio.module.loop.submodule.tile.transformation: tile size 128 must be greater than the stride value 128; tile index = iii
expected=2.498641
actual=2.500000
diff=0.000000
diff=1
expected=2.499676
actual=2.500000
diff=0.000000
diff=1
expected=2.499125
actual=2.500000
diff=0.000000
diff=1
expected=2.500000
actual=2.500000
diff=0.000000
diff=1
expected=2.498744
actual=2.500000
diff=0.000000
diff=1
expected=2.500000
actual=2.500000
diff=0.000000
diff=1
expected=2.499003
actual=2.500000
diff=0.000000
diff=1
expected=2.500000
actual=2.500000
diff=0.000000
diff=1
expected=2.500000
actual=2.500000
diff=0.000000
diff=1
expected=2.494920
actual=2.500000
diff=0.000000
diff=1
expected=2.500000
actual=2.500000
diff=0.000000
diff=1
expected=2.500000
actual=2.500000
diff=0.000000
diff=1
expected=2.500000
actual=2.500000
diff=0.000000
diff=1
WARNING: orio.module.loop.submodule.tile.transformation: tile size 64 must be greater than the stride value 64; tile index = iii
expected=2.499123
actual=2.500000
diff=0.000000
diff=1
WARNING: orio.module.loop.submodule.tile.transformation: tile size 2 must be greater than the stride value 2; tile index = iii
expected=2.500000
actual=2.500000
diff=0.000000
diff=1
expected=2.500000
actual=2.500000
diff=0.000000
diff=1
expected=2.496512
actual=2.500000
diff=0.000000
diff=1
expected=2.487669
actual=2.500000
diff=0.000000
diff=1
WARNING: orio.module.loop.submodule.tile.transformation: tile size 512 must be greater than the stride value 512; tile index = jjj
expected=2.496825
actual=2.500000
diff=0.000000
diff=1
WARNING: orio.module.loop.submodule.tile.transformation: tile size 256 must be greater than the stride value 256; tile index = iii
expected=2.500000
actual=2.500000
diff=0.000000
diff=1
WARNING: orio.module.loop.submodule.tile.transformation: tile size 2 must be greater than the stride value 2; tile index = iii
WARNING: orio.module.loop.submodule.tile.transformation: tile size 1024 must be greater than the stride value 1024; tile index = jjj
expected=2.500000
actual=2.500000
diff=0.000000
diff=1
expected=2.500000
actual=2.500000
diff=0.000000
diff=1
expected=2.500000
actual=2.500000
diff=0.000000
diff=1
expected=2.500000
actual=2.500000
diff=0.000000
diff=1
WARNING: orio.module.loop.submodule.tile.transformation: tile size 512 must be greater than the stride value 512; tile index = iii
expected=2.500000
actual=2.500000
diff=0.000000
diff=1
expected=2.499428
actual=2.500000
diff=0.000000
diff=1
WARNING: orio.module.loop.submodule.tile.transformation: tile size 4 must be greater than the stride value 4; tile index = iii
WARNING: orio.module.loop.submodule.tile.transformation: tile size 128 must be greater than the stride value 128; tile index = jjj
expected=2.482802
actual=2.500000
diff=0.000000
diff=1
expected=2.498961
actual=2.500000
diff=0.000000
diff=1
expected=2.500000
actual=2.500000
diff=0.000000
diff=1
WARNING: orio.module.loop.submodule.tile.transformation: tile size 1024 must be greater than the stride value 1024; tile index = jjj
expected=2.498559
actual=2.500000
diff=0.000000
diff=1
expected=2.495060
actual=2.500000
diff=0.000000
diff=1
expected=2.500000
actual=2.500000
diff=0.000000
diff=1
expected=2.499333
actual=2.500000
diff=0.000000
diff=1
WARNING: orio.module.loop.submodule.tile.transformation: tile size 2 must be greater than the stride value 2; tile index = jjj
expected=2.500000
actual=2.500000
diff=0.000000
diff=1
WARNING: orio.module.loop.submodule.tile.transformation: tile size 4 must be greater than the stride value 4; tile index = iii
expected=2.499723
actual=2.500000
diff=0.000000
diff=1
expected=2.500000
actual=2.500000
diff=0.000000
diff=1
expected=2.500000
actual=2.500000
diff=0.000000
diff=1
expected=2.500000
actual=2.500000
diff=0.000000
diff=1
expected=2.500000
actual=2.500000
diff=0.000000
diff=1
WARNING: orio.module.loop.submodule.tile.transformation: tile size 1024 must be greater than the stride value 1024; tile index = iii
expected=2.498303
actual=2.500000
diff=0.000000
diff=1
WARNING: orio.module.loop.submodule.tile.transformation: tile size 256 must be greater than the stride value 256; tile index = iii
expected=2.500000
actual=2.500000
diff=0.000000
diff=1
expected=2.500000
actual=2.500000
diff=0.000000
diff=1
expected=2.493084
actual=2.500000
diff=0.000000
diff=1
expected=2.499273
actual=2.500000
diff=0.000000
diff=1
expected=2.500000
actual=2.500000
diff=0.000000
diff=1
expected=2.499102
actual=2.500000
diff=0.000000
diff=1
expected=2.499283
actual=2.500000
diff=0.000000
diff=1
expected=2.500000
actual=2.500000
diff=0.000000
diff=1
WARNING: orio.module.loop.submodule.tile.transformation: tile size 64 must be greater than the stride value 64; tile index = jjj
expected=2.500000
actual=2.500000
diff=0.000000
diff=1
WARNING: orio.module.loop.submodule.tile.transformation: tile size 128 must be greater than the stride value 128; tile index = jjj
expected=2.500000
actual=2.500000
diff=0.000000
diff=1
expected=2.499220
actual=2.500000
diff=0.000000
diff=1
expected=2.500000
actual=2.500000
diff=0.000000
diff=1
expected=2.485133
actual=2.500000
diff=0.000000
diff=1
expected=2.500000
actual=2.500000
diff=0.000000
diff=1
expected=2.498246
actual=2.500000
diff=0.000000
diff=1
WARNING: orio.module.loop.submodule.tile.transformation: tile size 2 must be greater than the stride value 2; tile index = iii
expected=2.500000
actual=2.500000
diff=0.000000
diff=1
expected=2.479238
actual=2.500000
diff=0.000000
diff=1
expected=2.500000
actual=2.500000
diff=0.000000
diff=1
expected=2.497797
actual=2.500000
diff=0.000000
diff=1
expected=2.500000
actual=2.500000
diff=0.000000
diff=1
WARNING: orio.module.loop.submodule.tile.transformation: tile size 256 must be greater than the stride value 256; tile index = iii
expected=2.500000
actual=2.500000
diff=0.000000
diff=1
expected=2.498297
actual=2.500000
diff=0.000000
diff=1
expected=2.500000
actual=2.500000
diff=0.000000
diff=1
expected=2.500000
actual=2.500000
diff=0.000000
diff=1
expected=2.500000
actual=2.500000
diff=0.000000
diff=1
expected=2.500000
actual=2.500000
diff=0.000000
diff=1
expected=2.500000
actual=2.500000
diff=0.000000
diff=1
expected=2.499582
actual=2.500000
diff=0.000000
diff=1
WARNING: orio.module.loop.submodule.tile.transformation: tile size 8 must be greater than the stride value 8; tile index = iii
expected=2.500000
actual=2.500000
diff=0.000000
diff=1
WARNING: orio.module.loop.submodule.tile.transformation: tile size 4 must be greater than the stride value 4; tile index = jjj
expected=2.500000
actual=2.500000
diff=0.000000
diff=1
WARNING: orio.module.loop.submodule.tile.transformation: tile size 512 must be greater than the stride value 512; tile index = jjj
expected=2.500000
actual=2.500000
diff=0.000000
diff=1
expected=2.500000
actual=2.500000
diff=0.000000
diff=1
WARNING: orio.module.loop.submodule.tile.transformation: tile size 128 must be greater than the stride value 128; tile index = iii
expected=2.500000
actual=2.500000
diff=0.000000
diff=1
expected=2.495877
actual=2.500000
diff=0.000000
diff=1
WARNING: orio.module.loop.submodule.tile.transformation: tile size 8 must be greater than the stride value 8; tile index = jjj
expected=2.500000
actual=2.500000
diff=0.000000
diff=1
WARNING: orio.module.loop.submodule.tile.transformation: tile size 256 must be greater than the stride value 256; tile index = jjj
expected=2.497157
actual=2.500000
diff=0.000000
diff=1
WARNING: orio.module.loop.submodule.tile.transformation: tile size 2048 must be greater than the stride value 2048; tile index = jjj
expected=2.500000
actual=2.500000
diff=0.000000
diff=1
WARNING: orio.module.loop.submodule.tile.transformation: tile size 4 must be greater than the stride value 4; tile index = jjj
expected=2.500000
actual=2.500000
diff=0.000000
diff=1
expected=2.499062
actual=2.500000
diff=0.000000
diff=1
expected=2.499495
actual=2.500000
diff=0.000000
diff=1
expected=2.500000
actual=2.500000
diff=0.000000
diff=1
WARNING: orio.module.loop.submodule.tile.transformation: tile size 64 must be greater than the stride value 64; tile index = iii
expected=2.500000
actual=2.500000
diff=0.000000
diff=1
expected=2.500000
actual=2.500000
diff=0.000000
diff=1
expected=2.500000
actual=2.500000
diff=0.000000
diff=1
WARNING: orio.module.loop.submodule.tile.transformation: tile size 32 must be greater than the stride value 32; tile index = iii
expected=2.500000
actual=2.500000
diff=0.000000
diff=1
WARNING: orio.module.loop.submodule.tile.transformation: tile size 1024 must be greater than the stride value 1024; tile index = iii
expected=2.500000
actual=2.500000
diff=0.000000
diff=1
WARNING: orio.module.loop.submodule.tile.transformation: tile size 4 must be greater than the stride value 4; tile index = jjj
expected=2.500000
actual=2.500000
diff=0.000000
diff=1
expected=2.500000
actual=2.500000
diff=0.000000
diff=1
expected=2.500000
actual=2.500000
diff=0.000000
diff=1
expected=2.497825
actual=2.500000
diff=0.000000
diff=1
expected=2.500000
actual=2.500000
diff=0.000000
diff=1
expected=2.499969
actual=2.500000
diff=0.000000
diff=1
expected=2.498038
actual=2.500000
diff=0.000000
diff=1
expected=2.500000
actual=2.500000
diff=0.000000
diff=1
expected=2.500000
actual=2.500000
diff=0.000000
diff=1
expected=2.500000
actual=2.500000
diff=0.000000
diff=1
expected=2.497810
actual=2.500000
diff=0.000000
diff=1
expected=2.500000
actual=2.500000
diff=0.000000
diff=1
expected=2.499871
actual=2.500000
diff=0.000000
diff=1
expected=2.500000
actual=2.500000
diff=0.000000
diff=1
expected=2.500000
actual=2.500000
diff=0.000000
diff=1
WARNING: orio.module.loop.submodule.tile.transformation: tile size 128 must be greater than the stride value 128; tile index = iii
expected=2.500000
actual=2.500000
diff=0.000000
diff=1
expected=2.500000
actual=2.500000
diff=0.000000
diff=1
expected=2.500000
actual=2.500000
diff=0.000000
diff=1
WARNING: orio.module.loop.submodule.tile.transformation: tile size 512 must be greater than the stride value 512; tile index = iii
expected=2.494754
actual=2.500000
diff=0.000000
diff=1
expected=2.494551
actual=2.500000
diff=0.000000
diff=1
WARNING: orio.module.loop.submodule.tile.transformation: tile size 1024 must be greater than the stride value 1024; tile index = jjj
expected=2.486864
actual=2.500000
diff=0.000000
diff=1
WARNING: orio.module.loop.submodule.tile.transformation: tile size 128 must be greater than the stride value 128; tile index = jjj
expected=2.498940
actual=2.500000
diff=0.000000
diff=1
WARNING: orio.module.loop.submodule.tile.transformation: tile size 128 must be greater than the stride value 128; tile index = jjj
expected=2.499474
actual=2.500000
diff=0.000000
diff=1
expected=2.498733
actual=2.500000
diff=0.000000
diff=1
WARNING: orio.module.loop.submodule.tile.transformation: tile size 512 must be greater than the stride value 512; tile index = jjj
expected=2.499847
actual=2.500000
diff=0.000000
diff=1
expected=2.500000
actual=2.500000
diff=0.000000
diff=1
expected=2.471976
actual=2.500000
diff=0.000000
diff=1
expected=2.500000
actual=2.500000
diff=0.000000
diff=1
WARNING: orio.module.loop.submodule.tile.transformation: tile size 8 must be greater than the stride value 8; tile index = iii
expected=2.485787
actual=2.500000
diff=0.000000
diff=1
expected=2.500000
actual=2.500000
diff=0.000000
diff=1
expected=2.500000
actual=2.500000
diff=0.000000
diff=1
expected=2.500000
actual=2.500000
diff=0.000000
diff=1
expected=2.499552
actual=2.500000
diff=0.000000
diff=1
expected=2.500000
actual=2.500000
diff=0.000000
diff=1
WARNING: orio.module.loop.submodule.tile.transformation: tile size 512 must be greater than the stride value 512; tile index = iii
expected=2.500000
actual=2.500000
diff=0.000000
diff=1
WARNING: orio.module.loop.submodule.tile.transformation: tile size 128 must be greater than the stride value 128; tile index = jjj
expected=2.500000
actual=2.500000
diff=0.000000
diff=1
expected=2.500000
actual=2.500000
diff=0.000000
diff=1
expected=2.500000
actual=2.500000
diff=0.000000
diff=1
WARNING: orio.module.loop.submodule.tile.transformation: tile size 512 must be greater than the stride value 512; tile index = jjj
expected=2.499273
actual=2.500000
diff=0.000000
diff=1
WARNING: orio.module.loop.submodule.tile.transformation: tile size 2 must be greater than the stride value 2; tile index = iii
expected=2.500000
actual=2.500000
diff=0.000000
diff=1
expected=2.499571
actual=2.500000
diff=0.000000
diff=1
expected=2.493858
actual=2.500000
diff=0.000000
diff=1
expected=2.489908
actual=2.500000
diff=0.000000
diff=1
WARNING: orio.module.loop.submodule.tile.transformation: tile size 8 must be greater than the stride value 8; tile index = jjj
expected=2.500000
actual=2.500000
diff=0.000000
diff=1
WARNING: orio.module.loop.submodule.tile.transformation: tile size 16 must be greater than the stride value 16; tile index = iii
expected=2.488571
actual=2.500000
diff=0.000000
diff=1
expected=2.500000
actual=2.500000
diff=0.000000
diff=1
expected=2.497094
actual=2.500000
diff=0.000000
diff=1
WARNING: orio.module.loop.submodule.tile.transformation: tile size 2048 must be greater than the stride value 2048; tile index = iii
expected=2.490023
actual=2.500000
diff=0.000000
diff=1
expected=2.500000
actual=2.500000
diff=0.000000
diff=1
expected=2.491429
actual=2.500000
diff=0.000000
diff=1
expected=2.500000
actual=2.500000
diff=0.000000
diff=1
expected=2.467800
actual=2.500000
diff=0.000000
diff=1
expected=2.498657
actual=2.500000
diff=0.000000
diff=1
WARNING: orio.module.loop.submodule.tile.transformation: tile size 2 must be greater than the stride value 2; tile index = iii
expected=2.495111
actual=2.500000
diff=0.000000
diff=1
expected=2.499158
actual=2.500000
diff=0.000000
diff=1
expected=2.498037
actual=2.500000
diff=0.000000
diff=1
expected=2.499117
actual=2.500000
diff=0.000000
diff=1
expected=2.500000
actual=2.500000
diff=0.000000
diff=1
expected=2.500000
actual=2.500000
diff=0.000000
diff=1
WARNING: orio.module.loop.submodule.tile.transformation: tile size 128 must be greater than the stride value 128; tile index = jjj
expected=2.500000
actual=2.500000
diff=0.000000
diff=1
WARNING: orio.module.loop.submodule.tile.transformation: tile size 4 must be greater than the stride value 4; tile index = iii
expected=2.500000
actual=2.500000
diff=0.000000
diff=1
expected=2.494701
actual=2.500000
diff=0.000000
diff=1
expected=2.500000
actual=2.500000
diff=0.000000
diff=1
expected=2.499045
actual=2.500000
diff=0.000000
diff=1
WARNING: orio.module.loop.submodule.tile.transformation: tile size 64 must be greater than the stride value 64; tile index = iii
expected=2.500000
actual=2.500000
diff=0.000000
diff=1
expected=2.499889
actual=2.500000
diff=0.000000
diff=1
expected=2.499822
actual=2.500000
diff=0.000000
diff=1
expected=2.499753
actual=2.500000
diff=0.000000
diff=1
expected=2.500000
actual=2.500000
diff=0.000000
diff=1
expected=2.499063
actual=2.500000
diff=0.000000
diff=1
expected=2.500000
actual=2.500000
diff=0.000000
diff=1
expected=2.500000
actual=2.500000
diff=0.000000
diff=1
WARNING: orio.module.loop.submodule.tile.transformation: tile size 64 must be greater than the stride value 64; tile index = iii
expected=2.500000
actual=2.500000
diff=0.000000
diff=1
WARNING: orio.module.loop.submodule.tile.transformation: tile size 8 must be greater than the stride value 8; tile index = jjj
expected=2.500000
actual=2.500000
diff=0.000000
diff=1
expected=2.485396
actual=2.500000
diff=0.000000
diff=1
expected=2.499702
actual=2.500000
diff=0.000000
diff=1
expected=2.500000
actual=2.500000
diff=0.000000
diff=1
