
expected=35365613106853966374188386084230371547080230546693629023709483237376.000000
actual=35365613106853966374188386084230371547080230546693629023709483237376.000000
diff=0.000000
diff=1
WARNING: orio.module.loop.submodule.tile.transformation: tile size 2 must be greater than the stride value 2; tile index = iii
expected=35365613106853966374188386084230371547080230546693629023709483237376.000000
actual=35365613106853966374188386084230371547080230546693629023709483237376.000000
diff=0.000000
diff=1
WARNING: orio.module.loop.submodule.tile.transformation: tile size 128 must be greater than the stride value 128; tile index = jjj
WARNING: orio.module.loop.submodule.tile.transformation: tile size 4 must be greater than the stride value 4; tile index = kkk
WARNING: orio.module.loop.submodule.tile.transformation: tile size 32 must be greater than the stride value 32; tile index = kkk
expected=35365613106853966374188386084230371547080230546693629023709483237376.000000
actual=35365613106853966374188386084230371547080230546693629023709483237376.000000
diff=0.000000
diff=1
expected=35365613106853966374188386084230371547080230546693629023709483237376.000000
actual=35365613106853966374188386084230371547080230546693629023709483237376.000000
diff=0.000000
diff=1
WARNING: orio.module.loop.submodule.tile.transformation: tile size 16 must be greater than the stride value 16; tile index = jjj
expected=35365613106853966374188386084230371547080230546693629023709483237376.000000
actual=35365613106853966374188386084230371547080230546693629023709483237376.000000
diff=0.000000
diff=1
expected=35365613106853966374188386084230371547080230546693629023709483237376.000000
actual=35365613106853966374188386084230371547080230546693629023709483237376.000000
diff=0.000000
diff=1
WARNING: orio.module.loop.submodule.tile.transformation: tile size 16 must be greater than the stride value 16; tile index = iii
WARNING: orio.module.loop.submodule.tile.transformation: tile size 8 must be greater than the stride value 8; tile index = kkk
expected=35365613106853966374188386084230371547080230546693629023709483237376.000000
actual=35365613106853966374188386084230371547080230546693629023709483237376.000000
diff=0.000000
diff=1
WARNING: orio.module.loop.submodule.tile.transformation: tile size 64 must be greater than the stride value 64; tile index = iii
expected=35365613106853966374188386084230371547080230546693629023709483237376.000000
actual=35365613106853966374188386084230371547080230546693629023709483237376.000000
diff=0.000000
diff=1
expected=35365613106853966374188386084230371547080230546693629023709483237376.000000
actual=35365613106853966374188386084230371547080230546693629023709483237376.000000
diff=0.000000
diff=1
WARNING: orio.module.loop.submodule.tile.transformation: tile size 16 must be greater than the stride value 16; tile index = jjj
expected=35365613106853966374188386084230371547080230546693629023709483237376.000000
actual=35365613106853966374188386084230371547080230546693629023709483237376.000000
diff=0.000000
diff=1
WARNING: orio.module.loop.submodule.tile.transformation: tile size 512 must be greater than the stride value 512; tile index = iii
expected=35365613106853966374188386084230371547080230546693629023709483237376.000000
actual=35365613106853966374188386084230371547080230546693629023709483237376.000000
diff=0.000000
diff=1
expected=35365613106853966374188386084230371547080230546693629023709483237376.000000
actual=35365613106853966374188386084230371547080230546693629023709483237376.000000
diff=0.000000
diff=1
WARNING: orio.module.loop.submodule.tile.transformation: tile size 1024 must be greater than the stride value 1024; tile index = kkk
WARNING: orio.module.loop.submodule.tile.transformation: tile size 2048 must be greater than the stride value 2048; tile index = iii
expected=35365613106853966374188386084230371547080230546693629023709483237376.000000
actual=35365613106853966374188386084230371547080230546693629023709483237376.000000
diff=0.000000
diff=1
WARNING: orio.module.loop.submodule.tile.transformation: tile size 64 must be greater than the stride value 64; tile index = jjj
WARNING: orio.module.loop.submodule.tile.transformation: tile size 512 must be greater than the stride value 512; tile index = kkk
expected=35365613106853966374188386084230371547080230546693629023709483237376.000000
actual=35365613106853966374188386084230371547080230546693629023709483237376.000000
diff=0.000000
diff=1
WARNING: orio.module.loop.submodule.tile.transformation: tile size 512 must be greater than the stride value 512; tile index = iii
WARNING: orio.module.loop.submodule.tile.transformation: tile size 2 must be greater than the stride value 2; tile index = jjj
WARNING: orio.module.loop.submodule.tile.transformation: tile size 128 must be greater than the stride value 128; tile index = jjj
expected=35365613106853966374188386084230371547080230546693629023709483237376.000000
actual=35365613106853966374188386084230371547080230546693629023709483237376.000000
diff=0.000000
diff=1
WARNING: orio.module.loop.submodule.tile.transformation: tile size 64 must be greater than the stride value 64; tile index = kkk
expected=35365613106853966374188386084230371547080230546693629023709483237376.000000
actual=35365613106853966374188386084230371547080230546693629023709483237376.000000
diff=0.000000
diff=1
WARNING: orio.module.loop.submodule.tile.transformation: tile size 1024 must be greater than the stride value 1024; tile index = iii
WARNING: orio.module.loop.submodule.tile.transformation: tile size 16 must be greater than the stride value 16; tile index = jjj
expected=35365613106853966374188386084230371547080230546693629023709483237376.000000
actual=35365613106853966374188386084230371547080230546693629023709483237376.000000
diff=0.000000
diff=1
expected=35365613106853966374188386084230371547080230546693629023709483237376.000000
actual=35365613106853966374188386084230371547080230546693629023709483237376.000000
diff=0.000000
diff=1
WARNING: orio.module.loop.submodule.tile.transformation: tile size 32 must be greater than the stride value 32; tile index = iii
expected=35365613106853966374188386084230371547080230546693629023709483237376.000000
actual=35365613106853966374188386084230371547080230546693629023709483237376.000000
diff=0.000000
diff=1
expected=35365613106853966374188386084230371547080230546693629023709483237376.000000
actual=35365613106853966374188386084230371547080230546693629023709483237376.000000
diff=0.000000
diff=1
WARNING: orio.module.loop.submodule.tile.transformation: tile size 4 must be greater than the stride value 4; tile index = iii
WARNING: orio.module.loop.submodule.tile.transformation: tile size 2048 must be greater than the stride value 2048; tile index = kkk
expected=35365613106853966374188386084230371547080230546693629023709483237376.000000
actual=35365613106853966374188386084230371547080230546693629023709483237376.000000
diff=0.000000
diff=1
WARNING: orio.module.loop.submodule.tile.transformation: tile size 64 must be greater than the stride value 64; tile index = jjj
WARNING: orio.module.loop.submodule.tile.transformation: tile size 512 must be greater than the stride value 512; tile index = kkk
expected=35365613106853966374188386084230371547080230546693629023709483237376.000000
actual=35365613106853966374188386084230371547080230546693629023709483237376.000000
diff=0.000000
diff=1
expected=35365613106853966374188386084230371547080230546693629023709483237376.000000
actual=35365613106853966374188386084230371547080230546693629023709483237376.000000
diff=0.000000
diff=1
WARNING: orio.module.loop.submodule.tile.transformation: tile size 64 must be greater than the stride value 64; tile index = kkk
expected=35365613106853966374188386084230371547080230546693629023709483237376.000000
actual=35365613106853966374188386084230371547080230546693629023709483237376.000000
diff=0.000000
diff=1
expected=35365613106853966374188386084230371547080230546693629023709483237376.000000
actual=35365613106853966374188386084230371547080230546693629023709483237376.000000
diff=0.000000
diff=1
WARNING: orio.module.loop.submodule.tile.transformation: tile size 2 must be greater than the stride value 2; tile index = iii
expected=35365613106853966374188386084230371547080230546693629023709483237376.000000
actual=35365613106853966374188386084230371547080230546693629023709483237376.000000
diff=0.000000
diff=1
WARNING: orio.module.loop.submodule.tile.transformation: tile size 32 must be greater than the stride value 32; tile index = iii
WARNING: orio.module.loop.submodule.tile.transformation: tile size 128 must be greater than the stride value 128; tile index = iii
WARNING: orio.module.loop.submodule.tile.transformation: tile size 128 must be greater than the stride value 128; tile index = jjj
expected=35365613106853966374188386084230371547080230546693629023709483237376.000000
actual=35365613106853966374188386084230371547080230546693629023709483237376.000000
diff=0.000000
diff=1
WARNING: orio.module.loop.submodule.tile.transformation: tile size 256 must be greater than the stride value 256; tile index = iii
expected=35365613106853966374188386084230371547080230546693629023709483237376.000000
actual=35365613106853966374188386084230371547080230546693629023709483237376.000000
diff=0.000000
diff=1
expected=35365613106853966374188386084230371547080230546693629023709483237376.000000
actual=35365613106853966374188386084230371547080230546693629023709483237376.000000
diff=0.000000
diff=1
WARNING: orio.module.loop.submodule.tile.transformation: tile size 4 must be greater than the stride value 4; tile index = jjj
expected=35365613106853966374188386084230371547080230546693629023709483237376.000000
actual=35365613106853966374188386084230371547080230546693629023709483237376.000000
diff=0.000000
diff=1
WARNING: orio.module.loop.submodule.tile.transformation: tile size 256 must be greater than the stride value 256; tile index = iii
WARNING: orio.module.loop.submodule.tile.transformation: tile size 512 must be greater than the stride value 512; tile index = jjj
WARNING: orio.module.loop.submodule.tile.transformation: tile size 512 must be greater than the stride value 512; tile index = jjj
expected=35365613106853966374188386084230371547080230546693629023709483237376.000000
actual=35365613106853966374188386084230371547080230546693629023709483237376.000000
diff=0.000000
diff=1
WARNING: orio.module.loop.submodule.tile.transformation: tile size 1024 must be greater than the stride value 1024; tile index = kkk
expected=35365613106853966374188386084230371547080230546693629023709483237376.000000
actual=35365613106853966374188386084230371547080230546693629023709483237376.000000
diff=0.000000
diff=1
WARNING: orio.module.loop.submodule.tile.transformation: tile size 2048 must be greater than the stride value 2048; tile index = kkk
expected=35365613106853966374188386084230371547080230546693629023709483237376.000000
actual=35365613106853966374188386084230371547080230546693629023709483237376.000000
diff=0.000000
diff=1
WARNING: orio.module.loop.submodule.tile.transformation: tile size 128 must be greater than the stride value 128; tile index = jjj
expected=35365613106853966374188386084230371547080230546693629023709483237376.000000
actual=35365613106853966374188386084230371547080230546693629023709483237376.000000
diff=0.000000
diff=1
expected=35365613106853966374188386084230371547080230546693629023709483237376.000000
actual=35365613106853966374188386084230371547080230546693629023709483237376.000000
diff=0.000000
diff=1
expected=35365613106853966374188386084230371547080230546693629023709483237376.000000
actual=35365613106853966374188386084230371547080230546693629023709483237376.000000
diff=0.000000
diff=1
expected=35365613106853966374188386084230371547080230546693629023709483237376.000000
actual=35365613106853966374188386084230371547080230546693629023709483237376.000000
diff=0.000000
diff=1
expected=35365613106853966374188386084230371547080230546693629023709483237376.000000
actual=35365613106853966374188386084230371547080230546693629023709483237376.000000
diff=0.000000
diff=1
expected=35365613106853966374188386084230371547080230546693629023709483237376.000000
actual=35365613106853966374188386084230371547080230546693629023709483237376.000000
diff=0.000000
diff=1
WARNING: orio.module.loop.submodule.tile.transformation: tile size 256 must be greater than the stride value 256; tile index = kkk
expected=35365613106853966374188386084230371547080230546693629023709483237376.000000
actual=35365613106853966374188386084230371547080230546693629023709483237376.000000
diff=0.000000
diff=1
WARNING: orio.module.loop.submodule.tile.transformation: tile size 512 must be greater than the stride value 512; tile index = iii
WARNING: orio.module.loop.submodule.tile.transformation: tile size 256 must be greater than the stride value 256; tile index = jjj
expected=35365613106853966374188386084230371547080230546693629023709483237376.000000
actual=35365613106853966374188386084230371547080230546693629023709483237376.000000
diff=0.000000
diff=1
WARNING: orio.module.loop.submodule.tile.transformation: tile size 16 must be greater than the stride value 16; tile index = iii
WARNING: orio.module.loop.submodule.tile.transformation: tile size 512 must be greater than the stride value 512; tile index = iii
expected=35365613106853966374188386084230371547080230546693629023709483237376.000000
actual=35365613106853966374188386084230371547080230546693629023709483237376.000000
diff=0.000000
diff=1
WARNING: orio.module.loop.submodule.tile.transformation: tile size 4 must be greater than the stride value 4; tile index = jjj
expected=35365613106853966374188386084230371547080230546693629023709483237376.000000
actual=35365613106853966374188386084230371547080230546693629023709483237376.000000
diff=0.000000
diff=1
WARNING: orio.module.loop.submodule.tile.transformation: tile size 128 must be greater than the stride value 128; tile index = kkk
expected=35365613106853966374188386084230371547080230546693629023709483237376.000000
actual=35365613106853966374188386084230371547080230546693629023709483237376.000000
diff=0.000000
diff=1
WARNING: orio.module.loop.submodule.tile.transformation: tile size 8 must be greater than the stride value 8; tile index = iii
expected=35365613106853966374188386084230371547080230546693629023709483237376.000000
actual=35365613106853966374188386084230371547080230546693629023709483237376.000000
diff=0.000000
diff=1
WARNING: orio.module.loop.submodule.tile.transformation: tile size 128 must be greater than the stride value 128; tile index = jjj
expected=35365613106853966374188386084230371547080230546693629023709483237376.000000
actual=35365613106853966374188386084230371547080230546693629023709483237376.000000
diff=0.000000
diff=1
WARNING: orio.module.loop.submodule.tile.transformation: tile size 4 must be greater than the stride value 4; tile index = kkk
expected=35365613106853966374188386084230371547080230546693629023709483237376.000000
actual=35365613106853966374188386084230371547080230546693629023709483237376.000000
diff=0.000000
diff=1
WARNING: orio.module.loop.submodule.tile.transformation: tile size 2 must be greater than the stride value 2; tile index = jjj
expected=35365613106853966374188386084230371547080230546693629023709483237376.000000
actual=35365613106853966374188386084230371547080230546693629023709483237376.000000
diff=0.000000
diff=1
WARNING: orio.module.loop.submodule.tile.transformation: tile size 32 must be greater than the stride value 32; tile index = kkk
expected=35365613106853966374188386084230371547080230546693629023709483237376.000000
actual=35365613106853966374188386084230371547080230546693629023709483237376.000000
diff=0.000000
diff=1
expected=35365613106853966374188386084230371547080230546693629023709483237376.000000
actual=35365613106853966374188386084230371547080230546693629023709483237376.000000
diff=0.000000
diff=1
expected=35365613106853966374188386084230371547080230546693629023709483237376.000000
actual=35365613106853966374188386084230371547080230546693629023709483237376.000000
diff=0.000000
diff=1
expected=35365613106853966374188386084230371547080230546693629023709483237376.000000
actual=35365613106853966374188386084230371547080230546693629023709483237376.000000
diff=0.000000
diff=1
WARNING: orio.module.loop.submodule.tile.transformation: tile size 64 must be greater than the stride value 64; tile index = iii
expected=35365613106853966374188386084230371547080230546693629023709483237376.000000
actual=35365613106853966374188386084230371547080230546693629023709483237376.000000
diff=0.000000
diff=1
expected=35365613106853966374188386084230371547080230546693629023709483237376.000000
actual=35365613106853966374188386084230371547080230546693629023709483237376.000000
diff=0.000000
diff=1
expected=35365613106853966374188386084230371547080230546693629023709483237376.000000
actual=35365613106853966374188386084230371547080230546693629023709483237376.000000
diff=0.000000
diff=1
expected=35365613106853966374188386084230371547080230546693629023709483237376.000000
actual=35365613106853966374188386084230371547080230546693629023709483237376.000000
diff=0.000000
diff=1
expected=35365613106853966374188386084230371547080230546693629023709483237376.000000
actual=35365613106853966374188386084230371547080230546693629023709483237376.000000
diff=0.000000
diff=1
WARNING: orio.module.loop.submodule.tile.transformation: tile size 4 must be greater than the stride value 4; tile index = jjj
expected=35365613106853966374188386084230371547080230546693629023709483237376.000000
actual=35365613106853966374188386084230371547080230546693629023709483237376.000000
diff=0.000000
diff=1
expected=35365613106853966374188386084230371547080230546693629023709483237376.000000
actual=35365613106853966374188386084230371547080230546693629023709483237376.000000
diff=0.000000
diff=1
WARNING: orio.module.loop.submodule.tile.transformation: tile size 32 must be greater than the stride value 32; tile index = jjj
WARNING: orio.module.loop.submodule.tile.transformation: tile size 4 must be greater than the stride value 4; tile index = iii
WARNING: orio.module.loop.submodule.tile.transformation: tile size 2048 must be greater than the stride value 2048; tile index = jjj
expected=35365613106853966374188386084230371547080230546693629023709483237376.000000
actual=35365613106853966374188386084230371547080230546693629023709483237376.000000
diff=0.000000
diff=1
WARNING: orio.module.loop.submodule.tile.transformation: tile size 4 must be greater than the stride value 4; tile index = iii
expected=35365613106853966374188386084230371547080230546693629023709483237376.000000
actual=35365613106853966374188386084230371547080230546693629023709483237376.000000
diff=0.000000
diff=1
expected=35365613106853966374188386084230371547080230546693629023709483237376.000000
actual=35365613106853966374188386084230371547080230546693629023709483237376.000000
diff=0.000000
diff=1
expected=35365613106853966374188386084230371547080230546693629023709483237376.000000
actual=35365613106853966374188386084230371547080230546693629023709483237376.000000
diff=0.000000
diff=1
expected=35365613106853966374188386084230371547080230546693629023709483237376.000000
actual=35365613106853966374188386084230371547080230546693629023709483237376.000000
diff=0.000000
diff=1
WARNING: orio.module.loop.submodule.tile.transformation: tile size 4 must be greater than the stride value 4; tile index = kkk
expected=35365613106853966374188386084230371547080230546693629023709483237376.000000
actual=35365613106853966374188386084230371547080230546693629023709483237376.000000
diff=0.000000
diff=1
WARNING: orio.module.loop.submodule.tile.transformation: tile size 16 must be greater than the stride value 16; tile index = jjj
expected=35365613106853966374188386084230371547080230546693629023709483237376.000000
actual=35365613106853966374188386084230371547080230546693629023709483237376.000000
diff=0.000000
diff=1
WARNING: orio.module.loop.submodule.tile.transformation: tile size 2048 must be greater than the stride value 2048; tile index = kkk
expected=35365613106853966374188386084230371547080230546693629023709483237376.000000
actual=35365613106853966374188386084230371547080230546693629023709483237376.000000
diff=0.000000
diff=1
WARNING: orio.module.loop.submodule.tile.transformation: tile size 2 must be greater than the stride value 2; tile index = iii
expected=35365613106853966374188386084230371547080230546693629023709483237376.000000
actual=35365613106853966374188386084230371547080230546693629023709483237376.000000
diff=0.000000
diff=1
WARNING: orio.module.loop.submodule.tile.transformation: tile size 32 must be greater than the stride value 32; tile index = kkk
expected=35365613106853966374188386084230371547080230546693629023709483237376.000000
actual=35365613106853966374188386084230371547080230546693629023709483237376.000000
diff=0.000000
diff=1
WARNING: orio.module.loop.submodule.tile.transformation: tile size 2 must be greater than the stride value 2; tile index = iii
expected=35365613106853966374188386084230371547080230546693629023709483237376.000000
actual=35365613106853966374188386084230371547080230546693629023709483237376.000000
diff=0.000000
diff=1
WARNING: orio.module.loop.submodule.tile.transformation: tile size 512 must be greater than the stride value 512; tile index = kkk
expected=35365613106853966374188386084230371547080230546693629023709483237376.000000
actual=35365613106853966374188386084230371547080230546693629023709483237376.000000
diff=0.000000
diff=1
expected=35365613106853966374188386084230371547080230546693629023709483237376.000000
actual=35365613106853966374188386084230371547080230546693629023709483237376.000000
diff=0.000000
diff=1
WARNING: orio.module.loop.submodule.tile.transformation: tile size 8 must be greater than the stride value 8; tile index = jjj
WARNING: orio.module.loop.submodule.tile.transformation: tile size 32 must be greater than the stride value 32; tile index = kkk
expected=35365613106853966374188386084230371547080230546693629023709483237376.000000
actual=35365613106853966374188386084230371547080230546693629023709483237376.000000
diff=0.000000
diff=1
expected=35365613106853966374188386084230371547080230546693629023709483237376.000000
actual=35365613106853966374188386084230371547080230546693629023709483237376.000000
diff=0.000000
diff=1
WARNING: orio.module.loop.submodule.tile.transformation: tile size 2 must be greater than the stride value 2; tile index = iii
expected=35365613106853966374188386084230371547080230546693629023709483237376.000000
actual=35365613106853966374188386084230371547080230546693629023709483237376.000000
diff=0.000000
diff=1
WARNING: orio.module.loop.submodule.tile.transformation: tile size 2 must be greater than the stride value 2; tile index = iii
WARNING: orio.module.loop.submodule.tile.transformation: tile size 16 must be greater than the stride value 16; tile index = jjj
expected=35365613106853966374188386084230371547080230546693629023709483237376.000000
actual=35365613106853966374188386084230371547080230546693629023709483237376.000000
diff=0.000000
diff=1
WARNING: orio.module.loop.submodule.tile.transformation: tile size 128 must be greater than the stride value 128; tile index = kkk
expected=35365613106853966374188386084230371547080230546693629023709483237376.000000
actual=35365613106853966374188386084230371547080230546693629023709483237376.000000
diff=0.000000
diff=1
WARNING: orio.module.loop.submodule.tile.transformation: tile size 128 must be greater than the stride value 128; tile index = jjj
expected=35365613106853966374188386084230371547080230546693629023709483237376.000000
actual=35365613106853966374188386084230371547080230546693629023709483237376.000000
diff=0.000000
diff=1
WARNING: orio.module.loop.submodule.tile.transformation: tile size 2 must be greater than the stride value 2; tile index = kkk
expected=35365613106853966374188386084230371547080230546693629023709483237376.000000
actual=35365613106853966374188386084230371547080230546693629023709483237376.000000
diff=0.000000
diff=1
WARNING: orio.module.loop.submodule.tile.transformation: tile size 4 must be greater than the stride value 4; tile index = iii
expected=35365613106853966374188386084230371547080230546693629023709483237376.000000
actual=35365613106853966374188386084230371547080230546693629023709483237376.000000
diff=0.000000
diff=1
expected=35365613106853966374188386084230371547080230546693629023709483237376.000000
actual=35365613106853966374188386084230371547080230546693629023709483237376.000000
diff=0.000000
diff=1
expected=35365613106853966374188386084230371547080230546693629023709483237376.000000
actual=35365613106853966374188386084230371547080230546693629023709483237376.000000
diff=0.000000
diff=1
WARNING: orio.module.loop.submodule.tile.transformation: tile size 16 must be greater than the stride value 16; tile index = jjj
expected=35365613106853966374188386084230371547080230546693629023709483237376.000000
actual=35365613106853966374188386084230371547080230546693629023709483237376.000000
diff=0.000000
diff=1
expected=35365613106853966374188386084230371547080230546693629023709483237376.000000
actual=35365613106853966374188386084230371547080230546693629023709483237376.000000
diff=0.000000
diff=1
WARNING: orio.module.loop.submodule.tile.transformation: tile size 64 must be greater than the stride value 64; tile index = iii
WARNING: orio.module.loop.submodule.tile.transformation: tile size 256 must be greater than the stride value 256; tile index = kkk
expected=35365613106853966374188386084230371547080230546693629023709483237376.000000
actual=35365613106853966374188386084230371547080230546693629023709483237376.000000
diff=0.000000
diff=1
WARNING: orio.module.loop.submodule.tile.transformation: tile size 128 must be greater than the stride value 128; tile index = jjj
expected=35365613106853966374188386084230371547080230546693629023709483237376.000000
actual=35365613106853966374188386084230371547080230546693629023709483237376.000000
diff=0.000000
diff=1
expected=35365613106853966374188386084230371547080230546693629023709483237376.000000
actual=35365613106853966374188386084230371547080230546693629023709483237376.000000
diff=0.000000
diff=1
WARNING: orio.module.loop.submodule.tile.transformation: tile size 16 must be greater than the stride value 16; tile index = kkk
expected=35365613106853966374188386084230371547080230546693629023709483237376.000000
actual=35365613106853966374188386084230371547080230546693629023709483237376.000000
diff=0.000000
diff=1
WARNING: orio.module.loop.submodule.tile.transformation: tile size 128 must be greater than the stride value 128; tile index = iii
expected=35365613106853966374188386084230371547080230546693629023709483237376.000000
actual=35365613106853966374188386084230371547080230546693629023709483237376.000000
diff=0.000000
diff=1
WARNING: orio.module.loop.submodule.tile.transformation: tile size 2 must be greater than the stride value 2; tile index = jjj
WARNING: orio.module.loop.submodule.tile.transformation: tile size 2048 must be greater than the stride value 2048; tile index = jjj
WARNING: orio.module.loop.submodule.tile.transformation: tile size 4 must be greater than the stride value 4; tile index = kkk
expected=35365613106853966374188386084230371547080230546693629023709483237376.000000
actual=35365613106853966374188386084230371547080230546693629023709483237376.000000
diff=0.000000
diff=1
WARNING: orio.module.loop.submodule.tile.transformation: tile size 64 must be greater than the stride value 64; tile index = iii
expected=35365613106853966374188386084230371547080230546693629023709483237376.000000
actual=35365613106853966374188386084230371547080230546693629023709483237376.000000
diff=0.000000
diff=1
expected=35365613106853966374188386084230371547080230546693629023709483237376.000000
actual=35365613106853966374188386084230371547080230546693629023709483237376.000000
diff=0.000000
diff=1
WARNING: orio.module.loop.submodule.tile.transformation: tile size 512 must be greater than the stride value 512; tile index = jjj
expected=35365613106853966374188386084230371547080230546693629023709483237376.000000
actual=35365613106853966374188386084230371547080230546693629023709483237376.000000
diff=0.000000
diff=1
WARNING: orio.module.loop.submodule.tile.transformation: tile size 8 must be greater than the stride value 8; tile index = jjj
expected=35365613106853966374188386084230371547080230546693629023709483237376.000000
actual=35365613106853966374188386084230371547080230546693629023709483237376.000000
diff=0.000000
diff=1
WARNING: orio.module.loop.submodule.tile.transformation: tile size 4 must be greater than the stride value 4; tile index = jjj
expected=35365613106853966374188386084230371547080230546693629023709483237376.000000
actual=35365613106853966374188386084230371547080230546693629023709483237376.000000
diff=0.000000
diff=1
WARNING: orio.module.loop.submodule.tile.transformation: tile size 64 must be greater than the stride value 64; tile index = iii
WARNING: orio.module.loop.submodule.tile.transformation: tile size 32 must be greater than the stride value 32; tile index = iii
expected=35365613106853966374188386084230371547080230546693629023709483237376.000000
actual=35365613106853966374188386084230371547080230546693629023709483237376.000000
diff=0.000000
diff=1
expected=35365613106853966374188386084230371547080230546693629023709483237376.000000
actual=35365613106853966374188386084230371547080230546693629023709483237376.000000
diff=0.000000
diff=1
expected=35365613106853966374188386084230371547080230546693629023709483237376.000000
actual=35365613106853966374188386084230371547080230546693629023709483237376.000000
diff=0.000000
diff=1
WARNING: orio.module.loop.submodule.tile.transformation: tile size 512 must be greater than the stride value 512; tile index = jjj
WARNING: orio.module.loop.submodule.tile.transformation: tile size 4 must be greater than the stride value 4; tile index = kkk
expected=35365613106853966374188386084230371547080230546693629023709483237376.000000
actual=35365613106853966374188386084230371547080230546693629023709483237376.000000
diff=0.000000
diff=1
WARNING: orio.module.loop.submodule.tile.transformation: tile size 512 must be greater than the stride value 512; tile index = iii
expected=35365613106853966374188386084230371547080230546693629023709483237376.000000
actual=35365613106853966374188386084230371547080230546693629023709483237376.000000
diff=0.000000
diff=1
WARNING: orio.module.loop.submodule.tile.transformation: tile size 256 must be greater than the stride value 256; tile index = iii
expected=35365613106853966374188386084230371547080230546693629023709483237376.000000
actual=35365613106853966374188386084230371547080230546693629023709483237376.000000
diff=0.000000
diff=1
WARNING: orio.module.loop.submodule.tile.transformation: tile size 32 must be greater than the stride value 32; tile index = iii
expected=35365613106853966374188386084230371547080230546693629023709483237376.000000
actual=35365613106853966374188386084230371547080230546693629023709483237376.000000
diff=0.000000
diff=1
WARNING: orio.module.loop.submodule.tile.transformation: tile size 32 must be greater than the stride value 32; tile index = iii
WARNING: orio.module.loop.submodule.tile.transformation: tile size 16 must be greater than the stride value 16; tile index = kkk
expected=35365613106853966374188386084230371547080230546693629023709483237376.000000
actual=35365613106853966374188386084230371547080230546693629023709483237376.000000
diff=0.000000
diff=1
WARNING: orio.module.loop.submodule.tile.transformation: tile size 8 must be greater than the stride value 8; tile index = iii
expected=35365613106853966374188386084230371547080230546693629023709483237376.000000
actual=35365613106853966374188386084230371547080230546693629023709483237376.000000
diff=0.000000
diff=1
WARNING: orio.module.loop.submodule.tile.transformation: tile size 256 must be greater than the stride value 256; tile index = iii
expected=35365613106853966374188386084230371547080230546693629023709483237376.000000
actual=35365613106853966374188386084230371547080230546693629023709483237376.000000
diff=0.000000
diff=1
expected=35365613106853966374188386084230371547080230546693629023709483237376.000000
actual=35365613106853966374188386084230371547080230546693629023709483237376.000000
diff=0.000000
diff=1
WARNING: orio.module.loop.submodule.tile.transformation: tile size 8 must be greater than the stride value 8; tile index = iii
expected=35365613106853966374188386084230371547080230546693629023709483237376.000000
actual=35365613106853966374188386084230371547080230546693629023709483237376.000000
diff=0.000000
diff=1
expected=35365613106853966374188386084230371547080230546693629023709483237376.000000
actual=35365613106853966374188386084230371547080230546693629023709483237376.000000
diff=0.000000
diff=1
expected=35365613106853966374188386084230371547080230546693629023709483237376.000000
actual=35365613106853966374188386084230371547080230546693629023709483237376.000000
diff=0.000000
diff=1
WARNING: orio.module.loop.submodule.tile.transformation: tile size 4 must be greater than the stride value 4; tile index = iii
expected=35365613106853966374188386084230371547080230546693629023709483237376.000000
actual=35365613106853966374188386084230371547080230546693629023709483237376.000000
diff=0.000000
diff=1
expected=35365613106853966374188386084230371547080230546693629023709483237376.000000
actual=35365613106853966374188386084230371547080230546693629023709483237376.000000
diff=0.000000
diff=1
expected=35365613106853966374188386084230371547080230546693629023709483237376.000000
actual=35365613106853966374188386084230371547080230546693629023709483237376.000000
diff=0.000000
diff=1
WARNING: orio.module.loop.submodule.tile.transformation: tile size 1024 must be greater than the stride value 1024; tile index = kkk
expected=35365613106853966374188386084230371547080230546693629023709483237376.000000
actual=35365613106853966374188386084230371547080230546693629023709483237376.000000
diff=0.000000
diff=1
WARNING: orio.module.loop.submodule.tile.transformation: tile size 2048 must be greater than the stride value 2048; tile index = jjj
expected=35365613106853966374188386084230371547080230546693629023709483237376.000000
actual=35365613106853966374188386084230371547080230546693629023709483237376.000000
diff=0.000000
diff=1
WARNING: orio.module.loop.submodule.tile.transformation: tile size 16 must be greater than the stride value 16; tile index = jjj
expected=35365613106853966374188386084230371547080230546693629023709483237376.000000
actual=35365613106853966374188386084230371547080230546693629023709483237376.000000
diff=0.000000
diff=1
expected=35365613106853966374188386084230371547080230546693629023709483237376.000000
actual=35365613106853966374188386084230371547080230546693629023709483237376.000000
diff=0.000000
diff=1
WARNING: orio.module.loop.submodule.tile.transformation: tile size 16 must be greater than the stride value 16; tile index = kkk
WARNING: orio.module.loop.submodule.tile.transformation: tile size 32 must be greater than the stride value 32; tile index = kkk
expected=35365613106853966374188386084230371547080230546693629023709483237376.000000
actual=35365613106853966374188386084230371547080230546693629023709483237376.000000
diff=0.000000
diff=1
WARNING: orio.module.loop.submodule.tile.transformation: tile size 2048 must be greater than the stride value 2048; tile index = kkk
expected=35365613106853966374188386084230371547080230546693629023709483237376.000000
actual=35365613106853966374188386084230371547080230546693629023709483237376.000000
diff=0.000000
diff=1
WARNING: orio.module.loop.submodule.tile.transformation: tile size 32 must be greater than the stride value 32; tile index = iii
expected=35365613106853966374188386084230371547080230546693629023709483237376.000000
actual=35365613106853966374188386084230371547080230546693629023709483237376.000000
diff=0.000000
diff=1
expected=35365613106853966374188386084230371547080230546693629023709483237376.000000
actual=35365613106853966374188386084230371547080230546693629023709483237376.000000
diff=0.000000
diff=1
WARNING: orio.module.loop.submodule.tile.transformation: tile size 256 must be greater than the stride value 256; tile index = iii
expected=35365613106853966374188386084230371547080230546693629023709483237376.000000
actual=35365613106853966374188386084230371547080230546693629023709483237376.000000
diff=0.000000
diff=1
expected=35365613106853966374188386084230371547080230546693629023709483237376.000000
actual=35365613106853966374188386084230371547080230546693629023709483237376.000000
diff=0.000000
diff=1
expected=35365613106853966374188386084230371547080230546693629023709483237376.000000
actual=35365613106853966374188386084230371547080230546693629023709483237376.000000
diff=0.000000
diff=1
expected=35365613106853966374188386084230371547080230546693629023709483237376.000000
actual=35365613106853966374188386084230371547080230546693629023709483237376.000000
diff=0.000000
diff=1
WARNING: orio.module.loop.submodule.tile.transformation: tile size 128 must be greater than the stride value 128; tile index = kkk
WARNING: orio.module.loop.submodule.tile.transformation: tile size 512 must be greater than the stride value 512; tile index = kkk
expected=35365613106853966374188386084230371547080230546693629023709483237376.000000
actual=35365613106853966374188386084230371547080230546693629023709483237376.000000
diff=0.000000
diff=1
WARNING: orio.module.loop.submodule.tile.transformation: tile size 1024 must be greater than the stride value 1024; tile index = jjj
WARNING: orio.module.loop.submodule.tile.transformation: tile size 64 must be greater than the stride value 64; tile index = jjj
expected=35365613106853966374188386084230371547080230546693629023709483237376.000000
actual=35365613106853966374188386084230371547080230546693629023709483237376.000000
diff=0.000000
diff=1
expected=35365613106853966374188386084230371547080230546693629023709483237376.000000
actual=35365613106853966374188386084230371547080230546693629023709483237376.000000
diff=0.000000
diff=1
WARNING: orio.module.loop.submodule.tile.transformation: tile size 16 must be greater than the stride value 16; tile index = kkk
expected=35365613106853966374188386084230371547080230546693629023709483237376.000000
actual=35365613106853966374188386084230371547080230546693629023709483237376.000000
diff=0.000000
diff=1
expected=35365613106853966374188386084230371547080230546693629023709483237376.000000
actual=35365613106853966374188386084230371547080230546693629023709483237376.000000
diff=0.000000
diff=1
WARNING: orio.module.loop.submodule.tile.transformation: tile size 128 must be greater than the stride value 128; tile index = jjj
expected=35365613106853966374188386084230371547080230546693629023709483237376.000000
actual=35365613106853966374188386084230371547080230546693629023709483237376.000000
diff=0.000000
diff=1
WARNING: orio.module.loop.submodule.tile.transformation: tile size 2 must be greater than the stride value 2; tile index = kkk
expected=35365613106853966374188386084230371547080230546693629023709483237376.000000
actual=35365613106853966374188386084230371547080230546693629023709483237376.000000
diff=0.000000
diff=1
WARNING: orio.module.loop.submodule.tile.transformation: tile size 128 must be greater than the stride value 128; tile index = iii
expected=35365613106853966374188386084230371547080230546693629023709483237376.000000
actual=35365613106853966374188386084230371547080230546693629023709483237376.000000
diff=0.000000
diff=1
WARNING: orio.module.loop.submodule.tile.transformation: tile size 512 must be greater than the stride value 512; tile index = iii
WARNING: orio.module.loop.submodule.tile.transformation: tile size 2 must be greater than the stride value 2; tile index = iii
WARNING: orio.module.loop.submodule.tile.transformation: tile size 256 must be greater than the stride value 256; tile index = kkk
expected=35365613106853966374188386084230371547080230546693629023709483237376.000000
actual=35365613106853966374188386084230371547080230546693629023709483237376.000000
diff=0.000000
diff=1
WARNING: orio.module.loop.submodule.tile.transformation: tile size 64 must be greater than the stride value 64; tile index = iii
expected=35365613106853966374188386084230371547080230546693629023709483237376.000000
actual=35365613106853966374188386084230371547080230546693629023709483237376.000000
diff=0.000000
diff=1
expected=35365613106853966374188386084230371547080230546693629023709483237376.000000
actual=35365613106853966374188386084230371547080230546693629023709483237376.000000
diff=0.000000
diff=1
expected=35365613106853966374188386084230371547080230546693629023709483237376.000000
actual=35365613106853966374188386084230371547080230546693629023709483237376.000000
diff=0.000000
diff=1
WARNING: orio.module.loop.submodule.tile.transformation: tile size 64 must be greater than the stride value 64; tile index = jjj
WARNING: orio.module.loop.submodule.tile.transformation: tile size 4 must be greater than the stride value 4; tile index = jjj
expected=35365613106853966374188386084230371547080230546693629023709483237376.000000
actual=35365613106853966374188386084230371547080230546693629023709483237376.000000
diff=0.000000
diff=1
expected=35365613106853966374188386084230371547080230546693629023709483237376.000000
actual=35365613106853966374188386084230371547080230546693629023709483237376.000000
diff=0.000000
diff=1
WARNING: orio.module.loop.submodule.tile.transformation: tile size 2048 must be greater than the stride value 2048; tile index = iii
expected=35365613106853966374188386084230371547080230546693629023709483237376.000000
actual=35365613106853966374188386084230371547080230546693629023709483237376.000000
diff=0.000000
diff=1
WARNING: orio.module.loop.submodule.tile.transformation: tile size 8 must be greater than the stride value 8; tile index = iii
expected=35365613106853966374188386084230371547080230546693629023709483237376.000000
actual=35365613106853966374188386084230371547080230546693629023709483237376.000000
diff=0.000000
diff=1
expected=35365613106853966374188386084230371547080230546693629023709483237376.000000
actual=35365613106853966374188386084230371547080230546693629023709483237376.000000
diff=0.000000
diff=1
expected=35365613106853966374188386084230371547080230546693629023709483237376.000000
actual=35365613106853966374188386084230371547080230546693629023709483237376.000000
diff=0.000000
diff=1
WARNING: orio.module.loop.submodule.tile.transformation: tile size 256 must be greater than the stride value 256; tile index = jjj
expected=35365613106853966374188386084230371547080230546693629023709483237376.000000
actual=35365613106853966374188386084230371547080230546693629023709483237376.000000
diff=0.000000
diff=1
expected=35365613106853966374188386084230371547080230546693629023709483237376.000000
actual=35365613106853966374188386084230371547080230546693629023709483237376.000000
diff=0.000000
diff=1
WARNING: orio.module.loop.submodule.tile.transformation: tile size 2048 must be greater than the stride value 2048; tile index = iii
expected=35365613106853966374188386084230371547080230546693629023709483237376.000000
actual=35365613106853966374188386084230371547080230546693629023709483237376.000000
diff=0.000000
diff=1
WARNING: orio.module.loop.submodule.tile.transformation: tile size 64 must be greater than the stride value 64; tile index = jjj
expected=35365613106853966374188386084230371547080230546693629023709483237376.000000
actual=35365613106853966374188386084230371547080230546693629023709483237376.000000
diff=0.000000
diff=1
expected=35365613106853966374188386084230371547080230546693629023709483237376.000000
actual=35365613106853966374188386084230371547080230546693629023709483237376.000000
diff=0.000000
diff=1
WARNING: orio.module.loop.submodule.tile.transformation: tile size 16 must be greater than the stride value 16; tile index = kkk
expected=35365613106853966374188386084230371547080230546693629023709483237376.000000
actual=35365613106853966374188386084230371547080230546693629023709483237376.000000
diff=0.000000
diff=1
WARNING: orio.module.loop.submodule.tile.transformation: tile size 16 must be greater than the stride value 16; tile index = iii
WARNING: orio.module.loop.submodule.tile.transformation: tile size 4 must be greater than the stride value 4; tile index = kkk
WARNING: orio.module.loop.submodule.tile.transformation: tile size 64 must be greater than the stride value 64; tile index = kkk
expected=35365613106853966374188386084230371547080230546693629023709483237376.000000
actual=35365613106853966374188386084230371547080230546693629023709483237376.000000
diff=0.000000
diff=1
WARNING: orio.module.loop.submodule.tile.transformation: tile size 4 must be greater than the stride value 4; tile index = iii
WARNING: orio.module.loop.submodule.tile.transformation: tile size 32 must be greater than the stride value 32; tile index = kkk
expected=35365613106853966374188386084230371547080230546693629023709483237376.000000
actual=35365613106853966374188386084230371547080230546693629023709483237376.000000
diff=0.000000
diff=1
WARNING: orio.module.loop.submodule.tile.transformation: tile size 16 must be greater than the stride value 16; tile index = iii
expected=35365613106853966374188386084230371547080230546693629023709483237376.000000
actual=35365613106853966374188386084230371547080230546693629023709483237376.000000
diff=0.000000
diff=1
expected=35365613106853966374188386084230371547080230546693629023709483237376.000000
actual=35365613106853966374188386084230371547080230546693629023709483237376.000000
diff=0.000000
diff=1
expected=35365613106853966374188386084230371547080230546693629023709483237376.000000
actual=35365613106853966374188386084230371547080230546693629023709483237376.000000
diff=0.000000
diff=1
WARNING: orio.module.loop.submodule.tile.transformation: tile size 128 must be greater than the stride value 128; tile index = kkk
WARNING: orio.module.loop.submodule.tile.transformation: tile size 8 must be greater than the stride value 8; tile index = jjj
expected=35365613106853966374188386084230371547080230546693629023709483237376.000000
actual=35365613106853966374188386084230371547080230546693629023709483237376.000000
diff=0.000000
diff=1
WARNING: orio.module.loop.submodule.tile.transformation: tile size 4 must be greater than the stride value 4; tile index = jjj
expected=35365613106853966374188386084230371547080230546693629023709483237376.000000
actual=35365613106853966374188386084230371547080230546693629023709483237376.000000
diff=0.000000
diff=1
WARNING: orio.module.loop.submodule.tile.transformation: tile size 2048 must be greater than the stride value 2048; tile index = kkk
expected=35365613106853966374188386084230371547080230546693629023709483237376.000000
actual=35365613106853966374188386084230371547080230546693629023709483237376.000000
diff=0.000000
diff=1
expected=35365613106853966374188386084230371547080230546693629023709483237376.000000
actual=35365613106853966374188386084230371547080230546693629023709483237376.000000
diff=0.000000
diff=1
expected=35365613106853966374188386084230371547080230546693629023709483237376.000000
actual=35365613106853966374188386084230371547080230546693629023709483237376.000000
diff=0.000000
diff=1
expected=35365613106853966374188386084230371547080230546693629023709483237376.000000
actual=35365613106853966374188386084230371547080230546693629023709483237376.000000
diff=0.000000
diff=1
WARNING: orio.module.loop.submodule.tile.transformation: tile size 2048 must be greater than the stride value 2048; tile index = iii
expected=35365613106853966374188386084230371547080230546693629023709483237376.000000
actual=35365613106853966374188386084230371547080230546693629023709483237376.000000
diff=0.000000
diff=1
expected=35365613106853966374188386084230371547080230546693629023709483237376.000000
actual=35365613106853966374188386084230371547080230546693629023709483237376.000000
diff=0.000000
diff=1
expected=35365613106853966374188386084230371547080230546693629023709483237376.000000
actual=35365613106853966374188386084230371547080230546693629023709483237376.000000
diff=0.000000
diff=1
WARNING: orio.module.loop.submodule.tile.transformation: tile size 1024 must be greater than the stride value 1024; tile index = iii
expected=35365613106853966374188386084230371547080230546693629023709483237376.000000
actual=35365613106853966374188386084230371547080230546693629023709483237376.000000
diff=0.000000
diff=1
expected=35365613106853966374188386084230371547080230546693629023709483237376.000000
actual=35365613106853966374188386084230371547080230546693629023709483237376.000000
diff=0.000000
diff=1
expected=35365613106853966374188386084230371547080230546693629023709483237376.000000
actual=35365613106853966374188386084230371547080230546693629023709483237376.000000
diff=0.000000
diff=1
WARNING: orio.module.loop.submodule.tile.transformation: tile size 32 must be greater than the stride value 32; tile index = jjj
expected=35365613106853966374188386084230371547080230546693629023709483237376.000000
actual=35365613106853966374188386084230371547080230546693629023709483237376.000000
diff=0.000000
diff=1
expected=35365613106853966374188386084230371547080230546693629023709483237376.000000
actual=35365613106853966374188386084230371547080230546693629023709483237376.000000
diff=0.000000
diff=1
WARNING: orio.module.loop.submodule.tile.transformation: tile size 256 must be greater than the stride value 256; tile index = kkk
expected=35365613106853966374188386084230371547080230546693629023709483237376.000000
actual=35365613106853966374188386084230371547080230546693629023709483237376.000000
diff=0.000000
diff=1
expected=35365613106853966374188386084230371547080230546693629023709483237376.000000
actual=35365613106853966374188386084230371547080230546693629023709483237376.000000
diff=0.000000
diff=1
expected=35365613106853966374188386084230371547080230546693629023709483237376.000000
actual=35365613106853966374188386084230371547080230546693629023709483237376.000000
diff=0.000000
diff=1
expected=35365613106853966374188386084230371547080230546693629023709483237376.000000
actual=35365613106853966374188386084230371547080230546693629023709483237376.000000
diff=0.000000
diff=1
WARNING: orio.module.loop.submodule.tile.transformation: tile size 2 must be greater than the stride value 2; tile index = kkk
WARNING: orio.module.loop.submodule.tile.transformation: tile size 4 must be greater than the stride value 4; tile index = iii
expected=35365613106853966374188386084230371547080230546693629023709483237376.000000
actual=35365613106853966374188386084230371547080230546693629023709483237376.000000
diff=0.000000
diff=1
expected=35365613106853966374188386084230371547080230546693629023709483237376.000000
actual=35365613106853966374188386084230371547080230546693629023709483237376.000000
diff=0.000000
diff=1
WARNING: orio.module.loop.submodule.tile.transformation: tile size 32 must be greater than the stride value 32; tile index = kkk
expected=35365613106853966374188386084230371547080230546693629023709483237376.000000
actual=35365613106853966374188386084230371547080230546693629023709483237376.000000
diff=0.000000
diff=1
WARNING: orio.module.loop.submodule.tile.transformation: tile size 16 must be greater than the stride value 16; tile index = jjj
expected=35365613106853966374188386084230371547080230546693629023709483237376.000000
actual=35365613106853966374188386084230371547080230546693629023709483237376.000000
diff=0.000000
diff=1
WARNING: orio.module.loop.submodule.tile.transformation: tile size 1024 must be greater than the stride value 1024; tile index = jjj
expected=35365613106853966374188386084230371547080230546693629023709483237376.000000
actual=35365613106853966374188386084230371547080230546693629023709483237376.000000
diff=0.000000
diff=1
WARNING: orio.module.loop.submodule.tile.transformation: tile size 4 must be greater than the stride value 4; tile index = iii
expected=35365613106853966374188386084230371547080230546693629023709483237376.000000
actual=35365613106853966374188386084230371547080230546693629023709483237376.000000
diff=0.000000
diff=1
WARNING: orio.module.loop.submodule.tile.transformation: tile size 512 must be greater than the stride value 512; tile index = kkk
expected=35365613106853966374188386084230371547080230546693629023709483237376.000000
actual=35365613106853966374188386084230371547080230546693629023709483237376.000000
diff=0.000000
diff=1
WARNING: orio.module.loop.submodule.tile.transformation: tile size 2 must be greater than the stride value 2; tile index = jjj
expected=35365613106853966374188386084230371547080230546693629023709483237376.000000
actual=35365613106853966374188386084230371547080230546693629023709483237376.000000
diff=0.000000
diff=1
expected=35365613106853966374188386084230371547080230546693629023709483237376.000000
actual=35365613106853966374188386084230371547080230546693629023709483237376.000000
diff=0.000000
diff=1
WARNING: orio.module.loop.submodule.tile.transformation: tile size 256 must be greater than the stride value 256; tile index = jjj
expected=35365613106853966374188386084230371547080230546693629023709483237376.000000
actual=35365613106853966374188386084230371547080230546693629023709483237376.000000
diff=0.000000
diff=1
WARNING: orio.module.loop.submodule.tile.transformation: tile size 32 must be greater than the stride value 32; tile index = jjj
expected=35365613106853966374188386084230371547080230546693629023709483237376.000000
actual=35365613106853966374188386084230371547080230546693629023709483237376.000000
diff=0.000000
diff=1
expected=35365613106853966374188386084230371547080230546693629023709483237376.000000
actual=35365613106853966374188386084230371547080230546693629023709483237376.000000
diff=0.000000
diff=1
expected=35365613106853966374188386084230371547080230546693629023709483237376.000000
actual=35365613106853966374188386084230371547080230546693629023709483237376.000000
diff=0.000000
diff=1
WARNING: orio.module.loop.submodule.tile.transformation: tile size 1024 must be greater than the stride value 1024; tile index = jjj
expected=35365613106853966374188386084230371547080230546693629023709483237376.000000
actual=35365613106853966374188386084230371547080230546693629023709483237376.000000
diff=0.000000
diff=1
WARNING: orio.module.loop.submodule.tile.transformation: tile size 4 must be greater than the stride value 4; tile index = iii
WARNING: orio.module.loop.submodule.tile.transformation: tile size 4 must be greater than the stride value 4; tile index = iii
WARNING: orio.module.loop.submodule.tile.transformation: tile size 512 must be greater than the stride value 512; tile index = jjj
expected=35365613106853966374188386084230371547080230546693629023709483237376.000000
actual=35365613106853966374188386084230371547080230546693629023709483237376.000000
diff=0.000000
diff=1
expected=35365613106853966374188386084230371547080230546693629023709483237376.000000
actual=35365613106853966374188386084230371547080230546693629023709483237376.000000
diff=0.000000
diff=1
WARNING: orio.module.loop.submodule.tile.transformation: tile size 32 must be greater than the stride value 32; tile index = iii
expected=35365613106853966374188386084230371547080230546693629023709483237376.000000
actual=35365613106853966374188386084230371547080230546693629023709483237376.000000
diff=0.000000
diff=1
WARNING: orio.module.loop.submodule.tile.transformation: tile size 1024 must be greater than the stride value 1024; tile index = kkk
expected=34251000212196635484788662727527038750297342266461900767825108140032.000000
actual=35365613106853966374188386084230371547080230546693629023709483237376.000000
diff=-2147483648.000000
diff=1
WARNING: orio.module.loop.submodule.tile.transformation: tile size 32 must be greater than the stride value 32; tile index = iii
expected=35365613106853966374188386084230371547080230546693629023709483237376.000000
actual=35365613106853966374188386084230371547080230546693629023709483237376.000000
diff=0.000000
diff=1
expected=35365613106853966374188386084230371547080230546693629023709483237376.000000
actual=35365613106853966374188386084230371547080230546693629023709483237376.000000
diff=0.000000
diff=1
expected=35365613106853966374188386084230371547080230546693629023709483237376.000000
actual=35365613106853966374188386084230371547080230546693629023709483237376.000000
diff=0.000000
diff=1
WARNING: orio.module.loop.submodule.tile.transformation: tile size 1024 must be greater than the stride value 1024; tile index = iii
expected=35365613106853966374188386084230371547080230546693629023709483237376.000000
actual=35365613106853966374188386084230371547080230546693629023709483237376.000000
diff=0.000000
diff=1
expected=35365613106853966374188386084230371547080230546693629023709483237376.000000
actual=35365613106853966374188386084230371547080230546693629023709483237376.000000
diff=0.000000
diff=1
expected=35365613106853966374188386084230371547080230546693629023709483237376.000000
actual=35365613106853966374188386084230371547080230546693629023709483237376.000000
diff=0.000000
diff=1
WARNING: orio.module.loop.submodule.tile.transformation: tile size 1024 must be greater than the stride value 1024; tile index = kkk
WARNING: orio.module.loop.submodule.tile.transformation: tile size 256 must be greater than the stride value 256; tile index = kkk
expected=35365613106853966374188386084230371547080230546693629023709483237376.000000
actual=35365613106853966374188386084230371547080230546693629023709483237376.000000
diff=0.000000
diff=1
WARNING: orio.module.loop.submodule.tile.transformation: tile size 2048 must be greater than the stride value 2048; tile index = kkk
expected=35365613106853966374188386084230371547080230546693629023709483237376.000000
actual=35365613106853966374188386084230371547080230546693629023709483237376.000000
diff=0.000000
diff=1
expected=35365613106853966374188386084230371547080230546693629023709483237376.000000
actual=35365613106853966374188386084230371547080230546693629023709483237376.000000
diff=0.000000
diff=1
expected=35365613106853966374188386084230371547080230546693629023709483237376.000000
actual=35365613106853966374188386084230371547080230546693629023709483237376.000000
diff=0.000000
diff=1
expected=35365613106853966374188386084230371547080230546693629023709483237376.000000
actual=35365613106853966374188386084230371547080230546693629023709483237376.000000
diff=0.000000
diff=1
expected=35365613106853966374188386084230371547080230546693629023709483237376.000000
actual=35365613106853966374188386084230371547080230546693629023709483237376.000000
diff=0.000000
diff=1
expected=35365613106853966374188386084230371547080230546693629023709483237376.000000
actual=35365613106853966374188386084230371547080230546693629023709483237376.000000
diff=0.000000
diff=1
WARNING: orio.module.loop.submodule.tile.transformation: tile size 64 must be greater than the stride value 64; tile index = jjj
expected=35365613106853966374188386084230371547080230546693629023709483237376.000000
actual=35365613106853966374188386084230371547080230546693629023709483237376.000000
diff=0.000000
diff=1
expected=35365613106853966374188386084230371547080230546693629023709483237376.000000
actual=35365613106853966374188386084230371547080230546693629023709483237376.000000
diff=0.000000
diff=1
expected=35365613106853966374188386084230371547080230546693629023709483237376.000000
actual=35365613106853966374188386084230371547080230546693629023709483237376.000000
diff=0.000000
diff=1
expected=35365613106853966374188386084230371547080230546693629023709483237376.000000
actual=35365613106853966374188386084230371547080230546693629023709483237376.000000
diff=0.000000
diff=1
WARNING: orio.module.loop.submodule.tile.transformation: tile size 128 must be greater than the stride value 128; tile index = iii
WARNING: orio.module.loop.submodule.tile.transformation: tile size 2 must be greater than the stride value 2; tile index = jjj
WARNING: orio.module.loop.submodule.tile.transformation: tile size 16 must be greater than the stride value 16; tile index = iii
expected=35365613106853966374188386084230371547080230546693629023709483237376.000000
actual=35365613106853966374188386084230371547080230546693629023709483237376.000000
diff=0.000000
diff=1
WARNING: orio.module.loop.submodule.tile.transformation: tile size 32 must be greater than the stride value 32; tile index = iii
expected=35365613106853966374188386084230371547080230546693629023709483237376.000000
actual=35365613106853966374188386084230371547080230546693629023709483237376.000000
diff=0.000000
diff=1
expected=35365613106853966374188386084230371547080230546693629023709483237376.000000
actual=35365613106853966374188386084230371547080230546693629023709483237376.000000
diff=0.000000
diff=1
expected=35365613106853966374188386084230371547080230546693629023709483237376.000000
actual=35365613106853966374188386084230371547080230546693629023709483237376.000000
diff=0.000000
diff=1
expected=35365613106853966374188386084230371547080230546693629023709483237376.000000
actual=35365613106853966374188386084230371547080230546693629023709483237376.000000
diff=0.000000
diff=1
WARNING: orio.module.loop.submodule.tile.transformation: tile size 2048 must be greater than the stride value 2048; tile index = iii
expected=35365613106853966374188386084230371547080230546693629023709483237376.000000
actual=35365613106853966374188386084230371547080230546693629023709483237376.000000
diff=0.000000
diff=1
expected=35365613106853966374188386084230371547080230546693629023709483237376.000000
actual=35365613106853966374188386084230371547080230546693629023709483237376.000000
diff=0.000000
diff=1
expected=35365613106853966374188386084230371547080230546693629023709483237376.000000
actual=35365613106853966374188386084230371547080230546693629023709483237376.000000
diff=0.000000
diff=1
expected=35365613106853966374188386084230371547080230546693629023709483237376.000000
actual=35365613106853966374188386084230371547080230546693629023709483237376.000000
diff=0.000000
diff=1
WARNING: orio.module.loop.submodule.tile.transformation: tile size 512 must be greater than the stride value 512; tile index = kkk
expected=35365613106853966374188386084230371547080230546693629023709483237376.000000
actual=35365613106853966374188386084230371547080230546693629023709483237376.000000
diff=0.000000
diff=1
expected=35365613106853966374188386084230371547080230546693629023709483237376.000000
actual=35365613106853966374188386084230371547080230546693629023709483237376.000000
diff=0.000000
diff=1
WARNING: orio.module.loop.submodule.tile.transformation: tile size 8 must be greater than the stride value 8; tile index = kkk
expected=35365613106853966374188386084230371547080230546693629023709483237376.000000
actual=35365613106853966374188386084230371547080230546693629023709483237376.000000
diff=0.000000
diff=1
WARNING: orio.module.loop.submodule.tile.transformation: tile size 2 must be greater than the stride value 2; tile index = iii
expected=35365613106853966374188386084230371547080230546693629023709483237376.000000
actual=35365613106853966374188386084230371547080230546693629023709483237376.000000
diff=0.000000
diff=1
expected=35365613106853966374188386084230371547080230546693629023709483237376.000000
actual=35365613106853966374188386084230371547080230546693629023709483237376.000000
diff=0.000000
diff=1
expected=35365613106853966374188386084230371547080230546693629023709483237376.000000
actual=35365613106853966374188386084230371547080230546693629023709483237376.000000
diff=0.000000
diff=1
expected=35365613106853966374188386084230371547080230546693629023709483237376.000000
actual=35365613106853966374188386084230371547080230546693629023709483237376.000000
diff=0.000000
diff=1
WARNING: orio.module.loop.submodule.tile.transformation: tile size 4 must be greater than the stride value 4; tile index = kkk
expected=35365613106853966374188386084230371547080230546693629023709483237376.000000
actual=35365613106853966374188386084230371547080230546693629023709483237376.000000
diff=0.000000
diff=1
expected=35365613106853966374188386084230371547080230546693629023709483237376.000000
actual=35365613106853966374188386084230371547080230546693629023709483237376.000000
diff=0.000000
diff=1
expected=35365613106853966374188386084230371547080230546693629023709483237376.000000
actual=35365613106853966374188386084230371547080230546693629023709483237376.000000
diff=0.000000
diff=1
WARNING: orio.module.loop.submodule.tile.transformation: tile size 2048 must be greater than the stride value 2048; tile index = kkk
expected=35365613106853966374188386084230371547080230546693629023709483237376.000000
actual=35365613106853966374188386084230371547080230546693629023709483237376.000000
diff=0.000000
diff=1
expected=35365613106853966374188386084230371547080230546693629023709483237376.000000
actual=35365613106853966374188386084230371547080230546693629023709483237376.000000
diff=0.000000
diff=1
expected=35365613106853966374188386084230371547080230546693629023709483237376.000000
actual=35365613106853966374188386084230371547080230546693629023709483237376.000000
diff=0.000000
diff=1
expected=35365613106853966374188386084230371547080230546693629023709483237376.000000
actual=35365613106853966374188386084230371547080230546693629023709483237376.000000
diff=0.000000
diff=1
expected=35365613106853966374188386084230371547080230546693629023709483237376.000000
actual=35365613106853966374188386084230371547080230546693629023709483237376.000000
diff=0.000000
diff=1
WARNING: orio.module.loop.submodule.tile.transformation: tile size 256 must be greater than the stride value 256; tile index = jjj
expected=35365613106853966374188386084230371547080230546693629023709483237376.000000
actual=35365613106853966374188386084230371547080230546693629023709483237376.000000
diff=0.000000
diff=1
WARNING: orio.module.loop.submodule.tile.transformation: tile size 128 must be greater than the stride value 128; tile index = jjj
expected=35365613106853966374188386084230371547080230546693629023709483237376.000000
actual=35365613106853966374188386084230371547080230546693629023709483237376.000000
diff=0.000000
diff=1
WARNING: orio.module.loop.submodule.tile.transformation: tile size 32 must be greater than the stride value 32; tile index = jjj
WARNING: orio.module.loop.submodule.tile.transformation: tile size 16 must be greater than the stride value 16; tile index = iii
expected=35365613106853966374188386084230371547080230546693629023709483237376.000000
actual=35365613106853966374188386084230371547080230546693629023709483237376.000000
diff=0.000000
diff=1
WARNING: orio.module.loop.submodule.tile.transformation: tile size 8 must be greater than the stride value 8; tile index = iii
WARNING: orio.module.loop.submodule.tile.transformation: tile size 8 must be greater than the stride value 8; tile index = iii
expected=35365613106853966374188386084230371547080230546693629023709483237376.000000
actual=35365613106853966374188386084230371547080230546693629023709483237376.000000
diff=0.000000
diff=1
expected=35365613106853966374188386084230371547080230546693629023709483237376.000000
actual=35365613106853966374188386084230371547080230546693629023709483237376.000000
diff=0.000000
diff=1
WARNING: orio.module.loop.submodule.tile.transformation: tile size 16 must be greater than the stride value 16; tile index = jjj
expected=35365613106853966374188386084230371547080230546693629023709483237376.000000
actual=35365613106853966374188386084230371547080230546693629023709483237376.000000
diff=0.000000
diff=1
expected=35365613106853966374188386084230371547080230546693629023709483237376.000000
actual=35365613106853966374188386084230371547080230546693629023709483237376.000000
diff=0.000000
diff=1
WARNING: orio.module.loop.submodule.tile.transformation: tile size 256 must be greater than the stride value 256; tile index = iii
expected=35365613106853966374188386084230371547080230546693629023709483237376.000000
actual=35365613106853966374188386084230371547080230546693629023709483237376.000000
diff=0.000000
diff=1
expected=35365613106853966374188386084230371547080230546693629023709483237376.000000
actual=35365613106853966374188386084230371547080230546693629023709483237376.000000
diff=0.000000
diff=1
WARNING: orio.module.loop.submodule.tile.transformation: tile size 256 must be greater than the stride value 256; tile index = kkk
expected=35365613106853966374188386084230371547080230546693629023709483237376.000000
actual=35365613106853966374188386084230371547080230546693629023709483237376.000000
diff=0.000000
diff=1
expected=35365613106853966374188386084230371547080230546693629023709483237376.000000
actual=35365613106853966374188386084230371547080230546693629023709483237376.000000
diff=0.000000
diff=1
WARNING: orio.module.loop.submodule.tile.transformation: tile size 2 must be greater than the stride value 2; tile index = jjj
expected=35365613106853966374188386084230371547080230546693629023709483237376.000000
actual=35365613106853966374188386084230371547080230546693629023709483237376.000000
diff=0.000000
diff=1
WARNING: orio.module.loop.submodule.tile.transformation: tile size 512 must be greater than the stride value 512; tile index = jjj
expected=35365613106853966374188386084230371547080230546693629023709483237376.000000
actual=35365613106853966374188386084230371547080230546693629023709483237376.000000
diff=0.000000
diff=1
WARNING: orio.module.loop.submodule.tile.transformation: tile size 16 must be greater than the stride value 16; tile index = iii
expected=35365613106853966374188386084230371547080230546693629023709483237376.000000
actual=35365613106853966374188386084230371547080230546693629023709483237376.000000
diff=0.000000
diff=1
expected=35365613106853966374188386084230371547080230546693629023709483237376.000000
actual=35365613106853966374188386084230371547080230546693629023709483237376.000000
diff=0.000000
diff=1
expected=35365613106853966374188386084230371547080230546693629023709483237376.000000
actual=35365613106853966374188386084230371547080230546693629023709483237376.000000
diff=0.000000
diff=1
WARNING: orio.module.loop.submodule.tile.transformation: tile size 32 must be greater than the stride value 32; tile index = kkk
expected=35365613106853966374188386084230371547080230546693629023709483237376.000000
actual=35365613106853966374188386084230371547080230546693629023709483237376.000000
diff=0.000000
diff=1
WARNING: orio.module.loop.submodule.tile.transformation: tile size 4 must be greater than the stride value 4; tile index = jjj
expected=35365613106853966374188386084230371547080230546693629023709483237376.000000
actual=35365613106853966374188386084230371547080230546693629023709483237376.000000
diff=0.000000
diff=1
WARNING: orio.module.loop.submodule.tile.transformation: tile size 32 must be greater than the stride value 32; tile index = iii
expected=35365613106853966374188386084230371547080230546693629023709483237376.000000
actual=35365613106853966374188386084230371547080230546693629023709483237376.000000
diff=0.000000
diff=1
WARNING: orio.module.loop.submodule.tile.transformation: tile size 2 must be greater than the stride value 2; tile index = kkk
expected=35365613106853966374188386084230371547080230546693629023709483237376.000000
actual=35365613106853966374188386084230371547080230546693629023709483237376.000000
diff=0.000000
diff=1
expected=35365613106853966374188386084230371547080230546693629023709483237376.000000
actual=35365613106853966374188386084230371547080230546693629023709483237376.000000
diff=0.000000
diff=1
