
WARNING: orio.module.loop.submodule.tile.transformation: tile size 2048 must be greater than the stride value 2048; tile index = jjj
expected=327731629723686970110092403143066716733440.000000
actual=405404783999.161072
diff=-2147483648.000000
diff=1
expected=404625855383.976746
actual=405404783999.161072
diff=778928615.000000
diff=0
[00;31mERROR: orio.main.tuner.ptest_driver: failed to execute the test code: "timeout --kill-after=30s --signal=9 20m  ./__orio_perftest2.exe  "
 --> CalledProcessError: Command 'timeout --kill-after=30s --signal=9 20m  ./__orio_perftest2.exe  ' returned non-zero exit status 1[00m
[00;31mERROR: orio.main.tuner.ptest_driver:  performance testing failed: "timeout --kill-after=30s --signal=9 20m  ./__orio_perftest2.exe  "[00m
WARNING: orio.module.loop.submodule.tile.transformation: tile size 1024 must be greater than the stride value 1024; tile index = jjj
expected=31463186184113603983447116766108325322424320.000000
actual=405404783999.161072
diff=-2147483648.000000
diff=1
expected=480410686125.056213
actual=405404783999.161072
diff=-2147483648.000000
diff=1
WARNING: orio.module.loop.submodule.tile.transformation: tile size 256 must be greater than the stride value 256; tile index = iii
expected=841414670173960064.000000
actual=405404783999.161072
diff=-2147483648.000000
diff=1
expected=428073106551.591309
actual=405404783999.161072
diff=-2147483648.000000
diff=1
WARNING: orio.module.loop.submodule.tile.transformation: tile size 2048 must be greater than the stride value 2048; tile index = jjj
WARNING: orio.module.loop.submodule.tile.transformation: tile size 32 must be greater than the stride value 32; tile index = iii
expected=411951912038132992322504090664489424257024.000000
actual=405404783999.161072
diff=-2147483648.000000
diff=1
WARNING: orio.module.loop.submodule.tile.transformation: tile size 16 must be greater than the stride value 16; tile index = jjj
expected=405404783999.161072
actual=405404783999.161072
diff=0.000000
diff=1
expected=795998374020.229492
actual=405404783999.161072
diff=-2147483648.000000
diff=1
expected=42189987366741858973815457141751808.000000
actual=405404783999.161072
diff=-2147483648.000000
diff=1
expected=74238178044323071016875271612072133132288.000000
actual=405404783999.161072
diff=-2147483648.000000
diff=1
WARNING: orio.module.loop.submodule.tile.transformation: tile size 128 must be greater than the stride value 128; tile index = jjj
WARNING: orio.module.loop.submodule.tile.transformation: tile size 2048 must be greater than the stride value 2048; tile index = iii
expected=480410686125.056213
actual=405404783999.161072
diff=-2147483648.000000
diff=1
WARNING: orio.module.loop.submodule.tile.transformation: tile size 256 must be greater than the stride value 256; tile index = jjj
expected=405404783999.161072
actual=405404783999.161072
diff=0.000000
diff=1
expected=19347089782294662628249795271476641792.000000
actual=405404783999.161072
diff=-2147483648.000000
diff=1
expected=405404783999.161072
actual=405404783999.161072
diff=0.000000
diff=1
WARNING: orio.module.loop.submodule.tile.transformation: tile size 32 must be greater than the stride value 32; tile index = jjj
expected=509644961714487339698907993079808.000000
actual=405404783999.161072
diff=-2147483648.000000
diff=1
WARNING: orio.module.loop.submodule.tile.transformation: tile size 32 must be greater than the stride value 32; tile index = jjj
__orio_perftest17.c: In function ‘main’:
__orio_perftest17.c:1435:11: error: ‘newlb_k’ undeclared (first use in this function)
           newlb_k=-2147483648;
           ^~~~~~~
__orio_perftest17.c:1435:11: note: each undeclared identifier is reported only once for each function it appears in
__orio_perftest17.c:1436:11: error: ‘newub_k’ undeclared (first use in this function)
           newub_k=N-1;
           ^~~~~~~
[00;31mERROR: orio.main.tuner.ptest_driver:  failed to compile the testing code: "timeout --kill-after=30s --signal=9 20m gcc -O3 -fopenmp -DDYNAMIC  -DORIO_REPS=10 -o __orio_perftest17.exe __orio_perftest17.c timer_cpu.o -lm -lrt"[00m
[00;31mERROR: orio.main.tuner.ptest_driver:  the executable of the test code does not exist[00m
timeout: failed to run command ‘./__orio_perftest17.exe’: No such file or directory
[00;31mERROR: orio.main.tuner.ptest_driver: failed to execute the test code: "timeout --kill-after=30s --signal=9 20m  ./__orio_perftest17.exe  "
 --> CalledProcessError: Command 'timeout --kill-after=30s --signal=9 20m  ./__orio_perftest17.exe  ' returned non-zero exit status 127[00m
[00;31mERROR: orio.main.tuner.ptest_driver:  performance testing failed: "timeout --kill-after=30s --signal=9 20m  ./__orio_perftest17.exe  "[00m
WARNING: orio.module.loop.submodule.tile.transformation: tile size 64 must be greater than the stride value 64; tile index = iii
Segmentation fault
[00;31mERROR: orio.main.tuner.ptest_driver: failed to execute the test code: "timeout --kill-after=30s --signal=9 20m  ./__orio_perftest18.exe  "
 --> CalledProcessError: Command 'timeout --kill-after=30s --signal=9 20m  ./__orio_perftest18.exe  ' returned non-zero exit status 139[00m
[00;31mERROR: orio.main.tuner.ptest_driver:  performance testing failed: "timeout --kill-after=30s --signal=9 20m  ./__orio_perftest18.exe  "[00m
WARNING: orio.module.loop.submodule.tile.transformation: tile size 2048 must be greater than the stride value 2048; tile index = jjj
expected=404999513999.579834
actual=405404783999.161072
diff=405269999.000000
diff=0
[00;31mERROR: orio.main.tuner.ptest_driver: failed to execute the test code: "timeout --kill-after=30s --signal=9 20m  ./__orio_perftest19.exe  "
 --> CalledProcessError: Command 'timeout --kill-after=30s --signal=9 20m  ./__orio_perftest19.exe  ' returned non-zero exit status 1[00m
[00;31mERROR: orio.main.tuner.ptest_driver:  performance testing failed: "timeout --kill-after=30s --signal=9 20m  ./__orio_perftest19.exe  "[00m
WARNING: orio.module.loop.submodule.tile.transformation: tile size 64 must be greater than the stride value 64; tile index = jjj
expected=4334579073207822174088399092700699679262769152.000000
actual=405404783999.161072
diff=-2147483648.000000
diff=1
WARNING: orio.module.loop.submodule.tile.transformation: tile size 128 must be greater than the stride value 128; tile index = iii
expected=20432982693486746145270255808937229025280.000000
actual=405404783999.161072
diff=-2147483648.000000
diff=1
expected=423413902917.005981
actual=405404783999.161072
diff=-2147483648.000000
diff=1
WARNING: orio.module.loop.submodule.tile.transformation: tile size 2048 must be greater than the stride value 2048; tile index = iii
expected=405404783999.161072
actual=405404783999.161072
diff=0.000000
diff=1
expected=239396278358577725132767232.000000
actual=405404783999.161072
diff=-2147483648.000000
diff=1
expected=14727325352942167224483840.000000
actual=405404783999.161072
diff=-2147483648.000000
diff=1
WARNING: orio.module.loop.submodule.tile.transformation: tile size 512 must be greater than the stride value 512; tile index = iii
WARNING: orio.module.loop.submodule.tile.transformation: tile size 4 must be greater than the stride value 4; tile index = jjj
expected=606898007999.726562
actual=405404783999.161072
diff=-2147483648.000000
diff=1
WARNING: orio.module.loop.submodule.tile.transformation: tile size 8 must be greater than the stride value 8; tile index = iii
expected=4707429473190117948997089886208.000000
actual=405404783999.161072
diff=-2147483648.000000
diff=1
expected=405404783999.161072
actual=405404783999.161072
diff=0.000000
diff=1
expected=75778590614834280419384207556385889575386480640.000000
actual=405404783999.161072
diff=-2147483648.000000
diff=1
WARNING: orio.module.loop.submodule.tile.transformation: tile size 1024 must be greater than the stride value 1024; tile index = iii
WARNING: orio.module.loop.submodule.tile.transformation: tile size 512 must be greater than the stride value 512; tile index = kkk
expected=4118896707507306734132851539994453106229248.000000
actual=405404783999.161072
diff=-2147483648.000000
diff=1
expected=404999513999.579834
actual=405404783999.161072
diff=405269999.000000
diff=0
[00;31mERROR: orio.main.tuner.ptest_driver: failed to execute the test code: "timeout --kill-after=30s --signal=9 20m  ./__orio_perftest31.exe  "
 --> CalledProcessError: Command 'timeout --kill-after=30s --signal=9 20m  ./__orio_perftest31.exe  ' returned non-zero exit status 1[00m
[00;31mERROR: orio.main.tuner.ptest_driver:  performance testing failed: "timeout --kill-after=30s --signal=9 20m  ./__orio_perftest31.exe  "[00m
expected=404695561499.898865
actual=405404783999.161072
diff=709222499.000000
diff=0
[00;31mERROR: orio.main.tuner.ptest_driver: failed to execute the test code: "timeout --kill-after=30s --signal=9 20m  ./__orio_perftest32.exe  "
 --> CalledProcessError: Command 'timeout --kill-after=30s --signal=9 20m  ./__orio_perftest32.exe  ' returned non-zero exit status 1[00m
[00;31mERROR: orio.main.tuner.ptest_driver:  performance testing failed: "timeout --kill-after=30s --signal=9 20m  ./__orio_perftest32.exe  "[00m
WARNING: orio.module.loop.submodule.tile.transformation: tile size 2 must be greater than the stride value 2; tile index = iii
WARNING: orio.module.loop.submodule.tile.transformation: tile size 2048 must be greater than the stride value 2048; tile index = jjj
expected=4678093671059467255414784.000000
actual=405404783999.161072
diff=-2147483648.000000
diff=1
WARNING: orio.module.loop.submodule.tile.transformation: tile size 16 must be greater than the stride value 16; tile index = jjj
WARNING: orio.module.loop.submodule.tile.transformation: tile size 32 must be greater than the stride value 32; tile index = iii
expected=505746126000.108276
actual=405404783999.161072
diff=-2147483648.000000
diff=1
WARNING: orio.module.loop.submodule.tile.transformation: tile size 8 must be greater than the stride value 8; tile index = kkk
expected=93417134942992330763774115455543567090722921368256512.000000
actual=405404783999.161072
diff=-2147483648.000000
diff=1
expected=184352601533955998254442915889568444055552.000000
actual=405404783999.161072
diff=-2147483648.000000
diff=1
expected=405404783999.161072
actual=405404783999.161072
diff=0.000000
diff=1
expected=111895259169454.859375
actual=405404783999.161072
diff=-2147483648.000000
diff=1
expected=2216588066839266528587555666315444224.000000
actual=405404783999.161072
diff=-2147483648.000000
diff=1
expected=405404783999.161072
actual=405404783999.161072
diff=0.000000
diff=1
expected=581477450625.121948
actual=405404783999.161072
diff=-2147483648.000000
diff=1
WARNING: orio.module.loop.submodule.tile.transformation: tile size 8 must be greater than the stride value 8; tile index = kkk
expected=84660426187871099321896494928643489792.000000
actual=405404783999.161072
diff=-2147483648.000000
diff=1
WARNING: orio.module.loop.submodule.tile.transformation: tile size 2048 must be greater than the stride value 2048; tile index = iii
expected=405404783999.161072
actual=405404783999.161072
diff=0.000000
diff=1
WARNING: orio.module.loop.submodule.tile.transformation: tile size 256 must be greater than the stride value 256; tile index = iii
WARNING: orio.module.loop.submodule.tile.transformation: tile size 32 must be greater than the stride value 32; tile index = jjj
expected=1704756805349986304.000000
actual=405404783999.161072
diff=-2147483648.000000
diff=1
WARNING: orio.module.loop.submodule.tile.transformation: tile size 1024 must be greater than the stride value 1024; tile index = iii
WARNING: orio.module.loop.submodule.tile.transformation: tile size 256 must be greater than the stride value 256; tile index = jjj
expected=125746044719047.890625
actual=405404783999.161072
diff=-2147483648.000000
diff=1
WARNING: orio.module.loop.submodule.tile.transformation: tile size 8 must be greater than the stride value 8; tile index = iii
expected=727734855545443121332276959443209420800.000000
actual=405404783999.161072
diff=-2147483648.000000
diff=1
expected=111850034609736.875000
actual=405404783999.161072
diff=-2147483648.000000
diff=1
WARNING: orio.module.loop.submodule.tile.transformation: tile size 128 must be greater than the stride value 128; tile index = jjj
__orio_perftest48.c: In function ‘main’:
__orio_perftest48.c:751:11: error: ‘newlb_k’ undeclared (first use in this function)
           newlb_k=-2147483648;
           ^~~~~~~
__orio_perftest48.c:751:11: note: each undeclared identifier is reported only once for each function it appears in
__orio_perftest48.c:752:11: error: ‘newub_k’ undeclared (first use in this function)
           newub_k=N-1;
           ^~~~~~~
[00;31mERROR: orio.main.tuner.ptest_driver:  failed to compile the testing code: "timeout --kill-after=30s --signal=9 20m gcc -O3 -fopenmp -DDYNAMIC  -DORIO_REPS=10 -o __orio_perftest48.exe __orio_perftest48.c timer_cpu.o -lm -lrt"[00m
[00;31mERROR: orio.main.tuner.ptest_driver:  the executable of the test code does not exist[00m
timeout: failed to run command ‘./__orio_perftest48.exe’: No such file or directory
[00;31mERROR: orio.main.tuner.ptest_driver: failed to execute the test code: "timeout --kill-after=30s --signal=9 20m  ./__orio_perftest48.exe  "
 --> CalledProcessError: Command 'timeout --kill-after=30s --signal=9 20m  ./__orio_perftest48.exe  ' returned non-zero exit status 127[00m
[00;31mERROR: orio.main.tuner.ptest_driver:  performance testing failed: "timeout --kill-after=30s --signal=9 20m  ./__orio_perftest48.exe  "[00m
WARNING: orio.module.loop.submodule.tile.transformation: tile size 8 must be greater than the stride value 8; tile index = kkk
expected=66226650550434.164062
actual=405404783999.161072
diff=-2147483648.000000
diff=1
WARNING: orio.module.loop.submodule.tile.transformation: tile size 64 must be greater than the stride value 64; tile index = iii
expected=269922935422661844842246200885248.000000
actual=405404783999.161072
diff=-2147483648.000000
diff=1
expected=404625855383.976746
actual=405404783999.161072
diff=778928615.000000
diff=0
[00;31mERROR: orio.main.tuner.ptest_driver: failed to execute the test code: "timeout --kill-after=30s --signal=9 20m  ./__orio_perftest51.exe  "
 --> CalledProcessError: Command 'timeout --kill-after=30s --signal=9 20m  ./__orio_perftest51.exe  ' returned non-zero exit status 1[00m
[00;31mERROR: orio.main.tuner.ptest_driver:  performance testing failed: "timeout --kill-after=30s --signal=9 20m  ./__orio_perftest51.exe  "[00m
WARNING: orio.module.loop.submodule.tile.transformation: tile size 128 must be greater than the stride value 128; tile index = jjj
expected=2695256891604426710202999155458198994944.000000
actual=405404783999.161072
diff=-2147483648.000000
diff=1
expected=2416962075040218137255050831036313742868480.000000
actual=405404783999.161072
diff=-2147483648.000000
diff=1
expected=50018805168236743534753004403209499836416.000000
actual=405404783999.161072
diff=-2147483648.000000
diff=1
expected=43985793741820932659973188651482873856.000000
actual=405404783999.161072
diff=-2147483648.000000
diff=1
WARNING: orio.module.loop.submodule.tile.transformation: tile size 16 must be greater than the stride value 16; tile index = iii
expected=14167431144472351565131702836658176.000000
actual=405404783999.161072
diff=-2147483648.000000
diff=1
expected=581477450625.121948
actual=405404783999.161072
diff=-2147483648.000000
diff=1
WARNING: orio.module.loop.submodule.tile.transformation: tile size 32 must be greater than the stride value 32; tile index = jjj
expected=148947924984269491954219594037485737153965064192.000000
actual=405404783999.161072
diff=-2147483648.000000
diff=1
expected=405404783999.161072
actual=405404783999.161072
diff=0.000000
diff=1
WARNING: orio.module.loop.submodule.tile.transformation: tile size 2048 must be greater than the stride value 2048; tile index = iii
expected=405404783999.161072
actual=405404783999.161072
diff=0.000000
diff=1
expected=5401596048675504006365184.000000
actual=405404783999.161072
diff=-2147483648.000000
diff=1
WARNING: orio.module.loop.submodule.tile.transformation: tile size 512 must be greater than the stride value 512; tile index = iii
WARNING: orio.module.loop.submodule.tile.transformation: tile size 32 must be greater than the stride value 32; tile index = jjj
expected=404695561499.898865
actual=405404783999.161072
diff=709222499.000000
diff=0
[00;31mERROR: orio.main.tuner.ptest_driver: failed to execute the test code: "timeout --kill-after=30s --signal=9 20m  ./__orio_perftest62.exe  "
 --> CalledProcessError: Command 'timeout --kill-after=30s --signal=9 20m  ./__orio_perftest62.exe  ' returned non-zero exit status 1[00m
[00;31mERROR: orio.main.tuner.ptest_driver:  performance testing failed: "timeout --kill-after=30s --signal=9 20m  ./__orio_perftest62.exe  "[00m
expected=7624885748951667511734571046603774540570951680.000000
actual=405404783999.161072
diff=-2147483648.000000
diff=1
expected=140875415861204.437500
actual=405404783999.161072
diff=-2147483648.000000
diff=1
WARNING: orio.module.loop.submodule.tile.transformation: tile size 2048 must be greater than the stride value 2048; tile index = iii
WARNING: orio.module.loop.submodule.tile.transformation: tile size 1024 must be greater than the stride value 1024; tile index = jjj
expected=600107531625.006592
actual=405404783999.161072
diff=-2147483648.000000
diff=1
expected=59212710872563169095991801656731566524413956325376.000000
actual=405404783999.161072
diff=-2147483648.000000
diff=1
WARNING: orio.module.loop.submodule.tile.transformation: tile size 64 must be greater than the stride value 64; tile index = iii
expected=1391795160548536482569941663350784.000000
actual=405404783999.161072
diff=-2147483648.000000
diff=1
WARNING: orio.module.loop.submodule.tile.transformation: tile size 32 must be greater than the stride value 32; tile index = jjj
expected=417143471805.003174
actual=405404783999.161072
diff=-2147483648.000000
diff=1
WARNING: orio.module.loop.submodule.tile.transformation: tile size 1024 must be greater than the stride value 1024; tile index = iii
WARNING: orio.module.loop.submodule.tile.transformation: tile size 256 must be greater than the stride value 256; tile index = kkk
expected=505746126000.108276
actual=405404783999.161072
diff=-2147483648.000000
diff=1
WARNING: orio.module.loop.submodule.tile.transformation: tile size 1024 must be greater than the stride value 1024; tile index = jjj
expected=499277754022.632996
actual=405404783999.161072
diff=-2147483648.000000
diff=1
WARNING: orio.module.loop.submodule.tile.transformation: tile size 1024 must be greater than the stride value 1024; tile index = jjj
expected=405404783999.161072
actual=405404783999.161072
diff=0.000000
diff=1
WARNING: orio.module.loop.submodule.tile.transformation: tile size 2048 must be greater than the stride value 2048; tile index = kkk
expected=22006083118668664284234590481650360126537728.000000
actual=405404783999.161072
diff=-2147483648.000000
diff=1
expected=451545608533.717834
actual=405404783999.161072
diff=-2147483648.000000
diff=1
expected=404999513999.579834
actual=405404783999.161072
diff=405269999.000000
diff=0
[00;31mERROR: orio.main.tuner.ptest_driver: failed to execute the test code: "timeout --kill-after=30s --signal=9 20m  ./__orio_perftest74.exe  "
 --> CalledProcessError: Command 'timeout --kill-after=30s --signal=9 20m  ./__orio_perftest74.exe  ' returned non-zero exit status 1[00m
[00;31mERROR: orio.main.tuner.ptest_driver:  performance testing failed: "timeout --kill-after=30s --signal=9 20m  ./__orio_perftest74.exe  "[00m
WARNING: orio.module.loop.submodule.tile.transformation: tile size 512 must be greater than the stride value 512; tile index = iii
expected=66488323134201.640625
actual=405404783999.161072
diff=-2147483648.000000
diff=1
expected=11658608774698707151386873788992722042880.000000
actual=405404783999.161072
diff=-2147483648.000000
diff=1
expected=6123165051425718982394125551140864.000000
actual=405404783999.161072
diff=-2147483648.000000
diff=1
WARNING: orio.module.loop.submodule.tile.transformation: tile size 64 must be greater than the stride value 64; tile index = iii
expected=391681205710231318288022626996584448.000000
actual=405404783999.161072
diff=-2147483648.000000
diff=1
WARNING: orio.module.loop.submodule.tile.transformation: tile size 64 must be greater than the stride value 64; tile index = kkk
expected=707832877499.565063
actual=405404783999.161072
diff=-2147483648.000000
diff=1
expected=405404783999.161072
actual=405404783999.161072
diff=0.000000
diff=1
WARNING: orio.module.loop.submodule.tile.transformation: tile size 2048 must be greater than the stride value 2048; tile index = jjj
expected=25839413530993193323496341615870476288.000000
actual=405404783999.161072
diff=-2147483648.000000
diff=1
expected=1310150663959997080515434649742230635413504.000000
actual=405404783999.161072
diff=-2147483648.000000
diff=1
expected=405404783999.161072
actual=405404783999.161072
diff=0.000000
diff=1
WARNING: orio.module.loop.submodule.tile.transformation: tile size 2048 must be greater than the stride value 2048; tile index = jjj
expected=556227128250.036255
actual=405404783999.161072
diff=-2147483648.000000
diff=1
WARNING: orio.module.loop.submodule.tile.transformation: tile size 4 must be greater than the stride value 4; tile index = jjj
WARNING: orio.module.loop.submodule.tile.transformation: tile size 2048 must be greater than the stride value 2048; tile index = jjj
expected=74948106810660729762479247196160.000000
actual=405404783999.161072
diff=-2147483648.000000
diff=1
expected=3842397546805591938170880.000000
actual=405404783999.161072
diff=-2147483648.000000
diff=1
WARNING: orio.module.loop.submodule.tile.transformation: tile size 2 must be greater than the stride value 2; tile index = jjj
WARNING: orio.module.loop.submodule.tile.transformation: tile size 2048 must be greater than the stride value 2048; tile index = jjj
expected=66510617313909040836642319892480.000000
actual=405404783999.161072
diff=-2147483648.000000
diff=1
expected=404650981799.946045
actual=405404783999.161072
diff=753802199.000000
diff=0
[00;31mERROR: orio.main.tuner.ptest_driver: failed to execute the test code: "timeout --kill-after=30s --signal=9 20m  ./__orio_perftest88.exe  "
 --> CalledProcessError: Command 'timeout --kill-after=30s --signal=9 20m  ./__orio_perftest88.exe  ' returned non-zero exit status 1[00m
[00;31mERROR: orio.main.tuner.ptest_driver:  performance testing failed: "timeout --kill-after=30s --signal=9 20m  ./__orio_perftest88.exe  "[00m
WARNING: orio.module.loop.submodule.tile.transformation: tile size 2048 must be greater than the stride value 2048; tile index = kkk
expected=76547985448085316650960080407517459659096064.000000
actual=405404783999.161072
diff=-2147483648.000000
diff=1
WARNING: orio.module.loop.submodule.tile.transformation: tile size 256 must be greater than the stride value 256; tile index = jjj
expected=318687848017563158747093765720933222318080.000000
actual=405404783999.161072
diff=-2147483648.000000
diff=1
WARNING: orio.module.loop.submodule.tile.transformation: tile size 256 must be greater than the stride value 256; tile index = iii
WARNING: orio.module.loop.submodule.tile.transformation: tile size 2048 must be greater than the stride value 2048; tile index = jjj
expected=21856218817177912524061152366045876994944532480.000000
actual=405404783999.161072
diff=-2147483648.000000
diff=1
WARNING: orio.module.loop.submodule.tile.transformation: tile size 2048 must be greater than the stride value 2048; tile index = iii
expected=63012392733683235726602247729019208954506379264.000000
actual=405404783999.161072
diff=-2147483648.000000
diff=1
WARNING: orio.module.loop.submodule.tile.transformation: tile size 32 must be greater than the stride value 32; tile index = iii
WARNING: orio.module.loop.submodule.tile.transformation: tile size 2048 must be greater than the stride value 2048; tile index = kkk
expected=405404783999.161072
actual=405404783999.161072
diff=0.000000
diff=1
expected=1164475162724098196480923675415153737728.000000
actual=405404783999.161072
diff=-2147483648.000000
diff=1
WARNING: orio.module.loop.submodule.tile.transformation: tile size 128 must be greater than the stride value 128; tile index = jjj
expected=783420360840.200317
actual=405404783999.161072
diff=-2147483648.000000
diff=1
WARNING: orio.module.loop.submodule.tile.transformation: tile size 2048 must be greater than the stride value 2048; tile index = jjj
expected=405404783999.161072
actual=405404783999.161072
diff=0.000000
diff=1
expected=1541929642386867712.000000
actual=405404783999.161072
diff=-2147483648.000000
diff=1
WARNING: orio.module.loop.submodule.tile.transformation: tile size 2048 must be greater than the stride value 2048; tile index = kkk
expected=405404783999.161072
actual=405404783999.161072
diff=0.000000
diff=1
WARNING: orio.module.loop.submodule.tile.transformation: tile size 32 must be greater than the stride value 32; tile index = iii
WARNING: orio.module.loop.submodule.tile.transformation: tile size 2048 must be greater than the stride value 2048; tile index = kkk
expected=25268858209252447713174654146935424878116864.000000
actual=405404783999.161072
diff=-2147483648.000000
diff=1
expected=795998374020.229492
actual=405404783999.161072
diff=-2147483648.000000
diff=1
expected=405404783999.161072
actual=405404783999.161072
diff=0.000000
diff=1
WARNING: orio.module.loop.submodule.tile.transformation: tile size 2048 must be greater than the stride value 2048; tile index = jjj
expected=404695561499.898865
actual=405404783999.161072
diff=709222499.000000
diff=0
[00;31mERROR: orio.main.tuner.ptest_driver: failed to execute the test code: "timeout --kill-after=30s --signal=9 20m  ./__orio_perftest102.exe  "
 --> CalledProcessError: Command 'timeout --kill-after=30s --signal=9 20m  ./__orio_perftest102.exe  ' returned non-zero exit status 1[00m
[00;31mERROR: orio.main.tuner.ptest_driver:  performance testing failed: "timeout --kill-after=30s --signal=9 20m  ./__orio_perftest102.exe  "[00m
WARNING: orio.module.loop.submodule.tile.transformation: tile size 2048 must be greater than the stride value 2048; tile index = jjj
expected=92317187033161.359375
actual=405404783999.161072
diff=-2147483648.000000
diff=1
WARNING: orio.module.loop.submodule.tile.transformation: tile size 2048 must be greater than the stride value 2048; tile index = iii
expected=501602062020076726780410297724174336.000000
actual=405404783999.161072
diff=-2147483648.000000
diff=1
expected=405404783999.161072
actual=405404783999.161072
diff=0.000000
diff=1
WARNING: orio.module.loop.submodule.tile.transformation: tile size 2048 must be greater than the stride value 2048; tile index = jjj
expected=453131256958.834534
actual=405404783999.161072
diff=-2147483648.000000
diff=1
WARNING: orio.module.loop.submodule.tile.transformation: tile size 16 must be greater than the stride value 16; tile index = jjj
expected=4266877082911338114580480.000000
actual=405404783999.161072
diff=-2147483648.000000
diff=1
WARNING: orio.module.loop.submodule.tile.transformation: tile size 256 must be greater than the stride value 256; tile index = iii
expected=4214514646299977728.000000
actual=405404783999.161072
diff=-2147483648.000000
diff=1
WARNING: orio.module.loop.submodule.tile.transformation: tile size 2048 must be greater than the stride value 2048; tile index = jjj
expected=405404783999.161072
actual=405404783999.161072
diff=0.000000
diff=1
WARNING: orio.module.loop.submodule.tile.transformation: tile size 1024 must be greater than the stride value 1024; tile index = iii
WARNING: orio.module.loop.submodule.tile.transformation: tile size 512 must be greater than the stride value 512; tile index = jjj
WARNING: orio.module.loop.submodule.tile.transformation: tile size 2048 must be greater than the stride value 2048; tile index = jjj
WARNING: orio.module.loop.submodule.tile.transformation: tile size 2048 must be greater than the stride value 2048; tile index = kkk
expected=428805954317.424988
actual=405404783999.161072
diff=-2147483648.000000
diff=1
expected=404999513999.579834
actual=405404783999.161072
diff=405269999.000000
diff=0
[00;31mERROR: orio.main.tuner.ptest_driver: failed to execute the test code: "timeout --kill-after=30s --signal=9 20m  ./__orio_perftest111.exe  "
 --> CalledProcessError: Command 'timeout --kill-after=30s --signal=9 20m  ./__orio_perftest111.exe  ' returned non-zero exit status 1[00m
[00;31mERROR: orio.main.tuner.ptest_driver:  performance testing failed: "timeout --kill-after=30s --signal=9 20m  ./__orio_perftest111.exe  "[00m
expected=14103757530707252297596928.000000
actual=405404783999.161072
diff=-2147483648.000000
diff=1
WARNING: orio.module.loop.submodule.tile.transformation: tile size 256 must be greater than the stride value 256; tile index = iii
expected=30088103016902717440.000000
actual=405404783999.161072
diff=-2147483648.000000
diff=1
expected=714165253688913069914026437213421568.000000
actual=405404783999.161072
diff=-2147483648.000000
diff=1
WARNING: orio.module.loop.submodule.tile.transformation: tile size 2048 must be greater than the stride value 2048; tile index = jjj
expected=66703363369605.898438
actual=405404783999.161072
diff=-2147483648.000000
diff=1
expected=1826050923555350016.000000
actual=405404783999.161072
diff=-2147483648.000000
diff=1
WARNING: orio.module.loop.submodule.tile.transformation: tile size 128 must be greater than the stride value 128; tile index = jjj
WARNING: orio.module.loop.submodule.tile.transformation: tile size 2048 must be greater than the stride value 2048; tile index = jjj
expected=707832877499.565063
actual=405404783999.161072
diff=-2147483648.000000
diff=1
expected=405404783999.161072
actual=405404783999.161072
diff=0.000000
diff=1
WARNING: orio.module.loop.submodule.tile.transformation: tile size 2048 must be greater than the stride value 2048; tile index = jjj
expected=10499249363304706956781155631759360.000000
actual=405404783999.161072
diff=-2147483648.000000
diff=1
WARNING: orio.module.loop.submodule.tile.transformation: tile size 2048 must be greater than the stride value 2048; tile index = jjj
expected=404625855383.976746
actual=405404783999.161072
diff=778928615.000000
diff=0
[00;31mERROR: orio.main.tuner.ptest_driver: failed to execute the test code: "timeout --kill-after=30s --signal=9 20m  ./__orio_perftest120.exe  "
 --> CalledProcessError: Command 'timeout --kill-after=30s --signal=9 20m  ./__orio_perftest120.exe  ' returned non-zero exit status 1[00m
[00;31mERROR: orio.main.tuner.ptest_driver:  performance testing failed: "timeout --kill-after=30s --signal=9 20m  ./__orio_perftest120.exe  "[00m
WARNING: orio.module.loop.submodule.tile.transformation: tile size 2048 must be greater than the stride value 2048; tile index = iii
expected=405404783999.161072
actual=405404783999.161072
diff=0.000000
diff=1
WARNING: orio.module.loop.submodule.tile.transformation: tile size 1024 must be greater than the stride value 1024; tile index = jjj
WARNING: orio.module.loop.submodule.tile.transformation: tile size 2048 must be greater than the stride value 2048; tile index = jjj
expected=679173236855541128769700363247812608.000000
actual=405404783999.161072
diff=-2147483648.000000
diff=1
WARNING: orio.module.loop.submodule.tile.transformation: tile size 2048 must be greater than the stride value 2048; tile index = jjj
expected=4964173468346464543440896.000000
actual=405404783999.161072
diff=-2147483648.000000
diff=1
expected=6057637730484447924532434156431352004608.000000
actual=405404783999.161072
diff=-2147483648.000000
diff=1
expected=404650981799.946045
actual=405404783999.161072
diff=753802199.000000
diff=0
[00;31mERROR: orio.main.tuner.ptest_driver: failed to execute the test code: "timeout --kill-after=30s --signal=9 20m  ./__orio_perftest125.exe  "
 --> CalledProcessError: Command 'timeout --kill-after=30s --signal=9 20m  ./__orio_perftest125.exe  ' returned non-zero exit status 1[00m
[00;31mERROR: orio.main.tuner.ptest_driver:  performance testing failed: "timeout --kill-after=30s --signal=9 20m  ./__orio_perftest125.exe  "[00m
WARNING: orio.module.loop.submodule.tile.transformation: tile size 2048 must be greater than the stride value 2048; tile index = iii
expected=453131256958.834534
actual=405404783999.161072
diff=-2147483648.000000
diff=1
expected=439255089371847560964079616.000000
actual=405404783999.161072
diff=-2147483648.000000
diff=1
expected=227123747460562088263505303098682886848512.000000
actual=405404783999.161072
diff=-2147483648.000000
diff=1
WARNING: orio.module.loop.submodule.tile.transformation: tile size 2048 must be greater than the stride value 2048; tile index = jjj
expected=606898007999.726562
actual=405404783999.161072
diff=-2147483648.000000
diff=1
WARNING: orio.module.loop.submodule.tile.transformation: tile size 512 must be greater than the stride value 512; tile index = jjj
WARNING: orio.module.loop.submodule.tile.transformation: tile size 256 must be greater than the stride value 256; tile index = iii
WARNING: orio.module.loop.submodule.tile.transformation: tile size 2048 must be greater than the stride value 2048; tile index = jjj
expected=995579875692248960.000000
actual=405404783999.161072
diff=-2147483648.000000
diff=1
WARNING: orio.module.loop.submodule.tile.transformation: tile size 2048 must be greater than the stride value 2048; tile index = jjj
expected=350818753946661332293887289279812275798016.000000
actual=405404783999.161072
diff=-2147483648.000000
diff=1
WARNING: orio.module.loop.submodule.tile.transformation: tile size 32 must be greater than the stride value 32; tile index = iii
expected=2163831447895565421638148511254150163464192.000000
actual=405404783999.161072
diff=-2147483648.000000
diff=1
WARNING: orio.module.loop.submodule.tile.transformation: tile size 2048 must be greater than the stride value 2048; tile index = iii
WARNING: orio.module.loop.submodule.tile.transformation: tile size 2048 must be greater than the stride value 2048; tile index = jjj
expected=417143471805.003174
actual=405404783999.161072
diff=-2147483648.000000
diff=1
WARNING: orio.module.loop.submodule.tile.transformation: tile size 2 must be greater than the stride value 2; tile index = iii
WARNING: orio.module.loop.submodule.tile.transformation: tile size 512 must be greater than the stride value 512; tile index = iii
WARNING: orio.module.loop.submodule.tile.transformation: tile size 2048 must be greater than the stride value 2048; tile index = jjj
expected=405404783999.161072
actual=405404783999.161072
diff=0.000000
diff=1
WARNING: orio.module.loop.submodule.tile.transformation: tile size 2048 must be greater than the stride value 2048; tile index = iii
WARNING: orio.module.loop.submodule.tile.transformation: tile size 2048 must be greater than the stride value 2048; tile index = jjj
expected=25415086494997954406861196304446699241209856.000000
actual=405404783999.161072
diff=-2147483648.000000
diff=1
WARNING: orio.module.loop.submodule.tile.transformation: tile size 8 must be greater than the stride value 8; tile index = iii
WARNING: orio.module.loop.submodule.tile.transformation: tile size 2048 must be greater than the stride value 2048; tile index = jjj
expected=4098237420146954277486592.000000
actual=405404783999.161072
diff=-2147483648.000000
diff=1
WARNING: orio.module.loop.submodule.tile.transformation: tile size 2048 must be greater than the stride value 2048; tile index = jjj
expected=129372124191291.906250
actual=405404783999.161072
diff=-2147483648.000000
diff=1
WARNING: orio.module.loop.submodule.tile.transformation: tile size 2048 must be greater than the stride value 2048; tile index = kkk
expected=405404783999.161072
actual=405404783999.161072
diff=0.000000
diff=1
expected=19342401002421347080772407776115793128281935446016.000000
actual=405404783999.161072
diff=-2147483648.000000
diff=1
WARNING: orio.module.loop.submodule.tile.transformation: tile size 2048 must be greater than the stride value 2048; tile index = jjj
expected=429708324888.000366
actual=405404783999.161072
diff=-2147483648.000000
diff=1
expected=10148520933829822504734998508077056.000000
actual=405404783999.161072
diff=-2147483648.000000
diff=1
expected=405404783999.161072
actual=405404783999.161072
diff=0.000000
diff=1
WARNING: orio.module.loop.submodule.tile.transformation: tile size 2048 must be greater than the stride value 2048; tile index = iii
expected=90301903713820831624727567007744.000000
actual=405404783999.161072
diff=-2147483648.000000
diff=1
WARNING: orio.module.loop.submodule.tile.transformation: tile size 2048 must be greater than the stride value 2048; tile index = jjj
expected=31000998038024725606158287581285127428553834496.000000
actual=405404783999.161072
diff=-2147483648.000000
diff=1
WARNING: orio.module.loop.submodule.tile.transformation: tile size 8 must be greater than the stride value 8; tile index = iii
expected=405404783999.161072
actual=405404783999.161072
diff=0.000000
diff=1
expected=404796878999.792175
actual=405404783999.161072
diff=607904999.000000
diff=0
[00;31mERROR: orio.main.tuner.ptest_driver: failed to execute the test code: "timeout --kill-after=30s --signal=9 20m  ./__orio_perftest146.exe  "
 --> CalledProcessError: Command 'timeout --kill-after=30s --signal=9 20m  ./__orio_perftest146.exe  ' returned non-zero exit status 1[00m
[00;31mERROR: orio.main.tuner.ptest_driver:  performance testing failed: "timeout --kill-after=30s --signal=9 20m  ./__orio_perftest146.exe  "[00m
expected=404625855383.976746
actual=405404783999.161072
diff=778928615.000000
diff=0
[00;31mERROR: orio.main.tuner.ptest_driver: failed to execute the test code: "timeout --kill-after=30s --signal=9 20m  ./__orio_perftest147.exe  "
 --> CalledProcessError: Command 'timeout --kill-after=30s --signal=9 20m  ./__orio_perftest147.exe  ' returned non-zero exit status 1[00m
[00;31mERROR: orio.main.tuner.ptest_driver:  performance testing failed: "timeout --kill-after=30s --signal=9 20m  ./__orio_perftest147.exe  "[00m
WARNING: orio.module.loop.submodule.tile.transformation: tile size 32 must be greater than the stride value 32; tile index = iii
expected=27107645299494236353236469906084602107613109288960.000000
actual=405404783999.161072
diff=-2147483648.000000
diff=1
WARNING: orio.module.loop.submodule.tile.transformation: tile size 2048 must be greater than the stride value 2048; tile index = kkk
expected=606898007999.726562
actual=405404783999.161072
diff=-2147483648.000000
diff=1
WARNING: orio.module.loop.submodule.tile.transformation: tile size 128 must be greater than the stride value 128; tile index = jjj
expected=66390822049423.539062
actual=405404783999.161072
diff=-2147483648.000000
diff=1
WARNING: orio.module.loop.submodule.tile.transformation: tile size 2048 must be greater than the stride value 2048; tile index = iii
expected=707832877499.565063
actual=405404783999.161072
diff=-2147483648.000000
diff=1
WARNING: orio.module.loop.submodule.tile.transformation: tile size 2048 must be greater than the stride value 2048; tile index = jjj
expected=10771374153980359359856640.000000
actual=405404783999.161072
diff=-2147483648.000000
diff=1
WARNING: orio.module.loop.submodule.tile.transformation: tile size 2048 must be greater than the stride value 2048; tile index = jjj
WARNING: orio.module.loop.submodule.tile.transformation: tile size 2048 must be greater than the stride value 2048; tile index = kkk
expected=111985102917834.312500
actual=405404783999.161072
diff=-2147483648.000000
diff=1
WARNING: orio.module.loop.submodule.tile.transformation: tile size 16 must be greater than the stride value 16; tile index = jjj
WARNING: orio.module.loop.submodule.tile.transformation: tile size 2048 must be greater than the stride value 2048; tile index = jjj
WARNING: orio.module.loop.submodule.tile.transformation: tile size 2048 must be greater than the stride value 2048; tile index = kkk
expected=1830103645319211008.000000
actual=405404783999.161072
diff=-2147483648.000000
diff=1
WARNING: orio.module.loop.submodule.tile.transformation: tile size 2048 must be greater than the stride value 2048; tile index = jjj
WARNING: orio.module.loop.submodule.tile.transformation: tile size 2048 must be greater than the stride value 2048; tile index = kkk
expected=30412993513950115976728107729677158249922560.000000
actual=405404783999.161072
diff=-2147483648.000000
diff=1
WARNING: orio.module.loop.submodule.tile.transformation: tile size 128 must be greater than the stride value 128; tile index = iii
WARNING: orio.module.loop.submodule.tile.transformation: tile size 2048 must be greater than the stride value 2048; tile index = kkk
expected=3483872332121102895546368.000000
actual=405404783999.161072
diff=-2147483648.000000
diff=1
WARNING: orio.module.loop.submodule.tile.transformation: tile size 2048 must be greater than the stride value 2048; tile index = jjj
WARNING: orio.module.loop.submodule.tile.transformation: tile size 2048 must be greater than the stride value 2048; tile index = kkk
expected=90461602319036882618782898076119821757884399616.000000
actual=405404783999.161072
diff=-2147483648.000000
diff=1
WARNING: orio.module.loop.submodule.tile.transformation: tile size 2048 must be greater than the stride value 2048; tile index = jjj
WARNING: orio.module.loop.submodule.tile.transformation: tile size 2048 must be greater than the stride value 2048; tile index = kkk
expected=1985165610981770879209233479546410114412969984.000000
actual=405404783999.161072
diff=-2147483648.000000
diff=1
WARNING: orio.module.loop.submodule.tile.transformation: tile size 2048 must be greater than the stride value 2048; tile index = kkk
expected=22458082077009825622015424283160301866951114752.000000
actual=405404783999.161072
diff=-2147483648.000000
diff=1
WARNING: orio.module.loop.submodule.tile.transformation: tile size 2048 must be greater than the stride value 2048; tile index = kkk
expected=405404783999.161072
actual=405404783999.161072
diff=0.000000
diff=1
WARNING: orio.module.loop.submodule.tile.transformation: tile size 2048 must be greater than the stride value 2048; tile index = jjj
WARNING: orio.module.loop.submodule.tile.transformation: tile size 2048 must be greater than the stride value 2048; tile index = kkk
expected=2397249422815136267889207269857262503771920027090944.000000
actual=405404783999.161072
diff=-2147483648.000000
diff=1
WARNING: orio.module.loop.submodule.tile.transformation: tile size 4 must be greater than the stride value 4; tile index = jjj
WARNING: orio.module.loop.submodule.tile.transformation: tile size 4 must be greater than the stride value 4; tile index = iii
WARNING: orio.module.loop.submodule.tile.transformation: tile size 2048 must be greater than the stride value 2048; tile index = kkk
expected=36403057907777231598635822499287318506014934827008.000000
actual=405404783999.161072
diff=-2147483648.000000
diff=1
WARNING: orio.module.loop.submodule.tile.transformation: tile size 2048 must be greater than the stride value 2048; tile index = kkk
expected=588770452714312131994720017692774891520.000000
actual=405404783999.161072
diff=-2147483648.000000
diff=1
WARNING: orio.module.loop.submodule.tile.transformation: tile size 2048 must be greater than the stride value 2048; tile index = jjj
WARNING: orio.module.loop.submodule.tile.transformation: tile size 2048 must be greater than the stride value 2048; tile index = kkk
expected=98332114769393810700067079133709983547392.000000
actual=405404783999.161072
diff=-2147483648.000000
diff=1
WARNING: orio.module.loop.submodule.tile.transformation: tile size 2048 must be greater than the stride value 2048; tile index = kkk
expected=421780709921313040367300278898379232838156288000.000000
actual=405404783999.161072
diff=-2147483648.000000
diff=1
WARNING: orio.module.loop.submodule.tile.transformation: tile size 256 must be greater than the stride value 256; tile index = iii
WARNING: orio.module.loop.submodule.tile.transformation: tile size 2048 must be greater than the stride value 2048; tile index = kkk
expected=4470717952729201836752316279558644957184.000000
actual=405404783999.161072
diff=-2147483648.000000
diff=1
WARNING: orio.module.loop.submodule.tile.transformation: tile size 2048 must be greater than the stride value 2048; tile index = jjj
WARNING: orio.module.loop.submodule.tile.transformation: tile size 2048 must be greater than the stride value 2048; tile index = kkk
expected=112031875353256.046875
actual=405404783999.161072
diff=-2147483648.000000
diff=1
WARNING: orio.module.loop.submodule.tile.transformation: tile size 2048 must be greater than the stride value 2048; tile index = iii
WARNING: orio.module.loop.submodule.tile.transformation: tile size 2048 must be greater than the stride value 2048; tile index = jjj
WARNING: orio.module.loop.submodule.tile.transformation: tile size 2048 must be greater than the stride value 2048; tile index = kkk
expected=598725793433302454564833790917302641309515776.000000
actual=405404783999.161072
diff=-2147483648.000000
diff=1
WARNING: orio.module.loop.submodule.tile.transformation: tile size 2048 must be greater than the stride value 2048; tile index = jjj
WARNING: orio.module.loop.submodule.tile.transformation: tile size 2048 must be greater than the stride value 2048; tile index = kkk
expected=1886790022873387776.000000
actual=405404783999.161072
diff=-2147483648.000000
diff=1
WARNING: orio.module.loop.submodule.tile.transformation: tile size 2048 must be greater than the stride value 2048; tile index = jjj
WARNING: orio.module.loop.submodule.tile.transformation: tile size 2048 must be greater than the stride value 2048; tile index = kkk
expected=441537450312898236165148106950331422736384.000000
actual=405404783999.161072
diff=-2147483648.000000
diff=1
WARNING: orio.module.loop.submodule.tile.transformation: tile size 2048 must be greater than the stride value 2048; tile index = jjj
WARNING: orio.module.loop.submodule.tile.transformation: tile size 128 must be greater than the stride value 128; tile index = iii
WARNING: orio.module.loop.submodule.tile.transformation: tile size 2048 must be greater than the stride value 2048; tile index = kkk
expected=1233918618611162699268096.000000
actual=405404783999.161072
diff=-2147483648.000000
diff=1
WARNING: orio.module.loop.submodule.tile.transformation: tile size 2048 must be greater than the stride value 2048; tile index = jjj
WARNING: orio.module.loop.submodule.tile.transformation: tile size 2048 must be greater than the stride value 2048; tile index = kkk
expected=426627749206585330146325577139848185118720.000000
actual=405404783999.161072
diff=-2147483648.000000
diff=1
WARNING: orio.module.loop.submodule.tile.transformation: tile size 2048 must be greater than the stride value 2048; tile index = kkk
expected=655685044677622724082348893143040.000000
actual=405404783999.161072
diff=-2147483648.000000
diff=1
WARNING: orio.module.loop.submodule.tile.transformation: tile size 2048 must be greater than the stride value 2048; tile index = jjj
WARNING: orio.module.loop.submodule.tile.transformation: tile size 2048 must be greater than the stride value 2048; tile index = kkk
expected=1082030990672433725486807070514178007800741888.000000
actual=405404783999.161072
diff=-2147483648.000000
diff=1
WARNING: orio.module.loop.submodule.tile.transformation: tile size 2048 must be greater than the stride value 2048; tile index = jjj
WARNING: orio.module.loop.submodule.tile.transformation: tile size 2048 must be greater than the stride value 2048; tile index = kkk
expected=9796425747031705630775413874881973977088.000000
actual=405404783999.161072
diff=-2147483648.000000
diff=1
WARNING: orio.module.loop.submodule.tile.transformation: tile size 2048 must be greater than the stride value 2048; tile index = kkk
expected=687343841868572027525038751357155986636800.000000
actual=405404783999.161072
diff=-2147483648.000000
diff=1
WARNING: orio.module.loop.submodule.tile.transformation: tile size 2048 must be greater than the stride value 2048; tile index = jjj
WARNING: orio.module.loop.submodule.tile.transformation: tile size 2048 must be greater than the stride value 2048; tile index = kkk
expected=36824364302295474835529425534952576120782848.000000
actual=405404783999.161072
diff=-2147483648.000000
diff=1
WARNING: orio.module.loop.submodule.tile.transformation: tile size 2048 must be greater than the stride value 2048; tile index = jjj
WARNING: orio.module.loop.submodule.tile.transformation: tile size 2048 must be greater than the stride value 2048; tile index = kkk
expected=6097618371299686039134278721672045587429588992.000000
actual=405404783999.161072
diff=-2147483648.000000
diff=1
WARNING: orio.module.loop.submodule.tile.transformation: tile size 2048 must be greater than the stride value 2048; tile index = jjj
WARNING: orio.module.loop.submodule.tile.transformation: tile size 2048 must be greater than the stride value 2048; tile index = kkk
expected=1094899466045789548890865585989233934336.000000
actual=405404783999.161072
diff=-2147483648.000000
diff=1
WARNING: orio.module.loop.submodule.tile.transformation: tile size 2048 must be greater than the stride value 2048; tile index = jjj
WARNING: orio.module.loop.submodule.tile.transformation: tile size 2048 must be greater than the stride value 2048; tile index = kkk
expected=32684145166015047334588756000768.000000
actual=405404783999.161072
diff=-2147483648.000000
diff=1
WARNING: orio.module.loop.submodule.tile.transformation: tile size 2048 must be greater than the stride value 2048; tile index = jjj
WARNING: orio.module.loop.submodule.tile.transformation: tile size 2048 must be greater than the stride value 2048; tile index = kkk
expected=348816207723007994893935663177381158311035928576.000000
actual=405404783999.161072
diff=-2147483648.000000
diff=1
WARNING: orio.module.loop.submodule.tile.transformation: tile size 128 must be greater than the stride value 128; tile index = jjj
WARNING: orio.module.loop.submodule.tile.transformation: tile size 2048 must be greater than the stride value 2048; tile index = jjj
WARNING: orio.module.loop.submodule.tile.transformation: tile size 2048 must be greater than the stride value 2048; tile index = kkk
expected=112050579044805.375000
actual=405404783999.161072
diff=-2147483648.000000
diff=1
WARNING: orio.module.loop.submodule.tile.transformation: tile size 2048 must be greater than the stride value 2048; tile index = jjj
WARNING: orio.module.loop.submodule.tile.transformation: tile size 2048 must be greater than the stride value 2048; tile index = kkk
expected=464418478549257453174537119443499824144122380288.000000
actual=405404783999.161072
diff=-2147483648.000000
diff=1
WARNING: orio.module.loop.submodule.tile.transformation: tile size 2048 must be greater than the stride value 2048; tile index = kkk
expected=404999513999.579834
actual=405404783999.161072
diff=405269999.000000
diff=0
[00;31mERROR: orio.main.tuner.ptest_driver: failed to execute the test code: "timeout --kill-after=30s --signal=9 20m  ./__orio_perftest184.exe  "
 --> CalledProcessError: Command 'timeout --kill-after=30s --signal=9 20m  ./__orio_perftest184.exe  ' returned non-zero exit status 1[00m
[00;31mERROR: orio.main.tuner.ptest_driver:  performance testing failed: "timeout --kill-after=30s --signal=9 20m  ./__orio_perftest184.exe  "[00m
WARNING: orio.module.loop.submodule.tile.transformation: tile size 2048 must be greater than the stride value 2048; tile index = jjj
WARNING: orio.module.loop.submodule.tile.transformation: tile size 2048 must be greater than the stride value 2048; tile index = kkk
expected=3748044459268302080774814676469571125248.000000
actual=405404783999.161072
diff=-2147483648.000000
diff=1
WARNING: orio.module.loop.submodule.tile.transformation: tile size 4 must be greater than the stride value 4; tile index = iii
WARNING: orio.module.loop.submodule.tile.transformation: tile size 2048 must be greater than the stride value 2048; tile index = jjj
WARNING: orio.module.loop.submodule.tile.transformation: tile size 2048 must be greater than the stride value 2048; tile index = kkk
expected=137207908214919588693083831525790836966031360.000000
actual=405404783999.161072
diff=-2147483648.000000
diff=1
WARNING: orio.module.loop.submodule.tile.transformation: tile size 2048 must be greater than the stride value 2048; tile index = kkk
expected=554990645248345559737230193281374910161092608.000000
actual=405404783999.161072
diff=-2147483648.000000
diff=1
WARNING: orio.module.loop.submodule.tile.transformation: tile size 2048 must be greater than the stride value 2048; tile index = jjj
WARNING: orio.module.loop.submodule.tile.transformation: tile size 2048 must be greater than the stride value 2048; tile index = kkk
expected=109388326203770224248744559052006096896.000000
actual=405404783999.161072
diff=-2147483648.000000
diff=1
WARNING: orio.module.loop.submodule.tile.transformation: tile size 2048 must be greater than the stride value 2048; tile index = kkk
expected=189271776769878370135413498134919437615104.000000
actual=405404783999.161072
diff=-2147483648.000000
diff=1
WARNING: orio.module.loop.submodule.tile.transformation: tile size 2048 must be greater than the stride value 2048; tile index = kkk
expected=404695561499.898865
actual=405404783999.161072
diff=709222499.000000
diff=0
[00;31mERROR: orio.main.tuner.ptest_driver: failed to execute the test code: "timeout --kill-after=30s --signal=9 20m  ./__orio_perftest190.exe  "
 --> CalledProcessError: Command 'timeout --kill-after=30s --signal=9 20m  ./__orio_perftest190.exe  ' returned non-zero exit status 1[00m
[00;31mERROR: orio.main.tuner.ptest_driver:  performance testing failed: "timeout --kill-after=30s --signal=9 20m  ./__orio_perftest190.exe  "[00m
WARNING: orio.module.loop.submodule.tile.transformation: tile size 2048 must be greater than the stride value 2048; tile index = kkk
expected=118751275321399825868842273307885568.000000
actual=405404783999.161072
diff=-2147483648.000000
diff=1
WARNING: orio.module.loop.submodule.tile.transformation: tile size 8 must be greater than the stride value 8; tile index = iii
WARNING: orio.module.loop.submodule.tile.transformation: tile size 2048 must be greater than the stride value 2048; tile index = kkk
expected=1514775893235147036803257931395462516965376.000000
actual=405404783999.161072
diff=-2147483648.000000
diff=1
WARNING: orio.module.loop.submodule.tile.transformation: tile size 2048 must be greater than the stride value 2048; tile index = kkk
expected=24064105453522080757822396726791253614087379091456.000000
actual=405404783999.161072
diff=-2147483648.000000
diff=1
WARNING: orio.module.loop.submodule.tile.transformation: tile size 2048 must be greater than the stride value 2048; tile index = kkk
expected=67488286582193.125000
actual=405404783999.161072
diff=-2147483648.000000
diff=1
WARNING: orio.module.loop.submodule.tile.transformation: tile size 32 must be greater than the stride value 32; tile index = jjj
WARNING: orio.module.loop.submodule.tile.transformation: tile size 2048 must be greater than the stride value 2048; tile index = jjj
WARNING: orio.module.loop.submodule.tile.transformation: tile size 2048 must be greater than the stride value 2048; tile index = kkk
expected=11868030621105855316467630754345158665675210752.000000
actual=405404783999.161072
diff=-2147483648.000000
diff=1
WARNING: orio.module.loop.submodule.tile.transformation: tile size 2048 must be greater than the stride value 2048; tile index = kkk
expected=14274602171642063243723817592998492973991874002944.000000
actual=405404783999.161072
diff=-2147483648.000000
diff=1
WARNING: orio.module.loop.submodule.tile.transformation: tile size 2048 must be greater than the stride value 2048; tile index = jjj
WARNING: orio.module.loop.submodule.tile.transformation: tile size 2048 must be greater than the stride value 2048; tile index = kkk
expected=4043195963561699941078663612596224.000000
actual=405404783999.161072
diff=-2147483648.000000
diff=1
WARNING: orio.module.loop.submodule.tile.transformation: tile size 8 must be greater than the stride value 8; tile index = jjj
WARNING: orio.module.loop.submodule.tile.transformation: tile size 2048 must be greater than the stride value 2048; tile index = kkk
expected=56705271160818558238257845707028299776.000000
actual=405404783999.161072
diff=-2147483648.000000
diff=1
WARNING: orio.module.loop.submodule.tile.transformation: tile size 2048 must be greater than the stride value 2048; tile index = kkk
expected=2536500780134681095962624.000000
actual=405404783999.161072
diff=-2147483648.000000
diff=1
WARNING: orio.module.loop.submodule.tile.transformation: tile size 2048 must be greater than the stride value 2048; tile index = jjj
WARNING: orio.module.loop.submodule.tile.transformation: tile size 2048 must be greater than the stride value 2048; tile index = kkk
expected=4752297097776607006565476455153664.000000
actual=405404783999.161072
diff=-2147483648.000000
diff=1
WARNING: orio.module.loop.submodule.tile.transformation: tile size 2048 must be greater than the stride value 2048; tile index = jjj
WARNING: orio.module.loop.submodule.tile.transformation: tile size 2048 must be greater than the stride value 2048; tile index = kkk
expected=405404783999.161072
actual=405404783999.161072
diff=0.000000
diff=1
WARNING: orio.module.loop.submodule.tile.transformation: tile size 8 must be greater than the stride value 8; tile index = iii
WARNING: orio.module.loop.submodule.tile.transformation: tile size 2048 must be greater than the stride value 2048; tile index = jjj
WARNING: orio.module.loop.submodule.tile.transformation: tile size 2048 must be greater than the stride value 2048; tile index = kkk
expected=6547460966993402760683096499229110518291628032.000000
actual=405404783999.161072
diff=-2147483648.000000
diff=1
WARNING: orio.module.loop.submodule.tile.transformation: tile size 8 must be greater than the stride value 8; tile index = iii
WARNING: orio.module.loop.submodule.tile.transformation: tile size 2048 must be greater than the stride value 2048; tile index = kkk
expected=338933205074804958717574822393730485095311081472.000000
actual=405404783999.161072
diff=-2147483648.000000
diff=1
WARNING: orio.module.loop.submodule.tile.transformation: tile size 32 must be greater than the stride value 32; tile index = jjj
WARNING: orio.module.loop.submodule.tile.transformation: tile size 8 must be greater than the stride value 8; tile index = iii
WARNING: orio.module.loop.submodule.tile.transformation: tile size 2048 must be greater than the stride value 2048; tile index = jjj
WARNING: orio.module.loop.submodule.tile.transformation: tile size 2048 must be greater than the stride value 2048; tile index = kkk
expected=151198943223360022819054214920553280313957191516160.000000
actual=405404783999.161072
diff=-2147483648.000000
diff=1
WARNING: orio.module.loop.submodule.tile.transformation: tile size 8 must be greater than the stride value 8; tile index = iii
WARNING: orio.module.loop.submodule.tile.transformation: tile size 2048 must be greater than the stride value 2048; tile index = jjj
WARNING: orio.module.loop.submodule.tile.transformation: tile size 2048 must be greater than the stride value 2048; tile index = kkk
expected=3721600148765001140601446698998726224339009536.000000
actual=405404783999.161072
diff=-2147483648.000000
diff=1
WARNING: orio.module.loop.submodule.tile.transformation: tile size 32 must be greater than the stride value 32; tile index = jjj
WARNING: orio.module.loop.submodule.tile.transformation: tile size 8 must be greater than the stride value 8; tile index = iii
WARNING: orio.module.loop.submodule.tile.transformation: tile size 2048 must be greater than the stride value 2048; tile index = kkk
expected=33154586963572771190886461875297266140446720.000000
actual=405404783999.161072
diff=-2147483648.000000
diff=1
WARNING: orio.module.loop.submodule.tile.transformation: tile size 32 must be greater than the stride value 32; tile index = jjj
WARNING: orio.module.loop.submodule.tile.transformation: tile size 8 must be greater than the stride value 8; tile index = iii
WARNING: orio.module.loop.submodule.tile.transformation: tile size 2048 must be greater than the stride value 2048; tile index = kkk
expected=18988247989032731956904686009715636254619667223543808.000000
actual=405404783999.161072
diff=-2147483648.000000
diff=1
WARNING: orio.module.loop.submodule.tile.transformation: tile size 8 must be greater than the stride value 8; tile index = iii
WARNING: orio.module.loop.submodule.tile.transformation: tile size 2048 must be greater than the stride value 2048; tile index = jjj
WARNING: orio.module.loop.submodule.tile.transformation: tile size 2048 must be greater than the stride value 2048; tile index = kkk
expected=24356908362911984055306673377126482886787072.000000
actual=405404783999.161072
diff=-2147483648.000000
diff=1
WARNING: orio.module.loop.submodule.tile.transformation: tile size 8 must be greater than the stride value 8; tile index = iii
WARNING: orio.module.loop.submodule.tile.transformation: tile size 2048 must be greater than the stride value 2048; tile index = jjj
WARNING: orio.module.loop.submodule.tile.transformation: tile size 2048 must be greater than the stride value 2048; tile index = kkk
expected=785411639811798323931147512647860527659220992.000000
actual=405404783999.161072
diff=-2147483648.000000
diff=1
WARNING: orio.module.loop.submodule.tile.transformation: tile size 32 must be greater than the stride value 32; tile index = jjj
WARNING: orio.module.loop.submodule.tile.transformation: tile size 8 must be greater than the stride value 8; tile index = iii
WARNING: orio.module.loop.submodule.tile.transformation: tile size 2048 must be greater than the stride value 2048; tile index = jjj
WARNING: orio.module.loop.submodule.tile.transformation: tile size 2048 must be greater than the stride value 2048; tile index = kkk
expected=18211987187647703443546504566756794175586304.000000
actual=405404783999.161072
diff=-2147483648.000000
diff=1
WARNING: orio.module.loop.submodule.tile.transformation: tile size 8 must be greater than the stride value 8; tile index = iii
WARNING: orio.module.loop.submodule.tile.transformation: tile size 2048 must be greater than the stride value 2048; tile index = jjj
WARNING: orio.module.loop.submodule.tile.transformation: tile size 2048 must be greater than the stride value 2048; tile index = kkk
expected=2708521130119112483586773217088760960778240.000000
actual=405404783999.161072
diff=-2147483648.000000
diff=1
WARNING: orio.module.loop.submodule.tile.transformation: tile size 8 must be greater than the stride value 8; tile index = iii
WARNING: orio.module.loop.submodule.tile.transformation: tile size 2048 must be greater than the stride value 2048; tile index = kkk
expected=3440909568460760980436716386838756323305193472.000000
actual=405404783999.161072
diff=-2147483648.000000
diff=1
WARNING: orio.module.loop.submodule.tile.transformation: tile size 8 must be greater than the stride value 8; tile index = iii
WARNING: orio.module.loop.submodule.tile.transformation: tile size 2048 must be greater than the stride value 2048; tile index = jjj
WARNING: orio.module.loop.submodule.tile.transformation: tile size 2048 must be greater than the stride value 2048; tile index = kkk
expected=854252772656635063385708245917037422741284632657920.000000
actual=405404783999.161072
diff=-2147483648.000000
diff=1
WARNING: orio.module.loop.submodule.tile.transformation: tile size 8 must be greater than the stride value 8; tile index = iii
WARNING: orio.module.loop.submodule.tile.transformation: tile size 2048 must be greater than the stride value 2048; tile index = kkk
expected=6650579150285017187962824289011825551343616.000000
actual=405404783999.161072
diff=-2147483648.000000
diff=1
WARNING: orio.module.loop.submodule.tile.transformation: tile size 8 must be greater than the stride value 8; tile index = iii
WARNING: orio.module.loop.submodule.tile.transformation: tile size 2048 must be greater than the stride value 2048; tile index = jjj
WARNING: orio.module.loop.submodule.tile.transformation: tile size 2048 must be greater than the stride value 2048; tile index = kkk
expected=302485093749401278569266722737677647814328320.000000
actual=405404783999.161072
diff=-2147483648.000000
diff=1
WARNING: orio.module.loop.submodule.tile.transformation: tile size 8 must be greater than the stride value 8; tile index = iii
WARNING: orio.module.loop.submodule.tile.transformation: tile size 2048 must be greater than the stride value 2048; tile index = jjj
WARNING: orio.module.loop.submodule.tile.transformation: tile size 2048 must be greater than the stride value 2048; tile index = kkk
expected=86633089349335470635989717985071262640505880576.000000
actual=405404783999.161072
diff=-2147483648.000000
diff=1
WARNING: orio.module.loop.submodule.tile.transformation: tile size 8 must be greater than the stride value 8; tile index = iii
WARNING: orio.module.loop.submodule.tile.transformation: tile size 2048 must be greater than the stride value 2048; tile index = kkk
expected=3545375912350285558557638318579890609841530663337984.000000
actual=405404783999.161072
diff=-2147483648.000000
diff=1
WARNING: orio.module.loop.submodule.tile.transformation: tile size 8 must be greater than the stride value 8; tile index = iii
WARNING: orio.module.loop.submodule.tile.transformation: tile size 2048 must be greater than the stride value 2048; tile index = kkk
expected=11808649132255026804512101712608279770500694016.000000
actual=405404783999.161072
diff=-2147483648.000000
diff=1
WARNING: orio.module.loop.submodule.tile.transformation: tile size 8 must be greater than the stride value 8; tile index = iii
WARNING: orio.module.loop.submodule.tile.transformation: tile size 2048 must be greater than the stride value 2048; tile index = jjj
WARNING: orio.module.loop.submodule.tile.transformation: tile size 2048 must be greater than the stride value 2048; tile index = kkk
expected=730588620125485505433689754934130309124713063907328.000000
actual=405404783999.161072
diff=-2147483648.000000
diff=1
WARNING: orio.module.loop.submodule.tile.transformation: tile size 8 must be greater than the stride value 8; tile index = iii
WARNING: orio.module.loop.submodule.tile.transformation: tile size 2048 must be greater than the stride value 2048; tile index = jjj
WARNING: orio.module.loop.submodule.tile.transformation: tile size 2048 must be greater than the stride value 2048; tile index = kkk
expected=846821759109789498513948440422292948293878022144.000000
actual=405404783999.161072
diff=-2147483648.000000
diff=1
WARNING: orio.module.loop.submodule.tile.transformation: tile size 8 must be greater than the stride value 8; tile index = iii
WARNING: orio.module.loop.submodule.tile.transformation: tile size 2048 must be greater than the stride value 2048; tile index = kkk
expected=10486687969066279514976354935080268246219545903104.000000
actual=405404783999.161072
diff=-2147483648.000000
diff=1
WARNING: orio.module.loop.submodule.tile.transformation: tile size 8 must be greater than the stride value 8; tile index = iii
WARNING: orio.module.loop.submodule.tile.transformation: tile size 2048 must be greater than the stride value 2048; tile index = jjj
WARNING: orio.module.loop.submodule.tile.transformation: tile size 2048 must be greater than the stride value 2048; tile index = kkk
expected=91627892361200379642567749591733471221427929612288.000000
actual=405404783999.161072
diff=-2147483648.000000
diff=1
WARNING: orio.module.loop.submodule.tile.transformation: tile size 8 must be greater than the stride value 8; tile index = iii
WARNING: orio.module.loop.submodule.tile.transformation: tile size 2048 must be greater than the stride value 2048; tile index = kkk
expected=3788970314308820257968244726180763691416255725568.000000
actual=405404783999.161072
diff=-2147483648.000000
diff=1
WARNING: orio.module.loop.submodule.tile.transformation: tile size 8 must be greater than the stride value 8; tile index = iii
WARNING: orio.module.loop.submodule.tile.transformation: tile size 2048 must be greater than the stride value 2048; tile index = jjj
WARNING: orio.module.loop.submodule.tile.transformation: tile size 2048 must be greater than the stride value 2048; tile index = kkk
expected=17863013220696413910099029942062002305236992.000000
actual=405404783999.161072
diff=-2147483648.000000
diff=1
WARNING: orio.module.loop.submodule.tile.transformation: tile size 8 must be greater than the stride value 8; tile index = iii
WARNING: orio.module.loop.submodule.tile.transformation: tile size 2048 must be greater than the stride value 2048; tile index = kkk
expected=39167866986904814236037880420501058565358856699904.000000
actual=405404783999.161072
diff=-2147483648.000000
diff=1
WARNING: orio.module.loop.submodule.tile.transformation: tile size 8 must be greater than the stride value 8; tile index = iii
WARNING: orio.module.loop.submodule.tile.transformation: tile size 2048 must be greater than the stride value 2048; tile index = kkk
expected=9442086138646602931406085398376030653529003655168.000000
actual=405404783999.161072
diff=-2147483648.000000
diff=1
WARNING: orio.module.loop.submodule.tile.transformation: tile size 8 must be greater than the stride value 8; tile index = iii
WARNING: orio.module.loop.submodule.tile.transformation: tile size 2048 must be greater than the stride value 2048; tile index = jjj
WARNING: orio.module.loop.submodule.tile.transformation: tile size 2048 must be greater than the stride value 2048; tile index = kkk
expected=76758049658267288883004325904333577553707008.000000
actual=405404783999.161072
diff=-2147483648.000000
diff=1
WARNING: orio.module.loop.submodule.tile.transformation: tile size 8 must be greater than the stride value 8; tile index = iii
WARNING: orio.module.loop.submodule.tile.transformation: tile size 2048 must be greater than the stride value 2048; tile index = jjj
WARNING: orio.module.loop.submodule.tile.transformation: tile size 2048 must be greater than the stride value 2048; tile index = kkk
expected=3804583875814240723167721123638618100229734400.000000
actual=405404783999.161072
diff=-2147483648.000000
diff=1
WARNING: orio.module.loop.submodule.tile.transformation: tile size 8 must be greater than the stride value 8; tile index = iii
WARNING: orio.module.loop.submodule.tile.transformation: tile size 2048 must be greater than the stride value 2048; tile index = kkk
expected=5789621806493270536579333816067200878130537431040.000000
actual=405404783999.161072
diff=-2147483648.000000
diff=1
WARNING: orio.module.loop.submodule.tile.transformation: tile size 32 must be greater than the stride value 32; tile index = jjj
WARNING: orio.module.loop.submodule.tile.transformation: tile size 8 must be greater than the stride value 8; tile index = iii
WARNING: orio.module.loop.submodule.tile.transformation: tile size 2048 must be greater than the stride value 2048; tile index = jjj
WARNING: orio.module.loop.submodule.tile.transformation: tile size 2048 must be greater than the stride value 2048; tile index = kkk
expected=2760473506694370154513148135285656502423238213632.000000
actual=405404783999.161072
diff=-2147483648.000000
diff=1
WARNING: orio.module.loop.submodule.tile.transformation: tile size 32 must be greater than the stride value 32; tile index = jjj
WARNING: orio.module.loop.submodule.tile.transformation: tile size 8 must be greater than the stride value 8; tile index = iii
WARNING: orio.module.loop.submodule.tile.transformation: tile size 2048 must be greater than the stride value 2048; tile index = kkk
expected=462487103898017846616264229810456282526956650496.000000
actual=405404783999.161072
diff=-2147483648.000000
diff=1
WARNING: orio.module.loop.submodule.tile.transformation: tile size 8 must be greater than the stride value 8; tile index = iii
WARNING: orio.module.loop.submodule.tile.transformation: tile size 2048 must be greater than the stride value 2048; tile index = jjj
WARNING: orio.module.loop.submodule.tile.transformation: tile size 2048 must be greater than the stride value 2048; tile index = kkk
expected=48185277038264205687197692794096657896713486336.000000
actual=405404783999.161072
diff=-2147483648.000000
diff=1
WARNING: orio.module.loop.submodule.tile.transformation: tile size 8 must be greater than the stride value 8; tile index = iii
WARNING: orio.module.loop.submodule.tile.transformation: tile size 2048 must be greater than the stride value 2048; tile index = jjj
WARNING: orio.module.loop.submodule.tile.transformation: tile size 2048 must be greater than the stride value 2048; tile index = kkk
expected=234139883241602067269238292165778353304895488.000000
actual=405404783999.161072
diff=-2147483648.000000
diff=1
WARNING: orio.module.loop.submodule.tile.transformation: tile size 32 must be greater than the stride value 32; tile index = iii
