
expected=2.500000
actual=2.500000
diff=0.000000
diff=1
expected=2.499711
actual=2.500000
diff=0.000000
diff=1
expected=2.498949
actual=2.500000
diff=0.000000
diff=1
expected=2.500000
actual=2.500000
diff=0.000000
diff=1
expected=2.500000
actual=2.500000
diff=0.000000
diff=1
expected=2.500000
actual=2.500000
diff=0.000000
diff=1
expected=2.492032
actual=2.500000
diff=0.000000
diff=1
expected=2.494757
actual=2.500000
diff=0.000000
diff=1
expected=4.990090
actual=2.500000
diff=2.000000
diff=0
[00;31mERROR: orio.main.tuner.ptest_driver: failed to execute the test code: "timeout --kill-after=30s --signal=9 20m  ./__orio_perftest9.exe  "
 --> CalledProcessError: Command 'timeout --kill-after=30s --signal=9 20m  ./__orio_perftest9.exe  ' returned non-zero exit status 1[00m
[00;31mERROR: orio.main.tuner.ptest_driver:  performance testing failed: "timeout --kill-after=30s --signal=9 20m  ./__orio_perftest9.exe  "[00m
expected=2.500000
actual=2.500000
diff=0.000000
diff=1
WARNING: orio.module.loop.submodule.tile.transformation: tile size 128 must be greater than the stride value 128; tile index = iii
expected=2.496732
actual=2.500000
diff=0.000000
diff=1
expected=2.498448
actual=2.500000
diff=0.000000
diff=1
expected=2.500000
actual=2.500000
diff=0.000000
diff=1
expected=2.499647
actual=2.500000
diff=0.000000
diff=1
WARNING: orio.module.loop.submodule.tile.transformation: tile size 4 must be greater than the stride value 4; tile index = iii
expected=2.473848
actual=2.500000
diff=0.000000
diff=1
expected=2.500000
actual=2.500000
diff=0.000000
diff=1
WARNING: orio.module.loop.submodule.tile.transformation: tile size 32 must be greater than the stride value 32; tile index = iii
expected=2.499109
actual=2.500000
diff=0.000000
diff=1
WARNING: orio.module.loop.submodule.tile.transformation: tile size 128 must be greater than the stride value 128; tile index = jjj
expected=2.500000
actual=2.500000
diff=0.000000
diff=1
expected=2.500000
actual=2.500000
diff=0.000000
diff=1
WARNING: orio.module.loop.submodule.tile.transformation: tile size 8 must be greater than the stride value 8; tile index = iii
WARNING: orio.module.loop.submodule.tile.transformation: tile size 2 must be greater than the stride value 2; tile index = jjj
expected=2.500000
actual=2.500000
diff=0.000000
diff=1
expected=2.500000
actual=2.500000
diff=0.000000
diff=1
expected=2.500000
actual=2.500000
diff=0.000000
diff=1
expected=2.500000
actual=2.500000
diff=0.000000
diff=1
expected=2.498891
actual=2.500000
diff=0.000000
diff=1
expected=2.499760
actual=2.500000
diff=0.000000
diff=1
expected=2.499873
actual=2.500000
diff=0.000000
diff=1
WARNING: orio.module.loop.submodule.tile.transformation: tile size 256 must be greater than the stride value 256; tile index = jjj
expected=2.499463
actual=2.500000
diff=0.000000
diff=1
expected=2.500000
actual=2.500000
diff=0.000000
diff=1
expected=2.497617
actual=2.500000
diff=0.000000
diff=1
expected=2.498775
actual=2.500000
diff=0.000000
diff=1
WARNING: orio.module.loop.submodule.tile.transformation: tile size 8 must be greater than the stride value 8; tile index = jjj
expected=2.500000
actual=2.500000
diff=0.000000
diff=1
WARNING: orio.module.loop.submodule.tile.transformation: tile size 128 must be greater than the stride value 128; tile index = jjj
expected=2.499207
actual=2.500000
diff=0.000000
diff=1
WARNING: orio.module.loop.submodule.tile.transformation: tile size 1024 must be greater than the stride value 1024; tile index = iii
expected=2.500000
actual=2.500000
diff=0.000000
diff=1
expected=2.500000
actual=2.500000
diff=0.000000
diff=1
expected=2.494853
actual=2.500000
diff=0.000000
diff=1
expected=2.500000
actual=2.500000
diff=0.000000
diff=1
expected=2.500000
actual=2.500000
diff=0.000000
diff=1
WARNING: orio.module.loop.submodule.tile.transformation: tile size 2 must be greater than the stride value 2; tile index = jjj
expected=2.500000
actual=2.500000
diff=0.000000
diff=1
WARNING: orio.module.loop.submodule.tile.transformation: tile size 2 must be greater than the stride value 2; tile index = iii
expected=2.476149
actual=2.500000
diff=0.000000
diff=1
expected=2.500000
actual=2.500000
diff=0.000000
diff=1
expected=2.500000
actual=2.500000
diff=0.000000
diff=1
expected=2.500000
actual=2.500000
diff=0.000000
diff=1
expected=2.499034
actual=2.500000
diff=0.000000
diff=1
WARNING: orio.module.loop.submodule.tile.transformation: tile size 256 must be greater than the stride value 256; tile index = jjj
expected=2.500000
actual=2.500000
diff=0.000000
diff=1
expected=2.497109
actual=2.500000
diff=0.000000
diff=1
expected=2.495639
actual=2.500000
diff=0.000000
diff=1
expected=2.500000
actual=2.500000
diff=0.000000
diff=1
expected=2.498969
actual=2.500000
diff=0.000000
diff=1
expected=2.497524
actual=2.500000
diff=0.000000
diff=1
expected=2.487149
actual=2.500000
diff=0.000000
diff=1
expected=2.484908
actual=2.500000
diff=0.000000
diff=1
expected=2.493458
actual=2.500000
diff=0.000000
diff=1
WARNING: orio.module.loop.submodule.tile.transformation: tile size 128 must be greater than the stride value 128; tile index = jjj
expected=2.495922
actual=2.500000
diff=0.000000
diff=1
expected=2.500000
actual=2.500000
diff=0.000000
diff=1
expected=2.500000
actual=2.500000
diff=0.000000
diff=1
expected=2.500000
actual=2.500000
diff=0.000000
diff=1
expected=2.494419
actual=2.500000
diff=0.000000
diff=1
WARNING: orio.module.loop.submodule.tile.transformation: tile size 64 must be greater than the stride value 64; tile index = iii
WARNING: orio.module.loop.submodule.tile.transformation: tile size 16 must be greater than the stride value 16; tile index = jjj
expected=2.480908
actual=2.500000
diff=0.000000
diff=1
expected=2.500000
actual=2.500000
diff=0.000000
diff=1
expected=2.500000
actual=2.500000
diff=0.000000
diff=1
expected=2.500000
actual=2.500000
diff=0.000000
diff=1
expected=2.499592
actual=2.500000
diff=0.000000
diff=1
expected=2.500000
actual=2.500000
diff=0.000000
diff=1
expected=2.494685
actual=2.500000
diff=0.000000
diff=1
expected=2.500000
actual=2.500000
diff=0.000000
diff=1
expected=2.498978
actual=2.500000
diff=0.000000
diff=1
expected=2.499745
actual=2.500000
diff=0.000000
diff=1
expected=2.489855
actual=2.500000
diff=0.000000
diff=1
expected=2.500000
actual=2.500000
diff=0.000000
diff=1
WARNING: orio.module.loop.submodule.tile.transformation: tile size 256 must be greater than the stride value 256; tile index = iii
expected=2.499192
actual=2.500000
diff=0.000000
diff=1
expected=2.497634
actual=2.500000
diff=0.000000
diff=1
WARNING: orio.module.loop.submodule.tile.transformation: tile size 128 must be greater than the stride value 128; tile index = jjj
expected=2.500000
actual=2.500000
diff=0.000000
diff=1
expected=2.498005
actual=2.500000
diff=0.000000
diff=1
expected=2.495916
actual=2.500000
diff=0.000000
diff=1
expected=2.498802
actual=2.500000
diff=0.000000
diff=1
expected=2.500000
actual=2.500000
diff=0.000000
diff=1
WARNING: orio.module.loop.submodule.tile.transformation: tile size 2 must be greater than the stride value 2; tile index = iii
expected=2.500000
actual=2.500000
diff=0.000000
diff=1
expected=2.499607
actual=2.500000
diff=0.000000
diff=1
expected=2.498662
actual=2.500000
diff=0.000000
diff=1
expected=2.499071
actual=2.500000
diff=0.000000
diff=1
expected=2.498193
actual=2.500000
diff=0.000000
diff=1
expected=2.499839
actual=2.500000
diff=0.000000
diff=1
expected=2.500000
actual=2.500000
diff=0.000000
diff=1
expected=2.498434
actual=2.500000
diff=0.000000
diff=1
WARNING: orio.module.loop.submodule.tile.transformation: tile size 4 must be greater than the stride value 4; tile index = jjj
expected=2.499156
actual=2.500000
diff=0.000000
diff=1
expected=2.499019
actual=2.500000
diff=0.000000
diff=1
expected=2.500000
actual=2.500000
diff=0.000000
diff=1
expected=2.499745
actual=2.500000
diff=0.000000
diff=1
expected=2.498579
actual=2.500000
diff=0.000000
diff=1
WARNING: orio.module.loop.submodule.tile.transformation: tile size 2 must be greater than the stride value 2; tile index = iii
expected=2.498044
actual=2.500000
diff=0.000000
diff=1
expected=2.500000
actual=2.500000
diff=0.000000
diff=1
expected=2.500000
actual=2.500000
diff=0.000000
diff=1
WARNING: orio.module.loop.submodule.tile.transformation: tile size 1024 must be greater than the stride value 1024; tile index = iii
expected=2.500000
actual=2.500000
diff=0.000000
diff=1
expected=2.500000
actual=2.500000
diff=0.000000
diff=1
expected=2.498715
actual=2.500000
diff=0.000000
diff=1
expected=2.498606
actual=2.500000
diff=0.000000
diff=1
expected=2.499557
actual=2.500000
diff=0.000000
diff=1
expected=2.500000
actual=2.500000
diff=0.000000
diff=1
expected=2.495528
actual=2.500000
diff=0.000000
diff=1
WARNING: orio.module.loop.submodule.tile.transformation: tile size 16 must be greater than the stride value 16; tile index = jjj
expected=2.500000
actual=2.500000
diff=0.000000
diff=1
expected=2.499481
actual=2.500000
diff=0.000000
diff=1
expected=2.497842
actual=2.500000
diff=0.000000
diff=1
WARNING: orio.module.loop.submodule.tile.transformation: tile size 4 must be greater than the stride value 4; tile index = jjj
expected=2.499360
actual=2.500000
diff=0.000000
diff=1
expected=2.499472
actual=2.500000
diff=0.000000
diff=1
WARNING: orio.module.loop.submodule.tile.transformation: tile size 16 must be greater than the stride value 16; tile index = jjj
expected=2.485365
actual=2.500000
diff=0.000000
diff=1
expected=2.497994
actual=2.500000
diff=0.000000
diff=1
expected=2.499122
actual=2.500000
diff=0.000000
diff=1
WARNING: orio.module.loop.submodule.tile.transformation: tile size 16 must be greater than the stride value 16; tile index = iii
expected=2.496561
actual=2.500000
diff=0.000000
diff=1
WARNING: orio.module.loop.submodule.tile.transformation: tile size 256 must be greater than the stride value 256; tile index = jjj
expected=2.495754
actual=2.500000
diff=0.000000
diff=1
expected=2.500000
actual=2.500000
diff=0.000000
diff=1
expected=2.500000
actual=2.500000
diff=0.000000
diff=1
expected=2.498101
actual=2.500000
diff=0.000000
diff=1
expected=2.498861
actual=2.500000
diff=0.000000
diff=1
expected=2.489263
actual=2.500000
diff=0.000000
diff=1
expected=2.498932
actual=2.500000
diff=0.000000
diff=1
expected=2.500000
actual=2.500000
diff=0.000000
diff=1
expected=2.500000
actual=2.500000
diff=0.000000
diff=1
expected=2.469112
actual=2.500000
diff=0.000000
diff=1
expected=2.500000
actual=2.500000
diff=0.000000
diff=1
WARNING: orio.module.loop.submodule.tile.transformation: tile size 1024 must be greater than the stride value 1024; tile index = iii
expected=2.496425
actual=2.500000
diff=0.000000
diff=1
expected=2.500000
actual=2.500000
diff=0.000000
diff=1
WARNING: orio.module.loop.submodule.tile.transformation: tile size 8 must be greater than the stride value 8; tile index = jjj
expected=2.500000
actual=2.500000
diff=0.000000
diff=1
expected=2.489724
actual=2.500000
diff=0.000000
diff=1
expected=2.498737
actual=2.500000
diff=0.000000
diff=1
expected=2.500000
actual=2.500000
diff=0.000000
diff=1
expected=2.500000
actual=2.500000
diff=0.000000
diff=1
expected=5.000000
actual=2.500000
diff=2.000000
diff=0
[00;31mERROR: orio.main.tuner.ptest_driver: failed to execute the test code: "timeout --kill-after=30s --signal=9 20m  ./__orio_perftest127.exe  "
 --> CalledProcessError: Command 'timeout --kill-after=30s --signal=9 20m  ./__orio_perftest127.exe  ' returned non-zero exit status 1[00m
[00;31mERROR: orio.main.tuner.ptest_driver:  performance testing failed: "timeout --kill-after=30s --signal=9 20m  ./__orio_perftest127.exe  "[00m
expected=2.499640
actual=2.500000
diff=0.000000
diff=1
expected=2.500000
actual=2.500000
diff=0.000000
diff=1
expected=2.500000
actual=2.500000
diff=0.000000
diff=1
expected=2.500000
actual=2.500000
diff=0.000000
diff=1
expected=2.500000
actual=2.500000
diff=0.000000
diff=1
expected=2.500000
actual=2.500000
diff=0.000000
diff=1
expected=2.500000
actual=2.500000
diff=0.000000
diff=1
expected=2.500000
actual=2.500000
diff=0.000000
diff=1
WARNING: orio.module.loop.submodule.tile.transformation: tile size 2 must be greater than the stride value 2; tile index = iii
expected=2.493476
actual=2.500000
diff=0.000000
diff=1
expected=2.493830
actual=2.500000
diff=0.000000
diff=1
expected=2.499914
actual=2.500000
diff=0.000000
diff=1
expected=2.500000
actual=2.500000
diff=0.000000
diff=1
expected=2.500000
actual=2.500000
diff=0.000000
diff=1
expected=2.500000
actual=2.500000
diff=0.000000
diff=1
expected=2.500000
actual=2.500000
diff=0.000000
diff=1
expected=2.500000
actual=2.500000
diff=0.000000
diff=1
expected=2.500000
actual=2.500000
diff=0.000000
diff=1
expected=2.500000
actual=2.500000
diff=0.000000
diff=1
expected=2.500000
actual=2.500000
diff=0.000000
diff=1
expected=2.500000
actual=2.500000
diff=0.000000
diff=1
expected=2.500000
actual=2.500000
diff=0.000000
diff=1
expected=2.500000
actual=2.500000
diff=0.000000
diff=1
expected=2.500000
actual=2.500000
diff=0.000000
diff=1
expected=2.500000
actual=2.500000
diff=0.000000
diff=1
expected=2.500000
actual=2.500000
diff=0.000000
diff=1
expected=2.500000
actual=2.500000
diff=0.000000
diff=1
WARNING: orio.module.loop.submodule.tile.transformation: tile size 32 must be greater than the stride value 32; tile index = iii
expected=2.500000
actual=2.500000
diff=0.000000
diff=1
WARNING: orio.module.loop.submodule.tile.transformation: tile size 4 must be greater than the stride value 4; tile index = iii
expected=2.498989
actual=2.500000
diff=0.000000
diff=1
expected=2.498725
actual=2.500000
diff=0.000000
diff=1
WARNING: orio.module.loop.submodule.tile.transformation: tile size 512 must be greater than the stride value 512; tile index = iii
expected=2.496245
actual=2.500000
diff=0.000000
diff=1
expected=2.498833
actual=2.500000
diff=0.000000
diff=1
expected=2.500000
actual=2.500000
diff=0.000000
diff=1
expected=2.499824
actual=2.500000
diff=0.000000
diff=1
expected=2.497565
actual=2.500000
diff=0.000000
diff=1
expected=2.498211
actual=2.500000
diff=0.000000
diff=1
expected=2.489535
actual=2.500000
diff=0.000000
diff=1
expected=2.487463
actual=2.500000
diff=0.000000
diff=1
expected=2.500000
actual=2.500000
diff=0.000000
diff=1
expected=2.500000
actual=2.500000
diff=0.000000
diff=1
expected=2.857092
actual=2.500000
diff=0.000000
diff=1
expected=2.490709
actual=2.500000
diff=0.000000
diff=1
expected=2.500000
actual=2.500000
diff=0.000000
diff=1
expected=2.500000
actual=2.500000
diff=0.000000
diff=1
expected=2.500000
actual=2.500000
diff=0.000000
diff=1
expected=2.500000
actual=2.500000
diff=0.000000
diff=1
WARNING: orio.module.loop.submodule.tile.transformation: tile size 256 must be greater than the stride value 256; tile index = jjj
expected=2.499314
actual=2.500000
diff=0.000000
diff=1
expected=2.500000
actual=2.500000
diff=0.000000
diff=1
expected=2.500000
actual=2.500000
diff=0.000000
diff=1
expected=2.500000
actual=2.500000
diff=0.000000
diff=1
expected=2.499909
actual=2.500000
diff=0.000000
diff=1
expected=2.500000
actual=2.500000
diff=0.000000
diff=1
expected=2.497586
actual=2.500000
diff=0.000000
diff=1
expected=2.497997
actual=2.500000
diff=0.000000
diff=1
WARNING: orio.module.loop.submodule.tile.transformation: tile size 64 must be greater than the stride value 64; tile index = jjj
expected=2.498500
actual=2.500000
diff=0.000000
diff=1
expected=2.500000
actual=2.500000
diff=0.000000
diff=1
expected=2.500000
actual=2.500000
diff=0.000000
diff=1
expected=2.500000
actual=2.500000
diff=0.000000
diff=1
expected=2.499103
actual=2.500000
diff=0.000000
diff=1
expected=2.500000
actual=2.500000
diff=0.000000
diff=1
expected=2.500000
actual=2.500000
diff=0.000000
diff=1
expected=2.500000
actual=2.500000
diff=0.000000
diff=1
expected=2.496990
actual=2.500000
diff=0.000000
diff=1
expected=2.500000
actual=2.500000
diff=0.000000
diff=1
expected=2.498262
actual=2.500000
diff=0.000000
diff=1
expected=2.500000
actual=2.500000
diff=0.000000
diff=1
expected=2.500000
actual=2.500000
diff=0.000000
diff=1
expected=2.500000
actual=2.500000
diff=0.000000
diff=1
expected=2.500000
actual=2.500000
diff=0.000000
diff=1
WARNING: orio.module.loop.submodule.tile.transformation: tile size 16 must be greater than the stride value 16; tile index = iii
expected=2.498952
actual=2.500000
diff=0.000000
diff=1
expected=2.500000
actual=2.500000
diff=0.000000
diff=1
expected=2.500000
actual=2.500000
diff=0.000000
diff=1
expected=2.500000
actual=2.500000
diff=0.000000
diff=1
expected=2.500000
actual=2.500000
diff=0.000000
diff=1
expected=2.500000
actual=2.500000
diff=0.000000
diff=1
expected=2.500000
actual=2.500000
diff=0.000000
diff=1
expected=2.500000
actual=2.500000
diff=0.000000
diff=1
expected=2.500000
actual=2.500000
diff=0.000000
diff=1
expected=2.496309
actual=2.500000
diff=0.000000
diff=1
WARNING: orio.module.loop.submodule.tile.transformation: tile size 32 must be greater than the stride value 32; tile index = iii
expected=2.500000
actual=2.500000
diff=0.000000
diff=1
WARNING: orio.module.loop.submodule.tile.transformation: tile size 2048 must be greater than the stride value 2048; tile index = iii
expected=2.500000
actual=2.500000
diff=0.000000
diff=1
expected=2.500000
actual=2.500000
diff=0.000000
diff=1
expected=2.494939
actual=2.500000
diff=0.000000
diff=1
WARNING: orio.module.loop.submodule.tile.transformation: tile size 512 must be greater than the stride value 512; tile index = jjj
expected=2.500000
actual=2.500000
diff=0.000000
diff=1
expected=2.500000
actual=2.500000
diff=0.000000
diff=1
expected=2.500000
actual=2.500000
diff=0.000000
diff=1
expected=2.500000
actual=2.500000
diff=0.000000
diff=1
expected=2.500000
actual=2.500000
diff=0.000000
diff=1
WARNING: orio.module.loop.submodule.tile.transformation: tile size 32 must be greater than the stride value 32; tile index = jjj
expected=2.499785
actual=2.500000
diff=0.000000
diff=1
WARNING: orio.module.loop.submodule.tile.transformation: tile size 32 must be greater than the stride value 32; tile index = iii
expected=2.500000
actual=2.500000
diff=0.000000
diff=1
WARNING: orio.module.loop.submodule.tile.transformation: tile size 2 must be greater than the stride value 2; tile index = jjj
expected=2.500000
actual=2.500000
diff=0.000000
diff=1
expected=2.500000
actual=2.500000
diff=0.000000
diff=1
expected=2.500000
actual=2.500000
diff=0.000000
diff=1
expected=2.500000
actual=2.500000
diff=0.000000
diff=1
expected=2.499376
actual=2.500000
diff=0.000000
diff=1
WARNING: orio.module.loop.submodule.tile.transformation: tile size 8 must be greater than the stride value 8; tile index = jjj
expected=2.500000
actual=2.500000
diff=0.000000
diff=1
expected=2.500000
actual=2.500000
diff=0.000000
diff=1
expected=2.500000
actual=2.500000
diff=0.000000
diff=1
expected=2.500000
actual=2.500000
diff=0.000000
diff=1
WARNING: orio.module.loop.submodule.tile.transformation: tile size 32 must be greater than the stride value 32; tile index = iii
WARNING: orio.module.loop.submodule.tile.transformation: tile size 512 must be greater than the stride value 512; tile index = jjj
expected=2.500000
actual=2.500000
diff=0.000000
diff=1
WARNING: orio.module.loop.submodule.tile.transformation: tile size 16 must be greater than the stride value 16; tile index = jjj
expected=2.498763
actual=2.500000
diff=0.000000
diff=1
expected=2.500000
actual=2.500000
diff=0.000000
diff=1
expected=2.500000
actual=2.500000
diff=0.000000
diff=1
expected=2.500000
actual=2.500000
diff=0.000000
diff=1
expected=2.500000
actual=2.500000
diff=0.000000
diff=1
expected=2.500000
actual=2.500000
diff=0.000000
diff=1
expected=2.500000
actual=2.500000
diff=0.000000
diff=1
expected=2.500000
actual=2.500000
diff=0.000000
diff=1
expected=2.499979
actual=2.500000
diff=0.000000
diff=1
expected=2.500000
actual=2.500000
diff=0.000000
diff=1
expected=2.497990
actual=2.500000
diff=0.000000
diff=1
expected=2.500000
actual=2.500000
diff=0.000000
diff=1
expected=2.499162
actual=2.500000
diff=0.000000
diff=1
expected=2.500000
actual=2.500000
diff=0.000000
diff=1
expected=2.498930
actual=2.500000
diff=0.000000
diff=1
WARNING: orio.module.loop.submodule.tile.transformation: tile size 2 must be greater than the stride value 2; tile index = iii
expected=2.497219
actual=2.500000
diff=0.000000
diff=1
expected=2.500000
actual=2.500000
diff=0.000000
diff=1
expected=2.500000
actual=2.500000
diff=0.000000
diff=1
expected=2.499936
actual=2.500000
diff=0.000000
diff=1
expected=2.500000
actual=2.500000
diff=0.000000
diff=1
expected=2.491658
actual=2.500000
diff=0.000000
diff=1
expected=2.499932
actual=2.500000
diff=0.000000
diff=1
WARNING: orio.module.loop.submodule.tile.transformation: tile size 256 must be greater than the stride value 256; tile index = jjj
expected=2.495641
actual=2.500000
diff=0.000000
diff=1
WARNING: orio.module.loop.submodule.tile.transformation: tile size 256 must be greater than the stride value 256; tile index = iii
expected=2.500000
actual=2.500000
diff=0.000000
diff=1
expected=2.500000
actual=2.500000
diff=0.000000
diff=1
expected=2.498634
actual=2.500000
diff=0.000000
diff=1
expected=2.500000
actual=2.500000
diff=0.000000
diff=1
expected=2.500000
actual=2.500000
diff=0.000000
diff=1
WARNING: orio.module.loop.submodule.tile.transformation: tile size 64 must be greater than the stride value 64; tile index = jjj
expected=2.486895
actual=2.500000
diff=0.000000
diff=1
expected=2.500000
actual=2.500000
diff=0.000000
diff=1
expected=2.499250
actual=2.500000
diff=0.000000
diff=1
expected=2.500000
actual=2.500000
diff=0.000000
diff=1
expected=2.500000
actual=2.500000
diff=0.000000
diff=1
expected=2.500000
actual=2.500000
diff=0.000000
diff=1
expected=2.500000
actual=2.500000
diff=0.000000
diff=1
expected=2.500000
actual=2.500000
diff=0.000000
diff=1
expected=2.500000
actual=2.500000
diff=0.000000
diff=1
expected=2.500000
actual=2.500000
diff=0.000000
diff=1
WARNING: orio.module.loop.submodule.tile.transformation: tile size 64 must be greater than the stride value 64; tile index = jjj
expected=2.500000
actual=2.500000
diff=0.000000
diff=1
expected=2.500000
actual=2.500000
diff=0.000000
diff=1
WARNING: orio.module.loop.submodule.tile.transformation: tile size 64 must be greater than the stride value 64; tile index = iii
expected=2.500000
actual=2.500000
diff=0.000000
diff=1
expected=2.500000
actual=2.500000
diff=0.000000
diff=1
expected=2.499861
actual=2.500000
diff=0.000000
diff=1
WARNING: orio.module.loop.submodule.tile.transformation: tile size 32 must be greater than the stride value 32; tile index = jjj
expected=2.497492
actual=2.500000
diff=0.000000
diff=1
expected=2.499496
actual=2.500000
diff=0.000000
diff=1
expected=2.498912
actual=2.500000
diff=0.000000
diff=1
WARNING: orio.module.loop.submodule.tile.transformation: tile size 128 must be greater than the stride value 128; tile index = jjj
expected=2.494222
actual=2.500000
diff=0.000000
diff=1
expected=2.500000
actual=2.500000
diff=0.000000
diff=1
expected=2.500000
actual=2.500000
diff=0.000000
diff=1
expected=2.499212
actual=2.500000
diff=0.000000
diff=1
expected=2.499947
actual=2.500000
diff=0.000000
diff=1
expected=2.500000
actual=2.500000
diff=0.000000
diff=1
WARNING: orio.module.loop.submodule.tile.transformation: tile size 32 must be greater than the stride value 32; tile index = iii
expected=2.500000
actual=2.500000
diff=0.000000
diff=1
expected=2.500000
actual=2.500000
diff=0.000000
diff=1
expected=2.500000
actual=2.500000
diff=0.000000
diff=1
WARNING: orio.module.loop.submodule.tile.transformation: tile size 64 must be greater than the stride value 64; tile index = iii
expected=2.497248
actual=2.500000
diff=0.000000
diff=1
WARNING: orio.module.loop.submodule.tile.transformation: tile size 16 must be greater than the stride value 16; tile index = jjj
expected=2.500000
actual=2.500000
diff=0.000000
diff=1
expected=2.500000
actual=2.500000
diff=0.000000
diff=1
expected=2.500000
actual=2.500000
diff=0.000000
diff=1
expected=2.500000
actual=2.500000
diff=0.000000
diff=1
expected=2.500000
actual=2.500000
diff=0.000000
diff=1
expected=2.500000
actual=2.500000
diff=0.000000
diff=1
expected=2.500000
actual=2.500000
diff=0.000000
diff=1
WARNING: orio.module.loop.submodule.tile.transformation: tile size 128 must be greater than the stride value 128; tile index = iii
expected=2.500000
actual=2.500000
diff=0.000000
diff=1
expected=2.500000
actual=2.500000
diff=0.000000
diff=1
expected=2.475860
actual=2.500000
diff=0.000000
diff=1
expected=2.499956
actual=2.500000
diff=0.000000
diff=1
expected=2.499768
actual=2.500000
diff=0.000000
diff=1
expected=2.500000
actual=2.500000
diff=0.000000
diff=1
expected=2.500000
actual=2.500000
diff=0.000000
diff=1
WARNING: orio.module.loop.submodule.tile.transformation: tile size 4 must be greater than the stride value 4; tile index = jjj
expected=2.500000
actual=2.500000
diff=0.000000
diff=1
expected=2.500000
actual=2.500000
diff=0.000000
diff=1
expected=2.500000
actual=2.500000
diff=0.000000
diff=1
expected=2.500000
actual=2.500000
diff=0.000000
diff=1
expected=2.500000
actual=2.500000
diff=0.000000
diff=1
