
WARNING: orio.module.loop.submodule.tile.transformation: tile size 2048 must be greater than the stride value 2048; tile index = iii
WARNING: orio.module.loop.submodule.tile.transformation: tile size 2 must be greater than the stride value 2; tile index = iii
WARNING: orio.module.loop.submodule.tile.transformation: tile size 4 must be greater than the stride value 4; tile index = kkk
expected=25028297112284202137468225879568988241920.000000
actual=405404783999.161072
diff=-2147483648.000000
diff=1
expected=17247580964617386851882933493606803046400.000000
actual=405404783999.161072
diff=-2147483648.000000
diff=1
WARNING: orio.module.loop.submodule.tile.transformation: tile size 32 must be greater than the stride value 32; tile index = jjj
expected=813895088046227200.000000
actual=405404783999.161072
diff=-2147483648.000000
diff=1
expected=432722387204557895681744938298280771584.000000
actual=405404783999.161072
diff=-2147483648.000000
diff=1
WARNING: orio.module.loop.submodule.tile.transformation: tile size 2048 must be greater than the stride value 2048; tile index = iii
expected=798509190183162511290720969555968.000000
actual=405404783999.161072
diff=-2147483648.000000
diff=1
expected=1013381953366914688.000000
actual=405404783999.161072
diff=-2147483648.000000
diff=1
expected=904524477355570791160153242599424.000000
actual=405404783999.161072
diff=-2147483648.000000
diff=1
expected=5983952739429724861759488.000000
actual=405404783999.161072
diff=-2147483648.000000
diff=1
WARNING: orio.module.loop.submodule.tile.transformation: tile size 1024 must be greater than the stride value 1024; tile index = jjj
expected=758338787250.311890
actual=405404783999.161072
diff=-2147483648.000000
diff=1
expected=143811631499004904651978809383323704121658179584.000000
actual=405404783999.161072
diff=-2147483648.000000
diff=1
WARNING: orio.module.loop.submodule.tile.transformation: tile size 64 must be greater than the stride value 64; tile index = jjj
expected=405404783999.161072
actual=405404783999.161072
diff=0.000000
diff=1
WARNING: orio.module.loop.submodule.tile.transformation: tile size 2048 must be greater than the stride value 2048; tile index = jjj
expected=405404783999.161072
actual=405404783999.161072
diff=0.000000
diff=1
expected=2087537835571676276850688.000000
actual=405404783999.161072
diff=-2147483648.000000
diff=1
WARNING: orio.module.loop.submodule.tile.transformation: tile size 1024 must be greater than the stride value 1024; tile index = jjj
expected=73789352652209.437500
actual=405404783999.161072
diff=-2147483648.000000
diff=1
expected=168480462155928376594021361582604288.000000
actual=405404783999.161072
diff=-2147483648.000000
diff=1
WARNING: orio.module.loop.submodule.tile.transformation: tile size 8 must be greater than the stride value 8; tile index = iii
expected=4706283522954755213743706250764403867648.000000
actual=405404783999.161072
diff=-2147483648.000000
diff=1
expected=556227128250.036255
actual=405404783999.161072
diff=-2147483648.000000
diff=1
WARNING: orio.module.loop.submodule.tile.transformation: tile size 16 must be greater than the stride value 16; tile index = jjj
expected=405404783999.161072
actual=405404783999.161072
diff=0.000000
diff=1
WARNING: orio.module.loop.submodule.tile.transformation: tile size 512 must be greater than the stride value 512; tile index = iii
expected=62812108840091020131785448058508959354370129920.000000
actual=405404783999.161072
diff=-2147483648.000000
diff=1
expected=404999513999.579834
actual=405404783999.161072
diff=405269999.000000
diff=0
[00;31mERROR: orio.main.tuner.ptest_driver: failed to execute the test code: "timeout --kill-after=30s --signal=9 20m  ./__orio_perftest20.exe  "
 --> CalledProcessError: Command 'timeout --kill-after=30s --signal=9 20m  ./__orio_perftest20.exe  ' returned non-zero exit status 1[00m
[00;31mERROR: orio.main.tuner.ptest_driver:  performance testing failed: "timeout --kill-after=30s --signal=9 20m  ./__orio_perftest20.exe  "[00m
expected=405404783999.161072
actual=405404783999.161072
diff=0.000000
diff=1
expected=12316648103704387528216207232551713877397845573632.000000
actual=405404783999.161072
diff=-2147483648.000000
diff=1
WARNING: orio.module.loop.submodule.tile.transformation: tile size 128 must be greater than the stride value 128; tile index = iii
expected=404999513999.579834
actual=405404783999.161072
diff=405269999.000000
diff=0
[00;31mERROR: orio.main.tuner.ptest_driver: failed to execute the test code: "timeout --kill-after=30s --signal=9 20m  ./__orio_perftest23.exe  "
 --> CalledProcessError: Command 'timeout --kill-after=30s --signal=9 20m  ./__orio_perftest23.exe  ' returned non-zero exit status 1[00m
[00;31mERROR: orio.main.tuner.ptest_driver:  performance testing failed: "timeout --kill-after=30s --signal=9 20m  ./__orio_perftest23.exe  "[00m
WARNING: orio.module.loop.submodule.tile.transformation: tile size 8 must be greater than the stride value 8; tile index = jjj
WARNING: orio.module.loop.submodule.tile.transformation: tile size 8 must be greater than the stride value 8; tile index = kkk
expected=499277754022.632996
actual=405404783999.161072
diff=-2147483648.000000
diff=1
WARNING: orio.module.loop.submodule.tile.transformation: tile size 8 must be greater than the stride value 8; tile index = iii
WARNING: orio.module.loop.submodule.tile.transformation: tile size 2048 must be greater than the stride value 2048; tile index = jjj
expected=1818608698382465908222503030749092904960.000000
actual=405404783999.161072
diff=-2147483648.000000
diff=1
expected=112408222786770.906250
actual=405404783999.161072
diff=-2147483648.000000
diff=1
WARNING: orio.module.loop.submodule.tile.transformation: tile size 32 must be greater than the stride value 32; tile index = kkk
expected=405404783999.161072
actual=405404783999.161072
diff=0.000000
diff=1
WARNING: orio.module.loop.submodule.tile.transformation: tile size 16 must be greater than the stride value 16; tile index = jjj
expected=863862928963684609214644224.000000
actual=405404783999.161072
diff=-2147483648.000000
diff=1
expected=3726294290117135379456783254413564668664610816.000000
actual=405404783999.161072
diff=-2147483648.000000
diff=1
expected=65676125605810.023438
actual=405404783999.161072
diff=-2147483648.000000
diff=1
expected=14626780114286390158454100894990986695933952.000000
actual=405404783999.161072
diff=-2147483648.000000
diff=1
WARNING: orio.module.loop.submodule.tile.transformation: tile size 1024 must be greater than the stride value 1024; tile index = jjj
expected=8853814556028855885805902073648273815863558144.000000
actual=405404783999.161072
diff=-2147483648.000000
diff=1
expected=76728729191668988887719865160947200800820559872.000000
actual=405404783999.161072
diff=-2147483648.000000
diff=1
WARNING: orio.module.loop.submodule.tile.transformation: tile size 2 must be greater than the stride value 2; tile index = iii
expected=405404783999.161072
actual=405404783999.161072
diff=0.000000
diff=1
WARNING: orio.module.loop.submodule.tile.transformation: tile size 2048 must be greater than the stride value 2048; tile index = jjj
expected=1479499745190700006361007875162112.000000
actual=405404783999.161072
diff=-2147483648.000000
diff=1
WARNING: orio.module.loop.submodule.tile.transformation: tile size 256 must be greater than the stride value 256; tile index = jjj
WARNING: orio.module.loop.submodule.tile.transformation: tile size 8 must be greater than the stride value 8; tile index = kkk
expected=405404783999.161072
actual=405404783999.161072
diff=0.000000
diff=1
expected=1244762542910868074271282049958459473920.000000
actual=405404783999.161072
diff=-2147483648.000000
diff=1
expected=493046276062.536804
actual=405404783999.161072
diff=-2147483648.000000
diff=1
WARNING: orio.module.loop.submodule.tile.transformation: tile size 512 must be greater than the stride value 512; tile index = iii
expected=428805954317.424988
actual=405404783999.161072
diff=-2147483648.000000
diff=1
expected=1379280185479317552027159573547279995371520.000000
actual=405404783999.161072
diff=-2147483648.000000
diff=1
expected=260259595952666044882256994911549128704.000000
actual=405404783999.161072
diff=-2147483648.000000
diff=1
expected=480410686125.056213
actual=405404783999.161072
diff=-2147483648.000000
diff=1
expected=194108468246398362009533715408406708224.000000
actual=405404783999.161072
diff=-2147483648.000000
diff=1
WARNING: orio.module.loop.submodule.tile.transformation: tile size 4 must be greater than the stride value 4; tile index = kkk
expected=405404783999.161072
actual=405404783999.161072
diff=0.000000
diff=1
WARNING: orio.module.loop.submodule.tile.transformation: tile size 2048 must be greater than the stride value 2048; tile index = iii
expected=493046276062.536804
actual=405404783999.161072
diff=-2147483648.000000
diff=1
expected=936569879284724480.000000
actual=405404783999.161072
diff=-2147483648.000000
diff=1
WARNING: orio.module.loop.submodule.tile.transformation: tile size 2 must be greater than the stride value 2; tile index = jjj
WARNING: orio.module.loop.submodule.tile.transformation: tile size 2048 must be greater than the stride value 2048; tile index = iii
expected=4189763149352981477273192808583275036203562613866496.000000
actual=405404783999.161072
diff=-2147483648.000000
diff=1
WARNING: orio.module.loop.submodule.tile.transformation: tile size 2048 must be greater than the stride value 2048; tile index = kkk
expected=429708324888.000366
actual=405404783999.161072
diff=-2147483648.000000
diff=1
WARNING: orio.module.loop.submodule.tile.transformation: tile size 8 must be greater than the stride value 8; tile index = iii
WARNING: orio.module.loop.submodule.tile.transformation: tile size 2048 must be greater than the stride value 2048; tile index = jjj
expected=96385485077612614644037421859131190604201984.000000
actual=405404783999.161072
diff=-2147483648.000000
diff=1
expected=404650981799.946045
actual=405404783999.161072
diff=753802199.000000
diff=0
[00;31mERROR: orio.main.tuner.ptest_driver: failed to execute the test code: "timeout --kill-after=30s --signal=9 20m  ./__orio_perftest50.exe  "
 --> CalledProcessError: Command 'timeout --kill-after=30s --signal=9 20m  ./__orio_perftest50.exe  ' returned non-zero exit status 1[00m
[00;31mERROR: orio.main.tuner.ptest_driver:  performance testing failed: "timeout --kill-after=30s --signal=9 20m  ./__orio_perftest50.exe  "[00m
WARNING: orio.module.loop.submodule.tile.transformation: tile size 128 must be greater than the stride value 128; tile index = iii
WARNING: orio.module.loop.submodule.tile.transformation: tile size 64 must be greater than the stride value 64; tile index = jjj
expected=143332507414480123076804608.000000
actual=405404783999.161072
diff=-2147483648.000000
diff=1
expected=7319137608933089789049307335951500579092124901708922880.000000
actual=405404783999.161072
diff=-2147483648.000000
diff=1
expected=707832877499.565063
actual=405404783999.161072
diff=-2147483648.000000
diff=1
WARNING: orio.module.loop.submodule.tile.transformation: tile size 16 must be greater than the stride value 16; tile index = jjj
WARNING: orio.module.loop.submodule.tile.transformation: tile size 256 must be greater than the stride value 256; tile index = kkk
expected=113011078168174321530088689169786552188928.000000
actual=405404783999.161072
diff=-2147483648.000000
diff=1
WARNING: orio.module.loop.submodule.tile.transformation: tile size 32 must be greater than the stride value 32; tile index = jjj
__orio_perftest55.c: In function ‘main’:
__orio_perftest55.c:192:13: error: ‘newlb_k’ undeclared (first use in this function)
             newlb_k=-2147483648;
             ^~~~~~~
__orio_perftest55.c:192:13: note: each undeclared identifier is reported only once for each function it appears in
__orio_perftest55.c:193:13: error: ‘newub_k’ undeclared (first use in this function)
             newub_k=N-1;
             ^~~~~~~
[00;31mERROR: orio.main.tuner.ptest_driver:  failed to compile the testing code: "timeout --kill-after=30s --signal=9 20m gcc -O3 -fopenmp -DDYNAMIC  -DORIO_REPS=10 -o __orio_perftest55.exe __orio_perftest55.c timer_cpu.o -lm -lrt"[00m
[00;31mERROR: orio.main.tuner.ptest_driver:  the executable of the test code does not exist[00m
timeout: failed to run command ‘./__orio_perftest55.exe’: No such file or directory
[00;31mERROR: orio.main.tuner.ptest_driver: failed to execute the test code: "timeout --kill-after=30s --signal=9 20m  ./__orio_perftest55.exe  "
 --> CalledProcessError: Command 'timeout --kill-after=30s --signal=9 20m  ./__orio_perftest55.exe  ' returned non-zero exit status 127[00m
[00;31mERROR: orio.main.tuner.ptest_driver:  performance testing failed: "timeout --kill-after=30s --signal=9 20m  ./__orio_perftest55.exe  "[00m
WARNING: orio.module.loop.submodule.tile.transformation: tile size 4 must be greater than the stride value 4; tile index = jjj
WARNING: orio.module.loop.submodule.tile.transformation: tile size 64 must be greater than the stride value 64; tile index = kkk
expected=240517690810036342019780980491441413420515409788928.000000
actual=405404783999.161072
diff=-2147483648.000000
diff=1
WARNING: orio.module.loop.submodule.tile.transformation: tile size 4 must be greater than the stride value 4; tile index = jjj
expected=795998374020.229492
actual=405404783999.161072
diff=-2147483648.000000
diff=1
expected=198300674156787455320143542204255690555392.000000
actual=405404783999.161072
diff=-2147483648.000000
diff=1
WARNING: orio.module.loop.submodule.tile.transformation: tile size 16 must be greater than the stride value 16; tile index = iii
expected=27578344461862040796301503247228148677345280.000000
actual=405404783999.161072
diff=-2147483648.000000
diff=1
expected=1948914433779986176.000000
actual=405404783999.161072
diff=-2147483648.000000
diff=1
WARNING: orio.module.loop.submodule.tile.transformation: tile size 4 must be greater than the stride value 4; tile index = iii
expected=1820741193689773477320272823391041179615232.000000
actual=405404783999.161072
diff=-2147483648.000000
diff=1
WARNING: orio.module.loop.submodule.tile.transformation: tile size 64 must be greater than the stride value 64; tile index = jjj
expected=167145808309684064186796051384955525496557273088.000000
actual=405404783999.161072
diff=-2147483648.000000
diff=1
expected=405404783999.161072
actual=405404783999.161072
diff=0.000000
diff=1
expected=53816359034217702497676111562574936408064.000000
actual=405404783999.161072
diff=-2147483648.000000
diff=1
WARNING: orio.module.loop.submodule.tile.transformation: tile size 512 must be greater than the stride value 512; tile index = jjj
expected=2264528061873220730852998062985445376.000000
actual=405404783999.161072
diff=-2147483648.000000
diff=1
WARNING: orio.module.loop.submodule.tile.transformation: tile size 32 must be greater than the stride value 32; tile index = kkk
expected=14574570941173848011177984.000000
actual=405404783999.161072
diff=-2147483648.000000
diff=1
WARNING: orio.module.loop.submodule.tile.transformation: tile size 1024 must be greater than the stride value 1024; tile index = jjj
WARNING: orio.module.loop.submodule.tile.transformation: tile size 1024 must be greater than the stride value 1024; tile index = kkk
expected=404650981799.946045
actual=405404783999.161072
diff=753802199.000000
diff=0
[00;31mERROR: orio.main.tuner.ptest_driver: failed to execute the test code: "timeout --kill-after=30s --signal=9 20m  ./__orio_perftest67.exe  "
 --> CalledProcessError: Command 'timeout --kill-after=30s --signal=9 20m  ./__orio_perftest67.exe  ' returned non-zero exit status 1[00m
[00;31mERROR: orio.main.tuner.ptest_driver:  performance testing failed: "timeout --kill-after=30s --signal=9 20m  ./__orio_perftest67.exe  "[00m
expected=6770004784012286278762496.000000
actual=405404783999.161072
diff=-2147483648.000000
diff=1
WARNING: orio.module.loop.submodule.tile.transformation: tile size 64 must be greater than the stride value 64; tile index = iii
WARNING: orio.module.loop.submodule.tile.transformation: tile size 1024 must be greater than the stride value 1024; tile index = kkk
expected=423413902917.005981
actual=405404783999.161072
diff=-2147483648.000000
diff=1
WARNING: orio.module.loop.submodule.tile.transformation: tile size 2 must be greater than the stride value 2; tile index = jjj
__orio_perftest70.c: In function ‘main’:
__orio_perftest70.c:1474:15: error: ‘newlb_k’ undeclared (first use in this function)
               newlb_k=-2147483648;
               ^~~~~~~
__orio_perftest70.c:1474:15: note: each undeclared identifier is reported only once for each function it appears in
__orio_perftest70.c:1475:15: error: ‘newub_k’ undeclared (first use in this function)
               newub_k=N-1;
               ^~~~~~~
[00;31mERROR: orio.main.tuner.ptest_driver:  failed to compile the testing code: "timeout --kill-after=30s --signal=9 20m gcc -O3 -fopenmp -DDYNAMIC  -DORIO_REPS=10 -o __orio_perftest70.exe __orio_perftest70.c timer_cpu.o -lm -lrt"[00m
[00;31mERROR: orio.main.tuner.ptest_driver:  the executable of the test code does not exist[00m
timeout: failed to run command ‘./__orio_perftest70.exe’: No such file or directory
[00;31mERROR: orio.main.tuner.ptest_driver: failed to execute the test code: "timeout --kill-after=30s --signal=9 20m  ./__orio_perftest70.exe  "
 --> CalledProcessError: Command 'timeout --kill-after=30s --signal=9 20m  ./__orio_perftest70.exe  ' returned non-zero exit status 127[00m
[00;31mERROR: orio.main.tuner.ptest_driver:  performance testing failed: "timeout --kill-after=30s --signal=9 20m  ./__orio_perftest70.exe  "[00m
WARNING: orio.module.loop.submodule.tile.transformation: tile size 2048 must be greater than the stride value 2048; tile index = jjj
WARNING: orio.module.loop.submodule.tile.transformation: tile size 2048 must be greater than the stride value 2048; tile index = kkk
expected=581477450625.121948
actual=405404783999.161072
diff=-2147483648.000000
diff=1
expected=66440577628598.421875
actual=405404783999.161072
diff=-2147483648.000000
diff=1
expected=404695561499.898865
actual=405404783999.161072
diff=709222499.000000
diff=0
[00;31mERROR: orio.main.tuner.ptest_driver: failed to execute the test code: "timeout --kill-after=30s --signal=9 20m  ./__orio_perftest73.exe  "
 --> CalledProcessError: Command 'timeout --kill-after=30s --signal=9 20m  ./__orio_perftest73.exe  ' returned non-zero exit status 1[00m
[00;31mERROR: orio.main.tuner.ptest_driver:  performance testing failed: "timeout --kill-after=30s --signal=9 20m  ./__orio_perftest73.exe  "[00m
WARNING: orio.module.loop.submodule.tile.transformation: tile size 4 must be greater than the stride value 4; tile index = jjj
expected=405404783999.161072
actual=405404783999.161072
diff=0.000000
diff=1
expected=837822436356076928.000000
actual=405404783999.161072
diff=-2147483648.000000
diff=1
WARNING: orio.module.loop.submodule.tile.transformation: tile size 8 must be greater than the stride value 8; tile index = iii
expected=783420360840.200317
actual=405404783999.161072
diff=-2147483648.000000
diff=1
WARNING: orio.module.loop.submodule.tile.transformation: tile size 1024 must be greater than the stride value 1024; tile index = jjj
expected=3649757095204125630296852014186538974838784.000000
actual=405404783999.161072
diff=-2147483648.000000
diff=1
expected=404999513999.579834
actual=405404783999.161072
diff=405269999.000000
diff=0
[00;31mERROR: orio.main.tuner.ptest_driver: failed to execute the test code: "timeout --kill-after=30s --signal=9 20m  ./__orio_perftest78.exe  "
 --> CalledProcessError: Command 'timeout --kill-after=30s --signal=9 20m  ./__orio_perftest78.exe  ' returned non-zero exit status 1[00m
[00;31mERROR: orio.main.tuner.ptest_driver:  performance testing failed: "timeout --kill-after=30s --signal=9 20m  ./__orio_perftest78.exe  "[00m
WARNING: orio.module.loop.submodule.tile.transformation: tile size 128 must be greater than the stride value 128; tile index = iii
WARNING: orio.module.loop.submodule.tile.transformation: tile size 2048 must be greater than the stride value 2048; tile index = kkk
expected=731779939309781960884224.000000
actual=405404783999.161072
diff=-2147483648.000000
diff=1
expected=405404783999.161072
actual=405404783999.161072
diff=0.000000
diff=1
expected=5039100275532891328427521482857786621558784.000000
actual=405404783999.161072
diff=-2147483648.000000
diff=1
WARNING: orio.module.loop.submodule.tile.transformation: tile size 64 must be greater than the stride value 64; tile index = iii
expected=61157419984021794977253020401664.000000
actual=405404783999.161072
diff=-2147483648.000000
diff=1
WARNING: orio.module.loop.submodule.tile.transformation: tile size 1024 must be greater than the stride value 1024; tile index = iii
expected=405404783999.161072
actual=405404783999.161072
diff=0.000000
diff=1
WARNING: orio.module.loop.submodule.tile.transformation: tile size 8 must be greater than the stride value 8; tile index = jjj
expected=505746126000.108276
actual=405404783999.161072
diff=-2147483648.000000
diff=1
expected=320650802358508843502756377315608887296.000000
actual=405404783999.161072
diff=-2147483648.000000
diff=1
WARNING: orio.module.loop.submodule.tile.transformation: tile size 256 must be greater than the stride value 256; tile index = jjj
WARNING: orio.module.loop.submodule.tile.transformation: tile size 2 must be greater than the stride value 2; tile index = iii
expected=9753983979338178457163360940248420853150927290368.000000
actual=405404783999.161072
diff=-2147483648.000000
diff=1
expected=405404783999.161072
actual=405404783999.161072
diff=0.000000
diff=1
WARNING: orio.module.loop.submodule.tile.transformation: tile size 8 must be greater than the stride value 8; tile index = jjj
expected=404695561499.898865
actual=405404783999.161072
diff=709222499.000000
diff=0
[00;31mERROR: orio.main.tuner.ptest_driver: failed to execute the test code: "timeout --kill-after=30s --signal=9 20m  ./__orio_perftest88.exe  "
 --> CalledProcessError: Command 'timeout --kill-after=30s --signal=9 20m  ./__orio_perftest88.exe  ' returned non-zero exit status 1[00m
[00;31mERROR: orio.main.tuner.ptest_driver:  performance testing failed: "timeout --kill-after=30s --signal=9 20m  ./__orio_perftest88.exe  "[00m
expected=848138527346798860354018005082483956012548096.000000
actual=405404783999.161072
diff=-2147483648.000000
diff=1
WARNING: orio.module.loop.submodule.tile.transformation: tile size 1024 must be greater than the stride value 1024; tile index = jjj
expected=3302948141722689870011436810623324019228672.000000
actual=405404783999.161072
diff=-2147483648.000000
diff=1
WARNING: orio.module.loop.submodule.tile.transformation: tile size 256 must be greater than the stride value 256; tile index = jjj
expected=6671747601178816156299950598991642624.000000
actual=405404783999.161072
diff=-2147483648.000000
diff=1
WARNING: orio.module.loop.submodule.tile.transformation: tile size 32 must be greater than the stride value 32; tile index = iii
expected=167263996813810733697853568856284286943232.000000
actual=405404783999.161072
diff=-2147483648.000000
diff=1
WARNING: orio.module.loop.submodule.tile.transformation: tile size 8 must be greater than the stride value 8; tile index = iii
WARNING: orio.module.loop.submodule.tile.transformation: tile size 8 must be greater than the stride value 8; tile index = iii
WARNING: orio.module.loop.submodule.tile.transformation: tile size 64 must be greater than the stride value 64; tile index = kkk
expected=2230059141227779129403054582696771584.000000
actual=405404783999.161072
diff=-2147483648.000000
diff=1
WARNING: orio.module.loop.submodule.tile.transformation: tile size 4 must be greater than the stride value 4; tile index = jjj
expected=468753849610960633045674500418459788837388288.000000
actual=405404783999.161072
diff=-2147483648.000000
diff=1
expected=112211582880151.015625
actual=405404783999.161072
diff=-2147483648.000000
diff=1
WARNING: orio.module.loop.submodule.tile.transformation: tile size 4 must be greater than the stride value 4; tile index = kkk
expected=64340525053650031264727354572800.000000
actual=405404783999.161072
diff=-2147483648.000000
diff=1
expected=795998374020.229492
actual=405404783999.161072
diff=-2147483648.000000
diff=1
WARNING: orio.module.loop.submodule.tile.transformation: tile size 64 must be greater than the stride value 64; tile index = jjj
expected=442227266775.008057
actual=405404783999.161072
diff=-2147483648.000000
diff=1
Segmentation fault
[00;31mERROR: orio.main.tuner.ptest_driver: failed to execute the test code: "timeout --kill-after=30s --signal=9 20m  ./__orio_perftest99.exe  "
 --> CalledProcessError: Command 'timeout --kill-after=30s --signal=9 20m  ./__orio_perftest99.exe  ' returned non-zero exit status 139[00m
[00;31mERROR: orio.main.tuner.ptest_driver:  performance testing failed: "timeout --kill-after=30s --signal=9 20m  ./__orio_perftest99.exe  "[00m
WARNING: orio.module.loop.submodule.tile.transformation: tile size 1024 must be greater than the stride value 1024; tile index = jjj
expected=405404783999.161072
actual=405404783999.161072
diff=0.000000
diff=1
WARNING: orio.module.loop.submodule.tile.transformation: tile size 2048 must be greater than the stride value 2048; tile index = iii
expected=405404783999.161072
actual=405404783999.161072
diff=0.000000
diff=1
WARNING: orio.module.loop.submodule.tile.transformation: tile size 2048 must be greater than the stride value 2048; tile index = iii
expected=426542207593.519958
actual=405404783999.161072
diff=-2147483648.000000
diff=1
WARNING: orio.module.loop.submodule.tile.transformation: tile size 8 must be greater than the stride value 8; tile index = iii
WARNING: orio.module.loop.submodule.tile.transformation: tile size 128 must be greater than the stride value 128; tile index = jjj
WARNING: orio.module.loop.submodule.tile.transformation: tile size 512 must be greater than the stride value 512; tile index = kkk
expected=548900621619424428838022995320346559332007320485888.000000
actual=405404783999.161072
diff=-2147483648.000000
diff=1
expected=606898007999.726562
actual=405404783999.161072
diff=-2147483648.000000
diff=1
WARNING: orio.module.loop.submodule.tile.transformation: tile size 2048 must be greater than the stride value 2048; tile index = kkk
expected=111950595063225.984375
actual=405404783999.161072
diff=-2147483648.000000
diff=1
expected=417143471805.003174
actual=405404783999.161072
diff=-2147483648.000000
diff=1
expected=11524461216283547474711584681458925568.000000
actual=405404783999.161072
diff=-2147483648.000000
diff=1
expected=66462215673009237809656768757760.000000
actual=405404783999.161072
diff=-2147483648.000000
diff=1
expected=499277754022.632996
actual=405404783999.161072
diff=-2147483648.000000
diff=1
WARNING: orio.module.loop.submodule.tile.transformation: tile size 8 must be greater than the stride value 8; tile index = iii
expected=405404783999.161072
actual=405404783999.161072
diff=0.000000
diff=1
expected=423413902917.005981
actual=405404783999.161072
diff=-2147483648.000000
diff=1
WARNING: orio.module.loop.submodule.tile.transformation: tile size 2048 must be greater than the stride value 2048; tile index = jjj
WARNING: orio.module.loop.submodule.tile.transformation: tile size 256 must be greater than the stride value 256; tile index = iii
expected=62608484231782323990110840669140677092335157248.000000
actual=405404783999.161072
diff=-2147483648.000000
diff=1
WARNING: orio.module.loop.submodule.tile.transformation: tile size 1024 must be greater than the stride value 1024; tile index = iii
expected=3969243900047814320717824.000000
actual=405404783999.161072
diff=-2147483648.000000
diff=1
WARNING: orio.module.loop.submodule.tile.transformation: tile size 4 must be greater than the stride value 4; tile index = jjj
WARNING: orio.module.loop.submodule.tile.transformation: tile size 32 must be greater than the stride value 32; tile index = jjj
expected=405404783999.161072
actual=405404783999.161072
diff=0.000000
diff=1
WARNING: orio.module.loop.submodule.tile.transformation: tile size 256 must be greater than the stride value 256; tile index = iii
expected=2050122012263243520.000000
actual=405404783999.161072
diff=-2147483648.000000
diff=1
expected=405404783999.161072
actual=405404783999.161072
diff=0.000000
diff=1
WARNING: orio.module.loop.submodule.tile.transformation: tile size 2048 must be greater than the stride value 2048; tile index = iii
expected=581477450625.121948
actual=405404783999.161072
diff=-2147483648.000000
diff=1
expected=405404783999.161072
actual=405404783999.161072
diff=0.000000
diff=1
WARNING: orio.module.loop.submodule.tile.transformation: tile size 1024 must be greater than the stride value 1024; tile index = iii
__orio_perftest119.c: In function ‘main’:
__orio_perftest119.c:226:13: error: ‘newlb_k’ undeclared (first use in this function)
             newlb_k=-2147483648;
             ^~~~~~~
__orio_perftest119.c:226:13: note: each undeclared identifier is reported only once for each function it appears in
__orio_perftest119.c:227:13: error: ‘newub_k’ undeclared (first use in this function)
             newub_k=N-1;
             ^~~~~~~
[00;31mERROR: orio.main.tuner.ptest_driver:  failed to compile the testing code: "timeout --kill-after=30s --signal=9 20m gcc -O3 -fopenmp -DDYNAMIC  -DORIO_REPS=10 -o __orio_perftest119.exe __orio_perftest119.c timer_cpu.o -lm -lrt"[00m
[00;31mERROR: orio.main.tuner.ptest_driver:  the executable of the test code does not exist[00m
timeout: failed to run command ‘./__orio_perftest119.exe’: No such file or directory
[00;31mERROR: orio.main.tuner.ptest_driver: failed to execute the test code: "timeout --kill-after=30s --signal=9 20m  ./__orio_perftest119.exe  "
 --> CalledProcessError: Command 'timeout --kill-after=30s --signal=9 20m  ./__orio_perftest119.exe  ' returned non-zero exit status 127[00m
[00;31mERROR: orio.main.tuner.ptest_driver:  performance testing failed: "timeout --kill-after=30s --signal=9 20m  ./__orio_perftest119.exe  "[00m
WARNING: orio.module.loop.submodule.tile.transformation: tile size 256 must be greater than the stride value 256; tile index = kkk
expected=404796878999.792175
actual=405404783999.161072
diff=607904999.000000
diff=0
[00;31mERROR: orio.main.tuner.ptest_driver: failed to execute the test code: "timeout --kill-after=30s --signal=9 20m  ./__orio_perftest120.exe  "
 --> CalledProcessError: Command 'timeout --kill-after=30s --signal=9 20m  ./__orio_perftest120.exe  ' returned non-zero exit status 1[00m
[00;31mERROR: orio.main.tuner.ptest_driver:  performance testing failed: "timeout --kill-after=30s --signal=9 20m  ./__orio_perftest120.exe  "[00m
WARNING: orio.module.loop.submodule.tile.transformation: tile size 512 must be greater than the stride value 512; tile index = kkk
expected=1005112534305645870554519675126428563521133455867904.000000
actual=405404783999.161072
diff=-2147483648.000000
diff=1
expected=4348124281706729196273840505774669824.000000
actual=405404783999.161072
diff=-2147483648.000000
diff=1
WARNING: orio.module.loop.submodule.tile.transformation: tile size 512 must be greater than the stride value 512; tile index = kkk
expected=1948759617696045824.000000
actual=405404783999.161072
diff=-2147483648.000000
diff=1
WARNING: orio.module.loop.submodule.tile.transformation: tile size 16 must be greater than the stride value 16; tile index = iii
WARNING: orio.module.loop.submodule.tile.transformation: tile size 2048 must be greater than the stride value 2048; tile index = jjj
__orio_perftest124.c: In function ‘main’:
__orio_perftest124.c:588:9: error: ‘newlb_k’ undeclared (first use in this function)
         newlb_k=-2147483648;
         ^~~~~~~
__orio_perftest124.c:588:9: note: each undeclared identifier is reported only once for each function it appears in
__orio_perftest124.c:589:9: error: ‘newub_k’ undeclared (first use in this function)
         newub_k=N-1;
         ^~~~~~~
[00;31mERROR: orio.main.tuner.ptest_driver:  failed to compile the testing code: "timeout --kill-after=30s --signal=9 20m gcc -O3 -fopenmp -DDYNAMIC  -DORIO_REPS=10 -o __orio_perftest124.exe __orio_perftest124.c timer_cpu.o -lm -lrt"[00m
[00;31mERROR: orio.main.tuner.ptest_driver:  the executable of the test code does not exist[00m
timeout: failed to run command ‘./__orio_perftest124.exe’: No such file or directory
[00;31mERROR: orio.main.tuner.ptest_driver: failed to execute the test code: "timeout --kill-after=30s --signal=9 20m  ./__orio_perftest124.exe  "
 --> CalledProcessError: Command 'timeout --kill-after=30s --signal=9 20m  ./__orio_perftest124.exe  ' returned non-zero exit status 127[00m
[00;31mERROR: orio.main.tuner.ptest_driver:  performance testing failed: "timeout --kill-after=30s --signal=9 20m  ./__orio_perftest124.exe  "[00m
expected=405404783999.161072
actual=405404783999.161072
diff=0.000000
diff=1
expected=417143471805.003174
actual=405404783999.161072
diff=-2147483648.000000
diff=1
WARNING: orio.module.loop.submodule.tile.transformation: tile size 8 must be greater than the stride value 8; tile index = iii
expected=24576840705885304077215802400440320.000000
actual=405404783999.161072
diff=-2147483648.000000
diff=1
WARNING: orio.module.loop.submodule.tile.transformation: tile size 2048 must be greater than the stride value 2048; tile index = jjj
expected=810780153255785344.000000
actual=405404783999.161072
diff=-2147483648.000000
diff=1
expected=3920612340240840138797227886081673789440.000000
actual=405404783999.161072
diff=-2147483648.000000
diff=1
WARNING: orio.module.loop.submodule.tile.transformation: tile size 8 must be greater than the stride value 8; tile index = iii
WARNING: orio.module.loop.submodule.tile.transformation: tile size 4 must be greater than the stride value 4; tile index = kkk
expected=404999513999.579834
actual=405404783999.161072
diff=405269999.000000
diff=0
[00;31mERROR: orio.main.tuner.ptest_driver: failed to execute the test code: "timeout --kill-after=30s --signal=9 20m  ./__orio_perftest130.exe  "
 --> CalledProcessError: Command 'timeout --kill-after=30s --signal=9 20m  ./__orio_perftest130.exe  ' returned non-zero exit status 1[00m
[00;31mERROR: orio.main.tuner.ptest_driver:  performance testing failed: "timeout --kill-after=30s --signal=9 20m  ./__orio_perftest130.exe  "[00m
WARNING: orio.module.loop.submodule.tile.transformation: tile size 128 must be greater than the stride value 128; tile index = jjj
expected=65783447459331.804688
actual=405404783999.161072
diff=-2147483648.000000
diff=1
expected=707832877499.565063
actual=405404783999.161072
diff=-2147483648.000000
diff=1
expected=404650981799.946045
actual=405404783999.161072
diff=753802199.000000
diff=0
[00;31mERROR: orio.main.tuner.ptest_driver: failed to execute the test code: "timeout --kill-after=30s --signal=9 20m  ./__orio_perftest133.exe  "
 --> CalledProcessError: Command 'timeout --kill-after=30s --signal=9 20m  ./__orio_perftest133.exe  ' returned non-zero exit status 1[00m
[00;31mERROR: orio.main.tuner.ptest_driver:  performance testing failed: "timeout --kill-after=30s --signal=9 20m  ./__orio_perftest133.exe  "[00m
WARNING: orio.module.loop.submodule.tile.transformation: tile size 8 must be greater than the stride value 8; tile index = iii
expected=865367217404662646818369317143199004753920.000000
actual=405404783999.161072
diff=-2147483648.000000
diff=1
expected=112446175624942.500000
actual=405404783999.161072
diff=-2147483648.000000
diff=1
expected=405404783999.161072
actual=405404783999.161072
diff=0.000000
diff=1
WARNING: orio.module.loop.submodule.tile.transformation: tile size 4 must be greater than the stride value 4; tile index = iii
WARNING: orio.module.loop.submodule.tile.transformation: tile size 2048 must be greater than the stride value 2048; tile index = kkk
expected=405404783999.161072
actual=405404783999.161072
diff=0.000000
diff=1
WARNING: orio.module.loop.submodule.tile.transformation: tile size 32 must be greater than the stride value 32; tile index = jjj
expected=51442677775078274301762652340224.000000
actual=405404783999.161072
diff=-2147483648.000000
diff=1
expected=12482176405566714376877443399956849229824.000000
actual=405404783999.161072
diff=-2147483648.000000
diff=1
expected=5568822621495335799605433213331171230875648.000000
actual=405404783999.161072
diff=-2147483648.000000
diff=1
expected=5434469649272912056240701112036980177240064.000000
actual=405404783999.161072
diff=-2147483648.000000
diff=1
WARNING: orio.module.loop.submodule.tile.transformation: tile size 4 must be greater than the stride value 4; tile index = jjj
expected=405404783999.161072
actual=405404783999.161072
diff=0.000000
diff=1
WARNING: orio.module.loop.submodule.tile.transformation: tile size 2048 must be greater than the stride value 2048; tile index = jjj
expected=448483708557.034912
actual=405404783999.161072
diff=-2147483648.000000
diff=1
expected=141932868326786107098805356967493632.000000
actual=405404783999.161072
diff=-2147483648.000000
diff=1
expected=112399735111940.281250
actual=405404783999.161072
diff=-2147483648.000000
diff=1
expected=505746126000.108276
actual=405404783999.161072
diff=-2147483648.000000
diff=1
expected=126506292757163.921875
actual=405404783999.161072
diff=-2147483648.000000
diff=1
WARNING: orio.module.loop.submodule.tile.transformation: tile size 2048 must be greater than the stride value 2048; tile index = jjj
WARNING: orio.module.loop.submodule.tile.transformation: tile size 64 must be greater than the stride value 64; tile index = kkk
expected=8272755978506032726536225028484934664192.000000
actual=405404783999.161072
diff=-2147483648.000000
diff=1
expected=707832877499.565063
actual=405404783999.161072
diff=-2147483648.000000
diff=1
WARNING: orio.module.loop.submodule.tile.transformation: tile size 64 must be greater than the stride value 64; tile index = iii
expected=12338986619751674157734421331968.000000
actual=405404783999.161072
diff=-2147483648.000000
diff=1
WARNING: orio.module.loop.submodule.tile.transformation: tile size 8 must be greater than the stride value 8; tile index = jjj
expected=112504183327221.562500
actual=405404783999.161072
diff=-2147483648.000000
diff=1
WARNING: orio.module.loop.submodule.tile.transformation: tile size 8 must be greater than the stride value 8; tile index = iii
WARNING: orio.module.loop.submodule.tile.transformation: tile size 16 must be greater than the stride value 16; tile index = kkk
expected=409762082840874460982532849849478726224713875456.000000
actual=405404783999.161072
diff=-2147483648.000000
diff=1
WARNING: orio.module.loop.submodule.tile.transformation: tile size 16 must be greater than the stride value 16; tile index = iii
expected=405404783999.161072
actual=405404783999.161072
diff=0.000000
diff=1
WARNING: orio.module.loop.submodule.tile.transformation: tile size 128 must be greater than the stride value 128; tile index = iii
expected=404695561499.898865
actual=405404783999.161072
diff=709222499.000000
diff=0
[00;31mERROR: orio.main.tuner.ptest_driver: failed to execute the test code: "timeout --kill-after=30s --signal=9 20m  ./__orio_perftest154.exe  "
 --> CalledProcessError: Command 'timeout --kill-after=30s --signal=9 20m  ./__orio_perftest154.exe  ' returned non-zero exit status 1[00m
[00;31mERROR: orio.main.tuner.ptest_driver:  performance testing failed: "timeout --kill-after=30s --signal=9 20m  ./__orio_perftest154.exe  "[00m
WARNING: orio.module.loop.submodule.tile.transformation: tile size 512 must be greater than the stride value 512; tile index = iii
expected=15832545491765562633125505345601198232698880.000000
actual=405404783999.161072
diff=-2147483648.000000
diff=1
WARNING: orio.module.loop.submodule.tile.transformation: tile size 256 must be greater than the stride value 256; tile index = iii
expected=783420360840.200317
actual=405404783999.161072
diff=-2147483648.000000
diff=1
expected=142458662167760800109135331684515840.000000
actual=405404783999.161072
diff=-2147483648.000000
diff=1
expected=405404783999.161072
actual=405404783999.161072
diff=0.000000
diff=1
expected=795998374020.229492
actual=405404783999.161072
diff=-2147483648.000000
diff=1
WARNING: orio.module.loop.submodule.tile.transformation: tile size 32 must be greater than the stride value 32; tile index = iii
expected=38345506022790625457249282162688.000000
actual=405404783999.161072
diff=-2147483648.000000
diff=1
expected=1081885964403362364627082048317593485312.000000
actual=405404783999.161072
diff=-2147483648.000000
diff=1
expected=18265338339055585127293205716591758540800.000000
actual=405404783999.161072
diff=-2147483648.000000
diff=1
expected=221291100940350550494072428136759296.000000
actual=405404783999.161072
diff=-2147483648.000000
diff=1
WARNING: orio.module.loop.submodule.tile.transformation: tile size 2048 must be greater than the stride value 2048; tile index = jjj
expected=41382589235165084465093901853168500736.000000
actual=405404783999.161072
diff=-2147483648.000000
diff=1
expected=1920099548080178885289898537573000029405184.000000
actual=405404783999.161072
diff=-2147483648.000000
diff=1
expected=21866788547053030363964228716240226148679680.000000
actual=405404783999.161072
diff=-2147483648.000000
diff=1
expected=709423489978786198213092624966877184.000000
actual=405404783999.161072
diff=-2147483648.000000
diff=1
expected=69040875361929573190365541459541622784.000000
actual=405404783999.161072
diff=-2147483648.000000
diff=1
expected=55089404265533186888187265162202316800.000000
actual=405404783999.161072
diff=-2147483648.000000
diff=1
expected=4051708640611604253156538673266688.000000
actual=405404783999.161072
diff=-2147483648.000000
diff=1
expected=110246569541761812347082852186193920.000000
actual=405404783999.161072
diff=-2147483648.000000
diff=1
expected=4943946570765272545146654029032225112022056960.000000
actual=405404783999.161072
diff=-2147483648.000000
diff=1
WARNING: orio.module.loop.submodule.tile.transformation: tile size 4 must be greater than the stride value 4; tile index = jjj
expected=3678405767690002795980448634789910888316928.000000
actual=405404783999.161072
diff=-2147483648.000000
diff=1
WARNING: orio.module.loop.submodule.tile.transformation: tile size 2048 must be greater than the stride value 2048; tile index = jjj
expected=107057589473156888645886910922752.000000
actual=405404783999.161072
diff=-2147483648.000000
diff=1
WARNING: orio.module.loop.submodule.tile.transformation: tile size 2048 must be greater than the stride value 2048; tile index = jjj
expected=96521734128286327649659076536542987882070016.000000
actual=405404783999.161072
diff=-2147483648.000000
diff=1
expected=39155434797674620709392252626661202198528.000000
actual=405404783999.161072
diff=-2147483648.000000
diff=1
WARNING: orio.module.loop.submodule.tile.transformation: tile size 64 must be greater than the stride value 64; tile index = jjj
expected=16614903284684270076022680226085526914990080.000000
actual=405404783999.161072
diff=-2147483648.000000
diff=1
expected=27541263659931116366491761017920421888.000000
actual=405404783999.161072
diff=-2147483648.000000
diff=1
expected=3298160895815376350280584201012372307968.000000
actual=405404783999.161072
diff=-2147483648.000000
diff=1
WARNING: orio.module.loop.submodule.tile.transformation: tile size 2048 must be greater than the stride value 2048; tile index = jjj
expected=31993037370663341097952355549184.000000
actual=405404783999.161072
diff=-2147483648.000000
diff=1
expected=101039807642139680143050912903827816448.000000
actual=405404783999.161072
diff=-2147483648.000000
diff=1
expected=35404353455924633486144229266878889984.000000
actual=405404783999.161072
diff=-2147483648.000000
diff=1
expected=384592334572679186438552965413994475531796480.000000
actual=405404783999.161072
diff=-2147483648.000000
diff=1
expected=7423005734702744892164141042955116620021760.000000
actual=405404783999.161072
diff=-2147483648.000000
diff=1
expected=5939102547151647852604484496941092175872.000000
actual=405404783999.161072
diff=-2147483648.000000
diff=1
expected=12936271727442038308253258516044498208557833148956672.000000
actual=405404783999.161072
diff=-2147483648.000000
diff=1
expected=66445900916234042085912468859111869710310678576601950584832.000000
actual=405404783999.161072
diff=-2147483648.000000
diff=1
WARNING: orio.module.loop.submodule.tile.transformation: tile size 8 must be greater than the stride value 8; tile index = jjj
expected=657298462565962936259267464825594644004931108864.000000
actual=405404783999.161072
diff=-2147483648.000000
diff=1
expected=36005844214403614922591627036852224.000000
actual=405404783999.161072
diff=-2147483648.000000
diff=1
WARNING: orio.module.loop.submodule.tile.transformation: tile size 2048 must be greater than the stride value 2048; tile index = jjj
expected=40929641302105335263516964922851328.000000
actual=405404783999.161072
diff=-2147483648.000000
diff=1
WARNING: orio.module.loop.submodule.tile.transformation: tile size 512 must be greater than the stride value 512; tile index = jjj
expected=996718803575803004384079244857508993433600.000000
actual=405404783999.161072
diff=-2147483648.000000
diff=1
expected=1310204393631248710389027608132008804352.000000
actual=405404783999.161072
diff=-2147483648.000000
diff=1
expected=22463455282216910920172435090273975020814336.000000
actual=405404783999.161072
diff=-2147483648.000000
diff=1
expected=224950395649776921974569225236787494912.000000
actual=405404783999.161072
diff=-2147483648.000000
diff=1
expected=87826053789924701087441192661467552284672.000000
actual=405404783999.161072
diff=-2147483648.000000
diff=1
Segmentation fault
[00;31mERROR: orio.main.tuner.ptest_driver: failed to execute the test code: "timeout --kill-after=30s --signal=9 20m  ./__orio_perftest196.exe  "
 --> CalledProcessError: Command 'timeout --kill-after=30s --signal=9 20m  ./__orio_perftest196.exe  ' returned non-zero exit status 139[00m
[00;31mERROR: orio.main.tuner.ptest_driver:  performance testing failed: "timeout --kill-after=30s --signal=9 20m  ./__orio_perftest196.exe  "[00m
expected=365595345475935149997971905068937510912.000000
actual=405404783999.161072
diff=-2147483648.000000
diff=1
expected=102184928553040251480665904625439735808.000000
actual=405404783999.161072
diff=-2147483648.000000
diff=1
expected=705857161324743793633465402623262720.000000
actual=405404783999.161072
diff=-2147483648.000000
diff=1
expected=109804884636645389078995343293546496.000000
actual=405404783999.161072
diff=-2147483648.000000
diff=1
WARNING: orio.module.loop.submodule.tile.transformation: tile size 8 must be greater than the stride value 8; tile index = jjj
expected=4002544368158890303521085525893884936192.000000
actual=405404783999.161072
diff=-2147483648.000000
diff=1
expected=8500490906379433466657978784705445037378371584.000000
actual=405404783999.161072
diff=-2147483648.000000
diff=1
expected=3609890633751243638694135350712143392438430466048.000000
actual=405404783999.161072
diff=-2147483648.000000
diff=1
expected=152188417138236085986009774704033792.000000
actual=405404783999.161072
diff=-2147483648.000000
diff=1
WARNING: orio.module.loop.submodule.tile.transformation: tile size 1024 must be greater than the stride value 1024; tile index = jjj
expected=511829934855851956545958808193206396649472.000000
actual=405404783999.161072
diff=-2147483648.000000
diff=1
expected=34956778028048489035611483999602651168768.000000
actual=405404783999.161072
diff=-2147483648.000000
diff=1
expected=1653637885491313804849358524794273792.000000
actual=405404783999.161072
diff=-2147483648.000000
diff=1
expected=1725297540176274436311718715167779542768410200899584.000000
actual=405404783999.161072
diff=-2147483648.000000
diff=1
expected=493622796993492404580603553186405997647906360786944.000000
actual=405404783999.161072
diff=-2147483648.000000
diff=1
WARNING: orio.module.loop.submodule.tile.transformation: tile size 512 must be greater than the stride value 512; tile index = jjj
expected=4769111511051160674255389937905573036032.000000
actual=405404783999.161072
diff=-2147483648.000000
diff=1
expected=79357920271587666432505786337853440.000000
actual=405404783999.161072
diff=-2147483648.000000
diff=1
WARNING: orio.module.loop.submodule.tile.transformation: tile size 4 must be greater than the stride value 4; tile index = jjj
expected=6337538597957230688975463245027877378502688768.000000
actual=405404783999.161072
diff=-2147483648.000000
diff=1
expected=11470866389290438542021692141600768.000000
actual=405404783999.161072
diff=-2147483648.000000
diff=1
expected=33118949312324044273868200815574675024617930752.000000
actual=405404783999.161072
diff=-2147483648.000000
diff=1
expected=227663063142222329282971736238386019397795840.000000
actual=405404783999.161072
diff=-2147483648.000000
diff=1
expected=2952252517942863882927657662030724210616172544.000000
actual=405404783999.161072
diff=-2147483648.000000
diff=1
expected=1078344684234812288588599510508806752937611100160.000000
actual=405404783999.161072
diff=-2147483648.000000
diff=1
WARNING: orio.module.loop.submodule.tile.transformation: tile size 8 must be greater than the stride value 8; tile index = jjj
expected=150070664156171149173583828456833024.000000
actual=405404783999.161072
diff=-2147483648.000000
diff=1
expected=6734254323874074218165053309773673689188925440.000000
actual=405404783999.161072
diff=-2147483648.000000
diff=1
expected=483802081449979327244882338089212575744.000000
actual=405404783999.161072
diff=-2147483648.000000
diff=1
expected=1054167693534650134570582399759153102848.000000
actual=405404783999.161072
diff=-2147483648.000000
diff=1
expected=116775102460126680733592465665099332192028327936.000000
actual=405404783999.161072
diff=-2147483648.000000
diff=1
expected=1019092572393983944094076907832858065923400007680.000000
actual=405404783999.161072
diff=-2147483648.000000
diff=1
expected=7835884775428370656528223510687618200526682849280.000000
actual=405404783999.161072
diff=-2147483648.000000
diff=1
WARNING: orio.module.loop.submodule.tile.transformation: tile size 8 must be greater than the stride value 8; tile index = jjj
expected=1813020450671778032844262405700404951358478745600.000000
actual=405404783999.161072
diff=-2147483648.000000
diff=1
expected=16518012233160993438426347806521542436221616128.000000
actual=405404783999.161072
diff=-2147483648.000000
diff=1
expected=120222719292170141525431567591498983241940992.000000
actual=405404783999.161072
diff=-2147483648.000000
diff=1
expected=2451319860613170926456618201292203941049663488.000000
actual=405404783999.161072
diff=-2147483648.000000
diff=1
WARNING: orio.module.loop.submodule.tile.transformation: tile size 2048 must be greater than the stride value 2048; tile index = jjj
expected=42085127756539180926381471267480568052662140928.000000
actual=405404783999.161072
diff=-2147483648.000000
diff=1
expected=39124182185213013864578171860753391355428864.000000
actual=405404783999.161072
diff=-2147483648.000000
diff=1
WARNING: orio.module.loop.submodule.tile.transformation: tile size 2048 must be greater than the stride value 2048; tile index = jjj
expected=333529703188671212119244030333741627047736770560.000000
actual=405404783999.161072
diff=-2147483648.000000
diff=1
expected=17457571488160969375579877628250796752688885268480.000000
actual=405404783999.161072
diff=-2147483648.000000
diff=1
expected=17230926239483790723404350485466094423840391168.000000
actual=405404783999.161072
diff=-2147483648.000000
diff=1
WARNING: orio.module.loop.submodule.tile.transformation: tile size 2048 must be greater than the stride value 2048; tile index = jjj
expected=925187769878873166683573166749578744363897130582016.000000
actual=405404783999.161072
diff=-2147483648.000000
diff=1
expected=104316860307097219944808087403532812826352004628480.000000
actual=405404783999.161072
diff=-2147483648.000000
diff=1
WARNING: orio.module.loop.submodule.tile.transformation: tile size 2048 must be greater than the stride value 2048; tile index = jjj
expected=66545898213132638247766168257129858627272704.000000
actual=405404783999.161072
diff=-2147483648.000000
diff=1
expected=4209113751165520196075092809703966387862184656896.000000
actual=405404783999.161072
diff=-2147483648.000000
diff=1
expected=14269600861582987017307932875841570593047702405120.000000
actual=405404783999.161072
diff=-2147483648.000000
diff=1
expected=416289216550419755149049621788331702300442624.000000
actual=405404783999.161072
diff=-2147483648.000000
diff=1
expected=31874894204492268495429267307808014605484032.000000
actual=405404783999.161072
diff=-2147483648.000000
diff=1
expected=110868052293310902002645731335608952331501043712.000000
actual=405404783999.161072
diff=-2147483648.000000
diff=1
expected=414424286491815643058108438147120643247591957463040.000000
actual=405404783999.161072
diff=-2147483648.000000
diff=1
WARNING: orio.module.loop.submodule.tile.transformation: tile size 16 must be greater than the stride value 16; tile index = jjj
expected=35978390696943287770434034634262861786829247479808.000000
actual=405404783999.161072
diff=-2147483648.000000
diff=1
expected=41657653271240626180235549642506642353945575424.000000
actual=405404783999.161072
diff=-2147483648.000000
diff=1
expected=24562756632851360292325058265187801968762945536.000000
actual=405404783999.161072
diff=-2147483648.000000
diff=1
expected=2066055470577387589228944134358430334735572227063808.000000
actual=405404783999.161072
diff=-2147483648.000000
diff=1
expected=65896742460397316784352339998779437121810726912.000000
actual=405404783999.161072
diff=-2147483648.000000
diff=1
WARNING: orio.module.loop.submodule.tile.transformation: tile size 8 must be greater than the stride value 8; tile index = jjj
expected=787505235317861415636019253736908315724832237944832.000000
actual=405404783999.161072
diff=-2147483648.000000
diff=1
WARNING: orio.module.loop.submodule.tile.transformation: tile size 2048 must be greater than the stride value 2048; tile index = jjj
expected=179382488381021466122690442430410206248778651958404710400.000000
actual=405404783999.161072
diff=-2147483648.000000
diff=1
expected=599929021545775251505557125090233822734356316160.000000
actual=405404783999.161072
diff=-2147483648.000000
diff=1
expected=849645478954282009004364725948824685784965696192512.000000
actual=405404783999.161072
diff=-2147483648.000000
diff=1
WARNING: orio.module.loop.submodule.tile.transformation: tile size 4 must be greater than the stride value 4; tile index = jjj
expected=307413092379921348359773369129305574318538752.000000
actual=405404783999.161072
diff=-2147483648.000000
diff=1
expected=75270018541811401754924053924988641068549819238187008.000000
actual=405404783999.161072
diff=-2147483648.000000
diff=1
expected=40444835850985504293678602857362773902360576.000000
actual=405404783999.161072
diff=-2147483648.000000
diff=1
WARNING: orio.module.loop.submodule.tile.transformation: tile size 1024 must be greater than the stride value 1024; tile index = jjj
WARNING: orio.module.loop.submodule.tile.transformation: tile size 2048 must be greater than the stride value 2048; tile index = jjj
expected=174470891372100633140209252275970875752218470907904.000000
actual=405404783999.161072
diff=-2147483648.000000
diff=1
