
WARNING: orio.module.loop.submodule.tile.transformation: tile size 128 must be greater than the stride value 128; tile index = kkk
expected=35365613106853966374188386084230371547080230546693629023709483237376.000000
actual=35365613106853966374188386084230371547080230546693629023709483237376.000000
diff=0.000000
diff=1
WARNING: orio.module.loop.submodule.tile.transformation: tile size 2048 must be greater than the stride value 2048; tile index = iii
expected=35365613106853966374188386084230371547080230546693629023709483237376.000000
actual=35365613106853966374188386084230371547080230546693629023709483237376.000000
diff=0.000000
diff=1
expected=35365613106853966374188386084230371547080230546693629023709483237376.000000
actual=35365613106853966374188386084230371547080230546693629023709483237376.000000
diff=0.000000
diff=1
WARNING: orio.module.loop.submodule.tile.transformation: tile size 4 must be greater than the stride value 4; tile index = kkk
expected=35365613106853966374188386084230371547080230546693629023709483237376.000000
actual=35365613106853966374188386084230371547080230546693629023709483237376.000000
diff=0.000000
diff=1
WARNING: orio.module.loop.submodule.tile.transformation: tile size 512 must be greater than the stride value 512; tile index = iii
WARNING: orio.module.loop.submodule.tile.transformation: tile size 2048 must be greater than the stride value 2048; tile index = jjj
WARNING: orio.module.loop.submodule.tile.transformation: tile size 2048 must be greater than the stride value 2048; tile index = iii
WARNING: orio.module.loop.submodule.tile.transformation: tile size 2048 must be greater than the stride value 2048; tile index = kkk
expected=35365613106853966374188386084230371547080230546693629023709483237376.000000
actual=35365613106853966374188386084230371547080230546693629023709483237376.000000
diff=0.000000
diff=1
expected=35365613106853966374188386084230371547080230546693629023709483237376.000000
actual=35365613106853966374188386084230371547080230546693629023709483237376.000000
diff=0.000000
diff=1
WARNING: orio.module.loop.submodule.tile.transformation: tile size 2 must be greater than the stride value 2; tile index = iii
WARNING: orio.module.loop.submodule.tile.transformation: tile size 4 must be greater than the stride value 4; tile index = kkk
expected=35365613106853966374188386084230371547080230546693629023709483237376.000000
actual=35365613106853966374188386084230371547080230546693629023709483237376.000000
diff=0.000000
diff=1
expected=35365613106853966374188386084230371547080230546693629023709483237376.000000
actual=35365613106853966374188386084230371547080230546693629023709483237376.000000
diff=0.000000
diff=1
expected=35365613106853966374188386084230371547080230546693629023709483237376.000000
actual=35365613106853966374188386084230371547080230546693629023709483237376.000000
diff=0.000000
diff=1
WARNING: orio.module.loop.submodule.tile.transformation: tile size 128 must be greater than the stride value 128; tile index = kkk
expected=35365613106853966374188386084230371547080230546693629023709483237376.000000
actual=35365613106853966374188386084230371547080230546693629023709483237376.000000
diff=0.000000
diff=1
WARNING: orio.module.loop.submodule.tile.transformation: tile size 32 must be greater than the stride value 32; tile index = iii
WARNING: orio.module.loop.submodule.tile.transformation: tile size 2048 must be greater than the stride value 2048; tile index = jjj
expected=35365613106853966374188386084230371547080230546693629023709483237376.000000
actual=35365613106853966374188386084230371547080230546693629023709483237376.000000
diff=0.000000
diff=1
expected=35365613106853966374188386084230371547080230546693629023709483237376.000000
actual=35365613106853966374188386084230371547080230546693629023709483237376.000000
diff=0.000000
diff=1
WARNING: orio.module.loop.submodule.tile.transformation: tile size 64 must be greater than the stride value 64; tile index = jjj
expected=35365613106853966374188386084230371547080230546693629023709483237376.000000
actual=35365613106853966374188386084230371547080230546693629023709483237376.000000
diff=0.000000
diff=1
WARNING: orio.module.loop.submodule.tile.transformation: tile size 64 must be greater than the stride value 64; tile index = jjj
WARNING: orio.module.loop.submodule.tile.transformation: tile size 512 must be greater than the stride value 512; tile index = iii
WARNING: orio.module.loop.submodule.tile.transformation: tile size 32 must be greater than the stride value 32; tile index = jjj
WARNING: orio.module.loop.submodule.tile.transformation: tile size 16 must be greater than the stride value 16; tile index = kkk
expected=35365613106853966374188386084230371547080230546693629023709483237376.000000
actual=35365613106853966374188386084230371547080230546693629023709483237376.000000
diff=0.000000
diff=1
WARNING: orio.module.loop.submodule.tile.transformation: tile size 32 must be greater than the stride value 32; tile index = iii
WARNING: orio.module.loop.submodule.tile.transformation: tile size 2 must be greater than the stride value 2; tile index = kkk
expected=35365613106853966374188386084230371547080230546693629023709483237376.000000
actual=35365613106853966374188386084230371547080230546693629023709483237376.000000
diff=0.000000
diff=1
WARNING: orio.module.loop.submodule.tile.transformation: tile size 2048 must be greater than the stride value 2048; tile index = iii
WARNING: orio.module.loop.submodule.tile.transformation: tile size 32 must be greater than the stride value 32; tile index = kkk
expected=35365613106853966374188386084230371547080230546693629023709483237376.000000
actual=35365613106853966374188386084230371547080230546693629023709483237376.000000
diff=0.000000
diff=1
WARNING: orio.module.loop.submodule.tile.transformation: tile size 8 must be greater than the stride value 8; tile index = iii
expected=35365613106853966374188386084230371547080230546693629023709483237376.000000
actual=35365613106853966374188386084230371547080230546693629023709483237376.000000
diff=0.000000
diff=1
expected=35365613106853966374188386084230371547080230546693629023709483237376.000000
actual=35365613106853966374188386084230371547080230546693629023709483237376.000000
diff=0.000000
diff=1
expected=35365613106853966374188386084230371547080230546693629023709483237376.000000
actual=35365613106853966374188386084230371547080230546693629023709483237376.000000
diff=0.000000
diff=1
WARNING: orio.module.loop.submodule.tile.transformation: tile size 64 must be greater than the stride value 64; tile index = jjj
expected=35365613106853966374188386084230371547080230546693629023709483237376.000000
actual=35365613106853966374188386084230371547080230546693629023709483237376.000000
diff=0.000000
diff=1
expected=35365613106853966374188386084230371547080230546693629023709483237376.000000
actual=35365613106853966374188386084230371547080230546693629023709483237376.000000
diff=0.000000
diff=1
WARNING: orio.module.loop.submodule.tile.transformation: tile size 2048 must be greater than the stride value 2048; tile index = jjj
WARNING: orio.module.loop.submodule.tile.transformation: tile size 512 must be greater than the stride value 512; tile index = kkk
expected=35365613106853966374188386084230371547080230546693629023709483237376.000000
actual=35365613106853966374188386084230371547080230546693629023709483237376.000000
diff=0.000000
diff=1
WARNING: orio.module.loop.submodule.tile.transformation: tile size 8 must be greater than the stride value 8; tile index = kkk
WARNING: orio.module.loop.submodule.tile.transformation: tile size 16 must be greater than the stride value 16; tile index = iii
WARNING: orio.module.loop.submodule.tile.transformation: tile size 2048 must be greater than the stride value 2048; tile index = jjj
expected=35365613106853966374188386084230371547080230546693629023709483237376.000000
actual=35365613106853966374188386084230371547080230546693629023709483237376.000000
diff=0.000000
diff=1
WARNING: orio.module.loop.submodule.tile.transformation: tile size 4 must be greater than the stride value 4; tile index = jjj
WARNING: orio.module.loop.submodule.tile.transformation: tile size 1024 must be greater than the stride value 1024; tile index = kkk
expected=35365613106853966374188386084230371547080230546693629023709483237376.000000
actual=35365613106853966374188386084230371547080230546693629023709483237376.000000
diff=0.000000
diff=1
expected=35365613106853966374188386084230371547080230546693629023709483237376.000000
actual=35365613106853966374188386084230371547080230546693629023709483237376.000000
diff=0.000000
diff=1
expected=35365613106853966374188386084230371547080230546693629023709483237376.000000
actual=35365613106853966374188386084230371547080230546693629023709483237376.000000
diff=0.000000
diff=1
WARNING: orio.module.loop.submodule.tile.transformation: tile size 512 must be greater than the stride value 512; tile index = iii
WARNING: orio.module.loop.submodule.tile.transformation: tile size 2 must be greater than the stride value 2; tile index = kkk
expected=35365613106853966374188386084230371547080230546693629023709483237376.000000
actual=35365613106853966374188386084230371547080230546693629023709483237376.000000
diff=0.000000
diff=1
WARNING: orio.module.loop.submodule.tile.transformation: tile size 128 must be greater than the stride value 128; tile index = kkk
expected=35365613106853966374188386084230371547080230546693629023709483237376.000000
actual=35365613106853966374188386084230371547080230546693629023709483237376.000000
diff=0.000000
diff=1
WARNING: orio.module.loop.submodule.tile.transformation: tile size 32 must be greater than the stride value 32; tile index = kkk
WARNING: orio.module.loop.submodule.tile.transformation: tile size 1024 must be greater than the stride value 1024; tile index = kkk
expected=35365613106853966374188386084230371547080230546693629023709483237376.000000
actual=35365613106853966374188386084230371547080230546693629023709483237376.000000
diff=0.000000
diff=1
expected=35365613106853966374188386084230371547080230546693629023709483237376.000000
actual=35365613106853966374188386084230371547080230546693629023709483237376.000000
diff=0.000000
diff=1
WARNING: orio.module.loop.submodule.tile.transformation: tile size 2048 must be greater than the stride value 2048; tile index = jjj
WARNING: orio.module.loop.submodule.tile.transformation: tile size 1024 must be greater than the stride value 1024; tile index = kkk
expected=35365613106853966374188386084230371547080230546693629023709483237376.000000
actual=35365613106853966374188386084230371547080230546693629023709483237376.000000
diff=0.000000
diff=1
expected=35364314786390347150292707236845510747913923307954777717527873060864.000000
actual=35365613106853966374188386084230371547080230546693629023709483237376.000000
diff=-2147483648.000000
diff=1
expected=35365613106853966374188386084230371547080230546693629023709483237376.000000
actual=35365613106853966374188386084230371547080230546693629023709483237376.000000
diff=0.000000
diff=1
WARNING: orio.module.loop.submodule.tile.transformation: tile size 64 must be greater than the stride value 64; tile index = iii
WARNING: orio.module.loop.submodule.tile.transformation: tile size 2048 must be greater than the stride value 2048; tile index = iii
expected=35365613106853966374188386084230371547080230546693629023709483237376.000000
actual=35365613106853966374188386084230371547080230546693629023709483237376.000000
diff=0.000000
diff=1
expected=35365613106853966374188386084230371547080230546693629023709483237376.000000
actual=35365613106853966374188386084230371547080230546693629023709483237376.000000
diff=0.000000
diff=1
expected=35365613106853966374188386084230371547080230546693629023709483237376.000000
actual=35365613106853966374188386084230371547080230546693629023709483237376.000000
diff=0.000000
diff=1
expected=35365613106853966374188386084230371547080230546693629023709483237376.000000
actual=35365613106853966374188386084230371547080230546693629023709483237376.000000
diff=0.000000
diff=1
WARNING: orio.module.loop.submodule.tile.transformation: tile size 4 must be greater than the stride value 4; tile index = iii
WARNING: orio.module.loop.submodule.tile.transformation: tile size 2 must be greater than the stride value 2; tile index = iii
expected=35365613106853966374188386084230371547080230546693629023709483237376.000000
actual=35365613106853966374188386084230371547080230546693629023709483237376.000000
diff=0.000000
diff=1
WARNING: orio.module.loop.submodule.tile.transformation: tile size 256 must be greater than the stride value 256; tile index = kkk
WARNING: orio.module.loop.submodule.tile.transformation: tile size 4 must be greater than the stride value 4; tile index = iii
WARNING: orio.module.loop.submodule.tile.transformation: tile size 64 must be greater than the stride value 64; tile index = jjj
expected=35365613106853966374188386084230371547080230546693629023709483237376.000000
actual=35365613106853966374188386084230371547080230546693629023709483237376.000000
diff=0.000000
diff=1
WARNING: orio.module.loop.submodule.tile.transformation: tile size 8 must be greater than the stride value 8; tile index = iii
expected=35365613106853966374188386084230371547080230546693629023709483237376.000000
actual=35365613106853966374188386084230371547080230546693629023709483237376.000000
diff=0.000000
diff=1
WARNING: orio.module.loop.submodule.tile.transformation: tile size 1024 must be greater than the stride value 1024; tile index = kkk
expected=35365613106853966374188386084230371547080230546693629023709483237376.000000
actual=35365613106853966374188386084230371547080230546693629023709483237376.000000
diff=0.000000
diff=1
WARNING: orio.module.loop.submodule.tile.transformation: tile size 4 must be greater than the stride value 4; tile index = kkk
expected=35365613106853966374188386084230371547080230546693629023709483237376.000000
actual=35365613106853966374188386084230371547080230546693629023709483237376.000000
diff=0.000000
diff=1
WARNING: orio.module.loop.submodule.tile.transformation: tile size 8 must be greater than the stride value 8; tile index = jjj
expected=35365613106853966374188386084230371547080230546693629023709483237376.000000
actual=35365613106853966374188386084230371547080230546693629023709483237376.000000
diff=0.000000
diff=1
WARNING: orio.module.loop.submodule.tile.transformation: tile size 2048 must be greater than the stride value 2048; tile index = kkk
expected=35365613106853966374188386084230371547080230546693629023709483237376.000000
actual=35365613106853966374188386084230371547080230546693629023709483237376.000000
diff=0.000000
diff=1
expected=35365613106853966374188386084230371547080230546693629023709483237376.000000
actual=35365613106853966374188386084230371547080230546693629023709483237376.000000
diff=0.000000
diff=1
WARNING: orio.module.loop.submodule.tile.transformation: tile size 4 must be greater than the stride value 4; tile index = kkk
expected=35365613106853966374188386084230371547080230546693629023709483237376.000000
actual=35365613106853966374188386084230371547080230546693629023709483237376.000000
diff=0.000000
diff=1
WARNING: orio.module.loop.submodule.tile.transformation: tile size 128 must be greater than the stride value 128; tile index = iii
expected=35365613106853966374188386084230371547080230546693629023709483237376.000000
actual=35365613106853966374188386084230371547080230546693629023709483237376.000000
diff=0.000000
diff=1
expected=35365613106853966374188386084230371547080230546693629023709483237376.000000
actual=35365613106853966374188386084230371547080230546693629023709483237376.000000
diff=0.000000
diff=1
WARNING: orio.module.loop.submodule.tile.transformation: tile size 2048 must be greater than the stride value 2048; tile index = jjj
WARNING: orio.module.loop.submodule.tile.transformation: tile size 8 must be greater than the stride value 8; tile index = iii
expected=35365613106853966374188386084230371547080230546693629023709483237376.000000
actual=35365613106853966374188386084230371547080230546693629023709483237376.000000
diff=0.000000
diff=1
expected=35365613106853966374188386084230371547080230546693629023709483237376.000000
actual=35365613106853966374188386084230371547080230546693629023709483237376.000000
diff=0.000000
diff=1
WARNING: orio.module.loop.submodule.tile.transformation: tile size 2048 must be greater than the stride value 2048; tile index = kkk
expected=35365613106853966374188386084230371547080230546693629023709483237376.000000
actual=35365613106853966374188386084230371547080230546693629023709483237376.000000
diff=0.000000
diff=1
WARNING: orio.module.loop.submodule.tile.transformation: tile size 64 must be greater than the stride value 64; tile index = iii
WARNING: orio.module.loop.submodule.tile.transformation: tile size 256 must be greater than the stride value 256; tile index = kkk
expected=35365613106853966374188386084230371547080230546693629023709483237376.000000
actual=35365613106853966374188386084230371547080230546693629023709483237376.000000
diff=0.000000
diff=1
expected=35365613106853966374188386084230371547080230546693629023709483237376.000000
actual=35365613106853966374188386084230371547080230546693629023709483237376.000000
diff=0.000000
diff=1
WARNING: orio.module.loop.submodule.tile.transformation: tile size 64 must be greater than the stride value 64; tile index = iii
expected=35365613106853966374188386084230371547080230546693629023709483237376.000000
actual=35365613106853966374188386084230371547080230546693629023709483237376.000000
diff=0.000000
diff=1
expected=35365613106853966374188386084230371547080230546693629023709483237376.000000
actual=35365613106853966374188386084230371547080230546693629023709483237376.000000
diff=0.000000
diff=1
expected=35365613106853966374188386084230371547080230546693629023709483237376.000000
actual=35365613106853966374188386084230371547080230546693629023709483237376.000000
diff=0.000000
diff=1
WARNING: orio.module.loop.submodule.tile.transformation: tile size 4 must be greater than the stride value 4; tile index = kkk
WARNING: orio.module.loop.submodule.tile.transformation: tile size 512 must be greater than the stride value 512; tile index = jjj
expected=35365613106853966374188386084230371547080230546693629023709483237376.000000
actual=35365613106853966374188386084230371547080230546693629023709483237376.000000
diff=0.000000
diff=1
WARNING: orio.module.loop.submodule.tile.transformation: tile size 16 must be greater than the stride value 16; tile index = kkk
WARNING: orio.module.loop.submodule.tile.transformation: tile size 256 must be greater than the stride value 256; tile index = kkk
expected=35365613106853966374188386084230371547080230546693629023709483237376.000000
actual=35365613106853966374188386084230371547080230546693629023709483237376.000000
diff=0.000000
diff=1
expected=35365613106853966374188386084230371547080230546693629023709483237376.000000
actual=35365613106853966374188386084230371547080230546693629023709483237376.000000
diff=0.000000
diff=1
expected=35365613106853966374188386084230371547080230546693629023709483237376.000000
actual=35365613106853966374188386084230371547080230546693629023709483237376.000000
diff=0.000000
diff=1
WARNING: orio.module.loop.submodule.tile.transformation: tile size 8 must be greater than the stride value 8; tile index = kkk
expected=35365613106853966374188386084230371547080230546693629023709483237376.000000
actual=35365613106853966374188386084230371547080230546693629023709483237376.000000
diff=0.000000
diff=1
expected=35365613106853966374188386084230371547080230546693629023709483237376.000000
actual=35365613106853966374188386084230371547080230546693629023709483237376.000000
diff=0.000000
diff=1
expected=35365613106853966374188386084230371547080230546693629023709483237376.000000
actual=35365613106853966374188386084230371547080230546693629023709483237376.000000
diff=0.000000
diff=1
WARNING: orio.module.loop.submodule.tile.transformation: tile size 8 must be greater than the stride value 8; tile index = kkk
expected=35365613106853966374188386084230371547080230546693629023709483237376.000000
actual=35365613106853966374188386084230371547080230546693629023709483237376.000000
diff=0.000000
diff=1
WARNING: orio.module.loop.submodule.tile.transformation: tile size 2048 must be greater than the stride value 2048; tile index = kkk
WARNING: orio.module.loop.submodule.tile.transformation: tile size 4 must be greater than the stride value 4; tile index = iii
WARNING: orio.module.loop.submodule.tile.transformation: tile size 64 must be greater than the stride value 64; tile index = jjj
expected=35365613106853966374188386084230371547080230546693629023709483237376.000000
actual=35365613106853966374188386084230371547080230546693629023709483237376.000000
diff=0.000000
diff=1
WARNING: orio.module.loop.submodule.tile.transformation: tile size 2048 must be greater than the stride value 2048; tile index = jjj
expected=35365613106853966374188386084230371547080230546693629023709483237376.000000
actual=35365613106853966374188386084230371547080230546693629023709483237376.000000
diff=0.000000
diff=1
WARNING: orio.module.loop.submodule.tile.transformation: tile size 4 must be greater than the stride value 4; tile index = jjj
expected=35365613106853966374188386084230371547080230546693629023709483237376.000000
actual=35365613106853966374188386084230371547080230546693629023709483237376.000000
diff=0.000000
diff=1
WARNING: orio.module.loop.submodule.tile.transformation: tile size 2048 must be greater than the stride value 2048; tile index = iii
WARNING: orio.module.loop.submodule.tile.transformation: tile size 128 must be greater than the stride value 128; tile index = kkk
expected=35365613106853966374188386084230371547080230546693629023709483237376.000000
actual=35365613106853966374188386084230371547080230546693629023709483237376.000000
diff=0.000000
diff=1
WARNING: orio.module.loop.submodule.tile.transformation: tile size 2048 must be greater than the stride value 2048; tile index = jjj
WARNING: orio.module.loop.submodule.tile.transformation: tile size 16 must be greater than the stride value 16; tile index = kkk
expected=35365613106853966374188386084230371547080230546693629023709483237376.000000
actual=35365613106853966374188386084230371547080230546693629023709483237376.000000
diff=0.000000
diff=1
WARNING: orio.module.loop.submodule.tile.transformation: tile size 2048 must be greater than the stride value 2048; tile index = kkk
expected=35365613106853966374188386084230371547080230546693629023709483237376.000000
actual=35365613106853966374188386084230371547080230546693629023709483237376.000000
diff=0.000000
diff=1
WARNING: orio.module.loop.submodule.tile.transformation: tile size 2 must be greater than the stride value 2; tile index = iii
expected=35365613106853966374188386084230371547080230546693629023709483237376.000000
actual=35365613106853966374188386084230371547080230546693629023709483237376.000000
diff=0.000000
diff=1
expected=35365613106853966374188386084230371547080230546693629023709483237376.000000
actual=35365613106853966374188386084230371547080230546693629023709483237376.000000
diff=0.000000
diff=1
WARNING: orio.module.loop.submodule.tile.transformation: tile size 32 must be greater than the stride value 32; tile index = iii
expected=35365613106853966374188386084230371547080230546693629023709483237376.000000
actual=35365613106853966374188386084230371547080230546693629023709483237376.000000
diff=0.000000
diff=1
expected=35365613106853966374188386084230371547080230546693629023709483237376.000000
actual=35365613106853966374188386084230371547080230546693629023709483237376.000000
diff=0.000000
diff=1
expected=35365613106853966374188386084230371547080230546693629023709483237376.000000
actual=35365613106853966374188386084230371547080230546693629023709483237376.000000
diff=0.000000
diff=1
expected=35365613106853966374188386084230371547080230546693629023709483237376.000000
actual=35365613106853966374188386084230371547080230546693629023709483237376.000000
diff=0.000000
diff=1
WARNING: orio.module.loop.submodule.tile.transformation: tile size 32 must be greater than the stride value 32; tile index = jjj
WARNING: orio.module.loop.submodule.tile.transformation: tile size 256 must be greater than the stride value 256; tile index = kkk
expected=35365613106853966374188386084230371547080230546693629023709483237376.000000
actual=35365613106853966374188386084230371547080230546693629023709483237376.000000
diff=0.000000
diff=1
expected=35365613106853966374188386084230371547080230546693629023709483237376.000000
actual=35365613106853966374188386084230371547080230546693629023709483237376.000000
diff=0.000000
diff=1
WARNING: orio.module.loop.submodule.tile.transformation: tile size 64 must be greater than the stride value 64; tile index = iii
expected=35365613106853966374188386084230371547080230546693629023709483237376.000000
actual=35365613106853966374188386084230371547080230546693629023709483237376.000000
diff=0.000000
diff=1
WARNING: orio.module.loop.submodule.tile.transformation: tile size 64 must be greater than the stride value 64; tile index = jjj
expected=35365613106853966374188386084230371547080230546693629023709483237376.000000
actual=35365613106853966374188386084230371547080230546693629023709483237376.000000
diff=0.000000
diff=1
WARNING: orio.module.loop.submodule.tile.transformation: tile size 8 must be greater than the stride value 8; tile index = iii
expected=35365613106853966374188386084230371547080230546693629023709483237376.000000
actual=35365613106853966374188386084230371547080230546693629023709483237376.000000
diff=0.000000
diff=1
WARNING: orio.module.loop.submodule.tile.transformation: tile size 8 must be greater than the stride value 8; tile index = jjj
expected=35365613106853966374188386084230371547080230546693629023709483237376.000000
actual=35365613106853966374188386084230371547080230546693629023709483237376.000000
diff=0.000000
diff=1
WARNING: orio.module.loop.submodule.tile.transformation: tile size 128 must be greater than the stride value 128; tile index = kkk
expected=35365613106853966374188386084230371547080230546693629023709483237376.000000
actual=35365613106853966374188386084230371547080230546693629023709483237376.000000
diff=0.000000
diff=1
WARNING: orio.module.loop.submodule.tile.transformation: tile size 256 must be greater than the stride value 256; tile index = jjj
expected=35365613106853966374188386084230371547080230546693629023709483237376.000000
actual=35365613106853966374188386084230371547080230546693629023709483237376.000000
diff=0.000000
diff=1
expected=35365613106853966374188386084230371547080230546693629023709483237376.000000
actual=35365613106853966374188386084230371547080230546693629023709483237376.000000
diff=0.000000
diff=1
WARNING: orio.module.loop.submodule.tile.transformation: tile size 2048 must be greater than the stride value 2048; tile index = jjj
expected=35365613106853966374188386084230371547080230546693629023709483237376.000000
actual=35365613106853966374188386084230371547080230546693629023709483237376.000000
diff=0.000000
diff=1
WARNING: orio.module.loop.submodule.tile.transformation: tile size 2048 must be greater than the stride value 2048; tile index = jjj
expected=35365613106853966374188386084230371547080230546693629023709483237376.000000
actual=35365613106853966374188386084230371547080230546693629023709483237376.000000
diff=0.000000
diff=1
WARNING: orio.module.loop.submodule.tile.transformation: tile size 16 must be greater than the stride value 16; tile index = iii
WARNING: orio.module.loop.submodule.tile.transformation: tile size 32 must be greater than the stride value 32; tile index = kkk
expected=35365613106853966374188386084230371547080230546693629023709483237376.000000
actual=35365613106853966374188386084230371547080230546693629023709483237376.000000
diff=0.000000
diff=1
WARNING: orio.module.loop.submodule.tile.transformation: tile size 128 must be greater than the stride value 128; tile index = kkk
expected=35365613106853966374188386084230371547080230546693629023709483237376.000000
actual=35365613106853966374188386084230371547080230546693629023709483237376.000000
diff=0.000000
diff=1
WARNING: orio.module.loop.submodule.tile.transformation: tile size 16 must be greater than the stride value 16; tile index = jjj
WARNING: orio.module.loop.submodule.tile.transformation: tile size 4 must be greater than the stride value 4; tile index = kkk
expected=35365613106853966374188386084230371547080230546693629023709483237376.000000
actual=35365613106853966374188386084230371547080230546693629023709483237376.000000
diff=0.000000
diff=1
WARNING: orio.module.loop.submodule.tile.transformation: tile size 32 must be greater than the stride value 32; tile index = iii
expected=35365613106853966374188386084230371547080230546693629023709483237376.000000
actual=35365613106853966374188386084230371547080230546693629023709483237376.000000
diff=0.000000
diff=1
expected=35365613106853966374188386084230371547080230546693629023709483237376.000000
actual=35365613106853966374188386084230371547080230546693629023709483237376.000000
diff=0.000000
diff=1
expected=35365613106853966374188386084230371547080230546693629023709483237376.000000
actual=35365613106853966374188386084230371547080230546693629023709483237376.000000
diff=0.000000
diff=1
expected=35365613106853966374188386084230371547080230546693629023709483237376.000000
actual=35365613106853966374188386084230371547080230546693629023709483237376.000000
diff=0.000000
diff=1
expected=35365613106853966374188386084230371547080230546693629023709483237376.000000
actual=35365613106853966374188386084230371547080230546693629023709483237376.000000
diff=0.000000
diff=1
WARNING: orio.module.loop.submodule.tile.transformation: tile size 4 must be greater than the stride value 4; tile index = jjj
expected=35365613106853966374188386084230371547080230546693629023709483237376.000000
actual=35365613106853966374188386084230371547080230546693629023709483237376.000000
diff=0.000000
diff=1
expected=35365613106853966374188386084230371547080230546693629023709483237376.000000
actual=35365613106853966374188386084230371547080230546693629023709483237376.000000
diff=0.000000
diff=1
expected=35365613106853966374188386084230371547080230546693629023709483237376.000000
actual=35365613106853966374188386084230371547080230546693629023709483237376.000000
diff=0.000000
diff=1
expected=35365613106853966374188386084230371547080230546693629023709483237376.000000
actual=35365613106853966374188386084230371547080230546693629023709483237376.000000
diff=0.000000
diff=1
expected=35365613106853966374188386084230371547080230546693629023709483237376.000000
actual=35365613106853966374188386084230371547080230546693629023709483237376.000000
diff=0.000000
diff=1
expected=35365613106853966374188386084230371547080230546693629023709483237376.000000
actual=35365613106853966374188386084230371547080230546693629023709483237376.000000
diff=0.000000
diff=1
expected=35365613106853966374188386084230371547080230546693629023709483237376.000000
actual=35365613106853966374188386084230371547080230546693629023709483237376.000000
diff=0.000000
diff=1
expected=35365613106853966374188386084230371547080230546693629023709483237376.000000
actual=35365613106853966374188386084230371547080230546693629023709483237376.000000
diff=0.000000
diff=1
WARNING: orio.module.loop.submodule.tile.transformation: tile size 4 must be greater than the stride value 4; tile index = jjj
WARNING: orio.module.loop.submodule.tile.transformation: tile size 8 must be greater than the stride value 8; tile index = kkk
expected=35365613106853966374188386084230371547080230546693629023709483237376.000000
actual=35365613106853966374188386084230371547080230546693629023709483237376.000000
diff=0.000000
diff=1
WARNING: orio.module.loop.submodule.tile.transformation: tile size 8 must be greater than the stride value 8; tile index = kkk
expected=35365613106853966374188386084230371547080230546693629023709483237376.000000
actual=35365613106853966374188386084230371547080230546693629023709483237376.000000
diff=0.000000
diff=1
expected=35365613106853966374188386084230371547080230546693629023709483237376.000000
actual=35365613106853966374188386084230371547080230546693629023709483237376.000000
diff=0.000000
diff=1
WARNING: orio.module.loop.submodule.tile.transformation: tile size 8 must be greater than the stride value 8; tile index = kkk
expected=35365613106853966374188386084230371547080230546693629023709483237376.000000
actual=35365613106853966374188386084230371547080230546693629023709483237376.000000
diff=0.000000
diff=1
expected=35365613106853966374188386084230371547080230546693629023709483237376.000000
actual=35365613106853966374188386084230371547080230546693629023709483237376.000000
diff=0.000000
diff=1
expected=35365613106853966374188386084230371547080230546693629023709483237376.000000
actual=35365613106853966374188386084230371547080230546693629023709483237376.000000
diff=0.000000
diff=1
expected=35365613106853966374188386084230371547080230546693629023709483237376.000000
actual=35365613106853966374188386084230371547080230546693629023709483237376.000000
diff=0.000000
diff=1
expected=35365613106853966374188386084230371547080230546693629023709483237376.000000
actual=35365613106853966374188386084230371547080230546693629023709483237376.000000
diff=0.000000
diff=1
WARNING: orio.module.loop.submodule.tile.transformation: tile size 8 must be greater than the stride value 8; tile index = kkk
expected=35365613106853966374188386084230371547080230546693629023709483237376.000000
actual=35365613106853966374188386084230371547080230546693629023709483237376.000000
diff=0.000000
diff=1
expected=35365613106853966374188386084230371547080230546693629023709483237376.000000
actual=35365613106853966374188386084230371547080230546693629023709483237376.000000
diff=0.000000
diff=1
WARNING: orio.module.loop.submodule.tile.transformation: tile size 8 must be greater than the stride value 8; tile index = kkk
expected=35365613106853966374188386084230371547080230546693629023709483237376.000000
actual=35365613106853966374188386084230371547080230546693629023709483237376.000000
diff=0.000000
diff=1
Killed
[00;31mERROR: orio.main.tuner.ptest_driver:  failed to compile the testing code: "timeout --kill-after=30s --signal=9 20m gcc -O3 -fopenmp   -DORIO_REPS=10 -o __orio_perftest115.exe __orio_perftest115.c timer_cpu.o -lm -lrt"[00m
[00;31mERROR: orio.main.tuner.ptest_driver:  the executable of the test code does not exist[00m
timeout: failed to run command ‘./__orio_perftest115.exe’: No such file or directory
[00;31mERROR: orio.main.tuner.ptest_driver: failed to execute the test code: "timeout --kill-after=30s --signal=9 20m  ./__orio_perftest115.exe  "
 --> CalledProcessError: Command 'timeout --kill-after=30s --signal=9 20m  ./__orio_perftest115.exe  ' returned non-zero exit status 127[00m
[00;31mERROR: orio.main.tuner.ptest_driver:  performance testing failed: "timeout --kill-after=30s --signal=9 20m  ./__orio_perftest115.exe  "[00m
WARNING: orio.module.loop.submodule.tile.transformation: tile size 8 must be greater than the stride value 8; tile index = kkk
expected=35365613106853966374188386084230371547080230546693629023709483237376.000000
actual=35365613106853966374188386084230371547080230546693629023709483237376.000000
diff=0.000000
diff=1
expected=35365613106853966374188386084230371547080230546693629023709483237376.000000
actual=35365613106853966374188386084230371547080230546693629023709483237376.000000
diff=0.000000
diff=1
Killed
[00;31mERROR: orio.main.tuner.ptest_driver:  failed to compile the testing code: "timeout --kill-after=30s --signal=9 20m gcc -O3 -fopenmp   -DORIO_REPS=10 -o __orio_perftest118.exe __orio_perftest118.c timer_cpu.o -lm -lrt"[00m
[00;31mERROR: orio.main.tuner.ptest_driver:  the executable of the test code does not exist[00m
timeout: failed to run command ‘./__orio_perftest118.exe’: No such file or directory
[00;31mERROR: orio.main.tuner.ptest_driver: failed to execute the test code: "timeout --kill-after=30s --signal=9 20m  ./__orio_perftest118.exe  "
 --> CalledProcessError: Command 'timeout --kill-after=30s --signal=9 20m  ./__orio_perftest118.exe  ' returned non-zero exit status 127[00m
[00;31mERROR: orio.main.tuner.ptest_driver:  performance testing failed: "timeout --kill-after=30s --signal=9 20m  ./__orio_perftest118.exe  "[00m
expected=35365613106853966374188386084230371547080230546693629023709483237376.000000
actual=35365613106853966374188386084230371547080230546693629023709483237376.000000
diff=0.000000
diff=1
WARNING: orio.module.loop.submodule.tile.transformation: tile size 8 must be greater than the stride value 8; tile index = kkk
expected=35365613106853966374188386084230371547080230546693629023709483237376.000000
actual=35365613106853966374188386084230371547080230546693629023709483237376.000000
diff=0.000000
diff=1
expected=35365613106853966374188386084230371547080230546693629023709483237376.000000
actual=35365613106853966374188386084230371547080230546693629023709483237376.000000
diff=0.000000
diff=1
Killed
[00;31mERROR: orio.main.tuner.ptest_driver:  failed to compile the testing code: "timeout --kill-after=30s --signal=9 20m gcc -O3 -fopenmp   -DORIO_REPS=10 -o __orio_perftest122.exe __orio_perftest122.c timer_cpu.o -lm -lrt"[00m
[00;31mERROR: orio.main.tuner.ptest_driver:  the executable of the test code does not exist[00m
timeout: failed to run command ‘./__orio_perftest122.exe’: No such file or directory
[00;31mERROR: orio.main.tuner.ptest_driver: failed to execute the test code: "timeout --kill-after=30s --signal=9 20m  ./__orio_perftest122.exe  "
 --> CalledProcessError: Command 'timeout --kill-after=30s --signal=9 20m  ./__orio_perftest122.exe  ' returned non-zero exit status 127[00m
[00;31mERROR: orio.main.tuner.ptest_driver:  performance testing failed: "timeout --kill-after=30s --signal=9 20m  ./__orio_perftest122.exe  "[00m
expected=35365613106853966374188386084230371547080230546693629023709483237376.000000
actual=35365613106853966374188386084230371547080230546693629023709483237376.000000
diff=0.000000
diff=1
expected=35365613106853966374188386084230371547080230546693629023709483237376.000000
actual=35365613106853966374188386084230371547080230546693629023709483237376.000000
diff=0.000000
diff=1
expected=35365613106853966374188386084230371547080230546693629023709483237376.000000
actual=35365613106853966374188386084230371547080230546693629023709483237376.000000
diff=0.000000
diff=1
expected=35365613106853966374188386084230371547080230546693629023709483237376.000000
actual=35365613106853966374188386084230371547080230546693629023709483237376.000000
diff=0.000000
diff=1
WARNING: orio.module.loop.submodule.tile.transformation: tile size 8 must be greater than the stride value 8; tile index = kkk
expected=35365613106853966374188386084230371547080230546693629023709483237376.000000
actual=35365613106853966374188386084230371547080230546693629023709483237376.000000
diff=0.000000
diff=1
WARNING: orio.module.loop.submodule.tile.transformation: tile size 8 must be greater than the stride value 8; tile index = kkk
expected=35365613106853966374188386084230371547080230546693629023709483237376.000000
actual=35365613106853966374188386084230371547080230546693629023709483237376.000000
diff=0.000000
diff=1
expected=35365613106853966374188386084230371547080230546693629023709483237376.000000
actual=35365613106853966374188386084230371547080230546693629023709483237376.000000
diff=0.000000
diff=1
expected=35365613106853966374188386084230371547080230546693629023709483237376.000000
actual=35365613106853966374188386084230371547080230546693629023709483237376.000000
diff=0.000000
diff=1
WARNING: orio.module.loop.submodule.tile.transformation: tile size 8 must be greater than the stride value 8; tile index = kkk
expected=35365613106853966374188386084230371547080230546693629023709483237376.000000
actual=35365613106853966374188386084230371547080230546693629023709483237376.000000
diff=0.000000
diff=1
expected=35365613106853966374188386084230371547080230546693629023709483237376.000000
actual=35365613106853966374188386084230371547080230546693629023709483237376.000000
diff=0.000000
diff=1
expected=35365613106853966374188386084230371547080230546693629023709483237376.000000
actual=35365613106853966374188386084230371547080230546693629023709483237376.000000
diff=0.000000
diff=1
expected=35365613106853966374188386084230371547080230546693629023709483237376.000000
actual=35365613106853966374188386084230371547080230546693629023709483237376.000000
diff=0.000000
diff=1
WARNING: orio.module.loop.submodule.tile.transformation: tile size 8 must be greater than the stride value 8; tile index = kkk
expected=35365613106853966374188386084230371547080230546693629023709483237376.000000
actual=35365613106853966374188386084230371547080230546693629023709483237376.000000
diff=0.000000
diff=1
WARNING: orio.module.loop.submodule.tile.transformation: tile size 8 must be greater than the stride value 8; tile index = kkk
expected=35365613106853966374188386084230371547080230546693629023709483237376.000000
actual=35365613106853966374188386084230371547080230546693629023709483237376.000000
diff=0.000000
diff=1
WARNING: orio.module.loop.submodule.tile.transformation: tile size 8 must be greater than the stride value 8; tile index = kkk
expected=35365613106853966374188386084230371547080230546693629023709483237376.000000
actual=35365613106853966374188386084230371547080230546693629023709483237376.000000
diff=0.000000
diff=1
WARNING: orio.module.loop.submodule.tile.transformation: tile size 4 must be greater than the stride value 4; tile index = jjj
WARNING: orio.module.loop.submodule.tile.transformation: tile size 8 must be greater than the stride value 8; tile index = kkk
expected=35365613106853966374188386084230371547080230546693629023709483237376.000000
actual=35365613106853966374188386084230371547080230546693629023709483237376.000000
diff=0.000000
diff=1
expected=35365613106853966374188386084230371547080230546693629023709483237376.000000
actual=35365613106853966374188386084230371547080230546693629023709483237376.000000
diff=0.000000
diff=1
expected=35365613106853966374188386084230371547080230546693629023709483237376.000000
actual=35365613106853966374188386084230371547080230546693629023709483237376.000000
diff=0.000000
diff=1
expected=35365613106853966374188386084230371547080230546693629023709483237376.000000
actual=35365613106853966374188386084230371547080230546693629023709483237376.000000
diff=0.000000
diff=1
Killed
[00;31mERROR: orio.main.tuner.ptest_driver:  failed to compile the testing code: "timeout --kill-after=30s --signal=9 20m gcc -O3 -fopenmp   -DORIO_REPS=10 -o __orio_perftest142.exe __orio_perftest142.c timer_cpu.o -lm -lrt"[00m
[00;31mERROR: orio.main.tuner.ptest_driver:  the executable of the test code does not exist[00m
timeout: failed to run command ‘./__orio_perftest142.exe’: No such file or directory
[00;31mERROR: orio.main.tuner.ptest_driver: failed to execute the test code: "timeout --kill-after=30s --signal=9 20m  ./__orio_perftest142.exe  "
 --> CalledProcessError: Command 'timeout --kill-after=30s --signal=9 20m  ./__orio_perftest142.exe  ' returned non-zero exit status 127[00m
[00;31mERROR: orio.main.tuner.ptest_driver:  performance testing failed: "timeout --kill-after=30s --signal=9 20m  ./__orio_perftest142.exe  "[00m
expected=35365613106853966374188386084230371547080230546693629023709483237376.000000
actual=35365613106853966374188386084230371547080230546693629023709483237376.000000
diff=0.000000
diff=1
expected=35365613106853966374188386084230371547080230546693629023709483237376.000000
actual=35365613106853966374188386084230371547080230546693629023709483237376.000000
diff=0.000000
diff=1
expected=35365613106853966374188386084230371547080230546693629023709483237376.000000
actual=35365613106853966374188386084230371547080230546693629023709483237376.000000
diff=0.000000
diff=1
expected=35365613106853966374188386084230371547080230546693629023709483237376.000000
actual=35365613106853966374188386084230371547080230546693629023709483237376.000000
diff=0.000000
diff=1
expected=35365613106853966374188386084230371547080230546693629023709483237376.000000
actual=35365613106853966374188386084230371547080230546693629023709483237376.000000
diff=0.000000
diff=1
expected=35365613106853966374188386084230371547080230546693629023709483237376.000000
actual=35365613106853966374188386084230371547080230546693629023709483237376.000000
diff=0.000000
diff=1
WARNING: orio.module.loop.submodule.tile.transformation: tile size 8 must be greater than the stride value 8; tile index = kkk
expected=35365613106853966374188386084230371547080230546693629023709483237376.000000
actual=35365613106853966374188386084230371547080230546693629023709483237376.000000
diff=0.000000
diff=1
WARNING: orio.module.loop.submodule.tile.transformation: tile size 8 must be greater than the stride value 8; tile index = kkk
expected=35365613106853966374188386084230371547080230546693629023709483237376.000000
actual=35365613106853966374188386084230371547080230546693629023709483237376.000000
diff=0.000000
diff=1
expected=35365613106853966374188386084230371547080230546693629023709483237376.000000
actual=35365613106853966374188386084230371547080230546693629023709483237376.000000
diff=0.000000
diff=1
WARNING: orio.module.loop.submodule.tile.transformation: tile size 8 must be greater than the stride value 8; tile index = kkk
expected=35365613106853966374188386084230371547080230546693629023709483237376.000000
actual=35365613106853966374188386084230371547080230546693629023709483237376.000000
diff=0.000000
diff=1
Killed
[00;31mERROR: orio.main.tuner.ptest_driver:  failed to compile the testing code: "timeout --kill-after=30s --signal=9 20m gcc -O3 -fopenmp   -DORIO_REPS=10 -o __orio_perftest153.exe __orio_perftest153.c timer_cpu.o -lm -lrt"[00m
[00;31mERROR: orio.main.tuner.ptest_driver:  the executable of the test code does not exist[00m
timeout: failed to run command ‘./__orio_perftest153.exe’: No such file or directory
[00;31mERROR: orio.main.tuner.ptest_driver: failed to execute the test code: "timeout --kill-after=30s --signal=9 20m  ./__orio_perftest153.exe  "
 --> CalledProcessError: Command 'timeout --kill-after=30s --signal=9 20m  ./__orio_perftest153.exe  ' returned non-zero exit status 127[00m
[00;31mERROR: orio.main.tuner.ptest_driver:  performance testing failed: "timeout --kill-after=30s --signal=9 20m  ./__orio_perftest153.exe  "[00m
WARNING: orio.module.loop.submodule.tile.transformation: tile size 2048 must be greater than the stride value 2048; tile index = kkk
WARNING: orio.module.loop.submodule.tile.transformation: tile size 4 must be greater than the stride value 4; tile index = iii
WARNING: orio.module.loop.submodule.tile.transformation: tile size 64 must be greater than the stride value 64; tile index = jjj
