
expected=2.490971
actual=2.500000
diff=0.000000
diff=1
WARNING: orio.module.loop.submodule.tile.transformation: tile size 64 must be greater than the stride value 64; tile index = iii
expected=1.759070
actual=2.500000
diff=0.000000
diff=1
WARNING: orio.module.loop.submodule.tile.transformation: tile size 2 must be greater than the stride value 2; tile index = jjj
expected=2.500000
actual=2.500000
diff=0.000000
diff=1
expected=2.500000
actual=2.500000
diff=0.000000
diff=1
expected=2.498635
actual=2.500000
diff=0.000000
diff=1
expected=2.500000
actual=2.500000
diff=0.000000
diff=1
WARNING: orio.module.loop.submodule.tile.transformation: tile size 512 must be greater than the stride value 512; tile index = iii
expected=2.500000
actual=2.500000
diff=0.000000
diff=1
WARNING: orio.module.loop.submodule.tile.transformation: tile size 64 must be greater than the stride value 64; tile index = jjj
expected=2.500000
actual=2.500000
diff=0.000000
diff=1
expected=2.500000
actual=2.500000
diff=0.000000
diff=1
WARNING: orio.module.loop.submodule.tile.transformation: tile size 32 must be greater than the stride value 32; tile index = iii
expected=2.500000
actual=2.500000
diff=0.000000
diff=1
expected=2.500000
actual=2.500000
diff=0.000000
diff=1
expected=2.495180
actual=2.500000
diff=0.000000
diff=1
expected=2.498077
actual=2.500000
diff=0.000000
diff=1
expected=2.498807
actual=2.500000
diff=0.000000
diff=1
expected=2.500000
actual=2.500000
diff=0.000000
diff=1
expected=2.500000
actual=2.500000
diff=0.000000
diff=1
expected=2.500000
actual=2.500000
diff=0.000000
diff=1
WARNING: orio.module.loop.submodule.tile.transformation: tile size 512 must be greater than the stride value 512; tile index = jjj
expected=2.500000
actual=2.500000
diff=0.000000
diff=1
expected=2.500000
actual=2.500000
diff=0.000000
diff=1
expected=2.498242
actual=2.500000
diff=0.000000
diff=1
expected=2.497433
actual=2.500000
diff=0.000000
diff=1
expected=2.500000
actual=2.500000
diff=0.000000
diff=1
expected=2.500000
actual=2.500000
diff=0.000000
diff=1
WARNING: orio.module.loop.submodule.tile.transformation: tile size 1024 must be greater than the stride value 1024; tile index = jjj
expected=2.497272
actual=2.500000
diff=0.000000
diff=1
expected=2.500000
actual=2.500000
diff=0.000000
diff=1
expected=2.500000
actual=2.500000
diff=0.000000
diff=1
expected=2.500000
actual=2.500000
diff=0.000000
diff=1
expected=2.500000
actual=2.500000
diff=0.000000
diff=1
WARNING: orio.module.loop.submodule.tile.transformation: tile size 32 must be greater than the stride value 32; tile index = iii
expected=2.500000
actual=2.500000
diff=0.000000
diff=1
WARNING: orio.module.loop.submodule.tile.transformation: tile size 16 must be greater than the stride value 16; tile index = iii
expected=2.499615
actual=2.500000
diff=0.000000
diff=1
expected=2.500000
actual=2.500000
diff=0.000000
diff=1
WARNING: orio.module.loop.submodule.tile.transformation: tile size 512 must be greater than the stride value 512; tile index = jjj
expected=2.500000
actual=2.500000
diff=0.000000
diff=1
expected=2.494913
actual=2.500000
diff=0.000000
diff=1
expected=2.500000
actual=2.500000
diff=0.000000
diff=1
expected=2.500000
actual=2.500000
diff=0.000000
diff=1
expected=2.499054
actual=2.500000
diff=0.000000
diff=1
expected=2.498372
actual=2.500000
diff=0.000000
diff=1
expected=2.500000
actual=2.500000
diff=0.000000
diff=1
expected=2.497099
actual=2.500000
diff=0.000000
diff=1
expected=2.499368
actual=2.500000
diff=0.000000
diff=1
expected=2.476560
actual=2.500000
diff=0.000000
diff=1
expected=2.500000
actual=2.500000
diff=0.000000
diff=1
WARNING: orio.module.loop.submodule.tile.transformation: tile size 128 must be greater than the stride value 128; tile index = jjj
expected=2.500000
actual=2.500000
diff=0.000000
diff=1
expected=2.499542
actual=2.500000
diff=0.000000
diff=1
expected=2.498046
actual=2.500000
diff=0.000000
diff=1
WARNING: orio.module.loop.submodule.tile.transformation: tile size 4 must be greater than the stride value 4; tile index = iii
expected=2.500000
actual=2.500000
diff=0.000000
diff=1
WARNING: orio.module.loop.submodule.tile.transformation: tile size 512 must be greater than the stride value 512; tile index = jjj
expected=2.500000
actual=2.500000
diff=0.000000
diff=1
WARNING: orio.module.loop.submodule.tile.transformation: tile size 1024 must be greater than the stride value 1024; tile index = iii
expected=2.500000
actual=2.500000
diff=0.000000
diff=1
expected=2.499041
actual=2.500000
diff=0.000000
diff=1
WARNING: orio.module.loop.submodule.tile.transformation: tile size 32 must be greater than the stride value 32; tile index = jjj
expected=2.498617
actual=2.500000
diff=0.000000
diff=1
WARNING: orio.module.loop.submodule.tile.transformation: tile size 128 must be greater than the stride value 128; tile index = jjj
expected=2.500000
actual=2.500000
diff=0.000000
diff=1
expected=2.500000
actual=2.500000
diff=0.000000
diff=1
expected=2.500000
actual=2.500000
diff=0.000000
diff=1
expected=2.500000
actual=2.500000
diff=0.000000
diff=1
expected=2.498658
actual=2.500000
diff=0.000000
diff=1
expected=2.499823
actual=2.500000
diff=0.000000
diff=1
expected=2.465508
actual=2.500000
diff=0.000000
diff=1
expected=2.500000
actual=2.500000
diff=0.000000
diff=1
expected=2.500000
actual=2.500000
diff=0.000000
diff=1
expected=2.500000
actual=2.500000
diff=0.000000
diff=1
expected=2.499893
actual=2.500000
diff=0.000000
diff=1
expected=2.500000
actual=2.500000
diff=0.000000
diff=1
expected=2.498987
actual=2.500000
diff=0.000000
diff=1
expected=2.497117
actual=2.500000
diff=0.000000
diff=1
expected=2.498201
actual=2.500000
diff=0.000000
diff=1
expected=2.500000
actual=2.500000
diff=0.000000
diff=1
WARNING: orio.module.loop.submodule.tile.transformation: tile size 2 must be greater than the stride value 2; tile index = jjj
expected=2.500000
actual=2.500000
diff=0.000000
diff=1
expected=2.499274
actual=2.500000
diff=0.000000
diff=1
expected=2.500000
actual=2.500000
diff=0.000000
diff=1
WARNING: orio.module.loop.submodule.tile.transformation: tile size 1024 must be greater than the stride value 1024; tile index = jjj
expected=2.500000
actual=2.500000
diff=0.000000
diff=1
WARNING: orio.module.loop.submodule.tile.transformation: tile size 16 must be greater than the stride value 16; tile index = jjj
expected=2.497088
actual=2.500000
diff=0.000000
diff=1
expected=2.482271
actual=2.500000
diff=0.000000
diff=1
WARNING: orio.module.loop.submodule.tile.transformation: tile size 128 must be greater than the stride value 128; tile index = iii
WARNING: orio.module.loop.submodule.tile.transformation: tile size 512 must be greater than the stride value 512; tile index = jjj
expected=2.497722
actual=2.500000
diff=0.000000
diff=1
expected=2.499811
actual=2.500000
diff=0.000000
diff=1
expected=2.500000
actual=2.500000
diff=0.000000
diff=1
expected=2.500000
actual=2.500000
diff=0.000000
diff=1
expected=2.500000
actual=2.500000
diff=0.000000
diff=1
expected=2.500000
actual=2.500000
diff=0.000000
diff=1
WARNING: orio.module.loop.submodule.tile.transformation: tile size 1024 must be greater than the stride value 1024; tile index = jjj
expected=2.500000
actual=2.500000
diff=0.000000
diff=1
expected=2.499484
actual=2.500000
diff=0.000000
diff=1
expected=2.499441
actual=2.500000
diff=0.000000
diff=1
expected=2.498277
actual=2.500000
diff=0.000000
diff=1
expected=2.499183
actual=2.500000
diff=0.000000
diff=1
WARNING: orio.module.loop.submodule.tile.transformation: tile size 16 must be greater than the stride value 16; tile index = jjj
expected=2.497792
actual=2.500000
diff=0.000000
diff=1
expected=2.500000
actual=2.500000
diff=0.000000
diff=1
WARNING: orio.module.loop.submodule.tile.transformation: tile size 2048 must be greater than the stride value 2048; tile index = jjj
expected=2.497911
actual=2.500000
diff=0.000000
diff=1
expected=2.500000
actual=2.500000
diff=0.000000
diff=1
expected=2.499856
actual=2.500000
diff=0.000000
diff=1
WARNING: orio.module.loop.submodule.tile.transformation: tile size 512 must be greater than the stride value 512; tile index = iii
expected=2.498620
actual=2.500000
diff=0.000000
diff=1
expected=2.500000
actual=2.500000
diff=0.000000
diff=1
expected=2.498372
actual=2.500000
diff=0.000000
diff=1
WARNING: orio.module.loop.submodule.tile.transformation: tile size 1024 must be greater than the stride value 1024; tile index = jjj
expected=2.498333
actual=2.500000
diff=0.000000
diff=1
expected=2.499466
actual=2.500000
diff=0.000000
diff=1
expected=2.500000
actual=2.500000
diff=0.000000
diff=1
WARNING: orio.module.loop.submodule.tile.transformation: tile size 8 must be greater than the stride value 8; tile index = iii
expected=2.497911
actual=2.500000
diff=0.000000
diff=1
expected=2.408722
actual=2.500000
diff=0.000000
diff=1
WARNING: orio.module.loop.submodule.tile.transformation: tile size 8 must be greater than the stride value 8; tile index = iii
expected=2.490375
actual=2.500000
diff=0.000000
diff=1
expected=2.494338
actual=2.500000
diff=0.000000
diff=1
expected=2.500000
actual=2.500000
diff=0.000000
diff=1
expected=2.498362
actual=2.500000
diff=0.000000
diff=1
expected=2.500000
actual=2.500000
diff=0.000000
diff=1
WARNING: orio.module.loop.submodule.tile.transformation: tile size 32 must be greater than the stride value 32; tile index = iii
expected=2.499533
actual=2.500000
diff=0.000000
diff=1
WARNING: orio.module.loop.submodule.tile.transformation: tile size 16 must be greater than the stride value 16; tile index = iii
expected=2.496303
actual=2.500000
diff=0.000000
diff=1
expected=2.497140
actual=2.500000
diff=0.000000
diff=1
expected=2.500000
actual=2.500000
diff=0.000000
diff=1
expected=2.500000
actual=2.500000
diff=0.000000
diff=1
WARNING: orio.module.loop.submodule.tile.transformation: tile size 64 must be greater than the stride value 64; tile index = jjj
expected=2.500000
actual=2.500000
diff=0.000000
diff=1
WARNING: orio.module.loop.submodule.tile.transformation: tile size 128 must be greater than the stride value 128; tile index = jjj
expected=2.500000
actual=2.500000
diff=0.000000
diff=1
expected=2.500000
actual=2.500000
diff=0.000000
diff=1
WARNING: orio.module.loop.submodule.tile.transformation: tile size 256 must be greater than the stride value 256; tile index = iii
expected=2.500000
actual=2.500000
diff=0.000000
diff=1
expected=2.500000
actual=2.500000
diff=0.000000
diff=1
expected=2.500000
actual=2.500000
diff=0.000000
diff=1
expected=2.500000
actual=2.500000
diff=0.000000
diff=1
expected=2.500000
actual=2.500000
diff=0.000000
diff=1
expected=2.496210
actual=2.500000
diff=0.000000
diff=1
expected=2.498763
actual=2.500000
diff=0.000000
diff=1
expected=2.499704
actual=2.500000
diff=0.000000
diff=1
expected=2.500000
actual=2.500000
diff=0.000000
diff=1
expected=2.498945
actual=2.500000
diff=0.000000
diff=1
WARNING: orio.module.loop.submodule.tile.transformation: tile size 16 must be greater than the stride value 16; tile index = jjj
expected=2.498752
actual=2.500000
diff=0.000000
diff=1
WARNING: orio.module.loop.submodule.tile.transformation: tile size 64 must be greater than the stride value 64; tile index = iii
expected=2.500000
actual=2.500000
diff=0.000000
diff=1
expected=2.500000
actual=2.500000
diff=0.000000
diff=1
expected=2.497077
actual=2.500000
diff=0.000000
diff=1
expected=2.500000
actual=2.500000
diff=0.000000
diff=1
expected=2.500000
actual=2.500000
diff=0.000000
diff=1
expected=2.500000
actual=2.500000
diff=0.000000
diff=1
WARNING: orio.module.loop.submodule.tile.transformation: tile size 2048 must be greater than the stride value 2048; tile index = iii
expected=2.496106
actual=2.500000
diff=0.000000
diff=1
expected=2.500000
actual=2.500000
diff=0.000000
diff=1
expected=2.498412
actual=2.500000
diff=0.000000
diff=1
expected=2.500000
actual=2.500000
diff=0.000000
diff=1
expected=2.497811
actual=2.500000
diff=0.000000
diff=1
WARNING: orio.module.loop.submodule.tile.transformation: tile size 128 must be greater than the stride value 128; tile index = iii
expected=2.500000
actual=2.500000
diff=0.000000
diff=1
expected=2.498014
actual=2.500000
diff=0.000000
diff=1
expected=2.500000
actual=2.500000
diff=0.000000
diff=1
expected=5.000125
actual=2.500000
diff=2.000000
diff=0
[00;31mERROR: orio.main.tuner.ptest_driver: failed to execute the test code: "timeout --kill-after=30s --signal=9 20m  ./__orio_perftest135.exe  "
 --> CalledProcessError: Command 'timeout --kill-after=30s --signal=9 20m  ./__orio_perftest135.exe  ' returned non-zero exit status 1[00m
[00;31mERROR: orio.main.tuner.ptest_driver:  performance testing failed: "timeout --kill-after=30s --signal=9 20m  ./__orio_perftest135.exe  "[00m
expected=2.498514
actual=2.500000
diff=0.000000
diff=1
expected=2.500000
actual=2.500000
diff=0.000000
diff=1
expected=2.499467
actual=2.500000
diff=0.000000
diff=1
expected=2.500000
actual=2.500000
diff=0.000000
diff=1
expected=2.499475
actual=2.500000
diff=0.000000
diff=1
expected=2.500000
actual=2.500000
diff=0.000000
diff=1
WARNING: orio.module.loop.submodule.tile.transformation: tile size 2 must be greater than the stride value 2; tile index = jjj
expected=2.499321
actual=2.500000
diff=0.000000
diff=1
expected=2.500000
actual=2.500000
diff=0.000000
diff=1
expected=2.491584
actual=2.500000
diff=0.000000
diff=1
expected=2.500000
actual=2.500000
diff=0.000000
diff=1
expected=2.498832
actual=2.500000
diff=0.000000
diff=1
expected=2.499020
actual=2.500000
diff=0.000000
diff=1
expected=2.500000
actual=2.500000
diff=0.000000
diff=1
expected=2.493940
actual=2.500000
diff=0.000000
diff=1
WARNING: orio.module.loop.submodule.tile.transformation: tile size 8 must be greater than the stride value 8; tile index = iii
WARNING: orio.module.loop.submodule.tile.transformation: tile size 2 must be greater than the stride value 2; tile index = jjj
expected=2.500000
actual=2.500000
diff=0.000000
diff=1
expected=2.500000
actual=2.500000
diff=0.000000
diff=1
expected=2.500000
actual=2.500000
diff=0.000000
diff=1
expected=2.481076
actual=2.500000
diff=0.000000
diff=1
WARNING: orio.module.loop.submodule.tile.transformation: tile size 128 must be greater than the stride value 128; tile index = jjj
expected=2.500000
actual=2.500000
diff=0.000000
diff=1
expected=2.500000
actual=2.500000
diff=0.000000
diff=1
expected=2.500000
actual=2.500000
diff=0.000000
diff=1
expected=2.483719
actual=2.500000
diff=0.000000
diff=1
expected=2.500000
actual=2.500000
diff=0.000000
diff=1
WARNING: orio.module.loop.submodule.tile.transformation: tile size 2 must be greater than the stride value 2; tile index = jjj
expected=2.500000
actual=2.500000
diff=0.000000
diff=1
expected=2.500000
actual=2.500000
diff=0.000000
diff=1
WARNING: orio.module.loop.submodule.tile.transformation: tile size 64 must be greater than the stride value 64; tile index = iii
WARNING: orio.module.loop.submodule.tile.transformation: tile size 8 must be greater than the stride value 8; tile index = jjj
expected=2.500000
actual=2.500000
diff=0.000000
diff=1
expected=2.500000
actual=2.500000
diff=0.000000
diff=1
expected=2.500000
actual=2.500000
diff=0.000000
diff=1
WARNING: orio.module.loop.submodule.tile.transformation: tile size 2048 must be greater than the stride value 2048; tile index = jjj
expected=2.500000
actual=2.500000
diff=0.000000
diff=1
expected=2.500000
actual=2.500000
diff=0.000000
diff=1
expected=2.482160
actual=2.500000
diff=0.000000
diff=1
WARNING: orio.module.loop.submodule.tile.transformation: tile size 512 must be greater than the stride value 512; tile index = jjj
expected=2.500000
actual=2.500000
diff=0.000000
diff=1
expected=2.500000
actual=2.500000
diff=0.000000
diff=1
expected=2.500000
actual=2.500000
diff=0.000000
diff=1
WARNING: orio.module.loop.submodule.tile.transformation: tile size 4 must be greater than the stride value 4; tile index = jjj
expected=2.500000
actual=2.500000
diff=0.000000
diff=1
expected=2.499978
actual=2.500000
diff=0.000000
diff=1
expected=2.500000
actual=2.500000
diff=0.000000
diff=1
expected=2.500000
actual=2.500000
diff=0.000000
diff=1
WARNING: orio.module.loop.submodule.tile.transformation: tile size 16 must be greater than the stride value 16; tile index = iii
expected=2.500000
actual=2.500000
diff=0.000000
diff=1
expected=2.494231
actual=2.500000
diff=0.000000
diff=1
expected=2.404651
actual=2.500000
diff=0.000000
diff=1
expected=2.494385
actual=2.500000
diff=0.000000
diff=1
WARNING: orio.module.loop.submodule.tile.transformation: tile size 1024 must be greater than the stride value 1024; tile index = jjj
expected=2.497582
actual=2.500000
diff=0.000000
diff=1
expected=2.500000
actual=2.500000
diff=0.000000
diff=1
expected=2.500000
actual=2.500000
diff=0.000000
diff=1
expected=2.499419
actual=2.500000
diff=0.000000
diff=1
expected=2.486087
actual=2.500000
diff=0.000000
diff=1
WARNING: orio.module.loop.submodule.tile.transformation: tile size 2 must be greater than the stride value 2; tile index = iii
expected=2.495333
actual=2.500000
diff=0.000000
diff=1
expected=2.500000
actual=2.500000
diff=0.000000
diff=1
WARNING: orio.module.loop.submodule.tile.transformation: tile size 4 must be greater than the stride value 4; tile index = iii
expected=2.499946
actual=2.500000
diff=0.000000
diff=1
expected=2.499681
actual=2.500000
diff=0.000000
diff=1
expected=2.500000
actual=2.500000
diff=0.000000
diff=1
expected=2.500000
actual=2.500000
diff=0.000000
diff=1
expected=2.500000
actual=2.500000
diff=0.000000
diff=1
expected=2.500000
actual=2.500000
diff=0.000000
diff=1
expected=2.500000
actual=2.500000
diff=0.000000
diff=1
expected=2.490927
actual=2.500000
diff=0.000000
diff=1
WARNING: orio.module.loop.submodule.tile.transformation: tile size 512 must be greater than the stride value 512; tile index = jjj
expected=2.500000
actual=2.500000
diff=0.000000
diff=1
WARNING: orio.module.loop.submodule.tile.transformation: tile size 512 must be greater than the stride value 512; tile index = iii
WARNING: orio.module.loop.submodule.tile.transformation: tile size 16 must be greater than the stride value 16; tile index = jjj
expected=2.500000
actual=2.500000
diff=0.000000
diff=1
expected=2.498611
actual=2.500000
diff=0.000000
diff=1
expected=2.499433
actual=2.500000
diff=0.000000
diff=1
expected=2.500000
actual=2.500000
diff=0.000000
diff=1
expected=2.500000
actual=2.500000
diff=0.000000
diff=1
expected=2.495856
actual=2.500000
diff=0.000000
diff=1
expected=2.494595
actual=2.500000
diff=0.000000
diff=1
expected=2.499226
actual=2.500000
diff=0.000000
diff=1
expected=2.492378
actual=2.500000
diff=0.000000
diff=1
expected=2.500000
actual=2.500000
diff=0.000000
diff=1
expected=2.500000
actual=2.500000
diff=0.000000
diff=1
expected=2.499437
actual=2.500000
diff=0.000000
diff=1
expected=2.500000
actual=2.500000
diff=0.000000
diff=1
expected=2.500000
actual=2.500000
diff=0.000000
diff=1
expected=2.486791
actual=2.500000
diff=0.000000
diff=1
expected=2.499707
actual=2.500000
diff=0.000000
diff=1
expected=2.500000
actual=2.500000
diff=0.000000
diff=1
WARNING: orio.module.loop.submodule.tile.transformation: tile size 128 must be greater than the stride value 128; tile index = jjj
expected=2.499913
actual=2.500000
diff=0.000000
diff=1
expected=2.479519
actual=2.500000
diff=0.000000
diff=1
expected=2.500000
actual=2.500000
diff=0.000000
diff=1
expected=2.499978
actual=2.500000
diff=0.000000
diff=1
WARNING: orio.module.loop.submodule.tile.transformation: tile size 16 must be greater than the stride value 16; tile index = iii
expected=2.500000
actual=2.500000
diff=0.000000
diff=1
WARNING: orio.module.loop.submodule.tile.transformation: tile size 8 must be greater than the stride value 8; tile index = iii
expected=2.498472
actual=2.500000
diff=0.000000
diff=1
expected=2.500000
actual=2.500000
diff=0.000000
diff=1
expected=2.500000
actual=2.500000
diff=0.000000
diff=1
WARNING: orio.module.loop.submodule.tile.transformation: tile size 2048 must be greater than the stride value 2048; tile index = iii
expected=2.500000
actual=2.500000
diff=0.000000
diff=1
expected=2.500000
actual=2.500000
diff=0.000000
diff=1
expected=2.500000
actual=2.500000
diff=0.000000
diff=1
expected=2.500000
actual=2.500000
diff=0.000000
diff=1
expected=2.500000
actual=2.500000
diff=0.000000
diff=1
expected=2.500000
actual=2.500000
diff=0.000000
diff=1
WARNING: orio.module.loop.submodule.tile.transformation: tile size 1024 must be greater than the stride value 1024; tile index = iii
expected=2.500000
actual=2.500000
diff=0.000000
diff=1
WARNING: orio.module.loop.submodule.tile.transformation: tile size 8 must be greater than the stride value 8; tile index = jjj
expected=2.500000
actual=2.500000
diff=0.000000
diff=1
WARNING: orio.module.loop.submodule.tile.transformation: tile size 256 must be greater than the stride value 256; tile index = iii
WARNING: orio.module.loop.submodule.tile.transformation: tile size 64 must be greater than the stride value 64; tile index = jjj
expected=2.499964
actual=2.500000
diff=0.000000
diff=1
expected=2.499707
actual=2.500000
diff=0.000000
diff=1
expected=2.498017
actual=2.500000
diff=0.000000
diff=1
expected=2.500000
actual=2.500000
diff=0.000000
diff=1
expected=2.500000
actual=2.500000
diff=0.000000
diff=1
expected=2.495717
actual=2.500000
diff=0.000000
diff=1
expected=2.500000
actual=2.500000
diff=0.000000
diff=1
WARNING: orio.module.loop.submodule.tile.transformation: tile size 4 must be greater than the stride value 4; tile index = jjj
expected=2.498921
actual=2.500000
diff=0.000000
diff=1
WARNING: orio.module.loop.submodule.tile.transformation: tile size 2 must be greater than the stride value 2; tile index = jjj
expected=2.495021
actual=2.500000
diff=0.000000
diff=1
expected=2.500000
actual=2.500000
diff=0.000000
diff=1
expected=2.500000
actual=2.500000
diff=0.000000
diff=1
expected=2.498665
actual=2.500000
diff=0.000000
diff=1
expected=2.498654
actual=2.500000
diff=0.000000
diff=1
expected=2.499454
actual=2.500000
diff=0.000000
diff=1
expected=2.500000
actual=2.500000
diff=0.000000
diff=1
expected=2.499322
actual=2.500000
diff=0.000000
diff=1
expected=2.500000
actual=2.500000
diff=0.000000
diff=1
expected=2.500000
actual=2.500000
diff=0.000000
diff=1
expected=2.497639
actual=2.500000
diff=0.000000
diff=1
WARNING: orio.module.loop.submodule.tile.transformation: tile size 2048 must be greater than the stride value 2048; tile index = iii
WARNING: orio.module.loop.submodule.tile.transformation: tile size 64 must be greater than the stride value 64; tile index = jjj
expected=2.500000
actual=2.500000
diff=0.000000
diff=1
expected=2.500000
actual=2.500000
diff=0.000000
diff=1
expected=2.500000
actual=2.500000
diff=0.000000
diff=1
expected=2.500000
actual=2.500000
diff=0.000000
diff=1
WARNING: orio.module.loop.submodule.tile.transformation: tile size 2 must be greater than the stride value 2; tile index = iii
expected=2.500000
actual=2.500000
diff=0.000000
diff=1
expected=2.498717
actual=2.500000
diff=0.000000
diff=1
WARNING: orio.module.loop.submodule.tile.transformation: tile size 128 must be greater than the stride value 128; tile index = iii
expected=2.479664
actual=2.500000
diff=0.000000
diff=1
WARNING: orio.module.loop.submodule.tile.transformation: tile size 32 must be greater than the stride value 32; tile index = jjj
expected=2.384795
actual=2.500000
diff=0.000000
diff=1
expected=2.500000
actual=2.500000
diff=0.000000
diff=1
expected=2.500000
actual=2.500000
diff=0.000000
diff=1
expected=2.499551
actual=2.500000
diff=0.000000
diff=1
expected=2.500000
actual=2.500000
diff=0.000000
diff=1
expected=2.494203
actual=2.500000
diff=0.000000
diff=1
WARNING: orio.module.loop.submodule.tile.transformation: tile size 32 must be greater than the stride value 32; tile index = iii
expected=2.500000
actual=2.500000
diff=0.000000
diff=1
expected=2.499594
actual=2.500000
diff=0.000000
diff=1
WARNING: orio.module.loop.submodule.tile.transformation: tile size 32 must be greater than the stride value 32; tile index = iii
expected=2.498591
actual=2.500000
diff=0.000000
diff=1
expected=2.493912
actual=2.500000
diff=0.000000
diff=1
expected=4.998457
actual=2.500000
diff=2.000000
diff=0
[00;31mERROR: orio.main.tuner.ptest_driver: failed to execute the test code: "timeout --kill-after=30s --signal=9 20m  ./__orio_perftest263.exe  "
 --> CalledProcessError: Command 'timeout --kill-after=30s --signal=9 20m  ./__orio_perftest263.exe  ' returned non-zero exit status 1[00m
[00;31mERROR: orio.main.tuner.ptest_driver:  performance testing failed: "timeout --kill-after=30s --signal=9 20m  ./__orio_perftest263.exe  "[00m
expected=2.500000
actual=2.500000
diff=0.000000
diff=1
expected=2.499150
actual=2.500000
diff=0.000000
diff=1
WARNING: orio.module.loop.submodule.tile.transformation: tile size 16 must be greater than the stride value 16; tile index = iii
expected=2.857092
actual=2.500000
diff=0.000000
diff=1
expected=2.500000
actual=2.500000
diff=0.000000
diff=1
expected=2.493834
actual=2.500000
diff=0.000000
diff=1
expected=2.500000
actual=2.500000
diff=0.000000
diff=1
expected=2.495720
actual=2.500000
diff=0.000000
diff=1
expected=2.498350
actual=2.500000
diff=0.000000
diff=1
expected=2.497012
actual=2.500000
diff=0.000000
diff=1
expected=2.500000
actual=2.500000
diff=0.000000
diff=1
expected=2.500000
actual=2.500000
diff=0.000000
diff=1
expected=2.500000
actual=2.500000
diff=0.000000
diff=1
expected=2.499082
actual=2.500000
diff=0.000000
diff=1
expected=2.482636
actual=2.500000
diff=0.000000
diff=1
expected=4.968640
actual=2.500000
diff=2.000000
diff=0
[00;31mERROR: orio.main.tuner.ptest_driver: failed to execute the test code: "timeout --kill-after=30s --signal=9 20m  ./__orio_perftest278.exe  "
 --> CalledProcessError: Command 'timeout --kill-after=30s --signal=9 20m  ./__orio_perftest278.exe  ' returned non-zero exit status 1[00m
[00;31mERROR: orio.main.tuner.ptest_driver:  performance testing failed: "timeout --kill-after=30s --signal=9 20m  ./__orio_perftest278.exe  "[00m
expected=2.500000
actual=2.500000
diff=0.000000
diff=1
expected=2.500000
actual=2.500000
diff=0.000000
diff=1
expected=2.500000
actual=2.500000
diff=0.000000
diff=1
expected=2.500000
actual=2.500000
diff=0.000000
diff=1
expected=2.499938
actual=2.500000
diff=0.000000
diff=1
expected=2.500000
actual=2.500000
diff=0.000000
diff=1
expected=2.486616
actual=2.500000
diff=0.000000
diff=1
expected=2.498510
actual=2.500000
diff=0.000000
diff=1
expected=2.500000
actual=2.500000
diff=0.000000
diff=1
WARNING: orio.module.loop.submodule.tile.transformation: tile size 32 must be greater than the stride value 32; tile index = iii
WARNING: orio.module.loop.submodule.tile.transformation: tile size 256 must be greater than the stride value 256; tile index = jjj
expected=2.494400
actual=2.500000
diff=0.000000
diff=1
expected=2.498802
actual=2.500000
diff=0.000000
diff=1
WARNING: orio.module.loop.submodule.tile.transformation: tile size 4 must be greater than the stride value 4; tile index = jjj
expected=2.499642
actual=2.500000
diff=0.000000
diff=1
expected=2.500000
actual=2.500000
diff=0.000000
diff=1
expected=2.499341
actual=2.500000
diff=0.000000
diff=1
expected=2.500000
actual=2.500000
diff=0.000000
diff=1
expected=2.494053
actual=2.500000
diff=0.000000
diff=1
expected=2.500000
actual=2.500000
diff=0.000000
diff=1
expected=2.498273
actual=2.500000
diff=0.000000
diff=1
expected=2.498169
actual=2.500000
diff=0.000000
diff=1
expected=2.499884
actual=2.500000
diff=0.000000
diff=1
expected=2.498427
actual=2.500000
diff=0.000000
diff=1
expected=2.499950
actual=2.500000
diff=0.000000
diff=1
expected=2.500000
actual=2.500000
diff=0.000000
diff=1
