
expected = 9369846271501.798828
actual = 9369846271501.798828
expected = 0.000000
actual = 9369846271501.798828
[00;31mERROR: orio.main.tuner.ptest_driver: failed to execute the test code: "timeout --kill-after=30s --signal=9 20m  ./__orio_perftest2.exe  "
 --> CalledProcessError: Command 'timeout --kill-after=30s --signal=9 20m  ./__orio_perftest2.exe  ' returned non-zero exit status 1[00m
[00;31mERROR: orio.main.tuner.ptest_driver:  performance testing failed: "timeout --kill-after=30s --signal=9 20m  ./__orio_perftest2.exe  "[00m
expected = 9339882853735.613281
actual = 9369846271501.798828
[00;31mERROR: orio.main.tuner.ptest_driver: failed to execute the test code: "timeout --kill-after=30s --signal=9 20m  ./__orio_perftest3.exe  "
 --> CalledProcessError: Command 'timeout --kill-after=30s --signal=9 20m  ./__orio_perftest3.exe  ' returned non-zero exit status 1[00m
[00;31mERROR: orio.main.tuner.ptest_driver:  performance testing failed: "timeout --kill-after=30s --signal=9 20m  ./__orio_perftest3.exe  "[00m
expected = 9369846271501.798828
actual = 9369846271501.798828
WARNING: orio.module.loop.submodule.tile.transformation: tile size 64 must be greater than the stride value 64; tile index = kkk
expected = 9369846271501.798828
actual = 9369846271501.798828
expected = 9369846271501.798828
actual = 9369846271501.798828
expected = 0.000000
actual = 9369846271501.798828
[00;31mERROR: orio.main.tuner.ptest_driver: failed to execute the test code: "timeout --kill-after=30s --signal=9 20m  ./__orio_perftest7.exe  "
 --> CalledProcessError: Command 'timeout --kill-after=30s --signal=9 20m  ./__orio_perftest7.exe  ' returned non-zero exit status 1[00m
[00;31mERROR: orio.main.tuner.ptest_driver:  performance testing failed: "timeout --kill-after=30s --signal=9 20m  ./__orio_perftest7.exe  "[00m
expected = 9369846271501.798828
actual = 9369846271501.798828
expected = 0.000000
actual = 9369846271501.798828
[00;31mERROR: orio.main.tuner.ptest_driver: failed to execute the test code: "timeout --kill-after=30s --signal=9 20m  ./__orio_perftest9.exe  "
 --> CalledProcessError: Command 'timeout --kill-after=30s --signal=9 20m  ./__orio_perftest9.exe  ' returned non-zero exit status 1[00m
[00;31mERROR: orio.main.tuner.ptest_driver:  performance testing failed: "timeout --kill-after=30s --signal=9 20m  ./__orio_perftest9.exe  "[00m
expected = 9369846271501.798828
actual = 9369846271501.798828
expected = 9369846271501.798828
actual = 9369846271501.798828
expected = 9369846271501.798828
actual = 9369846271501.798828
expected = 9339882853735.613281
actual = 9369846271501.798828
[00;31mERROR: orio.main.tuner.ptest_driver: failed to execute the test code: "timeout --kill-after=30s --signal=9 20m  ./__orio_perftest13.exe  "
 --> CalledProcessError: Command 'timeout --kill-after=30s --signal=9 20m  ./__orio_perftest13.exe  ' returned non-zero exit status 1[00m
[00;31mERROR: orio.main.tuner.ptest_driver:  performance testing failed: "timeout --kill-after=30s --signal=9 20m  ./__orio_perftest13.exe  "[00m
WARNING: orio.module.loop.submodule.tile.transformation: tile size 64 must be greater than the stride value 64; tile index = kkk
expected = 9369846271501.798828
actual = 9369846271501.798828
expected = 9369846271501.798828
actual = 9369846271501.798828
WARNING: orio.module.loop.submodule.tile.transformation: tile size 256 must be greater than the stride value 256; tile index = iii
expected = 9369846271501.798828
actual = 9369846271501.798828
expected = 9369846271501.798828
actual = 9369846271501.798828
expected = 9369846271501.798828
actual = 9369846271501.798828
expected = 9369846271501.798828
actual = 9369846271501.798828
expected = 9369846271501.798828
actual = 9369846271501.798828
expected = 9369846271501.798828
actual = 9369846271501.798828
expected = 9369846271501.798828
actual = 9369846271501.798828
expected = 9369846271501.798828
actual = 9369846271501.798828
expected = 9369846271501.798828
actual = 9369846271501.798828
expected = 9369846271501.798828
actual = 9369846271501.798828
expected = 9369846271501.798828
actual = 9369846271501.798828
expected = 9369846271501.798828
actual = 9369846271501.798828
expected = 9369846271501.798828
actual = 9369846271501.798828
WARNING: orio.module.loop.submodule.tile.transformation: tile size 128 must be greater than the stride value 128; tile index = jjj
expected = 9369846271501.798828
actual = 9369846271501.798828
WARNING: orio.module.loop.submodule.tile.transformation: tile size 512 must be greater than the stride value 512; tile index = iii
expected = 9369846271501.798828
actual = 9369846271501.798828
expected = 9369846271501.798828
actual = 9369846271501.798828
expected = 9369846271501.798828
actual = 9369846271501.798828
expected = 0.000000
actual = 9369846271501.798828
[00;31mERROR: orio.main.tuner.ptest_driver: failed to execute the test code: "timeout --kill-after=30s --signal=9 20m  ./__orio_perftest33.exe  "
 --> CalledProcessError: Command 'timeout --kill-after=30s --signal=9 20m  ./__orio_perftest33.exe  ' returned non-zero exit status 1[00m
[00;31mERROR: orio.main.tuner.ptest_driver:  performance testing failed: "timeout --kill-after=30s --signal=9 20m  ./__orio_perftest33.exe  "[00m
expected = 9369846271501.798828
actual = 9369846271501.798828
expected = 0.000000
actual = 9369846271501.798828
[00;31mERROR: orio.main.tuner.ptest_driver: failed to execute the test code: "timeout --kill-after=30s --signal=9 20m  ./__orio_perftest35.exe  "
 --> CalledProcessError: Command 'timeout --kill-after=30s --signal=9 20m  ./__orio_perftest35.exe  ' returned non-zero exit status 1[00m
[00;31mERROR: orio.main.tuner.ptest_driver:  performance testing failed: "timeout --kill-after=30s --signal=9 20m  ./__orio_perftest35.exe  "[00m
WARNING: orio.module.loop.submodule.tile.transformation: tile size 256 must be greater than the stride value 256; tile index = jjj
expected = 9369846271501.798828
actual = 9369846271501.798828
expected = 0.000000
actual = 9369846271501.798828
[00;31mERROR: orio.main.tuner.ptest_driver: failed to execute the test code: "timeout --kill-after=30s --signal=9 20m  ./__orio_perftest37.exe  "
 --> CalledProcessError: Command 'timeout --kill-after=30s --signal=9 20m  ./__orio_perftest37.exe  ' returned non-zero exit status 1[00m
[00;31mERROR: orio.main.tuner.ptest_driver:  performance testing failed: "timeout --kill-after=30s --signal=9 20m  ./__orio_perftest37.exe  "[00m
expected = 0.000000
actual = 9369846271501.798828
[00;31mERROR: orio.main.tuner.ptest_driver: failed to execute the test code: "timeout --kill-after=30s --signal=9 20m  ./__orio_perftest38.exe  "
 --> CalledProcessError: Command 'timeout --kill-after=30s --signal=9 20m  ./__orio_perftest38.exe  ' returned non-zero exit status 1[00m
[00;31mERROR: orio.main.tuner.ptest_driver:  performance testing failed: "timeout --kill-after=30s --signal=9 20m  ./__orio_perftest38.exe  "[00m
expected = 9369846271501.798828
actual = 9369846271501.798828
WARNING: orio.module.loop.submodule.tile.transformation: tile size 256 must be greater than the stride value 256; tile index = iii
expected = 9339882853735.613281
actual = 9369846271501.798828
[00;31mERROR: orio.main.tuner.ptest_driver: failed to execute the test code: "timeout --kill-after=30s --signal=9 20m  ./__orio_perftest40.exe  "
 --> CalledProcessError: Command 'timeout --kill-after=30s --signal=9 20m  ./__orio_perftest40.exe  ' returned non-zero exit status 1[00m
[00;31mERROR: orio.main.tuner.ptest_driver:  performance testing failed: "timeout --kill-after=30s --signal=9 20m  ./__orio_perftest40.exe  "[00m
expected = 9369846271501.798828
actual = 9369846271501.798828
expected = 9369846271501.798828
actual = 9369846271501.798828
WARNING: orio.module.loop.submodule.tile.transformation: tile size 512 must be greater than the stride value 512; tile index = kkk
expected = 9369846271501.798828
actual = 9369846271501.798828
expected = 9369846271501.798828
actual = 9369846271501.798828
WARNING: orio.module.loop.submodule.tile.transformation: tile size 64 must be greater than the stride value 64; tile index = iii
expected = 9369846271501.798828
actual = 9369846271501.798828
expected = 0.000000
actual = 9369846271501.798828
[00;31mERROR: orio.main.tuner.ptest_driver: failed to execute the test code: "timeout --kill-after=30s --signal=9 20m  ./__orio_perftest46.exe  "
 --> CalledProcessError: Command 'timeout --kill-after=30s --signal=9 20m  ./__orio_perftest46.exe  ' returned non-zero exit status 1[00m
[00;31mERROR: orio.main.tuner.ptest_driver:  performance testing failed: "timeout --kill-after=30s --signal=9 20m  ./__orio_perftest46.exe  "[00m
expected = 0.000000
actual = 9369846271501.798828
[00;31mERROR: orio.main.tuner.ptest_driver: failed to execute the test code: "timeout --kill-after=30s --signal=9 20m  ./__orio_perftest47.exe  "
 --> CalledProcessError: Command 'timeout --kill-after=30s --signal=9 20m  ./__orio_perftest47.exe  ' returned non-zero exit status 1[00m
[00;31mERROR: orio.main.tuner.ptest_driver:  performance testing failed: "timeout --kill-after=30s --signal=9 20m  ./__orio_perftest47.exe  "[00m
expected = 9369846271501.798828
actual = 9369846271501.798828
expected = 9369846271501.798828
actual = 9369846271501.798828
WARNING: orio.module.loop.submodule.tile.transformation: tile size 512 must be greater than the stride value 512; tile index = jjj
expected = 9369846271501.798828
actual = 9369846271501.798828
expected = 9369846271501.798828
actual = 9369846271501.798828
expected = 9369846271501.798828
actual = 9369846271501.798828
expected = 0.000000
actual = 9369846271501.798828
[00;31mERROR: orio.main.tuner.ptest_driver: failed to execute the test code: "timeout --kill-after=30s --signal=9 20m  ./__orio_perftest53.exe  "
 --> CalledProcessError: Command 'timeout --kill-after=30s --signal=9 20m  ./__orio_perftest53.exe  ' returned non-zero exit status 1[00m
[00;31mERROR: orio.main.tuner.ptest_driver:  performance testing failed: "timeout --kill-after=30s --signal=9 20m  ./__orio_perftest53.exe  "[00m
expected = 9369846271501.798828
actual = 9369846271501.798828
expected = 9339882853735.613281
actual = 9369846271501.798828
[00;31mERROR: orio.main.tuner.ptest_driver: failed to execute the test code: "timeout --kill-after=30s --signal=9 20m  ./__orio_perftest55.exe  "
 --> CalledProcessError: Command 'timeout --kill-after=30s --signal=9 20m  ./__orio_perftest55.exe  ' returned non-zero exit status 1[00m
[00;31mERROR: orio.main.tuner.ptest_driver:  performance testing failed: "timeout --kill-after=30s --signal=9 20m  ./__orio_perftest55.exe  "[00m
expected = 9369846271501.798828
actual = 9369846271501.798828
expected = 9369846271501.798828
actual = 9369846271501.798828
expected = 9369846271501.798828
actual = 9369846271501.798828
expected = 9369846271501.798828
actual = 9369846271501.798828
expected = 9369846271501.798828
actual = 9369846271501.798828
expected = 9369846271501.798828
actual = 9369846271501.798828
expected = 9369846271501.798828
actual = 9369846271501.798828
expected = 9339882853735.613281
actual = 9369846271501.798828
[00;31mERROR: orio.main.tuner.ptest_driver: failed to execute the test code: "timeout --kill-after=30s --signal=9 20m  ./__orio_perftest63.exe  "
 --> CalledProcessError: Command 'timeout --kill-after=30s --signal=9 20m  ./__orio_perftest63.exe  ' returned non-zero exit status 1[00m
[00;31mERROR: orio.main.tuner.ptest_driver:  performance testing failed: "timeout --kill-after=30s --signal=9 20m  ./__orio_perftest63.exe  "[00m
expected = 0.000000
actual = 9369846271501.798828
[00;31mERROR: orio.main.tuner.ptest_driver: failed to execute the test code: "timeout --kill-after=30s --signal=9 20m  ./__orio_perftest64.exe  "
 --> CalledProcessError: Command 'timeout --kill-after=30s --signal=9 20m  ./__orio_perftest64.exe  ' returned non-zero exit status 1[00m
[00;31mERROR: orio.main.tuner.ptest_driver:  performance testing failed: "timeout --kill-after=30s --signal=9 20m  ./__orio_perftest64.exe  "[00m
expected = 9369846271501.798828
actual = 9369846271501.798828
expected = 0.000000
actual = 9369846271501.798828
[00;31mERROR: orio.main.tuner.ptest_driver: failed to execute the test code: "timeout --kill-after=30s --signal=9 20m  ./__orio_perftest66.exe  "
 --> CalledProcessError: Command 'timeout --kill-after=30s --signal=9 20m  ./__orio_perftest66.exe  ' returned non-zero exit status 1[00m
[00;31mERROR: orio.main.tuner.ptest_driver:  performance testing failed: "timeout --kill-after=30s --signal=9 20m  ./__orio_perftest66.exe  "[00m
expected = 0.000000
actual = 9369846271501.798828
[00;31mERROR: orio.main.tuner.ptest_driver: failed to execute the test code: "timeout --kill-after=30s --signal=9 20m  ./__orio_perftest67.exe  "
 --> CalledProcessError: Command 'timeout --kill-after=30s --signal=9 20m  ./__orio_perftest67.exe  ' returned non-zero exit status 1[00m
[00;31mERROR: orio.main.tuner.ptest_driver:  performance testing failed: "timeout --kill-after=30s --signal=9 20m  ./__orio_perftest67.exe  "[00m
expected = 9369846271501.798828
actual = 9369846271501.798828
WARNING: orio.module.loop.submodule.tile.transformation: tile size 512 must be greater than the stride value 512; tile index = kkk
expected = 9369846271501.798828
actual = 9369846271501.798828
expected = 9339882853735.613281
actual = 9369846271501.798828
[00;31mERROR: orio.main.tuner.ptest_driver: failed to execute the test code: "timeout --kill-after=30s --signal=9 20m  ./__orio_perftest70.exe  "
 --> CalledProcessError: Command 'timeout --kill-after=30s --signal=9 20m  ./__orio_perftest70.exe  ' returned non-zero exit status 1[00m
[00;31mERROR: orio.main.tuner.ptest_driver:  performance testing failed: "timeout --kill-after=30s --signal=9 20m  ./__orio_perftest70.exe  "[00m
expected = 0.000000
actual = 9369846271501.798828
[00;31mERROR: orio.main.tuner.ptest_driver: failed to execute the test code: "timeout --kill-after=30s --signal=9 20m  ./__orio_perftest71.exe  "
 --> CalledProcessError: Command 'timeout --kill-after=30s --signal=9 20m  ./__orio_perftest71.exe  ' returned non-zero exit status 1[00m
[00;31mERROR: orio.main.tuner.ptest_driver:  performance testing failed: "timeout --kill-after=30s --signal=9 20m  ./__orio_perftest71.exe  "[00m
expected = 9369846271501.798828
actual = 9369846271501.798828
expected = 9369846271501.798828
actual = 9369846271501.798828
expected = 9369846271501.798828
actual = 9369846271501.798828
expected = 9369846271501.798828
actual = 9369846271501.798828
expected = 9369846271501.798828
actual = 9369846271501.798828
Killed
[00;31mERROR: orio.main.tuner.ptest_driver:  failed to compile the testing code: "timeout --kill-after=30s --signal=9 20m gcc -O3 -fopenmp -DDYNAMIC  -DORIO_REPS=35 -o __orio_perftest77.exe __orio_perftest77.c timer_cpu.o -lm"[00m
[00;31mERROR: orio.main.tuner.ptest_driver:  the executable of the test code does not exist[00m
timeout: failed to run command ‘./__orio_perftest77.exe’: No such file or directory
[00;31mERROR: orio.main.tuner.ptest_driver: failed to execute the test code: "timeout --kill-after=30s --signal=9 20m  ./__orio_perftest77.exe  "
 --> CalledProcessError: Command 'timeout --kill-after=30s --signal=9 20m  ./__orio_perftest77.exe  ' returned non-zero exit status 127[00m
[00;31mERROR: orio.main.tuner.ptest_driver:  performance testing failed: "timeout --kill-after=30s --signal=9 20m  ./__orio_perftest77.exe  "[00m
WARNING: orio.module.loop.submodule.tile.transformation: tile size 512 must be greater than the stride value 512; tile index = kkk
expected = 9369846271501.798828
actual = 9369846271501.798828
expected = 0.000000
actual = 9369846271501.798828
[00;31mERROR: orio.main.tuner.ptest_driver: failed to execute the test code: "timeout --kill-after=30s --signal=9 20m  ./__orio_perftest79.exe  "
 --> CalledProcessError: Command 'timeout --kill-after=30s --signal=9 20m  ./__orio_perftest79.exe  ' returned non-zero exit status 1[00m
[00;31mERROR: orio.main.tuner.ptest_driver:  performance testing failed: "timeout --kill-after=30s --signal=9 20m  ./__orio_perftest79.exe  "[00m
expected = 9369846271501.798828
actual = 9369846271501.798828
expected = 9369846271501.798828
actual = 9369846271501.798828
expected = 9369846271501.798828
actual = 9369846271501.798828
expected = 9369846271501.798828
actual = 9369846271501.798828
expected = 9369846271501.798828
actual = 9369846271501.798828
expected = 9369846271501.798828
actual = 9369846271501.798828
expected = 9369846271501.798828
actual = 9369846271501.798828
expected = 9369846271501.798828
actual = 9369846271501.798828
expected = 9369846271501.798828
actual = 9369846271501.798828
WARNING: orio.module.loop.submodule.tile.transformation: tile size 512 must be greater than the stride value 512; tile index = jjj
expected = 9369846271501.798828
actual = 9369846271501.798828
expected = 9369846271501.798828
actual = 9369846271501.798828
expected = 9369846271501.798828
actual = 9369846271501.798828
WARNING: orio.module.loop.submodule.tile.transformation: tile size 512 must be greater than the stride value 512; tile index = jjj
expected = 9339882853735.613281
actual = 9369846271501.798828
[00;31mERROR: orio.main.tuner.ptest_driver: failed to execute the test code: "timeout --kill-after=30s --signal=9 20m  ./__orio_perftest92.exe  "
 --> CalledProcessError: Command 'timeout --kill-after=30s --signal=9 20m  ./__orio_perftest92.exe  ' returned non-zero exit status 1[00m
[00;31mERROR: orio.main.tuner.ptest_driver:  performance testing failed: "timeout --kill-after=30s --signal=9 20m  ./__orio_perftest92.exe  "[00m
expected = 0.000000
actual = 9369846271501.798828
[00;31mERROR: orio.main.tuner.ptest_driver: failed to execute the test code: "timeout --kill-after=30s --signal=9 20m  ./__orio_perftest93.exe  "
 --> CalledProcessError: Command 'timeout --kill-after=30s --signal=9 20m  ./__orio_perftest93.exe  ' returned non-zero exit status 1[00m
[00;31mERROR: orio.main.tuner.ptest_driver:  performance testing failed: "timeout --kill-after=30s --signal=9 20m  ./__orio_perftest93.exe  "[00m
expected = 0.000000
actual = 9369846271501.798828
[00;31mERROR: orio.main.tuner.ptest_driver: failed to execute the test code: "timeout --kill-after=30s --signal=9 20m  ./__orio_perftest94.exe  "
 --> CalledProcessError: Command 'timeout --kill-after=30s --signal=9 20m  ./__orio_perftest94.exe  ' returned non-zero exit status 1[00m
[00;31mERROR: orio.main.tuner.ptest_driver:  performance testing failed: "timeout --kill-after=30s --signal=9 20m  ./__orio_perftest94.exe  "[00m
expected = 9369846271501.798828
actual = 9369846271501.798828
expected = 9369846271501.798828
actual = 9369846271501.798828
expected = 9369846271501.798828
actual = 9369846271501.798828
expected = 9369846271501.798828
actual = 9369846271501.798828
expected = 9369846271501.798828
actual = 9369846271501.798828
WARNING: orio.module.loop.submodule.tile.transformation: tile size 256 must be greater than the stride value 256; tile index = iii
expected = 9369846271501.798828
actual = 9369846271501.798828
expected = 9369846271501.798828
actual = 9369846271501.798828
expected = 9339882853735.613281
actual = 9369846271501.798828
[00;31mERROR: orio.main.tuner.ptest_driver: failed to execute the test code: "timeout --kill-after=30s --signal=9 20m  ./__orio_perftest102.exe  "
 --> CalledProcessError: Command 'timeout --kill-after=30s --signal=9 20m  ./__orio_perftest102.exe  ' returned non-zero exit status 1[00m
[00;31mERROR: orio.main.tuner.ptest_driver:  performance testing failed: "timeout --kill-after=30s --signal=9 20m  ./__orio_perftest102.exe  "[00m
expected = 9369846271501.798828
actual = 9369846271501.798828
expected = 9369846271501.798828
actual = 9369846271501.798828
WARNING: orio.module.loop.submodule.tile.transformation: tile size 512 must be greater than the stride value 512; tile index = iii
expected = 9369846271501.798828
actual = 9369846271501.798828
WARNING: orio.module.loop.submodule.tile.transformation: tile size 128 must be greater than the stride value 128; tile index = kkk
expected = 0.000000
actual = 9369846271501.798828
[00;31mERROR: orio.main.tuner.ptest_driver: failed to execute the test code: "timeout --kill-after=30s --signal=9 20m  ./__orio_perftest106.exe  "
 --> CalledProcessError: Command 'timeout --kill-after=30s --signal=9 20m  ./__orio_perftest106.exe  ' returned non-zero exit status 1[00m
[00;31mERROR: orio.main.tuner.ptest_driver:  performance testing failed: "timeout --kill-after=30s --signal=9 20m  ./__orio_perftest106.exe  "[00m
expected = 9369846271501.798828
actual = 9369846271501.798828
expected = 9339882853735.613281
actual = 9369846271501.798828
[00;31mERROR: orio.main.tuner.ptest_driver: failed to execute the test code: "timeout --kill-after=30s --signal=9 20m  ./__orio_perftest108.exe  "
 --> CalledProcessError: Command 'timeout --kill-after=30s --signal=9 20m  ./__orio_perftest108.exe  ' returned non-zero exit status 1[00m
[00;31mERROR: orio.main.tuner.ptest_driver:  performance testing failed: "timeout --kill-after=30s --signal=9 20m  ./__orio_perftest108.exe  "[00m
expected = 9369846271501.798828
actual = 9369846271501.798828
expected = 0.000000
actual = 9369846271501.798828
[00;31mERROR: orio.main.tuner.ptest_driver: failed to execute the test code: "timeout --kill-after=30s --signal=9 20m  ./__orio_perftest110.exe  "
 --> CalledProcessError: Command 'timeout --kill-after=30s --signal=9 20m  ./__orio_perftest110.exe  ' returned non-zero exit status 1[00m
[00;31mERROR: orio.main.tuner.ptest_driver:  performance testing failed: "timeout --kill-after=30s --signal=9 20m  ./__orio_perftest110.exe  "[00m
WARNING: orio.module.loop.submodule.tile.transformation: tile size 128 must be greater than the stride value 128; tile index = jjj
expected = 9369846271501.798828
actual = 9369846271501.798828
expected = 0.000000
actual = 9369846271501.798828
[00;31mERROR: orio.main.tuner.ptest_driver: failed to execute the test code: "timeout --kill-after=30s --signal=9 20m  ./__orio_perftest112.exe  "
 --> CalledProcessError: Command 'timeout --kill-after=30s --signal=9 20m  ./__orio_perftest112.exe  ' returned non-zero exit status 1[00m
[00;31mERROR: orio.main.tuner.ptest_driver:  performance testing failed: "timeout --kill-after=30s --signal=9 20m  ./__orio_perftest112.exe  "[00m
expected = 9339882853735.613281
actual = 9369846271501.798828
[00;31mERROR: orio.main.tuner.ptest_driver: failed to execute the test code: "timeout --kill-after=30s --signal=9 20m  ./__orio_perftest113.exe  "
 --> CalledProcessError: Command 'timeout --kill-after=30s --signal=9 20m  ./__orio_perftest113.exe  ' returned non-zero exit status 1[00m
[00;31mERROR: orio.main.tuner.ptest_driver:  performance testing failed: "timeout --kill-after=30s --signal=9 20m  ./__orio_perftest113.exe  "[00m
WARNING: orio.module.loop.submodule.tile.transformation: tile size 512 must be greater than the stride value 512; tile index = jjj
expected = 0.000000
actual = 9369846271501.798828
[00;31mERROR: orio.main.tuner.ptest_driver: failed to execute the test code: "timeout --kill-after=30s --signal=9 20m  ./__orio_perftest114.exe  "
 --> CalledProcessError: Command 'timeout --kill-after=30s --signal=9 20m  ./__orio_perftest114.exe  ' returned non-zero exit status 1[00m
[00;31mERROR: orio.main.tuner.ptest_driver:  performance testing failed: "timeout --kill-after=30s --signal=9 20m  ./__orio_perftest114.exe  "[00m
expected = 9369846271501.798828
actual = 9369846271501.798828
expected = 0.000000
actual = 9369846271501.798828
[00;31mERROR: orio.main.tuner.ptest_driver: failed to execute the test code: "timeout --kill-after=30s --signal=9 20m  ./__orio_perftest116.exe  "
 --> CalledProcessError: Command 'timeout --kill-after=30s --signal=9 20m  ./__orio_perftest116.exe  ' returned non-zero exit status 1[00m
[00;31mERROR: orio.main.tuner.ptest_driver:  performance testing failed: "timeout --kill-after=30s --signal=9 20m  ./__orio_perftest116.exe  "[00m
/usr/lib/python2.7/dist-packages/rpy2/rinterface/__init__.py:186: RRuntimeWarning: Error in lm.fit(x, y, offset = offset, singular.ok = singular.ok, ...) : 
  0 (non-NA) cases

  warnings.warn(x, RRuntimeWarning)
