
WARNING: orio.module.loop.submodule.tile.transformation: tile size 32 must be greater than the stride value 32; tile index = jjj
expected=-29488901894.314121
actual=-29488901894.314121
diff=0.000000
diff=1
WARNING: orio.module.loop.submodule.tile.transformation: tile size 128 must be greater than the stride value 128; tile index = jjj
expected=-25652508.812276
actual=-29488901894.314121
diff=-2147483648.000000
diff=1
expected=1755459126502.282959
actual=-29488901894.314121
diff=-2147483648.000000
diff=1
expected=-29488901894.314121
actual=-29488901894.314121
diff=0.000000
diff=1
expected=-53632.053689
actual=-29488901894.314121
diff=-2147483648.000000
diff=1
expected=-29488901894.314121
actual=-29488901894.314121
diff=0.000000
diff=1
expected=-7558329.286618
actual=-29488901894.314121
diff=-2147483648.000000
diff=1
expected=-8369971.849494
actual=-29488901894.314121
diff=-2147483648.000000
diff=1
expected=-29488901894.314121
actual=-29488901894.314121
diff=0.000000
diff=1
expected=-29488901894.314121
actual=-29488901894.314121
diff=0.000000
diff=1
expected=520055212054.025696
actual=-29488901894.314121
diff=-2147483648.000000
diff=1
expected=-29488901894.314121
actual=-29488901894.314121
diff=0.000000
diff=1
expected=-2869674818475.774902
actual=-29488901894.314121
diff=-2147483648.000000
diff=1
expected=887561843653131.250000
actual=-29488901894.314121
diff=-2147483648.000000
diff=1
WARNING: orio.module.loop.submodule.tile.transformation: tile size 512 must be greater than the stride value 512; tile index = iii
WARNING: orio.module.loop.submodule.tile.transformation: tile size 2 must be greater than the stride value 2; tile index = jjj
expected=-614195238390.594482
actual=-29488901894.314121
diff=-2147483648.000000
diff=1
expected=-29488901894.314121
actual=-29488901894.314121
diff=0.000000
diff=1
expected=25440258.444064
actual=-29488901894.314121
diff=-2147483648.000000
diff=1
expected=25440258.444064
actual=-29488901894.314121
diff=-2147483648.000000
diff=1
WARNING: orio.module.loop.submodule.tile.transformation: tile size 8 must be greater than the stride value 8; tile index = iii
expected=-29488901894.314121
actual=-29488901894.314121
diff=0.000000
diff=1
WARNING: orio.module.loop.submodule.tile.transformation: tile size 2048 must be greater than the stride value 2048; tile index = iii
expected=-29488901894.314121
actual=-29488901894.314121
diff=0.000000
diff=1
WARNING: orio.module.loop.submodule.tile.transformation: tile size 16 must be greater than the stride value 16; tile index = jjj
expected=-29488901894.314121
actual=-29488901894.314121
diff=0.000000
diff=1
WARNING: orio.module.loop.submodule.tile.transformation: tile size 8 must be greater than the stride value 8; tile index = iii
expected=25440258.444064
actual=-29488901894.314121
diff=-2147483648.000000
diff=1
expected=-614195238390.594482
actual=-29488901894.314121
diff=-2147483648.000000
diff=1
WARNING: orio.module.loop.submodule.tile.transformation: tile size 64 must be greater than the stride value 64; tile index = iii
expected=-29488901894.314121
actual=-29488901894.314121
diff=0.000000
diff=1
expected=126721550248.385513
actual=-29488901894.314121
diff=-2147483648.000000
diff=1
expected=188515.368201
actual=-29488901894.314121
diff=-2147483648.000000
diff=1
expected=520055212054.025696
actual=-29488901894.314121
diff=-2147483648.000000
diff=1
expected=-29488901894.314121
actual=-29488901894.314121
diff=0.000000
diff=1
expected=-29488901894.314121
actual=-29488901894.314121
diff=0.000000
diff=1
expected=-29488901894.314121
actual=-29488901894.314121
diff=0.000000
diff=1
expected=-29488901894.314121
actual=-29488901894.314121
diff=0.000000
diff=1
WARNING: orio.module.loop.submodule.tile.transformation: tile size 32 must be greater than the stride value 32; tile index = jjj
expected=-29488901894.314121
actual=-29488901894.314121
diff=0.000000
diff=1
expected=-614195238390.594482
actual=-29488901894.314121
diff=-2147483648.000000
diff=1
expected=25440258.444064
actual=-29488901894.314121
diff=-2147483648.000000
diff=1
WARNING: orio.module.loop.submodule.tile.transformation: tile size 64 must be greater than the stride value 64; tile index = iii
expected=-26231933665.507423
actual=-29488901894.314121
diff=-2147483648.000000
diff=1
WARNING: orio.module.loop.submodule.tile.transformation: tile size 1024 must be greater than the stride value 1024; tile index = iii
expected=-29488901894.314121
actual=-29488901894.314121
diff=0.000000
diff=1
WARNING: orio.module.loop.submodule.tile.transformation: tile size 8 must be greater than the stride value 8; tile index = iii
WARNING: orio.module.loop.submodule.tile.transformation: tile size 512 must be greater than the stride value 512; tile index = jjj
expected=-1023146.527636
actual=-29488901894.314121
diff=-2147483648.000000
diff=1
expected=-7558329.286618
actual=-29488901894.314121
diff=-2147483648.000000
diff=1
expected=1755459126502.282959
actual=-29488901894.314121
diff=-2147483648.000000
diff=1
expected=-29488901894.314121
actual=-29488901894.314121
diff=0.000000
diff=1
expected=158904360145.561523
actual=-29488901894.314121
diff=-2147483648.000000
diff=1
expected=-7558329.286618
actual=-29488901894.314121
diff=-2147483648.000000
diff=1
expected=-29488901894.314121
actual=-29488901894.314121
diff=0.000000
diff=1
expected=-614195238390.594482
actual=-29488901894.314121
diff=-2147483648.000000
diff=1
expected=-25932060.545677
actual=-29488901894.314121
diff=-2147483648.000000
diff=1
expected=-29488901894.314121
actual=-29488901894.314121
diff=0.000000
diff=1
WARNING: orio.module.loop.submodule.tile.transformation: tile size 64 must be greater than the stride value 64; tile index = iii
WARNING: orio.module.loop.submodule.tile.transformation: tile size 8 must be greater than the stride value 8; tile index = iii
expected=10050436875035652096.000000
actual=-29488901894.314121
diff=-2147483648.000000
diff=1
expected=-555474598395978496.000000
actual=-29488901894.314121
diff=-2147483648.000000
diff=1
WARNING: orio.module.loop.submodule.tile.transformation: tile size 512 must be greater than the stride value 512; tile index = iii
expected=520055212054.025696
actual=-29488901894.314121
diff=-2147483648.000000
diff=1
expected=-29488901894.314121
actual=-29488901894.314121
diff=0.000000
diff=1
expected=-29488901894.314121
actual=-29488901894.314121
diff=0.000000
diff=1
expected=-29488901894.314121
actual=-29488901894.314121
diff=0.000000
diff=1
WARNING: orio.module.loop.submodule.tile.transformation: tile size 8 must be greater than the stride value 8; tile index = jjj
expected=-29488901894.314121
actual=-29488901894.314121
diff=0.000000
diff=1
WARNING: orio.module.loop.submodule.tile.transformation: tile size 256 must be greater than the stride value 256; tile index = jjj
expected=-1023146.527636
actual=-29488901894.314121
diff=-2147483648.000000
diff=1
expected=-29488901894.314121
actual=-29488901894.314121
diff=0.000000
diff=1
expected=-11670.604585
actual=-29488901894.314121
diff=-2147483648.000000
diff=1
WARNING: orio.module.loop.submodule.tile.transformation: tile size 16 must be greater than the stride value 16; tile index = iii
expected=-29488901894.314121
actual=-29488901894.314121
diff=0.000000
diff=1
WARNING: orio.module.loop.submodule.tile.transformation: tile size 256 must be greater than the stride value 256; tile index = iii
WARNING: orio.module.loop.submodule.tile.transformation: tile size 4 must be greater than the stride value 4; tile index = jjj
expected=-29488901894.314121
actual=-29488901894.314121
diff=0.000000
diff=1
expected=25440258.444064
actual=-29488901894.314121
diff=-2147483648.000000
diff=1
WARNING: orio.module.loop.submodule.tile.transformation: tile size 32 must be greater than the stride value 32; tile index = iii
expected=-29488901894.314121
actual=-29488901894.314121
diff=0.000000
diff=1
WARNING: orio.module.loop.submodule.tile.transformation: tile size 2048 must be greater than the stride value 2048; tile index = iii
expected=-29488901894.314121
actual=-29488901894.314121
diff=0.000000
diff=1
WARNING: orio.module.loop.submodule.tile.transformation: tile size 4 must be greater than the stride value 4; tile index = iii
expected=-29488901894.314121
actual=-29488901894.314121
diff=0.000000
diff=1
WARNING: orio.module.loop.submodule.tile.transformation: tile size 8 must be greater than the stride value 8; tile index = iii
expected=-29488901894.314121
actual=-29488901894.314121
diff=0.000000
diff=1
WARNING: orio.module.loop.submodule.tile.transformation: tile size 128 must be greater than the stride value 128; tile index = jjj
expected=-29488901894.314121
actual=-29488901894.314121
diff=0.000000
diff=1
WARNING: orio.module.loop.submodule.tile.transformation: tile size 256 must be greater than the stride value 256; tile index = jjj
expected=1282144291.095884
actual=-29488901894.314121
diff=-2147483648.000000
diff=1
WARNING: orio.module.loop.submodule.tile.transformation: tile size 2 must be greater than the stride value 2; tile index = iii
expected=-8369971.849494
actual=-29488901894.314121
diff=-2147483648.000000
diff=1
expected=-29488901894.314121
actual=-29488901894.314121
diff=0.000000
diff=1
expected=-7558329.286618
actual=-29488901894.314121
diff=-2147483648.000000
diff=1
expected=-29488901894.314121
actual=-29488901894.314121
diff=0.000000
diff=1
expected=-29488901894.314121
actual=-29488901894.314121
diff=0.000000
diff=1
expected=-2869674818475.774902
actual=-29488901894.314121
diff=-2147483648.000000
diff=1
WARNING: orio.module.loop.submodule.tile.transformation: tile size 64 must be greater than the stride value 64; tile index = jjj
expected=-29488901894.314121
actual=-29488901894.314121
diff=0.000000
diff=1
WARNING: orio.module.loop.submodule.tile.transformation: tile size 8 must be greater than the stride value 8; tile index = jjj
expected=-29488901894.314121
actual=-29488901894.314121
diff=0.000000
diff=1
expected=-4898776754.373146
actual=-29488901894.314121
diff=-2147483648.000000
diff=1
expected=520999787354.638367
actual=-29488901894.314121
diff=-2147483648.000000
diff=1
expected=-1023146.527636
actual=-29488901894.314121
diff=-2147483648.000000
diff=1
expected=-7558329.286618
actual=-29488901894.314121
diff=-2147483648.000000
diff=1
WARNING: orio.module.loop.submodule.tile.transformation: tile size 2048 must be greater than the stride value 2048; tile index = jjj
expected=126721550248.385513
actual=-29488901894.314121
diff=-2147483648.000000
diff=1
WARNING: orio.module.loop.submodule.tile.transformation: tile size 512 must be greater than the stride value 512; tile index = jjj
expected=-25932060.545677
actual=-29488901894.314121
diff=-2147483648.000000
diff=1
expected=520055212054.025696
actual=-29488901894.314121
diff=-2147483648.000000
diff=1
WARNING: orio.module.loop.submodule.tile.transformation: tile size 1024 must be greater than the stride value 1024; tile index = jjj
WARNING: orio.module.loop.submodule.tile.transformation: tile size 1024 must be greater than the stride value 1024; tile index = iii
expected=-25932060.545677
actual=-29488901894.314121
diff=-2147483648.000000
diff=1
WARNING: orio.module.loop.submodule.tile.transformation: tile size 16 must be greater than the stride value 16; tile index = iii
expected=-25932060.545677
actual=-29488901894.314121
diff=-2147483648.000000
diff=1
expected=-8369971.849494
actual=-29488901894.314121
diff=-2147483648.000000
diff=1
expected=520055212054.025696
actual=-29488901894.314121
diff=-2147483648.000000
diff=1
expected=126721550248.385513
actual=-29488901894.314121
diff=-2147483648.000000
diff=1
WARNING: orio.module.loop.submodule.tile.transformation: tile size 2 must be greater than the stride value 2; tile index = jjj
expected=-29488901894.314121
actual=-29488901894.314121
diff=0.000000
diff=1
expected=126721550248.385513
actual=-29488901894.314121
diff=-2147483648.000000
diff=1
expected=-29488901894.314121
actual=-29488901894.314121
diff=0.000000
diff=1
expected=-29488901894.314121
actual=-29488901894.314121
diff=0.000000
diff=1
WARNING: orio.module.loop.submodule.tile.transformation: tile size 256 must be greater than the stride value 256; tile index = jjj
expected=-29488901894.314121
actual=-29488901894.314121
diff=0.000000
diff=1
expected=-2269786.978691
actual=-29488901894.314121
diff=-2147483648.000000
diff=1
expected=-13194961137444.964844
actual=-29488901894.314121
diff=-2147483648.000000
diff=1
WARNING: orio.module.loop.submodule.tile.transformation: tile size 2 must be greater than the stride value 2; tile index = jjj
expected=195991.852940
actual=-29488901894.314121
diff=-2147483648.000000
diff=1
expected=25440258.444064
actual=-29488901894.314121
diff=-2147483648.000000
diff=1
WARNING: orio.module.loop.submodule.tile.transformation: tile size 8 must be greater than the stride value 8; tile index = iii
expected=6426214.446246
actual=-29488901894.314121
diff=-2147483648.000000
diff=1
expected=-29488901894.314121
actual=-29488901894.314121
diff=0.000000
diff=1
expected=-29488901894.314121
actual=-29488901894.314121
diff=0.000000
diff=1
WARNING: orio.module.loop.submodule.tile.transformation: tile size 32 must be greater than the stride value 32; tile index = jjj
WARNING: orio.module.loop.submodule.tile.transformation: tile size 32 must be greater than the stride value 32; tile index = jjj
expected=-8369971.849494
actual=-29488901894.314121
diff=-2147483648.000000
diff=1
WARNING: orio.module.loop.submodule.tile.transformation: tile size 128 must be greater than the stride value 128; tile index = jjj
WARNING: orio.module.loop.submodule.tile.transformation: tile size 512 must be greater than the stride value 512; tile index = iii
expected=-8369971.849494
actual=-29488901894.314121
diff=-2147483648.000000
diff=1
WARNING: orio.module.loop.submodule.tile.transformation: tile size 32 must be greater than the stride value 32; tile index = jjj
WARNING: orio.module.loop.submodule.tile.transformation: tile size 2 must be greater than the stride value 2; tile index = jjj
expected=-29488901894.314121
actual=-29488901894.314121
diff=0.000000
diff=1
expected=-25932060.545677
actual=-29488901894.314121
diff=-2147483648.000000
diff=1
WARNING: orio.module.loop.submodule.tile.transformation: tile size 256 must be greater than the stride value 256; tile index = iii
expected=-29488901894.314121
actual=-29488901894.314121
diff=0.000000
diff=1
expected=-614195238390.594482
actual=-29488901894.314121
diff=-2147483648.000000
diff=1
expected=-29488901894.314121
actual=-29488901894.314121
diff=0.000000
diff=1
WARNING: orio.module.loop.submodule.tile.transformation: tile size 4 must be greater than the stride value 4; tile index = jjj
expected=-26155364228.437828
actual=-29488901894.314121
diff=-2147483648.000000
diff=1
WARNING: orio.module.loop.submodule.tile.transformation: tile size 2048 must be greater than the stride value 2048; tile index = iii
expected=-614195238390.594482
actual=-29488901894.314121
diff=-2147483648.000000
diff=1
expected=25440258.444064
actual=-29488901894.314121
diff=-2147483648.000000
diff=1
expected=-29488901894.314121
actual=-29488901894.314121
diff=0.000000
diff=1
WARNING: orio.module.loop.submodule.tile.transformation: tile size 16 must be greater than the stride value 16; tile index = jjj
expected=25440258.444064
actual=-29488901894.314121
diff=-2147483648.000000
diff=1
expected=25440258.444064
actual=-29488901894.314121
diff=-2147483648.000000
diff=1
WARNING: orio.module.loop.submodule.tile.transformation: tile size 1024 must be greater than the stride value 1024; tile index = iii
expected=289752775595605.000000
actual=-29488901894.314121
diff=-2147483648.000000
diff=1
expected=-29488901894.314121
actual=-29488901894.314121
diff=0.000000
diff=1
expected=-8369971.849494
actual=-29488901894.314121
diff=-2147483648.000000
diff=1
WARNING: orio.module.loop.submodule.tile.transformation: tile size 4 must be greater than the stride value 4; tile index = jjj
expected=-8369971.849494
actual=-29488901894.314121
diff=-2147483648.000000
diff=1
expected=-29488901894.314121
actual=-29488901894.314121
diff=0.000000
diff=1
WARNING: orio.module.loop.submodule.tile.transformation: tile size 2048 must be greater than the stride value 2048; tile index = jjj
expected=-29488901894.314121
actual=-29488901894.314121
diff=0.000000
diff=1
expected=-7558329.286618
actual=-29488901894.314121
diff=-2147483648.000000
diff=1
expected=-29488901894.314121
actual=-29488901894.314121
diff=0.000000
diff=1
WARNING: orio.module.loop.submodule.tile.transformation: tile size 4 must be greater than the stride value 4; tile index = jjj
expected=25440258.444064
actual=-29488901894.314121
diff=-2147483648.000000
diff=1
WARNING: orio.module.loop.submodule.tile.transformation: tile size 2 must be greater than the stride value 2; tile index = jjj
WARNING: orio.module.loop.submodule.tile.transformation: tile size 32 must be greater than the stride value 32; tile index = iii
expected=126721550248.385513
actual=-29488901894.314121
diff=-2147483648.000000
diff=1
expected=-2269786.978691
actual=-29488901894.314121
diff=-2147483648.000000
diff=1
expected=352.753003
actual=-29488901894.314121
diff=-2147483648.000000
diff=1
expected=1762740042124.751221
actual=-29488901894.314121
diff=-2147483648.000000
diff=1
expected=-29488901894.314121
actual=-29488901894.314121
diff=0.000000
diff=1
expected=-614195238390.594482
actual=-29488901894.314121
diff=-2147483648.000000
diff=1
WARNING: orio.module.loop.submodule.tile.transformation: tile size 512 must be greater than the stride value 512; tile index = iii
expected=-614195238390.594482
actual=-29488901894.314121
diff=-2147483648.000000
diff=1
expected=-29488901894.314121
actual=-29488901894.314121
diff=0.000000
diff=1
expected=-1869258315199208.500000
actual=-29488901894.314121
diff=-2147483648.000000
diff=1
expected=-29488901894.314121
actual=-29488901894.314121
diff=0.000000
diff=1
expected=-25652473.057709
actual=-29488901894.314121
diff=-2147483648.000000
diff=1
WARNING: orio.module.loop.submodule.tile.transformation: tile size 2048 must be greater than the stride value 2048; tile index = jjj
expected=-25932060.545677
actual=-29488901894.314121
diff=-2147483648.000000
diff=1
expected=-1023146.527636
actual=-29488901894.314121
diff=-2147483648.000000
diff=1
expected=-29488901894.314121
actual=-29488901894.314121
diff=0.000000
diff=1
expected=-29488901894.314121
actual=-29488901894.314121
diff=0.000000
diff=1
WARNING: orio.module.loop.submodule.tile.transformation: tile size 512 must be greater than the stride value 512; tile index = iii
WARNING: orio.module.loop.submodule.tile.transformation: tile size 64 must be greater than the stride value 64; tile index = jjj
expected=-2747848716395.839355
actual=-29488901894.314121
diff=-2147483648.000000
diff=1
WARNING: orio.module.loop.submodule.tile.transformation: tile size 1024 must be greater than the stride value 1024; tile index = jjj
expected=-8369971.849494
actual=-29488901894.314121
diff=-2147483648.000000
diff=1
WARNING: orio.module.loop.submodule.tile.transformation: tile size 4 must be greater than the stride value 4; tile index = iii
expected=-29488901894.314121
actual=-29488901894.314121
diff=0.000000
diff=1
expected=-29488901894.314121
actual=-29488901894.314121
diff=0.000000
diff=1
expected=-29488901894.314121
actual=-29488901894.314121
diff=0.000000
diff=1
expected=-29488901894.314121
actual=-29488901894.314121
diff=0.000000
diff=1
WARNING: orio.module.loop.submodule.tile.transformation: tile size 4 must be greater than the stride value 4; tile index = iii
WARNING: orio.module.loop.submodule.tile.transformation: tile size 32 must be greater than the stride value 32; tile index = jjj
expected=-29488901894.314121
actual=-29488901894.314121
diff=0.000000
diff=1
WARNING: orio.module.loop.submodule.tile.transformation: tile size 128 must be greater than the stride value 128; tile index = jjj
expected=-29488901894.314121
actual=-29488901894.314121
diff=0.000000
diff=1
WARNING: orio.module.loop.submodule.tile.transformation: tile size 512 must be greater than the stride value 512; tile index = iii
expected=-29488901894.314121
actual=-29488901894.314121
diff=0.000000
diff=1
expected=-29488901894.314121
actual=-29488901894.314121
diff=0.000000
diff=1
expected=-8369971.849494
actual=-29488901894.314121
diff=-2147483648.000000
diff=1
expected=-29488901894.314121
actual=-29488901894.314121
diff=0.000000
diff=1
expected=-29488901894.314121
actual=-29488901894.314121
diff=0.000000
diff=1
expected=-29488901894.314121
actual=-29488901894.314121
diff=0.000000
diff=1
WARNING: orio.module.loop.submodule.tile.transformation: tile size 2 must be greater than the stride value 2; tile index = iii
expected=-29488901894.314121
actual=-29488901894.314121
diff=0.000000
diff=1
expected=-25932060.545677
actual=-29488901894.314121
diff=-2147483648.000000
diff=1
WARNING: orio.module.loop.submodule.tile.transformation: tile size 256 must be greater than the stride value 256; tile index = iii
expected=1759071303398.851562
actual=-29488901894.314121
diff=-2147483648.000000
diff=1
WARNING: orio.module.loop.submodule.tile.transformation: tile size 4 must be greater than the stride value 4; tile index = iii
expected=-29488901894.314121
actual=-29488901894.314121
diff=0.000000
diff=1
WARNING: orio.module.loop.submodule.tile.transformation: tile size 4 must be greater than the stride value 4; tile index = iii
expected=25440258.444064
actual=-29488901894.314121
diff=-2147483648.000000
diff=1
expected=-318028848317744.875000
actual=-29488901894.314121
diff=-2147483648.000000
diff=1
WARNING: orio.module.loop.submodule.tile.transformation: tile size 1024 must be greater than the stride value 1024; tile index = iii
WARNING: orio.module.loop.submodule.tile.transformation: tile size 1024 must be greater than the stride value 1024; tile index = jjj
expected=25440258.444064
actual=-29488901894.314121
diff=-2147483648.000000
diff=1
expected=-29488901894.314121
actual=-29488901894.314121
diff=0.000000
diff=1
expected=-1193384452755.851562
actual=-29488901894.314121
diff=-2147483648.000000
diff=1
expected=-29488901894.314121
actual=-29488901894.314121
diff=0.000000
diff=1
expected=-25953700.469229
actual=-29488901894.314121
diff=-2147483648.000000
diff=1
expected=-29488901894.314121
actual=-29488901894.314121
diff=0.000000
diff=1
WARNING: orio.module.loop.submodule.tile.transformation: tile size 16 must be greater than the stride value 16; tile index = iii
expected=-29488901894.314121
actual=-29488901894.314121
diff=0.000000
diff=1
expected=-29488901894.314121
actual=-29488901894.314121
diff=0.000000
diff=1
expected=-7558329.286618
actual=-29488901894.314121
diff=-2147483648.000000
diff=1
WARNING: orio.module.loop.submodule.tile.transformation: tile size 32 must be greater than the stride value 32; tile index = jjj
expected=-29488901894.314121
actual=-29488901894.314121
diff=0.000000
diff=1
expected=-29488901894.314121
actual=-29488901894.314121
diff=0.000000
diff=1
expected=-1193384452755.851562
actual=-29488901894.314121
diff=-2147483648.000000
diff=1
expected=-29488901894.314121
actual=-29488901894.314121
diff=0.000000
diff=1
WARNING: orio.module.loop.submodule.tile.transformation: tile size 1024 must be greater than the stride value 1024; tile index = iii
expected=-25932060.545677
actual=-29488901894.314121
diff=-2147483648.000000
diff=1
expected=-29488901894.314121
actual=-29488901894.314121
diff=0.000000
diff=1
WARNING: orio.module.loop.submodule.tile.transformation: tile size 16 must be greater than the stride value 16; tile index = iii
WARNING: orio.module.loop.submodule.tile.transformation: tile size 1024 must be greater than the stride value 1024; tile index = jjj
expected=126721550248.385513
actual=-29488901894.314121
diff=-2147483648.000000
diff=1
expected=-29488901894.314121
actual=-29488901894.314121
diff=0.000000
diff=1
expected=-7558329.286618
actual=-29488901894.314121
diff=-2147483648.000000
diff=1
WARNING: orio.module.loop.submodule.tile.transformation: tile size 4 must be greater than the stride value 4; tile index = jjj
expected=-29488901894.314121
actual=-29488901894.314121
diff=0.000000
diff=1
WARNING: orio.module.loop.submodule.tile.transformation: tile size 2048 must be greater than the stride value 2048; tile index = jjj
expected=25440258.444064
actual=-29488901894.314121
diff=-2147483648.000000
diff=1
WARNING: orio.module.loop.submodule.tile.transformation: tile size 32 must be greater than the stride value 32; tile index = iii
expected=-8369971.849494
actual=-29488901894.314121
diff=-2147483648.000000
diff=1
WARNING: orio.module.loop.submodule.tile.transformation: tile size 8 must be greater than the stride value 8; tile index = jjj
expected=-8369971.849494
actual=-29488901894.314121
diff=-2147483648.000000
diff=1
WARNING: orio.module.loop.submodule.tile.transformation: tile size 2 must be greater than the stride value 2; tile index = jjj
expected=-29488901894.314121
actual=-29488901894.314121
diff=0.000000
diff=1
WARNING: orio.module.loop.submodule.tile.transformation: tile size 16 must be greater than the stride value 16; tile index = jjj
WARNING: orio.module.loop.submodule.tile.transformation: tile size 4 must be greater than the stride value 4; tile index = iii
expected=591607783108033.125000
actual=-29488901894.314121
diff=-2147483648.000000
diff=1
expected=-152743527204003.968750
actual=-29488901894.314121
diff=-2147483648.000000
diff=1
expected=-1023146.527636
actual=-29488901894.314121
diff=-2147483648.000000
diff=1
WARNING: orio.module.loop.submodule.tile.transformation: tile size 8 must be greater than the stride value 8; tile index = iii
WARNING: orio.module.loop.submodule.tile.transformation: tile size 64 must be greater than the stride value 64; tile index = jjj
expected=-1020111.711441
actual=-29488901894.314121
diff=-2147483648.000000
diff=1
WARNING: orio.module.loop.submodule.tile.transformation: tile size 8 must be greater than the stride value 8; tile index = iii
expected=-614195238390.594482
actual=-29488901894.314121
diff=-2147483648.000000
diff=1
expected=-8369971.849494
actual=-29488901894.314121
diff=-2147483648.000000
diff=1
WARNING: orio.module.loop.submodule.tile.transformation: tile size 4 must be greater than the stride value 4; tile index = jjj
expected=-7558329.286618
actual=-29488901894.314121
diff=-2147483648.000000
diff=1
WARNING: orio.module.loop.submodule.tile.transformation: tile size 32 must be greater than the stride value 32; tile index = iii
expected=126587117434.222565
actual=-29488901894.314121
diff=-2147483648.000000
diff=1
WARNING: orio.module.loop.submodule.tile.transformation: tile size 512 must be greater than the stride value 512; tile index = jjj
expected=-10.073149
actual=-29488901894.314121
diff=-2147483648.000000
diff=1
expected=-29488901894.314121
actual=-29488901894.314121
diff=0.000000
diff=1
expected=-7558329.286618
actual=-29488901894.314121
diff=-2147483648.000000
diff=1
expected=-614195238390.594482
actual=-29488901894.314121
diff=-2147483648.000000
diff=1
expected=192160.062325
actual=-29488901894.314121
diff=-2147483648.000000
diff=1
expected=-29488901894.314121
actual=-29488901894.314121
diff=0.000000
diff=1
WARNING: orio.module.loop.submodule.tile.transformation: tile size 1024 must be greater than the stride value 1024; tile index = iii
expected=-29488901894.314121
actual=-29488901894.314121
diff=0.000000
diff=1
expected=887561843653131.250000
actual=-29488901894.314121
diff=-2147483648.000000
diff=1
expected=-1023146.527636
actual=-29488901894.314121
diff=-2147483648.000000
diff=1
WARNING: orio.module.loop.submodule.tile.transformation: tile size 8 must be greater than the stride value 8; tile index = jjj
expected=70423130.014742
actual=-29488901894.314121
diff=-2147483648.000000
diff=1
expected=-29488901894.314121
actual=-29488901894.314121
diff=0.000000
diff=1
expected=-29488901894.314121
actual=-29488901894.314121
diff=0.000000
diff=1
WARNING: orio.module.loop.submodule.tile.transformation: tile size 128 must be greater than the stride value 128; tile index = jjj
expected=810594987473.631714
actual=-29488901894.314121
diff=-2147483648.000000
diff=1
WARNING: orio.module.loop.submodule.tile.transformation: tile size 64 must be greater than the stride value 64; tile index = iii
WARNING: orio.module.loop.submodule.tile.transformation: tile size 16 must be greater than the stride value 16; tile index = iii
WARNING: orio.module.loop.submodule.tile.transformation: tile size 512 must be greater than the stride value 512; tile index = jjj
expected=-29488901894.314121
actual=-29488901894.314121
diff=0.000000
diff=1
expected=-29488901894.314121
actual=-29488901894.314121
diff=0.000000
diff=1
WARNING: orio.module.loop.submodule.tile.transformation: tile size 1024 must be greater than the stride value 1024; tile index = iii
WARNING: orio.module.loop.submodule.tile.transformation: tile size 16 must be greater than the stride value 16; tile index = jjj
expected=-1316862425470.925049
actual=-29488901894.314121
diff=-2147483648.000000
diff=1
WARNING: orio.module.loop.submodule.tile.transformation: tile size 1024 must be greater than the stride value 1024; tile index = iii
expected=-1023146.527636
actual=-29488901894.314121
diff=-2147483648.000000
diff=1
WARNING: orio.module.loop.submodule.tile.transformation: tile size 1024 must be greater than the stride value 1024; tile index = iii
WARNING: orio.module.loop.submodule.tile.transformation: tile size 128 must be greater than the stride value 128; tile index = jjj
expected=289752775595605.000000
actual=-29488901894.314121
diff=-2147483648.000000
diff=1
WARNING: orio.module.loop.submodule.tile.transformation: tile size 64 must be greater than the stride value 64; tile index = iii
expected=-29488901894.314121
actual=-29488901894.314121
diff=0.000000
diff=1
expected=-29488901894.314121
actual=-29488901894.314121
diff=0.000000
diff=1
WARNING: orio.module.loop.submodule.tile.transformation: tile size 256 must be greater than the stride value 256; tile index = jjj
WARNING: orio.module.loop.submodule.tile.transformation: tile size 8 must be greater than the stride value 8; tile index = iii
expected=1433845090004472320.000000
actual=-29488901894.314121
diff=-2147483648.000000
diff=1
WARNING: orio.module.loop.submodule.tile.transformation: tile size 32 must be greater than the stride value 32; tile index = jjj
expected=-29488901894.314121
actual=-29488901894.314121
diff=0.000000
diff=1
expected=-25652508.812276
actual=-29488901894.314121
diff=-2147483648.000000
diff=1
expected=-29488901894.314121
actual=-29488901894.314121
diff=0.000000
diff=1
WARNING: orio.module.loop.submodule.tile.transformation: tile size 256 must be greater than the stride value 256; tile index = iii
expected=-3625745084.883170
actual=-29488901894.314121
diff=-2147483648.000000
diff=1
expected=-8574528825.025096
actual=-29488901894.314121
diff=-2147483648.000000
diff=1
expected=-29488901894.314121
actual=-29488901894.314121
diff=0.000000
diff=1
WARNING: orio.module.loop.submodule.tile.transformation: tile size 256 must be greater than the stride value 256; tile index = jjj
expected=-614195238390.594482
actual=-29488901894.314121
diff=-2147483648.000000
diff=1
WARNING: orio.module.loop.submodule.tile.transformation: tile size 2048 must be greater than the stride value 2048; tile index = jjj
expected=-29488901894.314121
actual=-29488901894.314121
diff=0.000000
diff=1
expected=6727164969194774.000000
actual=-29488901894.314121
diff=-2147483648.000000
diff=1
WARNING: orio.module.loop.submodule.tile.transformation: tile size 4 must be greater than the stride value 4; tile index = jjj
expected=-25651722.517706
actual=-29488901894.314121
diff=-2147483648.000000
diff=1
WARNING: orio.module.loop.submodule.tile.transformation: tile size 32 must be greater than the stride value 32; tile index = iii
expected=-29488901894.314121
actual=-29488901894.314121
diff=0.000000
diff=1
expected=-614195238390.594482
actual=-29488901894.314121
diff=-2147483648.000000
diff=1
expected=-29488901894.314121
actual=-29488901894.314121
diff=0.000000
diff=1
WARNING: orio.module.loop.submodule.tile.transformation: tile size 128 must be greater than the stride value 128; tile index = iii
expected=520055212054.025696
actual=-29488901894.314121
diff=-2147483648.000000
diff=1
expected=887561843653131.250000
actual=-29488901894.314121
diff=-2147483648.000000
diff=1
WARNING: orio.module.loop.submodule.tile.transformation: tile size 16 must be greater than the stride value 16; tile index = iii
expected=-29488901894.314121
actual=-29488901894.314121
diff=0.000000
diff=1
WARNING: orio.module.loop.submodule.tile.transformation: tile size 2 must be greater than the stride value 2; tile index = jjj
expected=-1023146.527636
actual=-29488901894.314121
diff=-2147483648.000000
diff=1
expected=-29488901894.314121
actual=-29488901894.314121
diff=0.000000
diff=1
WARNING: orio.module.loop.submodule.tile.transformation: tile size 256 must be greater than the stride value 256; tile index = iii
expected=-1023146.527636
actual=-29488901894.314121
diff=-2147483648.000000
diff=1
expected=-614195238390.594482
actual=-29488901894.314121
diff=-2147483648.000000
diff=1
expected=126587117434.222565
actual=-29488901894.314121
diff=-2147483648.000000
diff=1
expected=18273.163420
actual=-29488901894.314121
diff=-2147483648.000000
diff=1
expected=-29488901894.314121
actual=-29488901894.314121
diff=0.000000
diff=1
WARNING: orio.module.loop.submodule.tile.transformation: tile size 256 must be greater than the stride value 256; tile index = jjj
expected=192500.624586
actual=-29488901894.314121
diff=-2147483648.000000
diff=1
WARNING: orio.module.loop.submodule.tile.transformation: tile size 2048 must be greater than the stride value 2048; tile index = jjj
expected=-29488901894.314121
actual=-29488901894.314121
diff=0.000000
diff=1
expected=-8369971.849494
actual=-29488901894.314121
diff=-2147483648.000000
diff=1
WARNING: orio.module.loop.submodule.tile.transformation: tile size 2048 must be greater than the stride value 2048; tile index = jjj
expected=-29488901894.314121
actual=-29488901894.314121
diff=0.000000
diff=1
expected=-29488901894.314121
actual=-29488901894.314121
diff=0.000000
diff=1
WARNING: orio.module.loop.submodule.tile.transformation: tile size 16 must be greater than the stride value 16; tile index = iii
expected=-29488901894.314121
actual=-29488901894.314121
diff=0.000000
diff=1
WARNING: orio.module.loop.submodule.tile.transformation: tile size 512 must be greater than the stride value 512; tile index = iii
expected=3923375.405948
actual=-29488901894.314121
diff=-2147483648.000000
diff=1
WARNING: orio.module.loop.submodule.tile.transformation: tile size 512 must be greater than the stride value 512; tile index = jjj
WARNING: orio.module.loop.submodule.tile.transformation: tile size 16 must be greater than the stride value 16; tile index = jjj
expected=25440258.444064
actual=-29488901894.314121
diff=-2147483648.000000
diff=1
WARNING: orio.module.loop.submodule.tile.transformation: tile size 32 must be greater than the stride value 32; tile index = iii
expected=-29488901894.314121
actual=-29488901894.314121
diff=0.000000
diff=1
expected=-614195238390.594482
actual=-29488901894.314121
diff=-2147483648.000000
diff=1
expected=520999787354.638367
actual=-29488901894.314121
diff=-2147483648.000000
diff=1
WARNING: orio.module.loop.submodule.tile.transformation: tile size 16 must be greater than the stride value 16; tile index = iii
WARNING: orio.module.loop.submodule.tile.transformation: tile size 16 must be greater than the stride value 16; tile index = jjj
expected=520312771877.569458
actual=-29488901894.314121
diff=-2147483648.000000
diff=1
expected=-29488901894.314121
actual=-29488901894.314121
diff=0.000000
diff=1
WARNING: orio.module.loop.submodule.tile.transformation: tile size 2 must be greater than the stride value 2; tile index = iii
expected=-29488901894.314121
actual=-29488901894.314121
diff=0.000000
diff=1
WARNING: orio.module.loop.submodule.tile.transformation: tile size 2048 must be greater than the stride value 2048; tile index = jjj
expected=126721550248.385513
actual=-29488901894.314121
diff=-2147483648.000000
diff=1
WARNING: orio.module.loop.submodule.tile.transformation: tile size 1024 must be greater than the stride value 1024; tile index = iii
expected=-7558329.286618
actual=-29488901894.314121
diff=-2147483648.000000
diff=1
expected=25440258.444064
actual=-29488901894.314121
diff=-2147483648.000000
diff=1
expected=352.753003
actual=-29488901894.314121
diff=-2147483648.000000
diff=1
expected=-29488901894.314121
actual=-29488901894.314121
diff=0.000000
diff=1
WARNING: orio.module.loop.submodule.tile.transformation: tile size 8 must be greater than the stride value 8; tile index = jjj
expected=-29488901894.314121
actual=-29488901894.314121
diff=0.000000
diff=1
WARNING: orio.module.loop.submodule.tile.transformation: tile size 8 must be greater than the stride value 8; tile index = iii
expected=-29488901894.314121
actual=-29488901894.314121
diff=0.000000
diff=1
expected=-614195238390.594482
actual=-29488901894.314121
diff=-2147483648.000000
diff=1
expected=2355771.674665
actual=-29488901894.314121
diff=-2147483648.000000
diff=1
expected=-29488901894.314121
actual=-29488901894.314121
diff=0.000000
diff=1
WARNING: orio.module.loop.submodule.tile.transformation: tile size 2048 must be greater than the stride value 2048; tile index = jjj
expected=-29488901894.314121
actual=-29488901894.314121
diff=0.000000
diff=1
WARNING: orio.module.loop.submodule.tile.transformation: tile size 128 must be greater than the stride value 128; tile index = iii
expected=-29488901894.314121
actual=-29488901894.314121
diff=0.000000
diff=1
WARNING: orio.module.loop.submodule.tile.transformation: tile size 4 must be greater than the stride value 4; tile index = jjj
expected=126721550248.385513
actual=-29488901894.314121
diff=-2147483648.000000
diff=1
WARNING: orio.module.loop.submodule.tile.transformation: tile size 256 must be greater than the stride value 256; tile index = iii
expected=-178805676545.497162
actual=-29488901894.314121
diff=-2147483648.000000
diff=1
expected=-29488901894.314121
actual=-29488901894.314121
diff=0.000000
diff=1
expected=-29488901894.314121
actual=-29488901894.314121
diff=0.000000
diff=1
expected=-29488901894.314121
actual=-29488901894.314121
diff=0.000000
diff=1
WARNING: orio.module.loop.submodule.tile.transformation: tile size 32 must be greater than the stride value 32; tile index = iii
expected=-25932060.545677
actual=-29488901894.314121
diff=-2147483648.000000
diff=1
expected=-29488901894.314121
actual=-29488901894.314121
diff=0.000000
diff=1
expected=-29488901894.314121
actual=-29488901894.314121
diff=0.000000
diff=1
WARNING: orio.module.loop.submodule.tile.transformation: tile size 512 must be greater than the stride value 512; tile index = jjj
expected=-29488901894.314121
actual=-29488901894.314121
diff=0.000000
diff=1
WARNING: orio.module.loop.submodule.tile.transformation: tile size 128 must be greater than the stride value 128; tile index = iii
expected=126721550248.385513
actual=-29488901894.314121
diff=-2147483648.000000
diff=1
WARNING: orio.module.loop.submodule.tile.transformation: tile size 2 must be greater than the stride value 2; tile index = iii
expected=-25932060.545677
actual=-29488901894.314121
diff=-2147483648.000000
diff=1
WARNING: orio.module.loop.submodule.tile.transformation: tile size 256 must be greater than the stride value 256; tile index = iii
expected=520055212054.025696
actual=-29488901894.314121
diff=-2147483648.000000
diff=1
WARNING: orio.module.loop.submodule.tile.transformation: tile size 16 must be greater than the stride value 16; tile index = jjj
expected=-29488901894.314121
actual=-29488901894.314121
diff=0.000000
diff=1
expected=126721550248.385513
actual=-29488901894.314121
diff=-2147483648.000000
diff=1
expected=25440258.444064
actual=-29488901894.314121
diff=-2147483648.000000
diff=1
WARNING: orio.module.loop.submodule.tile.transformation: tile size 16 must be greater than the stride value 16; tile index = iii
expected=-6853.694985
actual=-29488901894.314121
diff=-2147483648.000000
diff=1
WARNING: orio.module.loop.submodule.tile.transformation: tile size 8 must be greater than the stride value 8; tile index = jjj
WARNING: orio.module.loop.submodule.tile.transformation: tile size 512 must be greater than the stride value 512; tile index = jjj
expected=25440258.444064
actual=-29488901894.314121
diff=-2147483648.000000
diff=1
expected=-8369971.849494
actual=-29488901894.314121
diff=-2147483648.000000
diff=1
expected=947998.853640
actual=-29488901894.314121
diff=-2147483648.000000
diff=1
expected=289752775595605.000000
actual=-29488901894.314121
diff=-2147483648.000000
diff=1
WARNING: orio.module.loop.submodule.tile.transformation: tile size 16 must be greater than the stride value 16; tile index = jjj
expected=3515165315839.010254
actual=-29488901894.314121
diff=-2147483648.000000
diff=1
WARNING: orio.module.loop.submodule.tile.transformation: tile size 32 must be greater than the stride value 32; tile index = iii
expected=-66478994.744803
actual=-29488901894.314121
diff=-2147483648.000000
diff=1
WARNING: orio.module.loop.submodule.tile.transformation: tile size 1024 must be greater than the stride value 1024; tile index = jjj
expected=-25932060.545677
actual=-29488901894.314121
diff=-2147483648.000000
diff=1
expected=25440258.444064
actual=-29488901894.314121
diff=-2147483648.000000
diff=1
WARNING: orio.module.loop.submodule.tile.transformation: tile size 4 must be greater than the stride value 4; tile index = jjj
expected=-29488901894.314121
actual=-29488901894.314121
diff=0.000000
diff=1
expected=-29488901894.314121
actual=-29488901894.314121
diff=0.000000
diff=1
expected=-25932060.545677
actual=-29488901894.314121
diff=-2147483648.000000
diff=1
WARNING: orio.module.loop.submodule.tile.transformation: tile size 4 must be greater than the stride value 4; tile index = iii
expected=-143736125815517.125000
actual=-29488901894.314121
diff=-2147483648.000000
diff=1
WARNING: orio.module.loop.submodule.tile.transformation: tile size 2048 must be greater than the stride value 2048; tile index = iii
expected=887561843653131.250000
actual=-29488901894.314121
diff=-2147483648.000000
diff=1
expected=25440258.444064
actual=-29488901894.314121
diff=-2147483648.000000
diff=1
WARNING: orio.module.loop.submodule.tile.transformation: tile size 8 must be greater than the stride value 8; tile index = iii
expected=-29488901894.314121
actual=-29488901894.314121
diff=0.000000
diff=1
WARNING: orio.module.loop.submodule.tile.transformation: tile size 4 must be greater than the stride value 4; tile index = iii
expected=25440258.444064
actual=-29488901894.314121
diff=-2147483648.000000
diff=1
WARNING: orio.module.loop.submodule.tile.transformation: tile size 8 must be greater than the stride value 8; tile index = iii
expected=-8369971.849494
actual=-29488901894.314121
diff=-2147483648.000000
diff=1
expected=-29488901894.314121
actual=-29488901894.314121
diff=0.000000
diff=1
expected=126721550248.385513
actual=-29488901894.314121
diff=-2147483648.000000
diff=1
expected=-16479.218876
actual=-29488901894.314121
diff=-2147483648.000000
diff=1
expected=-8369971.849494
actual=-29488901894.314121
diff=-2147483648.000000
diff=1
expected=-29488901894.314121
actual=-29488901894.314121
diff=0.000000
diff=1
expected=-29488901894.314121
actual=-29488901894.314121
diff=0.000000
diff=1
expected=-7558329.286618
actual=-29488901894.314121
diff=-2147483648.000000
diff=1
WARNING: orio.module.loop.submodule.tile.transformation: tile size 32 must be greater than the stride value 32; tile index = iii
expected=-29488901894.314121
actual=-29488901894.314121
diff=0.000000
diff=1
expected=31074.481322
actual=-29488901894.314121
diff=-2147483648.000000
diff=1
expected=-29488901894.314121
actual=-29488901894.314121
diff=0.000000
diff=1
expected=520142692925.643188
actual=-29488901894.314121
diff=-2147483648.000000
diff=1
expected=25440258.444064
actual=-29488901894.314121
diff=-2147483648.000000
diff=1
expected=-29488901894.314121
actual=-29488901894.314121
diff=0.000000
diff=1
WARNING: orio.module.loop.submodule.tile.transformation: tile size 2 must be greater than the stride value 2; tile index = iii
