
expected=44349393910.504478
actual=145057485.810668
diff=-2147483648.000000
diff=1
expected=44697894316.422440
actual=145057485.810668
diff=-2147483648.000000
diff=1
expected=44808887502.665932
actual=145057485.810668
diff=-2147483648.000000
diff=1
expected=44607612148.138161
actual=145057485.810668
diff=-2147483648.000000
diff=1
expected=43809390607.388153
actual=145057485.810668
diff=-2147483648.000000
diff=1
expected=145057485.810668
actual=145057485.810668
diff=0.000000
diff=1
expected=145057485.810668
actual=145057485.810668
diff=0.000000
diff=1
expected=39266915130.459549
actual=145057485.810668
diff=-2147483648.000000
diff=1
WARNING: orio.module.loop.submodule.tile.transformation: tile size 512 must be greater than the stride value 512; tile index = iii
expected=145057485.810668
actual=145057485.810668
diff=0.000000
diff=1
expected=44361755438.856514
actual=145057485.810668
diff=-2147483648.000000
diff=1
expected=145057485.810668
actual=145057485.810668
diff=0.000000
diff=1
expected=145057485.810668
actual=145057485.810668
diff=0.000000
diff=1
expected=145057485.810668
actual=145057485.810668
diff=0.000000
diff=1
expected=39228024424.392181
actual=145057485.810668
diff=-2147483648.000000
diff=1
WARNING: orio.module.loop.submodule.tile.transformation: tile size 256 must be greater than the stride value 256; tile index = jjj
expected=145057485.810668
actual=145057485.810668
diff=0.000000
diff=1
expected=15851638284.530546
actual=145057485.810668
diff=-2147483648.000000
diff=1
WARNING: orio.module.loop.submodule.tile.transformation: tile size 512 must be greater than the stride value 512; tile index = iii
WARNING: orio.module.loop.submodule.tile.transformation: tile size 2048 must be greater than the stride value 2048; tile index = jjj
expected=30509334710.287975
actual=145057485.810668
diff=-2147483648.000000
diff=1
expected=44698499626.501472
actual=145057485.810668
diff=-2147483648.000000
diff=1
WARNING: orio.module.loop.submodule.tile.transformation: tile size 2048 must be greater than the stride value 2048; tile index = iii
expected=44820587851.602936
actual=145057485.810668
diff=-2147483648.000000
diff=1
WARNING: orio.module.loop.submodule.tile.transformation: tile size 2048 must be greater than the stride value 2048; tile index = iii
expected=44882453782.853889
actual=145057485.810668
diff=-2147483648.000000
diff=1
WARNING: orio.module.loop.submodule.tile.transformation: tile size 2048 must be greater than the stride value 2048; tile index = jjj
expected=37424355475.245659
actual=145057485.810668
diff=-2147483648.000000
diff=1
WARNING: orio.module.loop.submodule.tile.transformation: tile size 16 must be greater than the stride value 16; tile index = iii
expected=37485008367.106178
actual=145057485.810668
diff=-2147483648.000000
diff=1
expected=44695716366.007256
actual=145057485.810668
diff=-2147483648.000000
diff=1
expected=44810334784.696388
actual=145057485.810668
diff=-2147483648.000000
diff=1
expected=44881638218.770325
actual=145057485.810668
diff=-2147483648.000000
diff=1
WARNING: orio.module.loop.submodule.tile.transformation: tile size 2048 must be greater than the stride value 2048; tile index = jjj
expected=44695716366.007256
actual=145057485.810668
diff=-2147483648.000000
diff=1
expected=44607612148.138161
actual=145057485.810668
diff=-2147483648.000000
diff=1
expected=15851638284.530546
actual=145057485.810668
diff=-2147483648.000000
diff=1
WARNING: orio.module.loop.submodule.tile.transformation: tile size 16 must be greater than the stride value 16; tile index = jjj
expected=40559119549.654144
actual=145057485.810668
diff=-2147483648.000000
diff=1
expected=44671225507.406944
actual=145057485.810668
diff=-2147483648.000000
diff=1
WARNING: orio.module.loop.submodule.tile.transformation: tile size 16 must be greater than the stride value 16; tile index = iii
expected=35596751782.684761
actual=145057485.810668
diff=-2147483648.000000
diff=1
expected=32417928551.078724
actual=145057485.810668
diff=-2147483648.000000
diff=1
expected=44804399269.838318
actual=145057485.810668
diff=-2147483648.000000
diff=1
expected=145057485.810668
actual=145057485.810668
diff=0.000000
diff=1
WARNING: orio.module.loop.submodule.tile.transformation: tile size 1024 must be greater than the stride value 1024; tile index = iii
expected=44196309346.425148
actual=145057485.810668
diff=-2147483648.000000
diff=1
WARNING: orio.module.loop.submodule.tile.transformation: tile size 16 must be greater than the stride value 16; tile index = jjj
expected=36990764922.162819
actual=145057485.810668
diff=-2147483648.000000
diff=1
expected=44700201576.888321
actual=145057485.810668
diff=-2147483648.000000
diff=1
expected=44698499626.501472
actual=145057485.810668
diff=-2147483648.000000
diff=1
WARNING: orio.module.loop.submodule.tile.transformation: tile size 256 must be greater than the stride value 256; tile index = iii
expected=43572086045.413925
actual=145057485.810668
diff=-2147483648.000000
diff=1
expected=44651352983.039848
actual=145057485.810668
diff=-2147483648.000000
diff=1
WARNING: orio.module.loop.submodule.tile.transformation: tile size 16 must be greater than the stride value 16; tile index = iii
expected=36909023921.072861
actual=145057485.810668
diff=-2147483648.000000
diff=1
expected=37424355475.245659
actual=145057485.810668
diff=-2147483648.000000
diff=1
expected=44368311445.608780
actual=145057485.810668
diff=-2147483648.000000
diff=1
WARNING: orio.module.loop.submodule.tile.transformation: tile size 4 must be greater than the stride value 4; tile index = iii
WARNING: orio.module.loop.submodule.tile.transformation: tile size 2048 must be greater than the stride value 2048; tile index = jjj
expected=42617272634.763557
actual=145057485.810668
diff=-2147483648.000000
diff=1
expected=44672197099.887672
actual=145057485.810668
diff=-2147483648.000000
diff=1
expected=37424907359.114845
actual=145057485.810668
diff=-2147483648.000000
diff=1
WARNING: orio.module.loop.submodule.tile.transformation: tile size 2048 must be greater than the stride value 2048; tile index = iii
expected=44814845296.496391
actual=145057485.810668
diff=-2147483648.000000
diff=1
expected=38464104634.055077
actual=145057485.810668
diff=-2147483648.000000
diff=1
WARNING: orio.module.loop.submodule.tile.transformation: tile size 8 must be greater than the stride value 8; tile index = iii
expected=36946357468.434380
actual=145057485.810668
diff=-2147483648.000000
diff=1
expected=44810228684.107597
actual=145057485.810668
diff=-2147483648.000000
diff=1
expected=44307216023.335617
actual=145057485.810668
diff=-2147483648.000000
diff=1
expected=44364604551.782700
actual=145057485.810668
diff=-2147483648.000000
diff=1
expected=44699729686.395897
actual=145057485.810668
diff=-2147483648.000000
diff=1
Segmentation fault
[00;31mERROR: orio.main.tuner.ptest_driver: failed to execute the test code: "timeout --kill-after=30s --signal=9 20m  ./__orio_perftest54.exe  "
 --> CalledProcessError: Command 'timeout --kill-after=30s --signal=9 20m  ./__orio_perftest54.exe  ' returned non-zero exit status 139[00m
[00;31mERROR: orio.main.tuner.ptest_driver:  performance testing failed: "timeout --kill-after=30s --signal=9 20m  ./__orio_perftest54.exe  "[00m
WARNING: orio.module.loop.submodule.tile.transformation: tile size 4 must be greater than the stride value 4; tile index = jjj
expected=25780906287.539272
actual=145057485.810668
diff=-2147483648.000000
diff=1
expected=43321832926.046761
actual=145057485.810668
diff=-2147483648.000000
diff=1
expected=44698499626.501472
actual=145057485.810668
diff=-2147483648.000000
diff=1
WARNING: orio.module.loop.submodule.tile.transformation: tile size 32 must be greater than the stride value 32; tile index = iii
expected=44824802742.157082
actual=145057485.810668
diff=-2147483648.000000
diff=1
expected=44784786892.763176
actual=145057485.810668
diff=-2147483648.000000
diff=1
expected=44696261082.425850
actual=145057485.810668
diff=-2147483648.000000
diff=1
expected=44614214477.261032
actual=145057485.810668
diff=-2147483648.000000
diff=1
expected=37105650738.682671
actual=145057485.810668
diff=-2147483648.000000
diff=1
expected=37485008367.106178
actual=145057485.810668
diff=-2147483648.000000
diff=1
WARNING: orio.module.loop.submodule.tile.transformation: tile size 2048 must be greater than the stride value 2048; tile index = iii
WARNING: orio.module.loop.submodule.tile.transformation: tile size 256 must be greater than the stride value 256; tile index = jjj
expected=32305198106.560108
actual=145057485.810668
diff=-2147483648.000000
diff=1
expected=40563893356.034538
actual=145057485.810668
diff=-2147483648.000000
diff=1
WARNING: orio.module.loop.submodule.tile.transformation: tile size 128 must be greater than the stride value 128; tile index = jjj
expected=37424907359.114845
actual=145057485.810668
diff=-2147483648.000000
diff=1
WARNING: orio.module.loop.submodule.tile.transformation: tile size 2048 must be greater than the stride value 2048; tile index = jjj
expected=44671441695.291100
actual=145057485.810668
diff=-2147483648.000000
diff=1
expected=44383311917.340988
actual=145057485.810668
diff=-2147483648.000000
diff=1
expected=44615047838.116974
actual=145057485.810668
diff=-2147483648.000000
diff=1
expected=33644392960.039684
actual=145057485.810668
diff=-2147483648.000000
diff=1
WARNING: orio.module.loop.submodule.tile.transformation: tile size 4 must be greater than the stride value 4; tile index = jjj
expected=44323682656.040955
actual=145057485.810668
diff=-2147483648.000000
diff=1
expected=40978666963.370018
actual=145057485.810668
diff=-2147483648.000000
diff=1
expected=39899595642.119087
actual=145057485.810668
diff=-2147483648.000000
diff=1
expected=44354510845.925003
actual=145057485.810668
diff=-2147483648.000000
diff=1
WARNING: orio.module.loop.submodule.tile.transformation: tile size 128 must be greater than the stride value 128; tile index = jjj
expected=44696261082.425850
actual=145057485.810668
diff=-2147483648.000000
diff=1
expected=37423225059.964561
actual=145057485.810668
diff=-2147483648.000000
diff=1
expected=37485008367.106178
actual=145057485.810668
diff=-2147483648.000000
diff=1
expected=44785704735.333160
actual=145057485.810668
diff=-2147483648.000000
diff=1
expected=44391559847.433060
actual=145057485.810668
diff=-2147483648.000000
diff=1
expected=44700360559.682388
actual=145057485.810668
diff=-2147483648.000000
diff=1
expected=44699747580.383743
actual=145057485.810668
diff=-2147483648.000000
diff=1
WARNING: orio.module.loop.submodule.tile.transformation: tile size 32 must be greater than the stride value 32; tile index = iii
WARNING: orio.module.loop.submodule.tile.transformation: tile size 8 must be greater than the stride value 8; tile index = jjj
expected=44825910831.527168
actual=145057485.810668
diff=-2147483648.000000
diff=1
expected=36764708068.994614
actual=145057485.810668
diff=-2147483648.000000
diff=1
expected=44810172076.267891
actual=145057485.810668
diff=-2147483648.000000
diff=1
expected=40864394639.984886
actual=145057485.810668
diff=-2147483648.000000
diff=1
expected=44779586708.558960
actual=145057485.810668
diff=-2147483648.000000
diff=1
WARNING: orio.module.loop.submodule.tile.transformation: tile size 2048 must be greater than the stride value 2048; tile index = iii
expected=33807453205.922581
actual=145057485.810668
diff=-2147483648.000000
diff=1
expected=40559119549.654144
actual=145057485.810668
diff=-2147483648.000000
diff=1
expected=44688336634.878113
actual=145057485.810668
diff=-2147483648.000000
diff=1
expected=44821775526.740112
actual=145057485.810668
diff=-2147483648.000000
diff=1
expected=44794711297.558548
actual=145057485.810668
diff=-2147483648.000000
diff=1
WARNING: orio.module.loop.submodule.tile.transformation: tile size 2048 must be greater than the stride value 2048; tile index = jjj
expected=43431388146.345818
actual=145057485.810668
diff=-2147483648.000000
diff=1
expected=44312020289.817055
actual=145057485.810668
diff=-2147483648.000000
diff=1
WARNING: orio.module.loop.submodule.tile.transformation: tile size 2048 must be greater than the stride value 2048; tile index = iii
expected=42259631533.343811
actual=145057485.810668
diff=-2147483648.000000
diff=1
expected=43804670226.266861
actual=145057485.810668
diff=-2147483648.000000
diff=1
WARNING: orio.module.loop.submodule.tile.transformation: tile size 8 must be greater than the stride value 8; tile index = iii
expected=36367197846.881882
actual=145057485.810668
diff=-2147483648.000000
diff=1
expected=43263975599.181755
actual=145057485.810668
diff=-2147483648.000000
diff=1
expected=44698303768.995506
actual=145057485.810668
diff=-2147483648.000000
diff=1
expected=44885161590.917046
actual=145057485.810668
diff=-2147483648.000000
diff=1
expected=44785403754.185257
actual=145057485.810668
diff=-2147483648.000000
diff=1
expected=44785343597.509949
actual=145057485.810668
diff=-2147483648.000000
diff=1
expected=44903571440.750999
actual=145057485.810668
diff=-2147483648.000000
diff=1
expected=33644392960.039684
actual=145057485.810668
diff=-2147483648.000000
diff=1
expected=35883051110.707756
actual=145057485.810668
diff=-2147483648.000000
diff=1
expected=36984919061.634552
actual=145057485.810668
diff=-2147483648.000000
diff=1
expected=15851638284.530546
actual=145057485.810668
diff=-2147483648.000000
diff=1
expected=37424907359.114845
actual=145057485.810668
diff=-2147483648.000000
diff=1
expected=43729601235.673782
actual=145057485.810668
diff=-2147483648.000000
diff=1
expected=44793064266.857071
actual=145057485.810668
diff=-2147483648.000000
diff=1
WARNING: orio.module.loop.submodule.tile.transformation: tile size 256 must be greater than the stride value 256; tile index = iii
expected=44700269344.924141
actual=145057485.810668
diff=-2147483648.000000
diff=1
expected=44699743660.998497
actual=145057485.810668
diff=-2147483648.000000
diff=1
WARNING: orio.module.loop.submodule.tile.transformation: tile size 2048 must be greater than the stride value 2048; tile index = iii
expected=44823477498.615974
actual=145057485.810668
diff=-2147483648.000000
diff=1
WARNING: orio.module.loop.submodule.tile.transformation: tile size 2048 must be greater than the stride value 2048; tile index = iii
expected=44667168874.251511
actual=145057485.810668
diff=-2147483648.000000
diff=1
expected=44359143169.565369
actual=145057485.810668
diff=-2147483648.000000
diff=1
expected=32305198106.560108
actual=145057485.810668
diff=-2147483648.000000
diff=1
expected=44809144139.937851
actual=145057485.810668
diff=-2147483648.000000
diff=1
expected=15851638284.530546
actual=145057485.810668
diff=-2147483648.000000
diff=1
expected=44809657414.481102
actual=145057485.810668
diff=-2147483648.000000
diff=1
expected=44373933457.948204
actual=145057485.810668
diff=-2147483648.000000
diff=1
expected=44810416901.203880
actual=145057485.810668
diff=-2147483648.000000
diff=1
expected=34179782464.332840
actual=145057485.810668
diff=-2147483648.000000
diff=1
WARNING: orio.module.loop.submodule.tile.transformation: tile size 2048 must be greater than the stride value 2048; tile index = iii
WARNING: orio.module.loop.submodule.tile.transformation: tile size 256 must be greater than the stride value 256; tile index = jjj
