
WARNING: orio.module.loop.submodule.tile.transformation: tile size 16 must be greater than the stride value 16; tile index = ttt
WARNING: orio.module.loop.submodule.tile.transformation: tile size 128 must be greater than the stride value 128; tile index = iii
expected=268920.434025
actual=268920.445960
diff=0.000000
diff=1
expected=268920.529483
actual=268920.445960
diff=0.000000
diff=1
WARNING: orio.module.loop.submodule.tile.transformation: tile size 256 must be greater than the stride value 256; tile index = ttt
Killed
[00;31mERROR: orio.main.tuner.ptest_driver:  failed to compile the testing code: "timeout --kill-after=30s --signal=9 20m gcc -O3 -fopenmp -DDYNAMIC  -DORIO_REPS=10 -o __orio_perftest3.exe __orio_perftest3.c timer_cpu.o -lm -lrt"[00m
[00;31mERROR: orio.main.tuner.ptest_driver:  the executable of the test code does not exist[00m
timeout: failed to run command ‘./__orio_perftest3.exe’: No such file or directory
[00;31mERROR: orio.main.tuner.ptest_driver: failed to execute the test code: "timeout --kill-after=30s --signal=9 20m  ./__orio_perftest3.exe  "
 --> CalledProcessError: Command 'timeout --kill-after=30s --signal=9 20m  ./__orio_perftest3.exe  ' returned non-zero exit status 127[00m
[00;31mERROR: orio.main.tuner.ptest_driver:  performance testing failed: "timeout --kill-after=30s --signal=9 20m  ./__orio_perftest3.exe  "[00m
WARNING: orio.module.loop.submodule.tile.transformation: tile size 256 must be greater than the stride value 256; tile index = jjj
Killed
[00;31mERROR: orio.main.tuner.ptest_driver:  failed to compile the testing code: "timeout --kill-after=30s --signal=9 20m gcc -O3 -fopenmp -DDYNAMIC  -DORIO_REPS=10 -o __orio_perftest4.exe __orio_perftest4.c timer_cpu.o -lm -lrt"[00m
[00;31mERROR: orio.main.tuner.ptest_driver:  the executable of the test code does not exist[00m
timeout: failed to run command ‘./__orio_perftest4.exe’: No such file or directory
[00;31mERROR: orio.main.tuner.ptest_driver: failed to execute the test code: "timeout --kill-after=30s --signal=9 20m  ./__orio_perftest4.exe  "
 --> CalledProcessError: Command 'timeout --kill-after=30s --signal=9 20m  ./__orio_perftest4.exe  ' returned non-zero exit status 127[00m
[00;31mERROR: orio.main.tuner.ptest_driver:  performance testing failed: "timeout --kill-after=30s --signal=9 20m  ./__orio_perftest4.exe  "[00m
WARNING: orio.module.loop.submodule.tile.transformation: tile size 2048 must be greater than the stride value 2048; tile index = iii
WARNING: orio.module.loop.submodule.tile.transformation: tile size 32 must be greater than the stride value 32; tile index = jjj
expected=268920.476089
actual=268920.445960
diff=0.000000
diff=1
WARNING: orio.module.loop.submodule.tile.transformation: tile size 128 must be greater than the stride value 128; tile index = ttt
expected=268922.512714
actual=268920.445960
diff=2.000000
diff=0
[00;31mERROR: orio.main.tuner.ptest_driver: failed to execute the test code: "timeout --kill-after=30s --signal=9 20m  ./__orio_perftest6.exe  "
 --> CalledProcessError: Command 'timeout --kill-after=30s --signal=9 20m  ./__orio_perftest6.exe  ' returned non-zero exit status 1[00m
[00;31mERROR: orio.main.tuner.ptest_driver:  performance testing failed: "timeout --kill-after=30s --signal=9 20m  ./__orio_perftest6.exe  "[00m
WARNING: orio.module.loop.submodule.tile.transformation: tile size 1024 must be greater than the stride value 1024; tile index = iii
expected=268920.640116
actual=268920.445960
diff=0.000000
diff=1
WARNING: orio.module.loop.submodule.tile.transformation: tile size 4 must be greater than the stride value 4; tile index = jjj
expected=268920.561218
actual=268920.445960
diff=0.000000
diff=1
WARNING: orio.module.loop.submodule.tile.transformation: tile size 2048 must be greater than the stride value 2048; tile index = jjj
expected=268918.678508
actual=268920.445960
diff=1.000000
diff=0
[00;31mERROR: orio.main.tuner.ptest_driver: failed to execute the test code: "timeout --kill-after=30s --signal=9 20m  ./__orio_perftest9.exe  "
 --> CalledProcessError: Command 'timeout --kill-after=30s --signal=9 20m  ./__orio_perftest9.exe  ' returned non-zero exit status 1[00m
[00;31mERROR: orio.main.tuner.ptest_driver:  performance testing failed: "timeout --kill-after=30s --signal=9 20m  ./__orio_perftest9.exe  "[00m
expected=268920.512294
actual=268920.445960
diff=0.000000
diff=1
expected=268920.588181
actual=268920.445960
diff=0.000000
diff=1
expected=268920.369587
actual=268920.445960
diff=0.000000
diff=1
WARNING: orio.module.loop.submodule.tile.transformation: tile size 2048 must be greater than the stride value 2048; tile index = iii
WARNING: orio.module.loop.submodule.tile.transformation: tile size 2 must be greater than the stride value 2; tile index = jjj
expected=268911.015278
actual=268920.445960
diff=9.000000
diff=0
[00;31mERROR: orio.main.tuner.ptest_driver: failed to execute the test code: "timeout --kill-after=30s --signal=9 20m  ./__orio_perftest13.exe  "
 --> CalledProcessError: Command 'timeout --kill-after=30s --signal=9 20m  ./__orio_perftest13.exe  ' returned non-zero exit status 1[00m
[00;31mERROR: orio.main.tuner.ptest_driver:  performance testing failed: "timeout --kill-after=30s --signal=9 20m  ./__orio_perftest13.exe  "[00m
WARNING: orio.module.loop.submodule.tile.transformation: tile size 32 must be greater than the stride value 32; tile index = jjj
expected=268920.458623
actual=268920.445960
diff=0.000000
diff=1
expected=268920.498605
actual=268920.445960
diff=0.000000
diff=1
expected=268920.487278
actual=268920.445960
diff=0.000000
diff=1
expected=268920.555952
actual=268920.445960
diff=0.000000
diff=1
WARNING: orio.module.loop.submodule.tile.transformation: tile size 4 must be greater than the stride value 4; tile index = jjj
expected=268920.377486
actual=268920.445960
diff=0.000000
diff=1
WARNING: orio.module.loop.submodule.tile.transformation: tile size 256 must be greater than the stride value 256; tile index = ttt
expected=268920.662422
actual=268920.445960
diff=0.000000
diff=1
expected=268920.477033
actual=268920.445960
diff=0.000000
diff=1
WARNING: orio.module.loop.submodule.tile.transformation: tile size 512 must be greater than the stride value 512; tile index = iii
expected=268920.577016
actual=268920.445960
diff=0.000000
diff=1
expected=268920.102287
actual=268920.445960
diff=0.000000
diff=1
WARNING: orio.module.loop.submodule.tile.transformation: tile size 16 must be greater than the stride value 16; tile index = iii
expected=268923.139793
actual=268920.445960
diff=2.000000
diff=0
[00;31mERROR: orio.main.tuner.ptest_driver: failed to execute the test code: "timeout --kill-after=30s --signal=9 20m  ./__orio_perftest23.exe  "
 --> CalledProcessError: Command 'timeout --kill-after=30s --signal=9 20m  ./__orio_perftest23.exe  ' returned non-zero exit status 1[00m
[00;31mERROR: orio.main.tuner.ptest_driver:  performance testing failed: "timeout --kill-after=30s --signal=9 20m  ./__orio_perftest23.exe  "[00m
expected=268920.604136
actual=268920.445960
diff=0.000000
diff=1
expected=268921.554642
actual=268920.445960
diff=1.000000
diff=0
[00;31mERROR: orio.main.tuner.ptest_driver: failed to execute the test code: "timeout --kill-after=30s --signal=9 20m  ./__orio_perftest25.exe  "
 --> CalledProcessError: Command 'timeout --kill-after=30s --signal=9 20m  ./__orio_perftest25.exe  ' returned non-zero exit status 1[00m
[00;31mERROR: orio.main.tuner.ptest_driver:  performance testing failed: "timeout --kill-after=30s --signal=9 20m  ./__orio_perftest25.exe  "[00m
WARNING: orio.module.loop.submodule.tile.transformation: tile size 16 must be greater than the stride value 16; tile index = iii
expected=268920.475842
actual=268920.445960
diff=0.000000
diff=1
expected=268920.493757
actual=268920.445960
diff=0.000000
diff=1
expected=268920.471719
actual=268920.445960
diff=0.000000
diff=1
expected=268920.469878
actual=268920.445960
diff=0.000000
diff=1
WARNING: orio.module.loop.submodule.tile.transformation: tile size 512 must be greater than the stride value 512; tile index = iii
WARNING: orio.module.loop.submodule.tile.transformation: tile size 64 must be greater than the stride value 64; tile index = jjj
expected=268920.708542
actual=268920.445960
diff=0.000000
diff=1
Killed
[00;31mERROR: orio.main.tuner.ptest_driver:  failed to compile the testing code: "timeout --kill-after=30s --signal=9 20m gcc -O3 -fopenmp -DDYNAMIC  -DORIO_REPS=10 -o __orio_perftest31.exe __orio_perftest31.c timer_cpu.o -lm -lrt"[00m
[00;31mERROR: orio.main.tuner.ptest_driver:  the executable of the test code does not exist[00m
timeout: failed to run command ‘./__orio_perftest31.exe’: No such file or directory
[00;31mERROR: orio.main.tuner.ptest_driver: failed to execute the test code: "timeout --kill-after=30s --signal=9 20m  ./__orio_perftest31.exe  "
 --> CalledProcessError: Command 'timeout --kill-after=30s --signal=9 20m  ./__orio_perftest31.exe  ' returned non-zero exit status 127[00m
[00;31mERROR: orio.main.tuner.ptest_driver:  performance testing failed: "timeout --kill-after=30s --signal=9 20m  ./__orio_perftest31.exe  "[00m
expected=268920.457488
actual=268920.445960
diff=0.000000
diff=1
expected=268920.456017
actual=268920.445960
diff=0.000000
diff=1
WARNING: orio.module.loop.submodule.tile.transformation: tile size 512 must be greater than the stride value 512; tile index = iii
expected=268920.725397
actual=268920.445960
diff=0.000000
diff=1
expected=268920.302748
actual=268920.445960
diff=0.000000
diff=1
expected=268920.642343
actual=268920.445960
diff=0.000000
diff=1
WARNING: orio.module.loop.submodule.tile.transformation: tile size 2 must be greater than the stride value 2; tile index = jjj
expected=268920.446962
actual=268920.445960
diff=0.000000
diff=1
expected=268920.560868
actual=268920.445960
diff=0.000000
diff=1
WARNING: orio.module.loop.submodule.tile.transformation: tile size 2048 must be greater than the stride value 2048; tile index = ttt
expected=268920.482429
actual=268920.445960
diff=0.000000
diff=1
WARNING: orio.module.loop.submodule.tile.transformation: tile size 1024 must be greater than the stride value 1024; tile index = ttt
expected=268920.744620
actual=268920.445960
diff=0.000000
diff=1
WARNING: orio.module.loop.submodule.tile.transformation: tile size 8 must be greater than the stride value 8; tile index = ttt
WARNING: orio.module.loop.submodule.tile.transformation: tile size 2048 must be greater than the stride value 2048; tile index = iii
expected=268920.520454
actual=268920.445960
diff=0.000000
diff=1
expected=268920.522028
actual=268920.445960
diff=0.000000
diff=1
WARNING: orio.module.loop.submodule.tile.transformation: tile size 2048 must be greater than the stride value 2048; tile index = ttt
expected=268920.503275
actual=268920.445960
diff=0.000000
diff=1
expected=268920.466738
actual=268920.445960
diff=0.000000
diff=1
expected=268920.519859
actual=268920.445960
diff=0.000000
diff=1
WARNING: orio.module.loop.submodule.tile.transformation: tile size 2048 must be greater than the stride value 2048; tile index = jjj
expected=268920.397888
actual=268920.445960
diff=0.000000
diff=1
expected=268920.500225
actual=268920.445960
diff=0.000000
diff=1
WARNING: orio.module.loop.submodule.tile.transformation: tile size 512 must be greater than the stride value 512; tile index = jjj
expected=268920.790460
actual=268920.445960
diff=0.000000
diff=1
/usr/lib/python2.7/dist-packages/rpy2/rinterface/__init__.py:186: RRuntimeWarning: Error in lm.fit(x, y, offset = offset, singular.ok = singular.ok, ...) : 
  0 (non-NA) cases

  warnings.warn(x, RRuntimeWarning)
expected=268920.445960
actual=268920.445960
diff=0.000000
diff=1
WARNING: orio.module.loop.submodule.tile.transformation: tile size 2 must be greater than the stride value 2; tile index = jjj
expected=268920.533210
actual=268920.445960
diff=0.000000
diff=1
expected=268920.636561
actual=268920.445960
diff=0.000000
diff=1
expected=268920.631332
actual=268920.445960
diff=0.000000
diff=1
WARNING: orio.module.loop.submodule.tile.transformation: tile size 512 must be greater than the stride value 512; tile index = ttt
WARNING: orio.module.loop.submodule.tile.transformation: tile size 2 must be greater than the stride value 2; tile index = iii
expected=268920.552400
actual=268920.445960
diff=0.000000
diff=1
Killed
[00;31mERROR: orio.main.tuner.ptest_driver:  failed to compile the testing code: "timeout --kill-after=30s --signal=9 20m gcc -O3 -fopenmp -DDYNAMIC  -DORIO_REPS=10 -o __orio_perftest54.exe __orio_perftest54.c timer_cpu.o -lm -lrt"[00m
[00;31mERROR: orio.main.tuner.ptest_driver:  the executable of the test code does not exist[00m
timeout: failed to run command ‘./__orio_perftest54.exe’: No such file or directory
[00;31mERROR: orio.main.tuner.ptest_driver: failed to execute the test code: "timeout --kill-after=30s --signal=9 20m  ./__orio_perftest54.exe  "
 --> CalledProcessError: Command 'timeout --kill-after=30s --signal=9 20m  ./__orio_perftest54.exe  ' returned non-zero exit status 127[00m
[00;31mERROR: orio.main.tuner.ptest_driver:  performance testing failed: "timeout --kill-after=30s --signal=9 20m  ./__orio_perftest54.exe  "[00m
WARNING: orio.module.loop.submodule.tile.transformation: tile size 2048 must be greater than the stride value 2048; tile index = iii
expected=268920.430072
actual=268920.445960
diff=0.000000
diff=1
WARNING: orio.module.loop.submodule.tile.transformation: tile size 2048 must be greater than the stride value 2048; tile index = jjj
expected=268920.563090
actual=268920.445960
diff=0.000000
diff=1
expected=268920.473087
actual=268920.445960
diff=0.000000
diff=1
expected=268920.619599
actual=268920.445960
diff=0.000000
diff=1
expected=268920.605040
actual=268920.445960
diff=0.000000
diff=1
WARNING: orio.module.loop.submodule.tile.transformation: tile size 8 must be greater than the stride value 8; tile index = ttt
WARNING: orio.module.loop.submodule.tile.transformation: tile size 2048 must be greater than the stride value 2048; tile index = jjj
expected=268920.625470
actual=268920.445960
diff=0.000000
diff=1
expected=268920.445960
actual=268920.445960
diff=0.000000
diff=1
expected=268920.465959
actual=268920.445960
diff=0.000000
diff=1
WARNING: orio.module.loop.submodule.tile.transformation: tile size 1024 must be greater than the stride value 1024; tile index = ttt
WARNING: orio.module.loop.submodule.tile.transformation: tile size 128 must be greater than the stride value 128; tile index = iii
expected=268920.569302
actual=268920.445960
diff=0.000000
diff=1
WARNING: orio.module.loop.submodule.tile.transformation: tile size 256 must be greater than the stride value 256; tile index = ttt
expected=268920.445654
actual=268920.445960
diff=0.000000
diff=1
expected=268920.590370
actual=268920.445960
diff=0.000000
diff=1
expected=268920.500534
actual=268920.445960
diff=0.000000
diff=1
WARNING: orio.module.loop.submodule.tile.transformation: tile size 256 must be greater than the stride value 256; tile index = ttt
Killed
[00;31mERROR: orio.main.tuner.ptest_driver:  failed to compile the testing code: "timeout --kill-after=30s --signal=9 20m gcc -O3 -fopenmp -DDYNAMIC  -DORIO_REPS=10 -o __orio_perftest67.exe __orio_perftest67.c timer_cpu.o -lm -lrt"[00m
[00;31mERROR: orio.main.tuner.ptest_driver:  the executable of the test code does not exist[00m
timeout: failed to run command ‘./__orio_perftest67.exe’: No such file or directory
[00;31mERROR: orio.main.tuner.ptest_driver: failed to execute the test code: "timeout --kill-after=30s --signal=9 20m  ./__orio_perftest67.exe  "
 --> CalledProcessError: Command 'timeout --kill-after=30s --signal=9 20m  ./__orio_perftest67.exe  ' returned non-zero exit status 127[00m
[00;31mERROR: orio.main.tuner.ptest_driver:  performance testing failed: "timeout --kill-after=30s --signal=9 20m  ./__orio_perftest67.exe  "[00m
expected=268920.460490
actual=268920.445960
diff=0.000000
diff=1
WARNING: orio.module.loop.submodule.tile.transformation: tile size 16 must be greater than the stride value 16; tile index = iii
expected=268920.456959
actual=268920.445960
diff=0.000000
diff=1
expected=268920.466738
actual=268920.445960
diff=0.000000
diff=1
WARNING: orio.module.loop.submodule.tile.transformation: tile size 1024 must be greater than the stride value 1024; tile index = ttt
expected=268920.675380
actual=268920.445960
diff=0.000000
diff=1
Killed
[00;31mERROR: orio.main.tuner.ptest_driver:  failed to compile the testing code: "timeout --kill-after=30s --signal=9 20m gcc -O3 -fopenmp -DDYNAMIC  -DORIO_REPS=10 -o __orio_perftest72.exe __orio_perftest72.c timer_cpu.o -lm -lrt"[00m
[00;31mERROR: orio.main.tuner.ptest_driver:  the executable of the test code does not exist[00m
timeout: failed to run command ‘./__orio_perftest72.exe’: No such file or directory
[00;31mERROR: orio.main.tuner.ptest_driver: failed to execute the test code: "timeout --kill-after=30s --signal=9 20m  ./__orio_perftest72.exe  "
 --> CalledProcessError: Command 'timeout --kill-after=30s --signal=9 20m  ./__orio_perftest72.exe  ' returned non-zero exit status 127[00m
[00;31mERROR: orio.main.tuner.ptest_driver:  performance testing failed: "timeout --kill-after=30s --signal=9 20m  ./__orio_perftest72.exe  "[00m
expected=268920.472157
actual=268920.445960
diff=0.000000
diff=1
WARNING: orio.module.loop.submodule.tile.transformation: tile size 8 must be greater than the stride value 8; tile index = iii
expected=268920.565228
actual=268920.445960
diff=0.000000
diff=1
expected=268920.481739
actual=268920.445960
diff=0.000000
diff=1
expected=268920.265050
actual=268920.445960
diff=0.000000
diff=1
expected=268920.649840
actual=268920.445960
diff=0.000000
diff=1
Killed
[00;31mERROR: orio.main.tuner.ptest_driver:  failed to compile the testing code: "timeout --kill-after=30s --signal=9 20m gcc -O3 -fopenmp -DDYNAMIC  -DORIO_REPS=10 -o __orio_perftest78.exe __orio_perftest78.c timer_cpu.o -lm -lrt"[00m
[00;31mERROR: orio.main.tuner.ptest_driver:  the executable of the test code does not exist[00m
timeout: failed to run command ‘./__orio_perftest78.exe’: No such file or directory
[00;31mERROR: orio.main.tuner.ptest_driver: failed to execute the test code: "timeout --kill-after=30s --signal=9 20m  ./__orio_perftest78.exe  "
 --> CalledProcessError: Command 'timeout --kill-after=30s --signal=9 20m  ./__orio_perftest78.exe  ' returned non-zero exit status 127[00m
[00;31mERROR: orio.main.tuner.ptest_driver:  performance testing failed: "timeout --kill-after=30s --signal=9 20m  ./__orio_perftest78.exe  "[00m
WARNING: orio.module.loop.submodule.tile.transformation: tile size 2048 must be greater than the stride value 2048; tile index = jjj
expected=268920.460413
actual=268920.445960
diff=0.000000
diff=1
expected=268920.518106
actual=268920.445960
diff=0.000000
diff=1
expected=268920.269412
actual=268920.445960
diff=0.000000
diff=1
Killed
[00;31mERROR: orio.main.tuner.ptest_driver:  failed to compile the testing code: "timeout --kill-after=30s --signal=9 20m gcc -O3 -fopenmp -DDYNAMIC  -DORIO_REPS=10 -o __orio_perftest82.exe __orio_perftest82.c timer_cpu.o -lm -lrt"[00m
[00;31mERROR: orio.main.tuner.ptest_driver:  the executable of the test code does not exist[00m
timeout: failed to run command ‘./__orio_perftest82.exe’: No such file or directory
[00;31mERROR: orio.main.tuner.ptest_driver: failed to execute the test code: "timeout --kill-after=30s --signal=9 20m  ./__orio_perftest82.exe  "
 --> CalledProcessError: Command 'timeout --kill-after=30s --signal=9 20m  ./__orio_perftest82.exe  ' returned non-zero exit status 127[00m
[00;31mERROR: orio.main.tuner.ptest_driver:  performance testing failed: "timeout --kill-after=30s --signal=9 20m  ./__orio_perftest82.exe  "[00m
expected=268920.445960
actual=268920.445960
diff=0.000000
diff=1
expected=268920.692607
actual=268920.445960
diff=0.000000
diff=1
WARNING: orio.module.loop.submodule.tile.transformation: tile size 2048 must be greater than the stride value 2048; tile index = ttt
expected=268920.584213
actual=268920.445960
diff=0.000000
diff=1
expected=268920.583396
actual=268920.445960
diff=0.000000
diff=1
expected=268920.446312
actual=268920.445960
diff=0.000000
diff=1
WARNING: orio.module.loop.submodule.tile.transformation: tile size 16 must be greater than the stride value 16; tile index = ttt
expected=268920.537988
actual=268920.445960
diff=0.000000
diff=1
expected=268920.520593
actual=268920.445960
diff=0.000000
diff=1
expected=268920.491410
actual=268920.445960
diff=0.000000
diff=1
WARNING: orio.module.loop.submodule.tile.transformation: tile size 256 must be greater than the stride value 256; tile index = ttt
expected=268920.491410
actual=268920.445960
diff=0.000000
diff=1
expected=268920.597234
actual=268920.445960
diff=0.000000
diff=1
expected=268920.530142
actual=268920.445960
diff=0.000000
diff=1
expected=268921.111475
actual=268920.445960
diff=0.000000
diff=1
WARNING: orio.module.loop.submodule.tile.transformation: tile size 256 must be greater than the stride value 256; tile index = iii
expected=268920.542796
actual=268920.445960
diff=0.000000
diff=1
WARNING: orio.module.loop.submodule.tile.transformation: tile size 16 must be greater than the stride value 16; tile index = iii
expected=268920.446046
actual=268920.445960
diff=0.000000
diff=1
expected=268920.621791
actual=268920.445960
diff=0.000000
diff=1
expected=268919.631330
actual=268920.445960
diff=0.000000
diff=1
expected=268919.912329
actual=268920.445960
diff=0.000000
diff=1
expected=268921.973388
actual=268920.445960
diff=1.000000
diff=0
[00;31mERROR: orio.main.tuner.ptest_driver: failed to execute the test code: "timeout --kill-after=30s --signal=9 20m  ./__orio_perftest100.exe  "
 --> CalledProcessError: Command 'timeout --kill-after=30s --signal=9 20m  ./__orio_perftest100.exe  ' returned non-zero exit status 1[00m
[00;31mERROR: orio.main.tuner.ptest_driver:  performance testing failed: "timeout --kill-after=30s --signal=9 20m  ./__orio_perftest100.exe  "[00m
WARNING: orio.module.loop.submodule.tile.transformation: tile size 64 must be greater than the stride value 64; tile index = jjj
expected=268920.663850
actual=268920.445960
diff=0.000000
diff=1
WARNING: orio.module.loop.submodule.tile.transformation: tile size 32 must be greater than the stride value 32; tile index = iii
WARNING: orio.module.loop.submodule.tile.transformation: tile size 64 must be greater than the stride value 64; tile index = jjj
expected=268920.550858
actual=268920.445960
diff=0.000000
diff=1
expected=268917.284689
actual=268920.445960
diff=3.000000
diff=0
[00;31mERROR: orio.main.tuner.ptest_driver: failed to execute the test code: "timeout --kill-after=30s --signal=9 20m  ./__orio_perftest103.exe  "
 --> CalledProcessError: Command 'timeout --kill-after=30s --signal=9 20m  ./__orio_perftest103.exe  ' returned non-zero exit status 1[00m
[00;31mERROR: orio.main.tuner.ptest_driver:  performance testing failed: "timeout --kill-after=30s --signal=9 20m  ./__orio_perftest103.exe  "[00m
WARNING: orio.module.loop.submodule.tile.transformation: tile size 16 must be greater than the stride value 16; tile index = iii
expected=268921.033404
actual=268920.445960
diff=0.000000
diff=1
expected=268920.996566
actual=268920.445960
diff=0.000000
diff=1
expected=268920.733534
actual=268920.445960
diff=0.000000
diff=1
expected=268920.350202
actual=268920.445960
diff=0.000000
diff=1
WARNING: orio.module.loop.submodule.tile.transformation: tile size 2048 must be greater than the stride value 2048; tile index = iii
expected=268920.542659
actual=268920.445960
diff=0.000000
diff=1
WARNING: orio.module.loop.submodule.tile.transformation: tile size 256 must be greater than the stride value 256; tile index = iii
expected=268920.324044
actual=268920.445960
diff=0.000000
diff=1
expected=268922.761571
actual=268920.445960
diff=2.000000
diff=0
[00;31mERROR: orio.main.tuner.ptest_driver: failed to execute the test code: "timeout --kill-after=30s --signal=9 20m  ./__orio_perftest110.exe  "
 --> CalledProcessError: Command 'timeout --kill-after=30s --signal=9 20m  ./__orio_perftest110.exe  ' returned non-zero exit status 1[00m
[00;31mERROR: orio.main.tuner.ptest_driver:  performance testing failed: "timeout --kill-after=30s --signal=9 20m  ./__orio_perftest110.exe  "[00m
expected=268920.843859
actual=268920.445960
diff=0.000000
diff=1
expected=268920.379578
actual=268920.445960
diff=0.000000
diff=1
expected=268920.549853
actual=268920.445960
diff=0.000000
diff=1
expected=268920.450760
actual=268920.445960
diff=0.000000
diff=1
expected=268921.038732
actual=268920.445960
diff=0.000000
diff=1
expected=268920.371852
actual=268920.445960
diff=0.000000
diff=1
expected=268920.799483
actual=268920.445960
diff=0.000000
diff=1
expected=268920.273034
actual=268920.445960
diff=0.000000
diff=1
expected=268920.650938
actual=268920.445960
diff=0.000000
diff=1
WARNING: orio.module.loop.submodule.tile.transformation: tile size 256 must be greater than the stride value 256; tile index = iii
expected=268920.900163
actual=268920.445960
diff=0.000000
diff=1
WARNING: orio.module.loop.submodule.tile.transformation: tile size 2048 must be greater than the stride value 2048; tile index = iii
expected=268920.503892
actual=268920.445960
diff=0.000000
diff=1
WARNING: orio.module.loop.submodule.tile.transformation: tile size 4 must be greater than the stride value 4; tile index = jjj
expected=268920.129333
actual=268920.445960
diff=0.000000
diff=1
expected=268920.913898
actual=268920.445960
diff=0.000000
diff=1
WARNING: orio.module.loop.submodule.tile.transformation: tile size 2 must be greater than the stride value 2; tile index = jjj
expected=268920.586625
actual=268920.445960
diff=0.000000
diff=1
WARNING: orio.module.loop.submodule.tile.transformation: tile size 2048 must be greater than the stride value 2048; tile index = jjj
expected=268920.703703
actual=268920.445960
diff=0.000000
diff=1
expected=268920.490501
actual=268920.445960
diff=0.000000
diff=1
expected=268920.691593
actual=268920.445960
diff=0.000000
diff=1
expected=268920.604481
actual=268920.445960
diff=0.000000
diff=1
expected=268920.580312
actual=268920.445960
diff=0.000000
diff=1
expected=268920.363380
actual=268920.445960
diff=0.000000
diff=1
expected=268920.570341
actual=268920.445960
diff=0.000000
diff=1
expected=268920.595118
actual=268920.445960
diff=0.000000
diff=1
WARNING: orio.module.loop.submodule.tile.transformation: tile size 2048 must be greater than the stride value 2048; tile index = jjj
expected=268923.279997
actual=268920.445960
diff=2.000000
diff=0
[00;31mERROR: orio.main.tuner.ptest_driver: failed to execute the test code: "timeout --kill-after=30s --signal=9 20m  ./__orio_perftest133.exe  "
 --> CalledProcessError: Command 'timeout --kill-after=30s --signal=9 20m  ./__orio_perftest133.exe  ' returned non-zero exit status 1[00m
[00;31mERROR: orio.main.tuner.ptest_driver:  performance testing failed: "timeout --kill-after=30s --signal=9 20m  ./__orio_perftest133.exe  "[00m
expected=268920.802337
actual=268920.445960
diff=0.000000
diff=1
WARNING: orio.module.loop.submodule.tile.transformation: tile size 64 must be greater than the stride value 64; tile index = jjj
expected=268919.683994
actual=268920.445960
diff=0.000000
diff=1
WARNING: orio.module.loop.submodule.tile.transformation: tile size 2048 must be greater than the stride value 2048; tile index = iii
expected=268921.950189
actual=268920.445960
diff=1.000000
diff=0
[00;31mERROR: orio.main.tuner.ptest_driver: failed to execute the test code: "timeout --kill-after=30s --signal=9 20m  ./__orio_perftest136.exe  "
 --> CalledProcessError: Command 'timeout --kill-after=30s --signal=9 20m  ./__orio_perftest136.exe  ' returned non-zero exit status 1[00m
[00;31mERROR: orio.main.tuner.ptest_driver:  performance testing failed: "timeout --kill-after=30s --signal=9 20m  ./__orio_perftest136.exe  "[00m
expected=268922.549997
actual=268920.445960
diff=2.000000
diff=0
[00;31mERROR: orio.main.tuner.ptest_driver: failed to execute the test code: "timeout --kill-after=30s --signal=9 20m  ./__orio_perftest137.exe  "
 --> CalledProcessError: Command 'timeout --kill-after=30s --signal=9 20m  ./__orio_perftest137.exe  ' returned non-zero exit status 1[00m
[00;31mERROR: orio.main.tuner.ptest_driver:  performance testing failed: "timeout --kill-after=30s --signal=9 20m  ./__orio_perftest137.exe  "[00m
expected=268920.197507
actual=268920.445960
diff=0.000000
diff=1
expected=268921.188536
actual=268920.445960
diff=0.000000
diff=1
WARNING: orio.module.loop.submodule.tile.transformation: tile size 8 must be greater than the stride value 8; tile index = iii
expected=268920.451298
actual=268920.445960
diff=0.000000
diff=1
expected=268920.802125
actual=268920.445960
diff=0.000000
diff=1
expected=268920.440386
actual=268920.445960
diff=0.000000
diff=1
WARNING: orio.module.loop.submodule.tile.transformation: tile size 256 must be greater than the stride value 256; tile index = iii
expected=268920.507584
actual=268920.445960
diff=0.000000
diff=1
expected=268920.131416
actual=268920.445960
diff=0.000000
diff=1
WARNING: orio.module.loop.submodule.tile.transformation: tile size 256 must be greater than the stride value 256; tile index = iii
expected=268920.248231
actual=268920.445960
diff=0.000000
diff=1
WARNING: orio.module.loop.submodule.tile.transformation: tile size 2 must be greater than the stride value 2; tile index = iii
expected=268921.035600
actual=268920.445960
diff=0.000000
diff=1
expected=268920.582016
actual=268920.445960
diff=0.000000
diff=1
expected=268920.624698
actual=268920.445960
diff=0.000000
diff=1
WARNING: orio.module.loop.submodule.tile.transformation: tile size 8 must be greater than the stride value 8; tile index = iii
expected=268921.059136
actual=268920.445960
diff=0.000000
diff=1
expected=268920.535654
actual=268920.445960
diff=0.000000
diff=1
WARNING: orio.module.loop.submodule.tile.transformation: tile size 512 must be greater than the stride value 512; tile index = iii
expected=268920.200625
actual=268920.445960
diff=0.000000
diff=1
expected=268916.682781
actual=268920.445960
diff=3.000000
diff=0
[00;31mERROR: orio.main.tuner.ptest_driver: failed to execute the test code: "timeout --kill-after=30s --signal=9 20m  ./__orio_perftest152.exe  "
 --> CalledProcessError: Command 'timeout --kill-after=30s --signal=9 20m  ./__orio_perftest152.exe  ' returned non-zero exit status 1[00m
[00;31mERROR: orio.main.tuner.ptest_driver:  performance testing failed: "timeout --kill-after=30s --signal=9 20m  ./__orio_perftest152.exe  "[00m
WARNING: orio.module.loop.submodule.tile.transformation: tile size 2048 must be greater than the stride value 2048; tile index = jjj
expected=268920.625032
actual=268920.445960
diff=0.000000
diff=1
WARNING: orio.module.loop.submodule.tile.transformation: tile size 2048 must be greater than the stride value 2048; tile index = jjj
expected=268920.913090
actual=268920.445960
diff=0.000000
diff=1
expected=268920.997170
actual=268920.445960
diff=0.000000
diff=1
WARNING: orio.module.loop.submodule.tile.transformation: tile size 128 must be greater than the stride value 128; tile index = jjj
expected=268920.753808
actual=268920.445960
diff=0.000000
diff=1
WARNING: orio.module.loop.submodule.tile.transformation: tile size 2048 must be greater than the stride value 2048; tile index = iii
expected=268920.124203
actual=268920.445960
diff=0.000000
diff=1
expected=268920.920850
actual=268920.445960
diff=0.000000
diff=1
expected=268919.781644
actual=268920.445960
diff=0.000000
diff=1
expected=268920.825716
actual=268920.445960
diff=0.000000
diff=1
expected=268920.925628
actual=268920.445960
diff=0.000000
diff=1
expected=268920.551923
actual=268920.445960
diff=0.000000
diff=1
expected=268921.127778
actual=268920.445960
diff=0.000000
diff=1
expected=268920.975860
actual=268920.445960
diff=0.000000
diff=1
expected=268921.577936
actual=268920.445960
diff=1.000000
diff=0
[00;31mERROR: orio.main.tuner.ptest_driver: failed to execute the test code: "timeout --kill-after=30s --signal=9 20m  ./__orio_perftest165.exe  "
 --> CalledProcessError: Command 'timeout --kill-after=30s --signal=9 20m  ./__orio_perftest165.exe  ' returned non-zero exit status 1[00m
[00;31mERROR: orio.main.tuner.ptest_driver:  performance testing failed: "timeout --kill-after=30s --signal=9 20m  ./__orio_perftest165.exe  "[00m
expected=268920.555730
actual=268920.445960
diff=0.000000
diff=1
WARNING: orio.module.loop.submodule.tile.transformation: tile size 2048 must be greater than the stride value 2048; tile index = jjj
