
expected=268920.578180
actual=268920.445960
diff=0.000000
diff=1
expected=268921.942938
actual=268920.445960
diff=1.000000
diff=0
[00;31mERROR: orio.main.tuner.ptest_driver: failed to execute the test code: "timeout --kill-after=30s --signal=9 20m  ./__orio_perftest2.exe  "
 --> CalledProcessError: Command 'timeout --kill-after=30s --signal=9 20m  ./__orio_perftest2.exe  ' returned non-zero exit status 1[00m
[00;31mERROR: orio.main.tuner.ptest_driver:  performance testing failed: "timeout --kill-after=30s --signal=9 20m  ./__orio_perftest2.exe  "[00m
WARNING: orio.module.loop.submodule.tile.transformation: tile size 2 must be greater than the stride value 2; tile index = iii
expected=268920.651391
actual=268920.445960
diff=0.000000
diff=1
WARNING: orio.module.loop.submodule.tile.transformation: tile size 2048 must be greater than the stride value 2048; tile index = ttt
WARNING: orio.module.loop.submodule.tile.transformation: tile size 4 must be greater than the stride value 4; tile index = jjj
expected=268920.445960
actual=268920.445960
diff=0.000000
diff=1
expected=268920.689959
actual=268920.445960
diff=0.000000
diff=1
WARNING: orio.module.loop.submodule.tile.transformation: tile size 32 must be greater than the stride value 32; tile index = iii
expected=268920.491410
actual=268920.445960
diff=0.000000
diff=1
WARNING: orio.module.loop.submodule.tile.transformation: tile size 1024 must be greater than the stride value 1024; tile index = ttt
expected=268920.491410
actual=268920.445960
diff=0.000000
diff=1
WARNING: orio.module.loop.submodule.tile.transformation: tile size 256 must be greater than the stride value 256; tile index = iii
expected=268920.746033
actual=268920.445960
diff=0.000000
diff=1
expected=268920.199489
actual=268920.445960
diff=0.000000
diff=1
expected=268920.450772
actual=268920.445960
diff=0.000000
diff=1
expected=268920.405355
actual=268920.445960
diff=0.000000
diff=1
WARNING: orio.module.loop.submodule.tile.transformation: tile size 64 must be greater than the stride value 64; tile index = iii
expected=268920.514770
actual=268920.445960
diff=0.000000
diff=1
WARNING: orio.module.loop.submodule.tile.transformation: tile size 2048 must be greater than the stride value 2048; tile index = jjj
expected=268920.569152
actual=268920.445960
diff=0.000000
diff=1
expected=268920.161376
actual=268920.445960
diff=0.000000
diff=1
expected=268920.466780
actual=268920.445960
diff=0.000000
diff=1
WARNING: orio.module.loop.submodule.tile.transformation: tile size 4 must be greater than the stride value 4; tile index = jjj
expected=268920.364246
actual=268920.445960
diff=0.000000
diff=1
expected=268920.656520
actual=268920.445960
diff=0.000000
diff=1
expected=268920.628206
actual=268920.445960
diff=0.000000
diff=1
expected=268920.477047
actual=268920.445960
diff=0.000000
diff=1
expected=268920.642335
actual=268920.445960
diff=0.000000
diff=1
expected=268907.215222
actual=268920.445960
diff=13.000000
diff=0
[00;31mERROR: orio.main.tuner.ptest_driver: failed to execute the test code: "timeout --kill-after=30s --signal=9 20m  ./__orio_perftest21.exe  "
 --> CalledProcessError: Command 'timeout --kill-after=30s --signal=9 20m  ./__orio_perftest21.exe  ' returned non-zero exit status 1[00m
[00;31mERROR: orio.main.tuner.ptest_driver:  performance testing failed: "timeout --kill-after=30s --signal=9 20m  ./__orio_perftest21.exe  "[00m
WARNING: orio.module.loop.submodule.tile.transformation: tile size 1024 must be greater than the stride value 1024; tile index = jjj
expected=268920.536915
actual=268920.445960
diff=0.000000
diff=1
expected=268920.491410
actual=268920.445960
diff=0.000000
diff=1
expected=268920.590370
actual=268920.445960
diff=0.000000
diff=1
WARNING: orio.module.loop.submodule.tile.transformation: tile size 2048 must be greater than the stride value 2048; tile index = jjj
expected=268920.616774
actual=268920.445960
diff=0.000000
diff=1
WARNING: orio.module.loop.submodule.tile.transformation: tile size 2048 must be greater than the stride value 2048; tile index = iii
expected=268920.446045
actual=268920.445960
diff=0.000000
diff=1
WARNING: orio.module.loop.submodule.tile.transformation: tile size 32 must be greater than the stride value 32; tile index = jjj
expected=268920.468424
actual=268920.445960
diff=0.000000
diff=1
WARNING: orio.module.loop.submodule.tile.transformation: tile size 1024 must be greater than the stride value 1024; tile index = jjj
expected=268920.472303
actual=268920.445960
diff=0.000000
diff=1
WARNING: orio.module.loop.submodule.tile.transformation: tile size 2048 must be greater than the stride value 2048; tile index = iii
expected=268920.626677
actual=268920.445960
diff=0.000000
diff=1
expected=268920.912042
actual=268920.445960
diff=0.000000
diff=1
expected=268920.646789
actual=268920.445960
diff=0.000000
diff=1
WARNING: orio.module.loop.submodule.tile.transformation: tile size 256 must be greater than the stride value 256; tile index = ttt
expected=268920.445960
actual=268920.445960
diff=0.000000
diff=1
expected=268920.196181
actual=268920.445960
diff=0.000000
diff=1
expected=268920.656397
actual=268920.445960
diff=0.000000
diff=1
expected=268920.522325
actual=268920.445960
diff=0.000000
diff=1
expected=268920.477095
actual=268920.445960
diff=0.000000
diff=1
WARNING: orio.module.loop.submodule.tile.transformation: tile size 128 must be greater than the stride value 128; tile index = jjj
expected=268920.385563
actual=268920.445960
diff=0.000000
diff=1
WARNING: orio.module.loop.submodule.tile.transformation: tile size 8 must be greater than the stride value 8; tile index = jjj
expected=268920.496836
actual=268920.445960
diff=0.000000
diff=1
Killed
[00;31mERROR: orio.main.tuner.ptest_driver:  failed to compile the testing code: "timeout --kill-after=30s --signal=9 20m gcc -O3 -fopenmp -DDYNAMIC  -DORIO_REPS=10 -o __orio_perftest39.exe __orio_perftest39.c timer_cpu.o -lm -lrt"[00m
[00;31mERROR: orio.main.tuner.ptest_driver:  the executable of the test code does not exist[00m
timeout: failed to run command ‘./__orio_perftest39.exe’: No such file or directory
[00;31mERROR: orio.main.tuner.ptest_driver: failed to execute the test code: "timeout --kill-after=30s --signal=9 20m  ./__orio_perftest39.exe  "
 --> CalledProcessError: Command 'timeout --kill-after=30s --signal=9 20m  ./__orio_perftest39.exe  ' returned non-zero exit status 127[00m
[00;31mERROR: orio.main.tuner.ptest_driver:  performance testing failed: "timeout --kill-after=30s --signal=9 20m  ./__orio_perftest39.exe  "[00m
expected=268920.594635
actual=268920.445960
diff=0.000000
diff=1
expected=268920.560993
actual=268920.445960
diff=0.000000
diff=1
WARNING: orio.module.loop.submodule.tile.transformation: tile size 2048 must be greater than the stride value 2048; tile index = jjj
expected=268920.460354
actual=268920.445960
diff=0.000000
diff=1
expected=268920.456868
actual=268920.445960
diff=0.000000
diff=1
WARNING: orio.module.loop.submodule.tile.transformation: tile size 512 must be greater than the stride value 512; tile index = iii
expected=268920.538590
actual=268920.445960
diff=0.000000
diff=1
expected=268920.589026
actual=268920.445960
diff=0.000000
diff=1
expected=268920.536513
actual=268920.445960
diff=0.000000
diff=1
WARNING: orio.module.loop.submodule.tile.transformation: tile size 1024 must be greater than the stride value 1024; tile index = iii
expected=268920.460413
actual=268920.445960
diff=0.000000
diff=1
WARNING: orio.module.loop.submodule.tile.transformation: tile size 8 must be greater than the stride value 8; tile index = iii
expected=268920.478390
actual=268920.445960
diff=0.000000
diff=1
expected=268920.445960
actual=268920.445960
diff=0.000000
diff=1
WARNING: orio.module.loop.submodule.tile.transformation: tile size 4 must be greater than the stride value 4; tile index = iii
expected=268919.480343
actual=268920.445960
diff=0.000000
diff=1
WARNING: orio.module.loop.submodule.tile.transformation: tile size 2048 must be greater than the stride value 2048; tile index = iii
expected=268921.475630
actual=268920.445960
diff=1.000000
diff=0
[00;31mERROR: orio.main.tuner.ptest_driver: failed to execute the test code: "timeout --kill-after=30s --signal=9 20m  ./__orio_perftest51.exe  "
 --> CalledProcessError: Command 'timeout --kill-after=30s --signal=9 20m  ./__orio_perftest51.exe  ' returned non-zero exit status 1[00m
[00;31mERROR: orio.main.tuner.ptest_driver:  performance testing failed: "timeout --kill-after=30s --signal=9 20m  ./__orio_perftest51.exe  "[00m
expected=268919.755179
actual=268920.445960
diff=0.000000
diff=1
expected=268920.555462
actual=268920.445960
diff=0.000000
diff=1
WARNING: orio.module.loop.submodule.tile.transformation: tile size 8 must be greater than the stride value 8; tile index = iii
expected=268920.293891
actual=268920.445960
diff=0.000000
diff=1
WARNING: orio.module.loop.submodule.tile.transformation: tile size 32 must be greater than the stride value 32; tile index = iii
expected=268919.359242
actual=268920.445960
diff=1.000000
diff=0
[00;31mERROR: orio.main.tuner.ptest_driver: failed to execute the test code: "timeout --kill-after=30s --signal=9 20m  ./__orio_perftest55.exe  "
 --> CalledProcessError: Command 'timeout --kill-after=30s --signal=9 20m  ./__orio_perftest55.exe  ' returned non-zero exit status 1[00m
[00;31mERROR: orio.main.tuner.ptest_driver:  performance testing failed: "timeout --kill-after=30s --signal=9 20m  ./__orio_perftest55.exe  "[00m
WARNING: orio.module.loop.submodule.tile.transformation: tile size 256 must be greater than the stride value 256; tile index = iii
expected=268929.464650
actual=268920.445960
diff=9.000000
diff=0
[00;31mERROR: orio.main.tuner.ptest_driver: failed to execute the test code: "timeout --kill-after=30s --signal=9 20m  ./__orio_perftest56.exe  "
 --> CalledProcessError: Command 'timeout --kill-after=30s --signal=9 20m  ./__orio_perftest56.exe  ' returned non-zero exit status 1[00m
[00;31mERROR: orio.main.tuner.ptest_driver:  performance testing failed: "timeout --kill-after=30s --signal=9 20m  ./__orio_perftest56.exe  "[00m
expected=268920.312148
actual=268920.445960
diff=0.000000
diff=1
expected=268920.645491
actual=268920.445960
diff=0.000000
diff=1
expected=268920.410883
actual=268920.445960
diff=0.000000
diff=1
WARNING: orio.module.loop.submodule.tile.transformation: tile size 2048 must be greater than the stride value 2048; tile index = iii
WARNING: orio.module.loop.submodule.tile.transformation: tile size 4 must be greater than the stride value 4; tile index = jjj
expected=268920.146117
actual=268920.445960
diff=0.000000
diff=1
expected=268919.132351
actual=268920.445960
diff=1.000000
diff=0
[00;31mERROR: orio.main.tuner.ptest_driver: failed to execute the test code: "timeout --kill-after=30s --signal=9 20m  ./__orio_perftest61.exe  "
 --> CalledProcessError: Command 'timeout --kill-after=30s --signal=9 20m  ./__orio_perftest61.exe  ' returned non-zero exit status 1[00m
[00;31mERROR: orio.main.tuner.ptest_driver:  performance testing failed: "timeout --kill-after=30s --signal=9 20m  ./__orio_perftest61.exe  "[00m
expected=268920.353543
actual=268920.445960
diff=0.000000
diff=1
expected=268920.423220
actual=268920.445960
diff=0.000000
diff=1
expected=268920.495074
actual=268920.445960
diff=0.000000
diff=1
expected=268920.210198
actual=268920.445960
diff=0.000000
diff=1
WARNING: orio.module.loop.submodule.tile.transformation: tile size 256 must be greater than the stride value 256; tile index = jjj
expected=268920.437131
actual=268920.445960
diff=0.000000
diff=1
expected=268920.204064
actual=268920.445960
diff=0.000000
diff=1
expected=268920.369828
actual=268920.445960
diff=0.000000
diff=1
WARNING: orio.module.loop.submodule.tile.transformation: tile size 2048 must be greater than the stride value 2048; tile index = jjj
expected=268920.207939
actual=268920.445960
diff=0.000000
diff=1
expected=268920.465025
actual=268920.445960
diff=0.000000
diff=1
expected=268919.479359
actual=268920.445960
diff=0.000000
diff=1
expected=268920.920874
actual=268920.445960
diff=0.000000
diff=1
expected=268919.806436
actual=268920.445960
diff=0.000000
diff=1
expected=268920.483165
actual=268920.445960
diff=0.000000
diff=1
expected=268920.187549
actual=268920.445960
diff=0.000000
diff=1
expected=268920.317672
actual=268920.445960
diff=0.000000
diff=1
expected=268920.486943
actual=268920.445960
diff=0.000000
diff=1
expected=268920.178648
actual=268920.445960
diff=0.000000
diff=1
expected=268920.618760
actual=268920.445960
diff=0.000000
diff=1
expected=268920.337741
actual=268920.445960
diff=0.000000
diff=1
expected=268920.662423
actual=268920.445960
diff=0.000000
diff=1
WARNING: orio.module.loop.submodule.tile.transformation: tile size 512 must be greater than the stride value 512; tile index = iii
expected=268920.247527
actual=268920.445960
diff=0.000000
diff=1
expected=268920.427665
actual=268920.445960
diff=0.000000
diff=1
expected=268920.983042
actual=268920.445960
diff=0.000000
diff=1
expected=268920.275363
actual=268920.445960
diff=0.000000
diff=1
expected=268921.181326
actual=268920.445960
diff=0.000000
diff=1
expected=268920.546617
actual=268920.445960
diff=0.000000
diff=1
expected=268920.474997
actual=268920.445960
diff=0.000000
diff=1
expected=268920.370700
actual=268920.445960
diff=0.000000
diff=1
WARNING: orio.module.loop.submodule.tile.transformation: tile size 2048 must be greater than the stride value 2048; tile index = iii
expected=268920.245777
actual=268920.445960
diff=0.000000
diff=1
expected=268920.485917
actual=268920.445960
diff=0.000000
diff=1
WARNING: orio.module.loop.submodule.tile.transformation: tile size 64 must be greater than the stride value 64; tile index = jjj
expected=268919.715556
actual=268920.445960
diff=0.000000
diff=1
expected=268920.467657
actual=268920.445960
diff=0.000000
diff=1
expected=268920.114347
actual=268920.445960
diff=0.000000
diff=1
expected=268920.569602
actual=268920.445960
diff=0.000000
diff=1
WARNING: orio.module.loop.submodule.tile.transformation: tile size 128 must be greater than the stride value 128; tile index = iii
expected=268920.071644
actual=268920.445960
diff=0.000000
diff=1
WARNING: orio.module.loop.submodule.tile.transformation: tile size 256 must be greater than the stride value 256; tile index = iii
expected=268920.283280
actual=268920.445960
diff=0.000000
diff=1
expected=268919.866509
actual=268920.445960
diff=0.000000
diff=1
expected=268920.410269
actual=268920.445960
diff=0.000000
diff=1
WARNING: orio.module.loop.submodule.tile.transformation: tile size 8 must be greater than the stride value 8; tile index = jjj
expected=268920.458829
actual=268920.445960
diff=0.000000
diff=1
expected=268921.363126
actual=268920.445960
diff=0.000000
diff=1
expected=268920.504970
actual=268920.445960
diff=0.000000
diff=1
expected=268920.238523
actual=268920.445960
diff=0.000000
diff=1
expected=268920.893367
actual=268920.445960
diff=0.000000
diff=1
WARNING: orio.module.loop.submodule.tile.transformation: tile size 2048 must be greater than the stride value 2048; tile index = jjj
expected=268920.357419
actual=268920.445960
diff=0.000000
diff=1
expected=268920.174918
actual=268920.445960
diff=0.000000
diff=1
WARNING: orio.module.loop.submodule.tile.transformation: tile size 256 must be greater than the stride value 256; tile index = jjj
expected=268920.029065
actual=268920.445960
diff=0.000000
diff=1
expected=268920.417471
actual=268920.445960
diff=0.000000
diff=1
expected=268919.774330
actual=268920.445960
diff=0.000000
diff=1
expected=268920.450077
actual=268920.445960
diff=0.000000
diff=1
expected=268920.359139
actual=268920.445960
diff=0.000000
diff=1
expected=268920.526476
actual=268920.445960
diff=0.000000
diff=1
WARNING: orio.module.loop.submodule.tile.transformation: tile size 2 must be greater than the stride value 2; tile index = iii
expected=268920.448328
actual=268920.445960
diff=0.000000
diff=1
WARNING: orio.module.loop.submodule.tile.transformation: tile size 256 must be greater than the stride value 256; tile index = iii
expected=268920.523149
actual=268920.445960
diff=0.000000
diff=1
expected=268920.236784
actual=268920.445960
diff=0.000000
diff=1
expected=268919.377876
actual=268920.445960
diff=1.000000
diff=0
[00;31mERROR: orio.main.tuner.ptest_driver: failed to execute the test code: "timeout --kill-after=30s --signal=9 20m  ./__orio_perftest116.exe  "
 --> CalledProcessError: Command 'timeout --kill-after=30s --signal=9 20m  ./__orio_perftest116.exe  ' returned non-zero exit status 1[00m
[00;31mERROR: orio.main.tuner.ptest_driver:  performance testing failed: "timeout --kill-after=30s --signal=9 20m  ./__orio_perftest116.exe  "[00m
expected=268920.186597
actual=268920.445960
diff=0.000000
diff=1
WARNING: orio.module.loop.submodule.tile.transformation: tile size 8 must be greater than the stride value 8; tile index = jjj
expected=268920.441386
actual=268920.445960
diff=0.000000
diff=1
expected=268920.067771
actual=268920.445960
diff=0.000000
diff=1
expected=268920.482116
actual=268920.445960
diff=0.000000
diff=1
WARNING: orio.module.loop.submodule.tile.transformation: tile size 16 must be greater than the stride value 16; tile index = iii
expected=268920.421477
actual=268920.445960
diff=0.000000
diff=1
WARNING: orio.module.loop.submodule.tile.transformation: tile size 128 must be greater than the stride value 128; tile index = jjj
expected=268920.321569
actual=268920.445960
diff=0.000000
diff=1
expected=268919.548064
actual=268920.445960
diff=0.000000
diff=1
expected=268920.209012
actual=268920.445960
diff=0.000000
diff=1
expected=268920.242992
actual=268920.445960
diff=0.000000
diff=1
WARNING: orio.module.loop.submodule.tile.transformation: tile size 2048 must be greater than the stride value 2048; tile index = jjj
expected=268920.470954
actual=268920.445960
diff=0.000000
diff=1
expected=268920.625749
actual=268920.445960
diff=0.000000
diff=1
expected=268920.373180
actual=268920.445960
diff=0.000000
diff=1
expected=268920.238106
actual=268920.445960
diff=0.000000
diff=1
WARNING: orio.module.loop.submodule.tile.transformation: tile size 16 must be greater than the stride value 16; tile index = jjj
expected=268920.194855
actual=268920.445960
diff=0.000000
diff=1
WARNING: orio.module.loop.submodule.tile.transformation: tile size 16 must be greater than the stride value 16; tile index = iii
expected=268920.420545
actual=268920.445960
diff=0.000000
diff=1
expected=268920.460078
actual=268920.445960
diff=0.000000
diff=1
expected=268920.518644
actual=268920.445960
diff=0.000000
diff=1
expected=268920.349757
actual=268920.445960
diff=0.000000
diff=1
WARNING: orio.module.loop.submodule.tile.transformation: tile size 2048 must be greater than the stride value 2048; tile index = jjj
expected=268920.554457
actual=268920.445960
diff=0.000000
diff=1
expected=268920.418189
actual=268920.445960
diff=0.000000
diff=1
WARNING: orio.module.loop.submodule.tile.transformation: tile size 256 must be greater than the stride value 256; tile index = iii
expected=268920.280302
actual=268920.445960
diff=0.000000
diff=1
WARNING: orio.module.loop.submodule.tile.transformation: tile size 2048 must be greater than the stride value 2048; tile index = iii
expected=268920.881168
actual=268920.445960
diff=0.000000
diff=1
WARNING: orio.module.loop.submodule.tile.transformation: tile size 256 must be greater than the stride value 256; tile index = jjj
expected=268920.284522
actual=268920.445960
diff=0.000000
diff=1
expected=268920.367879
actual=268920.445960
diff=0.000000
diff=1
