
expected=42200484007.538742
actual=145057485.810668
diff=-2147483648.000000
diff=1
expected=44819770709.319107
actual=145057485.810668
diff=-2147483648.000000
diff=1
expected=36952607980.247353
actual=145057485.810668
diff=-2147483648.000000
diff=1
WARNING: orio.module.loop.submodule.tile.transformation: tile size 256 must be greater than the stride value 256; tile index = iii
WARNING: orio.module.loop.submodule.tile.transformation: tile size 8 must be greater than the stride value 8; tile index = jjj
expected=44785811499.470467
actual=145057485.810668
diff=-2147483648.000000
diff=1
expected=32418341648.557594
actual=145057485.810668
diff=-2147483648.000000
diff=1
expected=43406604355.916641
actual=145057485.810668
diff=-2147483648.000000
diff=1
WARNING: orio.module.loop.submodule.tile.transformation: tile size 256 must be greater than the stride value 256; tile index = jjj
expected=36042851475.382469
actual=145057485.810668
diff=-2147483648.000000
diff=1
expected=35876302605.511215
actual=145057485.810668
diff=-2147483648.000000
diff=1
expected=15851638284.530546
actual=145057485.810668
diff=-2147483648.000000
diff=1
expected=145057485.810668
actual=145057485.810668
diff=0.000000
diff=1
expected=145057485.810668
actual=145057485.810668
diff=0.000000
diff=1
WARNING: orio.module.loop.submodule.tile.transformation: tile size 2048 must be greater than the stride value 2048; tile index = iii
expected=44307216023.335617
actual=145057485.810668
diff=-2147483648.000000
diff=1
expected=43288797227.734894
actual=145057485.810668
diff=-2147483648.000000
diff=1
WARNING: orio.module.loop.submodule.tile.transformation: tile size 1024 must be greater than the stride value 1024; tile index = iii
expected=145057485.810668
actual=145057485.810668
diff=0.000000
diff=1
expected=44666135177.199257
actual=145057485.810668
diff=-2147483648.000000
diff=1
WARNING: orio.module.loop.submodule.tile.transformation: tile size 2048 must be greater than the stride value 2048; tile index = iii
expected=30509075330.656471
actual=145057485.810668
diff=-2147483648.000000
diff=1
expected=44750140734.295074
actual=145057485.810668
diff=-2147483648.000000
diff=1
expected=44338717421.997200
actual=145057485.810668
diff=-2147483648.000000
diff=1
expected=44700473935.097496
actual=145057485.810668
diff=-2147483648.000000
diff=1
expected=44818254185.213898
actual=145057485.810668
diff=-2147483648.000000
diff=1
expected=44785438049.768669
actual=145057485.810668
diff=-2147483648.000000
diff=1
expected=44819391069.220276
actual=145057485.810668
diff=-2147483648.000000
diff=1
expected=44703690490.892387
actual=145057485.810668
diff=-2147483648.000000
diff=1
expected=44696261082.425850
actual=145057485.810668
diff=-2147483648.000000
diff=1
expected=33644392960.039684
actual=145057485.810668
diff=-2147483648.000000
diff=1
WARNING: orio.module.loop.submodule.tile.transformation: tile size 8 must be greater than the stride value 8; tile index = iii
expected=44783571097.469360
actual=145057485.810668
diff=-2147483648.000000
diff=1
expected=39265565382.066795
actual=145057485.810668
diff=-2147483648.000000
diff=1
expected=44824149438.482162
actual=145057485.810668
diff=-2147483648.000000
diff=1
expected=44808682192.848793
actual=145057485.810668
diff=-2147483648.000000
diff=1
expected=145057485.810668
actual=145057485.810668
diff=0.000000
diff=1
expected=145057485.810668
actual=145057485.810668
diff=0.000000
diff=1
expected=40384173831.907867
actual=145057485.810668
diff=-2147483648.000000
diff=1
expected=145057485.810668
actual=145057485.810668
diff=0.000000
diff=1
expected=145057485.810668
actual=145057485.810668
diff=0.000000
diff=1
expected=42333565932.076653
actual=145057485.810668
diff=-2147483648.000000
diff=1
expected=42333565932.076653
actual=145057485.810668
diff=-2147483648.000000
diff=1
expected=44835121205.312325
actual=145057485.810668
diff=-2147483648.000000
diff=1
expected=44345465750.692062
actual=145057485.810668
diff=-2147483648.000000
diff=1
expected=42333565932.076653
actual=145057485.810668
diff=-2147483648.000000
diff=1
expected=34379960921.365448
actual=145057485.810668
diff=-2147483648.000000
diff=1
expected=44696941977.949059
actual=145057485.810668
diff=-2147483648.000000
diff=1
expected=34379960921.365448
actual=145057485.810668
diff=-2147483648.000000
diff=1
expected=34379960921.365448
actual=145057485.810668
diff=-2147483648.000000
diff=1
expected=44345465750.692062
actual=145057485.810668
diff=-2147483648.000000
diff=1
expected=44696941977.949059
actual=145057485.810668
diff=-2147483648.000000
diff=1
expected=39266915130.459549
actual=145057485.810668
diff=-2147483648.000000
diff=1
expected=43744394477.219513
actual=145057485.810668
diff=-2147483648.000000
diff=1
expected=39266915130.459549
actual=145057485.810668
diff=-2147483648.000000
diff=1
expected=42333565932.076653
actual=145057485.810668
diff=-2147483648.000000
diff=1
expected=44696941977.949059
actual=145057485.810668
diff=-2147483648.000000
diff=1
expected=34379960921.365448
actual=145057485.810668
diff=-2147483648.000000
diff=1
expected=43744394477.219513
actual=145057485.810668
diff=-2147483648.000000
diff=1
expected=44696941977.949059
actual=145057485.810668
diff=-2147483648.000000
diff=1
expected=44838588735.893791
actual=145057485.810668
diff=-2147483648.000000
diff=1
expected=43744394477.219513
actual=145057485.810668
diff=-2147483648.000000
diff=1
expected=34379960921.365448
actual=145057485.810668
diff=-2147483648.000000
diff=1
expected=42333565932.076653
actual=145057485.810668
diff=-2147483648.000000
diff=1
expected=44345465750.692062
actual=145057485.810668
diff=-2147483648.000000
diff=1
expected=34379960921.365448
actual=145057485.810668
diff=-2147483648.000000
diff=1
expected=39266915130.459549
actual=145057485.810668
diff=-2147483648.000000
diff=1
expected=44696941977.949059
actual=145057485.810668
diff=-2147483648.000000
diff=1
expected=43744394477.219513
actual=145057485.810668
diff=-2147483648.000000
diff=1
expected=44830324506.308044
actual=145057485.810668
diff=-2147483648.000000
diff=1
expected=34379960921.365448
actual=145057485.810668
diff=-2147483648.000000
diff=1
expected=34379960921.365448
actual=145057485.810668
diff=-2147483648.000000
diff=1
expected=44345465750.692062
actual=145057485.810668
diff=-2147483648.000000
diff=1
expected=34379960921.365448
actual=145057485.810668
diff=-2147483648.000000
diff=1
expected=39266915130.459549
actual=145057485.810668
diff=-2147483648.000000
diff=1
expected=43744394477.219513
actual=145057485.810668
diff=-2147483648.000000
diff=1
expected=34379960921.365448
actual=145057485.810668
diff=-2147483648.000000
diff=1
expected=44345465750.692062
actual=145057485.810668
diff=-2147483648.000000
diff=1
expected=39266915130.459549
actual=145057485.810668
diff=-2147483648.000000
diff=1
expected=44696941977.949059
actual=145057485.810668
diff=-2147483648.000000
diff=1
expected=39266915130.459549
actual=145057485.810668
diff=-2147483648.000000
diff=1
